[2026-04-12T19:45:05.649+0000] {local_task_job_runner.py:123} INFO - ::group::Pre task execution logs
[2026-04-12T19:45:05.667+0000] {taskinstance.py:2613} INFO - Dependencies all met for dep_context=non-requeueable deps ti=<TaskInstance: stackoverflow_pipeline.gold_agg manual__2026-04-12T19:38:33+00:00 [queued]>
[2026-04-12T19:45:05.676+0000] {taskinstance.py:2613} INFO - Dependencies all met for dep_context=requeueable deps ti=<TaskInstance: stackoverflow_pipeline.gold_agg manual__2026-04-12T19:38:33+00:00 [queued]>
[2026-04-12T19:45:05.677+0000] {taskinstance.py:2866} INFO - Starting attempt 2 of 2
[2026-04-12T19:45:05.692+0000] {taskinstance.py:2889} INFO - Executing <Task(BashOperator): gold_agg> on 2026-04-12 19:38:33+00:00
[2026-04-12T19:45:05.699+0000] {warnings.py:112} WARNING - /home/***/.local/lib/python3.12/site-packages/***/task/task_runner/standard_task_runner.py:70: DeprecationWarning: This process (pid=8442) is multi-threaded, use of fork() may lead to deadlocks in the child.
  pid = os.fork()

[2026-04-12T19:45:05.702+0000] {standard_task_runner.py:72} INFO - Started process 8443 to run task
[2026-04-12T19:45:05.701+0000] {standard_task_runner.py:104} INFO - Running: ['***', 'tasks', 'run', 'stackoverflow_pipeline', 'gold_agg', 'manual__2026-04-12T19:38:33+00:00', '--job-id', '38', '--raw', '--subdir', 'DAGS_FOLDER/stackoverflow_pipeline.py', '--cfg-path', '/tmp/tmp9fcmnhke']
[2026-04-12T19:45:05.703+0000] {standard_task_runner.py:105} INFO - Job 38: Subtask gold_agg
[2026-04-12T19:45:05.746+0000] {task_command.py:467} INFO - Running <TaskInstance: stackoverflow_pipeline.gold_agg manual__2026-04-12T19:38:33+00:00 [running]> on host b4737cc55adb
[2026-04-12T19:45:05.817+0000] {taskinstance.py:3132} INFO - Exporting env vars: AIRFLOW_CTX_DAG_OWNER='fhbd-grupo' AIRFLOW_CTX_DAG_ID='stackoverflow_pipeline' AIRFLOW_CTX_TASK_ID='gold_agg' AIRFLOW_CTX_EXECUTION_DATE='2026-04-12T19:38:33+00:00' AIRFLOW_CTX_TRY_NUMBER='2' AIRFLOW_CTX_DAG_RUN_ID='manual__2026-04-12T19:38:33+00:00'
[2026-04-12T19:45:05.818+0000] {taskinstance.py:731} INFO - ::endgroup::
[2026-04-12T19:45:05.837+0000] {subprocess.py:78} INFO - Tmp dir root location: /tmp
[2026-04-12T19:45:05.839+0000] {subprocess.py:88} INFO - Running command: ['/usr/bin/bash', '-c', '/opt/spark/bin/spark-submit --master spark://spark-master:7077 --conf spark.submit.deployMode=client --conf spark.driver.bindAddress=0.0.0.0 --conf spark.executor.instances=1 --conf spark.executor.cores=2 --conf spark.executor.memory=2g --conf spark.driver.memory=1g --conf spark.sql.extensions=org.apache.iceberg.spark.extensions.IcebergSparkSessionExtensions,org.projectnessie.spark.extensions.NessieSparkSessionExtensions --conf spark.sql.catalog.nessie=org.apache.iceberg.spark.SparkCatalog --conf spark.sql.catalog.nessie.catalog-impl=org.apache.iceberg.nessie.NessieCatalog --conf spark.sql.catalog.nessie.uri=http://proyecto2-nessie:19120/api/v1 --conf spark.sql.catalog.nessie.ref=main --conf spark.sql.catalog.nessie.authentication.type=NONE --conf spark.sql.catalog.nessie.warehouse=s3a://iceberg/ --conf spark.hadoop.fs.s3a.endpoint=http://proyecto2-minio:9000 --conf spark.hadoop.fs.s3a.access.key=minioadmin --conf spark.hadoop.fs.s3a.secret.key=minioadmin123 --conf spark.hadoop.fs.s3a.path.style.access=true --conf spark.hadoop.fs.s3a.impl=org.apache.hadoop.fs.s3a.S3AFileSystem --conf spark.hadoop.fs.s3a.aws.credentials.provider=org.apache.hadoop.fs.s3a.SimpleAWSCredentialsProvider --conf spark.hadoop.fs.s3a.connection.ssl.enabled=false --packages org.apache.iceberg:iceberg-spark-runtime-3.5_2.12:1.6.1,org.projectnessie.nessie-integrations:nessie-spark-extensions-3.5_2.12:0.95.0,org.apache.hadoop:hadoop-aws:3.3.4,com.amazonaws:aws-java-sdk-bundle:1.12.262 --name gold_cant_post_x_user_hist --verbose /opt/***/scripts/gold_agg.py']
[2026-04-12T19:45:05.850+0000] {subprocess.py:99} INFO - Output:
[2026-04-12T19:45:05.861+0000] {subprocess.py:106} INFO - /opt/spark/bin/load-spark-env.sh: line 68: ps: command not found
[2026-04-12T19:45:07.116+0000] {subprocess.py:106} INFO - Using properties file: null
[2026-04-12T19:45:07.226+0000] {subprocess.py:106} INFO - Parsed arguments:
[2026-04-12T19:45:07.227+0000] {subprocess.py:106} INFO -   master                  spark://spark-master:7077
[2026-04-12T19:45:07.228+0000] {subprocess.py:106} INFO -   remote                  null
[2026-04-12T19:45:07.229+0000] {subprocess.py:106} INFO -   deployMode              client
[2026-04-12T19:45:07.230+0000] {subprocess.py:106} INFO -   executorMemory          2g
[2026-04-12T19:45:07.231+0000] {subprocess.py:106} INFO -   executorCores           2
[2026-04-12T19:45:07.232+0000] {subprocess.py:106} INFO -   totalExecutorCores      null
[2026-04-12T19:45:07.233+0000] {subprocess.py:106} INFO -   propertiesFile          null
[2026-04-12T19:45:07.233+0000] {subprocess.py:106} INFO -   driverMemory            1g
[2026-04-12T19:45:07.234+0000] {subprocess.py:106} INFO -   driverCores             null
[2026-04-12T19:45:07.235+0000] {subprocess.py:106} INFO -   driverExtraClassPath    null
[2026-04-12T19:45:07.235+0000] {subprocess.py:106} INFO -   driverExtraLibraryPath  null
[2026-04-12T19:45:07.236+0000] {subprocess.py:106} INFO -   driverExtraJavaOptions  null
[2026-04-12T19:45:07.237+0000] {subprocess.py:106} INFO -   supervise               false
[2026-04-12T19:45:07.238+0000] {subprocess.py:106} INFO -   queue                   null
[2026-04-12T19:45:07.239+0000] {subprocess.py:106} INFO -   numExecutors            1
[2026-04-12T19:45:07.239+0000] {subprocess.py:106} INFO -   files                   null
[2026-04-12T19:45:07.240+0000] {subprocess.py:106} INFO -   pyFiles                 null
[2026-04-12T19:45:07.241+0000] {subprocess.py:106} INFO -   archives                null
[2026-04-12T19:45:07.242+0000] {subprocess.py:106} INFO -   mainClass               null
[2026-04-12T19:45:07.243+0000] {subprocess.py:106} INFO -   primaryResource         file:/opt/***/scripts/gold_agg.py
[2026-04-12T19:45:07.244+0000] {subprocess.py:106} INFO -   name                    gold_cant_post_x_user_hist
[2026-04-12T19:45:07.245+0000] {subprocess.py:106} INFO -   childArgs               []
[2026-04-12T19:45:07.246+0000] {subprocess.py:106} INFO -   jars                    null
[2026-04-12T19:45:07.247+0000] {subprocess.py:106} INFO -   packages                org.apache.iceberg:iceberg-spark-runtime-3.5_2.12:1.6.1,org.projectnessie.nessie-integrations:nessie-spark-extensions-3.5_2.12:0.95.0,org.apache.hadoop:hadoop-aws:3.3.4,com.amazonaws:aws-java-sdk-bundle:1.12.262
[2026-04-12T19:45:07.248+0000] {subprocess.py:106} INFO -   packagesExclusions      null
[2026-04-12T19:45:07.249+0000] {subprocess.py:106} INFO -   repositories            null
[2026-04-12T19:45:07.250+0000] {subprocess.py:106} INFO -   verbose                 true
[2026-04-12T19:45:07.250+0000] {subprocess.py:106} INFO - 
[2026-04-12T19:45:07.251+0000] {subprocess.py:106} INFO - Spark properties used, including those specified through
[2026-04-12T19:45:07.252+0000] {subprocess.py:106} INFO -  --conf and those from the properties file null:
[2026-04-12T19:45:07.253+0000] {subprocess.py:106} INFO -   (spark.driver.bindAddress,0.0.0.0)
[2026-04-12T19:45:07.254+0000] {subprocess.py:106} INFO -   (spark.driver.memory,1g)
[2026-04-12T19:45:07.255+0000] {subprocess.py:106} INFO -   (spark.executor.cores,2)
[2026-04-12T19:45:07.255+0000] {subprocess.py:106} INFO -   (spark.executor.instances,1)
[2026-04-12T19:45:07.256+0000] {subprocess.py:106} INFO -   (spark.executor.memory,2g)
[2026-04-12T19:45:07.257+0000] {subprocess.py:106} INFO -   (spark.hadoop.fs.s3a.access.key,*********(redacted))
[2026-04-12T19:45:07.257+0000] {subprocess.py:106} INFO -   (spark.hadoop.fs.s3a.aws.credentials.provider,org.apache.hadoop.fs.s3a.SimpleAWSCredentialsProvider)
[2026-04-12T19:45:07.258+0000] {subprocess.py:106} INFO -   (spark.hadoop.fs.s3a.connection.ssl.enabled,false)
[2026-04-12T19:45:07.259+0000] {subprocess.py:106} INFO -   (spark.hadoop.fs.s3a.endpoint,http://proyecto2-minio:9000)
[2026-04-12T19:45:07.260+0000] {subprocess.py:106} INFO -   (spark.hadoop.fs.s3a.impl,org.apache.hadoop.fs.s3a.S3AFileSystem)
[2026-04-12T19:45:07.261+0000] {subprocess.py:106} INFO -   (spark.hadoop.fs.s3a.path.style.access,true)
[2026-04-12T19:45:07.261+0000] {subprocess.py:106} INFO -   (spark.hadoop.fs.s3a.secret.key,*********(redacted))
[2026-04-12T19:45:07.262+0000] {subprocess.py:106} INFO -   (spark.sql.catalog.nessie,org.apache.iceberg.spark.SparkCatalog)
[2026-04-12T19:45:07.262+0000] {subprocess.py:106} INFO -   (spark.sql.catalog.nessie.authentication.type,NONE)
[2026-04-12T19:45:07.263+0000] {subprocess.py:106} INFO -   (spark.sql.catalog.nessie.catalog-impl,org.apache.iceberg.nessie.NessieCatalog)
[2026-04-12T19:45:07.263+0000] {subprocess.py:106} INFO -   (spark.sql.catalog.nessie.ref,main)
[2026-04-12T19:45:07.264+0000] {subprocess.py:106} INFO -   (spark.sql.catalog.nessie.uri,http://proyecto2-nessie:19120/api/v1)
[2026-04-12T19:45:07.265+0000] {subprocess.py:106} INFO -   (spark.sql.catalog.nessie.warehouse,s3a://iceberg/)
[2026-04-12T19:45:07.266+0000] {subprocess.py:106} INFO -   (spark.sql.extensions,org.apache.iceberg.spark.extensions.IcebergSparkSessionExtensions,org.projectnessie.spark.extensions.NessieSparkSessionExtensions)
[2026-04-12T19:45:07.266+0000] {subprocess.py:106} INFO -   (spark.submit.deployMode,client)
[2026-04-12T19:45:07.267+0000] {subprocess.py:106} INFO - 
[2026-04-12T19:45:07.267+0000] {subprocess.py:106} INFO - 
[2026-04-12T19:45:07.365+0000] {subprocess.py:106} INFO - :: loading settings :: url = jar:file:/opt/spark/jars/ivy-2.5.1.jar!/org/apache/ivy/core/settings/ivysettings.xml
[2026-04-12T19:45:07.441+0000] {subprocess.py:106} INFO - Ivy Default Cache set to: /home/***/.ivy2/cache
[2026-04-12T19:45:07.442+0000] {subprocess.py:106} INFO - The jars for the packages stored in: /home/***/.ivy2/jars
[2026-04-12T19:45:07.448+0000] {subprocess.py:106} INFO - org.apache.iceberg#iceberg-spark-runtime-3.5_2.12 added as a dependency
[2026-04-12T19:45:07.449+0000] {subprocess.py:106} INFO - org.projectnessie.nessie-integrations#nessie-spark-extensions-3.5_2.12 added as a dependency
[2026-04-12T19:45:07.450+0000] {subprocess.py:106} INFO - org.apache.hadoop#hadoop-aws added as a dependency
[2026-04-12T19:45:07.451+0000] {subprocess.py:106} INFO - com.amazonaws#aws-java-sdk-bundle added as a dependency
[2026-04-12T19:45:07.451+0000] {subprocess.py:106} INFO - :: resolving dependencies :: org.apache.spark#spark-submit-parent-74bc3424-c1c3-4c92-a8cc-6f064ea1b6ab;1.0
[2026-04-12T19:45:07.452+0000] {subprocess.py:106} INFO - 	confs: [default]
[2026-04-12T19:45:07.579+0000] {subprocess.py:106} INFO - 	found org.apache.iceberg#iceberg-spark-runtime-3.5_2.12;1.6.1 in central
[2026-04-12T19:45:07.608+0000] {subprocess.py:106} INFO - 	found org.projectnessie.nessie-integrations#nessie-spark-extensions-3.5_2.12;0.95.0 in central
[2026-04-12T19:45:07.671+0000] {subprocess.py:106} INFO - 	found org.apache.hadoop#hadoop-aws;3.3.4 in central
[2026-04-12T19:45:07.693+0000] {subprocess.py:106} INFO - 	found com.amazonaws#aws-java-sdk-bundle;1.12.262 in central
[2026-04-12T19:45:07.719+0000] {subprocess.py:106} INFO - 	found org.wildfly.openssl#wildfly-openssl;1.0.7.Final in central
[2026-04-12T19:45:07.761+0000] {subprocess.py:106} INFO - :: resolution report :: resolve 286ms :: artifacts dl 25ms
[2026-04-12T19:45:07.763+0000] {subprocess.py:106} INFO - 	:: modules in use:
[2026-04-12T19:45:07.765+0000] {subprocess.py:106} INFO - 	com.amazonaws#aws-java-sdk-bundle;1.12.262 from central in [default]
[2026-04-12T19:45:07.766+0000] {subprocess.py:106} INFO - 	org.apache.hadoop#hadoop-aws;3.3.4 from central in [default]
[2026-04-12T19:45:07.767+0000] {subprocess.py:106} INFO - 	org.apache.iceberg#iceberg-spark-runtime-3.5_2.12;1.6.1 from central in [default]
[2026-04-12T19:45:07.768+0000] {subprocess.py:106} INFO - 	org.projectnessie.nessie-integrations#nessie-spark-extensions-3.5_2.12;0.95.0 from central in [default]
[2026-04-12T19:45:07.769+0000] {subprocess.py:106} INFO - 	org.wildfly.openssl#wildfly-openssl;1.0.7.Final from central in [default]
[2026-04-12T19:45:07.770+0000] {subprocess.py:106} INFO - 	---------------------------------------------------------------------
[2026-04-12T19:45:07.772+0000] {subprocess.py:106} INFO - 	|                  |            modules            ||   artifacts   |
[2026-04-12T19:45:07.773+0000] {subprocess.py:106} INFO - 	|       conf       | number| search|dwnlded|evicted|| number|dwnlded|
[2026-04-12T19:45:07.774+0000] {subprocess.py:106} INFO - 	---------------------------------------------------------------------
[2026-04-12T19:45:07.775+0000] {subprocess.py:106} INFO - 	|      default     |   5   |   0   |   0   |   0   ||   5   |   0   |
[2026-04-12T19:45:07.777+0000] {subprocess.py:106} INFO - 	---------------------------------------------------------------------
[2026-04-12T19:45:07.778+0000] {subprocess.py:106} INFO - :: retrieving :: org.apache.spark#spark-submit-parent-74bc3424-c1c3-4c92-a8cc-6f064ea1b6ab
[2026-04-12T19:45:07.779+0000] {subprocess.py:106} INFO - 	confs: [default]
[2026-04-12T19:45:07.785+0000] {subprocess.py:106} INFO - 	0 artifacts copied, 5 already retrieved (0kB/15ms)
[2026-04-12T19:45:07.972+0000] {subprocess.py:106} INFO - 26/04/12 19:45:07 WARN NativeCodeLoader: Unable to load native-hadoop library for your platform... using builtin-java classes where applicable
[2026-04-12T19:45:08.206+0000] {subprocess.py:106} INFO - Main class:
[2026-04-12T19:45:08.207+0000] {subprocess.py:106} INFO - org.apache.spark.deploy.PythonRunner
[2026-04-12T19:45:08.208+0000] {subprocess.py:106} INFO - Arguments:
[2026-04-12T19:45:08.209+0000] {subprocess.py:106} INFO - file:/opt/***/scripts/gold_agg.py
[2026-04-12T19:45:08.210+0000] {subprocess.py:106} INFO - file:///home/***/.ivy2/jars/org.apache.iceberg_iceberg-spark-runtime-3.5_2.12-1.6.1.jar,file:///home/***/.ivy2/jars/org.projectnessie.nessie-integrations_nessie-spark-extensions-3.5_2.12-0.95.0.jar,file:///home/***/.ivy2/jars/org.apache.hadoop_hadoop-aws-3.3.4.jar,file:///home/***/.ivy2/jars/com.amazonaws_aws-java-sdk-bundle-1.12.262.jar,file:///home/***/.ivy2/jars/org.wildfly.openssl_wildfly-openssl-1.0.7.Final.jar
[2026-04-12T19:45:08.211+0000] {subprocess.py:106} INFO - Spark config:
[2026-04-12T19:45:08.212+0000] {subprocess.py:106} INFO - (spark.app.name,gold_cant_post_x_user_hist)
[2026-04-12T19:45:08.213+0000] {subprocess.py:106} INFO - (spark.app.submitTime,1776023108187)
[2026-04-12T19:45:08.214+0000] {subprocess.py:106} INFO - (spark.driver.bindAddress,0.0.0.0)
[2026-04-12T19:45:08.215+0000] {subprocess.py:106} INFO - (spark.driver.memory,1g)
[2026-04-12T19:45:08.216+0000] {subprocess.py:106} INFO - (spark.executor.cores,2)
[2026-04-12T19:45:08.219+0000] {subprocess.py:106} INFO - (spark.executor.instances,1)
[2026-04-12T19:45:08.220+0000] {subprocess.py:106} INFO - (spark.executor.memory,2g)
[2026-04-12T19:45:08.220+0000] {subprocess.py:106} INFO - (spark.files,file:///home/***/.ivy2/jars/org.apache.iceberg_iceberg-spark-runtime-3.5_2.12-1.6.1.jar,file:///home/***/.ivy2/jars/org.projectnessie.nessie-integrations_nessie-spark-extensions-3.5_2.12-0.95.0.jar,file:///home/***/.ivy2/jars/org.apache.hadoop_hadoop-aws-3.3.4.jar,file:///home/***/.ivy2/jars/com.amazonaws_aws-java-sdk-bundle-1.12.262.jar,file:///home/***/.ivy2/jars/org.wildfly.openssl_wildfly-openssl-1.0.7.Final.jar)
[2026-04-12T19:45:08.221+0000] {subprocess.py:106} INFO - (spark.hadoop.fs.s3a.access.key,*********(redacted))
[2026-04-12T19:45:08.222+0000] {subprocess.py:106} INFO - (spark.hadoop.fs.s3a.aws.credentials.provider,org.apache.hadoop.fs.s3a.SimpleAWSCredentialsProvider)
[2026-04-12T19:45:08.223+0000] {subprocess.py:106} INFO - (spark.hadoop.fs.s3a.connection.ssl.enabled,false)
[2026-04-12T19:45:08.224+0000] {subprocess.py:106} INFO - (spark.hadoop.fs.s3a.endpoint,http://proyecto2-minio:9000)
[2026-04-12T19:45:08.226+0000] {subprocess.py:106} INFO - (spark.hadoop.fs.s3a.impl,org.apache.hadoop.fs.s3a.S3AFileSystem)
[2026-04-12T19:45:08.227+0000] {subprocess.py:106} INFO - (spark.hadoop.fs.s3a.path.style.access,true)
[2026-04-12T19:45:08.228+0000] {subprocess.py:106} INFO - (spark.hadoop.fs.s3a.secret.key,*********(redacted))
[2026-04-12T19:45:08.229+0000] {subprocess.py:106} INFO - (spark.jars,file:///home/***/.ivy2/jars/org.apache.iceberg_iceberg-spark-runtime-3.5_2.12-1.6.1.jar,file:///home/***/.ivy2/jars/org.projectnessie.nessie-integrations_nessie-spark-extensions-3.5_2.12-0.95.0.jar,file:///home/***/.ivy2/jars/org.apache.hadoop_hadoop-aws-3.3.4.jar,file:///home/***/.ivy2/jars/com.amazonaws_aws-java-sdk-bundle-1.12.262.jar,file:///home/***/.ivy2/jars/org.wildfly.openssl_wildfly-openssl-1.0.7.Final.jar)
[2026-04-12T19:45:08.230+0000] {subprocess.py:106} INFO - (spark.master,spark://spark-master:7077)
[2026-04-12T19:45:08.231+0000] {subprocess.py:106} INFO - (spark.repl.local.jars,file:///home/***/.ivy2/jars/org.apache.iceberg_iceberg-spark-runtime-3.5_2.12-1.6.1.jar,file:///home/***/.ivy2/jars/org.projectnessie.nessie-integrations_nessie-spark-extensions-3.5_2.12-0.95.0.jar,file:///home/***/.ivy2/jars/org.apache.hadoop_hadoop-aws-3.3.4.jar,file:///home/***/.ivy2/jars/com.amazonaws_aws-java-sdk-bundle-1.12.262.jar,file:///home/***/.ivy2/jars/org.wildfly.openssl_wildfly-openssl-1.0.7.Final.jar)
[2026-04-12T19:45:08.232+0000] {subprocess.py:106} INFO - (spark.sql.catalog.nessie,org.apache.iceberg.spark.SparkCatalog)
[2026-04-12T19:45:08.233+0000] {subprocess.py:106} INFO - (spark.sql.catalog.nessie.authentication.type,NONE)
[2026-04-12T19:45:08.234+0000] {subprocess.py:106} INFO - (spark.sql.catalog.nessie.catalog-impl,org.apache.iceberg.nessie.NessieCatalog)
[2026-04-12T19:45:08.235+0000] {subprocess.py:106} INFO - (spark.sql.catalog.nessie.ref,main)
[2026-04-12T19:45:08.235+0000] {subprocess.py:106} INFO - (spark.sql.catalog.nessie.uri,http://proyecto2-nessie:19120/api/v1)
[2026-04-12T19:45:08.236+0000] {subprocess.py:106} INFO - (spark.sql.catalog.nessie.warehouse,s3a://iceberg/)
[2026-04-12T19:45:08.237+0000] {subprocess.py:106} INFO - (spark.sql.extensions,org.apache.iceberg.spark.extensions.IcebergSparkSessionExtensions,org.projectnessie.spark.extensions.NessieSparkSessionExtensions)
[2026-04-12T19:45:08.238+0000] {subprocess.py:106} INFO - (spark.submit.deployMode,client)
[2026-04-12T19:45:08.238+0000] {subprocess.py:106} INFO - (spark.submit.pyFiles,/home/***/.ivy2/jars/org.apache.iceberg_iceberg-spark-runtime-3.5_2.12-1.6.1.jar,/home/***/.ivy2/jars/org.projectnessie.nessie-integrations_nessie-spark-extensions-3.5_2.12-0.95.0.jar,/home/***/.ivy2/jars/org.apache.hadoop_hadoop-aws-3.3.4.jar,/home/***/.ivy2/jars/com.amazonaws_aws-java-sdk-bundle-1.12.262.jar,/home/***/.ivy2/jars/org.wildfly.openssl_wildfly-openssl-1.0.7.Final.jar)
[2026-04-12T19:45:08.239+0000] {subprocess.py:106} INFO - Classpath elements:
[2026-04-12T19:45:08.240+0000] {subprocess.py:106} INFO - file:///home/***/.ivy2/jars/org.apache.iceberg_iceberg-spark-runtime-3.5_2.12-1.6.1.jar
[2026-04-12T19:45:08.240+0000] {subprocess.py:106} INFO - file:///home/***/.ivy2/jars/org.projectnessie.nessie-integrations_nessie-spark-extensions-3.5_2.12-0.95.0.jar
[2026-04-12T19:45:08.241+0000] {subprocess.py:106} INFO - file:///home/***/.ivy2/jars/org.apache.hadoop_hadoop-aws-3.3.4.jar
[2026-04-12T19:45:08.242+0000] {subprocess.py:106} INFO - file:///home/***/.ivy2/jars/com.amazonaws_aws-java-sdk-bundle-1.12.262.jar
[2026-04-12T19:45:08.243+0000] {subprocess.py:106} INFO - file:///home/***/.ivy2/jars/org.wildfly.openssl_wildfly-openssl-1.0.7.Final.jar
[2026-04-12T19:45:08.244+0000] {subprocess.py:106} INFO - 
[2026-04-12T19:45:08.244+0000] {subprocess.py:106} INFO - 
[2026-04-12T19:45:08.756+0000] {subprocess.py:106} INFO - 2026-04-12 19:45:08,755 INFO ============================================================
[2026-04-12T19:45:08.756+0000] {subprocess.py:106} INFO - 2026-04-12 19:45:08,755 INFO GOLD AGG — cant_post_x_user_hist ★
[2026-04-12T19:45:08.757+0000] {subprocess.py:106} INFO - 2026-04-12 19:45:08,755 INFO Fuentes: nessie.silver.post_hist + nessie.silver.users_hist
[2026-04-12T19:45:08.758+0000] {subprocess.py:106} INFO - 2026-04-12 19:45:08,755 INFO ============================================================
[2026-04-12T19:45:08.904+0000] {subprocess.py:106} INFO - 26/04/12 19:45:08 INFO SparkContext: Running Spark version 3.5.5
[2026-04-12T19:45:08.906+0000] {subprocess.py:106} INFO - 26/04/12 19:45:08 INFO SparkContext: OS info Linux, 6.6.87.2-microsoft-standard-WSL2, amd64
[2026-04-12T19:45:08.907+0000] {subprocess.py:106} INFO - 26/04/12 19:45:08 INFO SparkContext: Java version 17.0.18
[2026-04-12T19:45:08.935+0000] {subprocess.py:106} INFO - 26/04/12 19:45:08 INFO ResourceUtils: ==============================================================
[2026-04-12T19:45:08.938+0000] {subprocess.py:106} INFO - 26/04/12 19:45:08 INFO ResourceUtils: No custom resources configured for spark.driver.
[2026-04-12T19:45:08.940+0000] {subprocess.py:106} INFO - 26/04/12 19:45:08 INFO ResourceUtils: ==============================================================
[2026-04-12T19:45:08.941+0000] {subprocess.py:106} INFO - 26/04/12 19:45:08 INFO SparkContext: Submitted application: gold_agg
[2026-04-12T19:45:08.966+0000] {subprocess.py:106} INFO - 26/04/12 19:45:08 INFO ResourceProfile: Default ResourceProfile created, executor resources: Map(cores -> name: cores, amount: 2, script: , vendor: , memory -> name: memory, amount: 2048, script: , vendor: , offHeap -> name: offHeap, amount: 0, script: , vendor: ), task resources: Map(cpus -> name: cpus, amount: 1.0)
[2026-04-12T19:45:08.977+0000] {subprocess.py:106} INFO - 26/04/12 19:45:08 INFO ResourceProfile: Limiting resource is cpus at 2 tasks per executor
[2026-04-12T19:45:08.981+0000] {subprocess.py:106} INFO - 26/04/12 19:45:08 INFO ResourceProfileManager: Added ResourceProfile id: 0
[2026-04-12T19:45:09.044+0000] {subprocess.py:106} INFO - 26/04/12 19:45:09 INFO SecurityManager: Changing view acls to: ***
[2026-04-12T19:45:09.045+0000] {subprocess.py:106} INFO - 26/04/12 19:45:09 INFO SecurityManager: Changing modify acls to: ***
[2026-04-12T19:45:09.047+0000] {subprocess.py:106} INFO - 26/04/12 19:45:09 INFO SecurityManager: Changing view acls groups to:
[2026-04-12T19:45:09.049+0000] {subprocess.py:106} INFO - 26/04/12 19:45:09 INFO SecurityManager: Changing modify acls groups to:
[2026-04-12T19:45:09.051+0000] {subprocess.py:106} INFO - 26/04/12 19:45:09 INFO SecurityManager: SecurityManager: authentication disabled; ui acls disabled; users with view permissions: ***; groups with view permissions: EMPTY; users with modify permissions: ***; groups with modify permissions: EMPTY
[2026-04-12T19:45:09.246+0000] {subprocess.py:106} INFO - 26/04/12 19:45:09 INFO Utils: Successfully started service 'sparkDriver' on port 44889.
[2026-04-12T19:45:09.275+0000] {subprocess.py:106} INFO - 26/04/12 19:45:09 INFO SparkEnv: Registering MapOutputTracker
[2026-04-12T19:45:09.317+0000] {subprocess.py:106} INFO - 26/04/12 19:45:09 INFO SparkEnv: Registering BlockManagerMaster
[2026-04-12T19:45:09.332+0000] {subprocess.py:106} INFO - 26/04/12 19:45:09 INFO BlockManagerMasterEndpoint: Using org.apache.spark.storage.DefaultTopologyMapper for getting topology information
[2026-04-12T19:45:09.333+0000] {subprocess.py:106} INFO - 26/04/12 19:45:09 INFO BlockManagerMasterEndpoint: BlockManagerMasterEndpoint up
[2026-04-12T19:45:09.337+0000] {subprocess.py:106} INFO - 26/04/12 19:45:09 INFO SparkEnv: Registering BlockManagerMasterHeartbeat
[2026-04-12T19:45:09.351+0000] {subprocess.py:106} INFO - 26/04/12 19:45:09 INFO DiskBlockManager: Created local directory at /tmp/blockmgr-3553a9a4-68d0-4905-8255-c1d5cffc0b1d
[2026-04-12T19:45:09.362+0000] {subprocess.py:106} INFO - 26/04/12 19:45:09 INFO MemoryStore: MemoryStore started with capacity 434.4 MiB
[2026-04-12T19:45:09.378+0000] {subprocess.py:106} INFO - 26/04/12 19:45:09 INFO SparkEnv: Registering OutputCommitCoordinator
[2026-04-12T19:45:09.499+0000] {subprocess.py:106} INFO - 26/04/12 19:45:09 INFO JettyUtils: Start Jetty 0.0.0.0:4040 for SparkUI
[2026-04-12T19:45:09.560+0000] {subprocess.py:106} INFO - 26/04/12 19:45:09 INFO Utils: Successfully started service 'SparkUI' on port 4040.
[2026-04-12T19:45:09.611+0000] {subprocess.py:106} INFO - 26/04/12 19:45:09 INFO SparkContext: Added JAR file:///home/***/.ivy2/jars/org.apache.iceberg_iceberg-spark-runtime-3.5_2.12-1.6.1.jar at spark://b4737cc55adb:44889/jars/org.apache.iceberg_iceberg-spark-runtime-3.5_2.12-1.6.1.jar with timestamp 1776023108897
[2026-04-12T19:45:09.612+0000] {subprocess.py:106} INFO - 26/04/12 19:45:09 INFO SparkContext: Added JAR file:///home/***/.ivy2/jars/org.projectnessie.nessie-integrations_nessie-spark-extensions-3.5_2.12-0.95.0.jar at spark://b4737cc55adb:44889/jars/org.projectnessie.nessie-integrations_nessie-spark-extensions-3.5_2.12-0.95.0.jar with timestamp 1776023108897
[2026-04-12T19:45:09.613+0000] {subprocess.py:106} INFO - 26/04/12 19:45:09 INFO SparkContext: Added JAR file:///home/***/.ivy2/jars/org.apache.hadoop_hadoop-aws-3.3.4.jar at spark://b4737cc55adb:44889/jars/org.apache.hadoop_hadoop-aws-3.3.4.jar with timestamp 1776023108897
[2026-04-12T19:45:09.614+0000] {subprocess.py:106} INFO - 26/04/12 19:45:09 INFO SparkContext: Added JAR file:///home/***/.ivy2/jars/com.amazonaws_aws-java-sdk-bundle-1.12.262.jar at spark://b4737cc55adb:44889/jars/com.amazonaws_aws-java-sdk-bundle-1.12.262.jar with timestamp 1776023108897
[2026-04-12T19:45:09.618+0000] {subprocess.py:106} INFO - 26/04/12 19:45:09 INFO SparkContext: Added JAR file:///home/***/.ivy2/jars/org.wildfly.openssl_wildfly-openssl-1.0.7.Final.jar at spark://b4737cc55adb:44889/jars/org.wildfly.openssl_wildfly-openssl-1.0.7.Final.jar with timestamp 1776023108897
[2026-04-12T19:45:09.622+0000] {subprocess.py:106} INFO - 26/04/12 19:45:09 INFO SparkContext: Added file file:///home/***/.ivy2/jars/org.apache.iceberg_iceberg-spark-runtime-3.5_2.12-1.6.1.jar at spark://b4737cc55adb:44889/files/org.apache.iceberg_iceberg-spark-runtime-3.5_2.12-1.6.1.jar with timestamp 1776023108897
[2026-04-12T19:45:09.623+0000] {subprocess.py:106} INFO - 26/04/12 19:45:09 INFO Utils: Copying /home/***/.ivy2/jars/org.apache.iceberg_iceberg-spark-runtime-3.5_2.12-1.6.1.jar to /tmp/spark-4a925f15-260e-42df-8d8d-798a0434f93a/userFiles-03cf5310-a00e-4e44-9cc9-f303e5ff3aca/org.apache.iceberg_iceberg-spark-runtime-3.5_2.12-1.6.1.jar
[2026-04-12T19:45:09.651+0000] {subprocess.py:106} INFO - 26/04/12 19:45:09 INFO SparkContext: Added file file:///home/***/.ivy2/jars/org.projectnessie.nessie-integrations_nessie-spark-extensions-3.5_2.12-0.95.0.jar at spark://b4737cc55adb:44889/files/org.projectnessie.nessie-integrations_nessie-spark-extensions-3.5_2.12-0.95.0.jar with timestamp 1776023108897
[2026-04-12T19:45:09.652+0000] {subprocess.py:106} INFO - 26/04/12 19:45:09 INFO Utils: Copying /home/***/.ivy2/jars/org.projectnessie.nessie-integrations_nessie-spark-extensions-3.5_2.12-0.95.0.jar to /tmp/spark-4a925f15-260e-42df-8d8d-798a0434f93a/userFiles-03cf5310-a00e-4e44-9cc9-f303e5ff3aca/org.projectnessie.nessie-integrations_nessie-spark-extensions-3.5_2.12-0.95.0.jar
[2026-04-12T19:45:09.656+0000] {subprocess.py:106} INFO - 26/04/12 19:45:09 INFO SparkContext: Added file file:///home/***/.ivy2/jars/org.apache.hadoop_hadoop-aws-3.3.4.jar at spark://b4737cc55adb:44889/files/org.apache.hadoop_hadoop-aws-3.3.4.jar with timestamp 1776023108897
[2026-04-12T19:45:09.657+0000] {subprocess.py:106} INFO - 26/04/12 19:45:09 INFO Utils: Copying /home/***/.ivy2/jars/org.apache.hadoop_hadoop-aws-3.3.4.jar to /tmp/spark-4a925f15-260e-42df-8d8d-798a0434f93a/userFiles-03cf5310-a00e-4e44-9cc9-f303e5ff3aca/org.apache.hadoop_hadoop-aws-3.3.4.jar
[2026-04-12T19:45:09.660+0000] {subprocess.py:106} INFO - 26/04/12 19:45:09 INFO SparkContext: Added file file:///home/***/.ivy2/jars/com.amazonaws_aws-java-sdk-bundle-1.12.262.jar at spark://b4737cc55adb:44889/files/com.amazonaws_aws-java-sdk-bundle-1.12.262.jar with timestamp 1776023108897
[2026-04-12T19:45:09.661+0000] {subprocess.py:106} INFO - 26/04/12 19:45:09 INFO Utils: Copying /home/***/.ivy2/jars/com.amazonaws_aws-java-sdk-bundle-1.12.262.jar to /tmp/spark-4a925f15-260e-42df-8d8d-798a0434f93a/userFiles-03cf5310-a00e-4e44-9cc9-f303e5ff3aca/com.amazonaws_aws-java-sdk-bundle-1.12.262.jar
[2026-04-12T19:45:09.806+0000] {subprocess.py:106} INFO - 26/04/12 19:45:09 INFO SparkContext: Added file file:///home/***/.ivy2/jars/org.wildfly.openssl_wildfly-openssl-1.0.7.Final.jar at spark://b4737cc55adb:44889/files/org.wildfly.openssl_wildfly-openssl-1.0.7.Final.jar with timestamp 1776023108897
[2026-04-12T19:45:09.807+0000] {subprocess.py:106} INFO - 26/04/12 19:45:09 INFO Utils: Copying /home/***/.ivy2/jars/org.wildfly.openssl_wildfly-openssl-1.0.7.Final.jar to /tmp/spark-4a925f15-260e-42df-8d8d-798a0434f93a/userFiles-03cf5310-a00e-4e44-9cc9-f303e5ff3aca/org.wildfly.openssl_wildfly-openssl-1.0.7.Final.jar
[2026-04-12T19:45:09.875+0000] {subprocess.py:106} INFO - 26/04/12 19:45:09 INFO StandaloneAppClient$ClientEndpoint: Connecting to master spark://spark-master:7077...
[2026-04-12T19:45:09.931+0000] {subprocess.py:106} INFO - 26/04/12 19:45:09 INFO TransportClientFactory: Successfully created connection to spark-master/172.18.0.7:7077 after 36 ms (0 ms spent in bootstraps)
[2026-04-12T19:45:09.998+0000] {subprocess.py:106} INFO - 26/04/12 19:45:09 INFO StandaloneSchedulerBackend: Connected to Spark cluster with app ID app-20260412194509-0026
[2026-04-12T19:45:10.002+0000] {subprocess.py:106} INFO - 26/04/12 19:45:10 INFO StandaloneAppClient$ClientEndpoint: Executor added: app-20260412194509-0026/0 on worker-20260412190304-172.18.0.8-33391 (172.18.0.8:33391) with 2 core(s)
[2026-04-12T19:45:10.005+0000] {subprocess.py:106} INFO - 26/04/12 19:45:10 INFO StandaloneSchedulerBackend: Granted executor ID app-20260412194509-0026/0 on hostPort 172.18.0.8:33391 with 2 core(s), 2.0 GiB RAM
[2026-04-12T19:45:10.007+0000] {subprocess.py:106} INFO - 26/04/12 19:45:10 INFO StandaloneAppClient$ClientEndpoint: Executor added: app-20260412194509-0026/1 on worker-20260412190304-172.18.0.8-33391 (172.18.0.8:33391) with 2 core(s)
[2026-04-12T19:45:10.009+0000] {subprocess.py:106} INFO - 26/04/12 19:45:10 INFO StandaloneSchedulerBackend: Granted executor ID app-20260412194509-0026/1 on hostPort 172.18.0.8:33391 with 2 core(s), 2.0 GiB RAM
[2026-04-12T19:45:10.010+0000] {subprocess.py:106} INFO - 26/04/12 19:45:10 INFO StandaloneAppClient$ClientEndpoint: Executor added: app-20260412194509-0026/2 on worker-20260412190304-172.18.0.8-33391 (172.18.0.8:33391) with 2 core(s)
[2026-04-12T19:45:10.012+0000] {subprocess.py:106} INFO - 26/04/12 19:45:10 INFO StandaloneSchedulerBackend: Granted executor ID app-20260412194509-0026/2 on hostPort 172.18.0.8:33391 with 2 core(s), 2.0 GiB RAM
[2026-04-12T19:45:10.013+0000] {subprocess.py:106} INFO - 26/04/12 19:45:10 INFO StandaloneAppClient$ClientEndpoint: Executor added: app-20260412194509-0026/3 on worker-20260412190304-172.18.0.8-33391 (172.18.0.8:33391) with 2 core(s)
[2026-04-12T19:45:10.014+0000] {subprocess.py:106} INFO - 26/04/12 19:45:10 INFO StandaloneSchedulerBackend: Granted executor ID app-20260412194509-0026/3 on hostPort 172.18.0.8:33391 with 2 core(s), 2.0 GiB RAM
[2026-04-12T19:45:10.015+0000] {subprocess.py:106} INFO - 26/04/12 19:45:10 INFO StandaloneAppClient$ClientEndpoint: Executor added: app-20260412194509-0026/4 on worker-20260412190304-172.18.0.8-33391 (172.18.0.8:33391) with 2 core(s)
[2026-04-12T19:45:10.016+0000] {subprocess.py:106} INFO - 26/04/12 19:45:10 INFO StandaloneSchedulerBackend: Granted executor ID app-20260412194509-0026/4 on hostPort 172.18.0.8:33391 with 2 core(s), 2.0 GiB RAM
[2026-04-12T19:45:10.017+0000] {subprocess.py:106} INFO - 26/04/12 19:45:10 INFO StandaloneAppClient$ClientEndpoint: Executor added: app-20260412194509-0026/5 on worker-20260412190304-172.18.0.8-33391 (172.18.0.8:33391) with 2 core(s)
[2026-04-12T19:45:10.018+0000] {subprocess.py:106} INFO - 26/04/12 19:45:10 INFO StandaloneSchedulerBackend: Granted executor ID app-20260412194509-0026/5 on hostPort 172.18.0.8:33391 with 2 core(s), 2.0 GiB RAM
[2026-04-12T19:45:10.019+0000] {subprocess.py:106} INFO - 26/04/12 19:45:10 INFO Utils: Successfully started service 'org.apache.spark.network.netty.NettyBlockTransferService' on port 40409.
[2026-04-12T19:45:10.020+0000] {subprocess.py:106} INFO - 26/04/12 19:45:10 INFO NettyBlockTransferService: Server created on b4737cc55adb 0.0.0.0:40409
[2026-04-12T19:45:10.021+0000] {subprocess.py:106} INFO - 26/04/12 19:45:10 INFO BlockManager: Using org.apache.spark.storage.RandomBlockReplicationPolicy for block replication policy
[2026-04-12T19:45:10.030+0000] {subprocess.py:106} INFO - 26/04/12 19:45:10 INFO BlockManagerMaster: Registering BlockManager BlockManagerId(driver, b4737cc55adb, 40409, None)
[2026-04-12T19:45:10.035+0000] {subprocess.py:106} INFO - 26/04/12 19:45:10 INFO BlockManagerMasterEndpoint: Registering block manager b4737cc55adb:40409 with 434.4 MiB RAM, BlockManagerId(driver, b4737cc55adb, 40409, None)
[2026-04-12T19:45:10.040+0000] {subprocess.py:106} INFO - 26/04/12 19:45:10 INFO BlockManagerMaster: Registered BlockManager BlockManagerId(driver, b4737cc55adb, 40409, None)
[2026-04-12T19:45:10.042+0000] {subprocess.py:106} INFO - 26/04/12 19:45:10 INFO BlockManager: Initialized BlockManager: BlockManagerId(driver, b4737cc55adb, 40409, None)
[2026-04-12T19:45:10.053+0000] {subprocess.py:106} INFO - 26/04/12 19:45:10 INFO StandaloneAppClient$ClientEndpoint: Executor updated: app-20260412194509-0026/0 is now RUNNING
[2026-04-12T19:45:10.055+0000] {subprocess.py:106} INFO - 26/04/12 19:45:10 INFO StandaloneAppClient$ClientEndpoint: Executor updated: app-20260412194509-0026/1 is now RUNNING
[2026-04-12T19:45:10.141+0000] {subprocess.py:106} INFO - 26/04/12 19:45:10 INFO StandaloneAppClient$ClientEndpoint: Executor updated: app-20260412194509-0026/5 is now RUNNING
[2026-04-12T19:45:10.157+0000] {subprocess.py:106} INFO - 26/04/12 19:45:10 INFO StandaloneAppClient$ClientEndpoint: Executor updated: app-20260412194509-0026/2 is now RUNNING
[2026-04-12T19:45:10.163+0000] {subprocess.py:106} INFO - 26/04/12 19:45:10 INFO StandaloneAppClient$ClientEndpoint: Executor updated: app-20260412194509-0026/4 is now RUNNING
[2026-04-12T19:45:10.180+0000] {subprocess.py:106} INFO - 26/04/12 19:45:10 INFO StandaloneAppClient$ClientEndpoint: Executor updated: app-20260412194509-0026/3 is now RUNNING
[2026-04-12T19:45:10.723+0000] {subprocess.py:106} INFO - 26/04/12 19:45:10 INFO StandaloneSchedulerBackend: SchedulerBackend is ready for scheduling beginning after reached minRegisteredResourcesRatio: 0.0
[2026-04-12T19:45:11.304+0000] {subprocess.py:106} INFO - 2026-04-12 19:45:11,301 INFO Spark version: 3.5.5
[2026-04-12T19:45:11.330+0000] {subprocess.py:106} INFO - 26/04/12 19:45:11 INFO SharedState: Setting hive.metastore.warehouse.dir ('null') to the value of spark.sql.warehouse.dir.
[2026-04-12T19:45:11.339+0000] {subprocess.py:106} INFO - 26/04/12 19:45:11 INFO SharedState: Warehouse path is 'file:/tmp/***tmphyj1opr8/spark-warehouse'.
[2026-04-12T19:45:15.871+0000] {subprocess.py:106} INFO - 26/04/12 19:45:15 INFO CatalogUtil: Loading custom FileIO implementation: org.apache.iceberg.hadoop.HadoopFileIO
[2026-04-12T19:45:18.094+0000] {subprocess.py:106} INFO - 26/04/12 19:45:18 INFO StandaloneSchedulerBackend$StandaloneDriverEndpoint: Registered executor NettyRpcEndpointRef(spark-client://Executor) (172.18.0.8:36346) with ID 3,  ResourceProfileId 0
[2026-04-12T19:45:18.318+0000] {subprocess.py:106} INFO - 26/04/12 19:45:18 INFO StandaloneSchedulerBackend$StandaloneDriverEndpoint: Registered executor NettyRpcEndpointRef(spark-client://Executor) (172.18.0.8:36382) with ID 5,  ResourceProfileId 0
[2026-04-12T19:45:18.427+0000] {subprocess.py:106} INFO - 26/04/12 19:45:18 INFO BlockManagerMasterEndpoint: Registering block manager 172.18.0.8:34017 with 1048.8 MiB RAM, BlockManagerId(3, 172.18.0.8, 34017, None)
[2026-04-12T19:45:18.586+0000] {subprocess.py:106} INFO - 26/04/12 19:45:18 INFO BlockManagerMasterEndpoint: Registering block manager 172.18.0.8:37977 with 1048.8 MiB RAM, BlockManagerId(5, 172.18.0.8, 37977, None)
[2026-04-12T19:45:18.788+0000] {subprocess.py:106} INFO - 26/04/12 19:45:18 INFO StandaloneSchedulerBackend$StandaloneDriverEndpoint: Registered executor NettyRpcEndpointRef(spark-client://Executor) (172.18.0.8:36400) with ID 0,  ResourceProfileId 0
[2026-04-12T19:45:18.916+0000] {subprocess.py:106} INFO - 26/04/12 19:45:18 INFO StandaloneSchedulerBackend$StandaloneDriverEndpoint: Registered executor NettyRpcEndpointRef(spark-client://Executor) (172.18.0.8:36406) with ID 2,  ResourceProfileId 0
[2026-04-12T19:45:18.994+0000] {subprocess.py:106} INFO - 26/04/12 19:45:18 INFO StandaloneSchedulerBackend$StandaloneDriverEndpoint: Registered executor NettyRpcEndpointRef(spark-client://Executor) (172.18.0.8:36418) with ID 1,  ResourceProfileId 0
[2026-04-12T19:45:19.047+0000] {subprocess.py:106} INFO - 26/04/12 19:45:19 INFO StandaloneSchedulerBackend$StandaloneDriverEndpoint: Registered executor NettyRpcEndpointRef(spark-client://Executor) (172.18.0.8:36386) with ID 4,  ResourceProfileId 0
[2026-04-12T19:45:19.094+0000] {subprocess.py:106} INFO - 26/04/12 19:45:19 INFO BlockManagerMasterEndpoint: Registering block manager 172.18.0.8:42179 with 1048.8 MiB RAM, BlockManagerId(0, 172.18.0.8, 42179, None)
[2026-04-12T19:45:19.308+0000] {subprocess.py:106} INFO - 26/04/12 19:45:19 INFO BlockManagerMasterEndpoint: Registering block manager 172.18.0.8:39263 with 1048.8 MiB RAM, BlockManagerId(2, 172.18.0.8, 39263, None)
[2026-04-12T19:45:19.342+0000] {subprocess.py:106} INFO - 26/04/12 19:45:19 INFO BlockManagerMasterEndpoint: Registering block manager 172.18.0.8:37213 with 1048.8 MiB RAM, BlockManagerId(1, 172.18.0.8, 37213, None)
[2026-04-12T19:45:19.440+0000] {subprocess.py:106} INFO - 2026-04-12 19:45:19,437 INFO Namespace 'nessie.gold' listo.
[2026-04-12T19:45:19.443+0000] {subprocess.py:106} INFO - 2026-04-12 19:45:19,437 INFO
[2026-04-12T19:45:19.444+0000] {subprocess.py:106} INFO - [★] cant_post_x_user_hist
[2026-04-12T19:45:19.543+0000] {subprocess.py:106} INFO - 26/04/12 19:45:19 INFO BlockManagerMasterEndpoint: Registering block manager 172.18.0.8:33639 with 1048.8 MiB RAM, BlockManagerId(4, 172.18.0.8, 33639, None)
[2026-04-12T19:45:20.250+0000] {subprocess.py:106} INFO - 26/04/12 19:45:20 INFO BaseMetastoreTableOperations: Refreshing table metadata from new version: s3a://iceberg/silver/post_hist_2c97489a-1825-4e8f-a9c8-38c0a6be3632/metadata/00000-fdba6514-188d-42b5-b046-33cfc69138de.metadata.json
[2026-04-12T19:45:20.918+0000] {subprocess.py:106} INFO - 26/04/12 19:45:20 WARN MetricsConfig: Cannot locate configuration: tried hadoop-metrics2-s3a-file-system.properties,hadoop-metrics2.properties
[2026-04-12T19:45:20.961+0000] {subprocess.py:106} INFO - 26/04/12 19:45:20 INFO MetricsSystemImpl: Scheduled Metric snapshot period at 10 second(s).
[2026-04-12T19:45:20.967+0000] {subprocess.py:106} INFO - 26/04/12 19:45:20 INFO MetricsSystemImpl: s3a-file-system metrics system started
[2026-04-12T19:45:25.025+0000] {subprocess.py:106} INFO - 26/04/12 19:45:25 INFO NessieUtil: loadTableMetadata for 'silver.post_hist' from location 's3a://iceberg/silver/post_hist_2c97489a-1825-4e8f-a9c8-38c0a6be3632/metadata/00000-fdba6514-188d-42b5-b046-33cfc69138de.metadata.json' at 'Branch{name=main, metadata=null, hash=2cb0190b5862b9eaba9062a468b225bdeb2ad00681dec4afbe9cb375c28c80bf}'
[2026-04-12T19:45:25.059+0000] {subprocess.py:106} INFO - 26/04/12 19:45:25 INFO BaseMetastoreCatalog: Table loaded by catalog: nessie.silver.post_hist
[2026-04-12T19:45:25.271+0000] {subprocess.py:106} INFO - 26/04/12 19:45:25 INFO BaseMetastoreTableOperations: Refreshing table metadata from new version: s3a://iceberg/silver/users_hist_29ea4f81-25a2-4974-a1d5-7fcae2b69ddf/metadata/00007-9404043a-211d-4114-a04c-c56b287cdc61.gz.metadata.json
[2026-04-12T19:45:25.341+0000] {subprocess.py:106} INFO - 26/04/12 19:45:25 INFO NessieUtil: loadTableMetadata for 'silver.users_hist' from location 's3a://iceberg/silver/users_hist_29ea4f81-25a2-4974-a1d5-7fcae2b69ddf/metadata/00007-9404043a-211d-4114-a04c-c56b287cdc61.gz.metadata.json' at 'Branch{name=main, metadata=null, hash=2cb0190b5862b9eaba9062a468b225bdeb2ad00681dec4afbe9cb375c28c80bf}'
[2026-04-12T19:45:25.345+0000] {subprocess.py:106} INFO - 26/04/12 19:45:25 INFO BaseMetastoreCatalog: Table loaded by catalog: nessie.silver.users_hist
[2026-04-12T19:45:27.576+0000] {subprocess.py:106} INFO - Traceback (most recent call last):
[2026-04-12T19:45:27.578+0000] {subprocess.py:106} INFO -   File "/opt/***/scripts/gold_agg.py", line 306, in <module>
[2026-04-12T19:45:27.586+0000] {subprocess.py:106} INFO -   File "/opt/***/scripts/gold_agg.py", line 293, in main
[2026-04-12T19:45:27.598+0000] {subprocess.py:106} INFO - 
[2026-04-12T19:45:27.607+0000] {subprocess.py:106} INFO -   File "/opt/***/scripts/gold_agg.py", line 119, in build_cant_post_x_user_hist
[2026-04-12T19:45:27.610+0000] {subprocess.py:106} INFO -     df = spark.sql(f"""
[2026-04-12T19:45:27.611+0000] {subprocess.py:106} INFO -          ^^^^^^^^^^^^^^
[2026-04-12T19:45:27.613+0000] {subprocess.py:106} INFO -   File "/opt/spark/python/lib/pyspark.zip/pyspark/sql/session.py", line 1631, in sql
[2026-04-12T19:45:27.614+0000] {subprocess.py:106} INFO -   File "/opt/spark/python/lib/py4j-0.10.9.7-src.zip/py4j/java_gateway.py", line 1322, in __call__
[2026-04-12T19:45:27.616+0000] {subprocess.py:106} INFO -   File "/opt/spark/python/lib/pyspark.zip/pyspark/errors/exceptions/captured.py", line 185, in deco
[2026-04-12T19:45:27.636+0000] {subprocess.py:106} INFO - pyspark.errors.exceptions.captured.AnalysisException: [UNRESOLVED_COLUMN.WITH_SUGGESTION] A column or function parameter with name `p`.`post_type_id` cannot be resolved. Did you mean one of the following? [`p`.`post_id`, `p`.`title`, `p`.`year`, `p`.`load_date`, `p`.`owner_user_id`].; line 6 pos 12;
[2026-04-12T19:45:27.640+0000] {subprocess.py:106} INFO - 'Aggregate [owner_user_id#11L, DisplayName#25, year#19, 'p.post_type_id], [owner_user_id#11L AS user_id#0L, coalesce(DisplayName#25, Unknown) AS display_name#1, year#19 AS anio#2, 'p.post_type_id AS post_type_id#3, CASE WHEN ('p.post_type_id = 1) THEN Question WHEN ('p.post_type_id = 2) THEN Answer ELSE Other END AS post_type#4, count(post_id#10L) AS cant_posts#5L, coalesce(sum(score#15L), cast(0 as bigint)) AS total_score#6L, round(avg(score#15L), 2) AS avg_score#7, coalesce(sum(view_count#16L), cast(0 as bigint)) AS total_views#8L, cast(2026-04-12 19:45:08 as timestamp) AS fecha_cargue#9]
[2026-04-12T19:45:27.644+0000] {subprocess.py:106} INFO - +- Filter isnotnull(owner_user_id#11L)
[2026-04-12T19:45:27.661+0000] {subprocess.py:106} INFO -    +- Join LeftOuter, (owner_user_id#11L = Id#22L)
[2026-04-12T19:45:27.663+0000] {subprocess.py:106} INFO -       :- SubqueryAlias p
[2026-04-12T19:45:27.665+0000] {subprocess.py:106} INFO -       :  +- SubqueryAlias nessie.silver.post_hist
[2026-04-12T19:45:27.668+0000] {subprocess.py:106} INFO -       :     +- RelationV2[post_id#10L, owner_user_id#11L, title#12, body#13, creation_date#14, score#15L, view_count#16L, favorite_count#17L, last_activity_date#18, year#19, load_date#20, source_system#21] nessie.silver.post_hist nessie.silver.post_hist
[2026-04-12T19:45:27.673+0000] {subprocess.py:106} INFO -       +- SubqueryAlias u
[2026-04-12T19:45:27.676+0000] {subprocess.py:106} INFO -          +- SubqueryAlias nessie.silver.users_hist
[2026-04-12T19:45:27.678+0000] {subprocess.py:106} INFO -             +- RelationV2[Id#22L, Reputation#23L, creation_date#24, DisplayName#25, LastAccessDate#26, Views#27L, UpVotes#28L, DownVotes#29L, location#30, AccountId#31L, anio#32, fecha_cargue#33, fuente#34] nessie.silver.users_hist nessie.silver.users_hist
[2026-04-12T19:45:27.680+0000] {subprocess.py:106} INFO - 
[2026-04-12T19:45:27.681+0000] {subprocess.py:106} INFO - 2026-04-12 19:45:27,638 INFO Closing down clientserver connection
[2026-04-12T19:45:27.797+0000] {subprocess.py:106} INFO - 26/04/12 19:45:27 INFO SparkContext: Invoking stop() from shutdown hook
[2026-04-12T19:45:27.800+0000] {subprocess.py:106} INFO - 26/04/12 19:45:27 INFO SparkContext: SparkContext is stopping with exitCode 0.
[2026-04-12T19:45:27.857+0000] {subprocess.py:106} INFO - 26/04/12 19:45:27 INFO SparkUI: Stopped Spark web UI at http://b4737cc55adb:4040
[2026-04-12T19:45:27.877+0000] {subprocess.py:106} INFO - 26/04/12 19:45:27 INFO StandaloneSchedulerBackend: Shutting down all executors
[2026-04-12T19:45:27.879+0000] {subprocess.py:106} INFO - 26/04/12 19:45:27 INFO StandaloneSchedulerBackend$StandaloneDriverEndpoint: Asking each executor to shut down
[2026-04-12T19:45:27.968+0000] {subprocess.py:106} INFO - 26/04/12 19:45:27 INFO MapOutputTrackerMasterEndpoint: MapOutputTrackerMasterEndpoint stopped!
[2026-04-12T19:45:28.029+0000] {subprocess.py:106} INFO - 26/04/12 19:45:28 INFO MemoryStore: MemoryStore cleared
[2026-04-12T19:45:28.037+0000] {subprocess.py:106} INFO - 26/04/12 19:45:28 INFO BlockManager: BlockManager stopped
[2026-04-12T19:45:28.063+0000] {subprocess.py:106} INFO - 26/04/12 19:45:28 INFO BlockManagerMaster: BlockManagerMaster stopped
[2026-04-12T19:45:28.091+0000] {subprocess.py:106} INFO - 26/04/12 19:45:28 INFO OutputCommitCoordinator$OutputCommitCoordinatorEndpoint: OutputCommitCoordinator stopped!
[2026-04-12T19:45:28.230+0000] {subprocess.py:106} INFO - 26/04/12 19:45:28 INFO SparkContext: Successfully stopped SparkContext
[2026-04-12T19:45:28.239+0000] {subprocess.py:106} INFO - 26/04/12 19:45:28 INFO ShutdownHookManager: Shutdown hook called
[2026-04-12T19:45:28.241+0000] {subprocess.py:106} INFO - 26/04/12 19:45:28 INFO ShutdownHookManager: Deleting directory /tmp/spark-4a925f15-260e-42df-8d8d-798a0434f93a
[2026-04-12T19:45:28.261+0000] {subprocess.py:106} INFO - 26/04/12 19:45:28 INFO ShutdownHookManager: Deleting directory /tmp/spark-c84c9629-1382-41e5-940f-0bde63a8f634
[2026-04-12T19:45:28.272+0000] {subprocess.py:106} INFO - 26/04/12 19:45:28 INFO ShutdownHookManager: Deleting directory /tmp/spark-4a925f15-260e-42df-8d8d-798a0434f93a/pyspark-13b28780-0a74-434a-a1ec-fef3729cabac
[2026-04-12T19:45:28.285+0000] {subprocess.py:106} INFO - 26/04/12 19:45:28 INFO MetricsSystemImpl: Stopping s3a-file-system metrics system...
[2026-04-12T19:45:28.294+0000] {subprocess.py:106} INFO - 26/04/12 19:45:28 INFO MetricsSystemImpl: s3a-file-system metrics system stopped.
[2026-04-12T19:45:28.295+0000] {subprocess.py:106} INFO - 26/04/12 19:45:28 INFO MetricsSystemImpl: s3a-file-system metrics system shutdown complete.
[2026-04-12T19:45:28.766+0000] {subprocess.py:110} INFO - Command exited with return code 1
[2026-04-12T19:45:28.807+0000] {taskinstance.py:3311} ERROR - Task failed with exception
Traceback (most recent call last):
  File "/home/airflow/.local/lib/python3.12/site-packages/airflow/models/taskinstance.py", line 762, in _execute_task
    result = _execute_callable(context=context, **execute_callable_kwargs)
             ^^^^^^^^^^^^^^^^^^^^^^^^^^^^^^^^^^^^^^^^^^^^^^^^^^^^^^^^^^^^^
  File "/home/airflow/.local/lib/python3.12/site-packages/airflow/models/taskinstance.py", line 733, in _execute_callable
    return ExecutionCallableRunner(
           ^^^^^^^^^^^^^^^^^^^^^^^^
  File "/home/airflow/.local/lib/python3.12/site-packages/airflow/utils/operator_helpers.py", line 252, in run
    return self.func(*args, **kwargs)
           ^^^^^^^^^^^^^^^^^^^^^^^^^^
  File "/home/airflow/.local/lib/python3.12/site-packages/airflow/models/baseoperator.py", line 417, in wrapper
    return func(self, *args, **kwargs)
           ^^^^^^^^^^^^^^^^^^^^^^^^^^^
  File "/home/airflow/.local/lib/python3.12/site-packages/airflow/operators/bash.py", line 276, in execute
    raise AirflowException(
airflow.exceptions.AirflowException: Bash command failed. The command returned a non-zero exit code 1.
[2026-04-12T19:45:28.814+0000] {taskinstance.py:1225} INFO - Marking task as FAILED. dag_id=stackoverflow_pipeline, task_id=gold_agg, run_id=manual__2026-04-12T19:38:33+00:00, execution_date=20260412T193833, start_date=20260412T194505, end_date=20260412T194528
[2026-04-12T19:45:28.841+0000] {taskinstance.py:340} INFO - ::group::Post task execution logs
[2026-04-12T19:45:28.842+0000] {standard_task_runner.py:124} ERROR - Failed to execute job 38 for task gold_agg (Bash command failed. The command returned a non-zero exit code 1.; 8443)
Traceback (most recent call last):
  File "/home/airflow/.local/lib/python3.12/site-packages/airflow/task/task_runner/standard_task_runner.py", line 117, in _start_by_fork
    ret = args.func(args, dag=self.dag)
          ^^^^^^^^^^^^^^^^^^^^^^^^^^^^^
  File "/home/airflow/.local/lib/python3.12/site-packages/airflow/cli/cli_config.py", line 49, in command
    return func(*args, **kwargs)
           ^^^^^^^^^^^^^^^^^^^^^
  File "/home/airflow/.local/lib/python3.12/site-packages/airflow/utils/cli.py", line 116, in wrapper
    return f(*args, **kwargs)
           ^^^^^^^^^^^^^^^^^^
  File "/home/airflow/.local/lib/python3.12/site-packages/airflow/cli/commands/task_command.py", line 483, in task_run
    task_return_code = _run_task_by_selected_method(args, _dag, ti)
                       ^^^^^^^^^^^^^^^^^^^^^^^^^^^^^^^^^^^^^^^^^^^^
  File "/home/airflow/.local/lib/python3.12/site-packages/airflow/cli/commands/task_command.py", line 256, in _run_task_by_selected_method
    return _run_raw_task(args, ti)
           ^^^^^^^^^^^^^^^^^^^^^^^
  File "/home/airflow/.local/lib/python3.12/site-packages/airflow/cli/commands/task_command.py", line 341, in _run_raw_task
    return ti._run_raw_task(
           ^^^^^^^^^^^^^^^^^
  File "/home/airflow/.local/lib/python3.12/site-packages/airflow/utils/session.py", line 97, in wrapper
    return func(*args, session=session, **kwargs)
           ^^^^^^^^^^^^^^^^^^^^^^^^^^^^^^^^^^^^^^
  File "/home/airflow/.local/lib/python3.12/site-packages/airflow/models/taskinstance.py", line 3005, in _run_raw_task
    return _run_raw_task(
           ^^^^^^^^^^^^^^
  File "/home/airflow/.local/lib/python3.12/site-packages/airflow/models/taskinstance.py", line 273, in _run_raw_task
    TaskInstance._execute_task_with_callbacks(
  File "/home/airflow/.local/lib/python3.12/site-packages/airflow/models/taskinstance.py", line 3159, in _execute_task_with_callbacks
    result = self._execute_task(context, task_orig)
             ^^^^^^^^^^^^^^^^^^^^^^^^^^^^^^^^^^^^^^
  File "/home/airflow/.local/lib/python3.12/site-packages/airflow/models/taskinstance.py", line 3183, in _execute_task
    return _execute_task(self, context, task_orig)
           ^^^^^^^^^^^^^^^^^^^^^^^^^^^^^^^^^^^^^^^
  File "/home/airflow/.local/lib/python3.12/site-packages/airflow/models/taskinstance.py", line 762, in _execute_task
    result = _execute_callable(context=context, **execute_callable_kwargs)
             ^^^^^^^^^^^^^^^^^^^^^^^^^^^^^^^^^^^^^^^^^^^^^^^^^^^^^^^^^^^^^
  File "/home/airflow/.local/lib/python3.12/site-packages/airflow/models/taskinstance.py", line 733, in _execute_callable
    return ExecutionCallableRunner(
           ^^^^^^^^^^^^^^^^^^^^^^^^
  File "/home/airflow/.local/lib/python3.12/site-packages/airflow/utils/operator_helpers.py", line 252, in run
    return self.func(*args, **kwargs)
           ^^^^^^^^^^^^^^^^^^^^^^^^^^
  File "/home/airflow/.local/lib/python3.12/site-packages/airflow/models/baseoperator.py", line 417, in wrapper
    return func(self, *args, **kwargs)
           ^^^^^^^^^^^^^^^^^^^^^^^^^^^
  File "/home/airflow/.local/lib/python3.12/site-packages/airflow/operators/bash.py", line 276, in execute
    raise AirflowException(
airflow.exceptions.AirflowException: Bash command failed. The command returned a non-zero exit code 1.
[2026-04-12T19:45:28.879+0000] {local_task_job_runner.py:266} INFO - Task exited with return code 1
[2026-04-12T19:45:28.902+0000] {taskinstance.py:3895} INFO - 0 downstream tasks scheduled from follow-on schedule check
[2026-04-12T19:45:28.906+0000] {local_task_job_runner.py:245} INFO - ::endgroup::
