[2026-04-12T19:39:38.469+0000] {local_task_job_runner.py:123} INFO - ::group::Pre task execution logs
[2026-04-12T19:39:38.490+0000] {taskinstance.py:2613} INFO - Dependencies all met for dep_context=non-requeueable deps ti=<TaskInstance: stackoverflow_pipeline.gold_agg manual__2026-04-12T19:38:33+00:00 [queued]>
[2026-04-12T19:39:38.509+0000] {taskinstance.py:2613} INFO - Dependencies all met for dep_context=requeueable deps ti=<TaskInstance: stackoverflow_pipeline.gold_agg manual__2026-04-12T19:38:33+00:00 [queued]>
[2026-04-12T19:39:38.514+0000] {taskinstance.py:2866} INFO - Starting attempt 1 of 2
[2026-04-12T19:39:38.530+0000] {taskinstance.py:2889} INFO - Executing <Task(BashOperator): gold_agg> on 2026-04-12 19:38:33+00:00
[2026-04-12T19:39:38.538+0000] {warnings.py:112} WARNING - /home/***/.local/lib/python3.12/site-packages/***/task/task_runner/standard_task_runner.py:70: DeprecationWarning: This process (pid=7545) is multi-threaded, use of fork() may lead to deadlocks in the child.
  pid = os.fork()

[2026-04-12T19:39:38.541+0000] {standard_task_runner.py:72} INFO - Started process 7546 to run task
[2026-04-12T19:39:38.540+0000] {standard_task_runner.py:104} INFO - Running: ['***', 'tasks', 'run', 'stackoverflow_pipeline', 'gold_agg', 'manual__2026-04-12T19:38:33+00:00', '--job-id', '34', '--raw', '--subdir', 'DAGS_FOLDER/stackoverflow_pipeline.py', '--cfg-path', '/tmp/tmp2bod09sm']
[2026-04-12T19:39:38.542+0000] {standard_task_runner.py:105} INFO - Job 34: Subtask gold_agg
[2026-04-12T19:39:38.602+0000] {task_command.py:467} INFO - Running <TaskInstance: stackoverflow_pipeline.gold_agg manual__2026-04-12T19:38:33+00:00 [running]> on host b4737cc55adb
[2026-04-12T19:39:38.705+0000] {taskinstance.py:3132} INFO - Exporting env vars: AIRFLOW_CTX_DAG_OWNER='fhbd-grupo' AIRFLOW_CTX_DAG_ID='stackoverflow_pipeline' AIRFLOW_CTX_TASK_ID='gold_agg' AIRFLOW_CTX_EXECUTION_DATE='2026-04-12T19:38:33+00:00' AIRFLOW_CTX_TRY_NUMBER='1' AIRFLOW_CTX_DAG_RUN_ID='manual__2026-04-12T19:38:33+00:00'
[2026-04-12T19:39:38.708+0000] {taskinstance.py:731} INFO - ::endgroup::
[2026-04-12T19:39:38.728+0000] {subprocess.py:78} INFO - Tmp dir root location: /tmp
[2026-04-12T19:39:38.729+0000] {subprocess.py:88} INFO - Running command: ['/usr/bin/bash', '-c', '/opt/spark/bin/spark-submit --master spark://spark-master:7077 --conf spark.submit.deployMode=client --conf spark.driver.bindAddress=0.0.0.0 --conf spark.executor.instances=1 --conf spark.executor.cores=2 --conf spark.executor.memory=2g --conf spark.driver.memory=1g --conf spark.sql.extensions=org.apache.iceberg.spark.extensions.IcebergSparkSessionExtensions,org.projectnessie.spark.extensions.NessieSparkSessionExtensions --conf spark.sql.catalog.nessie=org.apache.iceberg.spark.SparkCatalog --conf spark.sql.catalog.nessie.catalog-impl=org.apache.iceberg.nessie.NessieCatalog --conf spark.sql.catalog.nessie.uri=http://proyecto2-nessie:19120/api/v1 --conf spark.sql.catalog.nessie.ref=main --conf spark.sql.catalog.nessie.authentication.type=NONE --conf spark.sql.catalog.nessie.warehouse=s3a://iceberg/ --conf spark.hadoop.fs.s3a.endpoint=http://proyecto2-minio:9000 --conf spark.hadoop.fs.s3a.access.key=minioadmin --conf spark.hadoop.fs.s3a.secret.key=minioadmin123 --conf spark.hadoop.fs.s3a.path.style.access=true --conf spark.hadoop.fs.s3a.impl=org.apache.hadoop.fs.s3a.S3AFileSystem --conf spark.hadoop.fs.s3a.aws.credentials.provider=org.apache.hadoop.fs.s3a.SimpleAWSCredentialsProvider --conf spark.hadoop.fs.s3a.connection.ssl.enabled=false --packages org.apache.iceberg:iceberg-spark-runtime-3.5_2.12:1.6.1,org.projectnessie.nessie-integrations:nessie-spark-extensions-3.5_2.12:0.95.0,org.apache.hadoop:hadoop-aws:3.3.4,com.amazonaws:aws-java-sdk-bundle:1.12.262 --name gold_cant_post_x_user_hist --verbose /opt/***/scripts/gold_agg.py']
[2026-04-12T19:39:38.742+0000] {subprocess.py:99} INFO - Output:
[2026-04-12T19:39:38.752+0000] {subprocess.py:106} INFO - /opt/spark/bin/load-spark-env.sh: line 68: ps: command not found
[2026-04-12T19:39:40.622+0000] {subprocess.py:106} INFO - Using properties file: null
[2026-04-12T19:39:40.846+0000] {subprocess.py:106} INFO - Parsed arguments:
[2026-04-12T19:39:40.847+0000] {subprocess.py:106} INFO -   master                  spark://spark-master:7077
[2026-04-12T19:39:40.848+0000] {subprocess.py:106} INFO -   remote                  null
[2026-04-12T19:39:40.850+0000] {subprocess.py:106} INFO -   deployMode              client
[2026-04-12T19:39:40.851+0000] {subprocess.py:106} INFO -   executorMemory          2g
[2026-04-12T19:39:40.852+0000] {subprocess.py:106} INFO -   executorCores           2
[2026-04-12T19:39:40.853+0000] {subprocess.py:106} INFO -   totalExecutorCores      null
[2026-04-12T19:39:40.854+0000] {subprocess.py:106} INFO -   propertiesFile          null
[2026-04-12T19:39:40.856+0000] {subprocess.py:106} INFO -   driverMemory            1g
[2026-04-12T19:39:40.857+0000] {subprocess.py:106} INFO -   driverCores             null
[2026-04-12T19:39:40.858+0000] {subprocess.py:106} INFO -   driverExtraClassPath    null
[2026-04-12T19:39:40.859+0000] {subprocess.py:106} INFO -   driverExtraLibraryPath  null
[2026-04-12T19:39:40.860+0000] {subprocess.py:106} INFO -   driverExtraJavaOptions  null
[2026-04-12T19:39:40.861+0000] {subprocess.py:106} INFO -   supervise               false
[2026-04-12T19:39:40.863+0000] {subprocess.py:106} INFO -   queue                   null
[2026-04-12T19:39:40.864+0000] {subprocess.py:106} INFO -   numExecutors            1
[2026-04-12T19:39:40.865+0000] {subprocess.py:106} INFO -   files                   null
[2026-04-12T19:39:40.866+0000] {subprocess.py:106} INFO -   pyFiles                 null
[2026-04-12T19:39:40.868+0000] {subprocess.py:106} INFO -   archives                null
[2026-04-12T19:39:40.869+0000] {subprocess.py:106} INFO -   mainClass               null
[2026-04-12T19:39:40.870+0000] {subprocess.py:106} INFO -   primaryResource         file:/opt/***/scripts/gold_agg.py
[2026-04-12T19:39:40.872+0000] {subprocess.py:106} INFO -   name                    gold_cant_post_x_user_hist
[2026-04-12T19:39:40.873+0000] {subprocess.py:106} INFO -   childArgs               []
[2026-04-12T19:39:40.875+0000] {subprocess.py:106} INFO -   jars                    null
[2026-04-12T19:39:40.876+0000] {subprocess.py:106} INFO -   packages                org.apache.iceberg:iceberg-spark-runtime-3.5_2.12:1.6.1,org.projectnessie.nessie-integrations:nessie-spark-extensions-3.5_2.12:0.95.0,org.apache.hadoop:hadoop-aws:3.3.4,com.amazonaws:aws-java-sdk-bundle:1.12.262
[2026-04-12T19:39:40.877+0000] {subprocess.py:106} INFO -   packagesExclusions      null
[2026-04-12T19:39:40.878+0000] {subprocess.py:106} INFO -   repositories            null
[2026-04-12T19:39:40.879+0000] {subprocess.py:106} INFO -   verbose                 true
[2026-04-12T19:39:40.880+0000] {subprocess.py:106} INFO - 
[2026-04-12T19:39:40.882+0000] {subprocess.py:106} INFO - Spark properties used, including those specified through
[2026-04-12T19:39:40.885+0000] {subprocess.py:106} INFO -  --conf and those from the properties file null:
[2026-04-12T19:39:40.886+0000] {subprocess.py:106} INFO -   (spark.driver.bindAddress,0.0.0.0)
[2026-04-12T19:39:40.888+0000] {subprocess.py:106} INFO -   (spark.driver.memory,1g)
[2026-04-12T19:39:40.889+0000] {subprocess.py:106} INFO -   (spark.executor.cores,2)
[2026-04-12T19:39:40.890+0000] {subprocess.py:106} INFO -   (spark.executor.instances,1)
[2026-04-12T19:39:40.891+0000] {subprocess.py:106} INFO -   (spark.executor.memory,2g)
[2026-04-12T19:39:40.892+0000] {subprocess.py:106} INFO -   (spark.hadoop.fs.s3a.access.key,*********(redacted))
[2026-04-12T19:39:40.893+0000] {subprocess.py:106} INFO -   (spark.hadoop.fs.s3a.aws.credentials.provider,org.apache.hadoop.fs.s3a.SimpleAWSCredentialsProvider)
[2026-04-12T19:39:40.894+0000] {subprocess.py:106} INFO -   (spark.hadoop.fs.s3a.connection.ssl.enabled,false)
[2026-04-12T19:39:40.896+0000] {subprocess.py:106} INFO -   (spark.hadoop.fs.s3a.endpoint,http://proyecto2-minio:9000)
[2026-04-12T19:39:40.897+0000] {subprocess.py:106} INFO -   (spark.hadoop.fs.s3a.impl,org.apache.hadoop.fs.s3a.S3AFileSystem)
[2026-04-12T19:39:40.898+0000] {subprocess.py:106} INFO -   (spark.hadoop.fs.s3a.path.style.access,true)
[2026-04-12T19:39:40.899+0000] {subprocess.py:106} INFO -   (spark.hadoop.fs.s3a.secret.key,*********(redacted))
[2026-04-12T19:39:40.901+0000] {subprocess.py:106} INFO -   (spark.sql.catalog.nessie,org.apache.iceberg.spark.SparkCatalog)
[2026-04-12T19:39:40.902+0000] {subprocess.py:106} INFO -   (spark.sql.catalog.nessie.authentication.type,NONE)
[2026-04-12T19:39:40.903+0000] {subprocess.py:106} INFO -   (spark.sql.catalog.nessie.catalog-impl,org.apache.iceberg.nessie.NessieCatalog)
[2026-04-12T19:39:40.904+0000] {subprocess.py:106} INFO -   (spark.sql.catalog.nessie.ref,main)
[2026-04-12T19:39:40.906+0000] {subprocess.py:106} INFO -   (spark.sql.catalog.nessie.uri,http://proyecto2-nessie:19120/api/v1)
[2026-04-12T19:39:40.907+0000] {subprocess.py:106} INFO -   (spark.sql.catalog.nessie.warehouse,s3a://iceberg/)
[2026-04-12T19:39:40.908+0000] {subprocess.py:106} INFO -   (spark.sql.extensions,org.apache.iceberg.spark.extensions.IcebergSparkSessionExtensions,org.projectnessie.spark.extensions.NessieSparkSessionExtensions)
[2026-04-12T19:39:40.909+0000] {subprocess.py:106} INFO -   (spark.submit.deployMode,client)
[2026-04-12T19:39:40.910+0000] {subprocess.py:106} INFO - 
[2026-04-12T19:39:40.911+0000] {subprocess.py:106} INFO - 
[2026-04-12T19:39:41.090+0000] {subprocess.py:106} INFO - :: loading settings :: url = jar:file:/opt/spark/jars/ivy-2.5.1.jar!/org/apache/ivy/core/settings/ivysettings.xml
[2026-04-12T19:39:41.211+0000] {subprocess.py:106} INFO - Ivy Default Cache set to: /home/***/.ivy2/cache
[2026-04-12T19:39:41.212+0000] {subprocess.py:106} INFO - The jars for the packages stored in: /home/***/.ivy2/jars
[2026-04-12T19:39:41.222+0000] {subprocess.py:106} INFO - org.apache.iceberg#iceberg-spark-runtime-3.5_2.12 added as a dependency
[2026-04-12T19:39:41.223+0000] {subprocess.py:106} INFO - org.projectnessie.nessie-integrations#nessie-spark-extensions-3.5_2.12 added as a dependency
[2026-04-12T19:39:41.224+0000] {subprocess.py:106} INFO - org.apache.hadoop#hadoop-aws added as a dependency
[2026-04-12T19:39:41.226+0000] {subprocess.py:106} INFO - com.amazonaws#aws-java-sdk-bundle added as a dependency
[2026-04-12T19:39:41.227+0000] {subprocess.py:106} INFO - :: resolving dependencies :: org.apache.spark#spark-submit-parent-45ad0757-ad5e-485d-a727-27576484315e;1.0
[2026-04-12T19:39:41.228+0000] {subprocess.py:106} INFO - 	confs: [default]
[2026-04-12T19:39:41.414+0000] {subprocess.py:106} INFO - 	found org.apache.iceberg#iceberg-spark-runtime-3.5_2.12;1.6.1 in central
[2026-04-12T19:39:41.444+0000] {subprocess.py:106} INFO - 	found org.projectnessie.nessie-integrations#nessie-spark-extensions-3.5_2.12;0.95.0 in central
[2026-04-12T19:39:41.532+0000] {subprocess.py:106} INFO - 	found org.apache.hadoop#hadoop-aws;3.3.4 in central
[2026-04-12T19:39:41.563+0000] {subprocess.py:106} INFO - 	found com.amazonaws#aws-java-sdk-bundle;1.12.262 in central
[2026-04-12T19:39:41.601+0000] {subprocess.py:106} INFO - 	found org.wildfly.openssl#wildfly-openssl;1.0.7.Final in central
[2026-04-12T19:39:41.643+0000] {subprocess.py:106} INFO - :: resolution report :: resolve 398ms :: artifacts dl 20ms
[2026-04-12T19:39:41.645+0000] {subprocess.py:106} INFO - 	:: modules in use:
[2026-04-12T19:39:41.646+0000] {subprocess.py:106} INFO - 	com.amazonaws#aws-java-sdk-bundle;1.12.262 from central in [default]
[2026-04-12T19:39:41.648+0000] {subprocess.py:106} INFO - 	org.apache.hadoop#hadoop-aws;3.3.4 from central in [default]
[2026-04-12T19:39:41.649+0000] {subprocess.py:106} INFO - 	org.apache.iceberg#iceberg-spark-runtime-3.5_2.12;1.6.1 from central in [default]
[2026-04-12T19:39:41.651+0000] {subprocess.py:106} INFO - 	org.projectnessie.nessie-integrations#nessie-spark-extensions-3.5_2.12;0.95.0 from central in [default]
[2026-04-12T19:39:41.652+0000] {subprocess.py:106} INFO - 	org.wildfly.openssl#wildfly-openssl;1.0.7.Final from central in [default]
[2026-04-12T19:39:41.653+0000] {subprocess.py:106} INFO - 	---------------------------------------------------------------------
[2026-04-12T19:39:41.655+0000] {subprocess.py:106} INFO - 	|                  |            modules            ||   artifacts   |
[2026-04-12T19:39:41.656+0000] {subprocess.py:106} INFO - 	|       conf       | number| search|dwnlded|evicted|| number|dwnlded|
[2026-04-12T19:39:41.659+0000] {subprocess.py:106} INFO - 	---------------------------------------------------------------------
[2026-04-12T19:39:41.661+0000] {subprocess.py:106} INFO - 	|      default     |   5   |   0   |   0   |   0   ||   5   |   0   |
[2026-04-12T19:39:41.663+0000] {subprocess.py:106} INFO - 	---------------------------------------------------------------------
[2026-04-12T19:39:41.664+0000] {subprocess.py:106} INFO - :: retrieving :: org.apache.spark#spark-submit-parent-45ad0757-ad5e-485d-a727-27576484315e
[2026-04-12T19:39:41.666+0000] {subprocess.py:106} INFO - 	confs: [default]
[2026-04-12T19:39:41.667+0000] {subprocess.py:106} INFO - 	0 artifacts copied, 5 already retrieved (0kB/12ms)
[2026-04-12T19:39:41.974+0000] {subprocess.py:106} INFO - 26/04/12 19:39:41 WARN NativeCodeLoader: Unable to load native-hadoop library for your platform... using builtin-java classes where applicable
[2026-04-12T19:39:42.246+0000] {subprocess.py:106} INFO - Main class:
[2026-04-12T19:39:42.248+0000] {subprocess.py:106} INFO - org.apache.spark.deploy.PythonRunner
[2026-04-12T19:39:42.249+0000] {subprocess.py:106} INFO - Arguments:
[2026-04-12T19:39:42.255+0000] {subprocess.py:106} INFO - file:/opt/***/scripts/gold_agg.py
[2026-04-12T19:39:42.256+0000] {subprocess.py:106} INFO - file:///home/***/.ivy2/jars/org.apache.iceberg_iceberg-spark-runtime-3.5_2.12-1.6.1.jar,file:///home/***/.ivy2/jars/org.projectnessie.nessie-integrations_nessie-spark-extensions-3.5_2.12-0.95.0.jar,file:///home/***/.ivy2/jars/org.apache.hadoop_hadoop-aws-3.3.4.jar,file:///home/***/.ivy2/jars/com.amazonaws_aws-java-sdk-bundle-1.12.262.jar,file:///home/***/.ivy2/jars/org.wildfly.openssl_wildfly-openssl-1.0.7.Final.jar
[2026-04-12T19:39:42.262+0000] {subprocess.py:106} INFO - Spark config:
[2026-04-12T19:39:42.264+0000] {subprocess.py:106} INFO - (spark.app.name,gold_cant_post_x_user_hist)
[2026-04-12T19:39:42.265+0000] {subprocess.py:106} INFO - (spark.app.submitTime,1776022782202)
[2026-04-12T19:39:42.266+0000] {subprocess.py:106} INFO - (spark.driver.bindAddress,0.0.0.0)
[2026-04-12T19:39:42.267+0000] {subprocess.py:106} INFO - (spark.driver.memory,1g)
[2026-04-12T19:39:42.268+0000] {subprocess.py:106} INFO - (spark.executor.cores,2)
[2026-04-12T19:39:42.269+0000] {subprocess.py:106} INFO - (spark.executor.instances,1)
[2026-04-12T19:39:42.270+0000] {subprocess.py:106} INFO - (spark.executor.memory,2g)
[2026-04-12T19:39:42.272+0000] {subprocess.py:106} INFO - (spark.files,file:///home/***/.ivy2/jars/org.apache.iceberg_iceberg-spark-runtime-3.5_2.12-1.6.1.jar,file:///home/***/.ivy2/jars/org.projectnessie.nessie-integrations_nessie-spark-extensions-3.5_2.12-0.95.0.jar,file:///home/***/.ivy2/jars/org.apache.hadoop_hadoop-aws-3.3.4.jar,file:///home/***/.ivy2/jars/com.amazonaws_aws-java-sdk-bundle-1.12.262.jar,file:///home/***/.ivy2/jars/org.wildfly.openssl_wildfly-openssl-1.0.7.Final.jar)
[2026-04-12T19:39:42.273+0000] {subprocess.py:106} INFO - (spark.hadoop.fs.s3a.access.key,*********(redacted))
[2026-04-12T19:39:42.275+0000] {subprocess.py:106} INFO - (spark.hadoop.fs.s3a.aws.credentials.provider,org.apache.hadoop.fs.s3a.SimpleAWSCredentialsProvider)
[2026-04-12T19:39:42.276+0000] {subprocess.py:106} INFO - (spark.hadoop.fs.s3a.connection.ssl.enabled,false)
[2026-04-12T19:39:42.277+0000] {subprocess.py:106} INFO - (spark.hadoop.fs.s3a.endpoint,http://proyecto2-minio:9000)
[2026-04-12T19:39:42.278+0000] {subprocess.py:106} INFO - (spark.hadoop.fs.s3a.impl,org.apache.hadoop.fs.s3a.S3AFileSystem)
[2026-04-12T19:39:42.279+0000] {subprocess.py:106} INFO - (spark.hadoop.fs.s3a.path.style.access,true)
[2026-04-12T19:39:42.280+0000] {subprocess.py:106} INFO - (spark.hadoop.fs.s3a.secret.key,*********(redacted))
[2026-04-12T19:39:42.281+0000] {subprocess.py:106} INFO - (spark.jars,file:///home/***/.ivy2/jars/org.apache.iceberg_iceberg-spark-runtime-3.5_2.12-1.6.1.jar,file:///home/***/.ivy2/jars/org.projectnessie.nessie-integrations_nessie-spark-extensions-3.5_2.12-0.95.0.jar,file:///home/***/.ivy2/jars/org.apache.hadoop_hadoop-aws-3.3.4.jar,file:///home/***/.ivy2/jars/com.amazonaws_aws-java-sdk-bundle-1.12.262.jar,file:///home/***/.ivy2/jars/org.wildfly.openssl_wildfly-openssl-1.0.7.Final.jar)
[2026-04-12T19:39:42.283+0000] {subprocess.py:106} INFO - (spark.master,spark://spark-master:7077)
[2026-04-12T19:39:42.284+0000] {subprocess.py:106} INFO - (spark.repl.local.jars,file:///home/***/.ivy2/jars/org.apache.iceberg_iceberg-spark-runtime-3.5_2.12-1.6.1.jar,file:///home/***/.ivy2/jars/org.projectnessie.nessie-integrations_nessie-spark-extensions-3.5_2.12-0.95.0.jar,file:///home/***/.ivy2/jars/org.apache.hadoop_hadoop-aws-3.3.4.jar,file:///home/***/.ivy2/jars/com.amazonaws_aws-java-sdk-bundle-1.12.262.jar,file:///home/***/.ivy2/jars/org.wildfly.openssl_wildfly-openssl-1.0.7.Final.jar)
[2026-04-12T19:39:42.286+0000] {subprocess.py:106} INFO - (spark.sql.catalog.nessie,org.apache.iceberg.spark.SparkCatalog)
[2026-04-12T19:39:42.288+0000] {subprocess.py:106} INFO - (spark.sql.catalog.nessie.authentication.type,NONE)
[2026-04-12T19:39:42.289+0000] {subprocess.py:106} INFO - (spark.sql.catalog.nessie.catalog-impl,org.apache.iceberg.nessie.NessieCatalog)
[2026-04-12T19:39:42.290+0000] {subprocess.py:106} INFO - (spark.sql.catalog.nessie.ref,main)
[2026-04-12T19:39:42.292+0000] {subprocess.py:106} INFO - (spark.sql.catalog.nessie.uri,http://proyecto2-nessie:19120/api/v1)
[2026-04-12T19:39:42.293+0000] {subprocess.py:106} INFO - (spark.sql.catalog.nessie.warehouse,s3a://iceberg/)
[2026-04-12T19:39:42.294+0000] {subprocess.py:106} INFO - (spark.sql.extensions,org.apache.iceberg.spark.extensions.IcebergSparkSessionExtensions,org.projectnessie.spark.extensions.NessieSparkSessionExtensions)
[2026-04-12T19:39:42.295+0000] {subprocess.py:106} INFO - (spark.submit.deployMode,client)
[2026-04-12T19:39:42.295+0000] {subprocess.py:106} INFO - (spark.submit.pyFiles,/home/***/.ivy2/jars/org.apache.iceberg_iceberg-spark-runtime-3.5_2.12-1.6.1.jar,/home/***/.ivy2/jars/org.projectnessie.nessie-integrations_nessie-spark-extensions-3.5_2.12-0.95.0.jar,/home/***/.ivy2/jars/org.apache.hadoop_hadoop-aws-3.3.4.jar,/home/***/.ivy2/jars/com.amazonaws_aws-java-sdk-bundle-1.12.262.jar,/home/***/.ivy2/jars/org.wildfly.openssl_wildfly-openssl-1.0.7.Final.jar)
[2026-04-12T19:39:42.296+0000] {subprocess.py:106} INFO - Classpath elements:
[2026-04-12T19:39:42.297+0000] {subprocess.py:106} INFO - file:///home/***/.ivy2/jars/org.apache.iceberg_iceberg-spark-runtime-3.5_2.12-1.6.1.jar
[2026-04-12T19:39:42.299+0000] {subprocess.py:106} INFO - file:///home/***/.ivy2/jars/org.projectnessie.nessie-integrations_nessie-spark-extensions-3.5_2.12-0.95.0.jar
[2026-04-12T19:39:42.300+0000] {subprocess.py:106} INFO - file:///home/***/.ivy2/jars/org.apache.hadoop_hadoop-aws-3.3.4.jar
[2026-04-12T19:39:42.301+0000] {subprocess.py:106} INFO - file:///home/***/.ivy2/jars/com.amazonaws_aws-java-sdk-bundle-1.12.262.jar
[2026-04-12T19:39:42.302+0000] {subprocess.py:106} INFO - file:///home/***/.ivy2/jars/org.wildfly.openssl_wildfly-openssl-1.0.7.Final.jar
[2026-04-12T19:39:42.303+0000] {subprocess.py:106} INFO - 
[2026-04-12T19:39:42.304+0000] {subprocess.py:106} INFO - 
[2026-04-12T19:39:43.105+0000] {subprocess.py:106} INFO - 2026-04-12 19:39:43,105 INFO ============================================================
[2026-04-12T19:39:43.106+0000] {subprocess.py:106} INFO - 2026-04-12 19:39:43,105 INFO GOLD AGG — cant_post_x_user_hist ★
[2026-04-12T19:39:43.107+0000] {subprocess.py:106} INFO - 2026-04-12 19:39:43,105 INFO Fuentes: nessie.silver.post_hist + nessie.silver.users_hist
[2026-04-12T19:39:43.108+0000] {subprocess.py:106} INFO - 2026-04-12 19:39:43,105 INFO ============================================================
[2026-04-12T19:39:43.336+0000] {subprocess.py:106} INFO - 26/04/12 19:39:43 INFO SparkContext: Running Spark version 3.5.5
[2026-04-12T19:39:43.359+0000] {subprocess.py:106} INFO - 26/04/12 19:39:43 INFO SparkContext: OS info Linux, 6.6.87.2-microsoft-standard-WSL2, amd64
[2026-04-12T19:39:43.367+0000] {subprocess.py:106} INFO - 26/04/12 19:39:43 INFO SparkContext: Java version 17.0.18
[2026-04-12T19:39:43.427+0000] {subprocess.py:106} INFO - 26/04/12 19:39:43 INFO ResourceUtils: ==============================================================
[2026-04-12T19:39:43.432+0000] {subprocess.py:106} INFO - 26/04/12 19:39:43 INFO ResourceUtils: No custom resources configured for spark.driver.
[2026-04-12T19:39:43.433+0000] {subprocess.py:106} INFO - 26/04/12 19:39:43 INFO ResourceUtils: ==============================================================
[2026-04-12T19:39:43.434+0000] {subprocess.py:106} INFO - 26/04/12 19:39:43 INFO SparkContext: Submitted application: gold_agg
[2026-04-12T19:39:43.494+0000] {subprocess.py:106} INFO - 26/04/12 19:39:43 INFO ResourceProfile: Default ResourceProfile created, executor resources: Map(cores -> name: cores, amount: 2, script: , vendor: , memory -> name: memory, amount: 2048, script: , vendor: , offHeap -> name: offHeap, amount: 0, script: , vendor: ), task resources: Map(cpus -> name: cpus, amount: 1.0)
[2026-04-12T19:39:43.517+0000] {subprocess.py:106} INFO - 26/04/12 19:39:43 INFO ResourceProfile: Limiting resource is cpus at 2 tasks per executor
[2026-04-12T19:39:43.522+0000] {subprocess.py:106} INFO - 26/04/12 19:39:43 INFO ResourceProfileManager: Added ResourceProfile id: 0
[2026-04-12T19:39:43.661+0000] {subprocess.py:106} INFO - 26/04/12 19:39:43 INFO SecurityManager: Changing view acls to: ***
[2026-04-12T19:39:43.663+0000] {subprocess.py:106} INFO - 26/04/12 19:39:43 INFO SecurityManager: Changing modify acls to: ***
[2026-04-12T19:39:43.666+0000] {subprocess.py:106} INFO - 26/04/12 19:39:43 INFO SecurityManager: Changing view acls groups to:
[2026-04-12T19:39:43.667+0000] {subprocess.py:106} INFO - 26/04/12 19:39:43 INFO SecurityManager: Changing modify acls groups to:
[2026-04-12T19:39:43.668+0000] {subprocess.py:106} INFO - 26/04/12 19:39:43 INFO SecurityManager: SecurityManager: authentication disabled; ui acls disabled; users with view permissions: ***; groups with view permissions: EMPTY; users with modify permissions: ***; groups with modify permissions: EMPTY
[2026-04-12T19:39:44.013+0000] {subprocess.py:106} INFO - 26/04/12 19:39:44 INFO Utils: Successfully started service 'sparkDriver' on port 43757.
[2026-04-12T19:39:44.053+0000] {subprocess.py:106} INFO - 26/04/12 19:39:44 INFO SparkEnv: Registering MapOutputTracker
[2026-04-12T19:39:44.119+0000] {subprocess.py:106} INFO - 26/04/12 19:39:44 INFO SparkEnv: Registering BlockManagerMaster
[2026-04-12T19:39:44.140+0000] {subprocess.py:106} INFO - 26/04/12 19:39:44 INFO BlockManagerMasterEndpoint: Using org.apache.spark.storage.DefaultTopologyMapper for getting topology information
[2026-04-12T19:39:44.141+0000] {subprocess.py:106} INFO - 26/04/12 19:39:44 INFO BlockManagerMasterEndpoint: BlockManagerMasterEndpoint up
[2026-04-12T19:39:44.146+0000] {subprocess.py:106} INFO - 26/04/12 19:39:44 INFO SparkEnv: Registering BlockManagerMasterHeartbeat
[2026-04-12T19:39:44.166+0000] {subprocess.py:106} INFO - 26/04/12 19:39:44 INFO DiskBlockManager: Created local directory at /tmp/blockmgr-6118b591-d424-4425-9bad-9e7de9a51a80
[2026-04-12T19:39:44.182+0000] {subprocess.py:106} INFO - 26/04/12 19:39:44 INFO MemoryStore: MemoryStore started with capacity 434.4 MiB
[2026-04-12T19:39:44.199+0000] {subprocess.py:106} INFO - 26/04/12 19:39:44 INFO SparkEnv: Registering OutputCommitCoordinator
[2026-04-12T19:39:44.374+0000] {subprocess.py:106} INFO - 26/04/12 19:39:44 INFO JettyUtils: Start Jetty 0.0.0.0:4040 for SparkUI
[2026-04-12T19:39:44.441+0000] {subprocess.py:106} INFO - 26/04/12 19:39:44 INFO Utils: Successfully started service 'SparkUI' on port 4040.
[2026-04-12T19:39:44.489+0000] {subprocess.py:106} INFO - 26/04/12 19:39:44 INFO SparkContext: Added JAR file:///home/***/.ivy2/jars/org.apache.iceberg_iceberg-spark-runtime-3.5_2.12-1.6.1.jar at spark://b4737cc55adb:43757/jars/org.apache.iceberg_iceberg-spark-runtime-3.5_2.12-1.6.1.jar with timestamp 1776022783317
[2026-04-12T19:39:44.490+0000] {subprocess.py:106} INFO - 26/04/12 19:39:44 INFO SparkContext: Added JAR file:///home/***/.ivy2/jars/org.projectnessie.nessie-integrations_nessie-spark-extensions-3.5_2.12-0.95.0.jar at spark://b4737cc55adb:43757/jars/org.projectnessie.nessie-integrations_nessie-spark-extensions-3.5_2.12-0.95.0.jar with timestamp 1776022783317
[2026-04-12T19:39:44.491+0000] {subprocess.py:106} INFO - 26/04/12 19:39:44 INFO SparkContext: Added JAR file:///home/***/.ivy2/jars/org.apache.hadoop_hadoop-aws-3.3.4.jar at spark://b4737cc55adb:43757/jars/org.apache.hadoop_hadoop-aws-3.3.4.jar with timestamp 1776022783317
[2026-04-12T19:39:44.492+0000] {subprocess.py:106} INFO - 26/04/12 19:39:44 INFO SparkContext: Added JAR file:///home/***/.ivy2/jars/com.amazonaws_aws-java-sdk-bundle-1.12.262.jar at spark://b4737cc55adb:43757/jars/com.amazonaws_aws-java-sdk-bundle-1.12.262.jar with timestamp 1776022783317
[2026-04-12T19:39:44.494+0000] {subprocess.py:106} INFO - 26/04/12 19:39:44 INFO SparkContext: Added JAR file:///home/***/.ivy2/jars/org.wildfly.openssl_wildfly-openssl-1.0.7.Final.jar at spark://b4737cc55adb:43757/jars/org.wildfly.openssl_wildfly-openssl-1.0.7.Final.jar with timestamp 1776022783317
[2026-04-12T19:39:44.497+0000] {subprocess.py:106} INFO - 26/04/12 19:39:44 INFO SparkContext: Added file file:///home/***/.ivy2/jars/org.apache.iceberg_iceberg-spark-runtime-3.5_2.12-1.6.1.jar at spark://b4737cc55adb:43757/files/org.apache.iceberg_iceberg-spark-runtime-3.5_2.12-1.6.1.jar with timestamp 1776022783317
[2026-04-12T19:39:44.499+0000] {subprocess.py:106} INFO - 26/04/12 19:39:44 INFO Utils: Copying /home/***/.ivy2/jars/org.apache.iceberg_iceberg-spark-runtime-3.5_2.12-1.6.1.jar to /tmp/spark-516dc01e-9b6e-4b92-82c5-21cf900e65ba/userFiles-b2de8e6b-2b1c-4d46-ab9b-87e6d88eced4/org.apache.iceberg_iceberg-spark-runtime-3.5_2.12-1.6.1.jar
[2026-04-12T19:39:44.550+0000] {subprocess.py:106} INFO - 26/04/12 19:39:44 INFO SparkContext: Added file file:///home/***/.ivy2/jars/org.projectnessie.nessie-integrations_nessie-spark-extensions-3.5_2.12-0.95.0.jar at spark://b4737cc55adb:43757/files/org.projectnessie.nessie-integrations_nessie-spark-extensions-3.5_2.12-0.95.0.jar with timestamp 1776022783317
[2026-04-12T19:39:44.551+0000] {subprocess.py:106} INFO - 26/04/12 19:39:44 INFO Utils: Copying /home/***/.ivy2/jars/org.projectnessie.nessie-integrations_nessie-spark-extensions-3.5_2.12-0.95.0.jar to /tmp/spark-516dc01e-9b6e-4b92-82c5-21cf900e65ba/userFiles-b2de8e6b-2b1c-4d46-ab9b-87e6d88eced4/org.projectnessie.nessie-integrations_nessie-spark-extensions-3.5_2.12-0.95.0.jar
[2026-04-12T19:39:44.559+0000] {subprocess.py:106} INFO - 26/04/12 19:39:44 INFO SparkContext: Added file file:///home/***/.ivy2/jars/org.apache.hadoop_hadoop-aws-3.3.4.jar at spark://b4737cc55adb:43757/files/org.apache.hadoop_hadoop-aws-3.3.4.jar with timestamp 1776022783317
[2026-04-12T19:39:44.560+0000] {subprocess.py:106} INFO - 26/04/12 19:39:44 INFO Utils: Copying /home/***/.ivy2/jars/org.apache.hadoop_hadoop-aws-3.3.4.jar to /tmp/spark-516dc01e-9b6e-4b92-82c5-21cf900e65ba/userFiles-b2de8e6b-2b1c-4d46-ab9b-87e6d88eced4/org.apache.hadoop_hadoop-aws-3.3.4.jar
[2026-04-12T19:39:44.565+0000] {subprocess.py:106} INFO - 26/04/12 19:39:44 INFO SparkContext: Added file file:///home/***/.ivy2/jars/com.amazonaws_aws-java-sdk-bundle-1.12.262.jar at spark://b4737cc55adb:43757/files/com.amazonaws_aws-java-sdk-bundle-1.12.262.jar with timestamp 1776022783317
[2026-04-12T19:39:44.566+0000] {subprocess.py:106} INFO - 26/04/12 19:39:44 INFO Utils: Copying /home/***/.ivy2/jars/com.amazonaws_aws-java-sdk-bundle-1.12.262.jar to /tmp/spark-516dc01e-9b6e-4b92-82c5-21cf900e65ba/userFiles-b2de8e6b-2b1c-4d46-ab9b-87e6d88eced4/com.amazonaws_aws-java-sdk-bundle-1.12.262.jar
[2026-04-12T19:39:44.744+0000] {subprocess.py:106} INFO - 26/04/12 19:39:44 INFO SparkContext: Added file file:///home/***/.ivy2/jars/org.wildfly.openssl_wildfly-openssl-1.0.7.Final.jar at spark://b4737cc55adb:43757/files/org.wildfly.openssl_wildfly-openssl-1.0.7.Final.jar with timestamp 1776022783317
[2026-04-12T19:39:44.745+0000] {subprocess.py:106} INFO - 26/04/12 19:39:44 INFO Utils: Copying /home/***/.ivy2/jars/org.wildfly.openssl_wildfly-openssl-1.0.7.Final.jar to /tmp/spark-516dc01e-9b6e-4b92-82c5-21cf900e65ba/userFiles-b2de8e6b-2b1c-4d46-ab9b-87e6d88eced4/org.wildfly.openssl_wildfly-openssl-1.0.7.Final.jar
[2026-04-12T19:39:44.848+0000] {subprocess.py:106} INFO - 26/04/12 19:39:44 INFO StandaloneAppClient$ClientEndpoint: Connecting to master spark://spark-master:7077...
[2026-04-12T19:39:44.905+0000] {subprocess.py:106} INFO - 26/04/12 19:39:44 INFO TransportClientFactory: Successfully created connection to spark-master/172.18.0.7:7077 after 33 ms (0 ms spent in bootstraps)
[2026-04-12T19:39:45.022+0000] {subprocess.py:106} INFO - 26/04/12 19:39:45 INFO StandaloneSchedulerBackend: Connected to Spark cluster with app ID app-20260412193945-0023
[2026-04-12T19:39:45.025+0000] {subprocess.py:106} INFO - 26/04/12 19:39:45 INFO StandaloneAppClient$ClientEndpoint: Executor added: app-20260412193945-0023/0 on worker-20260412190304-172.18.0.8-33391 (172.18.0.8:33391) with 2 core(s)
[2026-04-12T19:39:45.032+0000] {subprocess.py:106} INFO - 26/04/12 19:39:45 INFO StandaloneSchedulerBackend: Granted executor ID app-20260412193945-0023/0 on hostPort 172.18.0.8:33391 with 2 core(s), 2.0 GiB RAM
[2026-04-12T19:39:45.033+0000] {subprocess.py:106} INFO - 26/04/12 19:39:45 INFO StandaloneAppClient$ClientEndpoint: Executor added: app-20260412193945-0023/1 on worker-20260412190304-172.18.0.8-33391 (172.18.0.8:33391) with 2 core(s)
[2026-04-12T19:39:45.034+0000] {subprocess.py:106} INFO - 26/04/12 19:39:45 INFO StandaloneSchedulerBackend: Granted executor ID app-20260412193945-0023/1 on hostPort 172.18.0.8:33391 with 2 core(s), 2.0 GiB RAM
[2026-04-12T19:39:45.035+0000] {subprocess.py:106} INFO - 26/04/12 19:39:45 INFO StandaloneAppClient$ClientEndpoint: Executor added: app-20260412193945-0023/2 on worker-20260412190304-172.18.0.8-33391 (172.18.0.8:33391) with 2 core(s)
[2026-04-12T19:39:45.039+0000] {subprocess.py:106} INFO - 26/04/12 19:39:45 INFO StandaloneSchedulerBackend: Granted executor ID app-20260412193945-0023/2 on hostPort 172.18.0.8:33391 with 2 core(s), 2.0 GiB RAM
[2026-04-12T19:39:45.041+0000] {subprocess.py:106} INFO - 26/04/12 19:39:45 INFO StandaloneAppClient$ClientEndpoint: Executor added: app-20260412193945-0023/3 on worker-20260412190304-172.18.0.8-33391 (172.18.0.8:33391) with 2 core(s)
[2026-04-12T19:39:45.043+0000] {subprocess.py:106} INFO - 26/04/12 19:39:45 INFO StandaloneSchedulerBackend: Granted executor ID app-20260412193945-0023/3 on hostPort 172.18.0.8:33391 with 2 core(s), 2.0 GiB RAM
[2026-04-12T19:39:45.045+0000] {subprocess.py:106} INFO - 26/04/12 19:39:45 INFO StandaloneAppClient$ClientEndpoint: Executor added: app-20260412193945-0023/4 on worker-20260412190304-172.18.0.8-33391 (172.18.0.8:33391) with 2 core(s)
[2026-04-12T19:39:45.047+0000] {subprocess.py:106} INFO - 26/04/12 19:39:45 INFO StandaloneSchedulerBackend: Granted executor ID app-20260412193945-0023/4 on hostPort 172.18.0.8:33391 with 2 core(s), 2.0 GiB RAM
[2026-04-12T19:39:45.048+0000] {subprocess.py:106} INFO - 26/04/12 19:39:45 INFO StandaloneAppClient$ClientEndpoint: Executor added: app-20260412193945-0023/5 on worker-20260412190304-172.18.0.8-33391 (172.18.0.8:33391) with 2 core(s)
[2026-04-12T19:39:45.049+0000] {subprocess.py:106} INFO - 26/04/12 19:39:45 INFO StandaloneSchedulerBackend: Granted executor ID app-20260412193945-0023/5 on hostPort 172.18.0.8:33391 with 2 core(s), 2.0 GiB RAM
[2026-04-12T19:39:45.052+0000] {subprocess.py:106} INFO - 26/04/12 19:39:45 INFO Utils: Successfully started service 'org.apache.spark.network.netty.NettyBlockTransferService' on port 41363.
[2026-04-12T19:39:45.053+0000] {subprocess.py:106} INFO - 26/04/12 19:39:45 INFO NettyBlockTransferService: Server created on b4737cc55adb 0.0.0.0:41363
[2026-04-12T19:39:45.055+0000] {subprocess.py:106} INFO - 26/04/12 19:39:45 INFO BlockManager: Using org.apache.spark.storage.RandomBlockReplicationPolicy for block replication policy
[2026-04-12T19:39:45.079+0000] {subprocess.py:106} INFO - 26/04/12 19:39:45 INFO BlockManagerMaster: Registering BlockManager BlockManagerId(driver, b4737cc55adb, 41363, None)
[2026-04-12T19:39:45.087+0000] {subprocess.py:106} INFO - 26/04/12 19:39:45 INFO BlockManagerMasterEndpoint: Registering block manager b4737cc55adb:41363 with 434.4 MiB RAM, BlockManagerId(driver, b4737cc55adb, 41363, None)
[2026-04-12T19:39:45.093+0000] {subprocess.py:106} INFO - 26/04/12 19:39:45 INFO BlockManagerMaster: Registered BlockManager BlockManagerId(driver, b4737cc55adb, 41363, None)
[2026-04-12T19:39:45.094+0000] {subprocess.py:106} INFO - 26/04/12 19:39:45 INFO BlockManager: Initialized BlockManager: BlockManagerId(driver, b4737cc55adb, 41363, None)
[2026-04-12T19:39:45.323+0000] {subprocess.py:106} INFO - 26/04/12 19:39:45 INFO StandaloneAppClient$ClientEndpoint: Executor updated: app-20260412193945-0023/1 is now RUNNING
[2026-04-12T19:39:45.408+0000] {subprocess.py:106} INFO - 26/04/12 19:39:45 INFO StandaloneAppClient$ClientEndpoint: Executor updated: app-20260412193945-0023/0 is now RUNNING
[2026-04-12T19:39:45.432+0000] {subprocess.py:106} INFO - 26/04/12 19:39:45 INFO StandaloneAppClient$ClientEndpoint: Executor updated: app-20260412193945-0023/2 is now RUNNING
[2026-04-12T19:39:45.446+0000] {subprocess.py:106} INFO - 26/04/12 19:39:45 INFO StandaloneAppClient$ClientEndpoint: Executor updated: app-20260412193945-0023/4 is now RUNNING
[2026-04-12T19:39:45.447+0000] {subprocess.py:106} INFO - 26/04/12 19:39:45 INFO StandaloneAppClient$ClientEndpoint: Executor updated: app-20260412193945-0023/3 is now RUNNING
[2026-04-12T19:39:45.453+0000] {subprocess.py:106} INFO - 26/04/12 19:39:45 INFO StandaloneAppClient$ClientEndpoint: Executor updated: app-20260412193945-0023/5 is now RUNNING
[2026-04-12T19:39:46.132+0000] {subprocess.py:106} INFO - 26/04/12 19:39:46 INFO StandaloneSchedulerBackend: SchedulerBackend is ready for scheduling beginning after reached minRegisteredResourcesRatio: 0.0
[2026-04-12T19:39:46.934+0000] {subprocess.py:106} INFO - 2026-04-12 19:39:46,934 INFO Spark version: 3.5.5
[2026-04-12T19:39:46.952+0000] {subprocess.py:106} INFO - 26/04/12 19:39:46 INFO SharedState: Setting hive.metastore.warehouse.dir ('null') to the value of spark.sql.warehouse.dir.
[2026-04-12T19:39:46.970+0000] {subprocess.py:106} INFO - 26/04/12 19:39:46 INFO SharedState: Warehouse path is 'file:/tmp/***tmpra901c3_/spark-warehouse'.
[2026-04-12T19:39:52.839+0000] {subprocess.py:106} INFO - 26/04/12 19:39:52 INFO CatalogUtil: Loading custom FileIO implementation: org.apache.iceberg.hadoop.HadoopFileIO
[2026-04-12T19:39:56.136+0000] {subprocess.py:106} INFO - 26/04/12 19:39:56 INFO StandaloneSchedulerBackend$StandaloneDriverEndpoint: Registered executor NettyRpcEndpointRef(spark-client://Executor) (172.18.0.8:42668) with ID 0,  ResourceProfileId 0
[2026-04-12T19:39:56.212+0000] {subprocess.py:106} INFO - 26/04/12 19:39:56 INFO StandaloneSchedulerBackend$StandaloneDriverEndpoint: Registered executor NettyRpcEndpointRef(spark-client://Executor) (172.18.0.8:42676) with ID 2,  ResourceProfileId 0
[2026-04-12T19:39:56.500+0000] {subprocess.py:106} INFO - 26/04/12 19:39:56 INFO BlockManagerMasterEndpoint: Registering block manager 172.18.0.8:44321 with 1048.8 MiB RAM, BlockManagerId(0, 172.18.0.8, 44321, None)
[2026-04-12T19:39:56.532+0000] {subprocess.py:106} INFO - 26/04/12 19:39:56 INFO StandaloneSchedulerBackend$StandaloneDriverEndpoint: Registered executor NettyRpcEndpointRef(spark-client://Executor) (172.18.0.8:42696) with ID 3,  ResourceProfileId 0
[2026-04-12T19:39:56.769+0000] {subprocess.py:106} INFO - 26/04/12 19:39:56 INFO BlockManagerMasterEndpoint: Registering block manager 172.18.0.8:40501 with 1048.8 MiB RAM, BlockManagerId(2, 172.18.0.8, 40501, None)
[2026-04-12T19:39:56.876+0000] {subprocess.py:106} INFO - 26/04/12 19:39:56 INFO BlockManagerMasterEndpoint: Registering block manager 172.18.0.8:36797 with 1048.8 MiB RAM, BlockManagerId(3, 172.18.0.8, 36797, None)
[2026-04-12T19:39:57.021+0000] {subprocess.py:106} INFO - 2026-04-12 19:39:57,020 INFO Namespace 'nessie.gold' listo.
[2026-04-12T19:39:57.023+0000] {subprocess.py:106} INFO - 2026-04-12 19:39:57,020 INFO
[2026-04-12T19:39:57.024+0000] {subprocess.py:106} INFO - [★] cant_post_x_user_hist
[2026-04-12T19:39:57.113+0000] {subprocess.py:106} INFO - 26/04/12 19:39:57 INFO StandaloneSchedulerBackend$StandaloneDriverEndpoint: Registered executor NettyRpcEndpointRef(spark-client://Executor) (172.18.0.8:42718) with ID 4,  ResourceProfileId 0
[2026-04-12T19:39:57.303+0000] {subprocess.py:106} INFO - 26/04/12 19:39:57 INFO StandaloneSchedulerBackend$StandaloneDriverEndpoint: Registered executor NettyRpcEndpointRef(spark-client://Executor) (172.18.0.8:42708) with ID 1,  ResourceProfileId 0
[2026-04-12T19:39:57.495+0000] {subprocess.py:106} INFO - 26/04/12 19:39:57 INFO BlockManagerMasterEndpoint: Registering block manager 172.18.0.8:34057 with 1048.8 MiB RAM, BlockManagerId(4, 172.18.0.8, 34057, None)
[2026-04-12T19:39:57.496+0000] {subprocess.py:106} INFO - 26/04/12 19:39:57 INFO StandaloneSchedulerBackend$StandaloneDriverEndpoint: Registered executor NettyRpcEndpointRef(spark-client://Executor) (172.18.0.8:42722) with ID 5,  ResourceProfileId 0
[2026-04-12T19:39:57.602+0000] {subprocess.py:106} INFO - 26/04/12 19:39:57 INFO BaseMetastoreTableOperations: Refreshing table metadata from new version: s3a://iceberg/silver/post_hist_2c97489a-1825-4e8f-a9c8-38c0a6be3632/metadata/00000-fdba6514-188d-42b5-b046-33cfc69138de.metadata.json
[2026-04-12T19:39:57.641+0000] {subprocess.py:106} INFO - 26/04/12 19:39:57 INFO BlockManagerMasterEndpoint: Registering block manager 172.18.0.8:39077 with 1048.8 MiB RAM, BlockManagerId(1, 172.18.0.8, 39077, None)
[2026-04-12T19:39:57.859+0000] {subprocess.py:106} INFO - 26/04/12 19:39:57 INFO BlockManagerMasterEndpoint: Registering block manager 172.18.0.8:37171 with 1048.8 MiB RAM, BlockManagerId(5, 172.18.0.8, 37171, None)
[2026-04-12T19:39:58.087+0000] {subprocess.py:106} INFO - 26/04/12 19:39:58 WARN MetricsConfig: Cannot locate configuration: tried hadoop-metrics2-s3a-file-system.properties,hadoop-metrics2.properties
[2026-04-12T19:39:58.125+0000] {subprocess.py:106} INFO - 26/04/12 19:39:58 INFO MetricsSystemImpl: Scheduled Metric snapshot period at 10 second(s).
[2026-04-12T19:39:58.126+0000] {subprocess.py:106} INFO - 26/04/12 19:39:58 INFO MetricsSystemImpl: s3a-file-system metrics system started
[2026-04-12T19:40:01.950+0000] {subprocess.py:106} INFO - 26/04/12 19:40:01 INFO NessieUtil: loadTableMetadata for 'silver.post_hist' from location 's3a://iceberg/silver/post_hist_2c97489a-1825-4e8f-a9c8-38c0a6be3632/metadata/00000-fdba6514-188d-42b5-b046-33cfc69138de.metadata.json' at 'Branch{name=main, metadata=null, hash=372457d2b3cd5ed39c4835e6d3a0fea9c885b01e4ffa09be52dfb391ade85bc9}'
[2026-04-12T19:40:01.981+0000] {subprocess.py:106} INFO - 26/04/12 19:40:01 INFO BaseMetastoreCatalog: Table loaded by catalog: nessie.silver.post_hist
[2026-04-12T19:40:02.249+0000] {subprocess.py:106} INFO - 26/04/12 19:40:02 INFO BaseMetastoreTableOperations: Refreshing table metadata from new version: s3a://iceberg/silver/users_hist_29ea4f81-25a2-4974-a1d5-7fcae2b69ddf/metadata/00006-3626b10f-8f64-4b6c-bf18-295787f4f469.gz.metadata.json
[2026-04-12T19:40:02.306+0000] {subprocess.py:106} INFO - 26/04/12 19:40:02 INFO NessieUtil: loadTableMetadata for 'silver.users_hist' from location 's3a://iceberg/silver/users_hist_29ea4f81-25a2-4974-a1d5-7fcae2b69ddf/metadata/00006-3626b10f-8f64-4b6c-bf18-295787f4f469.gz.metadata.json' at 'Branch{name=main, metadata=null, hash=372457d2b3cd5ed39c4835e6d3a0fea9c885b01e4ffa09be52dfb391ade85bc9}'
[2026-04-12T19:40:02.308+0000] {subprocess.py:106} INFO - 26/04/12 19:40:02 INFO BaseMetastoreCatalog: Table loaded by catalog: nessie.silver.users_hist
[2026-04-12T19:40:03.849+0000] {subprocess.py:106} INFO - Traceback (most recent call last):
[2026-04-12T19:40:03.850+0000] {subprocess.py:106} INFO -   File "/opt/***/scripts/gold_agg.py", line 306, in <module>
[2026-04-12T19:40:03.858+0000] {subprocess.py:106} INFO -     main()
[2026-04-12T19:40:03.860+0000] {subprocess.py:106} INFO -   File "/opt/***/scripts/gold_agg.py", line 293, in main
[2026-04-12T19:40:03.868+0000] {subprocess.py:106} INFO -     total = build_cant_post_x_user_hist(spark)
[2026-04-12T19:40:03.869+0000] {subprocess.py:106} INFO -             ^^^^^^^^^^^^^^^^^^^^^^^^^^^^^^^^^^
[2026-04-12T19:40:03.870+0000] {subprocess.py:106} INFO -   File "/opt/***/scripts/gold_agg.py", line 119, in build_cant_post_x_user_hist
[2026-04-12T19:40:03.875+0000] {subprocess.py:106} INFO -     df = spark.sql(f"""
[2026-04-12T19:40:03.878+0000] {subprocess.py:106} INFO -          ^^^^^^^^^^^^^^
[2026-04-12T19:40:03.879+0000] {subprocess.py:106} INFO -   File "/opt/spark/python/lib/pyspark.zip/pyspark/sql/session.py", line 1631, in sql
[2026-04-12T19:40:03.881+0000] {subprocess.py:106} INFO -   File "/opt/spark/python/lib/py4j-0.10.9.7-src.zip/py4j/java_gateway.py", line 1322, in __call__
[2026-04-12T19:40:03.886+0000] {subprocess.py:106} INFO -   File "/opt/spark/python/lib/pyspark.zip/pyspark/errors/exceptions/captured.py", line 185, in deco
[2026-04-12T19:40:03.897+0000] {subprocess.py:106} INFO - pyspark.errors.exceptions.captured.AnalysisException: [UNRESOLVED_COLUMN.WITH_SUGGESTION] A column or function parameter with name `p`.`OwnerUserId` cannot be resolved. Did you mean one of the following? [`p`.`owner_user_id`, `p`.`score`, `p`.`year`, `u`.`Id`, `u`.`Views`].; line 19 pos 15;
[2026-04-12T19:40:03.901+0000] {subprocess.py:106} INFO - 'Aggregate ['p.OwnerUserId, 'u.DisplayName, 'p.anio, 'p.PostTypeId], ['p.OwnerUserId AS user_id#0, 'COALESCE('u.DisplayName, Unknown) AS display_name#1, 'p.anio AS anio#2, 'p.PostTypeId AS post_type_id#3, CASE WHEN ('p.PostTypeId = 1) THEN Question WHEN ('p.PostTypeId = 2) THEN Answer ELSE Other END AS post_type#4, 'COUNT('p.Id) AS cant_posts#5, 'COALESCE('SUM('p.Score), 0) AS total_score#6, 'ROUND('AVG('p.Score), 2) AS avg_score#7, 'COALESCE('SUM('p.ViewCount), 0) AS total_views#8, cast(2026-04-12 19:39:43 as timestamp) AS fecha_cargue#9]
[2026-04-12T19:40:03.903+0000] {subprocess.py:106} INFO - +- 'Filter isnotnull('p.OwnerUserId)
[2026-04-12T19:40:03.904+0000] {subprocess.py:106} INFO -    +- 'Join LeftOuter, ('p.OwnerUserId = Id#22L)
[2026-04-12T19:40:03.907+0000] {subprocess.py:106} INFO -       :- SubqueryAlias p
[2026-04-12T19:40:03.910+0000] {subprocess.py:106} INFO -       :  +- SubqueryAlias nessie.silver.post_hist
[2026-04-12T19:40:03.915+0000] {subprocess.py:106} INFO -       :     +- RelationV2[post_id#10L, owner_user_id#11L, title#12, body#13, creation_date#14, score#15L, view_count#16L, favorite_count#17L, last_activity_date#18, year#19, load_date#20, source_system#21] nessie.silver.post_hist nessie.silver.post_hist
[2026-04-12T19:40:03.917+0000] {subprocess.py:106} INFO -       +- SubqueryAlias u
[2026-04-12T19:40:03.918+0000] {subprocess.py:106} INFO -          +- SubqueryAlias nessie.silver.users_hist
[2026-04-12T19:40:03.920+0000] {subprocess.py:106} INFO -             +- RelationV2[Id#22L, Reputation#23L, creation_date#24, DisplayName#25, LastAccessDate#26, Views#27L, UpVotes#28L, DownVotes#29L, location#30, AccountId#31L, anio#32, fecha_cargue#33, fuente#34] nessie.silver.users_hist nessie.silver.users_hist
[2026-04-12T19:40:03.922+0000] {subprocess.py:106} INFO - 
[2026-04-12T19:40:03.925+0000] {subprocess.py:106} INFO - 2026-04-12 19:40:03,898 INFO Closing down clientserver connection
[2026-04-12T19:40:04.073+0000] {subprocess.py:106} INFO - 26/04/12 19:40:04 INFO SparkContext: Invoking stop() from shutdown hook
[2026-04-12T19:40:04.077+0000] {subprocess.py:106} INFO - 26/04/12 19:40:04 INFO SparkContext: SparkContext is stopping with exitCode 0.
[2026-04-12T19:40:04.121+0000] {subprocess.py:106} INFO - 26/04/12 19:40:04 INFO SparkUI: Stopped Spark web UI at http://b4737cc55adb:4040
[2026-04-12T19:40:04.138+0000] {subprocess.py:106} INFO - 26/04/12 19:40:04 INFO StandaloneSchedulerBackend: Shutting down all executors
[2026-04-12T19:40:04.142+0000] {subprocess.py:106} INFO - 26/04/12 19:40:04 INFO StandaloneSchedulerBackend$StandaloneDriverEndpoint: Asking each executor to shut down
[2026-04-12T19:40:04.210+0000] {subprocess.py:106} INFO - 26/04/12 19:40:04 INFO MapOutputTrackerMasterEndpoint: MapOutputTrackerMasterEndpoint stopped!
[2026-04-12T19:40:04.297+0000] {subprocess.py:106} INFO - 26/04/12 19:40:04 INFO MemoryStore: MemoryStore cleared
[2026-04-12T19:40:04.301+0000] {subprocess.py:106} INFO - 26/04/12 19:40:04 INFO BlockManager: BlockManager stopped
[2026-04-12T19:40:04.317+0000] {subprocess.py:106} INFO - 26/04/12 19:40:04 INFO BlockManagerMaster: BlockManagerMaster stopped
[2026-04-12T19:40:04.325+0000] {subprocess.py:106} INFO - 26/04/12 19:40:04 INFO OutputCommitCoordinator$OutputCommitCoordinatorEndpoint: OutputCommitCoordinator stopped!
[2026-04-12T19:40:04.511+0000] {subprocess.py:106} INFO - 26/04/12 19:40:04 ERROR TransportRequestHandler: Error sending result StreamResponse[streamId=/jars/com.amazonaws_aws-java-sdk-bundle-1.12.262.jar,byteCount=280645251,body=FileSegmentManagedBuffer[file=/home/***/.ivy2/jars/com.amazonaws_aws-java-sdk-bundle-1.12.262.jar,offset=0,length=280645251]] to /172.18.0.8:50748; closing connection
[2026-04-12T19:40:04.514+0000] {subprocess.py:106} INFO - io.netty.channel.StacklessClosedChannelException
[2026-04-12T19:40:04.517+0000] {subprocess.py:106} INFO - 	at io.netty.channel.AbstractChannel.close(ChannelPromise)(Unknown Source)
[2026-04-12T19:40:04.524+0000] {subprocess.py:106} INFO - 26/04/12 19:40:04 ERROR TransportRequestHandler: Error sending result StreamResponse[streamId=/jars/com.amazonaws_aws-java-sdk-bundle-1.12.262.jar,byteCount=280645251,body=FileSegmentManagedBuffer[file=/home/***/.ivy2/jars/com.amazonaws_aws-java-sdk-bundle-1.12.262.jar,offset=0,length=280645251]] to /172.18.0.8:50724; closing connection
[2026-04-12T19:40:04.527+0000] {subprocess.py:106} INFO - io.netty.channel.StacklessClosedChannelException
[2026-04-12T19:40:04.529+0000] {subprocess.py:106} INFO - 	at io.netty.channel.AbstractChannel.close(ChannelPromise)(Unknown Source)
[2026-04-12T19:40:04.539+0000] {subprocess.py:106} INFO - 26/04/12 19:40:04 ERROR TransportRequestHandler: Error sending result StreamResponse[streamId=/jars/com.amazonaws_aws-java-sdk-bundle-1.12.262.jar,byteCount=280645251,body=FileSegmentManagedBuffer[file=/home/***/.ivy2/jars/com.amazonaws_aws-java-sdk-bundle-1.12.262.jar,offset=0,length=280645251]] to /172.18.0.8:50736; closing connection
[2026-04-12T19:40:04.550+0000] {subprocess.py:106} INFO - io.netty.channel.StacklessClosedChannelException
[2026-04-12T19:40:04.556+0000] {subprocess.py:106} INFO - 	at io.netty.channel.AbstractChannel.close(ChannelPromise)(Unknown Source)
[2026-04-12T19:40:04.560+0000] {subprocess.py:106} INFO - 26/04/12 19:40:04 ERROR TransportRequestHandler: Error sending result StreamResponse[streamId=/jars/com.amazonaws_aws-java-sdk-bundle-1.12.262.jar,byteCount=280645251,body=FileSegmentManagedBuffer[file=/home/***/.ivy2/jars/com.amazonaws_aws-java-sdk-bundle-1.12.262.jar,offset=0,length=280645251]] to /172.18.0.8:50764; closing connection
[2026-04-12T19:40:04.566+0000] {subprocess.py:106} INFO - io.netty.channel.StacklessClosedChannelException
[2026-04-12T19:40:04.573+0000] {subprocess.py:106} INFO - 	at io.netty.channel.AbstractChannel.close(ChannelPromise)(Unknown Source)
[2026-04-12T19:40:04.577+0000] {subprocess.py:106} INFO - 26/04/12 19:40:04 ERROR TransportRequestHandler: Error sending result StreamResponse[streamId=/jars/com.amazonaws_aws-java-sdk-bundle-1.12.262.jar,byteCount=280645251,body=FileSegmentManagedBuffer[file=/home/***/.ivy2/jars/com.amazonaws_aws-java-sdk-bundle-1.12.262.jar,offset=0,length=280645251]] to /172.18.0.8:50708; closing connection
[2026-04-12T19:40:04.580+0000] {subprocess.py:106} INFO - io.netty.channel.StacklessClosedChannelException
[2026-04-12T19:40:04.585+0000] {subprocess.py:106} INFO - 	at io.netty.channel.AbstractChannel.close(ChannelPromise)(Unknown Source)
[2026-04-12T19:40:04.587+0000] {subprocess.py:106} INFO - 26/04/12 19:40:04 ERROR TransportRequestHandler: Error sending result StreamResponse[streamId=/jars/com.amazonaws_aws-java-sdk-bundle-1.12.262.jar,byteCount=280645251,body=FileSegmentManagedBuffer[file=/home/***/.ivy2/jars/com.amazonaws_aws-java-sdk-bundle-1.12.262.jar,offset=0,length=280645251]] to /172.18.0.8:50756; closing connection
[2026-04-12T19:40:04.591+0000] {subprocess.py:106} INFO - io.netty.channel.StacklessClosedChannelException
[2026-04-12T19:40:04.600+0000] {subprocess.py:106} INFO - 	at io.netty.channel.AbstractChannel.close(ChannelPromise)(Unknown Source)
[2026-04-12T19:40:04.687+0000] {subprocess.py:106} INFO - 26/04/12 19:40:04 INFO SparkContext: Successfully stopped SparkContext
[2026-04-12T19:40:04.691+0000] {subprocess.py:106} INFO - 26/04/12 19:40:04 INFO ShutdownHookManager: Shutdown hook called
[2026-04-12T19:40:04.704+0000] {subprocess.py:106} INFO - 26/04/12 19:40:04 INFO ShutdownHookManager: Deleting directory /tmp/spark-516dc01e-9b6e-4b92-82c5-21cf900e65ba/pyspark-5d1c012b-9c1e-439e-afb7-97d454f83462
[2026-04-12T19:40:04.713+0000] {subprocess.py:106} INFO - 26/04/12 19:40:04 INFO ShutdownHookManager: Deleting directory /tmp/spark-23ec6b2d-ae86-4607-bbd0-017c45bf3d05
[2026-04-12T19:40:04.722+0000] {subprocess.py:106} INFO - 26/04/12 19:40:04 INFO ShutdownHookManager: Deleting directory /tmp/spark-516dc01e-9b6e-4b92-82c5-21cf900e65ba
[2026-04-12T19:40:04.734+0000] {subprocess.py:106} INFO - 26/04/12 19:40:04 INFO MetricsSystemImpl: Stopping s3a-file-system metrics system...
[2026-04-12T19:40:04.737+0000] {subprocess.py:106} INFO - 26/04/12 19:40:04 INFO MetricsSystemImpl: s3a-file-system metrics system stopped.
[2026-04-12T19:40:04.739+0000] {subprocess.py:106} INFO - 26/04/12 19:40:04 INFO MetricsSystemImpl: s3a-file-system metrics system shutdown complete.
[2026-04-12T19:40:05.128+0000] {subprocess.py:110} INFO - Command exited with return code 1
[2026-04-12T19:40:05.147+0000] {taskinstance.py:3311} ERROR - Task failed with exception
Traceback (most recent call last):
  File "/home/airflow/.local/lib/python3.12/site-packages/airflow/models/taskinstance.py", line 762, in _execute_task
    result = _execute_callable(context=context, **execute_callable_kwargs)
             ^^^^^^^^^^^^^^^^^^^^^^^^^^^^^^^^^^^^^^^^^^^^^^^^^^^^^^^^^^^^^
  File "/home/airflow/.local/lib/python3.12/site-packages/airflow/models/taskinstance.py", line 733, in _execute_callable
    return ExecutionCallableRunner(
           ^^^^^^^^^^^^^^^^^^^^^^^^
  File "/home/airflow/.local/lib/python3.12/site-packages/airflow/utils/operator_helpers.py", line 252, in run
    return self.func(*args, **kwargs)
           ^^^^^^^^^^^^^^^^^^^^^^^^^^
  File "/home/airflow/.local/lib/python3.12/site-packages/airflow/models/baseoperator.py", line 417, in wrapper
    return func(self, *args, **kwargs)
           ^^^^^^^^^^^^^^^^^^^^^^^^^^^
  File "/home/airflow/.local/lib/python3.12/site-packages/airflow/operators/bash.py", line 276, in execute
    raise AirflowException(
airflow.exceptions.AirflowException: Bash command failed. The command returned a non-zero exit code 1.
[2026-04-12T19:40:05.158+0000] {taskinstance.py:1225} INFO - Marking task as UP_FOR_RETRY. dag_id=stackoverflow_pipeline, task_id=gold_agg, run_id=manual__2026-04-12T19:38:33+00:00, execution_date=20260412T193833, start_date=20260412T193938, end_date=20260412T194005
[2026-04-12T19:40:05.177+0000] {taskinstance.py:340} INFO - ::group::Post task execution logs
[2026-04-12T19:40:05.178+0000] {standard_task_runner.py:124} ERROR - Failed to execute job 34 for task gold_agg (Bash command failed. The command returned a non-zero exit code 1.; 7546)
Traceback (most recent call last):
  File "/home/airflow/.local/lib/python3.12/site-packages/airflow/task/task_runner/standard_task_runner.py", line 117, in _start_by_fork
    ret = args.func(args, dag=self.dag)
          ^^^^^^^^^^^^^^^^^^^^^^^^^^^^^
  File "/home/airflow/.local/lib/python3.12/site-packages/airflow/cli/cli_config.py", line 49, in command
    return func(*args, **kwargs)
           ^^^^^^^^^^^^^^^^^^^^^
  File "/home/airflow/.local/lib/python3.12/site-packages/airflow/utils/cli.py", line 116, in wrapper
    return f(*args, **kwargs)
           ^^^^^^^^^^^^^^^^^^
  File "/home/airflow/.local/lib/python3.12/site-packages/airflow/cli/commands/task_command.py", line 483, in task_run
    task_return_code = _run_task_by_selected_method(args, _dag, ti)
                       ^^^^^^^^^^^^^^^^^^^^^^^^^^^^^^^^^^^^^^^^^^^^
  File "/home/airflow/.local/lib/python3.12/site-packages/airflow/cli/commands/task_command.py", line 256, in _run_task_by_selected_method
    return _run_raw_task(args, ti)
           ^^^^^^^^^^^^^^^^^^^^^^^
  File "/home/airflow/.local/lib/python3.12/site-packages/airflow/cli/commands/task_command.py", line 341, in _run_raw_task
    return ti._run_raw_task(
           ^^^^^^^^^^^^^^^^^
  File "/home/airflow/.local/lib/python3.12/site-packages/airflow/utils/session.py", line 97, in wrapper
    return func(*args, session=session, **kwargs)
           ^^^^^^^^^^^^^^^^^^^^^^^^^^^^^^^^^^^^^^
  File "/home/airflow/.local/lib/python3.12/site-packages/airflow/models/taskinstance.py", line 3005, in _run_raw_task
    return _run_raw_task(
           ^^^^^^^^^^^^^^
  File "/home/airflow/.local/lib/python3.12/site-packages/airflow/models/taskinstance.py", line 273, in _run_raw_task
    TaskInstance._execute_task_with_callbacks(
  File "/home/airflow/.local/lib/python3.12/site-packages/airflow/models/taskinstance.py", line 3159, in _execute_task_with_callbacks
    result = self._execute_task(context, task_orig)
             ^^^^^^^^^^^^^^^^^^^^^^^^^^^^^^^^^^^^^^
  File "/home/airflow/.local/lib/python3.12/site-packages/airflow/models/taskinstance.py", line 3183, in _execute_task
    return _execute_task(self, context, task_orig)
           ^^^^^^^^^^^^^^^^^^^^^^^^^^^^^^^^^^^^^^^
  File "/home/airflow/.local/lib/python3.12/site-packages/airflow/models/taskinstance.py", line 762, in _execute_task
    result = _execute_callable(context=context, **execute_callable_kwargs)
             ^^^^^^^^^^^^^^^^^^^^^^^^^^^^^^^^^^^^^^^^^^^^^^^^^^^^^^^^^^^^^
  File "/home/airflow/.local/lib/python3.12/site-packages/airflow/models/taskinstance.py", line 733, in _execute_callable
    return ExecutionCallableRunner(
           ^^^^^^^^^^^^^^^^^^^^^^^^
  File "/home/airflow/.local/lib/python3.12/site-packages/airflow/utils/operator_helpers.py", line 252, in run
    return self.func(*args, **kwargs)
           ^^^^^^^^^^^^^^^^^^^^^^^^^^
  File "/home/airflow/.local/lib/python3.12/site-packages/airflow/models/baseoperator.py", line 417, in wrapper
    return func(self, *args, **kwargs)
           ^^^^^^^^^^^^^^^^^^^^^^^^^^^
  File "/home/airflow/.local/lib/python3.12/site-packages/airflow/operators/bash.py", line 276, in execute
    raise AirflowException(
airflow.exceptions.AirflowException: Bash command failed. The command returned a non-zero exit code 1.
[2026-04-12T19:40:05.211+0000] {local_task_job_runner.py:266} INFO - Task exited with return code 1
[2026-04-12T19:40:05.232+0000] {taskinstance.py:3895} INFO - 0 downstream tasks scheduled from follow-on schedule check
[2026-04-12T19:40:05.235+0000] {local_task_job_runner.py:245} INFO - ::endgroup::
