[2026-04-12T22:25:16.691+0000] {local_task_job_runner.py:123} INFO - ::group::Pre task execution logs
[2026-04-12T22:25:16.707+0000] {taskinstance.py:2613} INFO - Dependencies all met for dep_context=non-requeueable deps ti=<TaskInstance: stackoverflow_pipeline.silver_transform manual__2026-04-12T22:19:27+00:00 [queued]>
[2026-04-12T22:25:16.713+0000] {taskinstance.py:2613} INFO - Dependencies all met for dep_context=requeueable deps ti=<TaskInstance: stackoverflow_pipeline.silver_transform manual__2026-04-12T22:19:27+00:00 [queued]>
[2026-04-12T22:25:16.846+0000] {taskinstance.py:2866} INFO - Starting attempt 2 of 2
[2026-04-12T22:25:19.795+0000] {taskinstance.py:2889} INFO - Executing <Task(PythonOperator): silver_transform> on 2026-04-12 22:19:27+00:00
[2026-04-12T22:25:19.801+0000] {warnings.py:112} WARNING - /home/***/.local/lib/python3.12/site-packages/***/task/task_runner/standard_task_runner.py:70: DeprecationWarning: This process (pid=4481) is multi-threaded, use of fork() may lead to deadlocks in the child.
  pid = os.fork()

[2026-04-12T22:25:19.804+0000] {standard_task_runner.py:72} INFO - Started process 4533 to run task
[2026-04-12T22:25:19.804+0000] {standard_task_runner.py:104} INFO - Running: ['***', 'tasks', 'run', 'stackoverflow_pipeline', 'silver_transform', 'manual__2026-04-12T22:19:27+00:00', '--job-id', '21', '--raw', '--subdir', 'DAGS_FOLDER/stackoverflow_pipeline.py', '--cfg-path', '/tmp/tmpnrnp8onu']
[2026-04-12T22:25:19.807+0000] {standard_task_runner.py:105} INFO - Job 21: Subtask silver_transform
[2026-04-12T22:25:19.900+0000] {task_command.py:467} INFO - Running <TaskInstance: stackoverflow_pipeline.silver_transform manual__2026-04-12T22:19:27+00:00 [running]> on host c4009cb8af5f
[2026-04-12T22:25:20.273+0000] {taskinstance.py:3132} INFO - Exporting env vars: AIRFLOW_CTX_DAG_OWNER='fhbd-grupo' AIRFLOW_CTX_DAG_ID='stackoverflow_pipeline' AIRFLOW_CTX_TASK_ID='silver_transform' AIRFLOW_CTX_EXECUTION_DATE='2026-04-12T22:19:27+00:00' AIRFLOW_CTX_TRY_NUMBER='2' AIRFLOW_CTX_DAG_RUN_ID='manual__2026-04-12T22:19:27+00:00'
[2026-04-12T22:25:20.275+0000] {taskinstance.py:731} INFO - ::endgroup::
[2026-04-12T22:25:20.289+0000] {stackoverflow_pipeline.py:197} INFO - Running command: /opt/spark/bin/spark-submit --master spark://spark-master:7077 --conf spark.submit.deployMode=client --conf spark.driver.bindAddress=0.0.0.0 --conf spark.executor.instances=1 --conf spark.executor.cores=2 --conf spark.executor.memory=2g --conf spark.driver.memory=1g --conf spark.sql.extensions=org.apache.iceberg.spark.extensions.IcebergSparkSessionExtensions,org.projectnessie.spark.extensions.NessieSparkSessionExtensions --conf spark.sql.catalog.nessie=org.apache.iceberg.spark.SparkCatalog --conf spark.sql.catalog.nessie.catalog-impl=org.apache.iceberg.nessie.NessieCatalog --conf spark.sql.catalog.nessie.uri=http://proyecto2-nessie:19120/api/v1 --conf spark.sql.catalog.nessie.ref=main --conf spark.sql.catalog.nessie.authentication.type=NONE --conf spark.sql.catalog.nessie.warehouse=s3a://iceberg/ --conf spark.hadoop.fs.s3a.endpoint=http://proyecto2-minio:9000 --conf spark.hadoop.fs.s3a.access.key=minioadmin --conf spark.hadoop.fs.s3a.secret.key=minioadmin123 --conf spark.hadoop.fs.s3a.path.style.access=true --conf spark.hadoop.fs.s3a.impl=org.apache.hadoop.fs.s3a.S3AFileSystem --conf spark.hadoop.fs.s3a.aws.credentials.provider=org.apache.hadoop.fs.s3a.SimpleAWSCredentialsProvider --conf spark.hadoop.fs.s3a.connection.ssl.enabled=false --packages org.apache.iceberg:iceberg-spark-runtime-3.5_2.12:1.6.1,org.projectnessie.nessie-integrations:nessie-spark-extensions-3.5_2.12:0.95.0,org.apache.hadoop:hadoop-aws:3.3.4,com.amazonaws:aws-java-sdk-bundle:1.12.262 --name silver_users_hist --verbose /opt/***/scripts/silver_transform.py
[2026-04-12T22:25:20.290+0000] {stackoverflow_pipeline.py:198} INFO - Environment vars: CH_DB=stackoverflow, CH_HOST=play.clickhouse.com, CH_PASSWORD=, CH_PORT=443, CH_USER=play, GOLD_NAMESPACE=gold, MAX_ROWS=100000, MINIO_ACCESS_KEY=minioadmin, MINIO_BUCKET_BRONZE=bronze, MINIO_BUCKET_ICEBERG=iceberg, MINIO_ENDPOINT=http://proyecto2-minio:9000, MINIO_SECRET_KEY=minioadmin123, NESSIE_BRANCH=main, NESSIE_URL=http://proyecto2-nessie:19120/api/v1, SILVER_NAMESPACE=silver
[2026-04-12T22:25:41.641+0000] {job.py:229} INFO - Heartbeat recovered after 11.69 seconds
[2026-04-12T22:25:51.268+0000] {job.py:229} INFO - Heartbeat recovered after 16.27 seconds
[2026-04-12T22:26:08.127+0000] {stackoverflow_pipeline.py:203} INFO - Spark stdout:
:: loading settings :: url = jar:file:/opt/spark/jars/ivy-2.5.1.jar!/org/apache/ivy/core/settings/ivysettings.xml
2026-04-12 22:25:23,452 INFO ============================================================
2026-04-12 22:25:23,452 INFO SILVER TRANSFORM — users_hist
2026-04-12 22:25:23,452 INFO ============================================================
2026-04-12 22:25:25,570 INFO Spark version: 3.5.5
2026-04-12 22:25:25,570 INFO Leyendo Bronze: s3a://bronze/users/2019/users_2019.parquet
2026-04-12 22:25:30,490 WARNING   ⚠️  No se pudo leer s3a://bronze/users/2019/users_2019.parquet: [PATH_NOT_FOUND] Path does not exist: s3a://bronze/users/2019/users_2019.parquet.
2026-04-12 22:25:30,490 INFO Leyendo Bronze: s3a://bronze/users/2020/users_2020.parquet
2026-04-12 22:25:30,614 WARNING   ⚠️  No se pudo leer s3a://bronze/users/2020/users_2020.parquet: [PATH_NOT_FOUND] Path does not exist: s3a://bronze/users/2020/users_2020.parquet.
2026-04-12 22:25:30,615 INFO Leyendo Bronze: s3a://bronze/users/2021/users_2021.parquet
2026-04-12 22:25:57,008 INFO   → 5,000 filas del año 2021
2026-04-12 22:25:57,704 INFO Total filas Bronze (3 años): 5,000
/opt/***/scripts/silver_transform.py:106: DeprecationWarning: datetime.datetime.utcnow() is deprecated and scheduled for removal in a future version. Use timezone-aware objects to represent datetimes in UTC: datetime.datetime.now(datetime.UTC).
  .withColumn("fecha_cargue", F.lit(datetime.utcnow().strftime("%Y-%m-%d %H:%M:%S"))
2026-04-12 22:25:58,382 INFO Namespace 'nessie.silver' listo.
2026-04-12 22:25:59,127 INFO Tabla 'nessie.silver.users_hist' ya existe.
2026-04-12 22:25:59,150 INFO Ejecutando MERGE INTO nessie.silver.users_hist...
2026-04-12 22:26:06,791 INFO MERGE completado.
2026-04-12 22:26:07,280 INFO ------------------------------------------------------------
2026-04-12 22:26:07,280 INFO ✅ Silver users_hist — total filas: 5,000
2026-04-12 22:26:07,280 INFO    Tabla: nessie.silver.users_hist
2026-04-12 22:26:07,281 INFO ============================================================
2026-04-12 22:26:07,713 INFO Closing down clientserver connection

[2026-04-12T22:26:08.128+0000] {stackoverflow_pipeline.py:205} ERROR - Spark stderr:
/opt/spark/bin/load-spark-env.sh: line 68: ps: command not found
Using properties file: null
Parsed arguments:
  master                  spark://spark-master:7077
  remote                  null
  deployMode              client
  executorMemory          2g
  executorCores           2
  totalExecutorCores      null
  propertiesFile          null
  driverMemory            1g
  driverCores             null
  driverExtraClassPath    null
  driverExtraLibraryPath  null
  driverExtraJavaOptions  null
  supervise               false
  queue                   null
  numExecutors            1
  files                   null
  pyFiles                 null
  archives                null
  mainClass               null
  primaryResource         file:/opt/***/scripts/silver_transform.py
  name                    silver_users_hist
  childArgs               []
  jars                    null
  packages                org.apache.iceberg:iceberg-spark-runtime-3.5_2.12:1.6.1,org.projectnessie.nessie-integrations:nessie-spark-extensions-3.5_2.12:0.95.0,org.apache.hadoop:hadoop-aws:3.3.4,com.amazonaws:aws-java-sdk-bundle:1.12.262
  packagesExclusions      null
  repositories            null
  verbose                 true

Spark properties used, including those specified through
 --conf and those from the properties file null:
  (spark.driver.bindAddress,0.0.0.0)
  (spark.driver.memory,1g)
  (spark.executor.cores,2)
  (spark.executor.instances,1)
  (spark.executor.memory,2g)
  (spark.hadoop.fs.s3a.access.key,*********(redacted))
  (spark.hadoop.fs.s3a.aws.credentials.provider,org.apache.hadoop.fs.s3a.SimpleAWSCredentialsProvider)
  (spark.hadoop.fs.s3a.connection.ssl.enabled,false)
  (spark.hadoop.fs.s3a.endpoint,http://proyecto2-minio:9000)
  (spark.hadoop.fs.s3a.impl,org.apache.hadoop.fs.s3a.S3AFileSystem)
  (spark.hadoop.fs.s3a.path.style.access,true)
  (spark.hadoop.fs.s3a.secret.key,*********(redacted))
  (spark.sql.catalog.nessie,org.apache.iceberg.spark.SparkCatalog)
  (spark.sql.catalog.nessie.authentication.type,NONE)
  (spark.sql.catalog.nessie.catalog-impl,org.apache.iceberg.nessie.NessieCatalog)
  (spark.sql.catalog.nessie.ref,main)
  (spark.sql.catalog.nessie.uri,http://proyecto2-nessie:19120/api/v1)
  (spark.sql.catalog.nessie.warehouse,s3a://iceberg/)
  (spark.sql.extensions,org.apache.iceberg.spark.extensions.IcebergSparkSessionExtensions,org.projectnessie.spark.extensions.NessieSparkSessionExtensions)
  (spark.submit.deployMode,client)

    
Ivy Default Cache set to: /home/***/.ivy2/cache
The jars for the packages stored in: /home/***/.ivy2/jars
org.apache.iceberg#iceberg-spark-runtime-3.5_2.12 added as a dependency
org.projectnessie.nessie-integrations#nessie-spark-extensions-3.5_2.12 added as a dependency
org.apache.hadoop#hadoop-aws added as a dependency
com.amazonaws#aws-java-sdk-bundle added as a dependency
:: resolving dependencies :: org.apache.spark#spark-submit-parent-cc6ee66a-016a-45a1-b76a-75e3cfc52743;1.0
	confs: [default]
	found org.apache.iceberg#iceberg-spark-runtime-3.5_2.12;1.6.1 in central
	found org.projectnessie.nessie-integrations#nessie-spark-extensions-3.5_2.12;0.95.0 in central
	found org.apache.hadoop#hadoop-aws;3.3.4 in central
	found com.amazonaws#aws-java-sdk-bundle;1.12.262 in central
	found org.wildfly.openssl#wildfly-openssl;1.0.7.Final in central
:: resolution report :: resolve 237ms :: artifacts dl 8ms
	:: modules in use:
	com.amazonaws#aws-java-sdk-bundle;1.12.262 from central in [default]
	org.apache.hadoop#hadoop-aws;3.3.4 from central in [default]
	org.apache.iceberg#iceberg-spark-runtime-3.5_2.12;1.6.1 from central in [default]
	org.projectnessie.nessie-integrations#nessie-spark-extensions-3.5_2.12;0.95.0 from central in [default]
	org.wildfly.openssl#wildfly-openssl;1.0.7.Final from central in [default]
	---------------------------------------------------------------------
	|                  |            modules            ||   artifacts   |
	|       conf       | number| search|dwnlded|evicted|| number|dwnlded|
	---------------------------------------------------------------------
	|      default     |   5   |   0   |   0   |   0   ||   5   |   0   |
	---------------------------------------------------------------------
:: retrieving :: org.apache.spark#spark-submit-parent-cc6ee66a-016a-45a1-b76a-75e3cfc52743
	confs: [default]
	0 artifacts copied, 5 already retrieved (0kB/7ms)
26/04/12 22:25:22 WARN NativeCodeLoader: Unable to load native-hadoop library for your platform... using builtin-java classes where applicable
Main class:
org.apache.spark.deploy.PythonRunner
Arguments:
file:/opt/***/scripts/silver_transform.py
file:///home/***/.ivy2/jars/org.apache.iceberg_iceberg-spark-runtime-3.5_2.12-1.6.1.jar,file:///home/***/.ivy2/jars/org.projectnessie.nessie-integrations_nessie-spark-extensions-3.5_2.12-0.95.0.jar,file:///home/***/.ivy2/jars/org.apache.hadoop_hadoop-aws-3.3.4.jar,file:///home/***/.ivy2/jars/com.amazonaws_aws-java-sdk-bundle-1.12.262.jar,file:///home/***/.ivy2/jars/org.wildfly.openssl_wildfly-openssl-1.0.7.Final.jar
Spark config:
(spark.app.name,silver_users_hist)
(spark.app.submitTime,1776032722308)
(spark.driver.bindAddress,0.0.0.0)
(spark.driver.memory,1g)
(spark.executor.cores,2)
(spark.executor.instances,1)
(spark.executor.memory,2g)
(spark.files,file:///home/***/.ivy2/jars/org.apache.iceberg_iceberg-spark-runtime-3.5_2.12-1.6.1.jar,file:///home/***/.ivy2/jars/org.projectnessie.nessie-integrations_nessie-spark-extensions-3.5_2.12-0.95.0.jar,file:///home/***/.ivy2/jars/org.apache.hadoop_hadoop-aws-3.3.4.jar,file:///home/***/.ivy2/jars/com.amazonaws_aws-java-sdk-bundle-1.12.262.jar,file:///home/***/.ivy2/jars/org.wildfly.openssl_wildfly-openssl-1.0.7.Final.jar)
(spark.hadoop.fs.s3a.access.key,*********(redacted))
(spark.hadoop.fs.s3a.aws.credentials.provider,org.apache.hadoop.fs.s3a.SimpleAWSCredentialsProvider)
(spark.hadoop.fs.s3a.connection.ssl.enabled,false)
(spark.hadoop.fs.s3a.endpoint,http://proyecto2-minio:9000)
(spark.hadoop.fs.s3a.impl,org.apache.hadoop.fs.s3a.S3AFileSystem)
(spark.hadoop.fs.s3a.path.style.access,true)
(spark.hadoop.fs.s3a.secret.key,*********(redacted))
(spark.jars,file:///home/***/.ivy2/jars/org.apache.iceberg_iceberg-spark-runtime-3.5_2.12-1.6.1.jar,file:///home/***/.ivy2/jars/org.projectnessie.nessie-integrations_nessie-spark-extensions-3.5_2.12-0.95.0.jar,file:///home/***/.ivy2/jars/org.apache.hadoop_hadoop-aws-3.3.4.jar,file:///home/***/.ivy2/jars/com.amazonaws_aws-java-sdk-bundle-1.12.262.jar,file:///home/***/.ivy2/jars/org.wildfly.openssl_wildfly-openssl-1.0.7.Final.jar)
(spark.master,spark://spark-master:7077)
(spark.repl.local.jars,file:///home/***/.ivy2/jars/org.apache.iceberg_iceberg-spark-runtime-3.5_2.12-1.6.1.jar,file:///home/***/.ivy2/jars/org.projectnessie.nessie-integrations_nessie-spark-extensions-3.5_2.12-0.95.0.jar,file:///home/***/.ivy2/jars/org.apache.hadoop_hadoop-aws-3.3.4.jar,file:///home/***/.ivy2/jars/com.amazonaws_aws-java-sdk-bundle-1.12.262.jar,file:///home/***/.ivy2/jars/org.wildfly.openssl_wildfly-openssl-1.0.7.Final.jar)
(spark.sql.catalog.nessie,org.apache.iceberg.spark.SparkCatalog)
(spark.sql.catalog.nessie.authentication.type,NONE)
(spark.sql.catalog.nessie.catalog-impl,org.apache.iceberg.nessie.NessieCatalog)
(spark.sql.catalog.nessie.ref,main)
(spark.sql.catalog.nessie.uri,http://proyecto2-nessie:19120/api/v1)
(spark.sql.catalog.nessie.warehouse,s3a://iceberg/)
(spark.sql.extensions,org.apache.iceberg.spark.extensions.IcebergSparkSessionExtensions,org.projectnessie.spark.extensions.NessieSparkSessionExtensions)
(spark.submit.deployMode,client)
(spark.submit.pyFiles,/home/***/.ivy2/jars/org.apache.iceberg_iceberg-spark-runtime-3.5_2.12-1.6.1.jar,/home/***/.ivy2/jars/org.projectnessie.nessie-integrations_nessie-spark-extensions-3.5_2.12-0.95.0.jar,/home/***/.ivy2/jars/org.apache.hadoop_hadoop-aws-3.3.4.jar,/home/***/.ivy2/jars/com.amazonaws_aws-java-sdk-bundle-1.12.262.jar,/home/***/.ivy2/jars/org.wildfly.openssl_wildfly-openssl-1.0.7.Final.jar)
Classpath elements:
file:///home/***/.ivy2/jars/org.apache.iceberg_iceberg-spark-runtime-3.5_2.12-1.6.1.jar
file:///home/***/.ivy2/jars/org.projectnessie.nessie-integrations_nessie-spark-extensions-3.5_2.12-0.95.0.jar
file:///home/***/.ivy2/jars/org.apache.hadoop_hadoop-aws-3.3.4.jar
file:///home/***/.ivy2/jars/com.amazonaws_aws-java-sdk-bundle-1.12.262.jar
file:///home/***/.ivy2/jars/org.wildfly.openssl_wildfly-openssl-1.0.7.Final.jar


26/04/12 22:25:23 INFO SparkContext: Running Spark version 3.5.5
26/04/12 22:25:23 INFO SparkContext: OS info Linux, 6.6.87.2-microsoft-standard-WSL2, amd64
26/04/12 22:25:23 INFO SparkContext: Java version 17.0.18
26/04/12 22:25:23 INFO ResourceUtils: ==============================================================
26/04/12 22:25:23 INFO ResourceUtils: No custom resources configured for spark.driver.
26/04/12 22:25:23 INFO ResourceUtils: ==============================================================
26/04/12 22:25:23 INFO SparkContext: Submitted application: silver_users_hist
26/04/12 22:25:23 INFO ResourceProfile: Default ResourceProfile created, executor resources: Map(cores -> name: cores, amount: 2, script: , vendor: , memory -> name: memory, amount: 2048, script: , vendor: , offHeap -> name: offHeap, amount: 0, script: , vendor: ), task resources: Map(cpus -> name: cpus, amount: 1.0)
26/04/12 22:25:23 INFO ResourceProfile: Limiting resource is cpus at 2 tasks per executor
26/04/12 22:25:23 INFO ResourceProfileManager: Added ResourceProfile id: 0
26/04/12 22:25:23 INFO SecurityManager: Changing view acls to: ***
26/04/12 22:25:23 INFO SecurityManager: Changing modify acls to: ***
26/04/12 22:25:23 INFO SecurityManager: Changing view acls groups to: 
26/04/12 22:25:23 INFO SecurityManager: Changing modify acls groups to: 
26/04/12 22:25:23 INFO SecurityManager: SecurityManager: authentication disabled; ui acls disabled; users with view permissions: ***; groups with view permissions: EMPTY; users with modify permissions: ***; groups with modify permissions: EMPTY
26/04/12 22:25:23 INFO Utils: Successfully started service 'sparkDriver' on port 40493.
26/04/12 22:25:23 INFO SparkEnv: Registering MapOutputTracker
26/04/12 22:25:23 INFO SparkEnv: Registering BlockManagerMaster
26/04/12 22:25:23 INFO BlockManagerMasterEndpoint: Using org.apache.spark.storage.DefaultTopologyMapper for getting topology information
26/04/12 22:25:23 INFO BlockManagerMasterEndpoint: BlockManagerMasterEndpoint up
26/04/12 22:25:23 INFO SparkEnv: Registering BlockManagerMasterHeartbeat
26/04/12 22:25:23 INFO DiskBlockManager: Created local directory at /tmp/blockmgr-b5b51481-fde5-4268-957a-4466b40bd1eb
26/04/12 22:25:23 INFO MemoryStore: MemoryStore started with capacity 434.4 MiB
26/04/12 22:25:24 INFO SparkEnv: Registering OutputCommitCoordinator
26/04/12 22:25:24 INFO JettyUtils: Start Jetty 0.0.0.0:4040 for SparkUI
26/04/12 22:25:24 WARN Utils: Service 'SparkUI' could not bind on port 4040. Attempting port 4041.
26/04/12 22:25:24 INFO Utils: Successfully started service 'SparkUI' on port 4041.
26/04/12 22:25:24 INFO SparkContext: Added JAR file:///home/***/.ivy2/jars/org.apache.iceberg_iceberg-spark-runtime-3.5_2.12-1.6.1.jar at spark://c4009cb8af5f:40493/jars/org.apache.iceberg_iceberg-spark-runtime-3.5_2.12-1.6.1.jar with timestamp 1776032723573
26/04/12 22:25:24 INFO SparkContext: Added JAR file:///home/***/.ivy2/jars/org.projectnessie.nessie-integrations_nessie-spark-extensions-3.5_2.12-0.95.0.jar at spark://c4009cb8af5f:40493/jars/org.projectnessie.nessie-integrations_nessie-spark-extensions-3.5_2.12-0.95.0.jar with timestamp 1776032723573
26/04/12 22:25:24 INFO SparkContext: Added JAR file:///home/***/.ivy2/jars/org.apache.hadoop_hadoop-aws-3.3.4.jar at spark://c4009cb8af5f:40493/jars/org.apache.hadoop_hadoop-aws-3.3.4.jar with timestamp 1776032723573
26/04/12 22:25:24 INFO SparkContext: Added JAR file:///home/***/.ivy2/jars/com.amazonaws_aws-java-sdk-bundle-1.12.262.jar at spark://c4009cb8af5f:40493/jars/com.amazonaws_aws-java-sdk-bundle-1.12.262.jar with timestamp 1776032723573
26/04/12 22:25:24 INFO SparkContext: Added JAR file:///home/***/.ivy2/jars/org.wildfly.openssl_wildfly-openssl-1.0.7.Final.jar at spark://c4009cb8af5f:40493/jars/org.wildfly.openssl_wildfly-openssl-1.0.7.Final.jar with timestamp 1776032723573
26/04/12 22:25:24 INFO SparkContext: Added file file:///home/***/.ivy2/jars/org.apache.iceberg_iceberg-spark-runtime-3.5_2.12-1.6.1.jar at spark://c4009cb8af5f:40493/files/org.apache.iceberg_iceberg-spark-runtime-3.5_2.12-1.6.1.jar with timestamp 1776032723573
26/04/12 22:25:24 INFO Utils: Copying /home/***/.ivy2/jars/org.apache.iceberg_iceberg-spark-runtime-3.5_2.12-1.6.1.jar to /tmp/spark-13609047-9430-4d6a-90bd-57601c20758e/userFiles-80d7494f-99a1-4089-9b9a-af1b0fa4cc81/org.apache.iceberg_iceberg-spark-runtime-3.5_2.12-1.6.1.jar
26/04/12 22:25:24 INFO SparkContext: Added file file:///home/***/.ivy2/jars/org.projectnessie.nessie-integrations_nessie-spark-extensions-3.5_2.12-0.95.0.jar at spark://c4009cb8af5f:40493/files/org.projectnessie.nessie-integrations_nessie-spark-extensions-3.5_2.12-0.95.0.jar with timestamp 1776032723573
26/04/12 22:25:24 INFO Utils: Copying /home/***/.ivy2/jars/org.projectnessie.nessie-integrations_nessie-spark-extensions-3.5_2.12-0.95.0.jar to /tmp/spark-13609047-9430-4d6a-90bd-57601c20758e/userFiles-80d7494f-99a1-4089-9b9a-af1b0fa4cc81/org.projectnessie.nessie-integrations_nessie-spark-extensions-3.5_2.12-0.95.0.jar
26/04/12 22:25:24 INFO SparkContext: Added file file:///home/***/.ivy2/jars/org.apache.hadoop_hadoop-aws-3.3.4.jar at spark://c4009cb8af5f:40493/files/org.apache.hadoop_hadoop-aws-3.3.4.jar with timestamp 1776032723573
26/04/12 22:25:24 INFO Utils: Copying /home/***/.ivy2/jars/org.apache.hadoop_hadoop-aws-3.3.4.jar to /tmp/spark-13609047-9430-4d6a-90bd-57601c20758e/userFiles-80d7494f-99a1-4089-9b9a-af1b0fa4cc81/org.apache.hadoop_hadoop-aws-3.3.4.jar
26/04/12 22:25:24 INFO SparkContext: Added file file:///home/***/.ivy2/jars/com.amazonaws_aws-java-sdk-bundle-1.12.262.jar at spark://c4009cb8af5f:40493/files/com.amazonaws_aws-java-sdk-bundle-1.12.262.jar with timestamp 1776032723573
26/04/12 22:25:24 INFO Utils: Copying /home/***/.ivy2/jars/com.amazonaws_aws-java-sdk-bundle-1.12.262.jar to /tmp/spark-13609047-9430-4d6a-90bd-57601c20758e/userFiles-80d7494f-99a1-4089-9b9a-af1b0fa4cc81/com.amazonaws_aws-java-sdk-bundle-1.12.262.jar
26/04/12 22:25:24 INFO SparkContext: Added file file:///home/***/.ivy2/jars/org.wildfly.openssl_wildfly-openssl-1.0.7.Final.jar at spark://c4009cb8af5f:40493/files/org.wildfly.openssl_wildfly-openssl-1.0.7.Final.jar with timestamp 1776032723573
26/04/12 22:25:24 INFO Utils: Copying /home/***/.ivy2/jars/org.wildfly.openssl_wildfly-openssl-1.0.7.Final.jar to /tmp/spark-13609047-9430-4d6a-90bd-57601c20758e/userFiles-80d7494f-99a1-4089-9b9a-af1b0fa4cc81/org.wildfly.openssl_wildfly-openssl-1.0.7.Final.jar
26/04/12 22:25:24 INFO StandaloneAppClient$ClientEndpoint: Connecting to master spark://spark-master:7077...
26/04/12 22:25:24 INFO TransportClientFactory: Successfully created connection to spark-master/172.18.0.7:7077 after 18 ms (0 ms spent in bootstraps)
26/04/12 22:25:24 INFO StandaloneSchedulerBackend: Connected to Spark cluster with app ID app-20260412222524-0013
26/04/12 22:25:24 INFO StandaloneAppClient$ClientEndpoint: Executor added: app-20260412222524-0013/0 on worker-20260412215550-172.18.0.8-34237 (172.18.0.8:34237) with 2 core(s)
26/04/12 22:25:24 INFO StandaloneSchedulerBackend: Granted executor ID app-20260412222524-0013/0 on hostPort 172.18.0.8:34237 with 2 core(s), 2.0 GiB RAM
26/04/12 22:25:24 INFO StandaloneAppClient$ClientEndpoint: Executor added: app-20260412222524-0013/1 on worker-20260412215550-172.18.0.8-34237 (172.18.0.8:34237) with 2 core(s)
26/04/12 22:25:24 INFO StandaloneSchedulerBackend: Granted executor ID app-20260412222524-0013/1 on hostPort 172.18.0.8:34237 with 2 core(s), 2.0 GiB RAM
26/04/12 22:25:24 INFO StandaloneAppClient$ClientEndpoint: Executor added: app-20260412222524-0013/2 on worker-20260412215550-172.18.0.8-34237 (172.18.0.8:34237) with 2 core(s)
26/04/12 22:25:24 INFO StandaloneSchedulerBackend: Granted executor ID app-20260412222524-0013/2 on hostPort 172.18.0.8:34237 with 2 core(s), 2.0 GiB RAM
26/04/12 22:25:24 INFO StandaloneAppClient$ClientEndpoint: Executor added: app-20260412222524-0013/3 on worker-20260412215550-172.18.0.8-34237 (172.18.0.8:34237) with 2 core(s)
26/04/12 22:25:24 INFO StandaloneSchedulerBackend: Granted executor ID app-20260412222524-0013/3 on hostPort 172.18.0.8:34237 with 2 core(s), 2.0 GiB RAM
26/04/12 22:25:24 INFO StandaloneAppClient$ClientEndpoint: Executor added: app-20260412222524-0013/4 on worker-20260412215550-172.18.0.8-34237 (172.18.0.8:34237) with 2 core(s)
26/04/12 22:25:24 INFO StandaloneSchedulerBackend: Granted executor ID app-20260412222524-0013/4 on hostPort 172.18.0.8:34237 with 2 core(s), 2.0 GiB RAM
26/04/12 22:25:24 INFO StandaloneAppClient$ClientEndpoint: Executor added: app-20260412222524-0013/5 on worker-20260412215550-172.18.0.8-34237 (172.18.0.8:34237) with 2 core(s)
26/04/12 22:25:24 INFO StandaloneSchedulerBackend: Granted executor ID app-20260412222524-0013/5 on hostPort 172.18.0.8:34237 with 2 core(s), 2.0 GiB RAM
26/04/12 22:25:24 INFO Utils: Successfully started service 'org.apache.spark.network.netty.NettyBlockTransferService' on port 37861.
26/04/12 22:25:24 INFO NettyBlockTransferService: Server created on c4009cb8af5f 0.0.0.0:37861
26/04/12 22:25:24 INFO BlockManager: Using org.apache.spark.storage.RandomBlockReplicationPolicy for block replication policy
26/04/12 22:25:24 INFO BlockManagerMaster: Registering BlockManager BlockManagerId(driver, c4009cb8af5f, 37861, None)
26/04/12 22:25:24 INFO BlockManagerMasterEndpoint: Registering block manager c4009cb8af5f:37861 with 434.4 MiB RAM, BlockManagerId(driver, c4009cb8af5f, 37861, None)
26/04/12 22:25:24 INFO BlockManagerMaster: Registered BlockManager BlockManagerId(driver, c4009cb8af5f, 37861, None)
26/04/12 22:25:24 INFO BlockManager: Initialized BlockManager: BlockManagerId(driver, c4009cb8af5f, 37861, None)
26/04/12 22:25:24 INFO StandaloneAppClient$ClientEndpoint: Executor updated: app-20260412222524-0013/0 is now RUNNING
26/04/12 22:25:24 INFO StandaloneAppClient$ClientEndpoint: Executor updated: app-20260412222524-0013/1 is now RUNNING
26/04/12 22:25:24 INFO StandaloneAppClient$ClientEndpoint: Executor updated: app-20260412222524-0013/4 is now RUNNING
26/04/12 22:25:24 INFO StandaloneAppClient$ClientEndpoint: Executor updated: app-20260412222524-0013/3 is now RUNNING
26/04/12 22:25:24 INFO StandaloneAppClient$ClientEndpoint: Executor updated: app-20260412222524-0013/2 is now RUNNING
26/04/12 22:25:24 INFO StandaloneAppClient$ClientEndpoint: Executor updated: app-20260412222524-0013/5 is now RUNNING
26/04/12 22:25:25 INFO StandaloneSchedulerBackend: SchedulerBackend is ready for scheduling beginning after reached minRegisteredResourcesRatio: 0.0
26/04/12 22:25:25 INFO SharedState: Setting hive.metastore.warehouse.dir ('null') to the value of spark.sql.warehouse.dir.
26/04/12 22:25:25 INFO SharedState: Warehouse path is 'file:/opt/***/spark-warehouse'.
26/04/12 22:25:27 WARN MetricsConfig: Cannot locate configuration: tried hadoop-metrics2-s3a-file-system.properties,hadoop-metrics2.properties
26/04/12 22:25:27 INFO MetricsSystemImpl: Scheduled Metric snapshot period at 10 second(s).
26/04/12 22:25:27 INFO MetricsSystemImpl: s3a-file-system metrics system started
26/04/12 22:25:29 INFO StandaloneSchedulerBackend$StandaloneDriverEndpoint: Registered executor NettyRpcEndpointRef(spark-client://Executor) (172.18.0.8:47524) with ID 4,  ResourceProfileId 0
26/04/12 22:25:29 INFO StandaloneSchedulerBackend$StandaloneDriverEndpoint: Registered executor NettyRpcEndpointRef(spark-client://Executor) (172.18.0.8:47536) with ID 3,  ResourceProfileId 0
26/04/12 22:25:29 INFO StandaloneSchedulerBackend$StandaloneDriverEndpoint: Registered executor NettyRpcEndpointRef(spark-client://Executor) (172.18.0.8:47540) with ID 1,  ResourceProfileId 0
26/04/12 22:25:30 INFO BlockManagerMasterEndpoint: Registering block manager 172.18.0.8:33081 with 1048.8 MiB RAM, BlockManagerId(4, 172.18.0.8, 33081, None)
26/04/12 22:25:30 INFO BlockManagerMasterEndpoint: Registering block manager 172.18.0.8:44901 with 1048.8 MiB RAM, BlockManagerId(3, 172.18.0.8, 44901, None)
26/04/12 22:25:30 INFO StandaloneSchedulerBackend$StandaloneDriverEndpoint: Registered executor NettyRpcEndpointRef(spark-client://Executor) (172.18.0.8:47550) with ID 2,  ResourceProfileId 0
26/04/12 22:25:30 INFO StandaloneSchedulerBackend$StandaloneDriverEndpoint: Registered executor NettyRpcEndpointRef(spark-client://Executor) (172.18.0.8:47562) with ID 5,  ResourceProfileId 0
26/04/12 22:25:30 INFO BlockManagerMasterEndpoint: Registering block manager 172.18.0.8:33497 with 1048.8 MiB RAM, BlockManagerId(1, 172.18.0.8, 33497, None)
26/04/12 22:25:30 INFO StandaloneSchedulerBackend$StandaloneDriverEndpoint: Registered executor NettyRpcEndpointRef(spark-client://Executor) (172.18.0.8:47572) with ID 0,  ResourceProfileId 0
26/04/12 22:25:30 INFO BlockManagerMasterEndpoint: Registering block manager 172.18.0.8:41417 with 1048.8 MiB RAM, BlockManagerId(2, 172.18.0.8, 41417, None)
26/04/12 22:25:30 INFO BlockManagerMasterEndpoint: Registering block manager 172.18.0.8:37331 with 1048.8 MiB RAM, BlockManagerId(5, 172.18.0.8, 37331, None)
26/04/12 22:25:30 INFO BlockManagerMasterEndpoint: Registering block manager 172.18.0.8:39985 with 1048.8 MiB RAM, BlockManagerId(0, 172.18.0.8, 39985, None)
26/04/12 22:25:30 INFO InMemoryFileIndex: It took 215 ms to list leaf files for 1 paths.
26/04/12 22:25:51 INFO SparkContext: Starting job: parquet at NativeMethodAccessorImpl.java:0
26/04/12 22:25:51 INFO DAGScheduler: Got job 0 (parquet at NativeMethodAccessorImpl.java:0) with 1 output partitions
26/04/12 22:25:51 INFO DAGScheduler: Final stage: ResultStage 0 (parquet at NativeMethodAccessorImpl.java:0)
26/04/12 22:25:51 INFO DAGScheduler: Parents of final stage: List()
26/04/12 22:25:51 INFO DAGScheduler: Missing parents: List()
26/04/12 22:25:51 INFO DAGScheduler: Submitting ResultStage 0 (MapPartitionsRDD[1] at parquet at NativeMethodAccessorImpl.java:0), which has no missing parents
26/04/12 22:25:51 INFO MemoryStore: Block broadcast_0 stored as values in memory (estimated size 108.1 KiB, free 434.3 MiB)
26/04/12 22:25:51 INFO MemoryStore: Block broadcast_0_piece0 stored as bytes in memory (estimated size 39.3 KiB, free 434.3 MiB)
26/04/12 22:25:51 INFO BlockManagerInfo: Added broadcast_0_piece0 in memory on c4009cb8af5f:37861 (size: 39.3 KiB, free: 434.4 MiB)
26/04/12 22:25:51 INFO SparkContext: Created broadcast 0 from broadcast at DAGScheduler.scala:1585
26/04/12 22:25:51 INFO DAGScheduler: Submitting 1 missing tasks from ResultStage 0 (MapPartitionsRDD[1] at parquet at NativeMethodAccessorImpl.java:0) (first 15 tasks are for partitions Vector(0))
26/04/12 22:25:51 INFO TaskSchedulerImpl: Adding task set 0.0 with 1 tasks resource profile 0
26/04/12 22:25:51 INFO TaskSetManager: Starting task 0.0 in stage 0.0 (TID 0) (172.18.0.8, executor 1, partition 0, PROCESS_LOCAL, 10265 bytes) 
26/04/12 22:25:51 INFO BlockManagerInfo: Added broadcast_0_piece0 in memory on 172.18.0.8:33497 (size: 39.3 KiB, free: 1048.8 MiB)
26/04/12 22:25:53 INFO TaskSetManager: Finished task 0.0 in stage 0.0 (TID 0) in 1780 ms on 172.18.0.8 (executor 1) (1/1)
26/04/12 22:25:53 INFO TaskSchedulerImpl: Removed TaskSet 0.0, whose tasks have all completed, from pool 
26/04/12 22:25:53 INFO DAGScheduler: ResultStage 0 (parquet at NativeMethodAccessorImpl.java:0) finished in 1.973 s
26/04/12 22:25:53 INFO DAGScheduler: Job 0 is finished. Cancelling potential speculative or zombie tasks for this job
26/04/12 22:25:53 INFO TaskSchedulerImpl: Killing all running tasks in stage 0: Stage finished
26/04/12 22:25:53 INFO DAGScheduler: Job 0 finished: parquet at NativeMethodAccessorImpl.java:0, took 2.062114 s
26/04/12 22:25:53 INFO BlockManagerInfo: Removed broadcast_0_piece0 on c4009cb8af5f:37861 in memory (size: 39.3 KiB, free: 434.4 MiB)
26/04/12 22:25:53 INFO BlockManagerInfo: Removed broadcast_0_piece0 on 172.18.0.8:33497 in memory (size: 39.3 KiB, free: 1048.8 MiB)
26/04/12 22:25:54 INFO FileSourceStrategy: Pushed Filters: 
26/04/12 22:25:54 INFO FileSourceStrategy: Post-Scan Filters: 
26/04/12 22:25:54 INFO CodeGenerator: Code generated in 135.311774 ms
26/04/12 22:25:54 INFO MemoryStore: Block broadcast_1 stored as values in memory (estimated size 208.4 KiB, free 434.2 MiB)
26/04/12 22:25:54 INFO MemoryStore: Block broadcast_1_piece0 stored as bytes in memory (estimated size 36.7 KiB, free 434.2 MiB)
26/04/12 22:25:54 INFO BlockManagerInfo: Added broadcast_1_piece0 in memory on c4009cb8af5f:37861 (size: 36.7 KiB, free: 434.4 MiB)
26/04/12 22:25:54 INFO SparkContext: Created broadcast 1 from count at NativeMethodAccessorImpl.java:0
26/04/12 22:25:54 INFO FileSourceScanExec: Planning scan with bin packing, max size: 4194304 bytes, open cost is considered as scanning 4194304 bytes.
26/04/12 22:25:54 INFO DAGScheduler: Registering RDD 5 (count at NativeMethodAccessorImpl.java:0) as input to shuffle 0
26/04/12 22:25:54 INFO DAGScheduler: Got map stage job 1 (count at NativeMethodAccessorImpl.java:0) with 1 output partitions
26/04/12 22:25:54 INFO DAGScheduler: Final stage: ShuffleMapStage 1 (count at NativeMethodAccessorImpl.java:0)
26/04/12 22:25:54 INFO DAGScheduler: Parents of final stage: List()
26/04/12 22:25:54 INFO DAGScheduler: Missing parents: List()
26/04/12 22:25:54 INFO DAGScheduler: Submitting ShuffleMapStage 1 (MapPartitionsRDD[5] at count at NativeMethodAccessorImpl.java:0), which has no missing parents
26/04/12 22:25:54 INFO MemoryStore: Block broadcast_2 stored as values in memory (estimated size 17.0 KiB, free 434.1 MiB)
26/04/12 22:25:54 INFO MemoryStore: Block broadcast_2_piece0 stored as bytes in memory (estimated size 7.8 KiB, free 434.1 MiB)
26/04/12 22:25:54 INFO BlockManagerInfo: Added broadcast_2_piece0 in memory on c4009cb8af5f:37861 (size: 7.8 KiB, free: 434.4 MiB)
26/04/12 22:25:54 INFO SparkContext: Created broadcast 2 from broadcast at DAGScheduler.scala:1585
26/04/12 22:25:54 INFO DAGScheduler: Submitting 1 missing tasks from ShuffleMapStage 1 (MapPartitionsRDD[5] at count at NativeMethodAccessorImpl.java:0) (first 15 tasks are for partitions Vector(0))
26/04/12 22:25:54 INFO TaskSchedulerImpl: Adding task set 1.0 with 1 tasks resource profile 0
26/04/12 22:25:54 INFO TaskSetManager: Starting task 0.0 in stage 1.0 (TID 1) (172.18.0.8, executor 3, partition 0, PROCESS_LOCAL, 10759 bytes) 
26/04/12 22:25:54 INFO BlockManagerInfo: Added broadcast_2_piece0 in memory on 172.18.0.8:44901 (size: 7.8 KiB, free: 1048.8 MiB)
26/04/12 22:25:55 INFO BlockManagerInfo: Added broadcast_1_piece0 in memory on 172.18.0.8:44901 (size: 36.7 KiB, free: 1048.8 MiB)
26/04/12 22:25:56 INFO TaskSetManager: Finished task 0.0 in stage 1.0 (TID 1) in 1565 ms on 172.18.0.8 (executor 3) (1/1)
26/04/12 22:25:56 INFO TaskSchedulerImpl: Removed TaskSet 1.0, whose tasks have all completed, from pool 
26/04/12 22:25:56 INFO DAGScheduler: ShuffleMapStage 1 (count at NativeMethodAccessorImpl.java:0) finished in 1.596 s
26/04/12 22:25:56 INFO DAGScheduler: looking for newly runnable stages
26/04/12 22:25:56 INFO DAGScheduler: running: Set()
26/04/12 22:25:56 INFO DAGScheduler: waiting: Set()
26/04/12 22:25:56 INFO DAGScheduler: failed: Set()
26/04/12 22:25:56 INFO CodeGenerator: Code generated in 7.762792 ms
26/04/12 22:25:56 INFO SparkContext: Starting job: count at NativeMethodAccessorImpl.java:0
26/04/12 22:25:56 INFO DAGScheduler: Got job 2 (count at NativeMethodAccessorImpl.java:0) with 1 output partitions
26/04/12 22:25:56 INFO DAGScheduler: Final stage: ResultStage 3 (count at NativeMethodAccessorImpl.java:0)
26/04/12 22:25:56 INFO DAGScheduler: Parents of final stage: List(ShuffleMapStage 2)
26/04/12 22:25:56 INFO DAGScheduler: Missing parents: List()
26/04/12 22:25:56 INFO DAGScheduler: Submitting ResultStage 3 (MapPartitionsRDD[8] at count at NativeMethodAccessorImpl.java:0), which has no missing parents
26/04/12 22:25:56 INFO MemoryStore: Block broadcast_3 stored as values in memory (estimated size 12.5 KiB, free 434.1 MiB)
26/04/12 22:25:56 INFO MemoryStore: Block broadcast_3_piece0 stored as bytes in memory (estimated size 5.9 KiB, free 434.1 MiB)
26/04/12 22:25:56 INFO BlockManagerInfo: Added broadcast_3_piece0 in memory on c4009cb8af5f:37861 (size: 5.9 KiB, free: 434.4 MiB)
26/04/12 22:25:56 INFO BlockManagerInfo: Removed broadcast_2_piece0 on c4009cb8af5f:37861 in memory (size: 7.8 KiB, free: 434.4 MiB)
26/04/12 22:25:56 INFO SparkContext: Created broadcast 3 from broadcast at DAGScheduler.scala:1585
26/04/12 22:25:56 INFO DAGScheduler: Submitting 1 missing tasks from ResultStage 3 (MapPartitionsRDD[8] at count at NativeMethodAccessorImpl.java:0) (first 15 tasks are for partitions Vector(0))
26/04/12 22:25:56 INFO TaskSchedulerImpl: Adding task set 3.0 with 1 tasks resource profile 0
26/04/12 22:25:56 INFO TaskSetManager: Starting task 0.0 in stage 3.0 (TID 2) (172.18.0.8, executor 2, partition 0, NODE_LOCAL, 10165 bytes) 
26/04/12 22:25:56 INFO BlockManagerInfo: Removed broadcast_2_piece0 on 172.18.0.8:44901 in memory (size: 7.8 KiB, free: 1048.8 MiB)
26/04/12 22:25:56 INFO BlockManagerInfo: Added broadcast_3_piece0 in memory on 172.18.0.8:41417 (size: 5.9 KiB, free: 1048.8 MiB)
26/04/12 22:25:56 INFO MapOutputTrackerMasterEndpoint: Asked to send map output locations for shuffle 0 to 172.18.0.8:47550
26/04/12 22:25:57 INFO TaskSetManager: Finished task 0.0 in stage 3.0 (TID 2) in 638 ms on 172.18.0.8 (executor 2) (1/1)
26/04/12 22:25:57 INFO TaskSchedulerImpl: Removed TaskSet 3.0, whose tasks have all completed, from pool 
26/04/12 22:25:57 INFO DAGScheduler: ResultStage 3 (count at NativeMethodAccessorImpl.java:0) finished in 0.657 s
26/04/12 22:25:57 INFO DAGScheduler: Job 2 is finished. Cancelling potential speculative or zombie tasks for this job
26/04/12 22:25:57 INFO TaskSchedulerImpl: Killing all running tasks in stage 3: Stage finished
26/04/12 22:25:57 INFO DAGScheduler: Job 2 finished: count at NativeMethodAccessorImpl.java:0, took 0.665078 s
26/04/12 22:25:57 INFO FileSourceStrategy: Pushed Filters: 
26/04/12 22:25:57 INFO FileSourceStrategy: Post-Scan Filters: 
26/04/12 22:25:57 INFO MemoryStore: Block broadcast_4 stored as values in memory (estimated size 208.4 KiB, free 433.9 MiB)
26/04/12 22:25:57 INFO BlockManagerInfo: Removed broadcast_3_piece0 on c4009cb8af5f:37861 in memory (size: 5.9 KiB, free: 434.4 MiB)
26/04/12 22:25:57 INFO MemoryStore: Block broadcast_4_piece0 stored as bytes in memory (estimated size 36.7 KiB, free 433.9 MiB)
26/04/12 22:25:57 INFO BlockManagerInfo: Added broadcast_4_piece0 in memory on c4009cb8af5f:37861 (size: 36.7 KiB, free: 434.3 MiB)
26/04/12 22:25:57 INFO SparkContext: Created broadcast 4 from count at NativeMethodAccessorImpl.java:0
26/04/12 22:25:57 INFO FileSourceScanExec: Planning scan with bin packing, max size: 4194304 bytes, open cost is considered as scanning 4194304 bytes.
26/04/12 22:25:57 INFO BlockManagerInfo: Removed broadcast_3_piece0 on 172.18.0.8:41417 in memory (size: 5.9 KiB, free: 1048.8 MiB)
26/04/12 22:25:57 INFO DAGScheduler: Registering RDD 12 (count at NativeMethodAccessorImpl.java:0) as input to shuffle 1
26/04/12 22:25:57 INFO DAGScheduler: Got map stage job 3 (count at NativeMethodAccessorImpl.java:0) with 1 output partitions
26/04/12 22:25:57 INFO DAGScheduler: Final stage: ShuffleMapStage 4 (count at NativeMethodAccessorImpl.java:0)
26/04/12 22:25:57 INFO DAGScheduler: Parents of final stage: List()
26/04/12 22:25:57 INFO DAGScheduler: Missing parents: List()
26/04/12 22:25:57 INFO DAGScheduler: Submitting ShuffleMapStage 4 (MapPartitionsRDD[12] at count at NativeMethodAccessorImpl.java:0), which has no missing parents
26/04/12 22:25:57 INFO MemoryStore: Block broadcast_5 stored as values in memory (estimated size 17.0 KiB, free 433.9 MiB)
26/04/12 22:25:57 INFO MemoryStore: Block broadcast_5_piece0 stored as bytes in memory (estimated size 7.8 KiB, free 433.9 MiB)
26/04/12 22:25:57 INFO BlockManagerInfo: Added broadcast_5_piece0 in memory on c4009cb8af5f:37861 (size: 7.8 KiB, free: 434.3 MiB)
26/04/12 22:25:57 INFO SparkContext: Created broadcast 5 from broadcast at DAGScheduler.scala:1585
26/04/12 22:25:57 INFO DAGScheduler: Submitting 1 missing tasks from ShuffleMapStage 4 (MapPartitionsRDD[12] at count at NativeMethodAccessorImpl.java:0) (first 15 tasks are for partitions Vector(0))
26/04/12 22:25:57 INFO TaskSchedulerImpl: Adding task set 4.0 with 1 tasks resource profile 0
26/04/12 22:25:57 INFO TaskSetManager: Starting task 0.0 in stage 4.0 (TID 3) (172.18.0.8, executor 1, partition 0, PROCESS_LOCAL, 10759 bytes) 
26/04/12 22:25:57 INFO BlockManagerInfo: Added broadcast_5_piece0 in memory on 172.18.0.8:33497 (size: 7.8 KiB, free: 1048.8 MiB)
26/04/12 22:25:57 INFO BlockManagerInfo: Added broadcast_4_piece0 in memory on 172.18.0.8:33497 (size: 36.7 KiB, free: 1048.8 MiB)
26/04/12 22:25:57 INFO TaskSetManager: Finished task 0.0 in stage 4.0 (TID 3) in 500 ms on 172.18.0.8 (executor 1) (1/1)
26/04/12 22:25:57 INFO TaskSchedulerImpl: Removed TaskSet 4.0, whose tasks have all completed, from pool 
26/04/12 22:25:57 INFO DAGScheduler: ShuffleMapStage 4 (count at NativeMethodAccessorImpl.java:0) finished in 0.509 s
26/04/12 22:25:57 INFO DAGScheduler: looking for newly runnable stages
26/04/12 22:25:57 INFO DAGScheduler: running: Set()
26/04/12 22:25:57 INFO DAGScheduler: waiting: Set()
26/04/12 22:25:57 INFO DAGScheduler: failed: Set()
26/04/12 22:25:57 INFO SparkContext: Starting job: count at NativeMethodAccessorImpl.java:0
26/04/12 22:25:57 INFO DAGScheduler: Got job 4 (count at NativeMethodAccessorImpl.java:0) with 1 output partitions
26/04/12 22:25:57 INFO DAGScheduler: Final stage: ResultStage 6 (count at NativeMethodAccessorImpl.java:0)
26/04/12 22:25:57 INFO DAGScheduler: Parents of final stage: List(ShuffleMapStage 5)
26/04/12 22:25:57 INFO DAGScheduler: Missing parents: List()
26/04/12 22:25:57 INFO DAGScheduler: Submitting ResultStage 6 (MapPartitionsRDD[15] at count at NativeMethodAccessorImpl.java:0), which has no missing parents
26/04/12 22:25:57 INFO MemoryStore: Block broadcast_6 stored as values in memory (estimated size 12.5 KiB, free 433.9 MiB)
26/04/12 22:25:57 INFO MemoryStore: Block broadcast_6_piece0 stored as bytes in memory (estimated size 5.9 KiB, free 433.9 MiB)
26/04/12 22:25:57 INFO BlockManagerInfo: Added broadcast_6_piece0 in memory on c4009cb8af5f:37861 (size: 5.9 KiB, free: 434.3 MiB)
26/04/12 22:25:57 INFO BlockManagerInfo: Removed broadcast_5_piece0 on c4009cb8af5f:37861 in memory (size: 7.8 KiB, free: 434.3 MiB)
26/04/12 22:25:57 INFO SparkContext: Created broadcast 6 from broadcast at DAGScheduler.scala:1585
26/04/12 22:25:57 INFO DAGScheduler: Submitting 1 missing tasks from ResultStage 6 (MapPartitionsRDD[15] at count at NativeMethodAccessorImpl.java:0) (first 15 tasks are for partitions Vector(0))
26/04/12 22:25:57 INFO TaskSchedulerImpl: Adding task set 6.0 with 1 tasks resource profile 0
26/04/12 22:25:57 INFO TaskSetManager: Starting task 0.0 in stage 6.0 (TID 4) (172.18.0.8, executor 2, partition 0, NODE_LOCAL, 10165 bytes) 
26/04/12 22:25:57 INFO BlockManagerInfo: Removed broadcast_5_piece0 on 172.18.0.8:33497 in memory (size: 7.8 KiB, free: 1048.8 MiB)
26/04/12 22:25:57 INFO BlockManagerInfo: Added broadcast_6_piece0 in memory on 172.18.0.8:41417 (size: 5.9 KiB, free: 1048.8 MiB)
26/04/12 22:25:57 INFO MapOutputTrackerMasterEndpoint: Asked to send map output locations for shuffle 1 to 172.18.0.8:47550
26/04/12 22:25:57 INFO TaskSetManager: Finished task 0.0 in stage 6.0 (TID 4) in 77 ms on 172.18.0.8 (executor 2) (1/1)
26/04/12 22:25:57 INFO TaskSchedulerImpl: Removed TaskSet 6.0, whose tasks have all completed, from pool 
26/04/12 22:25:57 INFO DAGScheduler: ResultStage 6 (count at NativeMethodAccessorImpl.java:0) finished in 0.095 s
26/04/12 22:25:57 INFO DAGScheduler: Job 4 is finished. Cancelling potential speculative or zombie tasks for this job
26/04/12 22:25:57 INFO TaskSchedulerImpl: Killing all running tasks in stage 6: Stage finished
26/04/12 22:25:57 INFO DAGScheduler: Job 4 finished: count at NativeMethodAccessorImpl.java:0, took 0.099633 s
26/04/12 22:25:58 INFO CatalogUtil: Loading custom FileIO implementation: org.apache.iceberg.hadoop.HadoopFileIO
26/04/12 22:25:58 INFO BlockManagerInfo: Removed broadcast_6_piece0 on c4009cb8af5f:37861 in memory (size: 5.9 KiB, free: 434.3 MiB)
26/04/12 22:25:58 INFO BlockManagerInfo: Removed broadcast_6_piece0 on 172.18.0.8:41417 in memory (size: 5.9 KiB, free: 1048.8 MiB)
26/04/12 22:25:58 INFO BaseMetastoreTableOperations: Refreshing table metadata from new version: s3a://iceberg/silver/users_hist_35796bcc-e894-41c3-83f8-f2a7acd7025a/metadata/00003-341d4ad7-d2f2-4f1f-99ed-dd463727fae0.gz.metadata.json
26/04/12 22:25:58 INFO NessieUtil: loadTableMetadata for 'silver.users_hist' from location 's3a://iceberg/silver/users_hist_35796bcc-e894-41c3-83f8-f2a7acd7025a/metadata/00003-341d4ad7-d2f2-4f1f-99ed-dd463727fae0.gz.metadata.json' at 'Branch{name=main, metadata=null, hash=e108dc60fb4a43fd21a3b6a09333a3750ffae7d627e2c0aeb1c457b21160d38e}'
26/04/12 22:25:58 INFO BaseMetastoreCatalog: Table loaded by catalog: nessie.silver.users_hist
26/04/12 22:25:59 INFO CodeGenerator: Code generated in 21.168859 ms
26/04/12 22:25:59 INFO GroupBasedRowLevelOperationScanPlanning: 
Pushing operators to nessie.silver.users_hist
Pushed filters: 
Filters evaluated on data source side: 
Filters evaluated on Spark side: 
Output: Id#318L, Reputation#319L, creation_date#320, DisplayName#321, LastAccessDate#322, Views#323L, UpVotes#324L, DownVotes#325L, location#326, AccountId#327L, anio#328, fecha_cargue#329, fuente#330, _file#333
         
26/04/12 22:25:59 INFO SnapshotScan: Scanning table nessie.silver.users_hist snapshot 6744347822330328552 created at 2026-04-12T22:24:55.331+00:00 with filter true
26/04/12 22:25:59 INFO BlockManagerInfo: Removed broadcast_1_piece0 on c4009cb8af5f:37861 in memory (size: 36.7 KiB, free: 434.4 MiB)
26/04/12 22:25:59 INFO BlockManagerInfo: Removed broadcast_1_piece0 on 172.18.0.8:44901 in memory (size: 36.7 KiB, free: 1048.8 MiB)
26/04/12 22:25:59 INFO BlockManagerInfo: Removed broadcast_4_piece0 on c4009cb8af5f:37861 in memory (size: 36.7 KiB, free: 434.4 MiB)
26/04/12 22:25:59 INFO BlockManagerInfo: Removed broadcast_4_piece0 on 172.18.0.8:33497 in memory (size: 36.7 KiB, free: 1048.8 MiB)
26/04/12 22:25:59 INFO SparkPartitioningAwareScan: Reporting UnknownPartitioning with 1 partition(s) for table nessie.silver.users_hist
26/04/12 22:25:59 INFO SparkWrite: Requesting 0 bytes advisory partition size for table nessie.silver.users_hist
26/04/12 22:25:59 INFO SparkWrite: Requesting UnspecifiedDistribution as write distribution for table nessie.silver.users_hist
26/04/12 22:25:59 INFO SparkWrite: Requesting [] as write ordering for table nessie.silver.users_hist
26/04/12 22:25:59 INFO V2ScanRelationPushDown: 
Pushing operators to nessie.silver.users_hist
Pushed Filters: Id IS NOT NULL
Post-Scan Filters: isnotnull(Id#382L)
         
26/04/12 22:25:59 INFO V2ScanRelationPushDown: 
Output: Id#382L, _file#395
         
26/04/12 22:25:59 INFO SnapshotScan: Scanning table nessie.silver.users_hist snapshot 6744347822330328552 created at 2026-04-12T22:24:55.331+00:00 with filter Id IS NOT NULL
26/04/12 22:25:59 INFO BaseDistributedDataScan: Planning file tasks locally for table nessie.silver.users_hist
26/04/12 22:25:59 INFO SparkPartitioningAwareScan: Reporting UnknownPartitioning with 1 partition(s) for table nessie.silver.users_hist
26/04/12 22:25:59 INFO MemoryStore: Block broadcast_7 stored as values in memory (estimated size 32.0 KiB, free 434.4 MiB)
26/04/12 22:25:59 INFO MemoryStore: Block broadcast_7_piece0 stored as bytes in memory (estimated size 30.8 KiB, free 434.3 MiB)
26/04/12 22:25:59 INFO BlockManagerInfo: Added broadcast_7_piece0 in memory on c4009cb8af5f:37861 (size: 30.8 KiB, free: 434.4 MiB)
26/04/12 22:25:59 INFO SparkContext: Created broadcast 7 from broadcast at SparkBatch.java:79
26/04/12 22:25:59 INFO FileSourceStrategy: Pushed Filters: 
26/04/12 22:25:59 INFO FileSourceStrategy: Post-Scan Filters: 
26/04/12 22:25:59 INFO MemoryStore: Block broadcast_8 stored as values in memory (estimated size 32.0 KiB, free 434.3 MiB)
26/04/12 22:25:59 INFO MemoryStore: Block broadcast_8_piece0 stored as bytes in memory (estimated size 30.8 KiB, free 434.3 MiB)
26/04/12 22:25:59 INFO BlockManagerInfo: Added broadcast_8_piece0 in memory on c4009cb8af5f:37861 (size: 30.8 KiB, free: 434.3 MiB)
26/04/12 22:25:59 INFO SparkContext: Created broadcast 8 from broadcast at SparkBatch.java:79
26/04/12 22:25:59 INFO FileSourceStrategy: Pushed Filters: IsNotNull(id)
26/04/12 22:25:59 INFO FileSourceStrategy: Post-Scan Filters: isnotnull(Id#0L)
26/04/12 22:25:59 INFO MemoryStore: Block broadcast_9 stored as values in memory (estimated size 32.0 KiB, free 434.2 MiB)
26/04/12 22:25:59 INFO MemoryStore: Block broadcast_9_piece0 stored as bytes in memory (estimated size 30.8 KiB, free 434.2 MiB)
26/04/12 22:25:59 INFO BlockManagerInfo: Added broadcast_9_piece0 in memory on c4009cb8af5f:37861 (size: 30.8 KiB, free: 434.3 MiB)
26/04/12 22:25:59 INFO SparkContext: Created broadcast 9 from broadcast at SparkBatch.java:79
26/04/12 22:25:59 INFO MemoryStore: Block broadcast_10 stored as values in memory (estimated size 32.0 KiB, free 434.2 MiB)
26/04/12 22:25:59 INFO MemoryStore: Block broadcast_10_piece0 stored as bytes in memory (estimated size 30.8 KiB, free 434.2 MiB)
26/04/12 22:25:59 INFO BlockManagerInfo: Added broadcast_10_piece0 in memory on c4009cb8af5f:37861 (size: 30.8 KiB, free: 434.3 MiB)
26/04/12 22:25:59 INFO SparkContext: Created broadcast 10 from broadcast at SparkBatch.java:79
26/04/12 22:25:59 INFO CodeGenerator: Code generated in 10.494117 ms
26/04/12 22:25:59 INFO MemoryStore: Block broadcast_11 stored as values in memory (estimated size 208.5 KiB, free 434.0 MiB)
26/04/12 22:25:59 INFO CodeGenerator: Code generated in 22.977573 ms
26/04/12 22:25:59 INFO MemoryStore: Block broadcast_11_piece0 stored as bytes in memory (estimated size 36.9 KiB, free 433.9 MiB)
26/04/12 22:25:59 INFO BlockManagerInfo: Added broadcast_11_piece0 in memory on c4009cb8af5f:37861 (size: 36.9 KiB, free: 434.2 MiB)
26/04/12 22:25:59 INFO SparkContext: Created broadcast 11 from $anonfun$withThreadLocalCaptured$1 at FutureTask.java:264
26/04/12 22:25:59 INFO FileSourceScanExec: Planning scan with bin packing, max size: 4194304 bytes, open cost is considered as scanning 4194304 bytes.
26/04/12 22:26:00 INFO SparkContext: Starting job: $anonfun$withThreadLocalCaptured$1 at FutureTask.java:264
26/04/12 22:26:00 INFO DAGScheduler: Got job 5 ($anonfun$withThreadLocalCaptured$1 at FutureTask.java:264) with 1 output partitions
26/04/12 22:26:00 INFO DAGScheduler: Final stage: ResultStage 7 ($anonfun$withThreadLocalCaptured$1 at FutureTask.java:264)
26/04/12 22:26:00 INFO DAGScheduler: Parents of final stage: List()
26/04/12 22:26:00 INFO DAGScheduler: Missing parents: List()
26/04/12 22:26:00 INFO DAGScheduler: Submitting ResultStage 7 (MapPartitionsRDD[19] at $anonfun$withThreadLocalCaptured$1 at FutureTask.java:264), which has no missing parents
26/04/12 22:26:00 INFO MemoryStore: Block broadcast_12 stored as values in memory (estimated size 14.5 KiB, free 433.9 MiB)
26/04/12 22:26:00 INFO MemoryStore: Block broadcast_12_piece0 stored as bytes in memory (estimated size 6.3 KiB, free 433.9 MiB)
26/04/12 22:26:00 INFO BlockManagerInfo: Added broadcast_12_piece0 in memory on c4009cb8af5f:37861 (size: 6.3 KiB, free: 434.2 MiB)
26/04/12 22:26:00 INFO SparkContext: Created broadcast 12 from broadcast at DAGScheduler.scala:1585
26/04/12 22:26:00 INFO DAGScheduler: Submitting 1 missing tasks from ResultStage 7 (MapPartitionsRDD[19] at $anonfun$withThreadLocalCaptured$1 at FutureTask.java:264) (first 15 tasks are for partitions Vector(0))
26/04/12 22:26:00 INFO TaskSchedulerImpl: Adding task set 7.0 with 1 tasks resource profile 0
26/04/12 22:26:00 INFO TaskSetManager: Starting task 0.0 in stage 7.0 (TID 5) (172.18.0.8, executor 4, partition 0, PROCESS_LOCAL, 10770 bytes) 
26/04/12 22:26:00 INFO BlockManagerInfo: Added broadcast_12_piece0 in memory on 172.18.0.8:33081 (size: 6.3 KiB, free: 1048.8 MiB)
26/04/12 22:26:00 INFO BlockManagerInfo: Added broadcast_11_piece0 in memory on 172.18.0.8:33081 (size: 36.9 KiB, free: 1048.8 MiB)
26/04/12 22:26:01 INFO TaskSetManager: Finished task 0.0 in stage 7.0 (TID 5) in 1692 ms on 172.18.0.8 (executor 4) (1/1)
26/04/12 22:26:01 INFO TaskSchedulerImpl: Removed TaskSet 7.0, whose tasks have all completed, from pool 
26/04/12 22:26:01 INFO DAGScheduler: ResultStage 7 ($anonfun$withThreadLocalCaptured$1 at FutureTask.java:264) finished in 1.705 s
26/04/12 22:26:01 INFO DAGScheduler: Job 5 is finished. Cancelling potential speculative or zombie tasks for this job
26/04/12 22:26:01 INFO TaskSchedulerImpl: Killing all running tasks in stage 7: Stage finished
26/04/12 22:26:01 INFO DAGScheduler: Job 5 finished: $anonfun$withThreadLocalCaptured$1 at FutureTask.java:264, took 1.709103 s
26/04/12 22:26:01 INFO BlockManagerInfo: Removed broadcast_12_piece0 on c4009cb8af5f:37861 in memory (size: 6.3 KiB, free: 434.2 MiB)
26/04/12 22:26:01 INFO BlockManagerInfo: Removed broadcast_12_piece0 on 172.18.0.8:33081 in memory (size: 6.3 KiB, free: 1048.8 MiB)
26/04/12 22:26:01 INFO CodeGenerator: Code generated in 9.562703 ms
26/04/12 22:26:01 INFO MemoryStore: Block broadcast_13_piece0 stored as bytes in memory (estimated size 50.3 KiB, free 433.9 MiB)
26/04/12 22:26:01 INFO BlockManagerInfo: Added broadcast_13_piece0 in memory on c4009cb8af5f:37861 (size: 50.3 KiB, free: 434.2 MiB)
26/04/12 22:26:01 INFO SparkContext: Created broadcast 13 from $anonfun$withThreadLocalCaptured$1 at FutureTask.java:264
26/04/12 22:26:01 INFO MemoryStore: Block broadcast_14 stored as values in memory (estimated size 32.0 KiB, free 433.8 MiB)
26/04/12 22:26:01 INFO MemoryStore: Block broadcast_14_piece0 stored as bytes in memory (estimated size 30.8 KiB, free 433.8 MiB)
26/04/12 22:26:01 INFO BlockManagerInfo: Added broadcast_14_piece0 in memory on c4009cb8af5f:37861 (size: 30.8 KiB, free: 434.2 MiB)
26/04/12 22:26:01 INFO SparkContext: Created broadcast 14 from broadcast at SparkBatch.java:79
26/04/12 22:26:01 INFO CodeGenerator: Code generated in 32.365223 ms
26/04/12 22:26:01 INFO DAGScheduler: Registering RDD 23 ($anonfun$withThreadLocalCaptured$1 at FutureTask.java:264) as input to shuffle 2
26/04/12 22:26:01 INFO DAGScheduler: Got map stage job 6 ($anonfun$withThreadLocalCaptured$1 at FutureTask.java:264) with 1 output partitions
26/04/12 22:26:01 INFO DAGScheduler: Final stage: ShuffleMapStage 8 ($anonfun$withThreadLocalCaptured$1 at FutureTask.java:264)
26/04/12 22:26:01 INFO DAGScheduler: Parents of final stage: List()
26/04/12 22:26:01 INFO DAGScheduler: Missing parents: List()
26/04/12 22:26:01 INFO DAGScheduler: Submitting ShuffleMapStage 8 (MapPartitionsRDD[23] at $anonfun$withThreadLocalCaptured$1 at FutureTask.java:264), which has no missing parents
26/04/12 22:26:01 INFO MemoryStore: Block broadcast_15 stored as values in memory (estimated size 47.0 KiB, free 433.8 MiB)
26/04/12 22:26:01 INFO MemoryStore: Block broadcast_15_piece0 stored as bytes in memory (estimated size 20.8 KiB, free 433.7 MiB)
26/04/12 22:26:01 INFO BlockManagerInfo: Added broadcast_15_piece0 in memory on c4009cb8af5f:37861 (size: 20.8 KiB, free: 434.1 MiB)
26/04/12 22:26:01 INFO SparkContext: Created broadcast 15 from broadcast at DAGScheduler.scala:1585
26/04/12 22:26:01 INFO DAGScheduler: Submitting 1 missing tasks from ShuffleMapStage 8 (MapPartitionsRDD[23] at $anonfun$withThreadLocalCaptured$1 at FutureTask.java:264) (first 15 tasks are for partitions Vector(0))
26/04/12 22:26:01 INFO TaskSchedulerImpl: Adding task set 8.0 with 1 tasks resource profile 0
26/04/12 22:26:01 INFO TaskSetManager: Starting task 0.0 in stage 8.0 (TID 6) (172.18.0.8, executor 1, partition 0, PROCESS_LOCAL, 15290 bytes) 
26/04/12 22:26:02 INFO BlockManagerInfo: Added broadcast_15_piece0 in memory on 172.18.0.8:33497 (size: 20.8 KiB, free: 1048.8 MiB)
26/04/12 22:26:02 INFO BlockManagerInfo: Added broadcast_13_piece0 in memory on 172.18.0.8:33497 (size: 50.3 KiB, free: 1048.7 MiB)
26/04/12 22:26:02 INFO BlockManagerInfo: Added broadcast_8_piece0 in memory on 172.18.0.8:33497 (size: 30.8 KiB, free: 1048.7 MiB)
26/04/12 22:26:02 INFO TaskSetManager: Finished task 0.0 in stage 8.0 (TID 6) in 1030 ms on 172.18.0.8 (executor 1) (1/1)
26/04/12 22:26:02 INFO TaskSchedulerImpl: Removed TaskSet 8.0, whose tasks have all completed, from pool 
26/04/12 22:26:02 INFO DAGScheduler: ShuffleMapStage 8 ($anonfun$withThreadLocalCaptured$1 at FutureTask.java:264) finished in 1.038 s
26/04/12 22:26:02 INFO DAGScheduler: looking for newly runnable stages
26/04/12 22:26:02 INFO DAGScheduler: running: Set()
26/04/12 22:26:02 INFO DAGScheduler: waiting: Set()
26/04/12 22:26:02 INFO DAGScheduler: failed: Set()
26/04/12 22:26:02 INFO ShufflePartitionsUtil: For shuffle(2), advisory target size: 67108864, actual target size 1048576, minimum partition size: 1048576
26/04/12 22:26:02 INFO CodeGenerator: Code generated in 17.306825 ms
26/04/12 22:26:02 INFO SparkContext: Starting job: $anonfun$withThreadLocalCaptured$1 at FutureTask.java:264
26/04/12 22:26:02 INFO DAGScheduler: Got job 7 ($anonfun$withThreadLocalCaptured$1 at FutureTask.java:264) with 1 output partitions
26/04/12 22:26:02 INFO DAGScheduler: Final stage: ResultStage 10 ($anonfun$withThreadLocalCaptured$1 at FutureTask.java:264)
26/04/12 22:26:02 INFO DAGScheduler: Parents of final stage: List(ShuffleMapStage 9)
26/04/12 22:26:02 INFO DAGScheduler: Missing parents: List()
26/04/12 22:26:02 INFO DAGScheduler: Submitting ResultStage 10 (MapPartitionsRDD[26] at $anonfun$withThreadLocalCaptured$1 at FutureTask.java:264), which has no missing parents
26/04/12 22:26:02 INFO MemoryStore: Block broadcast_16 stored as values in memory (estimated size 48.4 KiB, free 433.7 MiB)
26/04/12 22:26:02 INFO MemoryStore: Block broadcast_16_piece0 stored as bytes in memory (estimated size 21.7 KiB, free 433.7 MiB)
26/04/12 22:26:02 INFO BlockManagerInfo: Added broadcast_16_piece0 in memory on c4009cb8af5f:37861 (size: 21.7 KiB, free: 434.1 MiB)
26/04/12 22:26:02 INFO SparkContext: Created broadcast 16 from broadcast at DAGScheduler.scala:1585
26/04/12 22:26:02 INFO DAGScheduler: Submitting 1 missing tasks from ResultStage 10 (MapPartitionsRDD[26] at $anonfun$withThreadLocalCaptured$1 at FutureTask.java:264) (first 15 tasks are for partitions Vector(0))
26/04/12 22:26:02 INFO TaskSchedulerImpl: Adding task set 10.0 with 1 tasks resource profile 0
26/04/12 22:26:02 INFO TaskSetManager: Starting task 0.0 in stage 10.0 (TID 7) (172.18.0.8, executor 4, partition 0, NODE_LOCAL, 10165 bytes) 
26/04/12 22:26:02 INFO BlockManagerInfo: Added broadcast_16_piece0 in memory on 172.18.0.8:33081 (size: 21.7 KiB, free: 1048.7 MiB)
26/04/12 22:26:03 INFO MapOutputTrackerMasterEndpoint: Asked to send map output locations for shuffle 2 to 172.18.0.8:47524
26/04/12 22:26:03 INFO TaskSetManager: Finished task 0.0 in stage 10.0 (TID 7) in 314 ms on 172.18.0.8 (executor 4) (1/1)
26/04/12 22:26:03 INFO TaskSchedulerImpl: Removed TaskSet 10.0, whose tasks have all completed, from pool 
26/04/12 22:26:03 INFO DAGScheduler: ResultStage 10 ($anonfun$withThreadLocalCaptured$1 at FutureTask.java:264) finished in 0.323 s
26/04/12 22:26:03 INFO DAGScheduler: Job 7 is finished. Cancelling potential speculative or zombie tasks for this job
26/04/12 22:26:03 INFO TaskSchedulerImpl: Killing all running tasks in stage 10: Stage finished
26/04/12 22:26:03 INFO DAGScheduler: Job 7 finished: $anonfun$withThreadLocalCaptured$1 at FutureTask.java:264, took 0.327088 s
26/04/12 22:26:03 INFO MemoryStore: Block broadcast_17 stored as values in memory (estimated size 248.0 B, free 433.7 MiB)
26/04/12 22:26:03 INFO MemoryStore: Block broadcast_17_piece0 stored as bytes in memory (estimated size 285.0 B, free 433.7 MiB)
26/04/12 22:26:03 INFO BlockManagerInfo: Added broadcast_17_piece0 in memory on c4009cb8af5f:37861 (size: 285.0 B, free: 434.1 MiB)
26/04/12 22:26:03 INFO SparkContext: Created broadcast 17 from sql at NativeMethodAccessorImpl.java:0
26/04/12 22:26:03 INFO SparkCopyOnWriteScan: 1 of 1 task(s) for table nessie.silver.users_hist matched runtime file filter with 1 location(s)
26/04/12 22:26:03 INFO MemoryStore: Block broadcast_18 stored as values in memory (estimated size 32.0 KiB, free 433.6 MiB)
26/04/12 22:26:03 INFO MemoryStore: Block broadcast_18_piece0 stored as bytes in memory (estimated size 30.8 KiB, free 433.6 MiB)
26/04/12 22:26:03 INFO BlockManagerInfo: Added broadcast_18_piece0 in memory on c4009cb8af5f:37861 (size: 30.8 KiB, free: 434.1 MiB)
26/04/12 22:26:03 INFO SparkContext: Created broadcast 18 from broadcast at SparkBatch.java:79
26/04/12 22:26:03 INFO DAGScheduler: Registering RDD 30 (sql at NativeMethodAccessorImpl.java:0) as input to shuffle 3
26/04/12 22:26:03 INFO DAGScheduler: Got map stage job 8 (sql at NativeMethodAccessorImpl.java:0) with 1 output partitions
26/04/12 22:26:03 INFO DAGScheduler: Final stage: ShuffleMapStage 11 (sql at NativeMethodAccessorImpl.java:0)
26/04/12 22:26:03 INFO DAGScheduler: Parents of final stage: List()
26/04/12 22:26:03 INFO DAGScheduler: Missing parents: List()
26/04/12 22:26:03 INFO DAGScheduler: Submitting ShuffleMapStage 11 (MapPartitionsRDD[30] at sql at NativeMethodAccessorImpl.java:0), which has no missing parents
26/04/12 22:26:03 INFO MemoryStore: Block broadcast_19 stored as values in memory (estimated size 25.2 KiB, free 433.6 MiB)
26/04/12 22:26:03 INFO MemoryStore: Block broadcast_19_piece0 stored as bytes in memory (estimated size 8.9 KiB, free 433.6 MiB)
26/04/12 22:26:03 INFO BlockManagerInfo: Added broadcast_19_piece0 in memory on c4009cb8af5f:37861 (size: 8.9 KiB, free: 434.1 MiB)
26/04/12 22:26:03 INFO SparkContext: Created broadcast 19 from broadcast at DAGScheduler.scala:1585
26/04/12 22:26:03 INFO DAGScheduler: Submitting 1 missing tasks from ShuffleMapStage 11 (MapPartitionsRDD[30] at sql at NativeMethodAccessorImpl.java:0) (first 15 tasks are for partitions Vector(0))
26/04/12 22:26:03 INFO TaskSchedulerImpl: Adding task set 11.0 with 1 tasks resource profile 0
26/04/12 22:26:03 INFO TaskSetManager: Starting task 0.0 in stage 11.0 (TID 8) (172.18.0.8, executor 5, partition 0, PROCESS_LOCAL, 15755 bytes) 
26/04/12 22:26:03 INFO CodeGenerator: Code generated in 10.334409 ms
26/04/12 22:26:03 INFO MemoryStore: Block broadcast_20 stored as values in memory (estimated size 209.7 KiB, free 433.4 MiB)
26/04/12 22:26:03 INFO MemoryStore: Block broadcast_20_piece0 stored as bytes in memory (estimated size 37.1 KiB, free 433.3 MiB)
26/04/12 22:26:03 INFO BlockManagerInfo: Added broadcast_20_piece0 in memory on c4009cb8af5f:37861 (size: 37.1 KiB, free: 434.0 MiB)
26/04/12 22:26:03 INFO SparkContext: Created broadcast 20 from sql at NativeMethodAccessorImpl.java:0
26/04/12 22:26:03 INFO FileSourceScanExec: Planning scan with bin packing, max size: 4194304 bytes, open cost is considered as scanning 4194304 bytes.
26/04/12 22:26:03 INFO DAGScheduler: Registering RDD 34 (sql at NativeMethodAccessorImpl.java:0) as input to shuffle 4
26/04/12 22:26:03 INFO DAGScheduler: Got map stage job 9 (sql at NativeMethodAccessorImpl.java:0) with 1 output partitions
26/04/12 22:26:03 INFO DAGScheduler: Final stage: ShuffleMapStage 12 (sql at NativeMethodAccessorImpl.java:0)
26/04/12 22:26:03 INFO DAGScheduler: Parents of final stage: List()
26/04/12 22:26:03 INFO DAGScheduler: Missing parents: List()
26/04/12 22:26:03 INFO DAGScheduler: Submitting ShuffleMapStage 12 (MapPartitionsRDD[34] at sql at NativeMethodAccessorImpl.java:0), which has no missing parents
26/04/12 22:26:03 INFO MemoryStore: Block broadcast_21 stored as values in memory (estimated size 24.3 KiB, free 433.3 MiB)
26/04/12 22:26:03 INFO MemoryStore: Block broadcast_21_piece0 stored as bytes in memory (estimated size 9.4 KiB, free 433.3 MiB)
26/04/12 22:26:03 INFO BlockManagerInfo: Added broadcast_21_piece0 in memory on c4009cb8af5f:37861 (size: 9.4 KiB, free: 434.0 MiB)
26/04/12 22:26:03 INFO SparkContext: Created broadcast 21 from broadcast at DAGScheduler.scala:1585
26/04/12 22:26:03 INFO DAGScheduler: Submitting 1 missing tasks from ShuffleMapStage 12 (MapPartitionsRDD[34] at sql at NativeMethodAccessorImpl.java:0) (first 15 tasks are for partitions Vector(0))
26/04/12 22:26:03 INFO TaskSchedulerImpl: Adding task set 12.0 with 1 tasks resource profile 0
26/04/12 22:26:03 INFO TaskSetManager: Starting task 0.0 in stage 12.0 (TID 9) (172.18.0.8, executor 4, partition 0, PROCESS_LOCAL, 10759 bytes) 
26/04/12 22:26:03 INFO BlockManagerInfo: Added broadcast_21_piece0 in memory on 172.18.0.8:33081 (size: 9.4 KiB, free: 1048.7 MiB)
26/04/12 22:26:03 INFO BlockManagerInfo: Added broadcast_20_piece0 in memory on 172.18.0.8:33081 (size: 37.1 KiB, free: 1048.7 MiB)
26/04/12 22:26:03 INFO TaskSetManager: Finished task 0.0 in stage 12.0 (TID 9) in 320 ms on 172.18.0.8 (executor 4) (1/1)
26/04/12 22:26:03 INFO TaskSchedulerImpl: Removed TaskSet 12.0, whose tasks have all completed, from pool 
26/04/12 22:26:03 INFO DAGScheduler: ShuffleMapStage 12 (sql at NativeMethodAccessorImpl.java:0) finished in 0.329 s
26/04/12 22:26:03 INFO DAGScheduler: looking for newly runnable stages
26/04/12 22:26:03 INFO DAGScheduler: running: Set(ShuffleMapStage 11)
26/04/12 22:26:03 INFO DAGScheduler: waiting: Set()
26/04/12 22:26:03 INFO DAGScheduler: failed: Set()
26/04/12 22:26:03 INFO BlockManagerInfo: Added broadcast_19_piece0 in memory on 172.18.0.8:37331 (size: 8.9 KiB, free: 1048.8 MiB)
26/04/12 22:26:04 INFO BlockManagerInfo: Added broadcast_18_piece0 in memory on 172.18.0.8:37331 (size: 30.8 KiB, free: 1048.8 MiB)
26/04/12 22:26:05 INFO TaskSetManager: Finished task 0.0 in stage 11.0 (TID 8) in 2195 ms on 172.18.0.8 (executor 5) (1/1)
26/04/12 22:26:05 INFO TaskSchedulerImpl: Removed TaskSet 11.0, whose tasks have all completed, from pool 
26/04/12 22:26:05 INFO DAGScheduler: ShuffleMapStage 11 (sql at NativeMethodAccessorImpl.java:0) finished in 2.205 s
26/04/12 22:26:05 INFO DAGScheduler: looking for newly runnable stages
26/04/12 22:26:05 INFO DAGScheduler: running: Set()
26/04/12 22:26:05 INFO DAGScheduler: waiting: Set()
26/04/12 22:26:05 INFO DAGScheduler: failed: Set()
26/04/12 22:26:05 INFO ShufflePartitionsUtil: For shuffle(3, 4), advisory target size: 67108864, actual target size 1048576, minimum partition size: 1048576
26/04/12 22:26:05 INFO CodeGenerator: Code generated in 7.444952 ms
26/04/12 22:26:05 INFO CodeGenerator: Code generated in 30.455346 ms
26/04/12 22:26:05 INFO CodeGenerator: Code generated in 7.160431 ms
26/04/12 22:26:05 INFO CodeGenerator: Code generated in 9.245057 ms
26/04/12 22:26:05 INFO MemoryStore: Block broadcast_22 stored as values in memory (estimated size 32.0 KiB, free 433.3 MiB)
26/04/12 22:26:05 INFO MemoryStore: Block broadcast_22_piece0 stored as bytes in memory (estimated size 30.8 KiB, free 433.2 MiB)
26/04/12 22:26:05 INFO BlockManagerInfo: Added broadcast_22_piece0 in memory on c4009cb8af5f:37861 (size: 30.8 KiB, free: 434.0 MiB)
26/04/12 22:26:05 INFO SparkContext: Created broadcast 22 from broadcast at SparkWrite.java:193
26/04/12 22:26:05 INFO ReplaceDataExec: Start processing data source write support: IcebergBatchWrite(table=nessie.silver.users_hist, format=PARQUET). The input RDD has 1 partitions.
26/04/12 22:26:05 INFO SparkContext: Starting job: sql at NativeMethodAccessorImpl.java:0
26/04/12 22:26:05 INFO DAGScheduler: Got job 10 (sql at NativeMethodAccessorImpl.java:0) with 1 output partitions
26/04/12 22:26:05 INFO DAGScheduler: Final stage: ResultStage 15 (sql at NativeMethodAccessorImpl.java:0)
26/04/12 22:26:05 INFO DAGScheduler: Parents of final stage: List(ShuffleMapStage 13, ShuffleMapStage 14)
26/04/12 22:26:05 INFO DAGScheduler: Missing parents: List()
26/04/12 22:26:05 INFO DAGScheduler: Submitting ResultStage 15 (MapPartitionsRDD[42] at sql at NativeMethodAccessorImpl.java:0), which has no missing parents
26/04/12 22:26:05 INFO MemoryStore: Block broadcast_23 stored as values in memory (estimated size 98.7 KiB, free 433.1 MiB)
26/04/12 22:26:05 INFO MemoryStore: Block broadcast_23_piece0 stored as bytes in memory (estimated size 38.8 KiB, free 433.1 MiB)
26/04/12 22:26:05 INFO BlockManagerInfo: Added broadcast_23_piece0 in memory on c4009cb8af5f:37861 (size: 38.8 KiB, free: 434.0 MiB)
26/04/12 22:26:05 INFO SparkContext: Created broadcast 23 from broadcast at DAGScheduler.scala:1585
26/04/12 22:26:05 INFO DAGScheduler: Submitting 1 missing tasks from ResultStage 15 (MapPartitionsRDD[42] at sql at NativeMethodAccessorImpl.java:0) (first 15 tasks are for partitions Vector(0))
26/04/12 22:26:05 INFO TaskSchedulerImpl: Adding task set 15.0 with 1 tasks resource profile 0
26/04/12 22:26:05 INFO TaskSetManager: Starting task 0.0 in stage 15.0 (TID 10) (172.18.0.8, executor 1, partition 0, NODE_LOCAL, 10447 bytes) 
26/04/12 22:26:05 INFO BlockManagerInfo: Added broadcast_23_piece0 in memory on 172.18.0.8:33497 (size: 38.8 KiB, free: 1048.7 MiB)
26/04/12 22:26:05 INFO MapOutputTrackerMasterEndpoint: Asked to send map output locations for shuffle 3 to 172.18.0.8:47540
26/04/12 22:26:05 INFO MapOutputTrackerMasterEndpoint: Asked to send map output locations for shuffle 4 to 172.18.0.8:47540
26/04/12 22:26:05 INFO BlockManagerInfo: Added broadcast_22_piece0 in memory on 172.18.0.8:33497 (size: 30.8 KiB, free: 1048.6 MiB)
26/04/12 22:26:06 INFO TaskSetManager: Finished task 0.0 in stage 15.0 (TID 10) in 738 ms on 172.18.0.8 (executor 1) (1/1)
26/04/12 22:26:06 INFO TaskSchedulerImpl: Removed TaskSet 15.0, whose tasks have all completed, from pool 
26/04/12 22:26:06 INFO DAGScheduler: ResultStage 15 (sql at NativeMethodAccessorImpl.java:0) finished in 0.748 s
26/04/12 22:26:06 INFO DAGScheduler: Job 10 is finished. Cancelling potential speculative or zombie tasks for this job
26/04/12 22:26:06 INFO TaskSchedulerImpl: Killing all running tasks in stage 15: Stage finished
26/04/12 22:26:06 INFO DAGScheduler: Job 10 finished: sql at NativeMethodAccessorImpl.java:0, took 0.755327 s
26/04/12 22:26:06 INFO ReplaceDataExec: Data source write support IcebergBatchWrite(table=nessie.silver.users_hist, format=PARQUET) is committing.
26/04/12 22:26:06 INFO SparkWrite: Committing overwrite of 1 data files with 1 new data files, scanSnapshotId: 6744347822330328552, conflictDetectionFilter: true to table nessie.silver.users_hist
26/04/12 22:26:06 INFO NessieIcebergClient: Committed 'silver.users_hist' against 'Branch{name=main, metadata=null, hash=e0eb1a27319a704cc7b87292b4cc5fe7d5fc7c23ac926bbc0ddad5f4ccf59704}', expected commit-id was 'e108dc60fb4a43fd21a3b6a09333a3750ffae7d627e2c0aeb1c457b21160d38e'
26/04/12 22:26:06 INFO BaseMetastoreTableOperations: Successfully committed to table silver.users_hist in 52 ms
26/04/12 22:26:06 INFO SnapshotProducer: Committed snapshot 5261625816003879450 (BaseOverwriteFiles)
26/04/12 22:26:06 INFO BaseMetastoreTableOperations: Refreshing table metadata from new version: s3a://iceberg/silver/users_hist_35796bcc-e894-41c3-83f8-f2a7acd7025a/metadata/00004-8e179259-8155-422a-8ea0-533f534ee213.gz.metadata.json
26/04/12 22:26:06 INFO NessieUtil: loadTableMetadata for 'silver.users_hist' from location 's3a://iceberg/silver/users_hist_35796bcc-e894-41c3-83f8-f2a7acd7025a/metadata/00004-8e179259-8155-422a-8ea0-533f534ee213.gz.metadata.json' at 'Branch{name=main, metadata=null, hash=e0eb1a27319a704cc7b87292b4cc5fe7d5fc7c23ac926bbc0ddad5f4ccf59704}'
26/04/12 22:26:06 INFO LoggingMetricsReporter: Received metrics report: CommitReport{tableName=nessie.silver.users_hist, snapshotId=5261625816003879450, sequenceNumber=5, operation=overwrite, commitMetrics=CommitMetricsResult{totalDuration=TimerResult{timeUnit=NANOSECONDS, totalDuration=PT0.347134986S, count=1}, attempts=CounterResult{unit=COUNT, value=1}, addedDataFiles=CounterResult{unit=COUNT, value=1}, removedDataFiles=CounterResult{unit=COUNT, value=1}, totalDataFiles=CounterResult{unit=COUNT, value=1}, addedDeleteFiles=null, addedEqualityDeleteFiles=null, addedPositionalDeleteFiles=null, removedDeleteFiles=null, removedEqualityDeleteFiles=null, removedPositionalDeleteFiles=null, totalDeleteFiles=CounterResult{unit=COUNT, value=0}, addedRecords=CounterResult{unit=COUNT, value=5000}, removedRecords=CounterResult{unit=COUNT, value=5000}, totalRecords=CounterResult{unit=COUNT, value=5000}, addedFilesSizeInBytes=CounterResult{unit=BYTES, value=82429}, removedFilesSizeInBytes=CounterResult{unit=BYTES, value=82429}, totalFilesSizeInBytes=CounterResult{unit=BYTES, value=82429}, addedPositionalDeletes=null, removedPositionalDeletes=null, totalPositionalDeletes=CounterResult{unit=COUNT, value=0}, addedEqualityDeletes=null, removedEqualityDeletes=null, totalEqualityDeletes=CounterResult{unit=COUNT, value=0}}, metadata={engine-version=3.5.5, app-id=app-20260412222524-0013, engine-name=spark, iceberg-version=Apache Iceberg 1.6.1 (commit 8e9d59d299be42b0bca9461457cd1e95dbaad086)}}
26/04/12 22:26:06 INFO SparkWrite: Committed in 361 ms
26/04/12 22:26:06 INFO ReplaceDataExec: Data source write support IcebergBatchWrite(table=nessie.silver.users_hist, format=PARQUET) committed.
26/04/12 22:26:06 INFO SnapshotScan: Scanning table nessie.silver.users_hist snapshot 5261625816003879450 created at 2026-04-12T22:26:06.694+00:00 with filter true
26/04/12 22:26:06 INFO BaseDistributedDataScan: Planning file tasks locally for table nessie.silver.users_hist
26/04/12 22:26:06 INFO V2ScanRelationPushDown: 
Pushing operators to nessie.silver.users_hist
Pushed Aggregate Functions:
 COUNT(*)
Pushed Group by:
 
         
26/04/12 22:26:06 INFO CodeGenerator: Code generated in 6.890103 ms
26/04/12 22:26:06 INFO CodeGenerator: Code generated in 3.876594 ms
26/04/12 22:26:06 INFO DAGScheduler: Registering RDD 45 (collect at /opt/***/scripts/silver_transform.py:212) as input to shuffle 5
26/04/12 22:26:06 INFO DAGScheduler: Got map stage job 11 (collect at /opt/***/scripts/silver_transform.py:212) with 1 output partitions
26/04/12 22:26:06 INFO DAGScheduler: Final stage: ShuffleMapStage 16 (collect at /opt/***/scripts/silver_transform.py:212)
26/04/12 22:26:06 INFO DAGScheduler: Parents of final stage: List()
26/04/12 22:26:06 INFO DAGScheduler: Missing parents: List()
26/04/12 22:26:06 INFO DAGScheduler: Submitting ShuffleMapStage 16 (MapPartitionsRDD[45] at collect at /opt/***/scripts/silver_transform.py:212), which has no missing parents
26/04/12 22:26:06 INFO MemoryStore: Block broadcast_24 stored as values in memory (estimated size 12.6 KiB, free 433.1 MiB)
26/04/12 22:26:06 INFO MemoryStore: Block broadcast_24_piece0 stored as bytes in memory (estimated size 6.2 KiB, free 433.1 MiB)
26/04/12 22:26:06 INFO BlockManagerInfo: Added broadcast_24_piece0 in memory on c4009cb8af5f:37861 (size: 6.2 KiB, free: 434.0 MiB)
26/04/12 22:26:06 INFO BlockManagerInfo: Removed broadcast_22_piece0 on c4009cb8af5f:37861 in memory (size: 30.8 KiB, free: 434.0 MiB)
26/04/12 22:26:06 INFO SparkContext: Created broadcast 24 from broadcast at DAGScheduler.scala:1585
26/04/12 22:26:06 INFO DAGScheduler: Submitting 1 missing tasks from ShuffleMapStage 16 (MapPartitionsRDD[45] at collect at /opt/***/scripts/silver_transform.py:212) (first 15 tasks are for partitions Vector(0))
26/04/12 22:26:06 INFO TaskSchedulerImpl: Adding task set 16.0 with 1 tasks resource profile 0
26/04/12 22:26:06 INFO BlockManagerInfo: Removed broadcast_22_piece0 on 172.18.0.8:33497 in memory (size: 30.8 KiB, free: 1048.7 MiB)
26/04/12 22:26:06 INFO TaskSetManager: Starting task 0.0 in stage 16.0 (TID 11) (172.18.0.8, executor 4, partition 0, PROCESS_LOCAL, 10326 bytes) 
26/04/12 22:26:06 INFO BlockManagerInfo: Removed broadcast_14_piece0 on c4009cb8af5f:37861 in memory (size: 30.8 KiB, free: 434.0 MiB)
26/04/12 22:26:06 INFO BlockManagerInfo: Removed broadcast_16_piece0 on c4009cb8af5f:37861 in memory (size: 21.7 KiB, free: 434.0 MiB)
26/04/12 22:26:06 INFO BlockManagerInfo: Removed broadcast_16_piece0 on 172.18.0.8:33081 in memory (size: 21.7 KiB, free: 1048.7 MiB)
26/04/12 22:26:06 INFO BlockManagerInfo: Added broadcast_24_piece0 in memory on 172.18.0.8:33081 (size: 6.2 KiB, free: 1048.7 MiB)
26/04/12 22:26:06 INFO BlockManagerInfo: Removed broadcast_15_piece0 on c4009cb8af5f:37861 in memory (size: 20.8 KiB, free: 434.1 MiB)
26/04/12 22:26:06 INFO BlockManagerInfo: Removed broadcast_15_piece0 on 172.18.0.8:33497 in memory (size: 20.8 KiB, free: 1048.7 MiB)
26/04/12 22:26:06 INFO BlockManagerInfo: Removed broadcast_23_piece0 on c4009cb8af5f:37861 in memory (size: 38.8 KiB, free: 434.1 MiB)
26/04/12 22:26:06 INFO BlockManagerInfo: Removed broadcast_23_piece0 on 172.18.0.8:33497 in memory (size: 38.8 KiB, free: 1048.7 MiB)
26/04/12 22:26:06 INFO BlockManagerInfo: Removed broadcast_21_piece0 on c4009cb8af5f:37861 in memory (size: 9.4 KiB, free: 434.1 MiB)
26/04/12 22:26:06 INFO BlockManagerInfo: Removed broadcast_21_piece0 on 172.18.0.8:33081 in memory (size: 9.4 KiB, free: 1048.7 MiB)
26/04/12 22:26:06 INFO TaskSetManager: Finished task 0.0 in stage 16.0 (TID 11) in 63 ms on 172.18.0.8 (executor 4) (1/1)
26/04/12 22:26:06 INFO TaskSchedulerImpl: Removed TaskSet 16.0, whose tasks have all completed, from pool 
26/04/12 22:26:06 INFO DAGScheduler: ShuffleMapStage 16 (collect at /opt/***/scripts/silver_transform.py:212) finished in 0.079 s
26/04/12 22:26:06 INFO DAGScheduler: looking for newly runnable stages
26/04/12 22:26:06 INFO DAGScheduler: running: Set()
26/04/12 22:26:06 INFO DAGScheduler: waiting: Set()
26/04/12 22:26:06 INFO DAGScheduler: failed: Set()
26/04/12 22:26:06 INFO BlockManagerInfo: Removed broadcast_19_piece0 on c4009cb8af5f:37861 in memory (size: 8.9 KiB, free: 434.1 MiB)
26/04/12 22:26:06 INFO BlockManagerInfo: Removed broadcast_19_piece0 on 172.18.0.8:37331 in memory (size: 8.9 KiB, free: 1048.8 MiB)
26/04/12 22:26:06 INFO CodeGenerator: Code generated in 10.697143 ms
26/04/12 22:26:07 INFO SparkContext: Starting job: collect at /opt/***/scripts/silver_transform.py:212
26/04/12 22:26:07 INFO DAGScheduler: Got job 12 (collect at /opt/***/scripts/silver_transform.py:212) with 1 output partitions
26/04/12 22:26:07 INFO DAGScheduler: Final stage: ResultStage 18 (collect at /opt/***/scripts/silver_transform.py:212)
26/04/12 22:26:07 INFO DAGScheduler: Parents of final stage: List(ShuffleMapStage 17)
26/04/12 22:26:07 INFO DAGScheduler: Missing parents: List()
26/04/12 22:26:07 INFO DAGScheduler: Submitting ResultStage 18 (MapPartitionsRDD[48] at collect at /opt/***/scripts/silver_transform.py:212), which has no missing parents
26/04/12 22:26:07 INFO MemoryStore: Block broadcast_25 stored as values in memory (estimated size 13.7 KiB, free 433.5 MiB)
26/04/12 22:26:07 INFO MemoryStore: Block broadcast_25_piece0 stored as bytes in memory (estimated size 6.4 KiB, free 433.5 MiB)
26/04/12 22:26:07 INFO BlockManagerInfo: Added broadcast_25_piece0 in memory on c4009cb8af5f:37861 (size: 6.4 KiB, free: 434.1 MiB)
26/04/12 22:26:07 INFO SparkContext: Created broadcast 25 from broadcast at DAGScheduler.scala:1585
26/04/12 22:26:07 INFO DAGScheduler: Submitting 1 missing tasks from ResultStage 18 (MapPartitionsRDD[48] at collect at /opt/***/scripts/silver_transform.py:212) (first 15 tasks are for partitions Vector(0))
26/04/12 22:26:07 INFO TaskSchedulerImpl: Adding task set 18.0 with 1 tasks resource profile 0
26/04/12 22:26:07 INFO TaskSetManager: Starting task 0.0 in stage 18.0 (TID 12) (172.18.0.8, executor 3, partition 0, NODE_LOCAL, 10165 bytes) 
26/04/12 22:26:07 INFO BlockManagerInfo: Added broadcast_25_piece0 in memory on 172.18.0.8:44901 (size: 6.4 KiB, free: 1048.8 MiB)
26/04/12 22:26:07 INFO MapOutputTrackerMasterEndpoint: Asked to send map output locations for shuffle 5 to 172.18.0.8:47536
26/04/12 22:26:07 INFO TaskSetManager: Finished task 0.0 in stage 18.0 (TID 12) in 136 ms on 172.18.0.8 (executor 3) (1/1)
26/04/12 22:26:07 INFO TaskSchedulerImpl: Removed TaskSet 18.0, whose tasks have all completed, from pool 
26/04/12 22:26:07 INFO DAGScheduler: ResultStage 18 (collect at /opt/***/scripts/silver_transform.py:212) finished in 0.142 s
26/04/12 22:26:07 INFO DAGScheduler: Job 12 is finished. Cancelling potential speculative or zombie tasks for this job
26/04/12 22:26:07 INFO TaskSchedulerImpl: Killing all running tasks in stage 18: Stage finished
26/04/12 22:26:07 INFO DAGScheduler: Job 12 finished: collect at /opt/***/scripts/silver_transform.py:212, took 0.144840 s
26/04/12 22:26:07 INFO SparkContext: SparkContext is stopping with exitCode 0.
26/04/12 22:26:07 INFO SparkUI: Stopped Spark web UI at http://c4009cb8af5f:4041
26/04/12 22:26:07 INFO StandaloneSchedulerBackend: Shutting down all executors
26/04/12 22:26:07 INFO StandaloneSchedulerBackend$StandaloneDriverEndpoint: Asking each executor to shut down
26/04/12 22:26:07 INFO MapOutputTrackerMasterEndpoint: MapOutputTrackerMasterEndpoint stopped!
26/04/12 22:26:07 INFO MemoryStore: MemoryStore cleared
26/04/12 22:26:07 INFO BlockManager: BlockManager stopped
26/04/12 22:26:07 INFO BlockManagerMaster: BlockManagerMaster stopped
26/04/12 22:26:07 INFO OutputCommitCoordinator$OutputCommitCoordinatorEndpoint: OutputCommitCoordinator stopped!
26/04/12 22:26:07 INFO SparkContext: Successfully stopped SparkContext
26/04/12 22:26:07 INFO ShutdownHookManager: Shutdown hook called
26/04/12 22:26:07 INFO ShutdownHookManager: Deleting directory /tmp/spark-13609047-9430-4d6a-90bd-57601c20758e/pyspark-da4bed94-31d1-4c6b-a443-6b867856fe13
26/04/12 22:26:07 INFO ShutdownHookManager: Deleting directory /tmp/spark-1c439dfa-a670-45a8-8745-6a5c5fc24f73
26/04/12 22:26:07 INFO ShutdownHookManager: Deleting directory /tmp/spark-13609047-9430-4d6a-90bd-57601c20758e
26/04/12 22:26:07 INFO MetricsSystemImpl: Stopping s3a-file-system metrics system...
26/04/12 22:26:07 INFO MetricsSystemImpl: s3a-file-system metrics system stopped.
26/04/12 22:26:07 INFO MetricsSystemImpl: s3a-file-system metrics system shutdown complete.

[2026-04-12T22:26:08.130+0000] {python.py:240} INFO - Done. Returned value was: None
[2026-04-12T22:26:08.138+0000] {taskinstance.py:340} INFO - ::group::Post task execution logs
[2026-04-12T22:26:08.139+0000] {taskinstance.py:352} INFO - Marking task as SUCCESS. dag_id=stackoverflow_pipeline, task_id=silver_transform, run_id=manual__2026-04-12T22:19:27+00:00, execution_date=20260412T221927, start_date=20260412T222516, end_date=20260412T222608
[2026-04-12T22:26:08.197+0000] {local_task_job_runner.py:266} INFO - Task exited with return code 0
[2026-04-12T22:26:08.212+0000] {taskinstance.py:3895} INFO - 1 downstream tasks scheduled from follow-on schedule check
[2026-04-12T22:26:08.214+0000] {local_task_job_runner.py:245} INFO - ::endgroup::
