[      49ms] [ERROR] Manifest: Line: 1, column: 1, Syntax error. @ http://localhost:9047/manifest.webmanifest:0
[     334ms] [ERROR]  Note that 'script-src' was not explicitly set, so 'default-src' is used as a fallback. @ https://www.googletagmanager.com/gtm.js?id=GTM-5D8RST:4
[     335ms] [ERROR]  Note that 'script-src' was not explicitly set, so 'default-src' is used as a fallback. @ https://www.googletagmanager.com/gtm.js?id=GTM-5D8RST:4
[     338ms] [ERROR]  Note that 'script-src' was not explicitly set, so 'default-src' is used as a fallback. @ https://www.googletagmanager.com/gtm.js?id=GTM-5D8RST:4
[     338ms] [ERROR]  Note that 'script-src' was not explicitly set, so 'default-src' is used as a fallback. @ https://www.googletagmanager.com/gtm.js?id=GTM-5D8RST:4
[     339ms] [ERROR]  Note that 'script-src' was not explicitly set, so 'default-src' is used as a fallback. @ https://www.googletagmanager.com/gtm.js?id=GTM-5D8RST:4
[     418ms] [ERROR] Manifest: Line: 1, column: 1, Syntax error. @ http://localhost:9047/manifest.webmanifest:0
[     622ms] [ERROR] Failed to load resource: the server responded with a status of 404 () @ https://o31066.ingest.sentry.io/:0
[     690ms] [INFO] [Intercom] Launcher is disabled in settings or current page does not match display conditions @ https://js.intercomcdn.com/frame-modern.3fa1db07.js:0
[     695ms] [ERROR] Failed to load resource: the server responded with a status of 403 () @ https://o31066.ingest.sentry.io/api/66750/envelope/?sentry_key=2592b22bfefa49b3b5b1e72393f84194&sentry_version=7&sentry_client=sentry.javascript.browser%2F8.33.1:0
[  471740ms] [ERROR] Manifest: Line: 1, column: 1, Syntax error. @ http://localhost:9047/manifest.webmanifest:0
[  471895ms] [ERROR]  Note that 'script-src' was not explicitly set, so 'default-src' is used as a fallback. @ https://www.googletagmanager.com/gtm.js?id=GTM-5D8RST:4
[  471896ms] [ERROR]  Note that 'script-src' was not explicitly set, so 'default-src' is used as a fallback. @ https://www.googletagmanager.com/gtm.js?id=GTM-5D8RST:4
[  471897ms] [ERROR]  Note that 'script-src' was not explicitly set, so 'default-src' is used as a fallback. @ https://www.googletagmanager.com/gtm.js?id=GTM-5D8RST:4
[  471898ms] [ERROR]  Note that 'script-src' was not explicitly set, so 'default-src' is used as a fallback. @ https://www.googletagmanager.com/gtm.js?id=GTM-5D8RST:4
[  471898ms] [ERROR]  Note that 'script-src' was not explicitly set, so 'default-src' is used as a fallback. @ https://www.googletagmanager.com/gtm.js?id=GTM-5D8RST:4
[  471938ms] [ERROR] Manifest: Line: 1, column: 1, Syntax error. @ http://localhost:9047/manifest.webmanifest:0
[  472261ms] [ERROR] Failed to load resource: the server responded with a status of 404 () @ https://o31066.ingest.sentry.io/:0
[  472288ms] [INFO] [Intercom] Launcher is disabled in settings or current page does not match display conditions @ https://js.intercomcdn.com/frame-modern.3fa1db07.js:0
[  472362ms] [ERROR] Failed to load resource: the server responded with a status of 403 () @ https://o31066.ingest.sentry.io/api/66750/envelope/?sentry_key=2592b22bfefa49b3b5b1e72393f84194&sentry_version=7&sentry_client=sentry.javascript.browser%2F8.33.1:0
[  476111ms] [ERROR] Manifest: Line: 1, column: 1, Syntax error. @ http://localhost:9047/manifest.webmanifest:0
[  476149ms] [ERROR]  Note that 'script-src' was not explicitly set, so 'default-src' is used as a fallback. @ https://www.googletagmanager.com/gtm.js?id=GTM-5D8RST:4
[  476150ms] [ERROR]  Note that 'script-src' was not explicitly set, so 'default-src' is used as a fallback. @ https://www.googletagmanager.com/gtm.js?id=GTM-5D8RST:4
[  476150ms] [ERROR]  Note that 'script-src' was not explicitly set, so 'default-src' is used as a fallback. @ https://www.googletagmanager.com/gtm.js?id=GTM-5D8RST:4
[  476152ms] [ERROR]  Note that 'script-src' was not explicitly set, so 'default-src' is used as a fallback. @ https://www.googletagmanager.com/gtm.js?id=GTM-5D8RST:4
[  476153ms] [ERROR]  Note that 'script-src' was not explicitly set, so 'default-src' is used as a fallback. @ https://www.googletagmanager.com/gtm.js?id=GTM-5D8RST:4
[  476153ms] [ERROR]  Note that 'script-src' was not explicitly set, so 'default-src' is used as a fallback. @ https://www.googletagmanager.com/gtm.js?id=GTM-5D8RST:4
[  476155ms] [ERROR]  Note that 'script-src' was not explicitly set, so 'default-src' is used as a fallback. @ https://www.googletagmanager.com/gtm.js?id=GTM-5D8RST:4
[  476235ms] [ERROR] Manifest: Line: 1, column: 1, Syntax error. @ http://localhost:9047/manifest.webmanifest:0
[  476283ms] [ERROR] Failed to load resource: the server responded with a status of 404 () @ https://o31066.ingest.sentry.io/:0
[  476339ms] [INFO] [Intercom] Launcher is disabled in settings or current page does not match display conditions @ https://js.intercomcdn.com/frame-modern.3fa1db07.js:0
[  476354ms] [ERROR] Failed to load resource: the server responded with a status of 403 () @ https://o31066.ingest.sentry.io/api/66750/envelope/?sentry_key=2592b22bfefa49b3b5b1e72393f84194&sentry_version=7&sentry_client=sentry.javascript.browser%2F8.33.1:0
[  480247ms] [ERROR] Failed to load resource: the server responded with a status of 403 () @ https://o31066.ingest.sentry.io/api/66750/envelope/?sentry_key=2592b22bfefa49b3b5b1e72393f84194&sentry_version=7&sentry_client=sentry.javascript.browser%2F8.33.1:0
[  480247ms] [ERROR] Failed to load resource: the server responded with a status of 403 () @ https://o31066.ingest.sentry.io/api/66750/envelope/?sentry_key=2592b22bfefa49b3b5b1e72393f84194&sentry_version=7&sentry_client=sentry.javascript.browser%2F8.33.1:0
[  480590ms] [ERROR] Failed to load resource: the server responded with a status of 403 () @ https://o31066.ingest.sentry.io/api/66750/envelope/?sentry_key=2592b22bfefa49b3b5b1e72393f84194&sentry_version=7&sentry_client=sentry.javascript.browser%2F8.33.1:0
[  480590ms] [ERROR] Failed to load resource: the server responded with a status of 403 () @ https://o31066.ingest.sentry.io/api/66750/envelope/?sentry_key=2592b22bfefa49b3b5b1e72393f84194&sentry_version=7&sentry_client=sentry.javascript.browser%2F8.33.1:0
[  480591ms] [ERROR] Failed to load resource: the server responded with a status of 403 () @ https://o31066.ingest.sentry.io/api/66750/envelope/?sentry_key=2592b22bfefa49b3b5b1e72393f84194&sentry_version=7&sentry_client=sentry.javascript.browser%2F8.33.1:0
[  480591ms] [ERROR] Failed to load resource: the server responded with a status of 403 () @ https://o31066.ingest.sentry.io/api/66750/envelope/?sentry_key=2592b22bfefa49b3b5b1e72393f84194&sentry_version=7&sentry_client=sentry.javascript.browser%2F8.33.1:0
[  482064ms] [ERROR] Failed to load resource: the server responded with a status of 403 () @ https://o31066.ingest.sentry.io/api/66750/envelope/?sentry_key=2592b22bfefa49b3b5b1e72393f84194&sentry_version=7&sentry_client=sentry.javascript.browser%2F8.33.1:0
[  482064ms] [ERROR] Failed to load resource: the server responded with a status of 403 () @ https://o31066.ingest.sentry.io/api/66750/envelope/?sentry_key=2592b22bfefa49b3b5b1e72393f84194&sentry_version=7&sentry_client=sentry.javascript.browser%2F8.33.1:0
[  482220ms] [ERROR] Failed to load resource: the server responded with a status of 403 () @ https://o31066.ingest.sentry.io/api/66750/envelope/?sentry_key=2592b22bfefa49b3b5b1e72393f84194&sentry_version=7&sentry_client=sentry.javascript.browser%2F8.33.1:0
[  482220ms] [ERROR] Failed to load resource: the server responded with a status of 403 () @ https://o31066.ingest.sentry.io/api/66750/envelope/?sentry_key=2592b22bfefa49b3b5b1e72393f84194&sentry_version=7&sentry_client=sentry.javascript.browser%2F8.33.1:0
[  485187ms] [ERROR] Failed to load resource: the server responded with a status of 400 (Bad Request) @ http://localhost:9047/api/v3/catalog/24289538-42f3-4dc0-b814-3a3570fa962c/collaboration/tag:0
[  492478ms] [ERROR] Failed to load resource: the server responded with a status of 403 () @ https://o31066.ingest.sentry.io/api/66750/envelope/?sentry_key=2592b22bfefa49b3b5b1e72393f84194&sentry_version=7&sentry_client=sentry.javascript.browser%2F8.33.1:0
[  492478ms] [ERROR] Failed to load resource: the server responded with a status of 403 () @ https://o31066.ingest.sentry.io/api/66750/envelope/?sentry_key=2592b22bfefa49b3b5b1e72393f84194&sentry_version=7&sentry_client=sentry.javascript.browser%2F8.33.1:0
