[2026-04-12T19:19:59.000+0000] {local_task_job_runner.py:123} INFO - ::group::Pre task execution logs
[2026-04-12T19:19:59.016+0000] {taskinstance.py:2613} INFO - Dependencies all met for dep_context=non-requeueable deps ti=<TaskInstance: stackoverflow_pipeline.gold_agg manual__2026-04-12T19:08:38+00:00 [queued]>
[2026-04-12T19:19:59.024+0000] {taskinstance.py:2613} INFO - Dependencies all met for dep_context=requeueable deps ti=<TaskInstance: stackoverflow_pipeline.gold_agg manual__2026-04-12T19:08:38+00:00 [queued]>
[2026-04-12T19:19:59.025+0000] {taskinstance.py:2866} INFO - Starting attempt 2 of 2
[2026-04-12T19:19:59.039+0000] {taskinstance.py:2889} INFO - Executing <Task(BashOperator): gold_agg> on 2026-04-12 19:08:38+00:00
[2026-04-12T19:19:59.044+0000] {warnings.py:112} WARNING - /home/***/.local/lib/python3.12/site-packages/***/task/task_runner/standard_task_runner.py:70: DeprecationWarning: This process (pid=4016) is multi-threaded, use of fork() may lead to deadlocks in the child.
  pid = os.fork()

[2026-04-12T19:19:59.046+0000] {standard_task_runner.py:72} INFO - Started process 4017 to run task
[2026-04-12T19:19:59.046+0000] {standard_task_runner.py:104} INFO - Running: ['***', 'tasks', 'run', 'stackoverflow_pipeline', 'gold_agg', 'manual__2026-04-12T19:08:38+00:00', '--job-id', '24', '--raw', '--subdir', 'DAGS_FOLDER/stackoverflow_pipeline.py', '--cfg-path', '/tmp/tmpi4ryn56s']
[2026-04-12T19:19:59.047+0000] {standard_task_runner.py:105} INFO - Job 24: Subtask gold_agg
[2026-04-12T19:19:59.113+0000] {task_command.py:467} INFO - Running <TaskInstance: stackoverflow_pipeline.gold_agg manual__2026-04-12T19:08:38+00:00 [running]> on host b4737cc55adb
[2026-04-12T19:19:59.197+0000] {taskinstance.py:3132} INFO - Exporting env vars: AIRFLOW_CTX_DAG_OWNER='fhbd-grupo' AIRFLOW_CTX_DAG_ID='stackoverflow_pipeline' AIRFLOW_CTX_TASK_ID='gold_agg' AIRFLOW_CTX_EXECUTION_DATE='2026-04-12T19:08:38+00:00' AIRFLOW_CTX_TRY_NUMBER='2' AIRFLOW_CTX_DAG_RUN_ID='manual__2026-04-12T19:08:38+00:00'
[2026-04-12T19:19:59.199+0000] {taskinstance.py:731} INFO - ::endgroup::
[2026-04-12T19:19:59.216+0000] {subprocess.py:78} INFO - Tmp dir root location: /tmp
[2026-04-12T19:19:59.217+0000] {subprocess.py:88} INFO - Running command: ['/usr/bin/bash', '-c', '/opt/spark/bin/spark-submit --master spark://spark-master:7077 --conf spark.submit.deployMode=client --conf spark.driver.bindAddress=0.0.0.0 --conf spark.executor.instances=1 --conf spark.executor.cores=2 --conf spark.executor.memory=2g --conf spark.driver.memory=1g --conf spark.sql.extensions=org.apache.iceberg.spark.extensions.IcebergSparkSessionExtensions,org.projectnessie.spark.extensions.NessieSparkSessionExtensions --conf spark.sql.catalog.nessie=org.apache.iceberg.spark.SparkCatalog --conf spark.sql.catalog.nessie.catalog-impl=org.apache.iceberg.nessie.NessieCatalog --conf spark.sql.catalog.nessie.uri=http://proyecto2-nessie:19120/api/v1 --conf spark.sql.catalog.nessie.ref=main --conf spark.sql.catalog.nessie.authentication.type=NONE --conf spark.sql.catalog.nessie.warehouse=s3a://iceberg/ --conf spark.hadoop.fs.s3a.endpoint=http://proyecto2-minio:9000 --conf spark.hadoop.fs.s3a.access.key=minioadmin --conf spark.hadoop.fs.s3a.secret.key=minioadmin123 --conf spark.hadoop.fs.s3a.path.style.access=true --conf spark.hadoop.fs.s3a.impl=org.apache.hadoop.fs.s3a.S3AFileSystem --conf spark.hadoop.fs.s3a.aws.credentials.provider=org.apache.hadoop.fs.s3a.SimpleAWSCredentialsProvider --conf spark.hadoop.fs.s3a.connection.ssl.enabled=false --packages org.apache.iceberg:iceberg-spark-runtime-3.5_2.12:1.6.1,org.projectnessie.nessie-integrations:nessie-spark-extensions-3.5_2.12:0.95.0,org.apache.hadoop:hadoop-aws:3.3.4,com.amazonaws:aws-java-sdk-bundle:1.12.262 --name gold_cant_post_x_user_hist --verbose /opt/***/scripts/gold_agg.py']
[2026-04-12T19:19:59.227+0000] {subprocess.py:99} INFO - Output:
[2026-04-12T19:19:59.236+0000] {subprocess.py:106} INFO - /opt/spark/bin/load-spark-env.sh: line 68: ps: command not found
[2026-04-12T19:20:00.599+0000] {subprocess.py:106} INFO - Using properties file: null
[2026-04-12T19:20:00.718+0000] {subprocess.py:106} INFO - Parsed arguments:
[2026-04-12T19:20:00.719+0000] {subprocess.py:106} INFO -   master                  spark://spark-master:7077
[2026-04-12T19:20:00.720+0000] {subprocess.py:106} INFO -   remote                  null
[2026-04-12T19:20:00.721+0000] {subprocess.py:106} INFO -   deployMode              client
[2026-04-12T19:20:00.722+0000] {subprocess.py:106} INFO -   executorMemory          2g
[2026-04-12T19:20:00.723+0000] {subprocess.py:106} INFO -   executorCores           2
[2026-04-12T19:20:00.724+0000] {subprocess.py:106} INFO -   totalExecutorCores      null
[2026-04-12T19:20:00.725+0000] {subprocess.py:106} INFO -   propertiesFile          null
[2026-04-12T19:20:00.725+0000] {subprocess.py:106} INFO -   driverMemory            1g
[2026-04-12T19:20:00.726+0000] {subprocess.py:106} INFO -   driverCores             null
[2026-04-12T19:20:00.727+0000] {subprocess.py:106} INFO -   driverExtraClassPath    null
[2026-04-12T19:20:00.728+0000] {subprocess.py:106} INFO -   driverExtraLibraryPath  null
[2026-04-12T19:20:00.728+0000] {subprocess.py:106} INFO -   driverExtraJavaOptions  null
[2026-04-12T19:20:00.729+0000] {subprocess.py:106} INFO -   supervise               false
[2026-04-12T19:20:00.730+0000] {subprocess.py:106} INFO -   queue                   null
[2026-04-12T19:20:00.731+0000] {subprocess.py:106} INFO -   numExecutors            1
[2026-04-12T19:20:00.732+0000] {subprocess.py:106} INFO -   files                   null
[2026-04-12T19:20:00.733+0000] {subprocess.py:106} INFO -   pyFiles                 null
[2026-04-12T19:20:00.734+0000] {subprocess.py:106} INFO -   archives                null
[2026-04-12T19:20:00.734+0000] {subprocess.py:106} INFO -   mainClass               null
[2026-04-12T19:20:00.735+0000] {subprocess.py:106} INFO -   primaryResource         file:/opt/***/scripts/gold_agg.py
[2026-04-12T19:20:00.736+0000] {subprocess.py:106} INFO -   name                    gold_cant_post_x_user_hist
[2026-04-12T19:20:00.741+0000] {subprocess.py:106} INFO -   childArgs               []
[2026-04-12T19:20:00.742+0000] {subprocess.py:106} INFO -   jars                    null
[2026-04-12T19:20:00.743+0000] {subprocess.py:106} INFO -   packages                org.apache.iceberg:iceberg-spark-runtime-3.5_2.12:1.6.1,org.projectnessie.nessie-integrations:nessie-spark-extensions-3.5_2.12:0.95.0,org.apache.hadoop:hadoop-aws:3.3.4,com.amazonaws:aws-java-sdk-bundle:1.12.262
[2026-04-12T19:20:00.743+0000] {subprocess.py:106} INFO -   packagesExclusions      null
[2026-04-12T19:20:00.744+0000] {subprocess.py:106} INFO -   repositories            null
[2026-04-12T19:20:00.744+0000] {subprocess.py:106} INFO -   verbose                 true
[2026-04-12T19:20:00.745+0000] {subprocess.py:106} INFO - 
[2026-04-12T19:20:00.745+0000] {subprocess.py:106} INFO - Spark properties used, including those specified through
[2026-04-12T19:20:00.745+0000] {subprocess.py:106} INFO -  --conf and those from the properties file null:
[2026-04-12T19:20:00.746+0000] {subprocess.py:106} INFO -   (spark.driver.bindAddress,0.0.0.0)
[2026-04-12T19:20:00.747+0000] {subprocess.py:106} INFO -   (spark.driver.memory,1g)
[2026-04-12T19:20:00.747+0000] {subprocess.py:106} INFO -   (spark.executor.cores,2)
[2026-04-12T19:20:00.747+0000] {subprocess.py:106} INFO -   (spark.executor.instances,1)
[2026-04-12T19:20:00.748+0000] {subprocess.py:106} INFO -   (spark.executor.memory,2g)
[2026-04-12T19:20:00.748+0000] {subprocess.py:106} INFO -   (spark.hadoop.fs.s3a.access.key,*********(redacted))
[2026-04-12T19:20:00.749+0000] {subprocess.py:106} INFO -   (spark.hadoop.fs.s3a.aws.credentials.provider,org.apache.hadoop.fs.s3a.SimpleAWSCredentialsProvider)
[2026-04-12T19:20:00.749+0000] {subprocess.py:106} INFO -   (spark.hadoop.fs.s3a.connection.ssl.enabled,false)
[2026-04-12T19:20:00.750+0000] {subprocess.py:106} INFO -   (spark.hadoop.fs.s3a.endpoint,http://proyecto2-minio:9000)
[2026-04-12T19:20:00.750+0000] {subprocess.py:106} INFO -   (spark.hadoop.fs.s3a.impl,org.apache.hadoop.fs.s3a.S3AFileSystem)
[2026-04-12T19:20:00.751+0000] {subprocess.py:106} INFO -   (spark.hadoop.fs.s3a.path.style.access,true)
[2026-04-12T19:20:00.751+0000] {subprocess.py:106} INFO -   (spark.hadoop.fs.s3a.secret.key,*********(redacted))
[2026-04-12T19:20:00.751+0000] {subprocess.py:106} INFO -   (spark.sql.catalog.nessie,org.apache.iceberg.spark.SparkCatalog)
[2026-04-12T19:20:00.752+0000] {subprocess.py:106} INFO -   (spark.sql.catalog.nessie.authentication.type,NONE)
[2026-04-12T19:20:00.752+0000] {subprocess.py:106} INFO -   (spark.sql.catalog.nessie.catalog-impl,org.apache.iceberg.nessie.NessieCatalog)
[2026-04-12T19:20:00.753+0000] {subprocess.py:106} INFO -   (spark.sql.catalog.nessie.ref,main)
[2026-04-12T19:20:00.753+0000] {subprocess.py:106} INFO -   (spark.sql.catalog.nessie.uri,http://proyecto2-nessie:19120/api/v1)
[2026-04-12T19:20:00.753+0000] {subprocess.py:106} INFO -   (spark.sql.catalog.nessie.warehouse,s3a://iceberg/)
[2026-04-12T19:20:00.754+0000] {subprocess.py:106} INFO -   (spark.sql.extensions,org.apache.iceberg.spark.extensions.IcebergSparkSessionExtensions,org.projectnessie.spark.extensions.NessieSparkSessionExtensions)
[2026-04-12T19:20:00.754+0000] {subprocess.py:106} INFO -   (spark.submit.deployMode,client)
[2026-04-12T19:20:00.755+0000] {subprocess.py:106} INFO - 
[2026-04-12T19:20:00.755+0000] {subprocess.py:106} INFO - 
[2026-04-12T19:20:00.830+0000] {subprocess.py:106} INFO - :: loading settings :: url = jar:file:/opt/spark/jars/ivy-2.5.1.jar!/org/apache/ivy/core/settings/ivysettings.xml
[2026-04-12T19:20:00.879+0000] {subprocess.py:106} INFO - Ivy Default Cache set to: /home/***/.ivy2/cache
[2026-04-12T19:20:00.880+0000] {subprocess.py:106} INFO - The jars for the packages stored in: /home/***/.ivy2/jars
[2026-04-12T19:20:00.883+0000] {subprocess.py:106} INFO - org.apache.iceberg#iceberg-spark-runtime-3.5_2.12 added as a dependency
[2026-04-12T19:20:00.884+0000] {subprocess.py:106} INFO - org.projectnessie.nessie-integrations#nessie-spark-extensions-3.5_2.12 added as a dependency
[2026-04-12T19:20:00.885+0000] {subprocess.py:106} INFO - org.apache.hadoop#hadoop-aws added as a dependency
[2026-04-12T19:20:00.885+0000] {subprocess.py:106} INFO - com.amazonaws#aws-java-sdk-bundle added as a dependency
[2026-04-12T19:20:00.885+0000] {subprocess.py:106} INFO - :: resolving dependencies :: org.apache.spark#spark-submit-parent-b4eea37d-4234-4202-8512-a772339af5cc;1.0
[2026-04-12T19:20:00.886+0000] {subprocess.py:106} INFO - 	confs: [default]
[2026-04-12T19:20:00.987+0000] {subprocess.py:106} INFO - 	found org.apache.iceberg#iceberg-spark-runtime-3.5_2.12;1.6.1 in central
[2026-04-12T19:20:01.002+0000] {subprocess.py:106} INFO - 	found org.projectnessie.nessie-integrations#nessie-spark-extensions-3.5_2.12;0.95.0 in central
[2026-04-12T19:20:01.041+0000] {subprocess.py:106} INFO - 	found org.apache.hadoop#hadoop-aws;3.3.4 in central
[2026-04-12T19:20:01.068+0000] {subprocess.py:106} INFO - 	found com.amazonaws#aws-java-sdk-bundle;1.12.262 in central
[2026-04-12T19:20:01.094+0000] {subprocess.py:106} INFO - 	found org.wildfly.openssl#wildfly-openssl;1.0.7.Final in central
[2026-04-12T19:20:01.118+0000] {subprocess.py:106} INFO - :: resolution report :: resolve 224ms :: artifacts dl 9ms
[2026-04-12T19:20:01.119+0000] {subprocess.py:106} INFO - 	:: modules in use:
[2026-04-12T19:20:01.120+0000] {subprocess.py:106} INFO - 	com.amazonaws#aws-java-sdk-bundle;1.12.262 from central in [default]
[2026-04-12T19:20:01.121+0000] {subprocess.py:106} INFO - 	org.apache.hadoop#hadoop-aws;3.3.4 from central in [default]
[2026-04-12T19:20:01.122+0000] {subprocess.py:106} INFO - 	org.apache.iceberg#iceberg-spark-runtime-3.5_2.12;1.6.1 from central in [default]
[2026-04-12T19:20:01.123+0000] {subprocess.py:106} INFO - 	org.projectnessie.nessie-integrations#nessie-spark-extensions-3.5_2.12;0.95.0 from central in [default]
[2026-04-12T19:20:01.124+0000] {subprocess.py:106} INFO - 	org.wildfly.openssl#wildfly-openssl;1.0.7.Final from central in [default]
[2026-04-12T19:20:01.125+0000] {subprocess.py:106} INFO - 	---------------------------------------------------------------------
[2026-04-12T19:20:01.125+0000] {subprocess.py:106} INFO - 	|                  |            modules            ||   artifacts   |
[2026-04-12T19:20:01.126+0000] {subprocess.py:106} INFO - 	|       conf       | number| search|dwnlded|evicted|| number|dwnlded|
[2026-04-12T19:20:01.127+0000] {subprocess.py:106} INFO - 	---------------------------------------------------------------------
[2026-04-12T19:20:01.128+0000] {subprocess.py:106} INFO - 	|      default     |   5   |   0   |   0   |   0   ||   5   |   0   |
[2026-04-12T19:20:01.129+0000] {subprocess.py:106} INFO - 	---------------------------------------------------------------------
[2026-04-12T19:20:01.130+0000] {subprocess.py:106} INFO - :: retrieving :: org.apache.spark#spark-submit-parent-b4eea37d-4234-4202-8512-a772339af5cc
[2026-04-12T19:20:01.131+0000] {subprocess.py:106} INFO - 	confs: [default]
[2026-04-12T19:20:01.132+0000] {subprocess.py:106} INFO - 	0 artifacts copied, 5 already retrieved (0kB/6ms)
[2026-04-12T19:20:01.277+0000] {subprocess.py:106} INFO - 26/04/12 19:20:01 WARN NativeCodeLoader: Unable to load native-hadoop library for your platform... using builtin-java classes where applicable
[2026-04-12T19:20:01.438+0000] {subprocess.py:106} INFO - Main class:
[2026-04-12T19:20:01.439+0000] {subprocess.py:106} INFO - org.apache.spark.deploy.PythonRunner
[2026-04-12T19:20:01.442+0000] {subprocess.py:106} INFO - Arguments:
[2026-04-12T19:20:01.443+0000] {subprocess.py:106} INFO - file:/opt/***/scripts/gold_agg.py
[2026-04-12T19:20:01.444+0000] {subprocess.py:106} INFO - file:///home/***/.ivy2/jars/org.apache.iceberg_iceberg-spark-runtime-3.5_2.12-1.6.1.jar,file:///home/***/.ivy2/jars/org.projectnessie.nessie-integrations_nessie-spark-extensions-3.5_2.12-0.95.0.jar,file:///home/***/.ivy2/jars/org.apache.hadoop_hadoop-aws-3.3.4.jar,file:///home/***/.ivy2/jars/com.amazonaws_aws-java-sdk-bundle-1.12.262.jar,file:///home/***/.ivy2/jars/org.wildfly.openssl_wildfly-openssl-1.0.7.Final.jar
[2026-04-12T19:20:01.446+0000] {subprocess.py:106} INFO - Spark config:
[2026-04-12T19:20:01.446+0000] {subprocess.py:106} INFO - (spark.app.name,gold_cant_post_x_user_hist)
[2026-04-12T19:20:01.447+0000] {subprocess.py:106} INFO - (spark.app.submitTime,1776021601423)
[2026-04-12T19:20:01.449+0000] {subprocess.py:106} INFO - (spark.driver.bindAddress,0.0.0.0)
[2026-04-12T19:20:01.450+0000] {subprocess.py:106} INFO - (spark.driver.memory,1g)
[2026-04-12T19:20:01.450+0000] {subprocess.py:106} INFO - (spark.executor.cores,2)
[2026-04-12T19:20:01.451+0000] {subprocess.py:106} INFO - (spark.executor.instances,1)
[2026-04-12T19:20:01.452+0000] {subprocess.py:106} INFO - (spark.executor.memory,2g)
[2026-04-12T19:20:01.453+0000] {subprocess.py:106} INFO - (spark.files,file:///home/***/.ivy2/jars/org.apache.iceberg_iceberg-spark-runtime-3.5_2.12-1.6.1.jar,file:///home/***/.ivy2/jars/org.projectnessie.nessie-integrations_nessie-spark-extensions-3.5_2.12-0.95.0.jar,file:///home/***/.ivy2/jars/org.apache.hadoop_hadoop-aws-3.3.4.jar,file:///home/***/.ivy2/jars/com.amazonaws_aws-java-sdk-bundle-1.12.262.jar,file:///home/***/.ivy2/jars/org.wildfly.openssl_wildfly-openssl-1.0.7.Final.jar)
[2026-04-12T19:20:01.453+0000] {subprocess.py:106} INFO - (spark.hadoop.fs.s3a.access.key,*********(redacted))
[2026-04-12T19:20:01.454+0000] {subprocess.py:106} INFO - (spark.hadoop.fs.s3a.aws.credentials.provider,org.apache.hadoop.fs.s3a.SimpleAWSCredentialsProvider)
[2026-04-12T19:20:01.455+0000] {subprocess.py:106} INFO - (spark.hadoop.fs.s3a.connection.ssl.enabled,false)
[2026-04-12T19:20:01.455+0000] {subprocess.py:106} INFO - (spark.hadoop.fs.s3a.endpoint,http://proyecto2-minio:9000)
[2026-04-12T19:20:01.456+0000] {subprocess.py:106} INFO - (spark.hadoop.fs.s3a.impl,org.apache.hadoop.fs.s3a.S3AFileSystem)
[2026-04-12T19:20:01.456+0000] {subprocess.py:106} INFO - (spark.hadoop.fs.s3a.path.style.access,true)
[2026-04-12T19:20:01.457+0000] {subprocess.py:106} INFO - (spark.hadoop.fs.s3a.secret.key,*********(redacted))
[2026-04-12T19:20:01.457+0000] {subprocess.py:106} INFO - (spark.jars,file:///home/***/.ivy2/jars/org.apache.iceberg_iceberg-spark-runtime-3.5_2.12-1.6.1.jar,file:///home/***/.ivy2/jars/org.projectnessie.nessie-integrations_nessie-spark-extensions-3.5_2.12-0.95.0.jar,file:///home/***/.ivy2/jars/org.apache.hadoop_hadoop-aws-3.3.4.jar,file:///home/***/.ivy2/jars/com.amazonaws_aws-java-sdk-bundle-1.12.262.jar,file:///home/***/.ivy2/jars/org.wildfly.openssl_wildfly-openssl-1.0.7.Final.jar)
[2026-04-12T19:20:01.458+0000] {subprocess.py:106} INFO - (spark.master,spark://spark-master:7077)
[2026-04-12T19:20:01.459+0000] {subprocess.py:106} INFO - (spark.repl.local.jars,file:///home/***/.ivy2/jars/org.apache.iceberg_iceberg-spark-runtime-3.5_2.12-1.6.1.jar,file:///home/***/.ivy2/jars/org.projectnessie.nessie-integrations_nessie-spark-extensions-3.5_2.12-0.95.0.jar,file:///home/***/.ivy2/jars/org.apache.hadoop_hadoop-aws-3.3.4.jar,file:///home/***/.ivy2/jars/com.amazonaws_aws-java-sdk-bundle-1.12.262.jar,file:///home/***/.ivy2/jars/org.wildfly.openssl_wildfly-openssl-1.0.7.Final.jar)
[2026-04-12T19:20:01.459+0000] {subprocess.py:106} INFO - (spark.sql.catalog.nessie,org.apache.iceberg.spark.SparkCatalog)
[2026-04-12T19:20:01.460+0000] {subprocess.py:106} INFO - (spark.sql.catalog.nessie.authentication.type,NONE)
[2026-04-12T19:20:01.460+0000] {subprocess.py:106} INFO - (spark.sql.catalog.nessie.catalog-impl,org.apache.iceberg.nessie.NessieCatalog)
[2026-04-12T19:20:01.461+0000] {subprocess.py:106} INFO - (spark.sql.catalog.nessie.ref,main)
[2026-04-12T19:20:01.461+0000] {subprocess.py:106} INFO - (spark.sql.catalog.nessie.uri,http://proyecto2-nessie:19120/api/v1)
[2026-04-12T19:20:01.461+0000] {subprocess.py:106} INFO - (spark.sql.catalog.nessie.warehouse,s3a://iceberg/)
[2026-04-12T19:20:01.462+0000] {subprocess.py:106} INFO - (spark.sql.extensions,org.apache.iceberg.spark.extensions.IcebergSparkSessionExtensions,org.projectnessie.spark.extensions.NessieSparkSessionExtensions)
[2026-04-12T19:20:01.463+0000] {subprocess.py:106} INFO - (spark.submit.deployMode,client)
[2026-04-12T19:20:01.463+0000] {subprocess.py:106} INFO - (spark.submit.pyFiles,/home/***/.ivy2/jars/org.apache.iceberg_iceberg-spark-runtime-3.5_2.12-1.6.1.jar,/home/***/.ivy2/jars/org.projectnessie.nessie-integrations_nessie-spark-extensions-3.5_2.12-0.95.0.jar,/home/***/.ivy2/jars/org.apache.hadoop_hadoop-aws-3.3.4.jar,/home/***/.ivy2/jars/com.amazonaws_aws-java-sdk-bundle-1.12.262.jar,/home/***/.ivy2/jars/org.wildfly.openssl_wildfly-openssl-1.0.7.Final.jar)
[2026-04-12T19:20:01.464+0000] {subprocess.py:106} INFO - Classpath elements:
[2026-04-12T19:20:01.465+0000] {subprocess.py:106} INFO - file:///home/***/.ivy2/jars/org.apache.iceberg_iceberg-spark-runtime-3.5_2.12-1.6.1.jar
[2026-04-12T19:20:01.465+0000] {subprocess.py:106} INFO - file:///home/***/.ivy2/jars/org.projectnessie.nessie-integrations_nessie-spark-extensions-3.5_2.12-0.95.0.jar
[2026-04-12T19:20:01.465+0000] {subprocess.py:106} INFO - file:///home/***/.ivy2/jars/org.apache.hadoop_hadoop-aws-3.3.4.jar
[2026-04-12T19:20:01.466+0000] {subprocess.py:106} INFO - file:///home/***/.ivy2/jars/com.amazonaws_aws-java-sdk-bundle-1.12.262.jar
[2026-04-12T19:20:01.466+0000] {subprocess.py:106} INFO - file:///home/***/.ivy2/jars/org.wildfly.openssl_wildfly-openssl-1.0.7.Final.jar
[2026-04-12T19:20:01.467+0000] {subprocess.py:106} INFO - 
[2026-04-12T19:20:01.468+0000] {subprocess.py:106} INFO - 
[2026-04-12T19:20:01.948+0000] {subprocess.py:106} INFO - 2026-04-12 19:20:01,948 INFO ============================================================
[2026-04-12T19:20:01.949+0000] {subprocess.py:106} INFO - 2026-04-12 19:20:01,948 INFO GOLD AGG — cant_post_x_user_hist ★
[2026-04-12T19:20:01.950+0000] {subprocess.py:106} INFO - 2026-04-12 19:20:01,948 INFO Fuentes: nessie.silver.post_hist + nessie.silver.users_hist
[2026-04-12T19:20:01.951+0000] {subprocess.py:106} INFO - 2026-04-12 19:20:01,949 INFO ============================================================
[2026-04-12T19:20:02.060+0000] {subprocess.py:106} INFO - 26/04/12 19:20:02 INFO SparkContext: Running Spark version 3.5.5
[2026-04-12T19:20:02.061+0000] {subprocess.py:106} INFO - 26/04/12 19:20:02 INFO SparkContext: OS info Linux, 6.6.87.2-microsoft-standard-WSL2, amd64
[2026-04-12T19:20:02.062+0000] {subprocess.py:106} INFO - 26/04/12 19:20:02 INFO SparkContext: Java version 17.0.18
[2026-04-12T19:20:02.077+0000] {subprocess.py:106} INFO - 26/04/12 19:20:02 INFO ResourceUtils: ==============================================================
[2026-04-12T19:20:02.077+0000] {subprocess.py:106} INFO - 26/04/12 19:20:02 INFO ResourceUtils: No custom resources configured for spark.driver.
[2026-04-12T19:20:02.079+0000] {subprocess.py:106} INFO - 26/04/12 19:20:02 INFO ResourceUtils: ==============================================================
[2026-04-12T19:20:02.080+0000] {subprocess.py:106} INFO - 26/04/12 19:20:02 INFO SparkContext: Submitted application: gold_agg
[2026-04-12T19:20:02.095+0000] {subprocess.py:106} INFO - 26/04/12 19:20:02 INFO ResourceProfile: Default ResourceProfile created, executor resources: Map(cores -> name: cores, amount: 2, script: , vendor: , memory -> name: memory, amount: 2048, script: , vendor: , offHeap -> name: offHeap, amount: 0, script: , vendor: ), task resources: Map(cpus -> name: cpus, amount: 1.0)
[2026-04-12T19:20:02.103+0000] {subprocess.py:106} INFO - 26/04/12 19:20:02 INFO ResourceProfile: Limiting resource is cpus at 2 tasks per executor
[2026-04-12T19:20:02.105+0000] {subprocess.py:106} INFO - 26/04/12 19:20:02 INFO ResourceProfileManager: Added ResourceProfile id: 0
[2026-04-12T19:20:02.151+0000] {subprocess.py:106} INFO - 26/04/12 19:20:02 INFO SecurityManager: Changing view acls to: ***
[2026-04-12T19:20:02.154+0000] {subprocess.py:106} INFO - 26/04/12 19:20:02 INFO SecurityManager: Changing modify acls to: ***
[2026-04-12T19:20:02.155+0000] {subprocess.py:106} INFO - 26/04/12 19:20:02 INFO SecurityManager: Changing view acls groups to:
[2026-04-12T19:20:02.157+0000] {subprocess.py:106} INFO - 26/04/12 19:20:02 INFO SecurityManager: Changing modify acls groups to:
[2026-04-12T19:20:02.159+0000] {subprocess.py:106} INFO - 26/04/12 19:20:02 INFO SecurityManager: SecurityManager: authentication disabled; ui acls disabled; users with view permissions: ***; groups with view permissions: EMPTY; users with modify permissions: ***; groups with modify permissions: EMPTY
[2026-04-12T19:20:02.352+0000] {subprocess.py:106} INFO - 26/04/12 19:20:02 INFO Utils: Successfully started service 'sparkDriver' on port 35193.
[2026-04-12T19:20:02.390+0000] {subprocess.py:106} INFO - 26/04/12 19:20:02 INFO SparkEnv: Registering MapOutputTracker
[2026-04-12T19:20:02.431+0000] {subprocess.py:106} INFO - 26/04/12 19:20:02 INFO SparkEnv: Registering BlockManagerMaster
[2026-04-12T19:20:02.462+0000] {subprocess.py:106} INFO - 26/04/12 19:20:02 INFO BlockManagerMasterEndpoint: Using org.apache.spark.storage.DefaultTopologyMapper for getting topology information
[2026-04-12T19:20:02.463+0000] {subprocess.py:106} INFO - 26/04/12 19:20:02 INFO BlockManagerMasterEndpoint: BlockManagerMasterEndpoint up
[2026-04-12T19:20:02.469+0000] {subprocess.py:106} INFO - 26/04/12 19:20:02 INFO SparkEnv: Registering BlockManagerMasterHeartbeat
[2026-04-12T19:20:02.488+0000] {subprocess.py:106} INFO - 26/04/12 19:20:02 INFO DiskBlockManager: Created local directory at /tmp/blockmgr-d31c2003-e401-430b-ae8e-c9ef1b0abe5a
[2026-04-12T19:20:02.504+0000] {subprocess.py:106} INFO - 26/04/12 19:20:02 INFO MemoryStore: MemoryStore started with capacity 434.4 MiB
[2026-04-12T19:20:02.521+0000] {subprocess.py:106} INFO - 26/04/12 19:20:02 INFO SparkEnv: Registering OutputCommitCoordinator
[2026-04-12T19:20:02.660+0000] {subprocess.py:106} INFO - 26/04/12 19:20:02 INFO JettyUtils: Start Jetty 0.0.0.0:4040 for SparkUI
[2026-04-12T19:20:02.716+0000] {subprocess.py:106} INFO - 26/04/12 19:20:02 INFO Utils: Successfully started service 'SparkUI' on port 4040.
[2026-04-12T19:20:02.749+0000] {subprocess.py:106} INFO - 26/04/12 19:20:02 INFO SparkContext: Added JAR file:///home/***/.ivy2/jars/org.apache.iceberg_iceberg-spark-runtime-3.5_2.12-1.6.1.jar at spark://b4737cc55adb:35193/jars/org.apache.iceberg_iceberg-spark-runtime-3.5_2.12-1.6.1.jar with timestamp 1776021602054
[2026-04-12T19:20:02.750+0000] {subprocess.py:106} INFO - 26/04/12 19:20:02 INFO SparkContext: Added JAR file:///home/***/.ivy2/jars/org.projectnessie.nessie-integrations_nessie-spark-extensions-3.5_2.12-0.95.0.jar at spark://b4737cc55adb:35193/jars/org.projectnessie.nessie-integrations_nessie-spark-extensions-3.5_2.12-0.95.0.jar with timestamp 1776021602054
[2026-04-12T19:20:02.751+0000] {subprocess.py:106} INFO - 26/04/12 19:20:02 INFO SparkContext: Added JAR file:///home/***/.ivy2/jars/org.apache.hadoop_hadoop-aws-3.3.4.jar at spark://b4737cc55adb:35193/jars/org.apache.hadoop_hadoop-aws-3.3.4.jar with timestamp 1776021602054
[2026-04-12T19:20:02.751+0000] {subprocess.py:106} INFO - 26/04/12 19:20:02 INFO SparkContext: Added JAR file:///home/***/.ivy2/jars/com.amazonaws_aws-java-sdk-bundle-1.12.262.jar at spark://b4737cc55adb:35193/jars/com.amazonaws_aws-java-sdk-bundle-1.12.262.jar with timestamp 1776021602054
[2026-04-12T19:20:02.752+0000] {subprocess.py:106} INFO - 26/04/12 19:20:02 INFO SparkContext: Added JAR file:///home/***/.ivy2/jars/org.wildfly.openssl_wildfly-openssl-1.0.7.Final.jar at spark://b4737cc55adb:35193/jars/org.wildfly.openssl_wildfly-openssl-1.0.7.Final.jar with timestamp 1776021602054
[2026-04-12T19:20:02.754+0000] {subprocess.py:106} INFO - 26/04/12 19:20:02 INFO SparkContext: Added file file:///home/***/.ivy2/jars/org.apache.iceberg_iceberg-spark-runtime-3.5_2.12-1.6.1.jar at spark://b4737cc55adb:35193/files/org.apache.iceberg_iceberg-spark-runtime-3.5_2.12-1.6.1.jar with timestamp 1776021602054
[2026-04-12T19:20:02.755+0000] {subprocess.py:106} INFO - 26/04/12 19:20:02 INFO Utils: Copying /home/***/.ivy2/jars/org.apache.iceberg_iceberg-spark-runtime-3.5_2.12-1.6.1.jar to /tmp/spark-93fbc840-f1c4-40f8-9228-c4405b7bfcb3/userFiles-a0d7a55f-2cb9-4d34-92f0-95e5c9d17808/org.apache.iceberg_iceberg-spark-runtime-3.5_2.12-1.6.1.jar
[2026-04-12T19:20:02.784+0000] {subprocess.py:106} INFO - 26/04/12 19:20:02 INFO SparkContext: Added file file:///home/***/.ivy2/jars/org.projectnessie.nessie-integrations_nessie-spark-extensions-3.5_2.12-0.95.0.jar at spark://b4737cc55adb:35193/files/org.projectnessie.nessie-integrations_nessie-spark-extensions-3.5_2.12-0.95.0.jar with timestamp 1776021602054
[2026-04-12T19:20:02.785+0000] {subprocess.py:106} INFO - 26/04/12 19:20:02 INFO Utils: Copying /home/***/.ivy2/jars/org.projectnessie.nessie-integrations_nessie-spark-extensions-3.5_2.12-0.95.0.jar to /tmp/spark-93fbc840-f1c4-40f8-9228-c4405b7bfcb3/userFiles-a0d7a55f-2cb9-4d34-92f0-95e5c9d17808/org.projectnessie.nessie-integrations_nessie-spark-extensions-3.5_2.12-0.95.0.jar
[2026-04-12T19:20:02.790+0000] {subprocess.py:106} INFO - 26/04/12 19:20:02 INFO SparkContext: Added file file:///home/***/.ivy2/jars/org.apache.hadoop_hadoop-aws-3.3.4.jar at spark://b4737cc55adb:35193/files/org.apache.hadoop_hadoop-aws-3.3.4.jar with timestamp 1776021602054
[2026-04-12T19:20:02.790+0000] {subprocess.py:106} INFO - 26/04/12 19:20:02 INFO Utils: Copying /home/***/.ivy2/jars/org.apache.hadoop_hadoop-aws-3.3.4.jar to /tmp/spark-93fbc840-f1c4-40f8-9228-c4405b7bfcb3/userFiles-a0d7a55f-2cb9-4d34-92f0-95e5c9d17808/org.apache.hadoop_hadoop-aws-3.3.4.jar
[2026-04-12T19:20:02.794+0000] {subprocess.py:106} INFO - 26/04/12 19:20:02 INFO SparkContext: Added file file:///home/***/.ivy2/jars/com.amazonaws_aws-java-sdk-bundle-1.12.262.jar at spark://b4737cc55adb:35193/files/com.amazonaws_aws-java-sdk-bundle-1.12.262.jar with timestamp 1776021602054
[2026-04-12T19:20:02.795+0000] {subprocess.py:106} INFO - 26/04/12 19:20:02 INFO Utils: Copying /home/***/.ivy2/jars/com.amazonaws_aws-java-sdk-bundle-1.12.262.jar to /tmp/spark-93fbc840-f1c4-40f8-9228-c4405b7bfcb3/userFiles-a0d7a55f-2cb9-4d34-92f0-95e5c9d17808/com.amazonaws_aws-java-sdk-bundle-1.12.262.jar
[2026-04-12T19:20:02.967+0000] {subprocess.py:106} INFO - 26/04/12 19:20:02 INFO SparkContext: Added file file:///home/***/.ivy2/jars/org.wildfly.openssl_wildfly-openssl-1.0.7.Final.jar at spark://b4737cc55adb:35193/files/org.wildfly.openssl_wildfly-openssl-1.0.7.Final.jar with timestamp 1776021602054
[2026-04-12T19:20:02.969+0000] {subprocess.py:106} INFO - 26/04/12 19:20:02 INFO Utils: Copying /home/***/.ivy2/jars/org.wildfly.openssl_wildfly-openssl-1.0.7.Final.jar to /tmp/spark-93fbc840-f1c4-40f8-9228-c4405b7bfcb3/userFiles-a0d7a55f-2cb9-4d34-92f0-95e5c9d17808/org.wildfly.openssl_wildfly-openssl-1.0.7.Final.jar
[2026-04-12T19:20:03.036+0000] {subprocess.py:106} INFO - 26/04/12 19:20:03 INFO StandaloneAppClient$ClientEndpoint: Connecting to master spark://spark-master:7077...
[2026-04-12T19:20:03.073+0000] {subprocess.py:106} INFO - 26/04/12 19:20:03 INFO TransportClientFactory: Successfully created connection to spark-master/172.18.0.7:7077 after 21 ms (0 ms spent in bootstraps)
[2026-04-12T19:20:03.146+0000] {subprocess.py:106} INFO - 26/04/12 19:20:03 INFO StandaloneSchedulerBackend: Connected to Spark cluster with app ID app-20260412192003-0011
[2026-04-12T19:20:03.148+0000] {subprocess.py:106} INFO - 26/04/12 19:20:03 INFO StandaloneAppClient$ClientEndpoint: Executor added: app-20260412192003-0011/0 on worker-20260412190304-172.18.0.8-33391 (172.18.0.8:33391) with 2 core(s)
[2026-04-12T19:20:03.149+0000] {subprocess.py:106} INFO - 26/04/12 19:20:03 INFO StandaloneSchedulerBackend: Granted executor ID app-20260412192003-0011/0 on hostPort 172.18.0.8:33391 with 2 core(s), 2.0 GiB RAM
[2026-04-12T19:20:03.150+0000] {subprocess.py:106} INFO - 26/04/12 19:20:03 INFO StandaloneAppClient$ClientEndpoint: Executor added: app-20260412192003-0011/1 on worker-20260412190304-172.18.0.8-33391 (172.18.0.8:33391) with 2 core(s)
[2026-04-12T19:20:03.152+0000] {subprocess.py:106} INFO - 26/04/12 19:20:03 INFO StandaloneSchedulerBackend: Granted executor ID app-20260412192003-0011/1 on hostPort 172.18.0.8:33391 with 2 core(s), 2.0 GiB RAM
[2026-04-12T19:20:03.153+0000] {subprocess.py:106} INFO - 26/04/12 19:20:03 INFO StandaloneAppClient$ClientEndpoint: Executor added: app-20260412192003-0011/2 on worker-20260412190304-172.18.0.8-33391 (172.18.0.8:33391) with 2 core(s)
[2026-04-12T19:20:03.154+0000] {subprocess.py:106} INFO - 26/04/12 19:20:03 INFO StandaloneSchedulerBackend: Granted executor ID app-20260412192003-0011/2 on hostPort 172.18.0.8:33391 with 2 core(s), 2.0 GiB RAM
[2026-04-12T19:20:03.155+0000] {subprocess.py:106} INFO - 26/04/12 19:20:03 INFO StandaloneAppClient$ClientEndpoint: Executor added: app-20260412192003-0011/3 on worker-20260412190304-172.18.0.8-33391 (172.18.0.8:33391) with 2 core(s)
[2026-04-12T19:20:03.156+0000] {subprocess.py:106} INFO - 26/04/12 19:20:03 INFO StandaloneSchedulerBackend: Granted executor ID app-20260412192003-0011/3 on hostPort 172.18.0.8:33391 with 2 core(s), 2.0 GiB RAM
[2026-04-12T19:20:03.156+0000] {subprocess.py:106} INFO - 26/04/12 19:20:03 INFO StandaloneAppClient$ClientEndpoint: Executor added: app-20260412192003-0011/4 on worker-20260412190304-172.18.0.8-33391 (172.18.0.8:33391) with 2 core(s)
[2026-04-12T19:20:03.157+0000] {subprocess.py:106} INFO - 26/04/12 19:20:03 INFO StandaloneSchedulerBackend: Granted executor ID app-20260412192003-0011/4 on hostPort 172.18.0.8:33391 with 2 core(s), 2.0 GiB RAM
[2026-04-12T19:20:03.158+0000] {subprocess.py:106} INFO - 26/04/12 19:20:03 INFO StandaloneAppClient$ClientEndpoint: Executor added: app-20260412192003-0011/5 on worker-20260412190304-172.18.0.8-33391 (172.18.0.8:33391) with 2 core(s)
[2026-04-12T19:20:03.158+0000] {subprocess.py:106} INFO - 26/04/12 19:20:03 INFO StandaloneSchedulerBackend: Granted executor ID app-20260412192003-0011/5 on hostPort 172.18.0.8:33391 with 2 core(s), 2.0 GiB RAM
[2026-04-12T19:20:03.159+0000] {subprocess.py:106} INFO - 26/04/12 19:20:03 INFO Utils: Successfully started service 'org.apache.spark.network.netty.NettyBlockTransferService' on port 42975.
[2026-04-12T19:20:03.161+0000] {subprocess.py:106} INFO - 26/04/12 19:20:03 INFO NettyBlockTransferService: Server created on b4737cc55adb 0.0.0.0:42975
[2026-04-12T19:20:03.162+0000] {subprocess.py:106} INFO - 26/04/12 19:20:03 INFO BlockManager: Using org.apache.spark.storage.RandomBlockReplicationPolicy for block replication policy
[2026-04-12T19:20:03.175+0000] {subprocess.py:106} INFO - 26/04/12 19:20:03 INFO BlockManagerMaster: Registering BlockManager BlockManagerId(driver, b4737cc55adb, 42975, None)
[2026-04-12T19:20:03.181+0000] {subprocess.py:106} INFO - 26/04/12 19:20:03 INFO BlockManagerMasterEndpoint: Registering block manager b4737cc55adb:42975 with 434.4 MiB RAM, BlockManagerId(driver, b4737cc55adb, 42975, None)
[2026-04-12T19:20:03.185+0000] {subprocess.py:106} INFO - 26/04/12 19:20:03 INFO BlockManagerMaster: Registered BlockManager BlockManagerId(driver, b4737cc55adb, 42975, None)
[2026-04-12T19:20:03.186+0000] {subprocess.py:106} INFO - 26/04/12 19:20:03 INFO BlockManager: Initialized BlockManager: BlockManagerId(driver, b4737cc55adb, 42975, None)
[2026-04-12T19:20:03.277+0000] {subprocess.py:106} INFO - 26/04/12 19:20:03 INFO StandaloneAppClient$ClientEndpoint: Executor updated: app-20260412192003-0011/0 is now RUNNING
[2026-04-12T19:20:03.280+0000] {subprocess.py:106} INFO - 26/04/12 19:20:03 INFO StandaloneAppClient$ClientEndpoint: Executor updated: app-20260412192003-0011/2 is now RUNNING
[2026-04-12T19:20:03.292+0000] {subprocess.py:106} INFO - 26/04/12 19:20:03 INFO StandaloneAppClient$ClientEndpoint: Executor updated: app-20260412192003-0011/1 is now RUNNING
[2026-04-12T19:20:03.294+0000] {subprocess.py:106} INFO - 26/04/12 19:20:03 INFO StandaloneAppClient$ClientEndpoint: Executor updated: app-20260412192003-0011/3 is now RUNNING
[2026-04-12T19:20:03.297+0000] {subprocess.py:106} INFO - 26/04/12 19:20:03 INFO StandaloneAppClient$ClientEndpoint: Executor updated: app-20260412192003-0011/4 is now RUNNING
[2026-04-12T19:20:03.433+0000] {subprocess.py:106} INFO - 26/04/12 19:20:03 INFO StandaloneAppClient$ClientEndpoint: Executor updated: app-20260412192003-0011/5 is now RUNNING
[2026-04-12T19:20:03.631+0000] {subprocess.py:106} INFO - 26/04/12 19:20:03 INFO StandaloneSchedulerBackend: SchedulerBackend is ready for scheduling beginning after reached minRegisteredResourcesRatio: 0.0
[2026-04-12T19:20:04.144+0000] {subprocess.py:106} INFO - 2026-04-12 19:20:04,144 INFO Spark version: 3.5.5
[2026-04-12T19:20:04.166+0000] {subprocess.py:106} INFO - 26/04/12 19:20:04 INFO SharedState: Setting hive.metastore.warehouse.dir ('null') to the value of spark.sql.warehouse.dir.
[2026-04-12T19:20:04.172+0000] {subprocess.py:106} INFO - 26/04/12 19:20:04 INFO SharedState: Warehouse path is 'file:/tmp/***tmp5t_jd9zr/spark-warehouse'.
[2026-04-12T19:20:09.015+0000] {subprocess.py:106} INFO - 26/04/12 19:20:09 INFO CatalogUtil: Loading custom FileIO implementation: org.apache.iceberg.hadoop.HadoopFileIO
[2026-04-12T19:20:10.271+0000] {subprocess.py:106} INFO - 26/04/12 19:20:10 INFO StandaloneSchedulerBackend$StandaloneDriverEndpoint: Registered executor NettyRpcEndpointRef(spark-client://Executor) (172.18.0.8:38894) with ID 1,  ResourceProfileId 0
[2026-04-12T19:20:10.365+0000] {subprocess.py:106} INFO - 26/04/12 19:20:10 INFO StandaloneSchedulerBackend$StandaloneDriverEndpoint: Registered executor NettyRpcEndpointRef(spark-client://Executor) (172.18.0.8:38910) with ID 4,  ResourceProfileId 0
[2026-04-12T19:20:10.493+0000] {subprocess.py:106} INFO - 26/04/12 19:20:10 INFO BlockManagerMasterEndpoint: Registering block manager 172.18.0.8:46251 with 1048.8 MiB RAM, BlockManagerId(1, 172.18.0.8, 46251, None)
[2026-04-12T19:20:10.497+0000] {subprocess.py:106} INFO - 26/04/12 19:20:10 INFO StandaloneSchedulerBackend$StandaloneDriverEndpoint: Registered executor NettyRpcEndpointRef(spark-client://Executor) (172.18.0.8:38950) with ID 5,  ResourceProfileId 0
[2026-04-12T19:20:10.533+0000] {subprocess.py:106} INFO - 26/04/12 19:20:10 INFO StandaloneSchedulerBackend$StandaloneDriverEndpoint: Registered executor NettyRpcEndpointRef(spark-client://Executor) (172.18.0.8:38940) with ID 2,  ResourceProfileId 0
[2026-04-12T19:20:10.629+0000] {subprocess.py:106} INFO - 26/04/12 19:20:10 INFO BlockManagerMasterEndpoint: Registering block manager 172.18.0.8:43495 with 1048.8 MiB RAM, BlockManagerId(4, 172.18.0.8, 43495, None)
[2026-04-12T19:20:10.701+0000] {subprocess.py:106} INFO - 26/04/12 19:20:10 INFO StandaloneSchedulerBackend$StandaloneDriverEndpoint: Registered executor NettyRpcEndpointRef(spark-client://Executor) (172.18.0.8:38954) with ID 0,  ResourceProfileId 0
[2026-04-12T19:20:10.710+0000] {subprocess.py:106} INFO - 26/04/12 19:20:10 INFO BlockManagerMasterEndpoint: Registering block manager 172.18.0.8:44869 with 1048.8 MiB RAM, BlockManagerId(5, 172.18.0.8, 44869, None)
[2026-04-12T19:20:10.730+0000] {subprocess.py:106} INFO - 26/04/12 19:20:10 INFO BlockManagerMasterEndpoint: Registering block manager 172.18.0.8:33189 with 1048.8 MiB RAM, BlockManagerId(2, 172.18.0.8, 33189, None)
[2026-04-12T19:20:10.823+0000] {subprocess.py:106} INFO - 26/04/12 19:20:10 INFO StandaloneSchedulerBackend$StandaloneDriverEndpoint: Registered executor NettyRpcEndpointRef(spark-client://Executor) (172.18.0.8:38964) with ID 3,  ResourceProfileId 0
[2026-04-12T19:20:10.939+0000] {subprocess.py:106} INFO - 26/04/12 19:20:10 INFO BlockManagerMasterEndpoint: Registering block manager 172.18.0.8:41323 with 1048.8 MiB RAM, BlockManagerId(0, 172.18.0.8, 41323, None)
[2026-04-12T19:20:11.035+0000] {subprocess.py:106} INFO - 26/04/12 19:20:11 INFO BlockManagerMasterEndpoint: Registering block manager 172.18.0.8:37069 with 1048.8 MiB RAM, BlockManagerId(3, 172.18.0.8, 37069, None)
[2026-04-12T19:20:12.211+0000] {subprocess.py:106} INFO - 2026-04-12 19:20:12,211 INFO Namespace 'nessie.gold' listo.
[2026-04-12T19:20:12.214+0000] {subprocess.py:106} INFO - 2026-04-12 19:20:12,213 INFO
[2026-04-12T19:20:12.216+0000] {subprocess.py:106} INFO - [★] cant_post_x_user_hist
[2026-04-12T19:20:14.036+0000] {subprocess.py:106} INFO - 26/04/12 19:20:14 INFO BaseMetastoreTableOperations: Refreshing table metadata from new version: s3a://iceberg/silver/users_hist_29ea4f81-25a2-4974-a1d5-7fcae2b69ddf/metadata/00004-7be93143-7a63-496e-b545-ad2e967da356.gz.metadata.json
[2026-04-12T19:20:14.510+0000] {subprocess.py:106} INFO - 26/04/12 19:20:14 WARN MetricsConfig: Cannot locate configuration: tried hadoop-metrics2-s3a-file-system.properties,hadoop-metrics2.properties
[2026-04-12T19:20:14.559+0000] {subprocess.py:106} INFO - 26/04/12 19:20:14 INFO MetricsSystemImpl: Scheduled Metric snapshot period at 10 second(s).
[2026-04-12T19:20:14.562+0000] {subprocess.py:106} INFO - 26/04/12 19:20:14 INFO MetricsSystemImpl: s3a-file-system metrics system started
[2026-04-12T19:20:17.623+0000] {subprocess.py:106} INFO - 26/04/12 19:20:17 INFO NessieUtil: loadTableMetadata for 'silver.users_hist' from location 's3a://iceberg/silver/users_hist_29ea4f81-25a2-4974-a1d5-7fcae2b69ddf/metadata/00004-7be93143-7a63-496e-b545-ad2e967da356.gz.metadata.json' at 'Branch{name=main, metadata=null, hash=30ea234215a480b4d20fd7771eaa862b060db5205cfc96284d315ec79cc31bf3}'
[2026-04-12T19:20:17.636+0000] {subprocess.py:106} INFO - 26/04/12 19:20:17 INFO BaseMetastoreCatalog: Table loaded by catalog: nessie.silver.users_hist
[2026-04-12T19:20:17.842+0000] {subprocess.py:106} INFO - Traceback (most recent call last):
[2026-04-12T19:20:17.843+0000] {subprocess.py:106} INFO -   File "/opt/***/scripts/gold_agg.py", line 306, in <module>
[2026-04-12T19:20:17.845+0000] {subprocess.py:106} INFO -     main()
[2026-04-12T19:20:17.845+0000] {subprocess.py:106} INFO -   File "/opt/***/scripts/gold_agg.py", line 293, in main
[2026-04-12T19:20:17.848+0000] {subprocess.py:106} INFO -     total = build_cant_post_x_user_hist(spark)
[2026-04-12T19:20:17.849+0000] {subprocess.py:106} INFO -             ^^^^^^^^^^^^^^^^^^^^^^^^^^^^^^^^^^
[2026-04-12T19:20:17.849+0000] {subprocess.py:106} INFO -   File "/opt/***/scripts/gold_agg.py", line 119, in build_cant_post_x_user_hist
[2026-04-12T19:20:17.851+0000] {subprocess.py:106} INFO -     df = spark.sql(f"""
[2026-04-12T19:20:17.851+0000] {subprocess.py:106} INFO -          ^^^^^^^^^^^^^^
[2026-04-12T19:20:17.852+0000] {subprocess.py:106} INFO -   File "/opt/spark/python/lib/pyspark.zip/pyspark/sql/session.py", line 1631, in sql
[2026-04-12T19:20:17.853+0000] {subprocess.py:106} INFO -   File "/opt/spark/python/lib/py4j-0.10.9.7-src.zip/py4j/java_gateway.py", line 1322, in __call__
[2026-04-12T19:20:17.853+0000] {subprocess.py:106} INFO -   File "/opt/spark/python/lib/pyspark.zip/pyspark/errors/exceptions/captured.py", line 185, in deco
[2026-04-12T19:20:17.858+0000] {subprocess.py:106} INFO - pyspark.errors.exceptions.captured.AnalysisException: [TABLE_OR_VIEW_NOT_FOUND] The table or view `nessie`.`silver`.`post_hist` cannot be found. Verify the spelling and correctness of the schema and catalog.
[2026-04-12T19:20:17.859+0000] {subprocess.py:106} INFO - If you did not qualify the name with a schema, verify the current_schema() output, or qualify the name with the correct schema and catalog.
[2026-04-12T19:20:17.860+0000] {subprocess.py:106} INFO - To tolerate the error on drop use DROP VIEW IF EXISTS or DROP TABLE IF EXISTS.; line 17 pos 13;
[2026-04-12T19:20:17.860+0000] {subprocess.py:106} INFO - 'Aggregate ['p.OwnerUserId, 'u.DisplayName, 'p.anio, 'p.PostTypeId], ['p.OwnerUserId AS user_id#0, 'COALESCE('u.DisplayName, Unknown) AS display_name#1, 'p.anio AS anio#2, 'p.PostTypeId AS post_type_id#3, CASE WHEN ('p.PostTypeId = 1) THEN Question WHEN ('p.PostTypeId = 2) THEN Answer ELSE Other END AS post_type#4, 'COUNT('p.Id) AS cant_posts#5, 'COALESCE('SUM('p.Score), 0) AS total_score#6, 'ROUND('AVG('p.Score), 2) AS avg_score#7, 'COALESCE('SUM('p.ViewCount), 0) AS total_views#8, cast(2026-04-12 19:20:01 as timestamp) AS fecha_cargue#9]
[2026-04-12T19:20:17.861+0000] {subprocess.py:106} INFO - +- 'Filter isnotnull('p.OwnerUserId)
[2026-04-12T19:20:17.861+0000] {subprocess.py:106} INFO -    +- 'Join LeftOuter, ('p.OwnerUserId = 'u.Id)
[2026-04-12T19:20:17.862+0000] {subprocess.py:106} INFO -       :- 'SubqueryAlias p
[2026-04-12T19:20:17.862+0000] {subprocess.py:106} INFO -       :  +- 'UnresolvedRelation [nessie, silver, post_hist], [], false
[2026-04-12T19:20:17.863+0000] {subprocess.py:106} INFO -       +- SubqueryAlias u
[2026-04-12T19:20:17.863+0000] {subprocess.py:106} INFO -          +- SubqueryAlias nessie.silver.users_hist
[2026-04-12T19:20:17.863+0000] {subprocess.py:106} INFO -             +- RelationV2[Id#10L, Reputation#11L, creation_date#12, DisplayName#13, LastAccessDate#14, Views#15L, UpVotes#16L, DownVotes#17L, location#18, AccountId#19L, anio#20, fecha_cargue#21, fuente#22] nessie.silver.users_hist nessie.silver.users_hist
[2026-04-12T19:20:17.864+0000] {subprocess.py:106} INFO - 
[2026-04-12T19:20:17.865+0000] {subprocess.py:106} INFO - 2026-04-12 19:20:17,858 INFO Closing down clientserver connection
[2026-04-12T19:20:17.896+0000] {subprocess.py:106} INFO - 26/04/12 19:20:17 INFO SparkContext: Invoking stop() from shutdown hook
[2026-04-12T19:20:17.897+0000] {subprocess.py:106} INFO - 26/04/12 19:20:17 INFO SparkContext: SparkContext is stopping with exitCode 0.
[2026-04-12T19:20:17.906+0000] {subprocess.py:106} INFO - 26/04/12 19:20:17 INFO SparkUI: Stopped Spark web UI at http://b4737cc55adb:4040
[2026-04-12T19:20:17.911+0000] {subprocess.py:106} INFO - 26/04/12 19:20:17 INFO StandaloneSchedulerBackend: Shutting down all executors
[2026-04-12T19:20:17.912+0000] {subprocess.py:106} INFO - 26/04/12 19:20:17 INFO StandaloneSchedulerBackend$StandaloneDriverEndpoint: Asking each executor to shut down
[2026-04-12T19:20:17.955+0000] {subprocess.py:106} INFO - 26/04/12 19:20:17 INFO MapOutputTrackerMasterEndpoint: MapOutputTrackerMasterEndpoint stopped!
[2026-04-12T19:20:17.998+0000] {subprocess.py:106} INFO - 26/04/12 19:20:17 INFO MemoryStore: MemoryStore cleared
[2026-04-12T19:20:17.999+0000] {subprocess.py:106} INFO - 26/04/12 19:20:17 INFO BlockManager: BlockManager stopped
[2026-04-12T19:20:18.050+0000] {subprocess.py:106} INFO - 26/04/12 19:20:18 INFO BlockManagerMaster: BlockManagerMaster stopped
[2026-04-12T19:20:18.068+0000] {subprocess.py:106} INFO - 26/04/12 19:20:18 INFO OutputCommitCoordinator$OutputCommitCoordinatorEndpoint: OutputCommitCoordinator stopped!
[2026-04-12T19:20:18.132+0000] {subprocess.py:106} INFO - 26/04/12 19:20:18 INFO SparkContext: Successfully stopped SparkContext
[2026-04-12T19:20:18.134+0000] {subprocess.py:106} INFO - 26/04/12 19:20:18 INFO ShutdownHookManager: Shutdown hook called
[2026-04-12T19:20:18.137+0000] {subprocess.py:106} INFO - 26/04/12 19:20:18 INFO ShutdownHookManager: Deleting directory /tmp/spark-93fbc840-f1c4-40f8-9228-c4405b7bfcb3/pyspark-8b0ae6d8-0101-4047-a6c9-fc9ab3aecdcf
[2026-04-12T19:20:18.145+0000] {subprocess.py:106} INFO - 26/04/12 19:20:18 INFO ShutdownHookManager: Deleting directory /tmp/spark-9c6158f7-5d04-49d1-9118-5fb4510a31be
[2026-04-12T19:20:18.151+0000] {subprocess.py:106} INFO - 26/04/12 19:20:18 INFO ShutdownHookManager: Deleting directory /tmp/spark-93fbc840-f1c4-40f8-9228-c4405b7bfcb3
[2026-04-12T19:20:18.162+0000] {subprocess.py:106} INFO - 26/04/12 19:20:18 INFO MetricsSystemImpl: Stopping s3a-file-system metrics system...
[2026-04-12T19:20:18.164+0000] {subprocess.py:106} INFO - 26/04/12 19:20:18 INFO MetricsSystemImpl: s3a-file-system metrics system stopped.
[2026-04-12T19:20:18.167+0000] {subprocess.py:106} INFO - 26/04/12 19:20:18 INFO MetricsSystemImpl: s3a-file-system metrics system shutdown complete.
[2026-04-12T19:20:18.553+0000] {subprocess.py:110} INFO - Command exited with return code 1
[2026-04-12T19:20:18.572+0000] {taskinstance.py:3311} ERROR - Task failed with exception
Traceback (most recent call last):
  File "/home/airflow/.local/lib/python3.12/site-packages/airflow/models/taskinstance.py", line 762, in _execute_task
    result = _execute_callable(context=context, **execute_callable_kwargs)
             ^^^^^^^^^^^^^^^^^^^^^^^^^^^^^^^^^^^^^^^^^^^^^^^^^^^^^^^^^^^^^
  File "/home/airflow/.local/lib/python3.12/site-packages/airflow/models/taskinstance.py", line 733, in _execute_callable
    return ExecutionCallableRunner(
           ^^^^^^^^^^^^^^^^^^^^^^^^
  File "/home/airflow/.local/lib/python3.12/site-packages/airflow/utils/operator_helpers.py", line 252, in run
    return self.func(*args, **kwargs)
           ^^^^^^^^^^^^^^^^^^^^^^^^^^
  File "/home/airflow/.local/lib/python3.12/site-packages/airflow/models/baseoperator.py", line 417, in wrapper
    return func(self, *args, **kwargs)
           ^^^^^^^^^^^^^^^^^^^^^^^^^^^
  File "/home/airflow/.local/lib/python3.12/site-packages/airflow/operators/bash.py", line 276, in execute
    raise AirflowException(
airflow.exceptions.AirflowException: Bash command failed. The command returned a non-zero exit code 1.
[2026-04-12T19:20:18.580+0000] {taskinstance.py:1225} INFO - Marking task as FAILED. dag_id=stackoverflow_pipeline, task_id=gold_agg, run_id=manual__2026-04-12T19:08:38+00:00, execution_date=20260412T190838, start_date=20260412T191959, end_date=20260412T192018
[2026-04-12T19:20:18.607+0000] {taskinstance.py:340} INFO - ::group::Post task execution logs
[2026-04-12T19:20:18.608+0000] {standard_task_runner.py:124} ERROR - Failed to execute job 24 for task gold_agg (Bash command failed. The command returned a non-zero exit code 1.; 4017)
Traceback (most recent call last):
  File "/home/airflow/.local/lib/python3.12/site-packages/airflow/task/task_runner/standard_task_runner.py", line 117, in _start_by_fork
    ret = args.func(args, dag=self.dag)
          ^^^^^^^^^^^^^^^^^^^^^^^^^^^^^
  File "/home/airflow/.local/lib/python3.12/site-packages/airflow/cli/cli_config.py", line 49, in command
    return func(*args, **kwargs)
           ^^^^^^^^^^^^^^^^^^^^^
  File "/home/airflow/.local/lib/python3.12/site-packages/airflow/utils/cli.py", line 116, in wrapper
    return f(*args, **kwargs)
           ^^^^^^^^^^^^^^^^^^
  File "/home/airflow/.local/lib/python3.12/site-packages/airflow/cli/commands/task_command.py", line 483, in task_run
    task_return_code = _run_task_by_selected_method(args, _dag, ti)
                       ^^^^^^^^^^^^^^^^^^^^^^^^^^^^^^^^^^^^^^^^^^^^
  File "/home/airflow/.local/lib/python3.12/site-packages/airflow/cli/commands/task_command.py", line 256, in _run_task_by_selected_method
    return _run_raw_task(args, ti)
           ^^^^^^^^^^^^^^^^^^^^^^^
  File "/home/airflow/.local/lib/python3.12/site-packages/airflow/cli/commands/task_command.py", line 341, in _run_raw_task
    return ti._run_raw_task(
           ^^^^^^^^^^^^^^^^^
  File "/home/airflow/.local/lib/python3.12/site-packages/airflow/utils/session.py", line 97, in wrapper
    return func(*args, session=session, **kwargs)
           ^^^^^^^^^^^^^^^^^^^^^^^^^^^^^^^^^^^^^^
  File "/home/airflow/.local/lib/python3.12/site-packages/airflow/models/taskinstance.py", line 3005, in _run_raw_task
    return _run_raw_task(
           ^^^^^^^^^^^^^^
  File "/home/airflow/.local/lib/python3.12/site-packages/airflow/models/taskinstance.py", line 273, in _run_raw_task
    TaskInstance._execute_task_with_callbacks(
  File "/home/airflow/.local/lib/python3.12/site-packages/airflow/models/taskinstance.py", line 3159, in _execute_task_with_callbacks
    result = self._execute_task(context, task_orig)
             ^^^^^^^^^^^^^^^^^^^^^^^^^^^^^^^^^^^^^^
  File "/home/airflow/.local/lib/python3.12/site-packages/airflow/models/taskinstance.py", line 3183, in _execute_task
    return _execute_task(self, context, task_orig)
           ^^^^^^^^^^^^^^^^^^^^^^^^^^^^^^^^^^^^^^^
  File "/home/airflow/.local/lib/python3.12/site-packages/airflow/models/taskinstance.py", line 762, in _execute_task
    result = _execute_callable(context=context, **execute_callable_kwargs)
             ^^^^^^^^^^^^^^^^^^^^^^^^^^^^^^^^^^^^^^^^^^^^^^^^^^^^^^^^^^^^^
  File "/home/airflow/.local/lib/python3.12/site-packages/airflow/models/taskinstance.py", line 733, in _execute_callable
    return ExecutionCallableRunner(
           ^^^^^^^^^^^^^^^^^^^^^^^^
  File "/home/airflow/.local/lib/python3.12/site-packages/airflow/utils/operator_helpers.py", line 252, in run
    return self.func(*args, **kwargs)
           ^^^^^^^^^^^^^^^^^^^^^^^^^^
  File "/home/airflow/.local/lib/python3.12/site-packages/airflow/models/baseoperator.py", line 417, in wrapper
    return func(self, *args, **kwargs)
           ^^^^^^^^^^^^^^^^^^^^^^^^^^^
  File "/home/airflow/.local/lib/python3.12/site-packages/airflow/operators/bash.py", line 276, in execute
    raise AirflowException(
airflow.exceptions.AirflowException: Bash command failed. The command returned a non-zero exit code 1.
[2026-04-12T19:20:18.655+0000] {local_task_job_runner.py:266} INFO - Task exited with return code 1
[2026-04-12T19:20:18.673+0000] {taskinstance.py:3895} INFO - 0 downstream tasks scheduled from follow-on schedule check
[2026-04-12T19:20:18.678+0000] {local_task_job_runner.py:245} INFO - ::endgroup::
