[2026-04-12T19:14:34.679+0000] {local_task_job_runner.py:123} INFO - ::group::Pre task execution logs
[2026-04-12T19:14:34.724+0000] {taskinstance.py:2613} INFO - Dependencies all met for dep_context=non-requeueable deps ti=<TaskInstance: stackoverflow_pipeline.gold_agg manual__2026-04-12T19:08:38+00:00 [queued]>
[2026-04-12T19:14:34.764+0000] {taskinstance.py:2613} INFO - Dependencies all met for dep_context=requeueable deps ti=<TaskInstance: stackoverflow_pipeline.gold_agg manual__2026-04-12T19:08:38+00:00 [queued]>
[2026-04-12T19:14:34.782+0000] {taskinstance.py:2866} INFO - Starting attempt 1 of 2
[2026-04-12T19:14:34.819+0000] {taskinstance.py:2889} INFO - Executing <Task(BashOperator): gold_agg> on 2026-04-12 19:08:38+00:00
[2026-04-12T19:14:34.876+0000] {standard_task_runner.py:104} INFO - Running: ['***', 'tasks', 'run', 'stackoverflow_pipeline', 'gold_agg', 'manual__2026-04-12T19:08:38+00:00', '--job-id', '18', '--raw', '--subdir', 'DAGS_FOLDER/stackoverflow_pipeline.py', '--cfg-path', '/tmp/tmpmr8cevvv']
[2026-04-12T19:14:34.871+0000] {warnings.py:112} WARNING - /home/***/.local/lib/python3.12/site-packages/***/task/task_runner/standard_task_runner.py:70: DeprecationWarning: This process (pid=2058) is multi-threaded, use of fork() may lead to deadlocks in the child.
  pid = os.fork()

[2026-04-12T19:14:34.882+0000] {standard_task_runner.py:105} INFO - Job 18: Subtask gold_agg
[2026-04-12T19:14:34.885+0000] {standard_task_runner.py:72} INFO - Started process 2062 to run task
[2026-04-12T19:14:35.055+0000] {task_command.py:467} INFO - Running <TaskInstance: stackoverflow_pipeline.gold_agg manual__2026-04-12T19:08:38+00:00 [running]> on host b4737cc55adb
[2026-04-12T19:14:35.410+0000] {taskinstance.py:3132} INFO - Exporting env vars: AIRFLOW_CTX_DAG_OWNER='fhbd-grupo' AIRFLOW_CTX_DAG_ID='stackoverflow_pipeline' AIRFLOW_CTX_TASK_ID='gold_agg' AIRFLOW_CTX_EXECUTION_DATE='2026-04-12T19:08:38+00:00' AIRFLOW_CTX_TRY_NUMBER='1' AIRFLOW_CTX_DAG_RUN_ID='manual__2026-04-12T19:08:38+00:00'
[2026-04-12T19:14:35.417+0000] {taskinstance.py:731} INFO - ::endgroup::
[2026-04-12T19:14:35.459+0000] {subprocess.py:78} INFO - Tmp dir root location: /tmp
[2026-04-12T19:14:35.465+0000] {subprocess.py:88} INFO - Running command: ['/usr/bin/bash', '-c', '/opt/spark/bin/spark-submit --master spark://spark-master:7077 --conf spark.submit.deployMode=client --conf spark.driver.bindAddress=0.0.0.0 --conf spark.executor.instances=1 --conf spark.executor.cores=2 --conf spark.executor.memory=2g --conf spark.driver.memory=1g --conf spark.sql.extensions=org.apache.iceberg.spark.extensions.IcebergSparkSessionExtensions,org.projectnessie.spark.extensions.NessieSparkSessionExtensions --conf spark.sql.catalog.nessie=org.apache.iceberg.spark.SparkCatalog --conf spark.sql.catalog.nessie.catalog-impl=org.apache.iceberg.nessie.NessieCatalog --conf spark.sql.catalog.nessie.uri=http://proyecto2-nessie:19120/api/v1 --conf spark.sql.catalog.nessie.ref=main --conf spark.sql.catalog.nessie.authentication.type=NONE --conf spark.sql.catalog.nessie.warehouse=s3a://iceberg/ --conf spark.hadoop.fs.s3a.endpoint=http://proyecto2-minio:9000 --conf spark.hadoop.fs.s3a.access.key=minioadmin --conf spark.hadoop.fs.s3a.secret.key=minioadmin123 --conf spark.hadoop.fs.s3a.path.style.access=true --conf spark.hadoop.fs.s3a.impl=org.apache.hadoop.fs.s3a.S3AFileSystem --conf spark.hadoop.fs.s3a.aws.credentials.provider=org.apache.hadoop.fs.s3a.SimpleAWSCredentialsProvider --conf spark.hadoop.fs.s3a.connection.ssl.enabled=false --packages org.apache.iceberg:iceberg-spark-runtime-3.5_2.12:1.6.1,org.projectnessie.nessie-integrations:nessie-spark-extensions-3.5_2.12:0.95.0,org.apache.hadoop:hadoop-aws:3.3.4,com.amazonaws:aws-java-sdk-bundle:1.12.262 --name gold_cant_post_x_user_hist --verbose /opt/***/scripts/gold_agg.py']
[2026-04-12T19:14:35.499+0000] {subprocess.py:99} INFO - Output:
[2026-04-12T19:14:35.533+0000] {subprocess.py:106} INFO - /opt/spark/bin/load-spark-env.sh: line 68: ps: command not found
[2026-04-12T19:14:41.337+0000] {subprocess.py:106} INFO - Using properties file: null
[2026-04-12T19:14:41.869+0000] {subprocess.py:106} INFO - Parsed arguments:
[2026-04-12T19:14:41.873+0000] {subprocess.py:106} INFO -   master                  spark://spark-master:7077
[2026-04-12T19:14:41.877+0000] {subprocess.py:106} INFO -   remote                  null
[2026-04-12T19:14:41.879+0000] {subprocess.py:106} INFO -   deployMode              client
[2026-04-12T19:14:41.880+0000] {subprocess.py:106} INFO -   executorMemory          2g
[2026-04-12T19:14:41.882+0000] {subprocess.py:106} INFO -   executorCores           2
[2026-04-12T19:14:41.884+0000] {subprocess.py:106} INFO -   totalExecutorCores      null
[2026-04-12T19:14:41.885+0000] {subprocess.py:106} INFO -   propertiesFile          null
[2026-04-12T19:14:41.887+0000] {subprocess.py:106} INFO -   driverMemory            1g
[2026-04-12T19:14:41.888+0000] {subprocess.py:106} INFO -   driverCores             null
[2026-04-12T19:14:41.889+0000] {subprocess.py:106} INFO -   driverExtraClassPath    null
[2026-04-12T19:14:41.892+0000] {subprocess.py:106} INFO -   driverExtraLibraryPath  null
[2026-04-12T19:14:41.893+0000] {subprocess.py:106} INFO -   driverExtraJavaOptions  null
[2026-04-12T19:14:41.895+0000] {subprocess.py:106} INFO -   supervise               false
[2026-04-12T19:14:41.897+0000] {subprocess.py:106} INFO -   queue                   null
[2026-04-12T19:14:41.899+0000] {subprocess.py:106} INFO -   numExecutors            1
[2026-04-12T19:14:41.901+0000] {subprocess.py:106} INFO -   files                   null
[2026-04-12T19:14:41.904+0000] {subprocess.py:106} INFO -   pyFiles                 null
[2026-04-12T19:14:41.905+0000] {subprocess.py:106} INFO -   archives                null
[2026-04-12T19:14:41.907+0000] {subprocess.py:106} INFO -   mainClass               null
[2026-04-12T19:14:41.908+0000] {subprocess.py:106} INFO -   primaryResource         file:/opt/***/scripts/gold_agg.py
[2026-04-12T19:14:41.909+0000] {subprocess.py:106} INFO -   name                    gold_cant_post_x_user_hist
[2026-04-12T19:14:41.910+0000] {subprocess.py:106} INFO -   childArgs               []
[2026-04-12T19:14:41.912+0000] {subprocess.py:106} INFO -   jars                    null
[2026-04-12T19:14:41.913+0000] {subprocess.py:106} INFO -   packages                org.apache.iceberg:iceberg-spark-runtime-3.5_2.12:1.6.1,org.projectnessie.nessie-integrations:nessie-spark-extensions-3.5_2.12:0.95.0,org.apache.hadoop:hadoop-aws:3.3.4,com.amazonaws:aws-java-sdk-bundle:1.12.262
[2026-04-12T19:14:41.914+0000] {subprocess.py:106} INFO -   packagesExclusions      null
[2026-04-12T19:14:41.916+0000] {subprocess.py:106} INFO -   repositories            null
[2026-04-12T19:14:41.919+0000] {subprocess.py:106} INFO -   verbose                 true
[2026-04-12T19:14:41.921+0000] {subprocess.py:106} INFO - 
[2026-04-12T19:14:41.923+0000] {subprocess.py:106} INFO - Spark properties used, including those specified through
[2026-04-12T19:14:41.925+0000] {subprocess.py:106} INFO -  --conf and those from the properties file null:
[2026-04-12T19:14:41.927+0000] {subprocess.py:106} INFO -   (spark.driver.bindAddress,0.0.0.0)
[2026-04-12T19:14:41.928+0000] {subprocess.py:106} INFO -   (spark.driver.memory,1g)
[2026-04-12T19:14:41.930+0000] {subprocess.py:106} INFO -   (spark.executor.cores,2)
[2026-04-12T19:14:41.932+0000] {subprocess.py:106} INFO -   (spark.executor.instances,1)
[2026-04-12T19:14:41.934+0000] {subprocess.py:106} INFO -   (spark.executor.memory,2g)
[2026-04-12T19:14:41.937+0000] {subprocess.py:106} INFO -   (spark.hadoop.fs.s3a.access.key,*********(redacted))
[2026-04-12T19:14:41.938+0000] {subprocess.py:106} INFO -   (spark.hadoop.fs.s3a.aws.credentials.provider,org.apache.hadoop.fs.s3a.SimpleAWSCredentialsProvider)
[2026-04-12T19:14:41.940+0000] {subprocess.py:106} INFO -   (spark.hadoop.fs.s3a.connection.ssl.enabled,false)
[2026-04-12T19:14:41.942+0000] {subprocess.py:106} INFO -   (spark.hadoop.fs.s3a.endpoint,http://proyecto2-minio:9000)
[2026-04-12T19:14:41.944+0000] {subprocess.py:106} INFO -   (spark.hadoop.fs.s3a.impl,org.apache.hadoop.fs.s3a.S3AFileSystem)
[2026-04-12T19:14:41.945+0000] {subprocess.py:106} INFO -   (spark.hadoop.fs.s3a.path.style.access,true)
[2026-04-12T19:14:41.947+0000] {subprocess.py:106} INFO -   (spark.hadoop.fs.s3a.secret.key,*********(redacted))
[2026-04-12T19:14:41.954+0000] {subprocess.py:106} INFO -   (spark.sql.catalog.nessie,org.apache.iceberg.spark.SparkCatalog)
[2026-04-12T19:14:41.959+0000] {subprocess.py:106} INFO -   (spark.sql.catalog.nessie.authentication.type,NONE)
[2026-04-12T19:14:41.960+0000] {subprocess.py:106} INFO -   (spark.sql.catalog.nessie.catalog-impl,org.apache.iceberg.nessie.NessieCatalog)
[2026-04-12T19:14:41.961+0000] {subprocess.py:106} INFO -   (spark.sql.catalog.nessie.ref,main)
[2026-04-12T19:14:41.962+0000] {subprocess.py:106} INFO -   (spark.sql.catalog.nessie.uri,http://proyecto2-nessie:19120/api/v1)
[2026-04-12T19:14:41.964+0000] {subprocess.py:106} INFO -   (spark.sql.catalog.nessie.warehouse,s3a://iceberg/)
[2026-04-12T19:14:41.965+0000] {subprocess.py:106} INFO -   (spark.sql.extensions,org.apache.iceberg.spark.extensions.IcebergSparkSessionExtensions,org.projectnessie.spark.extensions.NessieSparkSessionExtensions)
[2026-04-12T19:14:41.967+0000] {subprocess.py:106} INFO -   (spark.submit.deployMode,client)
[2026-04-12T19:14:41.969+0000] {subprocess.py:106} INFO - 
[2026-04-12T19:14:41.972+0000] {subprocess.py:106} INFO - 
[2026-04-12T19:14:42.294+0000] {subprocess.py:106} INFO - :: loading settings :: url = jar:file:/opt/spark/jars/ivy-2.5.1.jar!/org/apache/ivy/core/settings/ivysettings.xml
[2026-04-12T19:14:42.491+0000] {subprocess.py:106} INFO - Ivy Default Cache set to: /home/***/.ivy2/cache
[2026-04-12T19:14:42.498+0000] {subprocess.py:106} INFO - The jars for the packages stored in: /home/***/.ivy2/jars
[2026-04-12T19:14:42.511+0000] {subprocess.py:106} INFO - org.apache.iceberg#iceberg-spark-runtime-3.5_2.12 added as a dependency
[2026-04-12T19:14:42.512+0000] {subprocess.py:106} INFO - org.projectnessie.nessie-integrations#nessie-spark-extensions-3.5_2.12 added as a dependency
[2026-04-12T19:14:42.514+0000] {subprocess.py:106} INFO - org.apache.hadoop#hadoop-aws added as a dependency
[2026-04-12T19:14:42.516+0000] {subprocess.py:106} INFO - com.amazonaws#aws-java-sdk-bundle added as a dependency
[2026-04-12T19:14:42.522+0000] {subprocess.py:106} INFO - :: resolving dependencies :: org.apache.spark#spark-submit-parent-374c6928-f009-46be-bbb2-8d3bcc8ba016;1.0
[2026-04-12T19:14:42.523+0000] {subprocess.py:106} INFO - 	confs: [default]
[2026-04-12T19:14:42.861+0000] {subprocess.py:106} INFO - 	found org.apache.iceberg#iceberg-spark-runtime-3.5_2.12;1.6.1 in central
[2026-04-12T19:14:42.898+0000] {subprocess.py:106} INFO - 	found org.projectnessie.nessie-integrations#nessie-spark-extensions-3.5_2.12;0.95.0 in central
[2026-04-12T19:14:43.028+0000] {subprocess.py:106} INFO - 	found org.apache.hadoop#hadoop-aws;3.3.4 in central
[2026-04-12T19:14:43.078+0000] {subprocess.py:106} INFO - 	found com.amazonaws#aws-java-sdk-bundle;1.12.262 in central
[2026-04-12T19:14:43.133+0000] {subprocess.py:106} INFO - 	found org.wildfly.openssl#wildfly-openssl;1.0.7.Final in central
[2026-04-12T19:14:43.210+0000] {subprocess.py:106} INFO - :: resolution report :: resolve 660ms :: artifacts dl 24ms
[2026-04-12T19:14:43.211+0000] {subprocess.py:106} INFO - 	:: modules in use:
[2026-04-12T19:14:43.214+0000] {subprocess.py:106} INFO - 	com.amazonaws#aws-java-sdk-bundle;1.12.262 from central in [default]
[2026-04-12T19:14:43.218+0000] {subprocess.py:106} INFO - 	org.apache.hadoop#hadoop-aws;3.3.4 from central in [default]
[2026-04-12T19:14:43.226+0000] {subprocess.py:106} INFO - 	org.apache.iceberg#iceberg-spark-runtime-3.5_2.12;1.6.1 from central in [default]
[2026-04-12T19:14:43.227+0000] {subprocess.py:106} INFO - 	org.projectnessie.nessie-integrations#nessie-spark-extensions-3.5_2.12;0.95.0 from central in [default]
[2026-04-12T19:14:43.228+0000] {subprocess.py:106} INFO - 	org.wildfly.openssl#wildfly-openssl;1.0.7.Final from central in [default]
[2026-04-12T19:14:43.231+0000] {subprocess.py:106} INFO - 	---------------------------------------------------------------------
[2026-04-12T19:14:43.238+0000] {subprocess.py:106} INFO - 	|                  |            modules            ||   artifacts   |
[2026-04-12T19:14:43.240+0000] {subprocess.py:106} INFO - 	|       conf       | number| search|dwnlded|evicted|| number|dwnlded|
[2026-04-12T19:14:43.243+0000] {subprocess.py:106} INFO - 	---------------------------------------------------------------------
[2026-04-12T19:14:43.245+0000] {subprocess.py:106} INFO - 	|      default     |   5   |   0   |   0   |   0   ||   5   |   0   |
[2026-04-12T19:14:43.246+0000] {subprocess.py:106} INFO - 	---------------------------------------------------------------------
[2026-04-12T19:14:43.247+0000] {subprocess.py:106} INFO - :: retrieving :: org.apache.spark#spark-submit-parent-374c6928-f009-46be-bbb2-8d3bcc8ba016
[2026-04-12T19:14:43.248+0000] {subprocess.py:106} INFO - 	confs: [default]
[2026-04-12T19:14:43.250+0000] {subprocess.py:106} INFO - 	0 artifacts copied, 5 already retrieved (0kB/15ms)
[2026-04-12T19:14:43.858+0000] {subprocess.py:106} INFO - 26/04/12 19:14:43 WARN NativeCodeLoader: Unable to load native-hadoop library for your platform... using builtin-java classes where applicable
[2026-04-12T19:14:44.711+0000] {subprocess.py:106} INFO - Main class:
[2026-04-12T19:14:44.713+0000] {subprocess.py:106} INFO - org.apache.spark.deploy.PythonRunner
[2026-04-12T19:14:44.721+0000] {subprocess.py:106} INFO - Arguments:
[2026-04-12T19:14:44.723+0000] {subprocess.py:106} INFO - file:/opt/***/scripts/gold_agg.py
[2026-04-12T19:14:44.725+0000] {subprocess.py:106} INFO - file:///home/***/.ivy2/jars/org.apache.iceberg_iceberg-spark-runtime-3.5_2.12-1.6.1.jar,file:///home/***/.ivy2/jars/org.projectnessie.nessie-integrations_nessie-spark-extensions-3.5_2.12-0.95.0.jar,file:///home/***/.ivy2/jars/org.apache.hadoop_hadoop-aws-3.3.4.jar,file:///home/***/.ivy2/jars/com.amazonaws_aws-java-sdk-bundle-1.12.262.jar,file:///home/***/.ivy2/jars/org.wildfly.openssl_wildfly-openssl-1.0.7.Final.jar
[2026-04-12T19:14:44.770+0000] {subprocess.py:106} INFO - Spark config:
[2026-04-12T19:14:44.775+0000] {subprocess.py:106} INFO - (spark.app.name,gold_cant_post_x_user_hist)
[2026-04-12T19:14:44.779+0000] {subprocess.py:106} INFO - (spark.app.submitTime,1776021284546)
[2026-04-12T19:14:44.781+0000] {subprocess.py:106} INFO - (spark.driver.bindAddress,0.0.0.0)
[2026-04-12T19:14:44.783+0000] {subprocess.py:106} INFO - (spark.driver.memory,1g)
[2026-04-12T19:14:44.788+0000] {subprocess.py:106} INFO - (spark.executor.cores,2)
[2026-04-12T19:14:44.793+0000] {subprocess.py:106} INFO - (spark.executor.instances,1)
[2026-04-12T19:14:44.801+0000] {subprocess.py:106} INFO - (spark.executor.memory,2g)
[2026-04-12T19:14:44.805+0000] {subprocess.py:106} INFO - (spark.files,file:///home/***/.ivy2/jars/org.apache.iceberg_iceberg-spark-runtime-3.5_2.12-1.6.1.jar,file:///home/***/.ivy2/jars/org.projectnessie.nessie-integrations_nessie-spark-extensions-3.5_2.12-0.95.0.jar,file:///home/***/.ivy2/jars/org.apache.hadoop_hadoop-aws-3.3.4.jar,file:///home/***/.ivy2/jars/com.amazonaws_aws-java-sdk-bundle-1.12.262.jar,file:///home/***/.ivy2/jars/org.wildfly.openssl_wildfly-openssl-1.0.7.Final.jar)
[2026-04-12T19:14:44.808+0000] {subprocess.py:106} INFO - (spark.hadoop.fs.s3a.access.key,*********(redacted))
[2026-04-12T19:14:44.814+0000] {subprocess.py:106} INFO - (spark.hadoop.fs.s3a.aws.credentials.provider,org.apache.hadoop.fs.s3a.SimpleAWSCredentialsProvider)
[2026-04-12T19:14:44.817+0000] {subprocess.py:106} INFO - (spark.hadoop.fs.s3a.connection.ssl.enabled,false)
[2026-04-12T19:14:44.822+0000] {subprocess.py:106} INFO - (spark.hadoop.fs.s3a.endpoint,http://proyecto2-minio:9000)
[2026-04-12T19:14:44.823+0000] {subprocess.py:106} INFO - (spark.hadoop.fs.s3a.impl,org.apache.hadoop.fs.s3a.S3AFileSystem)
[2026-04-12T19:14:44.824+0000] {subprocess.py:106} INFO - (spark.hadoop.fs.s3a.path.style.access,true)
[2026-04-12T19:14:44.825+0000] {subprocess.py:106} INFO - (spark.hadoop.fs.s3a.secret.key,*********(redacted))
[2026-04-12T19:14:44.827+0000] {subprocess.py:106} INFO - (spark.jars,file:///home/***/.ivy2/jars/org.apache.iceberg_iceberg-spark-runtime-3.5_2.12-1.6.1.jar,file:///home/***/.ivy2/jars/org.projectnessie.nessie-integrations_nessie-spark-extensions-3.5_2.12-0.95.0.jar,file:///home/***/.ivy2/jars/org.apache.hadoop_hadoop-aws-3.3.4.jar,file:///home/***/.ivy2/jars/com.amazonaws_aws-java-sdk-bundle-1.12.262.jar,file:///home/***/.ivy2/jars/org.wildfly.openssl_wildfly-openssl-1.0.7.Final.jar)
[2026-04-12T19:14:44.830+0000] {subprocess.py:106} INFO - (spark.master,spark://spark-master:7077)
[2026-04-12T19:14:44.832+0000] {subprocess.py:106} INFO - (spark.repl.local.jars,file:///home/***/.ivy2/jars/org.apache.iceberg_iceberg-spark-runtime-3.5_2.12-1.6.1.jar,file:///home/***/.ivy2/jars/org.projectnessie.nessie-integrations_nessie-spark-extensions-3.5_2.12-0.95.0.jar,file:///home/***/.ivy2/jars/org.apache.hadoop_hadoop-aws-3.3.4.jar,file:///home/***/.ivy2/jars/com.amazonaws_aws-java-sdk-bundle-1.12.262.jar,file:///home/***/.ivy2/jars/org.wildfly.openssl_wildfly-openssl-1.0.7.Final.jar)
[2026-04-12T19:14:44.851+0000] {subprocess.py:106} INFO - (spark.sql.catalog.nessie,org.apache.iceberg.spark.SparkCatalog)
[2026-04-12T19:14:44.852+0000] {subprocess.py:106} INFO - (spark.sql.catalog.nessie.authentication.type,NONE)
[2026-04-12T19:14:44.853+0000] {subprocess.py:106} INFO - (spark.sql.catalog.nessie.catalog-impl,org.apache.iceberg.nessie.NessieCatalog)
[2026-04-12T19:14:44.867+0000] {subprocess.py:106} INFO - (spark.sql.catalog.nessie.ref,main)
[2026-04-12T19:14:44.868+0000] {subprocess.py:106} INFO - (spark.sql.catalog.nessie.uri,http://proyecto2-nessie:19120/api/v1)
[2026-04-12T19:14:44.869+0000] {subprocess.py:106} INFO - (spark.sql.catalog.nessie.warehouse,s3a://iceberg/)
[2026-04-12T19:14:44.880+0000] {subprocess.py:106} INFO - (spark.sql.extensions,org.apache.iceberg.spark.extensions.IcebergSparkSessionExtensions,org.projectnessie.spark.extensions.NessieSparkSessionExtensions)
[2026-04-12T19:14:44.882+0000] {subprocess.py:106} INFO - (spark.submit.deployMode,client)
[2026-04-12T19:14:44.884+0000] {subprocess.py:106} INFO - (spark.submit.pyFiles,/home/***/.ivy2/jars/org.apache.iceberg_iceberg-spark-runtime-3.5_2.12-1.6.1.jar,/home/***/.ivy2/jars/org.projectnessie.nessie-integrations_nessie-spark-extensions-3.5_2.12-0.95.0.jar,/home/***/.ivy2/jars/org.apache.hadoop_hadoop-aws-3.3.4.jar,/home/***/.ivy2/jars/com.amazonaws_aws-java-sdk-bundle-1.12.262.jar,/home/***/.ivy2/jars/org.wildfly.openssl_wildfly-openssl-1.0.7.Final.jar)
[2026-04-12T19:14:44.886+0000] {subprocess.py:106} INFO - Classpath elements:
[2026-04-12T19:14:44.898+0000] {subprocess.py:106} INFO - file:///home/***/.ivy2/jars/org.apache.iceberg_iceberg-spark-runtime-3.5_2.12-1.6.1.jar
[2026-04-12T19:14:44.900+0000] {subprocess.py:106} INFO - file:///home/***/.ivy2/jars/org.projectnessie.nessie-integrations_nessie-spark-extensions-3.5_2.12-0.95.0.jar
[2026-04-12T19:14:44.902+0000] {subprocess.py:106} INFO - file:///home/***/.ivy2/jars/org.apache.hadoop_hadoop-aws-3.3.4.jar
[2026-04-12T19:14:44.903+0000] {subprocess.py:106} INFO - file:///home/***/.ivy2/jars/com.amazonaws_aws-java-sdk-bundle-1.12.262.jar
[2026-04-12T19:14:44.905+0000] {subprocess.py:106} INFO - file:///home/***/.ivy2/jars/org.wildfly.openssl_wildfly-openssl-1.0.7.Final.jar
[2026-04-12T19:14:44.911+0000] {subprocess.py:106} INFO - 
[2026-04-12T19:14:44.918+0000] {subprocess.py:106} INFO - 
[2026-04-12T19:14:46.971+0000] {subprocess.py:106} INFO - 2026-04-12 19:14:46,961 INFO ============================================================
[2026-04-12T19:14:46.978+0000] {subprocess.py:106} INFO - 2026-04-12 19:14:46,961 INFO GOLD AGG — cant_post_x_user_hist ★
[2026-04-12T19:14:46.980+0000] {subprocess.py:106} INFO - 2026-04-12 19:14:46,961 INFO Fuentes: nessie.silver.post_hist + nessie.silver.users_hist
[2026-04-12T19:14:46.981+0000] {subprocess.py:106} INFO - 2026-04-12 19:14:46,961 INFO ============================================================
[2026-04-12T19:14:47.645+0000] {subprocess.py:106} INFO - 26/04/12 19:14:47 INFO SparkContext: Running Spark version 3.5.5
[2026-04-12T19:14:47.655+0000] {subprocess.py:106} INFO - 26/04/12 19:14:47 INFO SparkContext: OS info Linux, 6.6.87.2-microsoft-standard-WSL2, amd64
[2026-04-12T19:14:47.662+0000] {subprocess.py:106} INFO - 26/04/12 19:14:47 INFO SparkContext: Java version 17.0.18
[2026-04-12T19:14:47.750+0000] {subprocess.py:106} INFO - 26/04/12 19:14:47 INFO ResourceUtils: ==============================================================
[2026-04-12T19:14:47.752+0000] {subprocess.py:106} INFO - 26/04/12 19:14:47 INFO ResourceUtils: No custom resources configured for spark.driver.
[2026-04-12T19:14:47.755+0000] {subprocess.py:106} INFO - 26/04/12 19:14:47 INFO ResourceUtils: ==============================================================
[2026-04-12T19:14:47.757+0000] {subprocess.py:106} INFO - 26/04/12 19:14:47 INFO SparkContext: Submitted application: gold_agg
[2026-04-12T19:14:47.847+0000] {subprocess.py:106} INFO - 26/04/12 19:14:47 INFO ResourceProfile: Default ResourceProfile created, executor resources: Map(cores -> name: cores, amount: 2, script: , vendor: , memory -> name: memory, amount: 2048, script: , vendor: , offHeap -> name: offHeap, amount: 0, script: , vendor: ), task resources: Map(cpus -> name: cpus, amount: 1.0)
[2026-04-12T19:14:47.881+0000] {subprocess.py:106} INFO - 26/04/12 19:14:47 INFO ResourceProfile: Limiting resource is cpus at 2 tasks per executor
[2026-04-12T19:14:47.896+0000] {subprocess.py:106} INFO - 26/04/12 19:14:47 INFO ResourceProfileManager: Added ResourceProfile id: 0
[2026-04-12T19:14:48.162+0000] {subprocess.py:106} INFO - 26/04/12 19:14:48 INFO SecurityManager: Changing view acls to: ***
[2026-04-12T19:14:48.165+0000] {subprocess.py:106} INFO - 26/04/12 19:14:48 INFO SecurityManager: Changing modify acls to: ***
[2026-04-12T19:14:48.167+0000] {subprocess.py:106} INFO - 26/04/12 19:14:48 INFO SecurityManager: Changing view acls groups to:
[2026-04-12T19:14:48.172+0000] {subprocess.py:106} INFO - 26/04/12 19:14:48 INFO SecurityManager: Changing modify acls groups to:
[2026-04-12T19:14:48.178+0000] {subprocess.py:106} INFO - 26/04/12 19:14:48 INFO SecurityManager: SecurityManager: authentication disabled; ui acls disabled; users with view permissions: ***; groups with view permissions: EMPTY; users with modify permissions: ***; groups with modify permissions: EMPTY
[2026-04-12T19:14:48.970+0000] {subprocess.py:106} INFO - 26/04/12 19:14:48 INFO Utils: Successfully started service 'sparkDriver' on port 41147.
[2026-04-12T19:14:49.051+0000] {subprocess.py:106} INFO - 26/04/12 19:14:49 INFO SparkEnv: Registering MapOutputTracker
[2026-04-12T19:14:49.174+0000] {subprocess.py:106} INFO - 26/04/12 19:14:49 INFO SparkEnv: Registering BlockManagerMaster
[2026-04-12T19:14:49.258+0000] {subprocess.py:106} INFO - 26/04/12 19:14:49 INFO BlockManagerMasterEndpoint: Using org.apache.spark.storage.DefaultTopologyMapper for getting topology information
[2026-04-12T19:14:49.261+0000] {subprocess.py:106} INFO - 26/04/12 19:14:49 INFO BlockManagerMasterEndpoint: BlockManagerMasterEndpoint up
[2026-04-12T19:14:49.275+0000] {subprocess.py:106} INFO - 26/04/12 19:14:49 INFO SparkEnv: Registering BlockManagerMasterHeartbeat
[2026-04-12T19:14:49.346+0000] {subprocess.py:106} INFO - 26/04/12 19:14:49 INFO DiskBlockManager: Created local directory at /tmp/blockmgr-90c679fa-3a25-4f91-8119-44e3fff7ec27
[2026-04-12T19:14:49.385+0000] {subprocess.py:106} INFO - 26/04/12 19:14:49 INFO MemoryStore: MemoryStore started with capacity 434.4 MiB
[2026-04-12T19:14:49.436+0000] {subprocess.py:106} INFO - 26/04/12 19:14:49 INFO SparkEnv: Registering OutputCommitCoordinator
[2026-04-12T19:14:49.790+0000] {subprocess.py:106} INFO - 26/04/12 19:14:49 INFO JettyUtils: Start Jetty 0.0.0.0:4040 for SparkUI
[2026-04-12T19:14:49.953+0000] {subprocess.py:106} INFO - 26/04/12 19:14:49 INFO Utils: Successfully started service 'SparkUI' on port 4040.
[2026-04-12T19:14:50.018+0000] {subprocess.py:106} INFO - 26/04/12 19:14:50 INFO SparkContext: Added JAR file:///home/***/.ivy2/jars/org.apache.iceberg_iceberg-spark-runtime-3.5_2.12-1.6.1.jar at spark://b4737cc55adb:41147/jars/org.apache.iceberg_iceberg-spark-runtime-3.5_2.12-1.6.1.jar with timestamp 1776021287612
[2026-04-12T19:14:50.019+0000] {subprocess.py:106} INFO - 26/04/12 19:14:50 INFO SparkContext: Added JAR file:///home/***/.ivy2/jars/org.projectnessie.nessie-integrations_nessie-spark-extensions-3.5_2.12-0.95.0.jar at spark://b4737cc55adb:41147/jars/org.projectnessie.nessie-integrations_nessie-spark-extensions-3.5_2.12-0.95.0.jar with timestamp 1776021287612
[2026-04-12T19:14:50.020+0000] {subprocess.py:106} INFO - 26/04/12 19:14:50 INFO SparkContext: Added JAR file:///home/***/.ivy2/jars/org.apache.hadoop_hadoop-aws-3.3.4.jar at spark://b4737cc55adb:41147/jars/org.apache.hadoop_hadoop-aws-3.3.4.jar with timestamp 1776021287612
[2026-04-12T19:14:50.021+0000] {subprocess.py:106} INFO - 26/04/12 19:14:50 INFO SparkContext: Added JAR file:///home/***/.ivy2/jars/com.amazonaws_aws-java-sdk-bundle-1.12.262.jar at spark://b4737cc55adb:41147/jars/com.amazonaws_aws-java-sdk-bundle-1.12.262.jar with timestamp 1776021287612
[2026-04-12T19:14:50.022+0000] {subprocess.py:106} INFO - 26/04/12 19:14:50 INFO SparkContext: Added JAR file:///home/***/.ivy2/jars/org.wildfly.openssl_wildfly-openssl-1.0.7.Final.jar at spark://b4737cc55adb:41147/jars/org.wildfly.openssl_wildfly-openssl-1.0.7.Final.jar with timestamp 1776021287612
[2026-04-12T19:14:50.026+0000] {subprocess.py:106} INFO - 26/04/12 19:14:50 INFO SparkContext: Added file file:///home/***/.ivy2/jars/org.apache.iceberg_iceberg-spark-runtime-3.5_2.12-1.6.1.jar at spark://b4737cc55adb:41147/files/org.apache.iceberg_iceberg-spark-runtime-3.5_2.12-1.6.1.jar with timestamp 1776021287612
[2026-04-12T19:14:50.029+0000] {subprocess.py:106} INFO - 26/04/12 19:14:50 INFO Utils: Copying /home/***/.ivy2/jars/org.apache.iceberg_iceberg-spark-runtime-3.5_2.12-1.6.1.jar to /tmp/spark-816d5c7e-7b2f-40c7-b678-1e783b3b407a/userFiles-5f3df024-91e8-430b-b1c7-0e70738b6463/org.apache.iceberg_iceberg-spark-runtime-3.5_2.12-1.6.1.jar
[2026-04-12T19:14:50.094+0000] {subprocess.py:106} INFO - 26/04/12 19:14:50 INFO SparkContext: Added file file:///home/***/.ivy2/jars/org.projectnessie.nessie-integrations_nessie-spark-extensions-3.5_2.12-0.95.0.jar at spark://b4737cc55adb:41147/files/org.projectnessie.nessie-integrations_nessie-spark-extensions-3.5_2.12-0.95.0.jar with timestamp 1776021287612
[2026-04-12T19:14:50.095+0000] {subprocess.py:106} INFO - 26/04/12 19:14:50 INFO Utils: Copying /home/***/.ivy2/jars/org.projectnessie.nessie-integrations_nessie-spark-extensions-3.5_2.12-0.95.0.jar to /tmp/spark-816d5c7e-7b2f-40c7-b678-1e783b3b407a/userFiles-5f3df024-91e8-430b-b1c7-0e70738b6463/org.projectnessie.nessie-integrations_nessie-spark-extensions-3.5_2.12-0.95.0.jar
[2026-04-12T19:14:50.110+0000] {subprocess.py:106} INFO - 26/04/12 19:14:50 INFO SparkContext: Added file file:///home/***/.ivy2/jars/org.apache.hadoop_hadoop-aws-3.3.4.jar at spark://b4737cc55adb:41147/files/org.apache.hadoop_hadoop-aws-3.3.4.jar with timestamp 1776021287612
[2026-04-12T19:14:50.112+0000] {subprocess.py:106} INFO - 26/04/12 19:14:50 INFO Utils: Copying /home/***/.ivy2/jars/org.apache.hadoop_hadoop-aws-3.3.4.jar to /tmp/spark-816d5c7e-7b2f-40c7-b678-1e783b3b407a/userFiles-5f3df024-91e8-430b-b1c7-0e70738b6463/org.apache.hadoop_hadoop-aws-3.3.4.jar
[2026-04-12T19:14:50.122+0000] {subprocess.py:106} INFO - 26/04/12 19:14:50 INFO SparkContext: Added file file:///home/***/.ivy2/jars/com.amazonaws_aws-java-sdk-bundle-1.12.262.jar at spark://b4737cc55adb:41147/files/com.amazonaws_aws-java-sdk-bundle-1.12.262.jar with timestamp 1776021287612
[2026-04-12T19:14:50.123+0000] {subprocess.py:106} INFO - 26/04/12 19:14:50 INFO Utils: Copying /home/***/.ivy2/jars/com.amazonaws_aws-java-sdk-bundle-1.12.262.jar to /tmp/spark-816d5c7e-7b2f-40c7-b678-1e783b3b407a/userFiles-5f3df024-91e8-430b-b1c7-0e70738b6463/com.amazonaws_aws-java-sdk-bundle-1.12.262.jar
[2026-04-12T19:14:50.492+0000] {subprocess.py:106} INFO - 26/04/12 19:14:50 INFO SparkContext: Added file file:///home/***/.ivy2/jars/org.wildfly.openssl_wildfly-openssl-1.0.7.Final.jar at spark://b4737cc55adb:41147/files/org.wildfly.openssl_wildfly-openssl-1.0.7.Final.jar with timestamp 1776021287612
[2026-04-12T19:14:50.497+0000] {subprocess.py:106} INFO - 26/04/12 19:14:50 INFO Utils: Copying /home/***/.ivy2/jars/org.wildfly.openssl_wildfly-openssl-1.0.7.Final.jar to /tmp/spark-816d5c7e-7b2f-40c7-b678-1e783b3b407a/userFiles-5f3df024-91e8-430b-b1c7-0e70738b6463/org.wildfly.openssl_wildfly-openssl-1.0.7.Final.jar
[2026-04-12T19:14:50.645+0000] {subprocess.py:106} INFO - 26/04/12 19:14:50 INFO StandaloneAppClient$ClientEndpoint: Connecting to master spark://spark-master:7077...
[2026-04-12T19:14:50.709+0000] {subprocess.py:106} INFO - 26/04/12 19:14:50 INFO TransportClientFactory: Successfully created connection to spark-master/172.18.0.7:7077 after 38 ms (0 ms spent in bootstraps)
[2026-04-12T19:14:50.845+0000] {subprocess.py:106} INFO - 26/04/12 19:14:50 INFO StandaloneSchedulerBackend: Connected to Spark cluster with app ID app-20260412191450-0005
[2026-04-12T19:14:50.858+0000] {subprocess.py:106} INFO - 26/04/12 19:14:50 INFO Utils: Successfully started service 'org.apache.spark.network.netty.NettyBlockTransferService' on port 33803.
[2026-04-12T19:14:50.862+0000] {subprocess.py:106} INFO - 26/04/12 19:14:50 INFO NettyBlockTransferService: Server created on b4737cc55adb 0.0.0.0:33803
[2026-04-12T19:14:50.864+0000] {subprocess.py:106} INFO - 26/04/12 19:14:50 INFO BlockManager: Using org.apache.spark.storage.RandomBlockReplicationPolicy for block replication policy
[2026-04-12T19:14:50.870+0000] {subprocess.py:106} INFO - 26/04/12 19:14:50 INFO BlockManagerMaster: Registering BlockManager BlockManagerId(driver, b4737cc55adb, 33803, None)
[2026-04-12T19:14:50.875+0000] {subprocess.py:106} INFO - 26/04/12 19:14:50 INFO BlockManagerMasterEndpoint: Registering block manager b4737cc55adb:33803 with 434.4 MiB RAM, BlockManagerId(driver, b4737cc55adb, 33803, None)
[2026-04-12T19:14:50.878+0000] {subprocess.py:106} INFO - 26/04/12 19:14:50 INFO BlockManagerMaster: Registered BlockManager BlockManagerId(driver, b4737cc55adb, 33803, None)
[2026-04-12T19:14:50.879+0000] {subprocess.py:106} INFO - 26/04/12 19:14:50 INFO BlockManager: Initialized BlockManager: BlockManagerId(driver, b4737cc55adb, 33803, None)
[2026-04-12T19:14:51.055+0000] {subprocess.py:106} INFO - 26/04/12 19:14:51 INFO StandaloneSchedulerBackend: SchedulerBackend is ready for scheduling beginning after reached minRegisteredResourcesRatio: 0.0
[2026-04-12T19:14:51.273+0000] {subprocess.py:106} INFO - 2026-04-12 19:14:51,273 INFO Spark version: 3.5.5
[2026-04-12T19:14:51.283+0000] {subprocess.py:106} INFO - 26/04/12 19:14:51 INFO SharedState: Setting hive.metastore.warehouse.dir ('null') to the value of spark.sql.warehouse.dir.
[2026-04-12T19:14:51.286+0000] {subprocess.py:106} INFO - 26/04/12 19:14:51 INFO SharedState: Warehouse path is 'file:/tmp/***tmpn1bmyytz/spark-warehouse'.
[2026-04-12T19:14:52.996+0000] {subprocess.py:106} INFO - 26/04/12 19:14:52 INFO CatalogUtil: Loading custom FileIO implementation: org.apache.iceberg.hadoop.HadoopFileIO
[2026-04-12T19:14:55.011+0000] {subprocess.py:106} INFO - 2026-04-12 19:14:55,010 INFO Namespace 'nessie.gold' listo.
[2026-04-12T19:14:55.012+0000] {subprocess.py:106} INFO - 2026-04-12 19:14:55,010 INFO
[2026-04-12T19:14:55.013+0000] {subprocess.py:106} INFO - [★] cant_post_x_user_hist
[2026-04-12T19:14:55.406+0000] {subprocess.py:106} INFO - 26/04/12 19:14:55 INFO BaseMetastoreTableOperations: Refreshing table metadata from new version: s3a://iceberg/silver/users_hist_29ea4f81-25a2-4974-a1d5-7fcae2b69ddf/metadata/00001-44082ac1-df47-43e7-a26d-675a1c3d6f3c.gz.metadata.json
[2026-04-12T19:14:55.599+0000] {subprocess.py:106} INFO - 26/04/12 19:14:55 WARN MetricsConfig: Cannot locate configuration: tried hadoop-metrics2-s3a-file-system.properties,hadoop-metrics2.properties
[2026-04-12T19:14:55.622+0000] {subprocess.py:106} INFO - 26/04/12 19:14:55 INFO MetricsSystemImpl: Scheduled Metric snapshot period at 10 second(s).
[2026-04-12T19:14:55.626+0000] {subprocess.py:106} INFO - 26/04/12 19:14:55 INFO MetricsSystemImpl: s3a-file-system metrics system started
[2026-04-12T19:14:56.962+0000] {subprocess.py:106} INFO - 26/04/12 19:14:56 INFO NessieUtil: loadTableMetadata for 'silver.users_hist' from location 's3a://iceberg/silver/users_hist_29ea4f81-25a2-4974-a1d5-7fcae2b69ddf/metadata/00001-44082ac1-df47-43e7-a26d-675a1c3d6f3c.gz.metadata.json' at 'Branch{name=main, metadata=null, hash=4671588d21238cc077997373018e439e2584b607593244a07253cb74d533f448}'
[2026-04-12T19:14:56.971+0000] {subprocess.py:106} INFO - 26/04/12 19:14:56 INFO BaseMetastoreCatalog: Table loaded by catalog: nessie.silver.users_hist
[2026-04-12T19:14:57.158+0000] {subprocess.py:106} INFO - Traceback (most recent call last):
[2026-04-12T19:14:57.161+0000] {subprocess.py:106} INFO -   File "/opt/***/scripts/gold_agg.py", line 306, in <module>
[2026-04-12T19:14:57.164+0000] {subprocess.py:106} INFO -     main()
[2026-04-12T19:14:57.169+0000] {subprocess.py:106} INFO -   File "/opt/***/scripts/gold_agg.py", line 293, in main
[2026-04-12T19:14:57.190+0000] {subprocess.py:106} INFO -     total = build_cant_post_x_user_hist(spark)
[2026-04-12T19:14:57.191+0000] {subprocess.py:106} INFO -             ^^^^^^^^^^^^^^^^^^^^^^^^^^^^^^^^^^
[2026-04-12T19:14:57.192+0000] {subprocess.py:106} INFO -   File "/opt/***/scripts/gold_agg.py", line 119, in build_cant_post_x_user_hist
[2026-04-12T19:14:57.193+0000] {subprocess.py:106} INFO -     df = spark.sql(f"""
[2026-04-12T19:14:57.194+0000] {subprocess.py:106} INFO -          ^^^^^^^^^^^^^^
[2026-04-12T19:14:57.195+0000] {subprocess.py:106} INFO -   File "/opt/spark/python/lib/pyspark.zip/pyspark/sql/session.py", line 1631, in sql
[2026-04-12T19:14:57.196+0000] {subprocess.py:106} INFO -   File "/opt/spark/python/lib/py4j-0.10.9.7-src.zip/py4j/java_gateway.py", line 1322, in __call__
[2026-04-12T19:14:57.197+0000] {subprocess.py:106} INFO -   File "/opt/spark/python/lib/pyspark.zip/pyspark/errors/exceptions/captured.py", line 185, in deco
[2026-04-12T19:14:57.207+0000] {subprocess.py:106} INFO - pyspark.errors.exceptions.captured.AnalysisException: [TABLE_OR_VIEW_NOT_FOUND] The table or view `nessie`.`silver`.`post_hist` cannot be found. Verify the spelling and correctness of the schema and catalog.
[2026-04-12T19:14:57.208+0000] {subprocess.py:106} INFO - If you did not qualify the name with a schema, verify the current_schema() output, or qualify the name with the correct schema and catalog.
[2026-04-12T19:14:57.209+0000] {subprocess.py:106} INFO - To tolerate the error on drop use DROP VIEW IF EXISTS or DROP TABLE IF EXISTS.; line 17 pos 13;
[2026-04-12T19:14:57.210+0000] {subprocess.py:106} INFO - 'Aggregate ['p.OwnerUserId, 'u.DisplayName, 'p.anio, 'p.PostTypeId], ['p.OwnerUserId AS user_id#0, 'COALESCE('u.DisplayName, Unknown) AS display_name#1, 'p.anio AS anio#2, 'p.PostTypeId AS post_type_id#3, CASE WHEN ('p.PostTypeId = 1) THEN Question WHEN ('p.PostTypeId = 2) THEN Answer ELSE Other END AS post_type#4, 'COUNT('p.Id) AS cant_posts#5, 'COALESCE('SUM('p.Score), 0) AS total_score#6, 'ROUND('AVG('p.Score), 2) AS avg_score#7, 'COALESCE('SUM('p.ViewCount), 0) AS total_views#8, cast(2026-04-12 19:14:46 as timestamp) AS fecha_cargue#9]
[2026-04-12T19:14:57.211+0000] {subprocess.py:106} INFO - +- 'Filter isnotnull('p.OwnerUserId)
[2026-04-12T19:14:57.212+0000] {subprocess.py:106} INFO -    +- 'Join LeftOuter, ('p.OwnerUserId = 'u.Id)
[2026-04-12T19:14:57.213+0000] {subprocess.py:106} INFO -       :- 'SubqueryAlias p
[2026-04-12T19:14:57.214+0000] {subprocess.py:106} INFO -       :  +- 'UnresolvedRelation [nessie, silver, post_hist], [], false
[2026-04-12T19:14:57.215+0000] {subprocess.py:106} INFO -       +- SubqueryAlias u
[2026-04-12T19:14:57.216+0000] {subprocess.py:106} INFO -          +- SubqueryAlias nessie.silver.users_hist
[2026-04-12T19:14:57.217+0000] {subprocess.py:106} INFO -             +- RelationV2[Id#10L, Reputation#11L, creation_date#12, DisplayName#13, LastAccessDate#14, Views#15L, UpVotes#16L, DownVotes#17L, location#18, AccountId#19L, anio#20, fecha_cargue#21, fuente#22] nessie.silver.users_hist nessie.silver.users_hist
[2026-04-12T19:14:57.218+0000] {subprocess.py:106} INFO - 
[2026-04-12T19:14:57.219+0000] {subprocess.py:106} INFO - 2026-04-12 19:14:57,207 INFO Closing down clientserver connection
[2026-04-12T19:14:57.256+0000] {subprocess.py:106} INFO - 26/04/12 19:14:57 INFO SparkContext: Invoking stop() from shutdown hook
[2026-04-12T19:14:57.257+0000] {subprocess.py:106} INFO - 26/04/12 19:14:57 INFO SparkContext: SparkContext is stopping with exitCode 0.
[2026-04-12T19:14:57.270+0000] {subprocess.py:106} INFO - 26/04/12 19:14:57 INFO SparkUI: Stopped Spark web UI at http://b4737cc55adb:4040
[2026-04-12T19:14:57.274+0000] {subprocess.py:106} INFO - 26/04/12 19:14:57 INFO StandaloneSchedulerBackend: Shutting down all executors
[2026-04-12T19:14:57.279+0000] {subprocess.py:106} INFO - 26/04/12 19:14:57 INFO StandaloneSchedulerBackend$StandaloneDriverEndpoint: Asking each executor to shut down
[2026-04-12T19:14:57.300+0000] {subprocess.py:106} INFO - 26/04/12 19:14:57 INFO MapOutputTrackerMasterEndpoint: MapOutputTrackerMasterEndpoint stopped!
[2026-04-12T19:14:57.323+0000] {subprocess.py:106} INFO - 26/04/12 19:14:57 INFO MemoryStore: MemoryStore cleared
[2026-04-12T19:14:57.324+0000] {subprocess.py:106} INFO - 26/04/12 19:14:57 INFO BlockManager: BlockManager stopped
[2026-04-12T19:14:57.333+0000] {subprocess.py:106} INFO - 26/04/12 19:14:57 INFO BlockManagerMaster: BlockManagerMaster stopped
[2026-04-12T19:14:57.338+0000] {subprocess.py:106} INFO - 26/04/12 19:14:57 INFO OutputCommitCoordinator$OutputCommitCoordinatorEndpoint: OutputCommitCoordinator stopped!
[2026-04-12T19:14:57.396+0000] {subprocess.py:106} INFO - 26/04/12 19:14:57 INFO SparkContext: Successfully stopped SparkContext
[2026-04-12T19:14:57.397+0000] {subprocess.py:106} INFO - 26/04/12 19:14:57 INFO ShutdownHookManager: Shutdown hook called
[2026-04-12T19:14:57.399+0000] {subprocess.py:106} INFO - 26/04/12 19:14:57 INFO ShutdownHookManager: Deleting directory /tmp/spark-816d5c7e-7b2f-40c7-b678-1e783b3b407a/pyspark-6a4e8413-0c4a-4bad-9e95-d42e2ee73060
[2026-04-12T19:14:57.403+0000] {subprocess.py:106} INFO - 26/04/12 19:14:57 INFO ShutdownHookManager: Deleting directory /tmp/spark-ab9a0609-9695-465b-a244-e77eded47490
[2026-04-12T19:14:57.408+0000] {subprocess.py:106} INFO - 26/04/12 19:14:57 INFO ShutdownHookManager: Deleting directory /tmp/spark-816d5c7e-7b2f-40c7-b678-1e783b3b407a
[2026-04-12T19:14:57.416+0000] {subprocess.py:106} INFO - 26/04/12 19:14:57 INFO MetricsSystemImpl: Stopping s3a-file-system metrics system...
[2026-04-12T19:14:57.418+0000] {subprocess.py:106} INFO - 26/04/12 19:14:57 INFO MetricsSystemImpl: s3a-file-system metrics system stopped.
[2026-04-12T19:14:57.419+0000] {subprocess.py:106} INFO - 26/04/12 19:14:57 INFO MetricsSystemImpl: s3a-file-system metrics system shutdown complete.
[2026-04-12T19:14:57.799+0000] {subprocess.py:110} INFO - Command exited with return code 1
[2026-04-12T19:14:57.819+0000] {taskinstance.py:3311} ERROR - Task failed with exception
Traceback (most recent call last):
  File "/home/airflow/.local/lib/python3.12/site-packages/airflow/models/taskinstance.py", line 762, in _execute_task
    result = _execute_callable(context=context, **execute_callable_kwargs)
             ^^^^^^^^^^^^^^^^^^^^^^^^^^^^^^^^^^^^^^^^^^^^^^^^^^^^^^^^^^^^^
  File "/home/airflow/.local/lib/python3.12/site-packages/airflow/models/taskinstance.py", line 733, in _execute_callable
    return ExecutionCallableRunner(
           ^^^^^^^^^^^^^^^^^^^^^^^^
  File "/home/airflow/.local/lib/python3.12/site-packages/airflow/utils/operator_helpers.py", line 252, in run
    return self.func(*args, **kwargs)
           ^^^^^^^^^^^^^^^^^^^^^^^^^^
  File "/home/airflow/.local/lib/python3.12/site-packages/airflow/models/baseoperator.py", line 417, in wrapper
    return func(self, *args, **kwargs)
           ^^^^^^^^^^^^^^^^^^^^^^^^^^^
  File "/home/airflow/.local/lib/python3.12/site-packages/airflow/operators/bash.py", line 276, in execute
    raise AirflowException(
airflow.exceptions.AirflowException: Bash command failed. The command returned a non-zero exit code 1.
[2026-04-12T19:14:57.833+0000] {taskinstance.py:1225} INFO - Marking task as UP_FOR_RETRY. dag_id=stackoverflow_pipeline, task_id=gold_agg, run_id=manual__2026-04-12T19:08:38+00:00, execution_date=20260412T190838, start_date=20260412T191434, end_date=20260412T191457
[2026-04-12T19:14:57.861+0000] {taskinstance.py:340} INFO - ::group::Post task execution logs
[2026-04-12T19:14:57.863+0000] {standard_task_runner.py:124} ERROR - Failed to execute job 18 for task gold_agg (Bash command failed. The command returned a non-zero exit code 1.; 2062)
Traceback (most recent call last):
  File "/home/airflow/.local/lib/python3.12/site-packages/airflow/task/task_runner/standard_task_runner.py", line 117, in _start_by_fork
    ret = args.func(args, dag=self.dag)
          ^^^^^^^^^^^^^^^^^^^^^^^^^^^^^
  File "/home/airflow/.local/lib/python3.12/site-packages/airflow/cli/cli_config.py", line 49, in command
    return func(*args, **kwargs)
           ^^^^^^^^^^^^^^^^^^^^^
  File "/home/airflow/.local/lib/python3.12/site-packages/airflow/utils/cli.py", line 116, in wrapper
    return f(*args, **kwargs)
           ^^^^^^^^^^^^^^^^^^
  File "/home/airflow/.local/lib/python3.12/site-packages/airflow/cli/commands/task_command.py", line 483, in task_run
    task_return_code = _run_task_by_selected_method(args, _dag, ti)
                       ^^^^^^^^^^^^^^^^^^^^^^^^^^^^^^^^^^^^^^^^^^^^
  File "/home/airflow/.local/lib/python3.12/site-packages/airflow/cli/commands/task_command.py", line 256, in _run_task_by_selected_method
    return _run_raw_task(args, ti)
           ^^^^^^^^^^^^^^^^^^^^^^^
  File "/home/airflow/.local/lib/python3.12/site-packages/airflow/cli/commands/task_command.py", line 341, in _run_raw_task
    return ti._run_raw_task(
           ^^^^^^^^^^^^^^^^^
  File "/home/airflow/.local/lib/python3.12/site-packages/airflow/utils/session.py", line 97, in wrapper
    return func(*args, session=session, **kwargs)
           ^^^^^^^^^^^^^^^^^^^^^^^^^^^^^^^^^^^^^^
  File "/home/airflow/.local/lib/python3.12/site-packages/airflow/models/taskinstance.py", line 3005, in _run_raw_task
    return _run_raw_task(
           ^^^^^^^^^^^^^^
  File "/home/airflow/.local/lib/python3.12/site-packages/airflow/models/taskinstance.py", line 273, in _run_raw_task
    TaskInstance._execute_task_with_callbacks(
  File "/home/airflow/.local/lib/python3.12/site-packages/airflow/models/taskinstance.py", line 3159, in _execute_task_with_callbacks
    result = self._execute_task(context, task_orig)
             ^^^^^^^^^^^^^^^^^^^^^^^^^^^^^^^^^^^^^^
  File "/home/airflow/.local/lib/python3.12/site-packages/airflow/models/taskinstance.py", line 3183, in _execute_task
    return _execute_task(self, context, task_orig)
           ^^^^^^^^^^^^^^^^^^^^^^^^^^^^^^^^^^^^^^^
  File "/home/airflow/.local/lib/python3.12/site-packages/airflow/models/taskinstance.py", line 762, in _execute_task
    result = _execute_callable(context=context, **execute_callable_kwargs)
             ^^^^^^^^^^^^^^^^^^^^^^^^^^^^^^^^^^^^^^^^^^^^^^^^^^^^^^^^^^^^^
  File "/home/airflow/.local/lib/python3.12/site-packages/airflow/models/taskinstance.py", line 733, in _execute_callable
    return ExecutionCallableRunner(
           ^^^^^^^^^^^^^^^^^^^^^^^^
  File "/home/airflow/.local/lib/python3.12/site-packages/airflow/utils/operator_helpers.py", line 252, in run
    return self.func(*args, **kwargs)
           ^^^^^^^^^^^^^^^^^^^^^^^^^^
  File "/home/airflow/.local/lib/python3.12/site-packages/airflow/models/baseoperator.py", line 417, in wrapper
    return func(self, *args, **kwargs)
           ^^^^^^^^^^^^^^^^^^^^^^^^^^^
  File "/home/airflow/.local/lib/python3.12/site-packages/airflow/operators/bash.py", line 276, in execute
    raise AirflowException(
airflow.exceptions.AirflowException: Bash command failed. The command returned a non-zero exit code 1.
[2026-04-12T19:14:57.901+0000] {local_task_job_runner.py:266} INFO - Task exited with return code 1
[2026-04-12T19:14:57.937+0000] {taskinstance.py:3895} INFO - 0 downstream tasks scheduled from follow-on schedule check
[2026-04-12T19:14:57.941+0000] {local_task_job_runner.py:245} INFO - ::endgroup::
