[2026-04-12T19:15:17.508+0000] {local_task_job_runner.py:123} INFO - ::group::Pre task execution logs
[2026-04-12T19:15:17.528+0000] {taskinstance.py:2613} INFO - Dependencies all met for dep_context=non-requeueable deps ti=<TaskInstance: stackoverflow_pipeline.gold_agg manual__2026-04-12T19:14:14+00:00 [queued]>
[2026-04-12T19:15:17.538+0000] {taskinstance.py:2613} INFO - Dependencies all met for dep_context=requeueable deps ti=<TaskInstance: stackoverflow_pipeline.gold_agg manual__2026-04-12T19:14:14+00:00 [queued]>
[2026-04-12T19:15:17.539+0000] {taskinstance.py:2866} INFO - Starting attempt 1 of 2
[2026-04-12T19:15:17.553+0000] {taskinstance.py:2889} INFO - Executing <Task(BashOperator): gold_agg> on 2026-04-12 19:14:14+00:00
[2026-04-12T19:15:17.559+0000] {warnings.py:112} WARNING - /home/***/.local/lib/python3.12/site-packages/***/task/task_runner/standard_task_runner.py:70: DeprecationWarning: This process (pid=2536) is multi-threaded, use of fork() may lead to deadlocks in the child.
  pid = os.fork()

[2026-04-12T19:15:17.561+0000] {standard_task_runner.py:104} INFO - Running: ['***', 'tasks', 'run', 'stackoverflow_pipeline', 'gold_agg', 'manual__2026-04-12T19:14:14+00:00', '--job-id', '19', '--raw', '--subdir', 'DAGS_FOLDER/stackoverflow_pipeline.py', '--cfg-path', '/tmp/tmppc4j05km']
[2026-04-12T19:15:17.562+0000] {standard_task_runner.py:72} INFO - Started process 2537 to run task
[2026-04-12T19:15:17.562+0000] {standard_task_runner.py:105} INFO - Job 19: Subtask gold_agg
[2026-04-12T19:15:17.618+0000] {task_command.py:467} INFO - Running <TaskInstance: stackoverflow_pipeline.gold_agg manual__2026-04-12T19:14:14+00:00 [running]> on host b4737cc55adb
[2026-04-12T19:15:17.697+0000] {taskinstance.py:3132} INFO - Exporting env vars: AIRFLOW_CTX_DAG_OWNER='fhbd-grupo' AIRFLOW_CTX_DAG_ID='stackoverflow_pipeline' AIRFLOW_CTX_TASK_ID='gold_agg' AIRFLOW_CTX_EXECUTION_DATE='2026-04-12T19:14:14+00:00' AIRFLOW_CTX_TRY_NUMBER='1' AIRFLOW_CTX_DAG_RUN_ID='manual__2026-04-12T19:14:14+00:00'
[2026-04-12T19:15:17.699+0000] {taskinstance.py:731} INFO - ::endgroup::
[2026-04-12T19:15:17.715+0000] {subprocess.py:78} INFO - Tmp dir root location: /tmp
[2026-04-12T19:15:17.716+0000] {subprocess.py:88} INFO - Running command: ['/usr/bin/bash', '-c', '/opt/spark/bin/spark-submit --master spark://spark-master:7077 --conf spark.submit.deployMode=client --conf spark.driver.bindAddress=0.0.0.0 --conf spark.executor.instances=1 --conf spark.executor.cores=2 --conf spark.executor.memory=2g --conf spark.driver.memory=1g --conf spark.sql.extensions=org.apache.iceberg.spark.extensions.IcebergSparkSessionExtensions,org.projectnessie.spark.extensions.NessieSparkSessionExtensions --conf spark.sql.catalog.nessie=org.apache.iceberg.spark.SparkCatalog --conf spark.sql.catalog.nessie.catalog-impl=org.apache.iceberg.nessie.NessieCatalog --conf spark.sql.catalog.nessie.uri=http://proyecto2-nessie:19120/api/v1 --conf spark.sql.catalog.nessie.ref=main --conf spark.sql.catalog.nessie.authentication.type=NONE --conf spark.sql.catalog.nessie.warehouse=s3a://iceberg/ --conf spark.hadoop.fs.s3a.endpoint=http://proyecto2-minio:9000 --conf spark.hadoop.fs.s3a.access.key=minioadmin --conf spark.hadoop.fs.s3a.secret.key=minioadmin123 --conf spark.hadoop.fs.s3a.path.style.access=true --conf spark.hadoop.fs.s3a.impl=org.apache.hadoop.fs.s3a.S3AFileSystem --conf spark.hadoop.fs.s3a.aws.credentials.provider=org.apache.hadoop.fs.s3a.SimpleAWSCredentialsProvider --conf spark.hadoop.fs.s3a.connection.ssl.enabled=false --packages org.apache.iceberg:iceberg-spark-runtime-3.5_2.12:1.6.1,org.projectnessie.nessie-integrations:nessie-spark-extensions-3.5_2.12:0.95.0,org.apache.hadoop:hadoop-aws:3.3.4,com.amazonaws:aws-java-sdk-bundle:1.12.262 --name gold_cant_post_x_user_hist --verbose /opt/***/scripts/gold_agg.py']
[2026-04-12T19:15:17.728+0000] {subprocess.py:99} INFO - Output:
[2026-04-12T19:15:17.736+0000] {subprocess.py:106} INFO - /opt/spark/bin/load-spark-env.sh: line 68: ps: command not found
[2026-04-12T19:15:18.920+0000] {subprocess.py:106} INFO - Using properties file: null
[2026-04-12T19:15:19.031+0000] {subprocess.py:106} INFO - Parsed arguments:
[2026-04-12T19:15:19.032+0000] {subprocess.py:106} INFO -   master                  spark://spark-master:7077
[2026-04-12T19:15:19.033+0000] {subprocess.py:106} INFO -   remote                  null
[2026-04-12T19:15:19.034+0000] {subprocess.py:106} INFO -   deployMode              client
[2026-04-12T19:15:19.034+0000] {subprocess.py:106} INFO -   executorMemory          2g
[2026-04-12T19:15:19.035+0000] {subprocess.py:106} INFO -   executorCores           2
[2026-04-12T19:15:19.036+0000] {subprocess.py:106} INFO -   totalExecutorCores      null
[2026-04-12T19:15:19.037+0000] {subprocess.py:106} INFO -   propertiesFile          null
[2026-04-12T19:15:19.038+0000] {subprocess.py:106} INFO -   driverMemory            1g
[2026-04-12T19:15:19.039+0000] {subprocess.py:106} INFO -   driverCores             null
[2026-04-12T19:15:19.039+0000] {subprocess.py:106} INFO -   driverExtraClassPath    null
[2026-04-12T19:15:19.040+0000] {subprocess.py:106} INFO -   driverExtraLibraryPath  null
[2026-04-12T19:15:19.045+0000] {subprocess.py:106} INFO -   driverExtraJavaOptions  null
[2026-04-12T19:15:19.049+0000] {subprocess.py:106} INFO -   supervise               false
[2026-04-12T19:15:19.050+0000] {subprocess.py:106} INFO -   queue                   null
[2026-04-12T19:15:19.052+0000] {subprocess.py:106} INFO -   numExecutors            1
[2026-04-12T19:15:19.053+0000] {subprocess.py:106} INFO -   files                   null
[2026-04-12T19:15:19.054+0000] {subprocess.py:106} INFO -   pyFiles                 null
[2026-04-12T19:15:19.055+0000] {subprocess.py:106} INFO -   archives                null
[2026-04-12T19:15:19.056+0000] {subprocess.py:106} INFO -   mainClass               null
[2026-04-12T19:15:19.057+0000] {subprocess.py:106} INFO -   primaryResource         file:/opt/***/scripts/gold_agg.py
[2026-04-12T19:15:19.059+0000] {subprocess.py:106} INFO -   name                    gold_cant_post_x_user_hist
[2026-04-12T19:15:19.060+0000] {subprocess.py:106} INFO -   childArgs               []
[2026-04-12T19:15:19.060+0000] {subprocess.py:106} INFO -   jars                    null
[2026-04-12T19:15:19.062+0000] {subprocess.py:106} INFO -   packages                org.apache.iceberg:iceberg-spark-runtime-3.5_2.12:1.6.1,org.projectnessie.nessie-integrations:nessie-spark-extensions-3.5_2.12:0.95.0,org.apache.hadoop:hadoop-aws:3.3.4,com.amazonaws:aws-java-sdk-bundle:1.12.262
[2026-04-12T19:15:19.062+0000] {subprocess.py:106} INFO -   packagesExclusions      null
[2026-04-12T19:15:19.063+0000] {subprocess.py:106} INFO -   repositories            null
[2026-04-12T19:15:19.064+0000] {subprocess.py:106} INFO -   verbose                 true
[2026-04-12T19:15:19.064+0000] {subprocess.py:106} INFO - 
[2026-04-12T19:15:19.065+0000] {subprocess.py:106} INFO - Spark properties used, including those specified through
[2026-04-12T19:15:19.065+0000] {subprocess.py:106} INFO -  --conf and those from the properties file null:
[2026-04-12T19:15:19.066+0000] {subprocess.py:106} INFO -   (spark.driver.bindAddress,0.0.0.0)
[2026-04-12T19:15:19.066+0000] {subprocess.py:106} INFO -   (spark.driver.memory,1g)
[2026-04-12T19:15:19.067+0000] {subprocess.py:106} INFO -   (spark.executor.cores,2)
[2026-04-12T19:15:19.067+0000] {subprocess.py:106} INFO -   (spark.executor.instances,1)
[2026-04-12T19:15:19.068+0000] {subprocess.py:106} INFO -   (spark.executor.memory,2g)
[2026-04-12T19:15:19.068+0000] {subprocess.py:106} INFO -   (spark.hadoop.fs.s3a.access.key,*********(redacted))
[2026-04-12T19:15:19.068+0000] {subprocess.py:106} INFO -   (spark.hadoop.fs.s3a.aws.credentials.provider,org.apache.hadoop.fs.s3a.SimpleAWSCredentialsProvider)
[2026-04-12T19:15:19.069+0000] {subprocess.py:106} INFO -   (spark.hadoop.fs.s3a.connection.ssl.enabled,false)
[2026-04-12T19:15:19.070+0000] {subprocess.py:106} INFO -   (spark.hadoop.fs.s3a.endpoint,http://proyecto2-minio:9000)
[2026-04-12T19:15:19.071+0000] {subprocess.py:106} INFO -   (spark.hadoop.fs.s3a.impl,org.apache.hadoop.fs.s3a.S3AFileSystem)
[2026-04-12T19:15:19.072+0000] {subprocess.py:106} INFO -   (spark.hadoop.fs.s3a.path.style.access,true)
[2026-04-12T19:15:19.073+0000] {subprocess.py:106} INFO -   (spark.hadoop.fs.s3a.secret.key,*********(redacted))
[2026-04-12T19:15:19.074+0000] {subprocess.py:106} INFO -   (spark.sql.catalog.nessie,org.apache.iceberg.spark.SparkCatalog)
[2026-04-12T19:15:19.075+0000] {subprocess.py:106} INFO -   (spark.sql.catalog.nessie.authentication.type,NONE)
[2026-04-12T19:15:19.076+0000] {subprocess.py:106} INFO -   (spark.sql.catalog.nessie.catalog-impl,org.apache.iceberg.nessie.NessieCatalog)
[2026-04-12T19:15:19.076+0000] {subprocess.py:106} INFO -   (spark.sql.catalog.nessie.ref,main)
[2026-04-12T19:15:19.077+0000] {subprocess.py:106} INFO -   (spark.sql.catalog.nessie.uri,http://proyecto2-nessie:19120/api/v1)
[2026-04-12T19:15:19.077+0000] {subprocess.py:106} INFO -   (spark.sql.catalog.nessie.warehouse,s3a://iceberg/)
[2026-04-12T19:15:19.077+0000] {subprocess.py:106} INFO -   (spark.sql.extensions,org.apache.iceberg.spark.extensions.IcebergSparkSessionExtensions,org.projectnessie.spark.extensions.NessieSparkSessionExtensions)
[2026-04-12T19:15:19.078+0000] {subprocess.py:106} INFO -   (spark.submit.deployMode,client)
[2026-04-12T19:15:19.078+0000] {subprocess.py:106} INFO - 
[2026-04-12T19:15:19.079+0000] {subprocess.py:106} INFO - 
[2026-04-12T19:15:19.164+0000] {subprocess.py:106} INFO - :: loading settings :: url = jar:file:/opt/spark/jars/ivy-2.5.1.jar!/org/apache/ivy/core/settings/ivysettings.xml
[2026-04-12T19:15:19.220+0000] {subprocess.py:106} INFO - Ivy Default Cache set to: /home/***/.ivy2/cache
[2026-04-12T19:15:19.221+0000] {subprocess.py:106} INFO - The jars for the packages stored in: /home/***/.ivy2/jars
[2026-04-12T19:15:19.226+0000] {subprocess.py:106} INFO - org.apache.iceberg#iceberg-spark-runtime-3.5_2.12 added as a dependency
[2026-04-12T19:15:19.227+0000] {subprocess.py:106} INFO - org.projectnessie.nessie-integrations#nessie-spark-extensions-3.5_2.12 added as a dependency
[2026-04-12T19:15:19.227+0000] {subprocess.py:106} INFO - org.apache.hadoop#hadoop-aws added as a dependency
[2026-04-12T19:15:19.228+0000] {subprocess.py:106} INFO - com.amazonaws#aws-java-sdk-bundle added as a dependency
[2026-04-12T19:15:19.228+0000] {subprocess.py:106} INFO - :: resolving dependencies :: org.apache.spark#spark-submit-parent-b4fa7933-b22e-485a-b477-45e526e8f311;1.0
[2026-04-12T19:15:19.229+0000] {subprocess.py:106} INFO - 	confs: [default]
[2026-04-12T19:15:19.348+0000] {subprocess.py:106} INFO - 	found org.apache.iceberg#iceberg-spark-runtime-3.5_2.12;1.6.1 in central
[2026-04-12T19:15:19.367+0000] {subprocess.py:106} INFO - 	found org.projectnessie.nessie-integrations#nessie-spark-extensions-3.5_2.12;0.95.0 in central
[2026-04-12T19:15:19.412+0000] {subprocess.py:106} INFO - 	found org.apache.hadoop#hadoop-aws;3.3.4 in central
[2026-04-12T19:15:19.429+0000] {subprocess.py:106} INFO - 	found com.amazonaws#aws-java-sdk-bundle;1.12.262 in central
[2026-04-12T19:15:19.447+0000] {subprocess.py:106} INFO - 	found org.wildfly.openssl#wildfly-openssl;1.0.7.Final in central
[2026-04-12T19:15:19.468+0000] {subprocess.py:106} INFO - :: resolution report :: resolve 229ms :: artifacts dl 11ms
[2026-04-12T19:15:19.469+0000] {subprocess.py:106} INFO - 	:: modules in use:
[2026-04-12T19:15:19.470+0000] {subprocess.py:106} INFO - 	com.amazonaws#aws-java-sdk-bundle;1.12.262 from central in [default]
[2026-04-12T19:15:19.471+0000] {subprocess.py:106} INFO - 	org.apache.hadoop#hadoop-aws;3.3.4 from central in [default]
[2026-04-12T19:15:19.472+0000] {subprocess.py:106} INFO - 	org.apache.iceberg#iceberg-spark-runtime-3.5_2.12;1.6.1 from central in [default]
[2026-04-12T19:15:19.473+0000] {subprocess.py:106} INFO - 	org.projectnessie.nessie-integrations#nessie-spark-extensions-3.5_2.12;0.95.0 from central in [default]
[2026-04-12T19:15:19.474+0000] {subprocess.py:106} INFO - 	org.wildfly.openssl#wildfly-openssl;1.0.7.Final from central in [default]
[2026-04-12T19:15:19.474+0000] {subprocess.py:106} INFO - 	---------------------------------------------------------------------
[2026-04-12T19:15:19.475+0000] {subprocess.py:106} INFO - 	|                  |            modules            ||   artifacts   |
[2026-04-12T19:15:19.475+0000] {subprocess.py:106} INFO - 	|       conf       | number| search|dwnlded|evicted|| number|dwnlded|
[2026-04-12T19:15:19.476+0000] {subprocess.py:106} INFO - 	---------------------------------------------------------------------
[2026-04-12T19:15:19.477+0000] {subprocess.py:106} INFO - 	|      default     |   5   |   0   |   0   |   0   ||   5   |   0   |
[2026-04-12T19:15:19.478+0000] {subprocess.py:106} INFO - 	---------------------------------------------------------------------
[2026-04-12T19:15:19.480+0000] {subprocess.py:106} INFO - :: retrieving :: org.apache.spark#spark-submit-parent-b4fa7933-b22e-485a-b477-45e526e8f311
[2026-04-12T19:15:19.481+0000] {subprocess.py:106} INFO - 	confs: [default]
[2026-04-12T19:15:19.482+0000] {subprocess.py:106} INFO - 	0 artifacts copied, 5 already retrieved (0kB/8ms)
[2026-04-12T19:15:19.681+0000] {subprocess.py:106} INFO - 26/04/12 19:15:19 WARN NativeCodeLoader: Unable to load native-hadoop library for your platform... using builtin-java classes where applicable
[2026-04-12T19:15:19.898+0000] {subprocess.py:106} INFO - Main class:
[2026-04-12T19:15:19.901+0000] {subprocess.py:106} INFO - org.apache.spark.deploy.PythonRunner
[2026-04-12T19:15:19.902+0000] {subprocess.py:106} INFO - Arguments:
[2026-04-12T19:15:19.903+0000] {subprocess.py:106} INFO - file:/opt/***/scripts/gold_agg.py
[2026-04-12T19:15:19.904+0000] {subprocess.py:106} INFO - file:///home/***/.ivy2/jars/org.apache.iceberg_iceberg-spark-runtime-3.5_2.12-1.6.1.jar,file:///home/***/.ivy2/jars/org.projectnessie.nessie-integrations_nessie-spark-extensions-3.5_2.12-0.95.0.jar,file:///home/***/.ivy2/jars/org.apache.hadoop_hadoop-aws-3.3.4.jar,file:///home/***/.ivy2/jars/com.amazonaws_aws-java-sdk-bundle-1.12.262.jar,file:///home/***/.ivy2/jars/org.wildfly.openssl_wildfly-openssl-1.0.7.Final.jar
[2026-04-12T19:15:19.905+0000] {subprocess.py:106} INFO - Spark config:
[2026-04-12T19:15:19.906+0000] {subprocess.py:106} INFO - (spark.app.name,gold_cant_post_x_user_hist)
[2026-04-12T19:15:19.907+0000] {subprocess.py:106} INFO - (spark.app.submitTime,1776021319880)
[2026-04-12T19:15:19.908+0000] {subprocess.py:106} INFO - (spark.driver.bindAddress,0.0.0.0)
[2026-04-12T19:15:19.909+0000] {subprocess.py:106} INFO - (spark.driver.memory,1g)
[2026-04-12T19:15:19.914+0000] {subprocess.py:106} INFO - (spark.executor.cores,2)
[2026-04-12T19:15:19.916+0000] {subprocess.py:106} INFO - (spark.executor.instances,1)
[2026-04-12T19:15:19.930+0000] {subprocess.py:106} INFO - (spark.executor.memory,2g)
[2026-04-12T19:15:19.932+0000] {subprocess.py:106} INFO - (spark.files,file:///home/***/.ivy2/jars/org.apache.iceberg_iceberg-spark-runtime-3.5_2.12-1.6.1.jar,file:///home/***/.ivy2/jars/org.projectnessie.nessie-integrations_nessie-spark-extensions-3.5_2.12-0.95.0.jar,file:///home/***/.ivy2/jars/org.apache.hadoop_hadoop-aws-3.3.4.jar,file:///home/***/.ivy2/jars/com.amazonaws_aws-java-sdk-bundle-1.12.262.jar,file:///home/***/.ivy2/jars/org.wildfly.openssl_wildfly-openssl-1.0.7.Final.jar)
[2026-04-12T19:15:19.934+0000] {subprocess.py:106} INFO - (spark.hadoop.fs.s3a.access.key,*********(redacted))
[2026-04-12T19:15:19.935+0000] {subprocess.py:106} INFO - (spark.hadoop.fs.s3a.aws.credentials.provider,org.apache.hadoop.fs.s3a.SimpleAWSCredentialsProvider)
[2026-04-12T19:15:19.936+0000] {subprocess.py:106} INFO - (spark.hadoop.fs.s3a.connection.ssl.enabled,false)
[2026-04-12T19:15:19.937+0000] {subprocess.py:106} INFO - (spark.hadoop.fs.s3a.endpoint,http://proyecto2-minio:9000)
[2026-04-12T19:15:19.938+0000] {subprocess.py:106} INFO - (spark.hadoop.fs.s3a.impl,org.apache.hadoop.fs.s3a.S3AFileSystem)
[2026-04-12T19:15:19.939+0000] {subprocess.py:106} INFO - (spark.hadoop.fs.s3a.path.style.access,true)
[2026-04-12T19:15:19.939+0000] {subprocess.py:106} INFO - (spark.hadoop.fs.s3a.secret.key,*********(redacted))
[2026-04-12T19:15:19.940+0000] {subprocess.py:106} INFO - (spark.jars,file:///home/***/.ivy2/jars/org.apache.iceberg_iceberg-spark-runtime-3.5_2.12-1.6.1.jar,file:///home/***/.ivy2/jars/org.projectnessie.nessie-integrations_nessie-spark-extensions-3.5_2.12-0.95.0.jar,file:///home/***/.ivy2/jars/org.apache.hadoop_hadoop-aws-3.3.4.jar,file:///home/***/.ivy2/jars/com.amazonaws_aws-java-sdk-bundle-1.12.262.jar,file:///home/***/.ivy2/jars/org.wildfly.openssl_wildfly-openssl-1.0.7.Final.jar)
[2026-04-12T19:15:19.941+0000] {subprocess.py:106} INFO - (spark.master,spark://spark-master:7077)
[2026-04-12T19:15:19.942+0000] {subprocess.py:106} INFO - (spark.repl.local.jars,file:///home/***/.ivy2/jars/org.apache.iceberg_iceberg-spark-runtime-3.5_2.12-1.6.1.jar,file:///home/***/.ivy2/jars/org.projectnessie.nessie-integrations_nessie-spark-extensions-3.5_2.12-0.95.0.jar,file:///home/***/.ivy2/jars/org.apache.hadoop_hadoop-aws-3.3.4.jar,file:///home/***/.ivy2/jars/com.amazonaws_aws-java-sdk-bundle-1.12.262.jar,file:///home/***/.ivy2/jars/org.wildfly.openssl_wildfly-openssl-1.0.7.Final.jar)
[2026-04-12T19:15:19.943+0000] {subprocess.py:106} INFO - (spark.sql.catalog.nessie,org.apache.iceberg.spark.SparkCatalog)
[2026-04-12T19:15:19.944+0000] {subprocess.py:106} INFO - (spark.sql.catalog.nessie.authentication.type,NONE)
[2026-04-12T19:15:19.945+0000] {subprocess.py:106} INFO - (spark.sql.catalog.nessie.catalog-impl,org.apache.iceberg.nessie.NessieCatalog)
[2026-04-12T19:15:19.946+0000] {subprocess.py:106} INFO - (spark.sql.catalog.nessie.ref,main)
[2026-04-12T19:15:19.947+0000] {subprocess.py:106} INFO - (spark.sql.catalog.nessie.uri,http://proyecto2-nessie:19120/api/v1)
[2026-04-12T19:15:19.948+0000] {subprocess.py:106} INFO - (spark.sql.catalog.nessie.warehouse,s3a://iceberg/)
[2026-04-12T19:15:19.949+0000] {subprocess.py:106} INFO - (spark.sql.extensions,org.apache.iceberg.spark.extensions.IcebergSparkSessionExtensions,org.projectnessie.spark.extensions.NessieSparkSessionExtensions)
[2026-04-12T19:15:19.950+0000] {subprocess.py:106} INFO - (spark.submit.deployMode,client)
[2026-04-12T19:15:19.950+0000] {subprocess.py:106} INFO - (spark.submit.pyFiles,/home/***/.ivy2/jars/org.apache.iceberg_iceberg-spark-runtime-3.5_2.12-1.6.1.jar,/home/***/.ivy2/jars/org.projectnessie.nessie-integrations_nessie-spark-extensions-3.5_2.12-0.95.0.jar,/home/***/.ivy2/jars/org.apache.hadoop_hadoop-aws-3.3.4.jar,/home/***/.ivy2/jars/com.amazonaws_aws-java-sdk-bundle-1.12.262.jar,/home/***/.ivy2/jars/org.wildfly.openssl_wildfly-openssl-1.0.7.Final.jar)
[2026-04-12T19:15:19.951+0000] {subprocess.py:106} INFO - Classpath elements:
[2026-04-12T19:15:19.952+0000] {subprocess.py:106} INFO - file:///home/***/.ivy2/jars/org.apache.iceberg_iceberg-spark-runtime-3.5_2.12-1.6.1.jar
[2026-04-12T19:15:19.952+0000] {subprocess.py:106} INFO - file:///home/***/.ivy2/jars/org.projectnessie.nessie-integrations_nessie-spark-extensions-3.5_2.12-0.95.0.jar
[2026-04-12T19:15:19.952+0000] {subprocess.py:106} INFO - file:///home/***/.ivy2/jars/org.apache.hadoop_hadoop-aws-3.3.4.jar
[2026-04-12T19:15:19.953+0000] {subprocess.py:106} INFO - file:///home/***/.ivy2/jars/com.amazonaws_aws-java-sdk-bundle-1.12.262.jar
[2026-04-12T19:15:19.953+0000] {subprocess.py:106} INFO - file:///home/***/.ivy2/jars/org.wildfly.openssl_wildfly-openssl-1.0.7.Final.jar
[2026-04-12T19:15:19.954+0000] {subprocess.py:106} INFO - 
[2026-04-12T19:15:19.954+0000] {subprocess.py:106} INFO - 
[2026-04-12T19:15:20.435+0000] {subprocess.py:106} INFO - 2026-04-12 19:15:20,435 INFO ============================================================
[2026-04-12T19:15:20.436+0000] {subprocess.py:106} INFO - 2026-04-12 19:15:20,435 INFO GOLD AGG — cant_post_x_user_hist ★
[2026-04-12T19:15:20.437+0000] {subprocess.py:106} INFO - 2026-04-12 19:15:20,435 INFO Fuentes: nessie.silver.post_hist + nessie.silver.users_hist
[2026-04-12T19:15:20.437+0000] {subprocess.py:106} INFO - 2026-04-12 19:15:20,435 INFO ============================================================
[2026-04-12T19:15:20.572+0000] {subprocess.py:106} INFO - 26/04/12 19:15:20 INFO SparkContext: Running Spark version 3.5.5
[2026-04-12T19:15:20.573+0000] {subprocess.py:106} INFO - 26/04/12 19:15:20 INFO SparkContext: OS info Linux, 6.6.87.2-microsoft-standard-WSL2, amd64
[2026-04-12T19:15:20.574+0000] {subprocess.py:106} INFO - 26/04/12 19:15:20 INFO SparkContext: Java version 17.0.18
[2026-04-12T19:15:20.609+0000] {subprocess.py:106} INFO - 26/04/12 19:15:20 INFO ResourceUtils: ==============================================================
[2026-04-12T19:15:20.610+0000] {subprocess.py:106} INFO - 26/04/12 19:15:20 INFO ResourceUtils: No custom resources configured for spark.driver.
[2026-04-12T19:15:20.611+0000] {subprocess.py:106} INFO - 26/04/12 19:15:20 INFO ResourceUtils: ==============================================================
[2026-04-12T19:15:20.611+0000] {subprocess.py:106} INFO - 26/04/12 19:15:20 INFO SparkContext: Submitted application: gold_agg
[2026-04-12T19:15:20.639+0000] {subprocess.py:106} INFO - 26/04/12 19:15:20 INFO ResourceProfile: Default ResourceProfile created, executor resources: Map(cores -> name: cores, amount: 2, script: , vendor: , memory -> name: memory, amount: 2048, script: , vendor: , offHeap -> name: offHeap, amount: 0, script: , vendor: ), task resources: Map(cpus -> name: cpus, amount: 1.0)
[2026-04-12T19:15:20.650+0000] {subprocess.py:106} INFO - 26/04/12 19:15:20 INFO ResourceProfile: Limiting resource is cpus at 2 tasks per executor
[2026-04-12T19:15:20.652+0000] {subprocess.py:106} INFO - 26/04/12 19:15:20 INFO ResourceProfileManager: Added ResourceProfile id: 0
[2026-04-12T19:15:20.710+0000] {subprocess.py:106} INFO - 26/04/12 19:15:20 INFO SecurityManager: Changing view acls to: ***
[2026-04-12T19:15:20.711+0000] {subprocess.py:106} INFO - 26/04/12 19:15:20 INFO SecurityManager: Changing modify acls to: ***
[2026-04-12T19:15:20.712+0000] {subprocess.py:106} INFO - 26/04/12 19:15:20 INFO SecurityManager: Changing view acls groups to:
[2026-04-12T19:15:20.712+0000] {subprocess.py:106} INFO - 26/04/12 19:15:20 INFO SecurityManager: Changing modify acls groups to:
[2026-04-12T19:15:20.713+0000] {subprocess.py:106} INFO - 26/04/12 19:15:20 INFO SecurityManager: SecurityManager: authentication disabled; ui acls disabled; users with view permissions: ***; groups with view permissions: EMPTY; users with modify permissions: ***; groups with modify permissions: EMPTY
[2026-04-12T19:15:20.898+0000] {subprocess.py:106} INFO - 26/04/12 19:15:20 INFO Utils: Successfully started service 'sparkDriver' on port 44421.
[2026-04-12T19:15:20.947+0000] {subprocess.py:106} INFO - 26/04/12 19:15:20 INFO SparkEnv: Registering MapOutputTracker
[2026-04-12T19:15:20.997+0000] {subprocess.py:106} INFO - 26/04/12 19:15:20 INFO SparkEnv: Registering BlockManagerMaster
[2026-04-12T19:15:21.014+0000] {subprocess.py:106} INFO - 26/04/12 19:15:21 INFO BlockManagerMasterEndpoint: Using org.apache.spark.storage.DefaultTopologyMapper for getting topology information
[2026-04-12T19:15:21.015+0000] {subprocess.py:106} INFO - 26/04/12 19:15:21 INFO BlockManagerMasterEndpoint: BlockManagerMasterEndpoint up
[2026-04-12T19:15:21.020+0000] {subprocess.py:106} INFO - 26/04/12 19:15:21 INFO SparkEnv: Registering BlockManagerMasterHeartbeat
[2026-04-12T19:15:21.038+0000] {subprocess.py:106} INFO - 26/04/12 19:15:21 INFO DiskBlockManager: Created local directory at /tmp/blockmgr-449cb8e7-00d3-4371-990e-f55de0d19729
[2026-04-12T19:15:21.054+0000] {subprocess.py:106} INFO - 26/04/12 19:15:21 INFO MemoryStore: MemoryStore started with capacity 434.4 MiB
[2026-04-12T19:15:21.081+0000] {subprocess.py:106} INFO - 26/04/12 19:15:21 INFO SparkEnv: Registering OutputCommitCoordinator
[2026-04-12T19:15:21.203+0000] {subprocess.py:106} INFO - 26/04/12 19:15:21 INFO JettyUtils: Start Jetty 0.0.0.0:4040 for SparkUI
[2026-04-12T19:15:21.272+0000] {subprocess.py:106} INFO - 26/04/12 19:15:21 INFO Utils: Successfully started service 'SparkUI' on port 4040.
[2026-04-12T19:15:21.313+0000] {subprocess.py:106} INFO - 26/04/12 19:15:21 INFO SparkContext: Added JAR file:///home/***/.ivy2/jars/org.apache.iceberg_iceberg-spark-runtime-3.5_2.12-1.6.1.jar at spark://b4737cc55adb:44421/jars/org.apache.iceberg_iceberg-spark-runtime-3.5_2.12-1.6.1.jar with timestamp 1776021320562
[2026-04-12T19:15:21.314+0000] {subprocess.py:106} INFO - 26/04/12 19:15:21 INFO SparkContext: Added JAR file:///home/***/.ivy2/jars/org.projectnessie.nessie-integrations_nessie-spark-extensions-3.5_2.12-0.95.0.jar at spark://b4737cc55adb:44421/jars/org.projectnessie.nessie-integrations_nessie-spark-extensions-3.5_2.12-0.95.0.jar with timestamp 1776021320562
[2026-04-12T19:15:21.314+0000] {subprocess.py:106} INFO - 26/04/12 19:15:21 INFO SparkContext: Added JAR file:///home/***/.ivy2/jars/org.apache.hadoop_hadoop-aws-3.3.4.jar at spark://b4737cc55adb:44421/jars/org.apache.hadoop_hadoop-aws-3.3.4.jar with timestamp 1776021320562
[2026-04-12T19:15:21.315+0000] {subprocess.py:106} INFO - 26/04/12 19:15:21 INFO SparkContext: Added JAR file:///home/***/.ivy2/jars/com.amazonaws_aws-java-sdk-bundle-1.12.262.jar at spark://b4737cc55adb:44421/jars/com.amazonaws_aws-java-sdk-bundle-1.12.262.jar with timestamp 1776021320562
[2026-04-12T19:15:21.316+0000] {subprocess.py:106} INFO - 26/04/12 19:15:21 INFO SparkContext: Added JAR file:///home/***/.ivy2/jars/org.wildfly.openssl_wildfly-openssl-1.0.7.Final.jar at spark://b4737cc55adb:44421/jars/org.wildfly.openssl_wildfly-openssl-1.0.7.Final.jar with timestamp 1776021320562
[2026-04-12T19:15:21.318+0000] {subprocess.py:106} INFO - 26/04/12 19:15:21 INFO SparkContext: Added file file:///home/***/.ivy2/jars/org.apache.iceberg_iceberg-spark-runtime-3.5_2.12-1.6.1.jar at spark://b4737cc55adb:44421/files/org.apache.iceberg_iceberg-spark-runtime-3.5_2.12-1.6.1.jar with timestamp 1776021320562
[2026-04-12T19:15:21.320+0000] {subprocess.py:106} INFO - 26/04/12 19:15:21 INFO Utils: Copying /home/***/.ivy2/jars/org.apache.iceberg_iceberg-spark-runtime-3.5_2.12-1.6.1.jar to /tmp/spark-abef3a96-b1d5-42dd-a662-5bf67ddb952a/userFiles-39a668e8-04f4-4c77-ba64-5b6720148c5e/org.apache.iceberg_iceberg-spark-runtime-3.5_2.12-1.6.1.jar
[2026-04-12T19:15:21.353+0000] {subprocess.py:106} INFO - 26/04/12 19:15:21 INFO SparkContext: Added file file:///home/***/.ivy2/jars/org.projectnessie.nessie-integrations_nessie-spark-extensions-3.5_2.12-0.95.0.jar at spark://b4737cc55adb:44421/files/org.projectnessie.nessie-integrations_nessie-spark-extensions-3.5_2.12-0.95.0.jar with timestamp 1776021320562
[2026-04-12T19:15:21.354+0000] {subprocess.py:106} INFO - 26/04/12 19:15:21 INFO Utils: Copying /home/***/.ivy2/jars/org.projectnessie.nessie-integrations_nessie-spark-extensions-3.5_2.12-0.95.0.jar to /tmp/spark-abef3a96-b1d5-42dd-a662-5bf67ddb952a/userFiles-39a668e8-04f4-4c77-ba64-5b6720148c5e/org.projectnessie.nessie-integrations_nessie-spark-extensions-3.5_2.12-0.95.0.jar
[2026-04-12T19:15:21.358+0000] {subprocess.py:106} INFO - 26/04/12 19:15:21 INFO SparkContext: Added file file:///home/***/.ivy2/jars/org.apache.hadoop_hadoop-aws-3.3.4.jar at spark://b4737cc55adb:44421/files/org.apache.hadoop_hadoop-aws-3.3.4.jar with timestamp 1776021320562
[2026-04-12T19:15:21.359+0000] {subprocess.py:106} INFO - 26/04/12 19:15:21 INFO Utils: Copying /home/***/.ivy2/jars/org.apache.hadoop_hadoop-aws-3.3.4.jar to /tmp/spark-abef3a96-b1d5-42dd-a662-5bf67ddb952a/userFiles-39a668e8-04f4-4c77-ba64-5b6720148c5e/org.apache.hadoop_hadoop-aws-3.3.4.jar
[2026-04-12T19:15:21.363+0000] {subprocess.py:106} INFO - 26/04/12 19:15:21 INFO SparkContext: Added file file:///home/***/.ivy2/jars/com.amazonaws_aws-java-sdk-bundle-1.12.262.jar at spark://b4737cc55adb:44421/files/com.amazonaws_aws-java-sdk-bundle-1.12.262.jar with timestamp 1776021320562
[2026-04-12T19:15:21.364+0000] {subprocess.py:106} INFO - 26/04/12 19:15:21 INFO Utils: Copying /home/***/.ivy2/jars/com.amazonaws_aws-java-sdk-bundle-1.12.262.jar to /tmp/spark-abef3a96-b1d5-42dd-a662-5bf67ddb952a/userFiles-39a668e8-04f4-4c77-ba64-5b6720148c5e/com.amazonaws_aws-java-sdk-bundle-1.12.262.jar
[2026-04-12T19:15:21.527+0000] {subprocess.py:106} INFO - 26/04/12 19:15:21 INFO SparkContext: Added file file:///home/***/.ivy2/jars/org.wildfly.openssl_wildfly-openssl-1.0.7.Final.jar at spark://b4737cc55adb:44421/files/org.wildfly.openssl_wildfly-openssl-1.0.7.Final.jar with timestamp 1776021320562
[2026-04-12T19:15:21.528+0000] {subprocess.py:106} INFO - 26/04/12 19:15:21 INFO Utils: Copying /home/***/.ivy2/jars/org.wildfly.openssl_wildfly-openssl-1.0.7.Final.jar to /tmp/spark-abef3a96-b1d5-42dd-a662-5bf67ddb952a/userFiles-39a668e8-04f4-4c77-ba64-5b6720148c5e/org.wildfly.openssl_wildfly-openssl-1.0.7.Final.jar
[2026-04-12T19:15:21.639+0000] {subprocess.py:106} INFO - 26/04/12 19:15:21 INFO StandaloneAppClient$ClientEndpoint: Connecting to master spark://spark-master:7077...
[2026-04-12T19:15:21.685+0000] {subprocess.py:106} INFO - 26/04/12 19:15:21 INFO TransportClientFactory: Successfully created connection to spark-master/172.18.0.7:7077 after 26 ms (0 ms spent in bootstraps)
[2026-04-12T19:15:21.774+0000] {subprocess.py:106} INFO - 26/04/12 19:15:21 INFO StandaloneSchedulerBackend: Connected to Spark cluster with app ID app-20260412191521-0006
[2026-04-12T19:15:21.778+0000] {subprocess.py:106} INFO - 26/04/12 19:15:21 INFO StandaloneAppClient$ClientEndpoint: Executor added: app-20260412191521-0006/0 on worker-20260412190304-172.18.0.8-33391 (172.18.0.8:33391) with 2 core(s)
[2026-04-12T19:15:21.781+0000] {subprocess.py:106} INFO - 26/04/12 19:15:21 INFO StandaloneSchedulerBackend: Granted executor ID app-20260412191521-0006/0 on hostPort 172.18.0.8:33391 with 2 core(s), 2.0 GiB RAM
[2026-04-12T19:15:21.783+0000] {subprocess.py:106} INFO - 26/04/12 19:15:21 INFO StandaloneAppClient$ClientEndpoint: Executor added: app-20260412191521-0006/1 on worker-20260412190304-172.18.0.8-33391 (172.18.0.8:33391) with 2 core(s)
[2026-04-12T19:15:21.784+0000] {subprocess.py:106} INFO - 26/04/12 19:15:21 INFO StandaloneSchedulerBackend: Granted executor ID app-20260412191521-0006/1 on hostPort 172.18.0.8:33391 with 2 core(s), 2.0 GiB RAM
[2026-04-12T19:15:21.785+0000] {subprocess.py:106} INFO - 26/04/12 19:15:21 INFO StandaloneAppClient$ClientEndpoint: Executor added: app-20260412191521-0006/2 on worker-20260412190304-172.18.0.8-33391 (172.18.0.8:33391) with 2 core(s)
[2026-04-12T19:15:21.787+0000] {subprocess.py:106} INFO - 26/04/12 19:15:21 INFO StandaloneSchedulerBackend: Granted executor ID app-20260412191521-0006/2 on hostPort 172.18.0.8:33391 with 2 core(s), 2.0 GiB RAM
[2026-04-12T19:15:21.789+0000] {subprocess.py:106} INFO - 26/04/12 19:15:21 INFO StandaloneAppClient$ClientEndpoint: Executor added: app-20260412191521-0006/3 on worker-20260412190304-172.18.0.8-33391 (172.18.0.8:33391) with 2 core(s)
[2026-04-12T19:15:21.791+0000] {subprocess.py:106} INFO - 26/04/12 19:15:21 INFO StandaloneSchedulerBackend: Granted executor ID app-20260412191521-0006/3 on hostPort 172.18.0.8:33391 with 2 core(s), 2.0 GiB RAM
[2026-04-12T19:15:21.792+0000] {subprocess.py:106} INFO - 26/04/12 19:15:21 INFO StandaloneAppClient$ClientEndpoint: Executor added: app-20260412191521-0006/4 on worker-20260412190304-172.18.0.8-33391 (172.18.0.8:33391) with 2 core(s)
[2026-04-12T19:15:21.793+0000] {subprocess.py:106} INFO - 26/04/12 19:15:21 INFO StandaloneSchedulerBackend: Granted executor ID app-20260412191521-0006/4 on hostPort 172.18.0.8:33391 with 2 core(s), 2.0 GiB RAM
[2026-04-12T19:15:21.795+0000] {subprocess.py:106} INFO - 26/04/12 19:15:21 INFO StandaloneAppClient$ClientEndpoint: Executor added: app-20260412191521-0006/5 on worker-20260412190304-172.18.0.8-33391 (172.18.0.8:33391) with 2 core(s)
[2026-04-12T19:15:21.796+0000] {subprocess.py:106} INFO - 26/04/12 19:15:21 INFO StandaloneSchedulerBackend: Granted executor ID app-20260412191521-0006/5 on hostPort 172.18.0.8:33391 with 2 core(s), 2.0 GiB RAM
[2026-04-12T19:15:21.798+0000] {subprocess.py:106} INFO - 26/04/12 19:15:21 INFO Utils: Successfully started service 'org.apache.spark.network.netty.NettyBlockTransferService' on port 41433.
[2026-04-12T19:15:21.800+0000] {subprocess.py:106} INFO - 26/04/12 19:15:21 INFO NettyBlockTransferService: Server created on b4737cc55adb 0.0.0.0:41433
[2026-04-12T19:15:21.801+0000] {subprocess.py:106} INFO - 26/04/12 19:15:21 INFO BlockManager: Using org.apache.spark.storage.RandomBlockReplicationPolicy for block replication policy
[2026-04-12T19:15:21.815+0000] {subprocess.py:106} INFO - 26/04/12 19:15:21 INFO BlockManagerMaster: Registering BlockManager BlockManagerId(driver, b4737cc55adb, 41433, None)
[2026-04-12T19:15:21.823+0000] {subprocess.py:106} INFO - 26/04/12 19:15:21 INFO BlockManagerMasterEndpoint: Registering block manager b4737cc55adb:41433 with 434.4 MiB RAM, BlockManagerId(driver, b4737cc55adb, 41433, None)
[2026-04-12T19:15:21.836+0000] {subprocess.py:106} INFO - 26/04/12 19:15:21 INFO BlockManagerMaster: Registered BlockManager BlockManagerId(driver, b4737cc55adb, 41433, None)
[2026-04-12T19:15:21.837+0000] {subprocess.py:106} INFO - 26/04/12 19:15:21 INFO BlockManager: Initialized BlockManager: BlockManagerId(driver, b4737cc55adb, 41433, None)
[2026-04-12T19:15:21.881+0000] {subprocess.py:106} INFO - 26/04/12 19:15:21 INFO StandaloneAppClient$ClientEndpoint: Executor updated: app-20260412191521-0006/0 is now RUNNING
[2026-04-12T19:15:21.882+0000] {subprocess.py:106} INFO - 26/04/12 19:15:21 INFO StandaloneAppClient$ClientEndpoint: Executor updated: app-20260412191521-0006/1 is now RUNNING
[2026-04-12T19:15:21.886+0000] {subprocess.py:106} INFO - 26/04/12 19:15:21 INFO StandaloneAppClient$ClientEndpoint: Executor updated: app-20260412191521-0006/2 is now RUNNING
[2026-04-12T19:15:21.907+0000] {subprocess.py:106} INFO - 26/04/12 19:15:21 INFO StandaloneAppClient$ClientEndpoint: Executor updated: app-20260412191521-0006/5 is now RUNNING
[2026-04-12T19:15:21.927+0000] {subprocess.py:106} INFO - 26/04/12 19:15:21 INFO StandaloneAppClient$ClientEndpoint: Executor updated: app-20260412191521-0006/4 is now RUNNING
[2026-04-12T19:15:21.937+0000] {subprocess.py:106} INFO - 26/04/12 19:15:21 INFO StandaloneAppClient$ClientEndpoint: Executor updated: app-20260412191521-0006/3 is now RUNNING
[2026-04-12T19:15:22.566+0000] {subprocess.py:106} INFO - 26/04/12 19:15:22 INFO StandaloneSchedulerBackend: SchedulerBackend is ready for scheduling beginning after reached minRegisteredResourcesRatio: 0.0
[2026-04-12T19:15:23.117+0000] {subprocess.py:106} INFO - 2026-04-12 19:15:23,116 INFO Spark version: 3.5.5
[2026-04-12T19:15:23.140+0000] {subprocess.py:106} INFO - 26/04/12 19:15:23 INFO SharedState: Setting hive.metastore.warehouse.dir ('null') to the value of spark.sql.warehouse.dir.
[2026-04-12T19:15:23.147+0000] {subprocess.py:106} INFO - 26/04/12 19:15:23 INFO SharedState: Warehouse path is 'file:/tmp/***tmp7qx1ig2n/spark-warehouse'.
[2026-04-12T19:15:27.782+0000] {subprocess.py:106} INFO - 26/04/12 19:15:27 INFO CatalogUtil: Loading custom FileIO implementation: org.apache.iceberg.hadoop.HadoopFileIO
[2026-04-12T19:15:29.466+0000] {subprocess.py:106} INFO - 26/04/12 19:15:29 INFO StandaloneSchedulerBackend$StandaloneDriverEndpoint: Registered executor NettyRpcEndpointRef(spark-client://Executor) (172.18.0.8:42714) with ID 1,  ResourceProfileId 0
[2026-04-12T19:15:29.502+0000] {subprocess.py:106} INFO - 26/04/12 19:15:29 INFO StandaloneSchedulerBackend$StandaloneDriverEndpoint: Registered executor NettyRpcEndpointRef(spark-client://Executor) (172.18.0.8:42726) with ID 4,  ResourceProfileId 0
[2026-04-12T19:15:29.540+0000] {subprocess.py:106} INFO - 26/04/12 19:15:29 INFO StandaloneSchedulerBackend$StandaloneDriverEndpoint: Registered executor NettyRpcEndpointRef(spark-client://Executor) (172.18.0.8:42742) with ID 3,  ResourceProfileId 0
[2026-04-12T19:15:29.686+0000] {subprocess.py:106} INFO - 26/04/12 19:15:29 INFO StandaloneSchedulerBackend$StandaloneDriverEndpoint: Registered executor NettyRpcEndpointRef(spark-client://Executor) (172.18.0.8:42728) with ID 0,  ResourceProfileId 0
[2026-04-12T19:15:29.782+0000] {subprocess.py:106} INFO - 26/04/12 19:15:29 INFO BlockManagerMasterEndpoint: Registering block manager 172.18.0.8:37195 with 1048.8 MiB RAM, BlockManagerId(1, 172.18.0.8, 37195, None)
[2026-04-12T19:15:29.826+0000] {subprocess.py:106} INFO - 26/04/12 19:15:29 INFO BlockManagerMasterEndpoint: Registering block manager 172.18.0.8:43377 with 1048.8 MiB RAM, BlockManagerId(4, 172.18.0.8, 43377, None)
[2026-04-12T19:15:29.912+0000] {subprocess.py:106} INFO - 26/04/12 19:15:29 INFO BlockManagerMasterEndpoint: Registering block manager 172.18.0.8:36869 with 1048.8 MiB RAM, BlockManagerId(3, 172.18.0.8, 36869, None)
[2026-04-12T19:15:30.039+0000] {subprocess.py:106} INFO - 26/04/12 19:15:30 INFO StandaloneSchedulerBackend$StandaloneDriverEndpoint: Registered executor NettyRpcEndpointRef(spark-client://Executor) (172.18.0.8:42744) with ID 5,  ResourceProfileId 0
[2026-04-12T19:15:30.078+0000] {subprocess.py:106} INFO - 26/04/12 19:15:30 INFO BlockManagerMasterEndpoint: Registering block manager 172.18.0.8:44227 with 1048.8 MiB RAM, BlockManagerId(0, 172.18.0.8, 44227, None)
[2026-04-12T19:15:30.247+0000] {subprocess.py:106} INFO - 26/04/12 19:15:30 INFO StandaloneSchedulerBackend$StandaloneDriverEndpoint: Registered executor NettyRpcEndpointRef(spark-client://Executor) (172.18.0.8:42756) with ID 2,  ResourceProfileId 0
[2026-04-12T19:15:30.348+0000] {subprocess.py:106} INFO - 26/04/12 19:15:30 INFO BlockManagerMasterEndpoint: Registering block manager 172.18.0.8:36875 with 1048.8 MiB RAM, BlockManagerId(5, 172.18.0.8, 36875, None)
[2026-04-12T19:15:30.605+0000] {subprocess.py:106} INFO - 26/04/12 19:15:30 INFO BlockManagerMasterEndpoint: Registering block manager 172.18.0.8:35097 with 1048.8 MiB RAM, BlockManagerId(2, 172.18.0.8, 35097, None)
[2026-04-12T19:15:31.052+0000] {subprocess.py:106} INFO - 2026-04-12 19:15:31,051 INFO Namespace 'nessie.gold' listo.
[2026-04-12T19:15:31.054+0000] {subprocess.py:106} INFO - 2026-04-12 19:15:31,052 INFO
[2026-04-12T19:15:31.055+0000] {subprocess.py:106} INFO - [★] cant_post_x_user_hist
[2026-04-12T19:15:33.026+0000] {subprocess.py:106} INFO - 26/04/12 19:15:33 INFO BaseMetastoreTableOperations: Refreshing table metadata from new version: s3a://iceberg/silver/users_hist_29ea4f81-25a2-4974-a1d5-7fcae2b69ddf/metadata/00002-b6315d7a-b32d-4b2d-b6e3-8fe4e353fee1.gz.metadata.json
[2026-04-12T19:15:33.689+0000] {subprocess.py:106} INFO - 26/04/12 19:15:33 WARN MetricsConfig: Cannot locate configuration: tried hadoop-metrics2-s3a-file-system.properties,hadoop-metrics2.properties
[2026-04-12T19:15:33.741+0000] {subprocess.py:106} INFO - 26/04/12 19:15:33 INFO MetricsSystemImpl: Scheduled Metric snapshot period at 10 second(s).
[2026-04-12T19:15:33.744+0000] {subprocess.py:106} INFO - 26/04/12 19:15:33 INFO MetricsSystemImpl: s3a-file-system metrics system started
[2026-04-12T19:15:36.755+0000] {subprocess.py:106} INFO - 26/04/12 19:15:36 INFO NessieUtil: loadTableMetadata for 'silver.users_hist' from location 's3a://iceberg/silver/users_hist_29ea4f81-25a2-4974-a1d5-7fcae2b69ddf/metadata/00002-b6315d7a-b32d-4b2d-b6e3-8fe4e353fee1.gz.metadata.json' at 'Branch{name=main, metadata=null, hash=01d086792920e55e0ae9c51be0ec895320dea016c3f0c88d00b3db5b4b0c2d61}'
[2026-04-12T19:15:36.776+0000] {subprocess.py:106} INFO - 26/04/12 19:15:36 INFO BaseMetastoreCatalog: Table loaded by catalog: nessie.silver.users_hist
[2026-04-12T19:15:38.966+0000] {subprocess.py:106} INFO - Traceback (most recent call last):
[2026-04-12T19:15:38.967+0000] {subprocess.py:106} INFO -   File "/opt/***/scripts/gold_agg.py", line 306, in <module>
[2026-04-12T19:15:38.970+0000] {subprocess.py:106} INFO -     main()
[2026-04-12T19:15:38.971+0000] {subprocess.py:106} INFO -   File "/opt/***/scripts/gold_agg.py", line 293, in main
[2026-04-12T19:15:38.973+0000] {subprocess.py:106} INFO -     total = build_cant_post_x_user_hist(spark)
[2026-04-12T19:15:38.974+0000] {subprocess.py:106} INFO -             ^^^^^^^^^^^^^^^^^^^^^^^^^^^^^^^^^^
[2026-04-12T19:15:38.975+0000] {subprocess.py:106} INFO -   File "/opt/***/scripts/gold_agg.py", line 119, in build_cant_post_x_user_hist
[2026-04-12T19:15:38.977+0000] {subprocess.py:106} INFO -     df = spark.sql(f"""
[2026-04-12T19:15:38.978+0000] {subprocess.py:106} INFO -          ^^^^^^^^^^^^^^
[2026-04-12T19:15:38.979+0000] {subprocess.py:106} INFO -   File "/opt/spark/python/lib/pyspark.zip/pyspark/sql/session.py", line 1631, in sql
[2026-04-12T19:15:38.980+0000] {subprocess.py:106} INFO -   File "/opt/spark/python/lib/py4j-0.10.9.7-src.zip/py4j/java_gateway.py", line 1322, in __call__
[2026-04-12T19:15:38.980+0000] {subprocess.py:106} INFO -   File "/opt/spark/python/lib/pyspark.zip/pyspark/errors/exceptions/captured.py", line 185, in deco
[2026-04-12T19:15:38.987+0000] {subprocess.py:106} INFO - pyspark.errors.exceptions.captured.AnalysisException: [TABLE_OR_VIEW_NOT_FOUND] The table or view `nessie`.`silver`.`post_hist` cannot be found. Verify the spelling and correctness of the schema and catalog.
[2026-04-12T19:15:38.988+0000] {subprocess.py:106} INFO - If you did not qualify the name with a schema, verify the current_schema() output, or qualify the name with the correct schema and catalog.
[2026-04-12T19:15:38.989+0000] {subprocess.py:106} INFO - To tolerate the error on drop use DROP VIEW IF EXISTS or DROP TABLE IF EXISTS.; line 17 pos 13;
[2026-04-12T19:15:38.991+0000] {subprocess.py:106} INFO - 'Aggregate ['p.OwnerUserId, 'u.DisplayName, 'p.anio, 'p.PostTypeId], ['p.OwnerUserId AS user_id#0, 'COALESCE('u.DisplayName, Unknown) AS display_name#1, 'p.anio AS anio#2, 'p.PostTypeId AS post_type_id#3, CASE WHEN ('p.PostTypeId = 1) THEN Question WHEN ('p.PostTypeId = 2) THEN Answer ELSE Other END AS post_type#4, 'COUNT('p.Id) AS cant_posts#5, 'COALESCE('SUM('p.Score), 0) AS total_score#6, 'ROUND('AVG('p.Score), 2) AS avg_score#7, 'COALESCE('SUM('p.ViewCount), 0) AS total_views#8, cast(2026-04-12 19:15:20 as timestamp) AS fecha_cargue#9]
[2026-04-12T19:15:38.992+0000] {subprocess.py:106} INFO - +- 'Filter isnotnull('p.OwnerUserId)
[2026-04-12T19:15:38.992+0000] {subprocess.py:106} INFO -    +- 'Join LeftOuter, ('p.OwnerUserId = 'u.Id)
[2026-04-12T19:15:38.993+0000] {subprocess.py:106} INFO -       :- 'SubqueryAlias p
[2026-04-12T19:15:38.994+0000] {subprocess.py:106} INFO -       :  +- 'UnresolvedRelation [nessie, silver, post_hist], [], false
[2026-04-12T19:15:38.995+0000] {subprocess.py:106} INFO -       +- SubqueryAlias u
[2026-04-12T19:15:38.996+0000] {subprocess.py:106} INFO -          +- SubqueryAlias nessie.silver.users_hist
[2026-04-12T19:15:38.997+0000] {subprocess.py:106} INFO -             +- RelationV2[Id#10L, Reputation#11L, creation_date#12, DisplayName#13, LastAccessDate#14, Views#15L, UpVotes#16L, DownVotes#17L, location#18, AccountId#19L, anio#20, fecha_cargue#21, fuente#22] nessie.silver.users_hist nessie.silver.users_hist
[2026-04-12T19:15:38.997+0000] {subprocess.py:106} INFO - 
[2026-04-12T19:15:38.998+0000] {subprocess.py:106} INFO - 2026-04-12 19:15:38,987 INFO Closing down clientserver connection
[2026-04-12T19:15:39.049+0000] {subprocess.py:106} INFO - 26/04/12 19:15:39 INFO SparkContext: Invoking stop() from shutdown hook
[2026-04-12T19:15:39.050+0000] {subprocess.py:106} INFO - 26/04/12 19:15:39 INFO SparkContext: SparkContext is stopping with exitCode 0.
[2026-04-12T19:15:39.063+0000] {subprocess.py:106} INFO - 26/04/12 19:15:39 INFO SparkUI: Stopped Spark web UI at http://b4737cc55adb:4040
[2026-04-12T19:15:39.068+0000] {subprocess.py:106} INFO - 26/04/12 19:15:39 INFO StandaloneSchedulerBackend: Shutting down all executors
[2026-04-12T19:15:39.069+0000] {subprocess.py:106} INFO - 26/04/12 19:15:39 INFO StandaloneSchedulerBackend$StandaloneDriverEndpoint: Asking each executor to shut down
[2026-04-12T19:15:39.092+0000] {subprocess.py:106} INFO - 26/04/12 19:15:39 INFO MapOutputTrackerMasterEndpoint: MapOutputTrackerMasterEndpoint stopped!
[2026-04-12T19:15:39.303+0000] {subprocess.py:106} INFO - 26/04/12 19:15:39 INFO MemoryStore: MemoryStore cleared
[2026-04-12T19:15:39.322+0000] {subprocess.py:106} INFO - 26/04/12 19:15:39 INFO BlockManager: BlockManager stopped
[2026-04-12T19:15:39.324+0000] {subprocess.py:106} INFO - 26/04/12 19:15:39 INFO BlockManagerMaster: BlockManagerMaster stopped
[2026-04-12T19:15:39.325+0000] {subprocess.py:106} INFO - 26/04/12 19:15:39 INFO OutputCommitCoordinator$OutputCommitCoordinatorEndpoint: OutputCommitCoordinator stopped!
[2026-04-12T19:15:39.417+0000] {subprocess.py:106} INFO - 26/04/12 19:15:39 INFO SparkContext: Successfully stopped SparkContext
[2026-04-12T19:15:39.418+0000] {subprocess.py:106} INFO - 26/04/12 19:15:39 INFO ShutdownHookManager: Shutdown hook called
[2026-04-12T19:15:39.419+0000] {subprocess.py:106} INFO - 26/04/12 19:15:39 INFO ShutdownHookManager: Deleting directory /tmp/spark-b3ece085-c100-4105-92b3-be440a1c8cfe
[2026-04-12T19:15:39.426+0000] {subprocess.py:106} INFO - 26/04/12 19:15:39 INFO ShutdownHookManager: Deleting directory /tmp/spark-abef3a96-b1d5-42dd-a662-5bf67ddb952a
[2026-04-12T19:15:39.435+0000] {subprocess.py:106} INFO - 26/04/12 19:15:39 INFO ShutdownHookManager: Deleting directory /tmp/spark-abef3a96-b1d5-42dd-a662-5bf67ddb952a/pyspark-10b324c0-0893-4ec9-add4-95752e29822d
[2026-04-12T19:15:39.450+0000] {subprocess.py:106} INFO - 26/04/12 19:15:39 INFO MetricsSystemImpl: Stopping s3a-file-system metrics system...
[2026-04-12T19:15:39.453+0000] {subprocess.py:106} INFO - 26/04/12 19:15:39 INFO MetricsSystemImpl: s3a-file-system metrics system stopped.
[2026-04-12T19:15:39.454+0000] {subprocess.py:106} INFO - 26/04/12 19:15:39 INFO MetricsSystemImpl: s3a-file-system metrics system shutdown complete.
[2026-04-12T19:15:39.831+0000] {subprocess.py:110} INFO - Command exited with return code 1
[2026-04-12T19:15:39.844+0000] {taskinstance.py:3311} ERROR - Task failed with exception
Traceback (most recent call last):
  File "/home/airflow/.local/lib/python3.12/site-packages/airflow/models/taskinstance.py", line 762, in _execute_task
    result = _execute_callable(context=context, **execute_callable_kwargs)
             ^^^^^^^^^^^^^^^^^^^^^^^^^^^^^^^^^^^^^^^^^^^^^^^^^^^^^^^^^^^^^
  File "/home/airflow/.local/lib/python3.12/site-packages/airflow/models/taskinstance.py", line 733, in _execute_callable
    return ExecutionCallableRunner(
           ^^^^^^^^^^^^^^^^^^^^^^^^
  File "/home/airflow/.local/lib/python3.12/site-packages/airflow/utils/operator_helpers.py", line 252, in run
    return self.func(*args, **kwargs)
           ^^^^^^^^^^^^^^^^^^^^^^^^^^
  File "/home/airflow/.local/lib/python3.12/site-packages/airflow/models/baseoperator.py", line 417, in wrapper
    return func(self, *args, **kwargs)
           ^^^^^^^^^^^^^^^^^^^^^^^^^^^
  File "/home/airflow/.local/lib/python3.12/site-packages/airflow/operators/bash.py", line 276, in execute
    raise AirflowException(
airflow.exceptions.AirflowException: Bash command failed. The command returned a non-zero exit code 1.
[2026-04-12T19:15:39.853+0000] {taskinstance.py:1225} INFO - Marking task as UP_FOR_RETRY. dag_id=stackoverflow_pipeline, task_id=gold_agg, run_id=manual__2026-04-12T19:14:14+00:00, execution_date=20260412T191414, start_date=20260412T191517, end_date=20260412T191539
[2026-04-12T19:15:39.875+0000] {taskinstance.py:340} INFO - ::group::Post task execution logs
[2026-04-12T19:15:39.877+0000] {standard_task_runner.py:124} ERROR - Failed to execute job 19 for task gold_agg (Bash command failed. The command returned a non-zero exit code 1.; 2537)
Traceback (most recent call last):
  File "/home/airflow/.local/lib/python3.12/site-packages/airflow/task/task_runner/standard_task_runner.py", line 117, in _start_by_fork
    ret = args.func(args, dag=self.dag)
          ^^^^^^^^^^^^^^^^^^^^^^^^^^^^^
  File "/home/airflow/.local/lib/python3.12/site-packages/airflow/cli/cli_config.py", line 49, in command
    return func(*args, **kwargs)
           ^^^^^^^^^^^^^^^^^^^^^
  File "/home/airflow/.local/lib/python3.12/site-packages/airflow/utils/cli.py", line 116, in wrapper
    return f(*args, **kwargs)
           ^^^^^^^^^^^^^^^^^^
  File "/home/airflow/.local/lib/python3.12/site-packages/airflow/cli/commands/task_command.py", line 483, in task_run
    task_return_code = _run_task_by_selected_method(args, _dag, ti)
                       ^^^^^^^^^^^^^^^^^^^^^^^^^^^^^^^^^^^^^^^^^^^^
  File "/home/airflow/.local/lib/python3.12/site-packages/airflow/cli/commands/task_command.py", line 256, in _run_task_by_selected_method
    return _run_raw_task(args, ti)
           ^^^^^^^^^^^^^^^^^^^^^^^
  File "/home/airflow/.local/lib/python3.12/site-packages/airflow/cli/commands/task_command.py", line 341, in _run_raw_task
    return ti._run_raw_task(
           ^^^^^^^^^^^^^^^^^
  File "/home/airflow/.local/lib/python3.12/site-packages/airflow/utils/session.py", line 97, in wrapper
    return func(*args, session=session, **kwargs)
           ^^^^^^^^^^^^^^^^^^^^^^^^^^^^^^^^^^^^^^
  File "/home/airflow/.local/lib/python3.12/site-packages/airflow/models/taskinstance.py", line 3005, in _run_raw_task
    return _run_raw_task(
           ^^^^^^^^^^^^^^
  File "/home/airflow/.local/lib/python3.12/site-packages/airflow/models/taskinstance.py", line 273, in _run_raw_task
    TaskInstance._execute_task_with_callbacks(
  File "/home/airflow/.local/lib/python3.12/site-packages/airflow/models/taskinstance.py", line 3159, in _execute_task_with_callbacks
    result = self._execute_task(context, task_orig)
             ^^^^^^^^^^^^^^^^^^^^^^^^^^^^^^^^^^^^^^
  File "/home/airflow/.local/lib/python3.12/site-packages/airflow/models/taskinstance.py", line 3183, in _execute_task
    return _execute_task(self, context, task_orig)
           ^^^^^^^^^^^^^^^^^^^^^^^^^^^^^^^^^^^^^^^
  File "/home/airflow/.local/lib/python3.12/site-packages/airflow/models/taskinstance.py", line 762, in _execute_task
    result = _execute_callable(context=context, **execute_callable_kwargs)
             ^^^^^^^^^^^^^^^^^^^^^^^^^^^^^^^^^^^^^^^^^^^^^^^^^^^^^^^^^^^^^
  File "/home/airflow/.local/lib/python3.12/site-packages/airflow/models/taskinstance.py", line 733, in _execute_callable
    return ExecutionCallableRunner(
           ^^^^^^^^^^^^^^^^^^^^^^^^
  File "/home/airflow/.local/lib/python3.12/site-packages/airflow/utils/operator_helpers.py", line 252, in run
    return self.func(*args, **kwargs)
           ^^^^^^^^^^^^^^^^^^^^^^^^^^
  File "/home/airflow/.local/lib/python3.12/site-packages/airflow/models/baseoperator.py", line 417, in wrapper
    return func(self, *args, **kwargs)
           ^^^^^^^^^^^^^^^^^^^^^^^^^^^
  File "/home/airflow/.local/lib/python3.12/site-packages/airflow/operators/bash.py", line 276, in execute
    raise AirflowException(
airflow.exceptions.AirflowException: Bash command failed. The command returned a non-zero exit code 1.
[2026-04-12T19:15:39.891+0000] {local_task_job_runner.py:266} INFO - Task exited with return code 1
[2026-04-12T19:15:39.912+0000] {taskinstance.py:3895} INFO - 0 downstream tasks scheduled from follow-on schedule check
[2026-04-12T19:15:39.917+0000] {local_task_job_runner.py:245} INFO - ::endgroup::
