[2026-04-12T19:20:41.272+0000] {local_task_job_runner.py:123} INFO - ::group::Pre task execution logs
[2026-04-12T19:20:41.291+0000] {taskinstance.py:2613} INFO - Dependencies all met for dep_context=non-requeueable deps ti=<TaskInstance: stackoverflow_pipeline.gold_agg manual__2026-04-12T19:14:14+00:00 [queued]>
[2026-04-12T19:20:41.304+0000] {taskinstance.py:2613} INFO - Dependencies all met for dep_context=requeueable deps ti=<TaskInstance: stackoverflow_pipeline.gold_agg manual__2026-04-12T19:14:14+00:00 [queued]>
[2026-04-12T19:20:41.305+0000] {taskinstance.py:2866} INFO - Starting attempt 2 of 2
[2026-04-12T19:20:41.327+0000] {taskinstance.py:2889} INFO - Executing <Task(BashOperator): gold_agg> on 2026-04-12 19:14:14+00:00
[2026-04-12T19:20:41.335+0000] {warnings.py:112} WARNING - /home/***/.local/lib/python3.12/site-packages/***/task/task_runner/standard_task_runner.py:70: DeprecationWarning: This process (pid=4230) is multi-threaded, use of fork() may lead to deadlocks in the child.
  pid = os.fork()

[2026-04-12T19:20:41.337+0000] {standard_task_runner.py:72} INFO - Started process 4231 to run task
[2026-04-12T19:20:41.337+0000] {standard_task_runner.py:104} INFO - Running: ['***', 'tasks', 'run', 'stackoverflow_pipeline', 'gold_agg', 'manual__2026-04-12T19:14:14+00:00', '--job-id', '25', '--raw', '--subdir', 'DAGS_FOLDER/stackoverflow_pipeline.py', '--cfg-path', '/tmp/tmpbkdon46j']
[2026-04-12T19:20:41.339+0000] {standard_task_runner.py:105} INFO - Job 25: Subtask gold_agg
[2026-04-12T19:20:41.384+0000] {task_command.py:467} INFO - Running <TaskInstance: stackoverflow_pipeline.gold_agg manual__2026-04-12T19:14:14+00:00 [running]> on host b4737cc55adb
[2026-04-12T19:20:41.448+0000] {taskinstance.py:3132} INFO - Exporting env vars: AIRFLOW_CTX_DAG_OWNER='fhbd-grupo' AIRFLOW_CTX_DAG_ID='stackoverflow_pipeline' AIRFLOW_CTX_TASK_ID='gold_agg' AIRFLOW_CTX_EXECUTION_DATE='2026-04-12T19:14:14+00:00' AIRFLOW_CTX_TRY_NUMBER='2' AIRFLOW_CTX_DAG_RUN_ID='manual__2026-04-12T19:14:14+00:00'
[2026-04-12T19:20:41.449+0000] {taskinstance.py:731} INFO - ::endgroup::
[2026-04-12T19:20:41.462+0000] {subprocess.py:78} INFO - Tmp dir root location: /tmp
[2026-04-12T19:20:41.464+0000] {subprocess.py:88} INFO - Running command: ['/usr/bin/bash', '-c', '/opt/spark/bin/spark-submit --master spark://spark-master:7077 --conf spark.submit.deployMode=client --conf spark.driver.bindAddress=0.0.0.0 --conf spark.executor.instances=1 --conf spark.executor.cores=2 --conf spark.executor.memory=2g --conf spark.driver.memory=1g --conf spark.sql.extensions=org.apache.iceberg.spark.extensions.IcebergSparkSessionExtensions,org.projectnessie.spark.extensions.NessieSparkSessionExtensions --conf spark.sql.catalog.nessie=org.apache.iceberg.spark.SparkCatalog --conf spark.sql.catalog.nessie.catalog-impl=org.apache.iceberg.nessie.NessieCatalog --conf spark.sql.catalog.nessie.uri=http://proyecto2-nessie:19120/api/v1 --conf spark.sql.catalog.nessie.ref=main --conf spark.sql.catalog.nessie.authentication.type=NONE --conf spark.sql.catalog.nessie.warehouse=s3a://iceberg/ --conf spark.hadoop.fs.s3a.endpoint=http://proyecto2-minio:9000 --conf spark.hadoop.fs.s3a.access.key=minioadmin --conf spark.hadoop.fs.s3a.secret.key=minioadmin123 --conf spark.hadoop.fs.s3a.path.style.access=true --conf spark.hadoop.fs.s3a.impl=org.apache.hadoop.fs.s3a.S3AFileSystem --conf spark.hadoop.fs.s3a.aws.credentials.provider=org.apache.hadoop.fs.s3a.SimpleAWSCredentialsProvider --conf spark.hadoop.fs.s3a.connection.ssl.enabled=false --packages org.apache.iceberg:iceberg-spark-runtime-3.5_2.12:1.6.1,org.projectnessie.nessie-integrations:nessie-spark-extensions-3.5_2.12:0.95.0,org.apache.hadoop:hadoop-aws:3.3.4,com.amazonaws:aws-java-sdk-bundle:1.12.262 --name gold_cant_post_x_user_hist --verbose /opt/***/scripts/gold_agg.py']
[2026-04-12T19:20:41.485+0000] {subprocess.py:99} INFO - Output:
[2026-04-12T19:20:41.494+0000] {subprocess.py:106} INFO - /opt/spark/bin/load-spark-env.sh: line 68: ps: command not found
[2026-04-12T19:20:42.738+0000] {subprocess.py:106} INFO - Using properties file: null
[2026-04-12T19:20:42.886+0000] {subprocess.py:106} INFO - Parsed arguments:
[2026-04-12T19:20:42.887+0000] {subprocess.py:106} INFO -   master                  spark://spark-master:7077
[2026-04-12T19:20:42.887+0000] {subprocess.py:106} INFO -   remote                  null
[2026-04-12T19:20:42.888+0000] {subprocess.py:106} INFO -   deployMode              client
[2026-04-12T19:20:42.889+0000] {subprocess.py:106} INFO -   executorMemory          2g
[2026-04-12T19:20:42.890+0000] {subprocess.py:106} INFO -   executorCores           2
[2026-04-12T19:20:42.891+0000] {subprocess.py:106} INFO -   totalExecutorCores      null
[2026-04-12T19:20:42.892+0000] {subprocess.py:106} INFO -   propertiesFile          null
[2026-04-12T19:20:42.893+0000] {subprocess.py:106} INFO -   driverMemory            1g
[2026-04-12T19:20:42.894+0000] {subprocess.py:106} INFO -   driverCores             null
[2026-04-12T19:20:42.894+0000] {subprocess.py:106} INFO -   driverExtraClassPath    null
[2026-04-12T19:20:42.895+0000] {subprocess.py:106} INFO -   driverExtraLibraryPath  null
[2026-04-12T19:20:42.896+0000] {subprocess.py:106} INFO -   driverExtraJavaOptions  null
[2026-04-12T19:20:42.897+0000] {subprocess.py:106} INFO -   supervise               false
[2026-04-12T19:20:42.898+0000] {subprocess.py:106} INFO -   queue                   null
[2026-04-12T19:20:42.899+0000] {subprocess.py:106} INFO -   numExecutors            1
[2026-04-12T19:20:42.900+0000] {subprocess.py:106} INFO -   files                   null
[2026-04-12T19:20:42.900+0000] {subprocess.py:106} INFO -   pyFiles                 null
[2026-04-12T19:20:42.901+0000] {subprocess.py:106} INFO -   archives                null
[2026-04-12T19:20:42.902+0000] {subprocess.py:106} INFO -   mainClass               null
[2026-04-12T19:20:42.903+0000] {subprocess.py:106} INFO -   primaryResource         file:/opt/***/scripts/gold_agg.py
[2026-04-12T19:20:42.905+0000] {subprocess.py:106} INFO -   name                    gold_cant_post_x_user_hist
[2026-04-12T19:20:42.906+0000] {subprocess.py:106} INFO -   childArgs               []
[2026-04-12T19:20:42.907+0000] {subprocess.py:106} INFO -   jars                    null
[2026-04-12T19:20:42.907+0000] {subprocess.py:106} INFO -   packages                org.apache.iceberg:iceberg-spark-runtime-3.5_2.12:1.6.1,org.projectnessie.nessie-integrations:nessie-spark-extensions-3.5_2.12:0.95.0,org.apache.hadoop:hadoop-aws:3.3.4,com.amazonaws:aws-java-sdk-bundle:1.12.262
[2026-04-12T19:20:42.908+0000] {subprocess.py:106} INFO -   packagesExclusions      null
[2026-04-12T19:20:42.909+0000] {subprocess.py:106} INFO -   repositories            null
[2026-04-12T19:20:42.910+0000] {subprocess.py:106} INFO -   verbose                 true
[2026-04-12T19:20:42.911+0000] {subprocess.py:106} INFO - 
[2026-04-12T19:20:42.916+0000] {subprocess.py:106} INFO - Spark properties used, including those specified through
[2026-04-12T19:20:42.917+0000] {subprocess.py:106} INFO -  --conf and those from the properties file null:
[2026-04-12T19:20:42.918+0000] {subprocess.py:106} INFO -   (spark.driver.bindAddress,0.0.0.0)
[2026-04-12T19:20:42.918+0000] {subprocess.py:106} INFO -   (spark.driver.memory,1g)
[2026-04-12T19:20:42.919+0000] {subprocess.py:106} INFO -   (spark.executor.cores,2)
[2026-04-12T19:20:42.919+0000] {subprocess.py:106} INFO -   (spark.executor.instances,1)
[2026-04-12T19:20:42.919+0000] {subprocess.py:106} INFO -   (spark.executor.memory,2g)
[2026-04-12T19:20:42.920+0000] {subprocess.py:106} INFO -   (spark.hadoop.fs.s3a.access.key,*********(redacted))
[2026-04-12T19:20:42.920+0000] {subprocess.py:106} INFO -   (spark.hadoop.fs.s3a.aws.credentials.provider,org.apache.hadoop.fs.s3a.SimpleAWSCredentialsProvider)
[2026-04-12T19:20:42.921+0000] {subprocess.py:106} INFO -   (spark.hadoop.fs.s3a.connection.ssl.enabled,false)
[2026-04-12T19:20:42.921+0000] {subprocess.py:106} INFO -   (spark.hadoop.fs.s3a.endpoint,http://proyecto2-minio:9000)
[2026-04-12T19:20:42.921+0000] {subprocess.py:106} INFO -   (spark.hadoop.fs.s3a.impl,org.apache.hadoop.fs.s3a.S3AFileSystem)
[2026-04-12T19:20:42.922+0000] {subprocess.py:106} INFO -   (spark.hadoop.fs.s3a.path.style.access,true)
[2026-04-12T19:20:42.922+0000] {subprocess.py:106} INFO -   (spark.hadoop.fs.s3a.secret.key,*********(redacted))
[2026-04-12T19:20:42.923+0000] {subprocess.py:106} INFO -   (spark.sql.catalog.nessie,org.apache.iceberg.spark.SparkCatalog)
[2026-04-12T19:20:42.923+0000] {subprocess.py:106} INFO -   (spark.sql.catalog.nessie.authentication.type,NONE)
[2026-04-12T19:20:42.924+0000] {subprocess.py:106} INFO -   (spark.sql.catalog.nessie.catalog-impl,org.apache.iceberg.nessie.NessieCatalog)
[2026-04-12T19:20:42.924+0000] {subprocess.py:106} INFO -   (spark.sql.catalog.nessie.ref,main)
[2026-04-12T19:20:42.925+0000] {subprocess.py:106} INFO -   (spark.sql.catalog.nessie.uri,http://proyecto2-nessie:19120/api/v1)
[2026-04-12T19:20:42.925+0000] {subprocess.py:106} INFO -   (spark.sql.catalog.nessie.warehouse,s3a://iceberg/)
[2026-04-12T19:20:42.925+0000] {subprocess.py:106} INFO -   (spark.sql.extensions,org.apache.iceberg.spark.extensions.IcebergSparkSessionExtensions,org.projectnessie.spark.extensions.NessieSparkSessionExtensions)
[2026-04-12T19:20:42.926+0000] {subprocess.py:106} INFO -   (spark.submit.deployMode,client)
[2026-04-12T19:20:42.927+0000] {subprocess.py:106} INFO - 
[2026-04-12T19:20:42.927+0000] {subprocess.py:106} INFO - 
[2026-04-12T19:20:43.010+0000] {subprocess.py:106} INFO - :: loading settings :: url = jar:file:/opt/spark/jars/ivy-2.5.1.jar!/org/apache/ivy/core/settings/ivysettings.xml
[2026-04-12T19:20:43.069+0000] {subprocess.py:106} INFO - Ivy Default Cache set to: /home/***/.ivy2/cache
[2026-04-12T19:20:43.070+0000] {subprocess.py:106} INFO - The jars for the packages stored in: /home/***/.ivy2/jars
[2026-04-12T19:20:43.074+0000] {subprocess.py:106} INFO - org.apache.iceberg#iceberg-spark-runtime-3.5_2.12 added as a dependency
[2026-04-12T19:20:43.075+0000] {subprocess.py:106} INFO - org.projectnessie.nessie-integrations#nessie-spark-extensions-3.5_2.12 added as a dependency
[2026-04-12T19:20:43.076+0000] {subprocess.py:106} INFO - org.apache.hadoop#hadoop-aws added as a dependency
[2026-04-12T19:20:43.076+0000] {subprocess.py:106} INFO - com.amazonaws#aws-java-sdk-bundle added as a dependency
[2026-04-12T19:20:43.077+0000] {subprocess.py:106} INFO - :: resolving dependencies :: org.apache.spark#spark-submit-parent-a0a5f423-5478-44cf-8fdb-d66929fb3503;1.0
[2026-04-12T19:20:43.077+0000] {subprocess.py:106} INFO - 	confs: [default]
[2026-04-12T19:20:43.200+0000] {subprocess.py:106} INFO - 	found org.apache.iceberg#iceberg-spark-runtime-3.5_2.12;1.6.1 in central
[2026-04-12T19:20:43.217+0000] {subprocess.py:106} INFO - 	found org.projectnessie.nessie-integrations#nessie-spark-extensions-3.5_2.12;0.95.0 in central
[2026-04-12T19:20:43.264+0000] {subprocess.py:106} INFO - 	found org.apache.hadoop#hadoop-aws;3.3.4 in central
[2026-04-12T19:20:43.282+0000] {subprocess.py:106} INFO - 	found com.amazonaws#aws-java-sdk-bundle;1.12.262 in central
[2026-04-12T19:20:43.298+0000] {subprocess.py:106} INFO - 	found org.wildfly.openssl#wildfly-openssl;1.0.7.Final in central
[2026-04-12T19:20:43.319+0000] {subprocess.py:106} INFO - :: resolution report :: resolve 233ms :: artifacts dl 10ms
[2026-04-12T19:20:43.320+0000] {subprocess.py:106} INFO - 	:: modules in use:
[2026-04-12T19:20:43.321+0000] {subprocess.py:106} INFO - 	com.amazonaws#aws-java-sdk-bundle;1.12.262 from central in [default]
[2026-04-12T19:20:43.322+0000] {subprocess.py:106} INFO - 	org.apache.hadoop#hadoop-aws;3.3.4 from central in [default]
[2026-04-12T19:20:43.323+0000] {subprocess.py:106} INFO - 	org.apache.iceberg#iceberg-spark-runtime-3.5_2.12;1.6.1 from central in [default]
[2026-04-12T19:20:43.324+0000] {subprocess.py:106} INFO - 	org.projectnessie.nessie-integrations#nessie-spark-extensions-3.5_2.12;0.95.0 from central in [default]
[2026-04-12T19:20:43.325+0000] {subprocess.py:106} INFO - 	org.wildfly.openssl#wildfly-openssl;1.0.7.Final from central in [default]
[2026-04-12T19:20:43.326+0000] {subprocess.py:106} INFO - 	---------------------------------------------------------------------
[2026-04-12T19:20:43.327+0000] {subprocess.py:106} INFO - 	|                  |            modules            ||   artifacts   |
[2026-04-12T19:20:43.328+0000] {subprocess.py:106} INFO - 	|       conf       | number| search|dwnlded|evicted|| number|dwnlded|
[2026-04-12T19:20:43.329+0000] {subprocess.py:106} INFO - 	---------------------------------------------------------------------
[2026-04-12T19:20:43.331+0000] {subprocess.py:106} INFO - 	|      default     |   5   |   0   |   0   |   0   ||   5   |   0   |
[2026-04-12T19:20:43.332+0000] {subprocess.py:106} INFO - 	---------------------------------------------------------------------
[2026-04-12T19:20:43.333+0000] {subprocess.py:106} INFO - :: retrieving :: org.apache.spark#spark-submit-parent-a0a5f423-5478-44cf-8fdb-d66929fb3503
[2026-04-12T19:20:43.335+0000] {subprocess.py:106} INFO - 	confs: [default]
[2026-04-12T19:20:43.337+0000] {subprocess.py:106} INFO - 	0 artifacts copied, 5 already retrieved (0kB/11ms)
[2026-04-12T19:20:43.528+0000] {subprocess.py:106} INFO - 26/04/12 19:20:43 WARN NativeCodeLoader: Unable to load native-hadoop library for your platform... using builtin-java classes where applicable
[2026-04-12T19:20:43.749+0000] {subprocess.py:106} INFO - Main class:
[2026-04-12T19:20:43.751+0000] {subprocess.py:106} INFO - org.apache.spark.deploy.PythonRunner
[2026-04-12T19:20:43.752+0000] {subprocess.py:106} INFO - Arguments:
[2026-04-12T19:20:43.753+0000] {subprocess.py:106} INFO - file:/opt/***/scripts/gold_agg.py
[2026-04-12T19:20:43.754+0000] {subprocess.py:106} INFO - file:///home/***/.ivy2/jars/org.apache.iceberg_iceberg-spark-runtime-3.5_2.12-1.6.1.jar,file:///home/***/.ivy2/jars/org.projectnessie.nessie-integrations_nessie-spark-extensions-3.5_2.12-0.95.0.jar,file:///home/***/.ivy2/jars/org.apache.hadoop_hadoop-aws-3.3.4.jar,file:///home/***/.ivy2/jars/com.amazonaws_aws-java-sdk-bundle-1.12.262.jar,file:///home/***/.ivy2/jars/org.wildfly.openssl_wildfly-openssl-1.0.7.Final.jar
[2026-04-12T19:20:43.755+0000] {subprocess.py:106} INFO - Spark config:
[2026-04-12T19:20:43.756+0000] {subprocess.py:106} INFO - (spark.app.name,gold_cant_post_x_user_hist)
[2026-04-12T19:20:43.757+0000] {subprocess.py:106} INFO - (spark.app.submitTime,1776021643723)
[2026-04-12T19:20:43.758+0000] {subprocess.py:106} INFO - (spark.driver.bindAddress,0.0.0.0)
[2026-04-12T19:20:43.759+0000] {subprocess.py:106} INFO - (spark.driver.memory,1g)
[2026-04-12T19:20:43.760+0000] {subprocess.py:106} INFO - (spark.executor.cores,2)
[2026-04-12T19:20:43.761+0000] {subprocess.py:106} INFO - (spark.executor.instances,1)
[2026-04-12T19:20:43.762+0000] {subprocess.py:106} INFO - (spark.executor.memory,2g)
[2026-04-12T19:20:43.763+0000] {subprocess.py:106} INFO - (spark.files,file:///home/***/.ivy2/jars/org.apache.iceberg_iceberg-spark-runtime-3.5_2.12-1.6.1.jar,file:///home/***/.ivy2/jars/org.projectnessie.nessie-integrations_nessie-spark-extensions-3.5_2.12-0.95.0.jar,file:///home/***/.ivy2/jars/org.apache.hadoop_hadoop-aws-3.3.4.jar,file:///home/***/.ivy2/jars/com.amazonaws_aws-java-sdk-bundle-1.12.262.jar,file:///home/***/.ivy2/jars/org.wildfly.openssl_wildfly-openssl-1.0.7.Final.jar)
[2026-04-12T19:20:43.764+0000] {subprocess.py:106} INFO - (spark.hadoop.fs.s3a.access.key,*********(redacted))
[2026-04-12T19:20:43.764+0000] {subprocess.py:106} INFO - (spark.hadoop.fs.s3a.aws.credentials.provider,org.apache.hadoop.fs.s3a.SimpleAWSCredentialsProvider)
[2026-04-12T19:20:43.765+0000] {subprocess.py:106} INFO - (spark.hadoop.fs.s3a.connection.ssl.enabled,false)
[2026-04-12T19:20:43.766+0000] {subprocess.py:106} INFO - (spark.hadoop.fs.s3a.endpoint,http://proyecto2-minio:9000)
[2026-04-12T19:20:43.767+0000] {subprocess.py:106} INFO - (spark.hadoop.fs.s3a.impl,org.apache.hadoop.fs.s3a.S3AFileSystem)
[2026-04-12T19:20:43.767+0000] {subprocess.py:106} INFO - (spark.hadoop.fs.s3a.path.style.access,true)
[2026-04-12T19:20:43.768+0000] {subprocess.py:106} INFO - (spark.hadoop.fs.s3a.secret.key,*********(redacted))
[2026-04-12T19:20:43.769+0000] {subprocess.py:106} INFO - (spark.jars,file:///home/***/.ivy2/jars/org.apache.iceberg_iceberg-spark-runtime-3.5_2.12-1.6.1.jar,file:///home/***/.ivy2/jars/org.projectnessie.nessie-integrations_nessie-spark-extensions-3.5_2.12-0.95.0.jar,file:///home/***/.ivy2/jars/org.apache.hadoop_hadoop-aws-3.3.4.jar,file:///home/***/.ivy2/jars/com.amazonaws_aws-java-sdk-bundle-1.12.262.jar,file:///home/***/.ivy2/jars/org.wildfly.openssl_wildfly-openssl-1.0.7.Final.jar)
[2026-04-12T19:20:43.770+0000] {subprocess.py:106} INFO - (spark.master,spark://spark-master:7077)
[2026-04-12T19:20:43.770+0000] {subprocess.py:106} INFO - (spark.repl.local.jars,file:///home/***/.ivy2/jars/org.apache.iceberg_iceberg-spark-runtime-3.5_2.12-1.6.1.jar,file:///home/***/.ivy2/jars/org.projectnessie.nessie-integrations_nessie-spark-extensions-3.5_2.12-0.95.0.jar,file:///home/***/.ivy2/jars/org.apache.hadoop_hadoop-aws-3.3.4.jar,file:///home/***/.ivy2/jars/com.amazonaws_aws-java-sdk-bundle-1.12.262.jar,file:///home/***/.ivy2/jars/org.wildfly.openssl_wildfly-openssl-1.0.7.Final.jar)
[2026-04-12T19:20:43.771+0000] {subprocess.py:106} INFO - (spark.sql.catalog.nessie,org.apache.iceberg.spark.SparkCatalog)
[2026-04-12T19:20:43.772+0000] {subprocess.py:106} INFO - (spark.sql.catalog.nessie.authentication.type,NONE)
[2026-04-12T19:20:43.773+0000] {subprocess.py:106} INFO - (spark.sql.catalog.nessie.catalog-impl,org.apache.iceberg.nessie.NessieCatalog)
[2026-04-12T19:20:43.773+0000] {subprocess.py:106} INFO - (spark.sql.catalog.nessie.ref,main)
[2026-04-12T19:20:43.774+0000] {subprocess.py:106} INFO - (spark.sql.catalog.nessie.uri,http://proyecto2-nessie:19120/api/v1)
[2026-04-12T19:20:43.775+0000] {subprocess.py:106} INFO - (spark.sql.catalog.nessie.warehouse,s3a://iceberg/)
[2026-04-12T19:20:43.775+0000] {subprocess.py:106} INFO - (spark.sql.extensions,org.apache.iceberg.spark.extensions.IcebergSparkSessionExtensions,org.projectnessie.spark.extensions.NessieSparkSessionExtensions)
[2026-04-12T19:20:43.776+0000] {subprocess.py:106} INFO - (spark.submit.deployMode,client)
[2026-04-12T19:20:43.776+0000] {subprocess.py:106} INFO - (spark.submit.pyFiles,/home/***/.ivy2/jars/org.apache.iceberg_iceberg-spark-runtime-3.5_2.12-1.6.1.jar,/home/***/.ivy2/jars/org.projectnessie.nessie-integrations_nessie-spark-extensions-3.5_2.12-0.95.0.jar,/home/***/.ivy2/jars/org.apache.hadoop_hadoop-aws-3.3.4.jar,/home/***/.ivy2/jars/com.amazonaws_aws-java-sdk-bundle-1.12.262.jar,/home/***/.ivy2/jars/org.wildfly.openssl_wildfly-openssl-1.0.7.Final.jar)
[2026-04-12T19:20:43.777+0000] {subprocess.py:106} INFO - Classpath elements:
[2026-04-12T19:20:43.778+0000] {subprocess.py:106} INFO - file:///home/***/.ivy2/jars/org.apache.iceberg_iceberg-spark-runtime-3.5_2.12-1.6.1.jar
[2026-04-12T19:20:43.778+0000] {subprocess.py:106} INFO - file:///home/***/.ivy2/jars/org.projectnessie.nessie-integrations_nessie-spark-extensions-3.5_2.12-0.95.0.jar
[2026-04-12T19:20:43.779+0000] {subprocess.py:106} INFO - file:///home/***/.ivy2/jars/org.apache.hadoop_hadoop-aws-3.3.4.jar
[2026-04-12T19:20:43.779+0000] {subprocess.py:106} INFO - file:///home/***/.ivy2/jars/com.amazonaws_aws-java-sdk-bundle-1.12.262.jar
[2026-04-12T19:20:43.780+0000] {subprocess.py:106} INFO - file:///home/***/.ivy2/jars/org.wildfly.openssl_wildfly-openssl-1.0.7.Final.jar
[2026-04-12T19:20:43.780+0000] {subprocess.py:106} INFO - 
[2026-04-12T19:20:43.781+0000] {subprocess.py:106} INFO - 
[2026-04-12T19:20:44.244+0000] {subprocess.py:106} INFO - 2026-04-12 19:20:44,244 INFO ============================================================
[2026-04-12T19:20:44.245+0000] {subprocess.py:106} INFO - 2026-04-12 19:20:44,244 INFO GOLD AGG — cant_post_x_user_hist ★
[2026-04-12T19:20:44.246+0000] {subprocess.py:106} INFO - 2026-04-12 19:20:44,244 INFO Fuentes: nessie.silver.post_hist + nessie.silver.users_hist
[2026-04-12T19:20:44.246+0000] {subprocess.py:106} INFO - 2026-04-12 19:20:44,244 INFO ============================================================
[2026-04-12T19:20:44.367+0000] {subprocess.py:106} INFO - 26/04/12 19:20:44 INFO SparkContext: Running Spark version 3.5.5
[2026-04-12T19:20:44.368+0000] {subprocess.py:106} INFO - 26/04/12 19:20:44 INFO SparkContext: OS info Linux, 6.6.87.2-microsoft-standard-WSL2, amd64
[2026-04-12T19:20:44.368+0000] {subprocess.py:106} INFO - 26/04/12 19:20:44 INFO SparkContext: Java version 17.0.18
[2026-04-12T19:20:44.388+0000] {subprocess.py:106} INFO - 26/04/12 19:20:44 INFO ResourceUtils: ==============================================================
[2026-04-12T19:20:44.389+0000] {subprocess.py:106} INFO - 26/04/12 19:20:44 INFO ResourceUtils: No custom resources configured for spark.driver.
[2026-04-12T19:20:44.390+0000] {subprocess.py:106} INFO - 26/04/12 19:20:44 INFO ResourceUtils: ==============================================================
[2026-04-12T19:20:44.391+0000] {subprocess.py:106} INFO - 26/04/12 19:20:44 INFO SparkContext: Submitted application: gold_agg
[2026-04-12T19:20:44.411+0000] {subprocess.py:106} INFO - 26/04/12 19:20:44 INFO ResourceProfile: Default ResourceProfile created, executor resources: Map(cores -> name: cores, amount: 2, script: , vendor: , memory -> name: memory, amount: 2048, script: , vendor: , offHeap -> name: offHeap, amount: 0, script: , vendor: ), task resources: Map(cpus -> name: cpus, amount: 1.0)
[2026-04-12T19:20:44.419+0000] {subprocess.py:106} INFO - 26/04/12 19:20:44 INFO ResourceProfile: Limiting resource is cpus at 2 tasks per executor
[2026-04-12T19:20:44.421+0000] {subprocess.py:106} INFO - 26/04/12 19:20:44 INFO ResourceProfileManager: Added ResourceProfile id: 0
[2026-04-12T19:20:44.461+0000] {subprocess.py:106} INFO - 26/04/12 19:20:44 INFO SecurityManager: Changing view acls to: ***
[2026-04-12T19:20:44.463+0000] {subprocess.py:106} INFO - 26/04/12 19:20:44 INFO SecurityManager: Changing modify acls to: ***
[2026-04-12T19:20:44.464+0000] {subprocess.py:106} INFO - 26/04/12 19:20:44 INFO SecurityManager: Changing view acls groups to:
[2026-04-12T19:20:44.464+0000] {subprocess.py:106} INFO - 26/04/12 19:20:44 INFO SecurityManager: Changing modify acls groups to:
[2026-04-12T19:20:44.465+0000] {subprocess.py:106} INFO - 26/04/12 19:20:44 INFO SecurityManager: SecurityManager: authentication disabled; ui acls disabled; users with view permissions: ***; groups with view permissions: EMPTY; users with modify permissions: ***; groups with modify permissions: EMPTY
[2026-04-12T19:20:44.639+0000] {subprocess.py:106} INFO - 26/04/12 19:20:44 INFO Utils: Successfully started service 'sparkDriver' on port 37895.
[2026-04-12T19:20:44.659+0000] {subprocess.py:106} INFO - 26/04/12 19:20:44 INFO SparkEnv: Registering MapOutputTracker
[2026-04-12T19:20:44.695+0000] {subprocess.py:106} INFO - 26/04/12 19:20:44 INFO SparkEnv: Registering BlockManagerMaster
[2026-04-12T19:20:44.708+0000] {subprocess.py:106} INFO - 26/04/12 19:20:44 INFO BlockManagerMasterEndpoint: Using org.apache.spark.storage.DefaultTopologyMapper for getting topology information
[2026-04-12T19:20:44.709+0000] {subprocess.py:106} INFO - 26/04/12 19:20:44 INFO BlockManagerMasterEndpoint: BlockManagerMasterEndpoint up
[2026-04-12T19:20:44.713+0000] {subprocess.py:106} INFO - 26/04/12 19:20:44 INFO SparkEnv: Registering BlockManagerMasterHeartbeat
[2026-04-12T19:20:44.728+0000] {subprocess.py:106} INFO - 26/04/12 19:20:44 INFO DiskBlockManager: Created local directory at /tmp/blockmgr-ab231e4d-8150-467d-b41f-1722bd179db3
[2026-04-12T19:20:44.741+0000] {subprocess.py:106} INFO - 26/04/12 19:20:44 INFO MemoryStore: MemoryStore started with capacity 434.4 MiB
[2026-04-12T19:20:44.754+0000] {subprocess.py:106} INFO - 26/04/12 19:20:44 INFO SparkEnv: Registering OutputCommitCoordinator
[2026-04-12T19:20:44.845+0000] {subprocess.py:106} INFO - 26/04/12 19:20:44 INFO JettyUtils: Start Jetty 0.0.0.0:4040 for SparkUI
[2026-04-12T19:20:44.891+0000] {subprocess.py:106} INFO - 26/04/12 19:20:44 INFO Utils: Successfully started service 'SparkUI' on port 4040.
[2026-04-12T19:20:44.923+0000] {subprocess.py:106} INFO - 26/04/12 19:20:44 INFO SparkContext: Added JAR file:///home/***/.ivy2/jars/org.apache.iceberg_iceberg-spark-runtime-3.5_2.12-1.6.1.jar at spark://b4737cc55adb:37895/jars/org.apache.iceberg_iceberg-spark-runtime-3.5_2.12-1.6.1.jar with timestamp 1776021644361
[2026-04-12T19:20:44.924+0000] {subprocess.py:106} INFO - 26/04/12 19:20:44 INFO SparkContext: Added JAR file:///home/***/.ivy2/jars/org.projectnessie.nessie-integrations_nessie-spark-extensions-3.5_2.12-0.95.0.jar at spark://b4737cc55adb:37895/jars/org.projectnessie.nessie-integrations_nessie-spark-extensions-3.5_2.12-0.95.0.jar with timestamp 1776021644361
[2026-04-12T19:20:44.925+0000] {subprocess.py:106} INFO - 26/04/12 19:20:44 INFO SparkContext: Added JAR file:///home/***/.ivy2/jars/org.apache.hadoop_hadoop-aws-3.3.4.jar at spark://b4737cc55adb:37895/jars/org.apache.hadoop_hadoop-aws-3.3.4.jar with timestamp 1776021644361
[2026-04-12T19:20:44.926+0000] {subprocess.py:106} INFO - 26/04/12 19:20:44 INFO SparkContext: Added JAR file:///home/***/.ivy2/jars/com.amazonaws_aws-java-sdk-bundle-1.12.262.jar at spark://b4737cc55adb:37895/jars/com.amazonaws_aws-java-sdk-bundle-1.12.262.jar with timestamp 1776021644361
[2026-04-12T19:20:44.927+0000] {subprocess.py:106} INFO - 26/04/12 19:20:44 INFO SparkContext: Added JAR file:///home/***/.ivy2/jars/org.wildfly.openssl_wildfly-openssl-1.0.7.Final.jar at spark://b4737cc55adb:37895/jars/org.wildfly.openssl_wildfly-openssl-1.0.7.Final.jar with timestamp 1776021644361
[2026-04-12T19:20:44.928+0000] {subprocess.py:106} INFO - 26/04/12 19:20:44 INFO SparkContext: Added file file:///home/***/.ivy2/jars/org.apache.iceberg_iceberg-spark-runtime-3.5_2.12-1.6.1.jar at spark://b4737cc55adb:37895/files/org.apache.iceberg_iceberg-spark-runtime-3.5_2.12-1.6.1.jar with timestamp 1776021644361
[2026-04-12T19:20:44.929+0000] {subprocess.py:106} INFO - 26/04/12 19:20:44 INFO Utils: Copying /home/***/.ivy2/jars/org.apache.iceberg_iceberg-spark-runtime-3.5_2.12-1.6.1.jar to /tmp/spark-b13ed12e-4927-4038-9a31-85fdb0b9d08a/userFiles-1f1c9cc5-5f1e-4924-ab37-618de7829ab2/org.apache.iceberg_iceberg-spark-runtime-3.5_2.12-1.6.1.jar
[2026-04-12T19:20:44.970+0000] {subprocess.py:106} INFO - 26/04/12 19:20:44 INFO SparkContext: Added file file:///home/***/.ivy2/jars/org.projectnessie.nessie-integrations_nessie-spark-extensions-3.5_2.12-0.95.0.jar at spark://b4737cc55adb:37895/files/org.projectnessie.nessie-integrations_nessie-spark-extensions-3.5_2.12-0.95.0.jar with timestamp 1776021644361
[2026-04-12T19:20:44.971+0000] {subprocess.py:106} INFO - 26/04/12 19:20:44 INFO Utils: Copying /home/***/.ivy2/jars/org.projectnessie.nessie-integrations_nessie-spark-extensions-3.5_2.12-0.95.0.jar to /tmp/spark-b13ed12e-4927-4038-9a31-85fdb0b9d08a/userFiles-1f1c9cc5-5f1e-4924-ab37-618de7829ab2/org.projectnessie.nessie-integrations_nessie-spark-extensions-3.5_2.12-0.95.0.jar
[2026-04-12T19:20:44.978+0000] {subprocess.py:106} INFO - 26/04/12 19:20:44 INFO SparkContext: Added file file:///home/***/.ivy2/jars/org.apache.hadoop_hadoop-aws-3.3.4.jar at spark://b4737cc55adb:37895/files/org.apache.hadoop_hadoop-aws-3.3.4.jar with timestamp 1776021644361
[2026-04-12T19:20:44.980+0000] {subprocess.py:106} INFO - 26/04/12 19:20:44 INFO Utils: Copying /home/***/.ivy2/jars/org.apache.hadoop_hadoop-aws-3.3.4.jar to /tmp/spark-b13ed12e-4927-4038-9a31-85fdb0b9d08a/userFiles-1f1c9cc5-5f1e-4924-ab37-618de7829ab2/org.apache.hadoop_hadoop-aws-3.3.4.jar
[2026-04-12T19:20:44.982+0000] {subprocess.py:106} INFO - 26/04/12 19:20:44 INFO SparkContext: Added file file:///home/***/.ivy2/jars/com.amazonaws_aws-java-sdk-bundle-1.12.262.jar at spark://b4737cc55adb:37895/files/com.amazonaws_aws-java-sdk-bundle-1.12.262.jar with timestamp 1776021644361
[2026-04-12T19:20:44.983+0000] {subprocess.py:106} INFO - 26/04/12 19:20:44 INFO Utils: Copying /home/***/.ivy2/jars/com.amazonaws_aws-java-sdk-bundle-1.12.262.jar to /tmp/spark-b13ed12e-4927-4038-9a31-85fdb0b9d08a/userFiles-1f1c9cc5-5f1e-4924-ab37-618de7829ab2/com.amazonaws_aws-java-sdk-bundle-1.12.262.jar
[2026-04-12T19:20:45.137+0000] {subprocess.py:106} INFO - 26/04/12 19:20:45 INFO SparkContext: Added file file:///home/***/.ivy2/jars/org.wildfly.openssl_wildfly-openssl-1.0.7.Final.jar at spark://b4737cc55adb:37895/files/org.wildfly.openssl_wildfly-openssl-1.0.7.Final.jar with timestamp 1776021644361
[2026-04-12T19:20:45.138+0000] {subprocess.py:106} INFO - 26/04/12 19:20:45 INFO Utils: Copying /home/***/.ivy2/jars/org.wildfly.openssl_wildfly-openssl-1.0.7.Final.jar to /tmp/spark-b13ed12e-4927-4038-9a31-85fdb0b9d08a/userFiles-1f1c9cc5-5f1e-4924-ab37-618de7829ab2/org.wildfly.openssl_wildfly-openssl-1.0.7.Final.jar
[2026-04-12T19:20:45.227+0000] {subprocess.py:106} INFO - 26/04/12 19:20:45 INFO StandaloneAppClient$ClientEndpoint: Connecting to master spark://spark-master:7077...
[2026-04-12T19:20:45.262+0000] {subprocess.py:106} INFO - 26/04/12 19:20:45 INFO TransportClientFactory: Successfully created connection to spark-master/172.18.0.7:7077 after 20 ms (0 ms spent in bootstraps)
[2026-04-12T19:20:45.326+0000] {subprocess.py:106} INFO - 26/04/12 19:20:45 INFO StandaloneSchedulerBackend: Connected to Spark cluster with app ID app-20260412192045-0012
[2026-04-12T19:20:45.329+0000] {subprocess.py:106} INFO - 26/04/12 19:20:45 INFO StandaloneAppClient$ClientEndpoint: Executor added: app-20260412192045-0012/0 on worker-20260412190304-172.18.0.8-33391 (172.18.0.8:33391) with 2 core(s)
[2026-04-12T19:20:45.330+0000] {subprocess.py:106} INFO - 26/04/12 19:20:45 INFO StandaloneSchedulerBackend: Granted executor ID app-20260412192045-0012/0 on hostPort 172.18.0.8:33391 with 2 core(s), 2.0 GiB RAM
[2026-04-12T19:20:45.331+0000] {subprocess.py:106} INFO - 26/04/12 19:20:45 INFO StandaloneAppClient$ClientEndpoint: Executor added: app-20260412192045-0012/1 on worker-20260412190304-172.18.0.8-33391 (172.18.0.8:33391) with 2 core(s)
[2026-04-12T19:20:45.332+0000] {subprocess.py:106} INFO - 26/04/12 19:20:45 INFO StandaloneSchedulerBackend: Granted executor ID app-20260412192045-0012/1 on hostPort 172.18.0.8:33391 with 2 core(s), 2.0 GiB RAM
[2026-04-12T19:20:45.333+0000] {subprocess.py:106} INFO - 26/04/12 19:20:45 INFO StandaloneAppClient$ClientEndpoint: Executor added: app-20260412192045-0012/2 on worker-20260412190304-172.18.0.8-33391 (172.18.0.8:33391) with 2 core(s)
[2026-04-12T19:20:45.334+0000] {subprocess.py:106} INFO - 26/04/12 19:20:45 INFO StandaloneSchedulerBackend: Granted executor ID app-20260412192045-0012/2 on hostPort 172.18.0.8:33391 with 2 core(s), 2.0 GiB RAM
[2026-04-12T19:20:45.334+0000] {subprocess.py:106} INFO - 26/04/12 19:20:45 INFO StandaloneAppClient$ClientEndpoint: Executor added: app-20260412192045-0012/3 on worker-20260412190304-172.18.0.8-33391 (172.18.0.8:33391) with 2 core(s)
[2026-04-12T19:20:45.335+0000] {subprocess.py:106} INFO - 26/04/12 19:20:45 INFO StandaloneSchedulerBackend: Granted executor ID app-20260412192045-0012/3 on hostPort 172.18.0.8:33391 with 2 core(s), 2.0 GiB RAM
[2026-04-12T19:20:45.335+0000] {subprocess.py:106} INFO - 26/04/12 19:20:45 INFO StandaloneAppClient$ClientEndpoint: Executor added: app-20260412192045-0012/4 on worker-20260412190304-172.18.0.8-33391 (172.18.0.8:33391) with 2 core(s)
[2026-04-12T19:20:45.336+0000] {subprocess.py:106} INFO - 26/04/12 19:20:45 INFO StandaloneSchedulerBackend: Granted executor ID app-20260412192045-0012/4 on hostPort 172.18.0.8:33391 with 2 core(s), 2.0 GiB RAM
[2026-04-12T19:20:45.337+0000] {subprocess.py:106} INFO - 26/04/12 19:20:45 INFO StandaloneAppClient$ClientEndpoint: Executor added: app-20260412192045-0012/5 on worker-20260412190304-172.18.0.8-33391 (172.18.0.8:33391) with 2 core(s)
[2026-04-12T19:20:45.337+0000] {subprocess.py:106} INFO - 26/04/12 19:20:45 INFO StandaloneSchedulerBackend: Granted executor ID app-20260412192045-0012/5 on hostPort 172.18.0.8:33391 with 2 core(s), 2.0 GiB RAM
[2026-04-12T19:20:45.338+0000] {subprocess.py:106} INFO - 26/04/12 19:20:45 INFO Utils: Successfully started service 'org.apache.spark.network.netty.NettyBlockTransferService' on port 35555.
[2026-04-12T19:20:45.338+0000] {subprocess.py:106} INFO - 26/04/12 19:20:45 INFO NettyBlockTransferService: Server created on b4737cc55adb 0.0.0.0:35555
[2026-04-12T19:20:45.339+0000] {subprocess.py:106} INFO - 26/04/12 19:20:45 INFO BlockManager: Using org.apache.spark.storage.RandomBlockReplicationPolicy for block replication policy
[2026-04-12T19:20:45.348+0000] {subprocess.py:106} INFO - 26/04/12 19:20:45 INFO BlockManagerMaster: Registering BlockManager BlockManagerId(driver, b4737cc55adb, 35555, None)
[2026-04-12T19:20:45.354+0000] {subprocess.py:106} INFO - 26/04/12 19:20:45 INFO BlockManagerMasterEndpoint: Registering block manager b4737cc55adb:35555 with 434.4 MiB RAM, BlockManagerId(driver, b4737cc55adb, 35555, None)
[2026-04-12T19:20:45.359+0000] {subprocess.py:106} INFO - 26/04/12 19:20:45 INFO BlockManagerMaster: Registered BlockManager BlockManagerId(driver, b4737cc55adb, 35555, None)
[2026-04-12T19:20:45.361+0000] {subprocess.py:106} INFO - 26/04/12 19:20:45 INFO BlockManager: Initialized BlockManager: BlockManagerId(driver, b4737cc55adb, 35555, None)
[2026-04-12T19:20:45.402+0000] {subprocess.py:106} INFO - 26/04/12 19:20:45 INFO StandaloneAppClient$ClientEndpoint: Executor updated: app-20260412192045-0012/1 is now RUNNING
[2026-04-12T19:20:45.404+0000] {subprocess.py:106} INFO - 26/04/12 19:20:45 INFO StandaloneAppClient$ClientEndpoint: Executor updated: app-20260412192045-0012/0 is now RUNNING
[2026-04-12T19:20:45.419+0000] {subprocess.py:106} INFO - 26/04/12 19:20:45 INFO StandaloneAppClient$ClientEndpoint: Executor updated: app-20260412192045-0012/4 is now RUNNING
[2026-04-12T19:20:45.433+0000] {subprocess.py:106} INFO - 26/04/12 19:20:45 INFO StandaloneAppClient$ClientEndpoint: Executor updated: app-20260412192045-0012/5 is now RUNNING
[2026-04-12T19:20:45.441+0000] {subprocess.py:106} INFO - 26/04/12 19:20:45 INFO StandaloneAppClient$ClientEndpoint: Executor updated: app-20260412192045-0012/3 is now RUNNING
[2026-04-12T19:20:45.445+0000] {subprocess.py:106} INFO - 26/04/12 19:20:45 INFO StandaloneAppClient$ClientEndpoint: Executor updated: app-20260412192045-0012/2 is now RUNNING
[2026-04-12T19:20:45.991+0000] {subprocess.py:106} INFO - 26/04/12 19:20:45 INFO StandaloneSchedulerBackend: SchedulerBackend is ready for scheduling beginning after reached minRegisteredResourcesRatio: 0.0
[2026-04-12T19:20:46.587+0000] {subprocess.py:106} INFO - 2026-04-12 19:20:46,587 INFO Spark version: 3.5.5
[2026-04-12T19:20:46.604+0000] {subprocess.py:106} INFO - 26/04/12 19:20:46 INFO SharedState: Setting hive.metastore.warehouse.dir ('null') to the value of spark.sql.warehouse.dir.
[2026-04-12T19:20:46.612+0000] {subprocess.py:106} INFO - 26/04/12 19:20:46 INFO SharedState: Warehouse path is 'file:/tmp/***tmpinlvjeux/spark-warehouse'.
[2026-04-12T19:20:50.823+0000] {subprocess.py:106} INFO - 26/04/12 19:20:50 INFO CatalogUtil: Loading custom FileIO implementation: org.apache.iceberg.hadoop.HadoopFileIO
[2026-04-12T19:20:51.704+0000] {subprocess.py:106} INFO - 26/04/12 19:20:51 INFO StandaloneSchedulerBackend$StandaloneDriverEndpoint: Registered executor NettyRpcEndpointRef(spark-client://Executor) (172.18.0.8:39400) with ID 1,  ResourceProfileId 0
[2026-04-12T19:20:51.758+0000] {subprocess.py:106} INFO - 26/04/12 19:20:51 INFO StandaloneSchedulerBackend$StandaloneDriverEndpoint: Registered executor NettyRpcEndpointRef(spark-client://Executor) (172.18.0.8:39404) with ID 0,  ResourceProfileId 0
[2026-04-12T19:20:51.889+0000] {subprocess.py:106} INFO - 26/04/12 19:20:51 INFO StandaloneSchedulerBackend$StandaloneDriverEndpoint: Registered executor NettyRpcEndpointRef(spark-client://Executor) (172.18.0.8:39412) with ID 2,  ResourceProfileId 0
[2026-04-12T19:20:51.922+0000] {subprocess.py:106} INFO - 26/04/12 19:20:51 INFO StandaloneSchedulerBackend$StandaloneDriverEndpoint: Registered executor NettyRpcEndpointRef(spark-client://Executor) (172.18.0.8:39420) with ID 5,  ResourceProfileId 0
[2026-04-12T19:20:51.952+0000] {subprocess.py:106} INFO - 26/04/12 19:20:51 INFO BlockManagerMasterEndpoint: Registering block manager 172.18.0.8:35737 with 1048.8 MiB RAM, BlockManagerId(1, 172.18.0.8, 35737, None)
[2026-04-12T19:20:52.001+0000] {subprocess.py:106} INFO - 26/04/12 19:20:51 INFO BlockManagerMasterEndpoint: Registering block manager 172.18.0.8:35841 with 1048.8 MiB RAM, BlockManagerId(0, 172.18.0.8, 35841, None)
[2026-04-12T19:20:52.165+0000] {subprocess.py:106} INFO - 26/04/12 19:20:52 INFO StandaloneSchedulerBackend$StandaloneDriverEndpoint: Registered executor NettyRpcEndpointRef(spark-client://Executor) (172.18.0.8:39450) with ID 4,  ResourceProfileId 0
[2026-04-12T19:20:52.262+0000] {subprocess.py:106} INFO - 26/04/12 19:20:52 INFO BlockManagerMasterEndpoint: Registering block manager 172.18.0.8:37757 with 1048.8 MiB RAM, BlockManagerId(5, 172.18.0.8, 37757, None)
[2026-04-12T19:20:52.282+0000] {subprocess.py:106} INFO - 26/04/12 19:20:52 INFO BlockManagerMasterEndpoint: Registering block manager 172.18.0.8:43107 with 1048.8 MiB RAM, BlockManagerId(2, 172.18.0.8, 43107, None)
[2026-04-12T19:20:52.307+0000] {subprocess.py:106} INFO - 26/04/12 19:20:52 INFO StandaloneSchedulerBackend$StandaloneDriverEndpoint: Registered executor NettyRpcEndpointRef(spark-client://Executor) (172.18.0.8:39436) with ID 3,  ResourceProfileId 0
[2026-04-12T19:20:52.449+0000] {subprocess.py:106} INFO - 26/04/12 19:20:52 INFO BlockManagerMasterEndpoint: Registering block manager 172.18.0.8:34285 with 1048.8 MiB RAM, BlockManagerId(4, 172.18.0.8, 34285, None)
[2026-04-12T19:20:52.594+0000] {subprocess.py:106} INFO - 26/04/12 19:20:52 INFO BlockManagerMasterEndpoint: Registering block manager 172.18.0.8:41787 with 1048.8 MiB RAM, BlockManagerId(3, 172.18.0.8, 41787, None)
[2026-04-12T19:20:54.730+0000] {subprocess.py:106} INFO - 2026-04-12 19:20:54,725 INFO Namespace 'nessie.gold' listo.
[2026-04-12T19:20:54.736+0000] {subprocess.py:106} INFO - 2026-04-12 19:20:54,725 INFO
[2026-04-12T19:20:54.737+0000] {subprocess.py:106} INFO - [★] cant_post_x_user_hist
[2026-04-12T19:20:57.117+0000] {subprocess.py:106} INFO - 26/04/12 19:20:57 INFO BaseMetastoreTableOperations: Refreshing table metadata from new version: s3a://iceberg/silver/users_hist_29ea4f81-25a2-4974-a1d5-7fcae2b69ddf/metadata/00004-7be93143-7a63-496e-b545-ad2e967da356.gz.metadata.json
[2026-04-12T19:20:57.669+0000] {subprocess.py:106} INFO - 26/04/12 19:20:57 WARN MetricsConfig: Cannot locate configuration: tried hadoop-metrics2-s3a-file-system.properties,hadoop-metrics2.properties
[2026-04-12T19:20:57.718+0000] {subprocess.py:106} INFO - 26/04/12 19:20:57 INFO MetricsSystemImpl: Scheduled Metric snapshot period at 10 second(s).
[2026-04-12T19:20:57.720+0000] {subprocess.py:106} INFO - 26/04/12 19:20:57 INFO MetricsSystemImpl: s3a-file-system metrics system started
[2026-04-12T19:21:01.401+0000] {subprocess.py:106} INFO - 26/04/12 19:21:01 INFO NessieUtil: loadTableMetadata for 'silver.users_hist' from location 's3a://iceberg/silver/users_hist_29ea4f81-25a2-4974-a1d5-7fcae2b69ddf/metadata/00004-7be93143-7a63-496e-b545-ad2e967da356.gz.metadata.json' at 'Branch{name=main, metadata=null, hash=30ea234215a480b4d20fd7771eaa862b060db5205cfc96284d315ec79cc31bf3}'
[2026-04-12T19:21:01.409+0000] {subprocess.py:106} INFO - 26/04/12 19:21:01 INFO BaseMetastoreCatalog: Table loaded by catalog: nessie.silver.users_hist
[2026-04-12T19:21:01.559+0000] {subprocess.py:106} INFO - Traceback (most recent call last):
[2026-04-12T19:21:01.560+0000] {subprocess.py:106} INFO -   File "/opt/***/scripts/gold_agg.py", line 306, in <module>
[2026-04-12T19:21:01.562+0000] {subprocess.py:106} INFO -     main()
[2026-04-12T19:21:01.563+0000] {subprocess.py:106} INFO -   File "/opt/***/scripts/gold_agg.py", line 293, in main
[2026-04-12T19:21:01.565+0000] {subprocess.py:106} INFO -     total = build_cant_post_x_user_hist(spark)
[2026-04-12T19:21:01.565+0000] {subprocess.py:106} INFO -             ^^^^^^^^^^^^^^^^^^^^^^^^^^^^^^^^^^
[2026-04-12T19:21:01.566+0000] {subprocess.py:106} INFO -   File "/opt/***/scripts/gold_agg.py", line 119, in build_cant_post_x_user_hist
[2026-04-12T19:21:01.567+0000] {subprocess.py:106} INFO -     df = spark.sql(f"""
[2026-04-12T19:21:01.568+0000] {subprocess.py:106} INFO -          ^^^^^^^^^^^^^^
[2026-04-12T19:21:01.568+0000] {subprocess.py:106} INFO -   File "/opt/spark/python/lib/pyspark.zip/pyspark/sql/session.py", line 1631, in sql
[2026-04-12T19:21:01.569+0000] {subprocess.py:106} INFO -   File "/opt/spark/python/lib/py4j-0.10.9.7-src.zip/py4j/java_gateway.py", line 1322, in __call__
[2026-04-12T19:21:01.569+0000] {subprocess.py:106} INFO -   File "/opt/spark/python/lib/pyspark.zip/pyspark/errors/exceptions/captured.py", line 185, in deco
[2026-04-12T19:21:01.576+0000] {subprocess.py:106} INFO - pyspark.errors.exceptions.captured.AnalysisException: [TABLE_OR_VIEW_NOT_FOUND] The table or view `nessie`.`silver`.`post_hist` cannot be found. Verify the spelling and correctness of the schema and catalog.
[2026-04-12T19:21:01.577+0000] {subprocess.py:106} INFO - If you did not qualify the name with a schema, verify the current_schema() output, or qualify the name with the correct schema and catalog.
[2026-04-12T19:21:01.578+0000] {subprocess.py:106} INFO - To tolerate the error on drop use DROP VIEW IF EXISTS or DROP TABLE IF EXISTS.; line 17 pos 13;
[2026-04-12T19:21:01.578+0000] {subprocess.py:106} INFO - 'Aggregate ['p.OwnerUserId, 'u.DisplayName, 'p.anio, 'p.PostTypeId], ['p.OwnerUserId AS user_id#0, 'COALESCE('u.DisplayName, Unknown) AS display_name#1, 'p.anio AS anio#2, 'p.PostTypeId AS post_type_id#3, CASE WHEN ('p.PostTypeId = 1) THEN Question WHEN ('p.PostTypeId = 2) THEN Answer ELSE Other END AS post_type#4, 'COUNT('p.Id) AS cant_posts#5, 'COALESCE('SUM('p.Score), 0) AS total_score#6, 'ROUND('AVG('p.Score), 2) AS avg_score#7, 'COALESCE('SUM('p.ViewCount), 0) AS total_views#8, cast(2026-04-12 19:20:44 as timestamp) AS fecha_cargue#9]
[2026-04-12T19:21:01.579+0000] {subprocess.py:106} INFO - +- 'Filter isnotnull('p.OwnerUserId)
[2026-04-12T19:21:01.579+0000] {subprocess.py:106} INFO -    +- 'Join LeftOuter, ('p.OwnerUserId = 'u.Id)
[2026-04-12T19:21:01.580+0000] {subprocess.py:106} INFO -       :- 'SubqueryAlias p
[2026-04-12T19:21:01.580+0000] {subprocess.py:106} INFO -       :  +- 'UnresolvedRelation [nessie, silver, post_hist], [], false
[2026-04-12T19:21:01.581+0000] {subprocess.py:106} INFO -       +- SubqueryAlias u
[2026-04-12T19:21:01.581+0000] {subprocess.py:106} INFO -          +- SubqueryAlias nessie.silver.users_hist
[2026-04-12T19:21:01.582+0000] {subprocess.py:106} INFO -             +- RelationV2[Id#10L, Reputation#11L, creation_date#12, DisplayName#13, LastAccessDate#14, Views#15L, UpVotes#16L, DownVotes#17L, location#18, AccountId#19L, anio#20, fecha_cargue#21, fuente#22] nessie.silver.users_hist nessie.silver.users_hist
[2026-04-12T19:21:01.582+0000] {subprocess.py:106} INFO - 
[2026-04-12T19:21:01.583+0000] {subprocess.py:106} INFO - 2026-04-12 19:21:01,576 INFO Closing down clientserver connection
[2026-04-12T19:21:01.632+0000] {subprocess.py:106} INFO - 26/04/12 19:21:01 INFO SparkContext: Invoking stop() from shutdown hook
[2026-04-12T19:21:01.633+0000] {subprocess.py:106} INFO - 26/04/12 19:21:01 INFO SparkContext: SparkContext is stopping with exitCode 0.
[2026-04-12T19:21:01.644+0000] {subprocess.py:106} INFO - 26/04/12 19:21:01 INFO SparkUI: Stopped Spark web UI at http://b4737cc55adb:4040
[2026-04-12T19:21:01.648+0000] {subprocess.py:106} INFO - 26/04/12 19:21:01 INFO StandaloneSchedulerBackend: Shutting down all executors
[2026-04-12T19:21:01.648+0000] {subprocess.py:106} INFO - 26/04/12 19:21:01 INFO StandaloneSchedulerBackend$StandaloneDriverEndpoint: Asking each executor to shut down
[2026-04-12T19:21:01.683+0000] {subprocess.py:106} INFO - 26/04/12 19:21:01 INFO MapOutputTrackerMasterEndpoint: MapOutputTrackerMasterEndpoint stopped!
[2026-04-12T19:21:01.721+0000] {subprocess.py:106} INFO - 26/04/12 19:21:01 INFO MemoryStore: MemoryStore cleared
[2026-04-12T19:21:01.725+0000] {subprocess.py:106} INFO - 26/04/12 19:21:01 INFO BlockManager: BlockManager stopped
[2026-04-12T19:21:01.754+0000] {subprocess.py:106} INFO - 26/04/12 19:21:01 INFO BlockManagerMaster: BlockManagerMaster stopped
[2026-04-12T19:21:01.756+0000] {subprocess.py:106} INFO - 26/04/12 19:21:01 INFO OutputCommitCoordinator$OutputCommitCoordinatorEndpoint: OutputCommitCoordinator stopped!
[2026-04-12T19:21:01.827+0000] {subprocess.py:106} INFO - 26/04/12 19:21:01 INFO SparkContext: Successfully stopped SparkContext
[2026-04-12T19:21:01.829+0000] {subprocess.py:106} INFO - 26/04/12 19:21:01 INFO ShutdownHookManager: Shutdown hook called
[2026-04-12T19:21:01.833+0000] {subprocess.py:106} INFO - 26/04/12 19:21:01 INFO ShutdownHookManager: Deleting directory /tmp/spark-a3d66fa8-682c-459a-bad2-619791755ddc
[2026-04-12T19:21:01.837+0000] {subprocess.py:106} INFO - 26/04/12 19:21:01 INFO ShutdownHookManager: Deleting directory /tmp/spark-b13ed12e-4927-4038-9a31-85fdb0b9d08a/pyspark-965ebd94-0357-473c-93d5-e386022dde2f
[2026-04-12T19:21:01.843+0000] {subprocess.py:106} INFO - 26/04/12 19:21:01 INFO ShutdownHookManager: Deleting directory /tmp/spark-b13ed12e-4927-4038-9a31-85fdb0b9d08a
[2026-04-12T19:21:01.854+0000] {subprocess.py:106} INFO - 26/04/12 19:21:01 INFO MetricsSystemImpl: Stopping s3a-file-system metrics system...
[2026-04-12T19:21:01.855+0000] {subprocess.py:106} INFO - 26/04/12 19:21:01 INFO MetricsSystemImpl: s3a-file-system metrics system stopped.
[2026-04-12T19:21:01.860+0000] {subprocess.py:106} INFO - 26/04/12 19:21:01 INFO MetricsSystemImpl: s3a-file-system metrics system shutdown complete.
[2026-04-12T19:21:02.225+0000] {subprocess.py:110} INFO - Command exited with return code 1
[2026-04-12T19:21:02.235+0000] {taskinstance.py:3311} ERROR - Task failed with exception
Traceback (most recent call last):
  File "/home/airflow/.local/lib/python3.12/site-packages/airflow/models/taskinstance.py", line 762, in _execute_task
    result = _execute_callable(context=context, **execute_callable_kwargs)
             ^^^^^^^^^^^^^^^^^^^^^^^^^^^^^^^^^^^^^^^^^^^^^^^^^^^^^^^^^^^^^
  File "/home/airflow/.local/lib/python3.12/site-packages/airflow/models/taskinstance.py", line 733, in _execute_callable
    return ExecutionCallableRunner(
           ^^^^^^^^^^^^^^^^^^^^^^^^
  File "/home/airflow/.local/lib/python3.12/site-packages/airflow/utils/operator_helpers.py", line 252, in run
    return self.func(*args, **kwargs)
           ^^^^^^^^^^^^^^^^^^^^^^^^^^
  File "/home/airflow/.local/lib/python3.12/site-packages/airflow/models/baseoperator.py", line 417, in wrapper
    return func(self, *args, **kwargs)
           ^^^^^^^^^^^^^^^^^^^^^^^^^^^
  File "/home/airflow/.local/lib/python3.12/site-packages/airflow/operators/bash.py", line 276, in execute
    raise AirflowException(
airflow.exceptions.AirflowException: Bash command failed. The command returned a non-zero exit code 1.
[2026-04-12T19:21:02.239+0000] {taskinstance.py:1225} INFO - Marking task as FAILED. dag_id=stackoverflow_pipeline, task_id=gold_agg, run_id=manual__2026-04-12T19:14:14+00:00, execution_date=20260412T191414, start_date=20260412T192041, end_date=20260412T192102
[2026-04-12T19:21:02.273+0000] {taskinstance.py:340} INFO - ::group::Post task execution logs
[2026-04-12T19:21:02.275+0000] {standard_task_runner.py:124} ERROR - Failed to execute job 25 for task gold_agg (Bash command failed. The command returned a non-zero exit code 1.; 4231)
Traceback (most recent call last):
  File "/home/airflow/.local/lib/python3.12/site-packages/airflow/task/task_runner/standard_task_runner.py", line 117, in _start_by_fork
    ret = args.func(args, dag=self.dag)
          ^^^^^^^^^^^^^^^^^^^^^^^^^^^^^
  File "/home/airflow/.local/lib/python3.12/site-packages/airflow/cli/cli_config.py", line 49, in command
    return func(*args, **kwargs)
           ^^^^^^^^^^^^^^^^^^^^^
  File "/home/airflow/.local/lib/python3.12/site-packages/airflow/utils/cli.py", line 116, in wrapper
    return f(*args, **kwargs)
           ^^^^^^^^^^^^^^^^^^
  File "/home/airflow/.local/lib/python3.12/site-packages/airflow/cli/commands/task_command.py", line 483, in task_run
    task_return_code = _run_task_by_selected_method(args, _dag, ti)
                       ^^^^^^^^^^^^^^^^^^^^^^^^^^^^^^^^^^^^^^^^^^^^
  File "/home/airflow/.local/lib/python3.12/site-packages/airflow/cli/commands/task_command.py", line 256, in _run_task_by_selected_method
    return _run_raw_task(args, ti)
           ^^^^^^^^^^^^^^^^^^^^^^^
  File "/home/airflow/.local/lib/python3.12/site-packages/airflow/cli/commands/task_command.py", line 341, in _run_raw_task
    return ti._run_raw_task(
           ^^^^^^^^^^^^^^^^^
  File "/home/airflow/.local/lib/python3.12/site-packages/airflow/utils/session.py", line 97, in wrapper
    return func(*args, session=session, **kwargs)
           ^^^^^^^^^^^^^^^^^^^^^^^^^^^^^^^^^^^^^^
  File "/home/airflow/.local/lib/python3.12/site-packages/airflow/models/taskinstance.py", line 3005, in _run_raw_task
    return _run_raw_task(
           ^^^^^^^^^^^^^^
  File "/home/airflow/.local/lib/python3.12/site-packages/airflow/models/taskinstance.py", line 273, in _run_raw_task
    TaskInstance._execute_task_with_callbacks(
  File "/home/airflow/.local/lib/python3.12/site-packages/airflow/models/taskinstance.py", line 3159, in _execute_task_with_callbacks
    result = self._execute_task(context, task_orig)
             ^^^^^^^^^^^^^^^^^^^^^^^^^^^^^^^^^^^^^^
  File "/home/airflow/.local/lib/python3.12/site-packages/airflow/models/taskinstance.py", line 3183, in _execute_task
    return _execute_task(self, context, task_orig)
           ^^^^^^^^^^^^^^^^^^^^^^^^^^^^^^^^^^^^^^^
  File "/home/airflow/.local/lib/python3.12/site-packages/airflow/models/taskinstance.py", line 762, in _execute_task
    result = _execute_callable(context=context, **execute_callable_kwargs)
             ^^^^^^^^^^^^^^^^^^^^^^^^^^^^^^^^^^^^^^^^^^^^^^^^^^^^^^^^^^^^^
  File "/home/airflow/.local/lib/python3.12/site-packages/airflow/models/taskinstance.py", line 733, in _execute_callable
    return ExecutionCallableRunner(
           ^^^^^^^^^^^^^^^^^^^^^^^^
  File "/home/airflow/.local/lib/python3.12/site-packages/airflow/utils/operator_helpers.py", line 252, in run
    return self.func(*args, **kwargs)
           ^^^^^^^^^^^^^^^^^^^^^^^^^^
  File "/home/airflow/.local/lib/python3.12/site-packages/airflow/models/baseoperator.py", line 417, in wrapper
    return func(self, *args, **kwargs)
           ^^^^^^^^^^^^^^^^^^^^^^^^^^^
  File "/home/airflow/.local/lib/python3.12/site-packages/airflow/operators/bash.py", line 276, in execute
    raise AirflowException(
airflow.exceptions.AirflowException: Bash command failed. The command returned a non-zero exit code 1.
[2026-04-12T19:21:02.316+0000] {local_task_job_runner.py:266} INFO - Task exited with return code 1
[2026-04-12T19:21:02.328+0000] {taskinstance.py:3895} INFO - 0 downstream tasks scheduled from follow-on schedule check
[2026-04-12T19:21:02.330+0000] {local_task_job_runner.py:245} INFO - ::endgroup::
