[2026-04-15T22:04:56.521+0000] {local_task_job_runner.py:123} INFO - ::group::Pre task execution logs
[2026-04-15T22:04:56.535+0000] {taskinstance.py:2613} INFO - Dependencies all met for dep_context=non-requeueable deps ti=<TaskInstance: stackoverflow_pipeline.bronze_ingest manual__2026-04-15T22:04:54.845439+00:00 [queued]>
[2026-04-15T22:04:56.543+0000] {taskinstance.py:2613} INFO - Dependencies all met for dep_context=requeueable deps ti=<TaskInstance: stackoverflow_pipeline.bronze_ingest manual__2026-04-15T22:04:54.845439+00:00 [queued]>
[2026-04-15T22:04:56.544+0000] {taskinstance.py:2866} INFO - Starting attempt 1 of 2
[2026-04-15T22:04:56.564+0000] {taskinstance.py:2889} INFO - Executing <Task(PythonOperator): bronze_ingest> on 2026-04-15 22:04:54.845439+00:00
[2026-04-15T22:04:56.574+0000] {logging_mixin.py:190} WARNING - /home/***/.local/lib/python3.12/site-packages/***/task/task_runner/standard_task_runner.py:70 DeprecationWarning: This process (pid=5451) is multi-threaded, use of fork() may lead to deadlocks in the child.
[2026-04-15T22:04:56.574+0000] {standard_task_runner.py:104} INFO - Running: ['***', 'tasks', 'run', 'stackoverflow_pipeline', 'bronze_ingest', 'manual__2026-04-15T22:04:54.845439+00:00', '--job-id', '10', '--raw', '--subdir', 'DAGS_FOLDER/stackoverflow_pipeline.py', '--cfg-path', '/tmp/tmpweb4mweg']
[2026-04-15T22:04:56.576+0000] {standard_task_runner.py:72} INFO - Started process 5452 to run task
[2026-04-15T22:04:56.576+0000] {standard_task_runner.py:105} INFO - Job 10: Subtask bronze_ingest
[2026-04-15T22:04:56.636+0000] {task_command.py:467} INFO - Running <TaskInstance: stackoverflow_pipeline.bronze_ingest manual__2026-04-15T22:04:54.845439+00:00 [running]> on host 53aa898b95b0
[2026-04-15T22:04:56.752+0000] {taskinstance.py:3132} INFO - Exporting env vars: AIRFLOW_CTX_DAG_OWNER='fhbd-grupo' AIRFLOW_CTX_DAG_ID='stackoverflow_pipeline' AIRFLOW_CTX_TASK_ID='bronze_ingest' AIRFLOW_CTX_EXECUTION_DATE='2026-04-15T22:04:54.845439+00:00' AIRFLOW_CTX_TRY_NUMBER='1' AIRFLOW_CTX_DAG_RUN_ID='manual__2026-04-15T22:04:54.845439+00:00'
[2026-04-15T22:04:56.754+0000] {taskinstance.py:731} INFO - ::endgroup::
[2026-04-15T22:04:58.990+0000] {bronze_ingest.py:164} INFO - ============================================================
[2026-04-15T22:04:58.991+0000] {bronze_ingest.py:165} INFO - BRONZE INGEST (DLT) — users_2021
[2026-04-15T22:04:58.992+0000] {bronze_ingest.py:166} INFO - Destino: s3://bronze/users/2021/
[2026-04-15T22:04:58.993+0000] {bronze_ingest.py:167} INFO - Modo   : OVERWRITE (replace)
[2026-04-15T22:04:58.993+0000] {bronze_ingest.py:168} INFO - ============================================================
[2026-04-15T22:04:59.029+0000] {config_providers_context.py:170} WARNING - Airflow variable 'dlt_secrets_toml' was not found. This Airflow variable is a recommended place to hold the content of secrets.toml.If you do not use Airflow variables to hold dlt configuration or use variables with other names you can ignore this warning.
[2026-04-15T22:04:59.710+0000] {bronze_ingest.py:173} INFO - Ejecutando pipeline dlt...
[2026-04-15T22:05:01.234+0000] {bronze_ingest.py:87} INFO - Streaming users.parquet de https://datasets-documentation.s3.eu-west-3.amazonaws.com/stackoverflow/parquet/users.parquet
[2026-04-15T22:05:35.703+0000] {bronze_ingest.py:128} INFO - Filas descargadas users_2021: 10,000
[2026-04-15T22:05:35.715+0000] {logging_mixin.py:190} WARNING - 2026-04-15 22:05:35,714|[WARNING]|5452|126684270106432|dlt|extractors.py|_compute_table:441|In resource: users_2021, when merging arrow schema with dlt schema, several column hints were different. dlt schema hints were kept and arrow schema and data were unmodified. It is up to destination to coerce the differences when loading. Change log level to INFO for more details.
[2026-04-15T22:05:37.915+0000] {bronze_ingest.py:178} INFO - ------------------------------------------------------------
[2026-04-15T22:05:37.916+0000] {bronze_ingest.py:179} INFO - Pipeline dlt completado:
[2026-04-15T22:05:37.916+0000] {bronze_ingest.py:180} INFO - Pipeline bronze_users_2021 load step completed in 1.16 seconds
1 load package(s) were loaded to destination filesystem and into dataset users_2021
The filesystem destination used s3://bronze/users/2021 location to store data
Load package 1776290700.9989629 is LOADED and contains no failed jobs
[2026-04-15T22:05:37.989+0000] {bronze_ingest.py:244} INFO - Renombrando: users/2021/users_2021/users_2021/1776290700.9989629.3bb1d11b42.parquet → users/2021/users_2021.parquet
[2026-04-15T22:05:38.121+0000] {bronze_ingest.py:255} INFO - Archivo estandarizado: s3://bronze/users/2021/users_2021.parquet
[2026-04-15T22:05:38.122+0000] {bronze_ingest.py:186} INFO - ============================================================
[2026-04-15T22:05:38.123+0000] {bronze_ingest.py:187} INFO - ✅ Bronze users_2021 ingested exitosamente.
[2026-04-15T22:05:38.124+0000] {bronze_ingest.py:188} INFO - Ruta: s3://bronze/users/2021/users_2021.parquet
[2026-04-15T22:05:38.124+0000] {bronze_ingest.py:190} INFO - ============================================================
[2026-04-15T22:05:38.125+0000] {python.py:240} INFO - Done. Returned value was: None
[2026-04-15T22:05:38.144+0000] {taskinstance.py:340} INFO - ::group::Post task execution logs
[2026-04-15T22:05:38.145+0000] {taskinstance.py:352} INFO - Marking task as SUCCESS. dag_id=stackoverflow_pipeline, task_id=bronze_ingest, run_id=manual__2026-04-15T22:04:54.845439+00:00, execution_date=20260415T220454, start_date=20260415T220456, end_date=20260415T220538
[2026-04-15T22:05:38.217+0000] {local_task_job_runner.py:266} INFO - Task exited with return code 0
[2026-04-15T22:05:38.240+0000] {taskinstance.py:3895} INFO - 1 downstream tasks scheduled from follow-on schedule check
[2026-04-15T22:05:38.243+0000] {local_task_job_runner.py:245} INFO - ::endgroup::
