[2026-04-12T18:49:11.613+0000] {local_task_job_runner.py:123} INFO - ::group::Pre task execution logs
[2026-04-12T18:49:11.631+0000] {taskinstance.py:2613} INFO - Dependencies all met for dep_context=non-requeueable deps ti=<TaskInstance: stackoverflow_pipeline.silver_transform manual__2026-04-12T18:44:02+00:00 [queued]>
[2026-04-12T18:49:11.641+0000] {taskinstance.py:2613} INFO - Dependencies all met for dep_context=requeueable deps ti=<TaskInstance: stackoverflow_pipeline.silver_transform manual__2026-04-12T18:44:02+00:00 [queued]>
[2026-04-12T18:49:11.642+0000] {taskinstance.py:2866} INFO - Starting attempt 2 of 2
[2026-04-12T18:49:11.659+0000] {taskinstance.py:2889} INFO - Executing <Task(SparkSubmitOperator): silver_transform> on 2026-04-12 18:44:02+00:00
[2026-04-12T18:49:11.666+0000] {warnings.py:112} WARNING - /home/***/.local/lib/python3.12/site-packages/***/task/task_runner/standard_task_runner.py:70: DeprecationWarning: This process (pid=807) is multi-threaded, use of fork() may lead to deadlocks in the child.
  pid = os.fork()

[2026-04-12T18:49:11.668+0000] {standard_task_runner.py:72} INFO - Started process 808 to run task
[2026-04-12T18:49:11.668+0000] {standard_task_runner.py:104} INFO - Running: ['***', 'tasks', 'run', 'stackoverflow_pipeline', 'silver_transform', 'manual__2026-04-12T18:44:02+00:00', '--job-id', '58', '--raw', '--subdir', 'DAGS_FOLDER/stackoverflow_pipeline.py', '--cfg-path', '/tmp/tmpvajt8i3s']
[2026-04-12T18:49:11.669+0000] {standard_task_runner.py:105} INFO - Job 58: Subtask silver_transform
[2026-04-12T18:49:11.731+0000] {task_command.py:467} INFO - Running <TaskInstance: stackoverflow_pipeline.silver_transform manual__2026-04-12T18:44:02+00:00 [running]> on host 2553eacb5108
[2026-04-12T18:49:11.819+0000] {taskinstance.py:3132} INFO - Exporting env vars: AIRFLOW_CTX_DAG_OWNER='fhbd-grupo' AIRFLOW_CTX_DAG_ID='stackoverflow_pipeline' AIRFLOW_CTX_TASK_ID='silver_transform' AIRFLOW_CTX_EXECUTION_DATE='2026-04-12T18:44:02+00:00' AIRFLOW_CTX_TRY_NUMBER='2' AIRFLOW_CTX_DAG_RUN_ID='manual__2026-04-12T18:44:02+00:00'
[2026-04-12T18:49:11.821+0000] {taskinstance.py:731} INFO - ::endgroup::
[2026-04-12T18:49:11.846+0000] {base.py:84} INFO - Retrieving connection 'spark_default'
[2026-04-12T18:49:11.851+0000] {spark_submit.py:403} INFO - Spark-Submit cmd: spark-submit --master spark-master:7077 --conf spark.submit.deployMode=client --conf spark.driver.bindAddress=0.0.0.0 --conf spark.executor.instances=1 --conf spark.executor.cores=2 --conf spark.executor.memory=2g --conf spark.driver.memory=1g --conf spark.sql.extensions=org.apache.iceberg.spark.extensions.IcebergSparkSessionExtensions,org.projectnessie.spark.extensions.NessieSparkSessionExtensions --conf spark.sql.catalog.nessie=org.apache.iceberg.spark.SparkCatalog --conf spark.sql.catalog.nessie.catalog-impl=org.apache.iceberg.nessie.NessieCatalog --conf spark.sql.catalog.nessie.uri=http://proyecto2-nessie:19120/api/v1 --conf spark.sql.catalog.nessie.ref=main --conf spark.sql.catalog.nessie.authentication.type=NONE --conf spark.sql.catalog.nessie.warehouse=s3a://iceberg/ --conf spark.hadoop.fs.s3a.endpoint=http://proyecto2-minio:9000 --conf spark.hadoop.fs.s3a.access.key=minioadmin --conf spark.hadoop.fs.s3a.secret.key=****** --conf spark.hadoop.fs.s3a.path.style.access=true --conf spark.hadoop.fs.s3a.impl=org.apache.hadoop.fs.s3a.S3AFileSystem --conf spark.hadoop.fs.s3a.aws.credentials.provider=org.apache.hadoop.fs.s3a.SimpleAWSCredentialsProvider --conf spark.hadoop.fs.s3a.connection.ssl.enabled=false --packages org.apache.iceberg:iceberg-spark-runtime-3.5_2.12:1.6.1,org.projectnessie.nessie-integrations:nessie-spark-extensions-3.5_2.12:0.95.0,org.apache.hadoop:hadoop-aws:3.3.4,com.amazonaws:aws-java-sdk-bundle:1.12.262 --name silver_users_hist --verbose /opt/***/scripts/silver_transform.py
[2026-04-12T18:49:11.856+0000] {spark_submit.py:579} INFO - /home/***/.local/bin/spark-submit: line 27: /opt/spark/bin/spark-class: No such file or directory
[2026-04-12T18:49:11.867+0000] {taskinstance.py:3311} ERROR - Task failed with exception
Traceback (most recent call last):
  File "/home/airflow/.local/lib/python3.12/site-packages/airflow/models/taskinstance.py", line 762, in _execute_task
    result = _execute_callable(context=context, **execute_callable_kwargs)
             ^^^^^^^^^^^^^^^^^^^^^^^^^^^^^^^^^^^^^^^^^^^^^^^^^^^^^^^^^^^^^
  File "/home/airflow/.local/lib/python3.12/site-packages/airflow/models/taskinstance.py", line 733, in _execute_callable
    return ExecutionCallableRunner(
           ^^^^^^^^^^^^^^^^^^^^^^^^
  File "/home/airflow/.local/lib/python3.12/site-packages/airflow/utils/operator_helpers.py", line 252, in run
    return self.func(*args, **kwargs)
           ^^^^^^^^^^^^^^^^^^^^^^^^^^
  File "/home/airflow/.local/lib/python3.12/site-packages/airflow/models/baseoperator.py", line 417, in wrapper
    return func(self, *args, **kwargs)
           ^^^^^^^^^^^^^^^^^^^^^^^^^^^
  File "/home/airflow/.local/lib/python3.12/site-packages/airflow/providers/apache/spark/operators/spark_submit.py", line 174, in execute
    self._hook.submit(self.application)
  File "/home/airflow/.local/lib/python3.12/site-packages/airflow/providers/apache/spark/hooks/spark_submit.py", line 505, in submit
    raise AirflowException(
airflow.exceptions.AirflowException: Cannot execute: spark-submit --master spark-master:7077 --conf spark.submit.deployMode=client --conf spark.driver.bindAddress=0.0.0.0 --conf spark.executor.instances=1 --conf spark.executor.cores=2 --conf spark.executor.memory=2g --conf spark.driver.memory=1g --conf spark.sql.extensions=org.apache.iceberg.spark.extensions.IcebergSparkSessionExtensions,org.projectnessie.spark.extensions.NessieSparkSessionExtensions --conf spark.sql.catalog.nessie=org.apache.iceberg.spark.SparkCatalog --conf spark.sql.catalog.nessie.catalog-impl=org.apache.iceberg.nessie.NessieCatalog --conf spark.sql.catalog.nessie.uri=http://proyecto2-nessie:19120/api/v1 --conf spark.sql.catalog.nessie.ref=main --conf spark.sql.catalog.nessie.authentication.type=NONE --conf spark.sql.catalog.nessie.warehouse=s3a://iceberg/ --conf spark.hadoop.fs.s3a.endpoint=http://proyecto2-minio:9000 --conf spark.hadoop.fs.s3a.access.key=minioadmin --conf spark.hadoop.fs.s3a.secret.key=****** --conf spark.hadoop.fs.s3a.path.style.access=true --conf spark.hadoop.fs.s3a.impl=org.apache.hadoop.fs.s3a.S3AFileSystem --conf spark.hadoop.fs.s3a.aws.credentials.provider=org.apache.hadoop.fs.s3a.SimpleAWSCredentialsProvider --conf spark.hadoop.fs.s3a.connection.ssl.enabled=false --packages org.apache.iceberg:iceberg-spark-runtime-3.5_2.12:1.6.1,org.projectnessie.nessie-integrations:nessie-spark-extensions-3.5_2.12:0.95.0,org.apache.hadoop:hadoop-aws:3.3.4,com.amazonaws:aws-java-sdk-bundle:1.12.262 --name silver_users_hist --verbose /opt/***/scripts/silver_transform.py. Error code is: 127.
[2026-04-12T18:49:11.872+0000] {taskinstance.py:1225} INFO - Marking task as FAILED. dag_id=stackoverflow_pipeline, task_id=silver_transform, run_id=manual__2026-04-12T18:44:02+00:00, execution_date=20260412T184402, start_date=20260412T184911, end_date=20260412T184911
[2026-04-12T18:49:11.920+0000] {taskinstance.py:340} INFO - ::group::Post task execution logs
[2026-04-12T18:49:11.921+0000] {standard_task_runner.py:124} ERROR - Failed to execute job 58 for task silver_transform (Cannot execute: spark-submit --master spark-master:7077 --conf spark.submit.deployMode=client --conf spark.driver.bindAddress=0.0.0.0 --conf spark.executor.instances=1 --conf spark.executor.cores=2 --conf spark.executor.memory=2g --conf spark.driver.memory=1g --conf spark.sql.extensions=org.apache.iceberg.spark.extensions.IcebergSparkSessionExtensions,org.projectnessie.spark.extensions.NessieSparkSessionExtensions --conf spark.sql.catalog.nessie=org.apache.iceberg.spark.SparkCatalog --conf spark.sql.catalog.nessie.catalog-impl=org.apache.iceberg.nessie.NessieCatalog --conf spark.sql.catalog.nessie.uri=http://proyecto2-nessie:19120/api/v1 --conf spark.sql.catalog.nessie.ref=main --conf spark.sql.catalog.nessie.authentication.type=NONE --conf spark.sql.catalog.nessie.warehouse=s3a://iceberg/ --conf spark.hadoop.fs.s3a.endpoint=http://proyecto2-minio:9000 --conf spark.hadoop.fs.s3a.access.key=minioadmin --conf spark.hadoop.fs.s3a.secret.key=****** --conf spark.hadoop.fs.s3a.path.style.access=true --conf spark.hadoop.fs.s3a.impl=org.apache.hadoop.fs.s3a.S3AFileSystem --conf spark.hadoop.fs.s3a.aws.credentials.provider=org.apache.hadoop.fs.s3a.SimpleAWSCredentialsProvider --conf spark.hadoop.fs.s3a.connection.ssl.enabled=false --packages org.apache.iceberg:iceberg-spark-runtime-3.5_2.12:1.6.1,org.projectnessie.nessie-integrations:nessie-spark-extensions-3.5_2.12:0.95.0,org.apache.hadoop:hadoop-aws:3.3.4,com.amazonaws:aws-java-sdk-bundle:1.12.262 --name silver_users_hist --verbose /opt/***/scripts/silver_transform.py. Error code is: 127.; 808)
Traceback (most recent call last):
  File "/home/airflow/.local/lib/python3.12/site-packages/airflow/task/task_runner/standard_task_runner.py", line 117, in _start_by_fork
    ret = args.func(args, dag=self.dag)
          ^^^^^^^^^^^^^^^^^^^^^^^^^^^^^
  File "/home/airflow/.local/lib/python3.12/site-packages/airflow/cli/cli_config.py", line 49, in command
    return func(*args, **kwargs)
           ^^^^^^^^^^^^^^^^^^^^^
  File "/home/airflow/.local/lib/python3.12/site-packages/airflow/utils/cli.py", line 116, in wrapper
    return f(*args, **kwargs)
           ^^^^^^^^^^^^^^^^^^
  File "/home/airflow/.local/lib/python3.12/site-packages/airflow/cli/commands/task_command.py", line 483, in task_run
    task_return_code = _run_task_by_selected_method(args, _dag, ti)
                       ^^^^^^^^^^^^^^^^^^^^^^^^^^^^^^^^^^^^^^^^^^^^
  File "/home/airflow/.local/lib/python3.12/site-packages/airflow/cli/commands/task_command.py", line 256, in _run_task_by_selected_method
    return _run_raw_task(args, ti)
           ^^^^^^^^^^^^^^^^^^^^^^^
  File "/home/airflow/.local/lib/python3.12/site-packages/airflow/cli/commands/task_command.py", line 341, in _run_raw_task
    return ti._run_raw_task(
           ^^^^^^^^^^^^^^^^^
  File "/home/airflow/.local/lib/python3.12/site-packages/airflow/utils/session.py", line 97, in wrapper
    return func(*args, session=session, **kwargs)
           ^^^^^^^^^^^^^^^^^^^^^^^^^^^^^^^^^^^^^^
  File "/home/airflow/.local/lib/python3.12/site-packages/airflow/models/taskinstance.py", line 3005, in _run_raw_task
    return _run_raw_task(
           ^^^^^^^^^^^^^^
  File "/home/airflow/.local/lib/python3.12/site-packages/airflow/models/taskinstance.py", line 273, in _run_raw_task
    TaskInstance._execute_task_with_callbacks(
  File "/home/airflow/.local/lib/python3.12/site-packages/airflow/models/taskinstance.py", line 3159, in _execute_task_with_callbacks
    result = self._execute_task(context, task_orig)
             ^^^^^^^^^^^^^^^^^^^^^^^^^^^^^^^^^^^^^^
  File "/home/airflow/.local/lib/python3.12/site-packages/airflow/models/taskinstance.py", line 3183, in _execute_task
    return _execute_task(self, context, task_orig)
           ^^^^^^^^^^^^^^^^^^^^^^^^^^^^^^^^^^^^^^^
  File "/home/airflow/.local/lib/python3.12/site-packages/airflow/models/taskinstance.py", line 762, in _execute_task
    result = _execute_callable(context=context, **execute_callable_kwargs)
             ^^^^^^^^^^^^^^^^^^^^^^^^^^^^^^^^^^^^^^^^^^^^^^^^^^^^^^^^^^^^^
  File "/home/airflow/.local/lib/python3.12/site-packages/airflow/models/taskinstance.py", line 733, in _execute_callable
    return ExecutionCallableRunner(
           ^^^^^^^^^^^^^^^^^^^^^^^^
  File "/home/airflow/.local/lib/python3.12/site-packages/airflow/utils/operator_helpers.py", line 252, in run
    return self.func(*args, **kwargs)
           ^^^^^^^^^^^^^^^^^^^^^^^^^^
  File "/home/airflow/.local/lib/python3.12/site-packages/airflow/models/baseoperator.py", line 417, in wrapper
    return func(self, *args, **kwargs)
           ^^^^^^^^^^^^^^^^^^^^^^^^^^^
  File "/home/airflow/.local/lib/python3.12/site-packages/airflow/providers/apache/spark/operators/spark_submit.py", line 174, in execute
    self._hook.submit(self.application)
  File "/home/airflow/.local/lib/python3.12/site-packages/airflow/providers/apache/spark/hooks/spark_submit.py", line 505, in submit
    raise AirflowException(
airflow.exceptions.AirflowException: Cannot execute: spark-submit --master spark-master:7077 --conf spark.submit.deployMode=client --conf spark.driver.bindAddress=0.0.0.0 --conf spark.executor.instances=1 --conf spark.executor.cores=2 --conf spark.executor.memory=2g --conf spark.driver.memory=1g --conf spark.sql.extensions=org.apache.iceberg.spark.extensions.IcebergSparkSessionExtensions,org.projectnessie.spark.extensions.NessieSparkSessionExtensions --conf spark.sql.catalog.nessie=org.apache.iceberg.spark.SparkCatalog --conf spark.sql.catalog.nessie.catalog-impl=org.apache.iceberg.nessie.NessieCatalog --conf spark.sql.catalog.nessie.uri=http://proyecto2-nessie:19120/api/v1 --conf spark.sql.catalog.nessie.ref=main --conf spark.sql.catalog.nessie.authentication.type=NONE --conf spark.sql.catalog.nessie.warehouse=s3a://iceberg/ --conf spark.hadoop.fs.s3a.endpoint=http://proyecto2-minio:9000 --conf spark.hadoop.fs.s3a.access.key=minioadmin --conf spark.hadoop.fs.s3a.secret.key=****** --conf spark.hadoop.fs.s3a.path.style.access=true --conf spark.hadoop.fs.s3a.impl=org.apache.hadoop.fs.s3a.S3AFileSystem --conf spark.hadoop.fs.s3a.aws.credentials.provider=org.apache.hadoop.fs.s3a.SimpleAWSCredentialsProvider --conf spark.hadoop.fs.s3a.connection.ssl.enabled=false --packages org.apache.iceberg:iceberg-spark-runtime-3.5_2.12:1.6.1,org.projectnessie.nessie-integrations:nessie-spark-extensions-3.5_2.12:0.95.0,org.apache.hadoop:hadoop-aws:3.3.4,com.amazonaws:aws-java-sdk-bundle:1.12.262 --name silver_users_hist --verbose /opt/***/scripts/silver_transform.py. Error code is: 127.
[2026-04-12T18:49:11.964+0000] {local_task_job_runner.py:266} INFO - Task exited with return code 1
[2026-04-12T18:49:11.985+0000] {taskinstance.py:3895} INFO - 0 downstream tasks scheduled from follow-on schedule check
[2026-04-12T18:49:12.032+0000] {local_task_job_runner.py:245} INFO - ::endgroup::
