[2026-04-14T23:13:40.133+0000] {local_task_job_runner.py:123} INFO - ::group::Pre task execution logs
[2026-04-14T23:13:40.159+0000] {taskinstance.py:2613} INFO - Dependencies all met for dep_context=non-requeueable deps ti=<TaskInstance: stackoverflow_pipeline.silver_transform manual__2026-04-14T23:12:12.535566+00:00 [queued]>
[2026-04-14T23:13:40.172+0000] {taskinstance.py:2613} INFO - Dependencies all met for dep_context=requeueable deps ti=<TaskInstance: stackoverflow_pipeline.silver_transform manual__2026-04-14T23:12:12.535566+00:00 [queued]>
[2026-04-14T23:13:40.173+0000] {taskinstance.py:2866} INFO - Starting attempt 1 of 2
[2026-04-14T23:13:40.197+0000] {taskinstance.py:2889} INFO - Executing <Task(PythonOperator): silver_transform> on 2026-04-14 23:12:12.535566+00:00
[2026-04-14T23:13:40.205+0000] {standard_task_runner.py:104} INFO - Running: ['***', 'tasks', 'run', 'stackoverflow_pipeline', 'silver_transform', 'manual__2026-04-14T23:12:12.535566+00:00', '--job-id', '3', '--raw', '--subdir', 'DAGS_FOLDER/stackoverflow_pipeline.py', '--cfg-path', '/tmp/tmpt9z0d408']
[2026-04-14T23:13:40.208+0000] {standard_task_runner.py:105} INFO - Job 3: Subtask silver_transform
[2026-04-14T23:13:40.273+0000] {logging_mixin.py:190} WARNING - /home/***/.local/lib/python3.12/site-packages/***/task/task_runner/standard_task_runner.py:70 DeprecationWarning: This process (pid=304) is multi-threaded, use of fork() may lead to deadlocks in the child.
[2026-04-14T23:13:40.274+0000] {standard_task_runner.py:72} INFO - Started process 305 to run task
[2026-04-14T23:13:40.447+0000] {task_command.py:467} INFO - Running <TaskInstance: stackoverflow_pipeline.silver_transform manual__2026-04-14T23:12:12.535566+00:00 [running]> on host 853e52885e5c
[2026-04-14T23:13:42.121+0000] {taskinstance.py:3132} INFO - Exporting env vars: AIRFLOW_CTX_DAG_OWNER='fhbd-grupo' AIRFLOW_CTX_DAG_ID='stackoverflow_pipeline' AIRFLOW_CTX_TASK_ID='silver_transform' AIRFLOW_CTX_EXECUTION_DATE='2026-04-14T23:12:12.535566+00:00' AIRFLOW_CTX_TRY_NUMBER='1' AIRFLOW_CTX_DAG_RUN_ID='manual__2026-04-14T23:12:12.535566+00:00'
[2026-04-14T23:13:42.123+0000] {taskinstance.py:731} INFO - ::endgroup::
[2026-04-14T23:13:42.603+0000] {stackoverflow_pipeline.py:197} INFO - Running command: /opt/spark/bin/spark-submit --master spark://spark-master:7077 --conf spark.submit.deployMode=client --conf spark.driver.bindAddress=0.0.0.0 --conf spark.executor.instances=1 --conf spark.executor.cores=2 --conf spark.executor.memory=2g --conf spark.driver.memory=1g --conf spark.sql.extensions=org.apache.iceberg.spark.extensions.IcebergSparkSessionExtensions,org.projectnessie.spark.extensions.NessieSparkSessionExtensions --conf spark.sql.catalog.nessie=org.apache.iceberg.spark.SparkCatalog --conf spark.sql.catalog.nessie.catalog-impl=org.apache.iceberg.nessie.NessieCatalog --conf spark.sql.catalog.nessie.uri=http://proyecto2-nessie:19120/api/v1 --conf spark.sql.catalog.nessie.ref=main --conf spark.sql.catalog.nessie.authentication.type=NONE --conf spark.sql.catalog.nessie.warehouse=s3a://iceberg/ --conf spark.hadoop.fs.s3a.endpoint=http://proyecto2-minio:9000 --conf spark.hadoop.fs.s3a.access.key=minioadmin --conf spark.hadoop.fs.s3a.secret.key=minioadmin123 --conf spark.hadoop.fs.s3a.path.style.access=true --conf spark.hadoop.fs.s3a.impl=org.apache.hadoop.fs.s3a.S3AFileSystem --conf spark.hadoop.fs.s3a.aws.credentials.provider=org.apache.hadoop.fs.s3a.SimpleAWSCredentialsProvider --conf spark.hadoop.fs.s3a.connection.ssl.enabled=false --packages org.apache.iceberg:iceberg-spark-runtime-3.5_2.12:1.6.1,org.projectnessie.nessie-integrations:nessie-spark-extensions-3.5_2.12:0.95.0,org.apache.hadoop:hadoop-aws:3.3.4,com.amazonaws:aws-java-sdk-bundle:1.12.262 --name silver_users_hist --verbose /opt/***/scripts/silver_transform.py
[2026-04-14T23:13:42.604+0000] {stackoverflow_pipeline.py:198} INFO - Environment vars: CH_DB=stackoverflow, CH_HOST=play.clickhouse.com, CH_PASSWORD=, CH_PORT=443, CH_USER=play, GOLD_NAMESPACE=gold, MAX_ROWS=100000, MINIO_ACCESS_KEY=minioadmin, MINIO_BUCKET_BRONZE=bronze, MINIO_BUCKET_ICEBERG=iceberg, MINIO_ENDPOINT=http://proyecto2-minio:9000, MINIO_SECRET_KEY=minioadmin123, NESSIE_BRANCH=main, NESSIE_URL=http://proyecto2-nessie:19120/api/v1, SILVER_NAMESPACE=silver
[2026-04-14T23:34:12.057+0000] {stackoverflow_pipeline.py:203} INFO - Spark stdout:
:: loading settings :: url = jar:file:/opt/spark/jars/ivy-2.5.1.jar!/org/apache/ivy/core/settings/ivysettings.xml
2026-04-14 23:14:53,843 INFO ============================================================
2026-04-14 23:14:53,843 INFO SILVER TRANSFORM — users_hist
2026-04-14 23:14:53,843 INFO ============================================================
2026-04-14 23:15:08,305 INFO Spark version: 3.5.5
2026-04-14 23:15:08,305 INFO Leyendo Bronze: s3a://bronze/users/2019/users_2019.parquet
2026-04-14 23:15:11,262 WARNING   ⚠️  No se pudo leer s3a://bronze/users/2019/users_2019.parquet: [PATH_NOT_FOUND] Path does not exist: s3a://bronze/users/2019/users_2019.parquet.
2026-04-14 23:15:11,262 INFO Leyendo Bronze: s3a://bronze/users/2020/users_2020.parquet
2026-04-14 23:15:11,309 WARNING   ⚠️  No se pudo leer s3a://bronze/users/2020/users_2020.parquet: [PATH_NOT_FOUND] Path does not exist: s3a://bronze/users/2020/users_2020.parquet.
2026-04-14 23:15:11,309 INFO Leyendo Bronze: s3a://bronze/users/2021/users_2021.parquet
2026-04-14 23:34:11,672 WARNING   ⚠️  No se pudo leer s3a://bronze/users/2021/users_2021.parquet: An error occurred while calling o70.parquet.
: org.apache.spark.SparkException: Job aborted due to stage failure: Master removed our application: KILLED
	at org.apache.spark.scheduler.DAGScheduler.failJobAndIndependentStages(DAGScheduler.scala:2856)
	at org.apache.spark.scheduler.DAGScheduler.$anonfun$abortStage$2(DAGScheduler.scala:2792)
	at org.apache.spark.scheduler.DAGScheduler.$anonfun$abortStage$2$adapted(DAGScheduler.scala:2791)
	at scala.collection.mutable.ResizableArray.foreach(ResizableArray.scala:62)
	at scala.collection.mutable.ResizableArray.foreach$(ResizableArray.scala:55)
	at scala.collection.mutable.ArrayBuffer.foreach(ArrayBuffer.scala:49)
	at org.apache.spark.scheduler.DAGScheduler.abortStage(DAGScheduler.scala:2791)
	at org.apache.spark.scheduler.DAGScheduler.$anonfun$handleTaskSetFailed$1(DAGScheduler.scala:1247)
	at org.apache.spark.scheduler.DAGScheduler.$anonfun$handleTaskSetFailed$1$adapted(DAGScheduler.scala:1247)
	at scala.Option.foreach(Option.scala:407)
	at org.apache.spark.scheduler.DAGScheduler.handleTaskSetFailed(DAGScheduler.scala:1247)
	at org.apache.spark.scheduler.DAGSchedulerEventProcessLoop.doOnReceive(DAGScheduler.scala:3060)
	at org.apache.spark.scheduler.DAGSchedulerEventProcessLoop.onReceive(DAGScheduler.scala:2994)
	at org.apache.spark.scheduler.DAGSchedulerEventProcessLoop.onReceive(DAGScheduler.scala:2983)
	at org.apache.spark.util.EventLoop$$anon$1.run(EventLoop.scala:49)
	at org.apache.spark.scheduler.DAGScheduler.runJob(DAGScheduler.scala:989)
	at org.apache.spark.SparkContext.runJob(SparkContext.scala:2393)
	at org.apache.spark.SparkContext.runJob(SparkContext.scala:2414)
	at org.apache.spark.SparkContext.runJob(SparkContext.scala:2433)
	at org.apache.spark.SparkContext.runJob(SparkContext.scala:2458)
	at org.apache.spark.rdd.RDD.$anonfun$collect$1(RDD.scala:1049)
	at org.apache.spark.rdd.RDDOperationScope$.withScope(RDDOperationScope.scala:151)
	at org.apache.spark.rdd.RDDOperationScope$.withScope(RDDOperationScope.scala:112)
	at org.apache.spark.rdd.RDD.withScope(RDD.scala:410)
	at org.apache.spark.rdd.RDD.collect(RDD.scala:1048)
	at org.apache.spark.sql.execution.datasources.SchemaMergeUtils$.mergeSchemasInParallel(SchemaMergeUtils.scala:74)
	at org.apache.spark.sql.execution.datasources.parquet.ParquetFileFormat$.mergeSchemasInParallel(ParquetFileFormat.scala:497)
	at org.apache.spark.sql.execution.datasources.parquet.ParquetUtils$.inferSchema(ParquetUtils.scala:132)
	at org.apache.spark.sql.execution.datasources.parquet.ParquetFileFormat.inferSchema(ParquetFileFormat.scala:79)
	at org.apache.spark.sql.execution.datasources.DataSource.$anonfun$getOrInferFileFormatSchema$11(DataSource.scala:208)
	at scala.Option.orElse(Option.scala:447)
	at org.apache.spark.sql.execution.datasources.DataSource.getOrInferFileFormatSchema(DataSource.scala:205)
	at org.apache.spark.sql.execution.datasources.DataSource.resolveRelation(DataSource.scala:407)
	at org.apache.spark.sql.DataFrameReader.loadV1Source(DataFrameReader.scala:229)
	at org.apache.spark.sql.DataFrameReader.$anonfun$load$2(DataFrameReader.scala:211)
	at scala.Option.getOrElse(Option.scala:189)
	at org.apache.spark.sql.DataFrameReader.load(DataFrameReader.scala:211)
	at org.apache.spark.sql.DataFrameReader.parquet(DataFrameReader.scala:563)
	at java.base/jdk.internal.reflect.NativeMethodAccessorImpl.invoke0(Native Method)
	at java.base/jdk.internal.reflect.NativeMethodAccessorImpl.invoke(NativeMethodAccessorImpl.java:77)
	at java.base/jdk.internal.reflect.DelegatingMethodAccessorImpl.invoke(DelegatingMethodAccessorImpl.java:43)
	at java.base/java.lang.reflect.Method.invoke(Method.java:569)
	at py4j.reflection.MethodInvoker.invoke(MethodInvoker.java:244)
	at py4j.reflection.ReflectionEngine.invoke(ReflectionEngine.java:374)
	at py4j.Gateway.invoke(Gateway.java:282)
	at py4j.commands.AbstractCommand.invokeMethod(AbstractCommand.java:132)
	at py4j.commands.CallCommand.execute(CallCommand.java:79)
	at py4j.ClientServerConnection.waitForCommands(ClientServerConnection.java:182)
	at py4j.ClientServerConnection.run(ClientServerConnection.java:106)
	at java.base/java.lang.Thread.run(Thread.java:840)

Traceback (most recent call last):
  File "/opt/***/scripts/silver_transform.py", line 222, in <module>
    main()
  File "/opt/***/scripts/silver_transform.py", line 194, in main
    df_bronze = read_users_bronze(spark)
                ^^^^^^^^^^^^^^^^^^^^^^^^
  File "/opt/***/scripts/silver_transform.py", line 81, in read_users_bronze
    raise RuntimeError("No se encontraron archivos de users en Bronze.")
RuntimeError: No se encontraron archivos de users en Bronze.
2026-04-14 23:34:11,698 INFO Closing down clientserver connection

[2026-04-14T23:34:12.060+0000] {stackoverflow_pipeline.py:205} ERROR - Spark stderr:
/opt/spark/bin/load-spark-env.sh: line 68: ps: command not found
Using properties file: null
Parsed arguments:
  master                  spark://spark-master:7077
  remote                  null
  deployMode              client
  executorMemory          2g
  executorCores           2
  totalExecutorCores      null
  propertiesFile          null
  driverMemory            1g
  driverCores             null
  driverExtraClassPath    null
  driverExtraLibraryPath  null
  driverExtraJavaOptions  null
  supervise               false
  queue                   null
  numExecutors            1
  files                   null
  pyFiles                 null
  archives                null
  mainClass               null
  primaryResource         file:/opt/***/scripts/silver_transform.py
  name                    silver_users_hist
  childArgs               []
  jars                    null
  packages                org.apache.iceberg:iceberg-spark-runtime-3.5_2.12:1.6.1,org.projectnessie.nessie-integrations:nessie-spark-extensions-3.5_2.12:0.95.0,org.apache.hadoop:hadoop-aws:3.3.4,com.amazonaws:aws-java-sdk-bundle:1.12.262
  packagesExclusions      null
  repositories            null
  verbose                 true

Spark properties used, including those specified through
 --conf and those from the properties file null:
  (spark.driver.bindAddress,0.0.0.0)
  (spark.driver.memory,1g)
  (spark.executor.cores,2)
  (spark.executor.instances,1)
  (spark.executor.memory,2g)
  (spark.hadoop.fs.s3a.access.key,*********(redacted))
  (spark.hadoop.fs.s3a.aws.credentials.provider,org.apache.hadoop.fs.s3a.SimpleAWSCredentialsProvider)
  (spark.hadoop.fs.s3a.connection.ssl.enabled,false)
  (spark.hadoop.fs.s3a.endpoint,http://proyecto2-minio:9000)
  (spark.hadoop.fs.s3a.impl,org.apache.hadoop.fs.s3a.S3AFileSystem)
  (spark.hadoop.fs.s3a.path.style.access,true)
  (spark.hadoop.fs.s3a.secret.key,*********(redacted))
  (spark.sql.catalog.nessie,org.apache.iceberg.spark.SparkCatalog)
  (spark.sql.catalog.nessie.authentication.type,NONE)
  (spark.sql.catalog.nessie.catalog-impl,org.apache.iceberg.nessie.NessieCatalog)
  (spark.sql.catalog.nessie.ref,main)
  (spark.sql.catalog.nessie.uri,http://proyecto2-nessie:19120/api/v1)
  (spark.sql.catalog.nessie.warehouse,s3a://iceberg/)
  (spark.sql.extensions,org.apache.iceberg.spark.extensions.IcebergSparkSessionExtensions,org.projectnessie.spark.extensions.NessieSparkSessionExtensions)
  (spark.submit.deployMode,client)

    
Ivy Default Cache set to: /home/***/.ivy2/cache
The jars for the packages stored in: /home/***/.ivy2/jars
org.apache.iceberg#iceberg-spark-runtime-3.5_2.12 added as a dependency
org.projectnessie.nessie-integrations#nessie-spark-extensions-3.5_2.12 added as a dependency
org.apache.hadoop#hadoop-aws added as a dependency
com.amazonaws#aws-java-sdk-bundle added as a dependency
:: resolving dependencies :: org.apache.spark#spark-submit-parent-bac5d7ce-f48f-449e-89fe-893b616bcc05;1.0
	confs: [default]
	found org.apache.iceberg#iceberg-spark-runtime-3.5_2.12;1.6.1 in central
	found org.projectnessie.nessie-integrations#nessie-spark-extensions-3.5_2.12;0.95.0 in central
	found org.apache.hadoop#hadoop-aws;3.3.4 in central
	found com.amazonaws#aws-java-sdk-bundle;1.12.262 in central
	found org.wildfly.openssl#wildfly-openssl;1.0.7.Final in central
downloading https://repo1.maven.org/maven2/org/apache/iceberg/iceberg-spark-runtime-3.5_2.12/1.6.1/iceberg-spark-runtime-3.5_2.12-1.6.1.jar ...
	[SUCCESSFUL ] org.apache.iceberg#iceberg-spark-runtime-3.5_2.12;1.6.1!iceberg-spark-runtime-3.5_2.12.jar (5102ms)
downloading https://repo1.maven.org/maven2/org/projectnessie/nessie-integrations/nessie-spark-extensions-3.5_2.12/0.95.0/nessie-spark-extensions-3.5_2.12-0.95.0.jar ...
	[SUCCESSFUL ] org.projectnessie.nessie-integrations#nessie-spark-extensions-3.5_2.12;0.95.0!nessie-spark-extensions-3.5_2.12.jar (947ms)
downloading https://repo1.maven.org/maven2/org/apache/hadoop/hadoop-aws/3.3.4/hadoop-aws-3.3.4.jar ...
	[SUCCESSFUL ] org.apache.hadoop#hadoop-aws;3.3.4!hadoop-aws.jar (235ms)
downloading https://repo1.maven.org/maven2/com/amazonaws/aws-java-sdk-bundle/1.12.262/aws-java-sdk-bundle-1.12.262.jar ...
	[SUCCESSFUL ] com.amazonaws#aws-java-sdk-bundle;1.12.262!aws-java-sdk-bundle.jar (20387ms)
downloading https://repo1.maven.org/maven2/org/wildfly/openssl/wildfly-openssl/1.0.7.Final/wildfly-openssl-1.0.7.Final.jar ...
	[SUCCESSFUL ] org.wildfly.openssl#wildfly-openssl;1.0.7.Final!wildfly-openssl.jar (723ms)
:: resolution report :: resolve 18229ms :: artifacts dl 27406ms
	:: modules in use:
	com.amazonaws#aws-java-sdk-bundle;1.12.262 from central in [default]
	org.apache.hadoop#hadoop-aws;3.3.4 from central in [default]
	org.apache.iceberg#iceberg-spark-runtime-3.5_2.12;1.6.1 from central in [default]
	org.projectnessie.nessie-integrations#nessie-spark-extensions-3.5_2.12;0.95.0 from central in [default]
	org.wildfly.openssl#wildfly-openssl;1.0.7.Final from central in [default]
	---------------------------------------------------------------------
	|                  |            modules            ||   artifacts   |
	|       conf       | number| search|dwnlded|evicted|| number|dwnlded|
	---------------------------------------------------------------------
	|      default     |   5   |   5   |   5   |   0   ||   5   |   5   |
	---------------------------------------------------------------------
:: retrieving :: org.apache.spark#spark-submit-parent-bac5d7ce-f48f-449e-89fe-893b616bcc05
	confs: [default]
	5 artifacts copied, 0 already retrieved (318749kB/6722ms)
26/04/14 23:14:50 WARN NativeCodeLoader: Unable to load native-hadoop library for your platform... using builtin-java classes where applicable
Main class:
org.apache.spark.deploy.PythonRunner
Arguments:
file:/opt/***/scripts/silver_transform.py
file:///home/***/.ivy2/jars/org.apache.iceberg_iceberg-spark-runtime-3.5_2.12-1.6.1.jar,file:///home/***/.ivy2/jars/org.projectnessie.nessie-integrations_nessie-spark-extensions-3.5_2.12-0.95.0.jar,file:///home/***/.ivy2/jars/org.apache.hadoop_hadoop-aws-3.3.4.jar,file:///home/***/.ivy2/jars/com.amazonaws_aws-java-sdk-bundle-1.12.262.jar,file:///home/***/.ivy2/jars/org.wildfly.openssl_wildfly-openssl-1.0.7.Final.jar
Spark config:
(spark.app.name,silver_users_hist)
(spark.app.submitTime,1776208491746)
(spark.driver.bindAddress,0.0.0.0)
(spark.driver.memory,1g)
(spark.executor.cores,2)
(spark.executor.instances,1)
(spark.executor.memory,2g)
(spark.files,file:///home/***/.ivy2/jars/org.apache.iceberg_iceberg-spark-runtime-3.5_2.12-1.6.1.jar,file:///home/***/.ivy2/jars/org.projectnessie.nessie-integrations_nessie-spark-extensions-3.5_2.12-0.95.0.jar,file:///home/***/.ivy2/jars/org.apache.hadoop_hadoop-aws-3.3.4.jar,file:///home/***/.ivy2/jars/com.amazonaws_aws-java-sdk-bundle-1.12.262.jar,file:///home/***/.ivy2/jars/org.wildfly.openssl_wildfly-openssl-1.0.7.Final.jar)
(spark.hadoop.fs.s3a.access.key,*********(redacted))
(spark.hadoop.fs.s3a.aws.credentials.provider,org.apache.hadoop.fs.s3a.SimpleAWSCredentialsProvider)
(spark.hadoop.fs.s3a.connection.ssl.enabled,false)
(spark.hadoop.fs.s3a.endpoint,http://proyecto2-minio:9000)
(spark.hadoop.fs.s3a.impl,org.apache.hadoop.fs.s3a.S3AFileSystem)
(spark.hadoop.fs.s3a.path.style.access,true)
(spark.hadoop.fs.s3a.secret.key,*********(redacted))
(spark.jars,file:///home/***/.ivy2/jars/org.apache.iceberg_iceberg-spark-runtime-3.5_2.12-1.6.1.jar,file:///home/***/.ivy2/jars/org.projectnessie.nessie-integrations_nessie-spark-extensions-3.5_2.12-0.95.0.jar,file:///home/***/.ivy2/jars/org.apache.hadoop_hadoop-aws-3.3.4.jar,file:///home/***/.ivy2/jars/com.amazonaws_aws-java-sdk-bundle-1.12.262.jar,file:///home/***/.ivy2/jars/org.wildfly.openssl_wildfly-openssl-1.0.7.Final.jar)
(spark.master,spark://spark-master:7077)
(spark.repl.local.jars,file:///home/***/.ivy2/jars/org.apache.iceberg_iceberg-spark-runtime-3.5_2.12-1.6.1.jar,file:///home/***/.ivy2/jars/org.projectnessie.nessie-integrations_nessie-spark-extensions-3.5_2.12-0.95.0.jar,file:///home/***/.ivy2/jars/org.apache.hadoop_hadoop-aws-3.3.4.jar,file:///home/***/.ivy2/jars/com.amazonaws_aws-java-sdk-bundle-1.12.262.jar,file:///home/***/.ivy2/jars/org.wildfly.openssl_wildfly-openssl-1.0.7.Final.jar)
(spark.sql.catalog.nessie,org.apache.iceberg.spark.SparkCatalog)
(spark.sql.catalog.nessie.authentication.type,NONE)
(spark.sql.catalog.nessie.catalog-impl,org.apache.iceberg.nessie.NessieCatalog)
(spark.sql.catalog.nessie.ref,main)
(spark.sql.catalog.nessie.uri,http://proyecto2-nessie:19120/api/v1)
(spark.sql.catalog.nessie.warehouse,s3a://iceberg/)
(spark.sql.extensions,org.apache.iceberg.spark.extensions.IcebergSparkSessionExtensions,org.projectnessie.spark.extensions.NessieSparkSessionExtensions)
(spark.submit.deployMode,client)
(spark.submit.pyFiles,/home/***/.ivy2/jars/org.apache.iceberg_iceberg-spark-runtime-3.5_2.12-1.6.1.jar,/home/***/.ivy2/jars/org.projectnessie.nessie-integrations_nessie-spark-extensions-3.5_2.12-0.95.0.jar,/home/***/.ivy2/jars/org.apache.hadoop_hadoop-aws-3.3.4.jar,/home/***/.ivy2/jars/com.amazonaws_aws-java-sdk-bundle-1.12.262.jar,/home/***/.ivy2/jars/org.wildfly.openssl_wildfly-openssl-1.0.7.Final.jar)
Classpath elements:
file:///home/***/.ivy2/jars/org.apache.iceberg_iceberg-spark-runtime-3.5_2.12-1.6.1.jar
file:///home/***/.ivy2/jars/org.projectnessie.nessie-integrations_nessie-spark-extensions-3.5_2.12-0.95.0.jar
file:///home/***/.ivy2/jars/org.apache.hadoop_hadoop-aws-3.3.4.jar
file:///home/***/.ivy2/jars/com.amazonaws_aws-java-sdk-bundle-1.12.262.jar
file:///home/***/.ivy2/jars/org.wildfly.openssl_wildfly-openssl-1.0.7.Final.jar


26/04/14 23:14:54 INFO SparkContext: Running Spark version 3.5.5
26/04/14 23:14:54 INFO SparkContext: OS info Linux, 5.15.153.1-microsoft-standard-WSL2, amd64
26/04/14 23:14:54 INFO SparkContext: Java version 17.0.18
26/04/14 23:14:54 INFO ResourceUtils: ==============================================================
26/04/14 23:14:54 INFO ResourceUtils: No custom resources configured for spark.driver.
26/04/14 23:14:54 INFO ResourceUtils: ==============================================================
26/04/14 23:14:54 INFO SparkContext: Submitted application: silver_users_hist
26/04/14 23:14:54 INFO ResourceProfile: Default ResourceProfile created, executor resources: Map(cores -> name: cores, amount: 2, script: , vendor: , memory -> name: memory, amount: 2048, script: , vendor: , offHeap -> name: offHeap, amount: 0, script: , vendor: ), task resources: Map(cpus -> name: cpus, amount: 1.0)
26/04/14 23:14:54 INFO ResourceProfile: Limiting resource is cpus at 2 tasks per executor
26/04/14 23:14:54 INFO ResourceProfileManager: Added ResourceProfile id: 0
26/04/14 23:14:54 INFO SecurityManager: Changing view acls to: ***
26/04/14 23:14:54 INFO SecurityManager: Changing modify acls to: ***
26/04/14 23:14:54 INFO SecurityManager: Changing view acls groups to: 
26/04/14 23:14:54 INFO SecurityManager: Changing modify acls groups to: 
26/04/14 23:14:54 INFO SecurityManager: SecurityManager: authentication disabled; ui acls disabled; users with view permissions: ***; groups with view permissions: EMPTY; users with modify permissions: ***; groups with modify permissions: EMPTY
26/04/14 23:14:54 INFO Utils: Successfully started service 'sparkDriver' on port 41731.
26/04/14 23:14:54 INFO SparkEnv: Registering MapOutputTracker
26/04/14 23:14:54 INFO SparkEnv: Registering BlockManagerMaster
26/04/14 23:14:54 INFO BlockManagerMasterEndpoint: Using org.apache.spark.storage.DefaultTopologyMapper for getting topology information
26/04/14 23:14:54 INFO BlockManagerMasterEndpoint: BlockManagerMasterEndpoint up
26/04/14 23:14:54 INFO SparkEnv: Registering BlockManagerMasterHeartbeat
26/04/14 23:14:54 INFO DiskBlockManager: Created local directory at /tmp/blockmgr-ccafe313-9a4a-4383-8a34-b99a742379d3
26/04/14 23:14:54 INFO MemoryStore: MemoryStore started with capacity 434.4 MiB
26/04/14 23:14:54 INFO SparkEnv: Registering OutputCommitCoordinator
26/04/14 23:14:55 INFO JettyUtils: Start Jetty 0.0.0.0:4040 for SparkUI
26/04/14 23:14:55 INFO Utils: Successfully started service 'SparkUI' on port 4040.
26/04/14 23:14:55 INFO SparkContext: Added JAR file:///home/***/.ivy2/jars/org.apache.iceberg_iceberg-spark-runtime-3.5_2.12-1.6.1.jar at spark://853e52885e5c:41731/jars/org.apache.iceberg_iceberg-spark-runtime-3.5_2.12-1.6.1.jar with timestamp 1776208494047
26/04/14 23:14:55 INFO SparkContext: Added JAR file:///home/***/.ivy2/jars/org.projectnessie.nessie-integrations_nessie-spark-extensions-3.5_2.12-0.95.0.jar at spark://853e52885e5c:41731/jars/org.projectnessie.nessie-integrations_nessie-spark-extensions-3.5_2.12-0.95.0.jar with timestamp 1776208494047
26/04/14 23:14:55 INFO SparkContext: Added JAR file:///home/***/.ivy2/jars/org.apache.hadoop_hadoop-aws-3.3.4.jar at spark://853e52885e5c:41731/jars/org.apache.hadoop_hadoop-aws-3.3.4.jar with timestamp 1776208494047
26/04/14 23:14:55 INFO SparkContext: Added JAR file:///home/***/.ivy2/jars/com.amazonaws_aws-java-sdk-bundle-1.12.262.jar at spark://853e52885e5c:41731/jars/com.amazonaws_aws-java-sdk-bundle-1.12.262.jar with timestamp 1776208494047
26/04/14 23:14:55 INFO SparkContext: Added JAR file:///home/***/.ivy2/jars/org.wildfly.openssl_wildfly-openssl-1.0.7.Final.jar at spark://853e52885e5c:41731/jars/org.wildfly.openssl_wildfly-openssl-1.0.7.Final.jar with timestamp 1776208494047
26/04/14 23:14:55 INFO SparkContext: Added file file:///home/***/.ivy2/jars/org.apache.iceberg_iceberg-spark-runtime-3.5_2.12-1.6.1.jar at spark://853e52885e5c:41731/files/org.apache.iceberg_iceberg-spark-runtime-3.5_2.12-1.6.1.jar with timestamp 1776208494047
26/04/14 23:14:55 INFO Utils: Copying /home/***/.ivy2/jars/org.apache.iceberg_iceberg-spark-runtime-3.5_2.12-1.6.1.jar to /tmp/spark-87cb8ff9-876f-4fa6-9f3c-aa7e42fc5f7d/userFiles-225bc409-017a-4b96-b246-fd9baddbfa11/org.apache.iceberg_iceberg-spark-runtime-3.5_2.12-1.6.1.jar
26/04/14 23:14:55 INFO SparkContext: Added file file:///home/***/.ivy2/jars/org.projectnessie.nessie-integrations_nessie-spark-extensions-3.5_2.12-0.95.0.jar at spark://853e52885e5c:41731/files/org.projectnessie.nessie-integrations_nessie-spark-extensions-3.5_2.12-0.95.0.jar with timestamp 1776208494047
26/04/14 23:14:55 INFO Utils: Copying /home/***/.ivy2/jars/org.projectnessie.nessie-integrations_nessie-spark-extensions-3.5_2.12-0.95.0.jar to /tmp/spark-87cb8ff9-876f-4fa6-9f3c-aa7e42fc5f7d/userFiles-225bc409-017a-4b96-b246-fd9baddbfa11/org.projectnessie.nessie-integrations_nessie-spark-extensions-3.5_2.12-0.95.0.jar
26/04/14 23:14:55 INFO SparkContext: Added file file:///home/***/.ivy2/jars/org.apache.hadoop_hadoop-aws-3.3.4.jar at spark://853e52885e5c:41731/files/org.apache.hadoop_hadoop-aws-3.3.4.jar with timestamp 1776208494047
26/04/14 23:14:55 INFO Utils: Copying /home/***/.ivy2/jars/org.apache.hadoop_hadoop-aws-3.3.4.jar to /tmp/spark-87cb8ff9-876f-4fa6-9f3c-aa7e42fc5f7d/userFiles-225bc409-017a-4b96-b246-fd9baddbfa11/org.apache.hadoop_hadoop-aws-3.3.4.jar
26/04/14 23:14:55 INFO SparkContext: Added file file:///home/***/.ivy2/jars/com.amazonaws_aws-java-sdk-bundle-1.12.262.jar at spark://853e52885e5c:41731/files/com.amazonaws_aws-java-sdk-bundle-1.12.262.jar with timestamp 1776208494047
26/04/14 23:14:55 INFO Utils: Copying /home/***/.ivy2/jars/com.amazonaws_aws-java-sdk-bundle-1.12.262.jar to /tmp/spark-87cb8ff9-876f-4fa6-9f3c-aa7e42fc5f7d/userFiles-225bc409-017a-4b96-b246-fd9baddbfa11/com.amazonaws_aws-java-sdk-bundle-1.12.262.jar
26/04/14 23:14:59 INFO SparkContext: Added file file:///home/***/.ivy2/jars/org.wildfly.openssl_wildfly-openssl-1.0.7.Final.jar at spark://853e52885e5c:41731/files/org.wildfly.openssl_wildfly-openssl-1.0.7.Final.jar with timestamp 1776208494047
26/04/14 23:14:59 INFO Utils: Copying /home/***/.ivy2/jars/org.wildfly.openssl_wildfly-openssl-1.0.7.Final.jar to /tmp/spark-87cb8ff9-876f-4fa6-9f3c-aa7e42fc5f7d/userFiles-225bc409-017a-4b96-b246-fd9baddbfa11/org.wildfly.openssl_wildfly-openssl-1.0.7.Final.jar
26/04/14 23:15:02 INFO StandaloneAppClient$ClientEndpoint: Connecting to master spark://spark-master:7077...
26/04/14 23:15:04 INFO TransportClientFactory: Successfully created connection to spark-master/172.19.0.6:7077 after 905 ms (0 ms spent in bootstraps)
26/04/14 23:15:07 INFO StandaloneSchedulerBackend: Connected to Spark cluster with app ID app-20260414231507-0000
26/04/14 23:15:07 INFO Utils: Successfully started service 'org.apache.spark.network.netty.NettyBlockTransferService' on port 33123.
26/04/14 23:15:07 INFO NettyBlockTransferService: Server created on 853e52885e5c 0.0.0.0:33123
26/04/14 23:15:07 INFO BlockManager: Using org.apache.spark.storage.RandomBlockReplicationPolicy for block replication policy
26/04/14 23:15:07 INFO BlockManagerMaster: Registering BlockManager BlockManagerId(driver, 853e52885e5c, 33123, None)
26/04/14 23:15:07 INFO BlockManagerMasterEndpoint: Registering block manager 853e52885e5c:33123 with 434.4 MiB RAM, BlockManagerId(driver, 853e52885e5c, 33123, None)
26/04/14 23:15:07 INFO BlockManagerMaster: Registered BlockManager BlockManagerId(driver, 853e52885e5c, 33123, None)
26/04/14 23:15:07 INFO BlockManager: Initialized BlockManager: BlockManagerId(driver, 853e52885e5c, 33123, None)
26/04/14 23:15:08 INFO StandaloneSchedulerBackend: SchedulerBackend is ready for scheduling beginning after reached minRegisteredResourcesRatio: 0.0
26/04/14 23:15:08 INFO SharedState: Setting hive.metastore.warehouse.dir ('null') to the value of spark.sql.warehouse.dir.
26/04/14 23:15:08 INFO SharedState: Warehouse path is 'file:/opt/***/spark-warehouse'.
26/04/14 23:15:09 WARN MetricsConfig: Cannot locate configuration: tried hadoop-metrics2-s3a-file-system.properties,hadoop-metrics2.properties
26/04/14 23:15:09 INFO MetricsSystemImpl: Scheduled Metric snapshot period at 10 second(s).
26/04/14 23:15:09 INFO MetricsSystemImpl: s3a-file-system metrics system started
26/04/14 23:15:11 INFO InMemoryFileIndex: It took 137 ms to list leaf files for 1 paths.
26/04/14 23:15:11 INFO SparkContext: Starting job: parquet at NativeMethodAccessorImpl.java:0
26/04/14 23:15:11 INFO DAGScheduler: Got job 0 (parquet at NativeMethodAccessorImpl.java:0) with 1 output partitions
26/04/14 23:15:11 INFO DAGScheduler: Final stage: ResultStage 0 (parquet at NativeMethodAccessorImpl.java:0)
26/04/14 23:15:11 INFO DAGScheduler: Parents of final stage: List()
26/04/14 23:15:11 INFO DAGScheduler: Missing parents: List()
26/04/14 23:15:11 INFO DAGScheduler: Submitting ResultStage 0 (MapPartitionsRDD[1] at parquet at NativeMethodAccessorImpl.java:0), which has no missing parents
26/04/14 23:15:11 INFO MemoryStore: Block broadcast_0 stored as values in memory (estimated size 108.1 KiB, free 434.3 MiB)
26/04/14 23:15:12 INFO MemoryStore: Block broadcast_0_piece0 stored as bytes in memory (estimated size 39.3 KiB, free 434.3 MiB)
26/04/14 23:15:12 INFO BlockManagerInfo: Added broadcast_0_piece0 in memory on 853e52885e5c:33123 (size: 39.3 KiB, free: 434.4 MiB)
26/04/14 23:15:12 INFO SparkContext: Created broadcast 0 from broadcast at DAGScheduler.scala:1585
26/04/14 23:15:12 INFO DAGScheduler: Submitting 1 missing tasks from ResultStage 0 (MapPartitionsRDD[1] at parquet at NativeMethodAccessorImpl.java:0) (first 15 tasks are for partitions Vector(0))
26/04/14 23:15:12 INFO TaskSchedulerImpl: Adding task set 0.0 with 1 tasks resource profile 0
26/04/14 23:15:27 WARN TaskSchedulerImpl: Initial job has not accepted any resources; check your cluster UI to ensure that workers are registered and have sufficient resources
26/04/14 23:15:42 WARN TaskSchedulerImpl: Initial job has not accepted any resources; check your cluster UI to ensure that workers are registered and have sufficient resources
26/04/14 23:15:57 WARN TaskSchedulerImpl: Initial job has not accepted any resources; check your cluster UI to ensure that workers are registered and have sufficient resources
26/04/14 23:16:12 WARN TaskSchedulerImpl: Initial job has not accepted any resources; check your cluster UI to ensure that workers are registered and have sufficient resources
26/04/14 23:16:27 WARN TaskSchedulerImpl: Initial job has not accepted any resources; check your cluster UI to ensure that workers are registered and have sufficient resources
26/04/14 23:16:42 WARN TaskSchedulerImpl: Initial job has not accepted any resources; check your cluster UI to ensure that workers are registered and have sufficient resources
26/04/14 23:16:57 WARN TaskSchedulerImpl: Initial job has not accepted any resources; check your cluster UI to ensure that workers are registered and have sufficient resources
26/04/14 23:17:12 WARN TaskSchedulerImpl: Initial job has not accepted any resources; check your cluster UI to ensure that workers are registered and have sufficient resources
26/04/14 23:17:27 WARN TaskSchedulerImpl: Initial job has not accepted any resources; check your cluster UI to ensure that workers are registered and have sufficient resources
26/04/14 23:17:42 WARN TaskSchedulerImpl: Initial job has not accepted any resources; check your cluster UI to ensure that workers are registered and have sufficient resources
26/04/14 23:17:57 WARN TaskSchedulerImpl: Initial job has not accepted any resources; check your cluster UI to ensure that workers are registered and have sufficient resources
26/04/14 23:18:12 WARN TaskSchedulerImpl: Initial job has not accepted any resources; check your cluster UI to ensure that workers are registered and have sufficient resources
26/04/14 23:18:27 WARN TaskSchedulerImpl: Initial job has not accepted any resources; check your cluster UI to ensure that workers are registered and have sufficient resources
26/04/14 23:18:42 WARN TaskSchedulerImpl: Initial job has not accepted any resources; check your cluster UI to ensure that workers are registered and have sufficient resources
26/04/14 23:18:57 WARN TaskSchedulerImpl: Initial job has not accepted any resources; check your cluster UI to ensure that workers are registered and have sufficient resources
26/04/14 23:19:12 WARN TaskSchedulerImpl: Initial job has not accepted any resources; check your cluster UI to ensure that workers are registered and have sufficient resources
26/04/14 23:19:27 WARN TaskSchedulerImpl: Initial job has not accepted any resources; check your cluster UI to ensure that workers are registered and have sufficient resources
26/04/14 23:19:42 WARN TaskSchedulerImpl: Initial job has not accepted any resources; check your cluster UI to ensure that workers are registered and have sufficient resources
26/04/14 23:19:57 WARN TaskSchedulerImpl: Initial job has not accepted any resources; check your cluster UI to ensure that workers are registered and have sufficient resources
26/04/14 23:20:12 WARN TaskSchedulerImpl: Initial job has not accepted any resources; check your cluster UI to ensure that workers are registered and have sufficient resources
26/04/14 23:20:27 WARN TaskSchedulerImpl: Initial job has not accepted any resources; check your cluster UI to ensure that workers are registered and have sufficient resources
26/04/14 23:20:42 WARN TaskSchedulerImpl: Initial job has not accepted any resources; check your cluster UI to ensure that workers are registered and have sufficient resources
26/04/14 23:20:57 WARN TaskSchedulerImpl: Initial job has not accepted any resources; check your cluster UI to ensure that workers are registered and have sufficient resources
26/04/14 23:21:12 WARN TaskSchedulerImpl: Initial job has not accepted any resources; check your cluster UI to ensure that workers are registered and have sufficient resources
26/04/14 23:21:27 WARN TaskSchedulerImpl: Initial job has not accepted any resources; check your cluster UI to ensure that workers are registered and have sufficient resources
26/04/14 23:21:42 WARN TaskSchedulerImpl: Initial job has not accepted any resources; check your cluster UI to ensure that workers are registered and have sufficient resources
26/04/14 23:21:57 WARN TaskSchedulerImpl: Initial job has not accepted any resources; check your cluster UI to ensure that workers are registered and have sufficient resources
26/04/14 23:22:12 WARN TaskSchedulerImpl: Initial job has not accepted any resources; check your cluster UI to ensure that workers are registered and have sufficient resources
26/04/14 23:22:27 WARN TaskSchedulerImpl: Initial job has not accepted any resources; check your cluster UI to ensure that workers are registered and have sufficient resources
26/04/14 23:22:42 WARN TaskSchedulerImpl: Initial job has not accepted any resources; check your cluster UI to ensure that workers are registered and have sufficient resources
26/04/14 23:22:57 WARN TaskSchedulerImpl: Initial job has not accepted any resources; check your cluster UI to ensure that workers are registered and have sufficient resources
26/04/14 23:23:12 WARN TaskSchedulerImpl: Initial job has not accepted any resources; check your cluster UI to ensure that workers are registered and have sufficient resources
26/04/14 23:23:27 WARN TaskSchedulerImpl: Initial job has not accepted any resources; check your cluster UI to ensure that workers are registered and have sufficient resources
26/04/14 23:23:42 WARN TaskSchedulerImpl: Initial job has not accepted any resources; check your cluster UI to ensure that workers are registered and have sufficient resources
26/04/14 23:23:57 WARN TaskSchedulerImpl: Initial job has not accepted any resources; check your cluster UI to ensure that workers are registered and have sufficient resources
26/04/14 23:24:12 WARN TaskSchedulerImpl: Initial job has not accepted any resources; check your cluster UI to ensure that workers are registered and have sufficient resources
26/04/14 23:24:27 WARN TaskSchedulerImpl: Initial job has not accepted any resources; check your cluster UI to ensure that workers are registered and have sufficient resources
26/04/14 23:24:42 WARN TaskSchedulerImpl: Initial job has not accepted any resources; check your cluster UI to ensure that workers are registered and have sufficient resources
26/04/14 23:24:57 WARN TaskSchedulerImpl: Initial job has not accepted any resources; check your cluster UI to ensure that workers are registered and have sufficient resources
26/04/14 23:25:12 WARN TaskSchedulerImpl: Initial job has not accepted any resources; check your cluster UI to ensure that workers are registered and have sufficient resources
26/04/14 23:25:27 WARN TaskSchedulerImpl: Initial job has not accepted any resources; check your cluster UI to ensure that workers are registered and have sufficient resources
26/04/14 23:25:42 WARN TaskSchedulerImpl: Initial job has not accepted any resources; check your cluster UI to ensure that workers are registered and have sufficient resources
26/04/14 23:25:57 WARN TaskSchedulerImpl: Initial job has not accepted any resources; check your cluster UI to ensure that workers are registered and have sufficient resources
26/04/14 23:26:12 WARN TaskSchedulerImpl: Initial job has not accepted any resources; check your cluster UI to ensure that workers are registered and have sufficient resources
26/04/14 23:26:27 WARN TaskSchedulerImpl: Initial job has not accepted any resources; check your cluster UI to ensure that workers are registered and have sufficient resources
26/04/14 23:26:42 WARN TaskSchedulerImpl: Initial job has not accepted any resources; check your cluster UI to ensure that workers are registered and have sufficient resources
26/04/14 23:26:57 WARN TaskSchedulerImpl: Initial job has not accepted any resources; check your cluster UI to ensure that workers are registered and have sufficient resources
26/04/14 23:27:12 WARN TaskSchedulerImpl: Initial job has not accepted any resources; check your cluster UI to ensure that workers are registered and have sufficient resources
26/04/14 23:27:27 WARN TaskSchedulerImpl: Initial job has not accepted any resources; check your cluster UI to ensure that workers are registered and have sufficient resources
26/04/14 23:27:42 WARN TaskSchedulerImpl: Initial job has not accepted any resources; check your cluster UI to ensure that workers are registered and have sufficient resources
26/04/14 23:27:57 WARN TaskSchedulerImpl: Initial job has not accepted any resources; check your cluster UI to ensure that workers are registered and have sufficient resources
26/04/14 23:28:12 WARN TaskSchedulerImpl: Initial job has not accepted any resources; check your cluster UI to ensure that workers are registered and have sufficient resources
26/04/14 23:28:27 WARN TaskSchedulerImpl: Initial job has not accepted any resources; check your cluster UI to ensure that workers are registered and have sufficient resources
26/04/14 23:28:42 WARN TaskSchedulerImpl: Initial job has not accepted any resources; check your cluster UI to ensure that workers are registered and have sufficient resources
26/04/14 23:28:57 WARN TaskSchedulerImpl: Initial job has not accepted any resources; check your cluster UI to ensure that workers are registered and have sufficient resources
26/04/14 23:29:12 WARN TaskSchedulerImpl: Initial job has not accepted any resources; check your cluster UI to ensure that workers are registered and have sufficient resources
26/04/14 23:29:27 WARN TaskSchedulerImpl: Initial job has not accepted any resources; check your cluster UI to ensure that workers are registered and have sufficient resources
26/04/14 23:29:42 WARN TaskSchedulerImpl: Initial job has not accepted any resources; check your cluster UI to ensure that workers are registered and have sufficient resources
26/04/14 23:29:57 WARN TaskSchedulerImpl: Initial job has not accepted any resources; check your cluster UI to ensure that workers are registered and have sufficient resources
26/04/14 23:30:12 WARN TaskSchedulerImpl: Initial job has not accepted any resources; check your cluster UI to ensure that workers are registered and have sufficient resources
26/04/14 23:30:27 WARN TaskSchedulerImpl: Initial job has not accepted any resources; check your cluster UI to ensure that workers are registered and have sufficient resources
26/04/14 23:30:42 WARN TaskSchedulerImpl: Initial job has not accepted any resources; check your cluster UI to ensure that workers are registered and have sufficient resources
26/04/14 23:30:57 WARN TaskSchedulerImpl: Initial job has not accepted any resources; check your cluster UI to ensure that workers are registered and have sufficient resources
26/04/14 23:31:12 WARN TaskSchedulerImpl: Initial job has not accepted any resources; check your cluster UI to ensure that workers are registered and have sufficient resources
26/04/14 23:31:27 WARN TaskSchedulerImpl: Initial job has not accepted any resources; check your cluster UI to ensure that workers are registered and have sufficient resources
26/04/14 23:31:42 WARN TaskSchedulerImpl: Initial job has not accepted any resources; check your cluster UI to ensure that workers are registered and have sufficient resources
26/04/14 23:31:57 WARN TaskSchedulerImpl: Initial job has not accepted any resources; check your cluster UI to ensure that workers are registered and have sufficient resources
26/04/14 23:32:12 WARN TaskSchedulerImpl: Initial job has not accepted any resources; check your cluster UI to ensure that workers are registered and have sufficient resources
26/04/14 23:32:27 WARN TaskSchedulerImpl: Initial job has not accepted any resources; check your cluster UI to ensure that workers are registered and have sufficient resources
26/04/14 23:32:42 WARN TaskSchedulerImpl: Initial job has not accepted any resources; check your cluster UI to ensure that workers are registered and have sufficient resources
26/04/14 23:32:57 WARN TaskSchedulerImpl: Initial job has not accepted any resources; check your cluster UI to ensure that workers are registered and have sufficient resources
26/04/14 23:33:12 WARN TaskSchedulerImpl: Initial job has not accepted any resources; check your cluster UI to ensure that workers are registered and have sufficient resources
26/04/14 23:33:27 WARN TaskSchedulerImpl: Initial job has not accepted any resources; check your cluster UI to ensure that workers are registered and have sufficient resources
26/04/14 23:33:42 WARN TaskSchedulerImpl: Initial job has not accepted any resources; check your cluster UI to ensure that workers are registered and have sufficient resources
26/04/14 23:33:57 WARN TaskSchedulerImpl: Initial job has not accepted any resources; check your cluster UI to ensure that workers are registered and have sufficient resources
26/04/14 23:34:11 ERROR StandaloneSchedulerBackend: Application has been killed. Reason: Master removed our application: KILLED
26/04/14 23:34:11 INFO TaskSchedulerImpl: Removed TaskSet 0.0, whose tasks have all completed, from pool 
26/04/14 23:34:11 INFO SparkContext: SparkContext is stopping with exitCode 0.
26/04/14 23:34:11 INFO TaskSchedulerImpl: Cancelling stage 0
26/04/14 23:34:11 INFO TaskSchedulerImpl: Killing all running tasks in stage 0: Stage cancelled: Job aborted due to stage failure: Master removed our application: KILLED
26/04/14 23:34:11 INFO DAGScheduler: ResultStage 0 (parquet at NativeMethodAccessorImpl.java:0) failed in 1139.680 s due to Job aborted due to stage failure: Master removed our application: KILLED
26/04/14 23:34:11 INFO DAGScheduler: Job 0 failed: parquet at NativeMethodAccessorImpl.java:0, took 1139.805796 s
26/04/14 23:34:11 INFO SparkUI: Stopped Spark web UI at http://853e52885e5c:4040
26/04/14 23:34:11 INFO StandaloneSchedulerBackend: Shutting down all executors
26/04/14 23:34:11 INFO StandaloneSchedulerBackend$StandaloneDriverEndpoint: Asking each executor to shut down
26/04/14 23:34:11 ERROR Utils: Uncaught exception in thread stop-spark-context
org.apache.spark.SparkException: Exception thrown in awaitResult: 
	at org.apache.spark.util.SparkThreadUtils$.awaitResult(SparkThreadUtils.scala:56)
	at org.apache.spark.util.ThreadUtils$.awaitResult(ThreadUtils.scala:310)
	at org.apache.spark.rpc.RpcTimeout.awaitResult(RpcTimeout.scala:75)
	at org.apache.spark.deploy.client.StandaloneAppClient.stop(StandaloneAppClient.scala:288)
	at org.apache.spark.scheduler.cluster.StandaloneSchedulerBackend.org$apache$spark$scheduler$cluster$StandaloneSchedulerBackend$$stop(StandaloneSchedulerBackend.scala:275)
	at org.apache.spark.scheduler.cluster.StandaloneSchedulerBackend.stop(StandaloneSchedulerBackend.scala:142)
	at org.apache.spark.scheduler.SchedulerBackend.stop(SchedulerBackend.scala:33)
	at org.apache.spark.scheduler.SchedulerBackend.stop$(SchedulerBackend.scala:33)
	at org.apache.spark.scheduler.cluster.CoarseGrainedSchedulerBackend.stop(CoarseGrainedSchedulerBackend.scala:54)
	at org.apache.spark.scheduler.TaskSchedulerImpl.$anonfun$stop$2(TaskSchedulerImpl.scala:992)
	at org.apache.spark.util.Utils$.tryLogNonFatalError(Utils.scala:1375)
	at org.apache.spark.scheduler.TaskSchedulerImpl.stop(TaskSchedulerImpl.scala:992)
	at org.apache.spark.scheduler.DAGScheduler.$anonfun$stop$4(DAGScheduler.scala:2976)
	at org.apache.spark.util.Utils$.tryLogNonFatalError(Utils.scala:1375)
	at org.apache.spark.scheduler.DAGScheduler.stop(DAGScheduler.scala:2976)
	at org.apache.spark.SparkContext.$anonfun$stop$12(SparkContext.scala:2258)
	at org.apache.spark.util.Utils$.tryLogNonFatalError(Utils.scala:1375)
	at org.apache.spark.SparkContext.stop(SparkContext.scala:2258)
	at org.apache.spark.SparkContext.stop(SparkContext.scala:2211)
	at org.apache.spark.SparkContext$$anon$3.run(SparkContext.scala:2198)
Caused by: org.apache.spark.SparkException: Could not find AppClient.
	at org.apache.spark.rpc.netty.Dispatcher.postMessage(Dispatcher.scala:178)
	at org.apache.spark.rpc.netty.Dispatcher.postLocalMessage(Dispatcher.scala:144)
	at org.apache.spark.rpc.netty.NettyRpcEnv.askAbortable(NettyRpcEnv.scala:242)
	at org.apache.spark.rpc.netty.NettyRpcEndpointRef.askAbortable(NettyRpcEnv.scala:554)
	at org.apache.spark.rpc.netty.NettyRpcEndpointRef.ask(NettyRpcEnv.scala:558)
	at org.apache.spark.rpc.RpcEndpointRef.ask(RpcEndpointRef.scala:72)
	... 17 more
26/04/14 23:34:11 INFO MapOutputTrackerMasterEndpoint: MapOutputTrackerMasterEndpoint stopped!
26/04/14 23:34:11 INFO MemoryStore: MemoryStore cleared
26/04/14 23:34:11 INFO BlockManager: BlockManager stopped
26/04/14 23:34:11 INFO BlockManagerMaster: BlockManagerMaster stopped
26/04/14 23:34:11 INFO OutputCommitCoordinator$OutputCommitCoordinatorEndpoint: OutputCommitCoordinator stopped!
26/04/14 23:34:11 INFO SparkContext: Successfully stopped SparkContext
26/04/14 23:34:11 INFO ShutdownHookManager: Shutdown hook called
26/04/14 23:34:11 INFO ShutdownHookManager: Deleting directory /tmp/spark-87cb8ff9-876f-4fa6-9f3c-aa7e42fc5f7d/pyspark-188bd357-56a2-430f-897f-6acd8726ad4d
26/04/14 23:34:11 INFO ShutdownHookManager: Deleting directory /tmp/spark-87cb8ff9-876f-4fa6-9f3c-aa7e42fc5f7d
26/04/14 23:34:11 INFO ShutdownHookManager: Deleting directory /tmp/spark-ee56d432-457f-42bc-b27c-0e7bb479294c
26/04/14 23:34:11 INFO MetricsSystemImpl: Stopping s3a-file-system metrics system...
26/04/14 23:34:11 INFO MetricsSystemImpl: s3a-file-system metrics system stopped.
26/04/14 23:34:11 INFO MetricsSystemImpl: s3a-file-system metrics system shutdown complete.

[2026-04-14T23:34:12.072+0000] {taskinstance.py:3311} ERROR - Task failed with exception
Traceback (most recent call last):
  File "/home/airflow/.local/lib/python3.12/site-packages/airflow/models/taskinstance.py", line 762, in _execute_task
    result = _execute_callable(context=context, **execute_callable_kwargs)
             ^^^^^^^^^^^^^^^^^^^^^^^^^^^^^^^^^^^^^^^^^^^^^^^^^^^^^^^^^^^^^
  File "/home/airflow/.local/lib/python3.12/site-packages/airflow/models/taskinstance.py", line 733, in _execute_callable
    return ExecutionCallableRunner(
           ^^^^^^^^^^^^^^^^^^^^^^^^
  File "/home/airflow/.local/lib/python3.12/site-packages/airflow/utils/operator_helpers.py", line 252, in run
    return self.func(*args, **kwargs)
           ^^^^^^^^^^^^^^^^^^^^^^^^^^
  File "/home/airflow/.local/lib/python3.12/site-packages/airflow/models/baseoperator.py", line 417, in wrapper
    return func(self, *args, **kwargs)
           ^^^^^^^^^^^^^^^^^^^^^^^^^^^
  File "/home/airflow/.local/lib/python3.12/site-packages/airflow/operators/python.py", line 238, in execute
    return_value = self.execute_callable()
                   ^^^^^^^^^^^^^^^^^^^^^^^
  File "/home/airflow/.local/lib/python3.12/site-packages/airflow/operators/python.py", line 256, in execute_callable
    return runner.run(*self.op_args, **self.op_kwargs)
           ^^^^^^^^^^^^^^^^^^^^^^^^^^^^^^^^^^^^^^^^^^^
  File "/home/airflow/.local/lib/python3.12/site-packages/airflow/utils/operator_helpers.py", line 252, in run
    return self.func(*args, **kwargs)
           ^^^^^^^^^^^^^^^^^^^^^^^^^^
  File "/opt/airflow/dags/stackoverflow_pipeline.py", line 208, in silver_transform_callable
    raise RuntimeError(f"Spark job failed with return code {result.returncode}")
RuntimeError: Spark job failed with return code 1
[2026-04-14T23:34:12.130+0000] {taskinstance.py:1225} INFO - Marking task as UP_FOR_RETRY. dag_id=stackoverflow_pipeline, task_id=silver_transform, run_id=manual__2026-04-14T23:12:12.535566+00:00, execution_date=20260414T231212, start_date=20260414T231340, end_date=20260414T233412
[2026-04-14T23:34:12.171+0000] {taskinstance.py:340} INFO - ::group::Post task execution logs
[2026-04-14T23:34:12.173+0000] {standard_task_runner.py:124} ERROR - Failed to execute job 3 for task silver_transform (Spark job failed with return code 1; 305)
Traceback (most recent call last):
  File "/home/airflow/.local/lib/python3.12/site-packages/airflow/task/task_runner/standard_task_runner.py", line 117, in _start_by_fork
    ret = args.func(args, dag=self.dag)
          ^^^^^^^^^^^^^^^^^^^^^^^^^^^^^
  File "/home/airflow/.local/lib/python3.12/site-packages/airflow/cli/cli_config.py", line 49, in command
    return func(*args, **kwargs)
           ^^^^^^^^^^^^^^^^^^^^^
  File "/home/airflow/.local/lib/python3.12/site-packages/airflow/utils/cli.py", line 116, in wrapper
    return f(*args, **kwargs)
           ^^^^^^^^^^^^^^^^^^
  File "/home/airflow/.local/lib/python3.12/site-packages/airflow/cli/commands/task_command.py", line 483, in task_run
    task_return_code = _run_task_by_selected_method(args, _dag, ti)
                       ^^^^^^^^^^^^^^^^^^^^^^^^^^^^^^^^^^^^^^^^^^^^
  File "/home/airflow/.local/lib/python3.12/site-packages/airflow/cli/commands/task_command.py", line 256, in _run_task_by_selected_method
    return _run_raw_task(args, ti)
           ^^^^^^^^^^^^^^^^^^^^^^^
  File "/home/airflow/.local/lib/python3.12/site-packages/airflow/cli/commands/task_command.py", line 341, in _run_raw_task
    return ti._run_raw_task(
           ^^^^^^^^^^^^^^^^^
  File "/home/airflow/.local/lib/python3.12/site-packages/airflow/utils/session.py", line 97, in wrapper
    return func(*args, session=session, **kwargs)
           ^^^^^^^^^^^^^^^^^^^^^^^^^^^^^^^^^^^^^^
  File "/home/airflow/.local/lib/python3.12/site-packages/airflow/models/taskinstance.py", line 3005, in _run_raw_task
    return _run_raw_task(
           ^^^^^^^^^^^^^^
  File "/home/airflow/.local/lib/python3.12/site-packages/airflow/models/taskinstance.py", line 273, in _run_raw_task
    TaskInstance._execute_task_with_callbacks(
  File "/home/airflow/.local/lib/python3.12/site-packages/airflow/models/taskinstance.py", line 3159, in _execute_task_with_callbacks
    result = self._execute_task(context, task_orig)
             ^^^^^^^^^^^^^^^^^^^^^^^^^^^^^^^^^^^^^^
  File "/home/airflow/.local/lib/python3.12/site-packages/airflow/models/taskinstance.py", line 3183, in _execute_task
    return _execute_task(self, context, task_orig)
           ^^^^^^^^^^^^^^^^^^^^^^^^^^^^^^^^^^^^^^^
  File "/home/airflow/.local/lib/python3.12/site-packages/airflow/models/taskinstance.py", line 762, in _execute_task
    result = _execute_callable(context=context, **execute_callable_kwargs)
             ^^^^^^^^^^^^^^^^^^^^^^^^^^^^^^^^^^^^^^^^^^^^^^^^^^^^^^^^^^^^^
  File "/home/airflow/.local/lib/python3.12/site-packages/airflow/models/taskinstance.py", line 733, in _execute_callable
    return ExecutionCallableRunner(
           ^^^^^^^^^^^^^^^^^^^^^^^^
  File "/home/airflow/.local/lib/python3.12/site-packages/airflow/utils/operator_helpers.py", line 252, in run
    return self.func(*args, **kwargs)
           ^^^^^^^^^^^^^^^^^^^^^^^^^^
  File "/home/airflow/.local/lib/python3.12/site-packages/airflow/models/baseoperator.py", line 417, in wrapper
    return func(self, *args, **kwargs)
           ^^^^^^^^^^^^^^^^^^^^^^^^^^^
  File "/home/airflow/.local/lib/python3.12/site-packages/airflow/operators/python.py", line 238, in execute
    return_value = self.execute_callable()
                   ^^^^^^^^^^^^^^^^^^^^^^^
  File "/home/airflow/.local/lib/python3.12/site-packages/airflow/operators/python.py", line 256, in execute_callable
    return runner.run(*self.op_args, **self.op_kwargs)
           ^^^^^^^^^^^^^^^^^^^^^^^^^^^^^^^^^^^^^^^^^^^
  File "/home/airflow/.local/lib/python3.12/site-packages/airflow/utils/operator_helpers.py", line 252, in run
    return self.func(*args, **kwargs)
           ^^^^^^^^^^^^^^^^^^^^^^^^^^
  File "/opt/airflow/dags/stackoverflow_pipeline.py", line 208, in silver_transform_callable
    raise RuntimeError(f"Spark job failed with return code {result.returncode}")
RuntimeError: Spark job failed with return code 1
[2026-04-14T23:34:12.216+0000] {local_task_job_runner.py:266} INFO - Task exited with return code 1
[2026-04-14T23:34:12.252+0000] {taskinstance.py:3895} INFO - 0 downstream tasks scheduled from follow-on schedule check
[2026-04-14T23:34:12.257+0000] {local_task_job_runner.py:245} INFO - ::endgroup::
