[2026-04-12T19:16:46.486+0000] {local_task_job_runner.py:123} INFO - ::group::Pre task execution logs
[2026-04-12T19:16:46.508+0000] {taskinstance.py:2613} INFO - Dependencies all met for dep_context=non-requeueable deps ti=<TaskInstance: stackoverflow_pipeline.gold_agg manual__2026-04-12T19:09:41+00:00 [queued]>
[2026-04-12T19:16:46.518+0000] {taskinstance.py:2613} INFO - Dependencies all met for dep_context=requeueable deps ti=<TaskInstance: stackoverflow_pipeline.gold_agg manual__2026-04-12T19:09:41+00:00 [queued]>
[2026-04-12T19:16:46.519+0000] {taskinstance.py:2866} INFO - Starting attempt 1 of 2
[2026-04-12T19:16:46.535+0000] {taskinstance.py:2889} INFO - Executing <Task(BashOperator): gold_agg> on 2026-04-12 19:09:41+00:00
[2026-04-12T19:16:46.542+0000] {warnings.py:112} WARNING - /home/***/.local/lib/python3.12/site-packages/***/task/task_runner/standard_task_runner.py:70: DeprecationWarning: This process (pid=3164) is multi-threaded, use of fork() may lead to deadlocks in the child.
  pid = os.fork()

[2026-04-12T19:16:46.544+0000] {standard_task_runner.py:72} INFO - Started process 3165 to run task
[2026-04-12T19:16:46.544+0000] {standard_task_runner.py:104} INFO - Running: ['***', 'tasks', 'run', 'stackoverflow_pipeline', 'gold_agg', 'manual__2026-04-12T19:09:41+00:00', '--job-id', '21', '--raw', '--subdir', 'DAGS_FOLDER/stackoverflow_pipeline.py', '--cfg-path', '/tmp/tmpbkc0uuis']
[2026-04-12T19:16:46.545+0000] {standard_task_runner.py:105} INFO - Job 21: Subtask gold_agg
[2026-04-12T19:16:46.596+0000] {task_command.py:467} INFO - Running <TaskInstance: stackoverflow_pipeline.gold_agg manual__2026-04-12T19:09:41+00:00 [running]> on host b4737cc55adb
[2026-04-12T19:16:46.686+0000] {taskinstance.py:3132} INFO - Exporting env vars: AIRFLOW_CTX_DAG_OWNER='fhbd-grupo' AIRFLOW_CTX_DAG_ID='stackoverflow_pipeline' AIRFLOW_CTX_TASK_ID='gold_agg' AIRFLOW_CTX_EXECUTION_DATE='2026-04-12T19:09:41+00:00' AIRFLOW_CTX_TRY_NUMBER='1' AIRFLOW_CTX_DAG_RUN_ID='manual__2026-04-12T19:09:41+00:00'
[2026-04-12T19:16:46.688+0000] {taskinstance.py:731} INFO - ::endgroup::
[2026-04-12T19:16:46.703+0000] {subprocess.py:78} INFO - Tmp dir root location: /tmp
[2026-04-12T19:16:46.705+0000] {subprocess.py:88} INFO - Running command: ['/usr/bin/bash', '-c', '/opt/spark/bin/spark-submit --master spark://spark-master:7077 --conf spark.submit.deployMode=client --conf spark.driver.bindAddress=0.0.0.0 --conf spark.executor.instances=1 --conf spark.executor.cores=2 --conf spark.executor.memory=2g --conf spark.driver.memory=1g --conf spark.sql.extensions=org.apache.iceberg.spark.extensions.IcebergSparkSessionExtensions,org.projectnessie.spark.extensions.NessieSparkSessionExtensions --conf spark.sql.catalog.nessie=org.apache.iceberg.spark.SparkCatalog --conf spark.sql.catalog.nessie.catalog-impl=org.apache.iceberg.nessie.NessieCatalog --conf spark.sql.catalog.nessie.uri=http://proyecto2-nessie:19120/api/v1 --conf spark.sql.catalog.nessie.ref=main --conf spark.sql.catalog.nessie.authentication.type=NONE --conf spark.sql.catalog.nessie.warehouse=s3a://iceberg/ --conf spark.hadoop.fs.s3a.endpoint=http://proyecto2-minio:9000 --conf spark.hadoop.fs.s3a.access.key=minioadmin --conf spark.hadoop.fs.s3a.secret.key=minioadmin123 --conf spark.hadoop.fs.s3a.path.style.access=true --conf spark.hadoop.fs.s3a.impl=org.apache.hadoop.fs.s3a.S3AFileSystem --conf spark.hadoop.fs.s3a.aws.credentials.provider=org.apache.hadoop.fs.s3a.SimpleAWSCredentialsProvider --conf spark.hadoop.fs.s3a.connection.ssl.enabled=false --packages org.apache.iceberg:iceberg-spark-runtime-3.5_2.12:1.6.1,org.projectnessie.nessie-integrations:nessie-spark-extensions-3.5_2.12:0.95.0,org.apache.hadoop:hadoop-aws:3.3.4,com.amazonaws:aws-java-sdk-bundle:1.12.262 --name gold_cant_post_x_user_hist --verbose /opt/***/scripts/gold_agg.py']
[2026-04-12T19:16:46.715+0000] {subprocess.py:99} INFO - Output:
[2026-04-12T19:16:46.722+0000] {subprocess.py:106} INFO - /opt/spark/bin/load-spark-env.sh: line 68: ps: command not found
[2026-04-12T19:16:48.048+0000] {subprocess.py:106} INFO - Using properties file: null
[2026-04-12T19:16:48.151+0000] {subprocess.py:106} INFO - Parsed arguments:
[2026-04-12T19:16:48.152+0000] {subprocess.py:106} INFO -   master                  spark://spark-master:7077
[2026-04-12T19:16:48.153+0000] {subprocess.py:106} INFO -   remote                  null
[2026-04-12T19:16:48.154+0000] {subprocess.py:106} INFO -   deployMode              client
[2026-04-12T19:16:48.156+0000] {subprocess.py:106} INFO -   executorMemory          2g
[2026-04-12T19:16:48.157+0000] {subprocess.py:106} INFO -   executorCores           2
[2026-04-12T19:16:48.160+0000] {subprocess.py:106} INFO -   totalExecutorCores      null
[2026-04-12T19:16:48.163+0000] {subprocess.py:106} INFO -   propertiesFile          null
[2026-04-12T19:16:48.165+0000] {subprocess.py:106} INFO -   driverMemory            1g
[2026-04-12T19:16:48.167+0000] {subprocess.py:106} INFO -   driverCores             null
[2026-04-12T19:16:48.169+0000] {subprocess.py:106} INFO -   driverExtraClassPath    null
[2026-04-12T19:16:48.172+0000] {subprocess.py:106} INFO -   driverExtraLibraryPath  null
[2026-04-12T19:16:48.175+0000] {subprocess.py:106} INFO -   driverExtraJavaOptions  null
[2026-04-12T19:16:48.176+0000] {subprocess.py:106} INFO -   supervise               false
[2026-04-12T19:16:48.177+0000] {subprocess.py:106} INFO -   queue                   null
[2026-04-12T19:16:48.177+0000] {subprocess.py:106} INFO -   numExecutors            1
[2026-04-12T19:16:48.178+0000] {subprocess.py:106} INFO -   files                   null
[2026-04-12T19:16:48.178+0000] {subprocess.py:106} INFO -   pyFiles                 null
[2026-04-12T19:16:48.179+0000] {subprocess.py:106} INFO -   archives                null
[2026-04-12T19:16:48.180+0000] {subprocess.py:106} INFO -   mainClass               null
[2026-04-12T19:16:48.180+0000] {subprocess.py:106} INFO -   primaryResource         file:/opt/***/scripts/gold_agg.py
[2026-04-12T19:16:48.181+0000] {subprocess.py:106} INFO -   name                    gold_cant_post_x_user_hist
[2026-04-12T19:16:48.182+0000] {subprocess.py:106} INFO -   childArgs               []
[2026-04-12T19:16:48.182+0000] {subprocess.py:106} INFO -   jars                    null
[2026-04-12T19:16:48.183+0000] {subprocess.py:106} INFO -   packages                org.apache.iceberg:iceberg-spark-runtime-3.5_2.12:1.6.1,org.projectnessie.nessie-integrations:nessie-spark-extensions-3.5_2.12:0.95.0,org.apache.hadoop:hadoop-aws:3.3.4,com.amazonaws:aws-java-sdk-bundle:1.12.262
[2026-04-12T19:16:48.183+0000] {subprocess.py:106} INFO -   packagesExclusions      null
[2026-04-12T19:16:48.184+0000] {subprocess.py:106} INFO -   repositories            null
[2026-04-12T19:16:48.185+0000] {subprocess.py:106} INFO -   verbose                 true
[2026-04-12T19:16:48.185+0000] {subprocess.py:106} INFO - 
[2026-04-12T19:16:48.186+0000] {subprocess.py:106} INFO - Spark properties used, including those specified through
[2026-04-12T19:16:48.186+0000] {subprocess.py:106} INFO -  --conf and those from the properties file null:
[2026-04-12T19:16:48.187+0000] {subprocess.py:106} INFO -   (spark.driver.bindAddress,0.0.0.0)
[2026-04-12T19:16:48.188+0000] {subprocess.py:106} INFO -   (spark.driver.memory,1g)
[2026-04-12T19:16:48.188+0000] {subprocess.py:106} INFO -   (spark.executor.cores,2)
[2026-04-12T19:16:48.189+0000] {subprocess.py:106} INFO -   (spark.executor.instances,1)
[2026-04-12T19:16:48.190+0000] {subprocess.py:106} INFO -   (spark.executor.memory,2g)
[2026-04-12T19:16:48.191+0000] {subprocess.py:106} INFO -   (spark.hadoop.fs.s3a.access.key,*********(redacted))
[2026-04-12T19:16:48.191+0000] {subprocess.py:106} INFO -   (spark.hadoop.fs.s3a.aws.credentials.provider,org.apache.hadoop.fs.s3a.SimpleAWSCredentialsProvider)
[2026-04-12T19:16:48.192+0000] {subprocess.py:106} INFO -   (spark.hadoop.fs.s3a.connection.ssl.enabled,false)
[2026-04-12T19:16:48.192+0000] {subprocess.py:106} INFO -   (spark.hadoop.fs.s3a.endpoint,http://proyecto2-minio:9000)
[2026-04-12T19:16:48.193+0000] {subprocess.py:106} INFO -   (spark.hadoop.fs.s3a.impl,org.apache.hadoop.fs.s3a.S3AFileSystem)
[2026-04-12T19:16:48.194+0000] {subprocess.py:106} INFO -   (spark.hadoop.fs.s3a.path.style.access,true)
[2026-04-12T19:16:48.194+0000] {subprocess.py:106} INFO -   (spark.hadoop.fs.s3a.secret.key,*********(redacted))
[2026-04-12T19:16:48.195+0000] {subprocess.py:106} INFO -   (spark.sql.catalog.nessie,org.apache.iceberg.spark.SparkCatalog)
[2026-04-12T19:16:48.196+0000] {subprocess.py:106} INFO -   (spark.sql.catalog.nessie.authentication.type,NONE)
[2026-04-12T19:16:48.196+0000] {subprocess.py:106} INFO -   (spark.sql.catalog.nessie.catalog-impl,org.apache.iceberg.nessie.NessieCatalog)
[2026-04-12T19:16:48.197+0000] {subprocess.py:106} INFO -   (spark.sql.catalog.nessie.ref,main)
[2026-04-12T19:16:48.197+0000] {subprocess.py:106} INFO -   (spark.sql.catalog.nessie.uri,http://proyecto2-nessie:19120/api/v1)
[2026-04-12T19:16:48.198+0000] {subprocess.py:106} INFO -   (spark.sql.catalog.nessie.warehouse,s3a://iceberg/)
[2026-04-12T19:16:48.199+0000] {subprocess.py:106} INFO -   (spark.sql.extensions,org.apache.iceberg.spark.extensions.IcebergSparkSessionExtensions,org.projectnessie.spark.extensions.NessieSparkSessionExtensions)
[2026-04-12T19:16:48.199+0000] {subprocess.py:106} INFO -   (spark.submit.deployMode,client)
[2026-04-12T19:16:48.200+0000] {subprocess.py:106} INFO - 
[2026-04-12T19:16:48.200+0000] {subprocess.py:106} INFO - 
[2026-04-12T19:16:48.296+0000] {subprocess.py:106} INFO - :: loading settings :: url = jar:file:/opt/spark/jars/ivy-2.5.1.jar!/org/apache/ivy/core/settings/ivysettings.xml
[2026-04-12T19:16:48.354+0000] {subprocess.py:106} INFO - Ivy Default Cache set to: /home/***/.ivy2/cache
[2026-04-12T19:16:48.355+0000] {subprocess.py:106} INFO - The jars for the packages stored in: /home/***/.ivy2/jars
[2026-04-12T19:16:48.361+0000] {subprocess.py:106} INFO - org.apache.iceberg#iceberg-spark-runtime-3.5_2.12 added as a dependency
[2026-04-12T19:16:48.362+0000] {subprocess.py:106} INFO - org.projectnessie.nessie-integrations#nessie-spark-extensions-3.5_2.12 added as a dependency
[2026-04-12T19:16:48.363+0000] {subprocess.py:106} INFO - org.apache.hadoop#hadoop-aws added as a dependency
[2026-04-12T19:16:48.363+0000] {subprocess.py:106} INFO - com.amazonaws#aws-java-sdk-bundle added as a dependency
[2026-04-12T19:16:48.364+0000] {subprocess.py:106} INFO - :: resolving dependencies :: org.apache.spark#spark-submit-parent-d05e43a0-6ee7-4868-807b-aa24bb126703;1.0
[2026-04-12T19:16:48.364+0000] {subprocess.py:106} INFO - 	confs: [default]
[2026-04-12T19:16:48.482+0000] {subprocess.py:106} INFO - 	found org.apache.iceberg#iceberg-spark-runtime-3.5_2.12;1.6.1 in central
[2026-04-12T19:16:48.504+0000] {subprocess.py:106} INFO - 	found org.projectnessie.nessie-integrations#nessie-spark-extensions-3.5_2.12;0.95.0 in central
[2026-04-12T19:16:48.557+0000] {subprocess.py:106} INFO - 	found org.apache.hadoop#hadoop-aws;3.3.4 in central
[2026-04-12T19:16:48.594+0000] {subprocess.py:106} INFO - 	found com.amazonaws#aws-java-sdk-bundle;1.12.262 in central
[2026-04-12T19:16:48.628+0000] {subprocess.py:106} INFO - 	found org.wildfly.openssl#wildfly-openssl;1.0.7.Final in central
[2026-04-12T19:16:48.660+0000] {subprocess.py:106} INFO - :: resolution report :: resolve 284ms :: artifacts dl 14ms
[2026-04-12T19:16:48.661+0000] {subprocess.py:106} INFO - 	:: modules in use:
[2026-04-12T19:16:48.662+0000] {subprocess.py:106} INFO - 	com.amazonaws#aws-java-sdk-bundle;1.12.262 from central in [default]
[2026-04-12T19:16:48.663+0000] {subprocess.py:106} INFO - 	org.apache.hadoop#hadoop-aws;3.3.4 from central in [default]
[2026-04-12T19:16:48.665+0000] {subprocess.py:106} INFO - 	org.apache.iceberg#iceberg-spark-runtime-3.5_2.12;1.6.1 from central in [default]
[2026-04-12T19:16:48.666+0000] {subprocess.py:106} INFO - 	org.projectnessie.nessie-integrations#nessie-spark-extensions-3.5_2.12;0.95.0 from central in [default]
[2026-04-12T19:16:48.667+0000] {subprocess.py:106} INFO - 	org.wildfly.openssl#wildfly-openssl;1.0.7.Final from central in [default]
[2026-04-12T19:16:48.668+0000] {subprocess.py:106} INFO - 	---------------------------------------------------------------------
[2026-04-12T19:16:48.670+0000] {subprocess.py:106} INFO - 	|                  |            modules            ||   artifacts   |
[2026-04-12T19:16:48.671+0000] {subprocess.py:106} INFO - 	|       conf       | number| search|dwnlded|evicted|| number|dwnlded|
[2026-04-12T19:16:48.672+0000] {subprocess.py:106} INFO - 	---------------------------------------------------------------------
[2026-04-12T19:16:48.673+0000] {subprocess.py:106} INFO - 	|      default     |   5   |   0   |   0   |   0   ||   5   |   0   |
[2026-04-12T19:16:48.674+0000] {subprocess.py:106} INFO - 	---------------------------------------------------------------------
[2026-04-12T19:16:48.675+0000] {subprocess.py:106} INFO - :: retrieving :: org.apache.spark#spark-submit-parent-d05e43a0-6ee7-4868-807b-aa24bb126703
[2026-04-12T19:16:48.677+0000] {subprocess.py:106} INFO - 	confs: [default]
[2026-04-12T19:16:48.678+0000] {subprocess.py:106} INFO - 	0 artifacts copied, 5 already retrieved (0kB/10ms)
[2026-04-12T19:16:48.845+0000] {subprocess.py:106} INFO - 26/04/12 19:16:48 WARN NativeCodeLoader: Unable to load native-hadoop library for your platform... using builtin-java classes where applicable
[2026-04-12T19:16:49.042+0000] {subprocess.py:106} INFO - Main class:
[2026-04-12T19:16:49.043+0000] {subprocess.py:106} INFO - org.apache.spark.deploy.PythonRunner
[2026-04-12T19:16:49.044+0000] {subprocess.py:106} INFO - Arguments:
[2026-04-12T19:16:49.045+0000] {subprocess.py:106} INFO - file:/opt/***/scripts/gold_agg.py
[2026-04-12T19:16:49.046+0000] {subprocess.py:106} INFO - file:///home/***/.ivy2/jars/org.apache.iceberg_iceberg-spark-runtime-3.5_2.12-1.6.1.jar,file:///home/***/.ivy2/jars/org.projectnessie.nessie-integrations_nessie-spark-extensions-3.5_2.12-0.95.0.jar,file:///home/***/.ivy2/jars/org.apache.hadoop_hadoop-aws-3.3.4.jar,file:///home/***/.ivy2/jars/com.amazonaws_aws-java-sdk-bundle-1.12.262.jar,file:///home/***/.ivy2/jars/org.wildfly.openssl_wildfly-openssl-1.0.7.Final.jar
[2026-04-12T19:16:49.047+0000] {subprocess.py:106} INFO - Spark config:
[2026-04-12T19:16:49.048+0000] {subprocess.py:106} INFO - (spark.app.name,gold_cant_post_x_user_hist)
[2026-04-12T19:16:49.049+0000] {subprocess.py:106} INFO - (spark.app.submitTime,1776021409024)
[2026-04-12T19:16:49.050+0000] {subprocess.py:106} INFO - (spark.driver.bindAddress,0.0.0.0)
[2026-04-12T19:16:49.051+0000] {subprocess.py:106} INFO - (spark.driver.memory,1g)
[2026-04-12T19:16:49.052+0000] {subprocess.py:106} INFO - (spark.executor.cores,2)
[2026-04-12T19:16:49.053+0000] {subprocess.py:106} INFO - (spark.executor.instances,1)
[2026-04-12T19:16:49.054+0000] {subprocess.py:106} INFO - (spark.executor.memory,2g)
[2026-04-12T19:16:49.054+0000] {subprocess.py:106} INFO - (spark.files,file:///home/***/.ivy2/jars/org.apache.iceberg_iceberg-spark-runtime-3.5_2.12-1.6.1.jar,file:///home/***/.ivy2/jars/org.projectnessie.nessie-integrations_nessie-spark-extensions-3.5_2.12-0.95.0.jar,file:///home/***/.ivy2/jars/org.apache.hadoop_hadoop-aws-3.3.4.jar,file:///home/***/.ivy2/jars/com.amazonaws_aws-java-sdk-bundle-1.12.262.jar,file:///home/***/.ivy2/jars/org.wildfly.openssl_wildfly-openssl-1.0.7.Final.jar)
[2026-04-12T19:16:49.055+0000] {subprocess.py:106} INFO - (spark.hadoop.fs.s3a.access.key,*********(redacted))
[2026-04-12T19:16:49.056+0000] {subprocess.py:106} INFO - (spark.hadoop.fs.s3a.aws.credentials.provider,org.apache.hadoop.fs.s3a.SimpleAWSCredentialsProvider)
[2026-04-12T19:16:49.057+0000] {subprocess.py:106} INFO - (spark.hadoop.fs.s3a.connection.ssl.enabled,false)
[2026-04-12T19:16:49.058+0000] {subprocess.py:106} INFO - (spark.hadoop.fs.s3a.endpoint,http://proyecto2-minio:9000)
[2026-04-12T19:16:49.059+0000] {subprocess.py:106} INFO - (spark.hadoop.fs.s3a.impl,org.apache.hadoop.fs.s3a.S3AFileSystem)
[2026-04-12T19:16:49.059+0000] {subprocess.py:106} INFO - (spark.hadoop.fs.s3a.path.style.access,true)
[2026-04-12T19:16:49.060+0000] {subprocess.py:106} INFO - (spark.hadoop.fs.s3a.secret.key,*********(redacted))
[2026-04-12T19:16:49.060+0000] {subprocess.py:106} INFO - (spark.jars,file:///home/***/.ivy2/jars/org.apache.iceberg_iceberg-spark-runtime-3.5_2.12-1.6.1.jar,file:///home/***/.ivy2/jars/org.projectnessie.nessie-integrations_nessie-spark-extensions-3.5_2.12-0.95.0.jar,file:///home/***/.ivy2/jars/org.apache.hadoop_hadoop-aws-3.3.4.jar,file:///home/***/.ivy2/jars/com.amazonaws_aws-java-sdk-bundle-1.12.262.jar,file:///home/***/.ivy2/jars/org.wildfly.openssl_wildfly-openssl-1.0.7.Final.jar)
[2026-04-12T19:16:49.061+0000] {subprocess.py:106} INFO - (spark.master,spark://spark-master:7077)
[2026-04-12T19:16:49.062+0000] {subprocess.py:106} INFO - (spark.repl.local.jars,file:///home/***/.ivy2/jars/org.apache.iceberg_iceberg-spark-runtime-3.5_2.12-1.6.1.jar,file:///home/***/.ivy2/jars/org.projectnessie.nessie-integrations_nessie-spark-extensions-3.5_2.12-0.95.0.jar,file:///home/***/.ivy2/jars/org.apache.hadoop_hadoop-aws-3.3.4.jar,file:///home/***/.ivy2/jars/com.amazonaws_aws-java-sdk-bundle-1.12.262.jar,file:///home/***/.ivy2/jars/org.wildfly.openssl_wildfly-openssl-1.0.7.Final.jar)
[2026-04-12T19:16:49.063+0000] {subprocess.py:106} INFO - (spark.sql.catalog.nessie,org.apache.iceberg.spark.SparkCatalog)
[2026-04-12T19:16:49.064+0000] {subprocess.py:106} INFO - (spark.sql.catalog.nessie.authentication.type,NONE)
[2026-04-12T19:16:49.065+0000] {subprocess.py:106} INFO - (spark.sql.catalog.nessie.catalog-impl,org.apache.iceberg.nessie.NessieCatalog)
[2026-04-12T19:16:49.065+0000] {subprocess.py:106} INFO - (spark.sql.catalog.nessie.ref,main)
[2026-04-12T19:16:49.066+0000] {subprocess.py:106} INFO - (spark.sql.catalog.nessie.uri,http://proyecto2-nessie:19120/api/v1)
[2026-04-12T19:16:49.066+0000] {subprocess.py:106} INFO - (spark.sql.catalog.nessie.warehouse,s3a://iceberg/)
[2026-04-12T19:16:49.067+0000] {subprocess.py:106} INFO - (spark.sql.extensions,org.apache.iceberg.spark.extensions.IcebergSparkSessionExtensions,org.projectnessie.spark.extensions.NessieSparkSessionExtensions)
[2026-04-12T19:16:49.068+0000] {subprocess.py:106} INFO - (spark.submit.deployMode,client)
[2026-04-12T19:16:49.068+0000] {subprocess.py:106} INFO - (spark.submit.pyFiles,/home/***/.ivy2/jars/org.apache.iceberg_iceberg-spark-runtime-3.5_2.12-1.6.1.jar,/home/***/.ivy2/jars/org.projectnessie.nessie-integrations_nessie-spark-extensions-3.5_2.12-0.95.0.jar,/home/***/.ivy2/jars/org.apache.hadoop_hadoop-aws-3.3.4.jar,/home/***/.ivy2/jars/com.amazonaws_aws-java-sdk-bundle-1.12.262.jar,/home/***/.ivy2/jars/org.wildfly.openssl_wildfly-openssl-1.0.7.Final.jar)
[2026-04-12T19:16:49.069+0000] {subprocess.py:106} INFO - Classpath elements:
[2026-04-12T19:16:49.070+0000] {subprocess.py:106} INFO - file:///home/***/.ivy2/jars/org.apache.iceberg_iceberg-spark-runtime-3.5_2.12-1.6.1.jar
[2026-04-12T19:16:49.070+0000] {subprocess.py:106} INFO - file:///home/***/.ivy2/jars/org.projectnessie.nessie-integrations_nessie-spark-extensions-3.5_2.12-0.95.0.jar
[2026-04-12T19:16:49.071+0000] {subprocess.py:106} INFO - file:///home/***/.ivy2/jars/org.apache.hadoop_hadoop-aws-3.3.4.jar
[2026-04-12T19:16:49.072+0000] {subprocess.py:106} INFO - file:///home/***/.ivy2/jars/com.amazonaws_aws-java-sdk-bundle-1.12.262.jar
[2026-04-12T19:16:49.072+0000] {subprocess.py:106} INFO - file:///home/***/.ivy2/jars/org.wildfly.openssl_wildfly-openssl-1.0.7.Final.jar
[2026-04-12T19:16:49.073+0000] {subprocess.py:106} INFO - 
[2026-04-12T19:16:49.074+0000] {subprocess.py:106} INFO - 
[2026-04-12T19:16:49.753+0000] {subprocess.py:106} INFO - 2026-04-12 19:16:49,753 INFO ============================================================
[2026-04-12T19:16:49.754+0000] {subprocess.py:106} INFO - 2026-04-12 19:16:49,753 INFO GOLD AGG — cant_post_x_user_hist ★
[2026-04-12T19:16:49.755+0000] {subprocess.py:106} INFO - 2026-04-12 19:16:49,753 INFO Fuentes: nessie.silver.post_hist + nessie.silver.users_hist
[2026-04-12T19:16:49.756+0000] {subprocess.py:106} INFO - 2026-04-12 19:16:49,753 INFO ============================================================
[2026-04-12T19:16:49.891+0000] {subprocess.py:106} INFO - 26/04/12 19:16:49 INFO SparkContext: Running Spark version 3.5.5
[2026-04-12T19:16:49.892+0000] {subprocess.py:106} INFO - 26/04/12 19:16:49 INFO SparkContext: OS info Linux, 6.6.87.2-microsoft-standard-WSL2, amd64
[2026-04-12T19:16:49.893+0000] {subprocess.py:106} INFO - 26/04/12 19:16:49 INFO SparkContext: Java version 17.0.18
[2026-04-12T19:16:49.927+0000] {subprocess.py:106} INFO - 26/04/12 19:16:49 INFO ResourceUtils: ==============================================================
[2026-04-12T19:16:49.928+0000] {subprocess.py:106} INFO - 26/04/12 19:16:49 INFO ResourceUtils: No custom resources configured for spark.driver.
[2026-04-12T19:16:49.929+0000] {subprocess.py:106} INFO - 26/04/12 19:16:49 INFO ResourceUtils: ==============================================================
[2026-04-12T19:16:49.930+0000] {subprocess.py:106} INFO - 26/04/12 19:16:49 INFO SparkContext: Submitted application: gold_agg
[2026-04-12T19:16:49.964+0000] {subprocess.py:106} INFO - 26/04/12 19:16:49 INFO ResourceProfile: Default ResourceProfile created, executor resources: Map(cores -> name: cores, amount: 2, script: , vendor: , memory -> name: memory, amount: 2048, script: , vendor: , offHeap -> name: offHeap, amount: 0, script: , vendor: ), task resources: Map(cpus -> name: cpus, amount: 1.0)
[2026-04-12T19:16:49.977+0000] {subprocess.py:106} INFO - 26/04/12 19:16:49 INFO ResourceProfile: Limiting resource is cpus at 2 tasks per executor
[2026-04-12T19:16:49.982+0000] {subprocess.py:106} INFO - 26/04/12 19:16:49 INFO ResourceProfileManager: Added ResourceProfile id: 0
[2026-04-12T19:16:50.070+0000] {subprocess.py:106} INFO - 26/04/12 19:16:50 INFO SecurityManager: Changing view acls to: ***
[2026-04-12T19:16:50.071+0000] {subprocess.py:106} INFO - 26/04/12 19:16:50 INFO SecurityManager: Changing modify acls to: ***
[2026-04-12T19:16:50.071+0000] {subprocess.py:106} INFO - 26/04/12 19:16:50 INFO SecurityManager: Changing view acls groups to:
[2026-04-12T19:16:50.072+0000] {subprocess.py:106} INFO - 26/04/12 19:16:50 INFO SecurityManager: Changing modify acls groups to:
[2026-04-12T19:16:50.073+0000] {subprocess.py:106} INFO - 26/04/12 19:16:50 INFO SecurityManager: SecurityManager: authentication disabled; ui acls disabled; users with view permissions: ***; groups with view permissions: EMPTY; users with modify permissions: ***; groups with modify permissions: EMPTY
[2026-04-12T19:16:50.294+0000] {subprocess.py:106} INFO - 26/04/12 19:16:50 INFO Utils: Successfully started service 'sparkDriver' on port 43241.
[2026-04-12T19:16:50.321+0000] {subprocess.py:106} INFO - 26/04/12 19:16:50 INFO SparkEnv: Registering MapOutputTracker
[2026-04-12T19:16:50.370+0000] {subprocess.py:106} INFO - 26/04/12 19:16:50 INFO SparkEnv: Registering BlockManagerMaster
[2026-04-12T19:16:50.390+0000] {subprocess.py:106} INFO - 26/04/12 19:16:50 INFO BlockManagerMasterEndpoint: Using org.apache.spark.storage.DefaultTopologyMapper for getting topology information
[2026-04-12T19:16:50.391+0000] {subprocess.py:106} INFO - 26/04/12 19:16:50 INFO BlockManagerMasterEndpoint: BlockManagerMasterEndpoint up
[2026-04-12T19:16:50.395+0000] {subprocess.py:106} INFO - 26/04/12 19:16:50 INFO SparkEnv: Registering BlockManagerMasterHeartbeat
[2026-04-12T19:16:50.414+0000] {subprocess.py:106} INFO - 26/04/12 19:16:50 INFO DiskBlockManager: Created local directory at /tmp/blockmgr-2269c28b-f1e7-4e53-8777-707ef4ab11a1
[2026-04-12T19:16:50.432+0000] {subprocess.py:106} INFO - 26/04/12 19:16:50 INFO MemoryStore: MemoryStore started with capacity 434.4 MiB
[2026-04-12T19:16:50.449+0000] {subprocess.py:106} INFO - 26/04/12 19:16:50 INFO SparkEnv: Registering OutputCommitCoordinator
[2026-04-12T19:16:50.574+0000] {subprocess.py:106} INFO - 26/04/12 19:16:50 INFO JettyUtils: Start Jetty 0.0.0.0:4040 for SparkUI
[2026-04-12T19:16:50.652+0000] {subprocess.py:106} INFO - 26/04/12 19:16:50 INFO Utils: Successfully started service 'SparkUI' on port 4040.
[2026-04-12T19:16:50.693+0000] {subprocess.py:106} INFO - 26/04/12 19:16:50 INFO SparkContext: Added JAR file:///home/***/.ivy2/jars/org.apache.iceberg_iceberg-spark-runtime-3.5_2.12-1.6.1.jar at spark://b4737cc55adb:43241/jars/org.apache.iceberg_iceberg-spark-runtime-3.5_2.12-1.6.1.jar with timestamp 1776021409884
[2026-04-12T19:16:50.694+0000] {subprocess.py:106} INFO - 26/04/12 19:16:50 INFO SparkContext: Added JAR file:///home/***/.ivy2/jars/org.projectnessie.nessie-integrations_nessie-spark-extensions-3.5_2.12-0.95.0.jar at spark://b4737cc55adb:43241/jars/org.projectnessie.nessie-integrations_nessie-spark-extensions-3.5_2.12-0.95.0.jar with timestamp 1776021409884
[2026-04-12T19:16:50.695+0000] {subprocess.py:106} INFO - 26/04/12 19:16:50 INFO SparkContext: Added JAR file:///home/***/.ivy2/jars/org.apache.hadoop_hadoop-aws-3.3.4.jar at spark://b4737cc55adb:43241/jars/org.apache.hadoop_hadoop-aws-3.3.4.jar with timestamp 1776021409884
[2026-04-12T19:16:50.696+0000] {subprocess.py:106} INFO - 26/04/12 19:16:50 INFO SparkContext: Added JAR file:///home/***/.ivy2/jars/com.amazonaws_aws-java-sdk-bundle-1.12.262.jar at spark://b4737cc55adb:43241/jars/com.amazonaws_aws-java-sdk-bundle-1.12.262.jar with timestamp 1776021409884
[2026-04-12T19:16:50.696+0000] {subprocess.py:106} INFO - 26/04/12 19:16:50 INFO SparkContext: Added JAR file:///home/***/.ivy2/jars/org.wildfly.openssl_wildfly-openssl-1.0.7.Final.jar at spark://b4737cc55adb:43241/jars/org.wildfly.openssl_wildfly-openssl-1.0.7.Final.jar with timestamp 1776021409884
[2026-04-12T19:16:50.697+0000] {subprocess.py:106} INFO - 26/04/12 19:16:50 INFO SparkContext: Added file file:///home/***/.ivy2/jars/org.apache.iceberg_iceberg-spark-runtime-3.5_2.12-1.6.1.jar at spark://b4737cc55adb:43241/files/org.apache.iceberg_iceberg-spark-runtime-3.5_2.12-1.6.1.jar with timestamp 1776021409884
[2026-04-12T19:16:50.699+0000] {subprocess.py:106} INFO - 26/04/12 19:16:50 INFO Utils: Copying /home/***/.ivy2/jars/org.apache.iceberg_iceberg-spark-runtime-3.5_2.12-1.6.1.jar to /tmp/spark-99ae12b3-24d7-4a72-85b2-ab43dad262a5/userFiles-7ee48130-b305-42b7-961d-7761c9f84188/org.apache.iceberg_iceberg-spark-runtime-3.5_2.12-1.6.1.jar
[2026-04-12T19:16:50.727+0000] {subprocess.py:106} INFO - 26/04/12 19:16:50 INFO SparkContext: Added file file:///home/***/.ivy2/jars/org.projectnessie.nessie-integrations_nessie-spark-extensions-3.5_2.12-0.95.0.jar at spark://b4737cc55adb:43241/files/org.projectnessie.nessie-integrations_nessie-spark-extensions-3.5_2.12-0.95.0.jar with timestamp 1776021409884
[2026-04-12T19:16:50.728+0000] {subprocess.py:106} INFO - 26/04/12 19:16:50 INFO Utils: Copying /home/***/.ivy2/jars/org.projectnessie.nessie-integrations_nessie-spark-extensions-3.5_2.12-0.95.0.jar to /tmp/spark-99ae12b3-24d7-4a72-85b2-ab43dad262a5/userFiles-7ee48130-b305-42b7-961d-7761c9f84188/org.projectnessie.nessie-integrations_nessie-spark-extensions-3.5_2.12-0.95.0.jar
[2026-04-12T19:16:50.733+0000] {subprocess.py:106} INFO - 26/04/12 19:16:50 INFO SparkContext: Added file file:///home/***/.ivy2/jars/org.apache.hadoop_hadoop-aws-3.3.4.jar at spark://b4737cc55adb:43241/files/org.apache.hadoop_hadoop-aws-3.3.4.jar with timestamp 1776021409884
[2026-04-12T19:16:50.734+0000] {subprocess.py:106} INFO - 26/04/12 19:16:50 INFO Utils: Copying /home/***/.ivy2/jars/org.apache.hadoop_hadoop-aws-3.3.4.jar to /tmp/spark-99ae12b3-24d7-4a72-85b2-ab43dad262a5/userFiles-7ee48130-b305-42b7-961d-7761c9f84188/org.apache.hadoop_hadoop-aws-3.3.4.jar
[2026-04-12T19:16:50.738+0000] {subprocess.py:106} INFO - 26/04/12 19:16:50 INFO SparkContext: Added file file:///home/***/.ivy2/jars/com.amazonaws_aws-java-sdk-bundle-1.12.262.jar at spark://b4737cc55adb:43241/files/com.amazonaws_aws-java-sdk-bundle-1.12.262.jar with timestamp 1776021409884
[2026-04-12T19:16:50.739+0000] {subprocess.py:106} INFO - 26/04/12 19:16:50 INFO Utils: Copying /home/***/.ivy2/jars/com.amazonaws_aws-java-sdk-bundle-1.12.262.jar to /tmp/spark-99ae12b3-24d7-4a72-85b2-ab43dad262a5/userFiles-7ee48130-b305-42b7-961d-7761c9f84188/com.amazonaws_aws-java-sdk-bundle-1.12.262.jar
[2026-04-12T19:16:50.895+0000] {subprocess.py:106} INFO - 26/04/12 19:16:50 INFO SparkContext: Added file file:///home/***/.ivy2/jars/org.wildfly.openssl_wildfly-openssl-1.0.7.Final.jar at spark://b4737cc55adb:43241/files/org.wildfly.openssl_wildfly-openssl-1.0.7.Final.jar with timestamp 1776021409884
[2026-04-12T19:16:50.896+0000] {subprocess.py:106} INFO - 26/04/12 19:16:50 INFO Utils: Copying /home/***/.ivy2/jars/org.wildfly.openssl_wildfly-openssl-1.0.7.Final.jar to /tmp/spark-99ae12b3-24d7-4a72-85b2-ab43dad262a5/userFiles-7ee48130-b305-42b7-961d-7761c9f84188/org.wildfly.openssl_wildfly-openssl-1.0.7.Final.jar
[2026-04-12T19:16:50.988+0000] {subprocess.py:106} INFO - 26/04/12 19:16:50 INFO StandaloneAppClient$ClientEndpoint: Connecting to master spark://spark-master:7077...
[2026-04-12T19:16:51.026+0000] {subprocess.py:106} INFO - 26/04/12 19:16:51 INFO TransportClientFactory: Successfully created connection to spark-master/172.18.0.7:7077 after 23 ms (0 ms spent in bootstraps)
[2026-04-12T19:16:51.100+0000] {subprocess.py:106} INFO - 26/04/12 19:16:51 INFO StandaloneSchedulerBackend: Connected to Spark cluster with app ID app-20260412191651-0008
[2026-04-12T19:16:51.104+0000] {subprocess.py:106} INFO - 26/04/12 19:16:51 INFO StandaloneAppClient$ClientEndpoint: Executor added: app-20260412191651-0008/0 on worker-20260412190304-172.18.0.8-33391 (172.18.0.8:33391) with 2 core(s)
[2026-04-12T19:16:51.108+0000] {subprocess.py:106} INFO - 26/04/12 19:16:51 INFO StandaloneSchedulerBackend: Granted executor ID app-20260412191651-0008/0 on hostPort 172.18.0.8:33391 with 2 core(s), 2.0 GiB RAM
[2026-04-12T19:16:51.110+0000] {subprocess.py:106} INFO - 26/04/12 19:16:51 INFO StandaloneAppClient$ClientEndpoint: Executor added: app-20260412191651-0008/1 on worker-20260412190304-172.18.0.8-33391 (172.18.0.8:33391) with 2 core(s)
[2026-04-12T19:16:51.112+0000] {subprocess.py:106} INFO - 26/04/12 19:16:51 INFO StandaloneSchedulerBackend: Granted executor ID app-20260412191651-0008/1 on hostPort 172.18.0.8:33391 with 2 core(s), 2.0 GiB RAM
[2026-04-12T19:16:51.114+0000] {subprocess.py:106} INFO - 26/04/12 19:16:51 INFO StandaloneAppClient$ClientEndpoint: Executor added: app-20260412191651-0008/2 on worker-20260412190304-172.18.0.8-33391 (172.18.0.8:33391) with 2 core(s)
[2026-04-12T19:16:51.115+0000] {subprocess.py:106} INFO - 26/04/12 19:16:51 INFO StandaloneSchedulerBackend: Granted executor ID app-20260412191651-0008/2 on hostPort 172.18.0.8:33391 with 2 core(s), 2.0 GiB RAM
[2026-04-12T19:16:51.116+0000] {subprocess.py:106} INFO - 26/04/12 19:16:51 INFO StandaloneAppClient$ClientEndpoint: Executor added: app-20260412191651-0008/3 on worker-20260412190304-172.18.0.8-33391 (172.18.0.8:33391) with 2 core(s)
[2026-04-12T19:16:51.117+0000] {subprocess.py:106} INFO - 26/04/12 19:16:51 INFO StandaloneSchedulerBackend: Granted executor ID app-20260412191651-0008/3 on hostPort 172.18.0.8:33391 with 2 core(s), 2.0 GiB RAM
[2026-04-12T19:16:51.118+0000] {subprocess.py:106} INFO - 26/04/12 19:16:51 INFO StandaloneAppClient$ClientEndpoint: Executor added: app-20260412191651-0008/4 on worker-20260412190304-172.18.0.8-33391 (172.18.0.8:33391) with 2 core(s)
[2026-04-12T19:16:51.119+0000] {subprocess.py:106} INFO - 26/04/12 19:16:51 INFO StandaloneSchedulerBackend: Granted executor ID app-20260412191651-0008/4 on hostPort 172.18.0.8:33391 with 2 core(s), 2.0 GiB RAM
[2026-04-12T19:16:51.123+0000] {subprocess.py:106} INFO - 26/04/12 19:16:51 INFO StandaloneAppClient$ClientEndpoint: Executor added: app-20260412191651-0008/5 on worker-20260412190304-172.18.0.8-33391 (172.18.0.8:33391) with 2 core(s)
[2026-04-12T19:16:51.125+0000] {subprocess.py:106} INFO - 26/04/12 19:16:51 INFO StandaloneSchedulerBackend: Granted executor ID app-20260412191651-0008/5 on hostPort 172.18.0.8:33391 with 2 core(s), 2.0 GiB RAM
[2026-04-12T19:16:51.126+0000] {subprocess.py:106} INFO - 26/04/12 19:16:51 INFO Utils: Successfully started service 'org.apache.spark.network.netty.NettyBlockTransferService' on port 37307.
[2026-04-12T19:16:51.127+0000] {subprocess.py:106} INFO - 26/04/12 19:16:51 INFO NettyBlockTransferService: Server created on b4737cc55adb 0.0.0.0:37307
[2026-04-12T19:16:51.128+0000] {subprocess.py:106} INFO - 26/04/12 19:16:51 INFO BlockManager: Using org.apache.spark.storage.RandomBlockReplicationPolicy for block replication policy
[2026-04-12T19:16:51.141+0000] {subprocess.py:106} INFO - 26/04/12 19:16:51 INFO BlockManagerMaster: Registering BlockManager BlockManagerId(driver, b4737cc55adb, 37307, None)
[2026-04-12T19:16:51.149+0000] {subprocess.py:106} INFO - 26/04/12 19:16:51 INFO BlockManagerMasterEndpoint: Registering block manager b4737cc55adb:37307 with 434.4 MiB RAM, BlockManagerId(driver, b4737cc55adb, 37307, None)
[2026-04-12T19:16:51.156+0000] {subprocess.py:106} INFO - 26/04/12 19:16:51 INFO BlockManagerMaster: Registered BlockManager BlockManagerId(driver, b4737cc55adb, 37307, None)
[2026-04-12T19:16:51.158+0000] {subprocess.py:106} INFO - 26/04/12 19:16:51 INFO BlockManager: Initialized BlockManager: BlockManagerId(driver, b4737cc55adb, 37307, None)
[2026-04-12T19:16:51.160+0000] {subprocess.py:106} INFO - 26/04/12 19:16:51 INFO StandaloneAppClient$ClientEndpoint: Executor updated: app-20260412191651-0008/0 is now RUNNING
[2026-04-12T19:16:51.161+0000] {subprocess.py:106} INFO - 26/04/12 19:16:51 INFO StandaloneAppClient$ClientEndpoint: Executor updated: app-20260412191651-0008/1 is now RUNNING
[2026-04-12T19:16:51.167+0000] {subprocess.py:106} INFO - 26/04/12 19:16:51 INFO StandaloneAppClient$ClientEndpoint: Executor updated: app-20260412191651-0008/2 is now RUNNING
[2026-04-12T19:16:51.180+0000] {subprocess.py:106} INFO - 26/04/12 19:16:51 INFO StandaloneAppClient$ClientEndpoint: Executor updated: app-20260412191651-0008/3 is now RUNNING
[2026-04-12T19:16:51.181+0000] {subprocess.py:106} INFO - 26/04/12 19:16:51 INFO StandaloneAppClient$ClientEndpoint: Executor updated: app-20260412191651-0008/4 is now RUNNING
[2026-04-12T19:16:51.183+0000] {subprocess.py:106} INFO - 26/04/12 19:16:51 INFO StandaloneAppClient$ClientEndpoint: Executor updated: app-20260412191651-0008/5 is now RUNNING
[2026-04-12T19:16:51.872+0000] {subprocess.py:106} INFO - 26/04/12 19:16:51 INFO StandaloneSchedulerBackend: SchedulerBackend is ready for scheduling beginning after reached minRegisteredResourcesRatio: 0.0
[2026-04-12T19:16:52.481+0000] {subprocess.py:106} INFO - 2026-04-12 19:16:52,481 INFO Spark version: 3.5.5
[2026-04-12T19:16:52.509+0000] {subprocess.py:106} INFO - 26/04/12 19:16:52 INFO SharedState: Setting hive.metastore.warehouse.dir ('null') to the value of spark.sql.warehouse.dir.
[2026-04-12T19:16:52.523+0000] {subprocess.py:106} INFO - 26/04/12 19:16:52 INFO SharedState: Warehouse path is 'file:/tmp/***tmpb5pu25zz/spark-warehouse'.
[2026-04-12T19:16:57.688+0000] {subprocess.py:106} INFO - 26/04/12 19:16:57 INFO CatalogUtil: Loading custom FileIO implementation: org.apache.iceberg.hadoop.HadoopFileIO
[2026-04-12T19:17:00.207+0000] {subprocess.py:106} INFO - 26/04/12 19:17:00 INFO StandaloneSchedulerBackend$StandaloneDriverEndpoint: Registered executor NettyRpcEndpointRef(spark-client://Executor) (172.18.0.8:53624) with ID 1,  ResourceProfileId 0
[2026-04-12T19:17:00.473+0000] {subprocess.py:106} INFO - 26/04/12 19:17:00 INFO StandaloneSchedulerBackend$StandaloneDriverEndpoint: Registered executor NettyRpcEndpointRef(spark-client://Executor) (172.18.0.8:53670) with ID 3,  ResourceProfileId 0
[2026-04-12T19:17:00.543+0000] {subprocess.py:106} INFO - 26/04/12 19:17:00 INFO BlockManagerMasterEndpoint: Registering block manager 172.18.0.8:44827 with 1048.8 MiB RAM, BlockManagerId(1, 172.18.0.8, 44827, None)
[2026-04-12T19:17:00.768+0000] {subprocess.py:106} INFO - 26/04/12 19:17:00 INFO BlockManagerMasterEndpoint: Registering block manager 172.18.0.8:46201 with 1048.8 MiB RAM, BlockManagerId(3, 172.18.0.8, 46201, None)
[2026-04-12T19:17:00.854+0000] {subprocess.py:106} INFO - 26/04/12 19:17:00 INFO StandaloneSchedulerBackend$StandaloneDriverEndpoint: Registered executor NettyRpcEndpointRef(spark-client://Executor) (172.18.0.8:53676) with ID 2,  ResourceProfileId 0
[2026-04-12T19:17:00.936+0000] {subprocess.py:106} INFO - 26/04/12 19:17:00 INFO StandaloneSchedulerBackend$StandaloneDriverEndpoint: Registered executor NettyRpcEndpointRef(spark-client://Executor) (172.18.0.8:53688) with ID 0,  ResourceProfileId 0
[2026-04-12T19:17:01.128+0000] {subprocess.py:106} INFO - 26/04/12 19:17:01 INFO BlockManagerMasterEndpoint: Registering block manager 172.18.0.8:34455 with 1048.8 MiB RAM, BlockManagerId(2, 172.18.0.8, 34455, None)
[2026-04-12T19:17:01.181+0000] {subprocess.py:106} INFO - 26/04/12 19:17:01 INFO BlockManagerMasterEndpoint: Registering block manager 172.18.0.8:38895 with 1048.8 MiB RAM, BlockManagerId(0, 172.18.0.8, 38895, None)
[2026-04-12T19:17:01.411+0000] {subprocess.py:106} INFO - 2026-04-12 19:17:01,411 INFO Namespace 'nessie.gold' listo.
[2026-04-12T19:17:01.412+0000] {subprocess.py:106} INFO - 2026-04-12 19:17:01,411 INFO
[2026-04-12T19:17:01.414+0000] {subprocess.py:106} INFO - [★] cant_post_x_user_hist
[2026-04-12T19:17:01.537+0000] {subprocess.py:106} INFO - 26/04/12 19:17:01 INFO StandaloneSchedulerBackend$StandaloneDriverEndpoint: Registered executor NettyRpcEndpointRef(spark-client://Executor) (172.18.0.8:53698) with ID 5,  ResourceProfileId 0
[2026-04-12T19:17:01.743+0000] {subprocess.py:106} INFO - 26/04/12 19:17:01 INFO StandaloneSchedulerBackend$StandaloneDriverEndpoint: Registered executor NettyRpcEndpointRef(spark-client://Executor) (172.18.0.8:53712) with ID 4,  ResourceProfileId 0
[2026-04-12T19:17:01.882+0000] {subprocess.py:106} INFO - 26/04/12 19:17:01 INFO BlockManagerMasterEndpoint: Registering block manager 172.18.0.8:33341 with 1048.8 MiB RAM, BlockManagerId(5, 172.18.0.8, 33341, None)
[2026-04-12T19:17:01.958+0000] {subprocess.py:106} INFO - 26/04/12 19:17:01 INFO BlockManagerMasterEndpoint: Registering block manager 172.18.0.8:35647 with 1048.8 MiB RAM, BlockManagerId(4, 172.18.0.8, 35647, None)
[2026-04-12T19:17:02.934+0000] {subprocess.py:106} INFO - 26/04/12 19:17:02 INFO BaseMetastoreTableOperations: Refreshing table metadata from new version: s3a://iceberg/silver/users_hist_29ea4f81-25a2-4974-a1d5-7fcae2b69ddf/metadata/00003-c0031640-0a1d-4b35-a354-ac9dc3052bcf.gz.metadata.json
[2026-04-12T19:17:03.426+0000] {subprocess.py:106} INFO - 26/04/12 19:17:03 WARN MetricsConfig: Cannot locate configuration: tried hadoop-metrics2-s3a-file-system.properties,hadoop-metrics2.properties
[2026-04-12T19:17:03.509+0000] {subprocess.py:106} INFO - 26/04/12 19:17:03 INFO MetricsSystemImpl: Scheduled Metric snapshot period at 10 second(s).
[2026-04-12T19:17:03.520+0000] {subprocess.py:106} INFO - 26/04/12 19:17:03 INFO MetricsSystemImpl: s3a-file-system metrics system started
[2026-04-12T19:17:10.849+0000] {subprocess.py:106} INFO - 26/04/12 19:17:10 INFO NessieUtil: loadTableMetadata for 'silver.users_hist' from location 's3a://iceberg/silver/users_hist_29ea4f81-25a2-4974-a1d5-7fcae2b69ddf/metadata/00003-c0031640-0a1d-4b35-a354-ac9dc3052bcf.gz.metadata.json' at 'Branch{name=main, metadata=null, hash=364568ed83d0488e7ce5748e3a844de6fc27db0b9445549db4bcf63378832489}'
[2026-04-12T19:17:10.870+0000] {subprocess.py:106} INFO - 26/04/12 19:17:10 INFO BaseMetastoreCatalog: Table loaded by catalog: nessie.silver.users_hist
[2026-04-12T19:17:11.041+0000] {subprocess.py:106} INFO - Traceback (most recent call last):
[2026-04-12T19:17:11.042+0000] {subprocess.py:106} INFO -   File "/opt/***/scripts/gold_agg.py", line 306, in <module>
[2026-04-12T19:17:11.044+0000] {subprocess.py:106} INFO -     main()
[2026-04-12T19:17:11.045+0000] {subprocess.py:106} INFO -   File "/opt/***/scripts/gold_agg.py", line 293, in main
[2026-04-12T19:17:11.047+0000] {subprocess.py:106} INFO -     total = build_cant_post_x_user_hist(spark)
[2026-04-12T19:17:11.047+0000] {subprocess.py:106} INFO -             ^^^^^^^^^^^^^^^^^^^^^^^^^^^^^^^^^^
[2026-04-12T19:17:11.048+0000] {subprocess.py:106} INFO -   File "/opt/***/scripts/gold_agg.py", line 119, in build_cant_post_x_user_hist
[2026-04-12T19:17:11.049+0000] {subprocess.py:106} INFO -     df = spark.sql(f"""
[2026-04-12T19:17:11.049+0000] {subprocess.py:106} INFO -          ^^^^^^^^^^^^^^
[2026-04-12T19:17:11.050+0000] {subprocess.py:106} INFO -   File "/opt/spark/python/lib/pyspark.zip/pyspark/sql/session.py", line 1631, in sql
[2026-04-12T19:17:11.050+0000] {subprocess.py:106} INFO -   File "/opt/spark/python/lib/py4j-0.10.9.7-src.zip/py4j/java_gateway.py", line 1322, in __call__
[2026-04-12T19:17:11.051+0000] {subprocess.py:106} INFO -   File "/opt/spark/python/lib/pyspark.zip/pyspark/errors/exceptions/captured.py", line 185, in deco
[2026-04-12T19:17:11.055+0000] {subprocess.py:106} INFO - pyspark.errors.exceptions.captured.AnalysisException: [TABLE_OR_VIEW_NOT_FOUND] The table or view `nessie`.`silver`.`post_hist` cannot be found. Verify the spelling and correctness of the schema and catalog.
[2026-04-12T19:17:11.058+0000] {subprocess.py:106} INFO - If you did not qualify the name with a schema, verify the current_schema() output, or qualify the name with the correct schema and catalog.
[2026-04-12T19:17:11.059+0000] {subprocess.py:106} INFO - To tolerate the error on drop use DROP VIEW IF EXISTS or DROP TABLE IF EXISTS.; line 17 pos 13;
[2026-04-12T19:17:11.060+0000] {subprocess.py:106} INFO - 'Aggregate ['p.OwnerUserId, 'u.DisplayName, 'p.anio, 'p.PostTypeId], ['p.OwnerUserId AS user_id#0, 'COALESCE('u.DisplayName, Unknown) AS display_name#1, 'p.anio AS anio#2, 'p.PostTypeId AS post_type_id#3, CASE WHEN ('p.PostTypeId = 1) THEN Question WHEN ('p.PostTypeId = 2) THEN Answer ELSE Other END AS post_type#4, 'COUNT('p.Id) AS cant_posts#5, 'COALESCE('SUM('p.Score), 0) AS total_score#6, 'ROUND('AVG('p.Score), 2) AS avg_score#7, 'COALESCE('SUM('p.ViewCount), 0) AS total_views#8, cast(2026-04-12 19:16:49 as timestamp) AS fecha_cargue#9]
[2026-04-12T19:17:11.060+0000] {subprocess.py:106} INFO - +- 'Filter isnotnull('p.OwnerUserId)
[2026-04-12T19:17:11.061+0000] {subprocess.py:106} INFO -    +- 'Join LeftOuter, ('p.OwnerUserId = 'u.Id)
[2026-04-12T19:17:11.061+0000] {subprocess.py:106} INFO -       :- 'SubqueryAlias p
[2026-04-12T19:17:11.061+0000] {subprocess.py:106} INFO -       :  +- 'UnresolvedRelation [nessie, silver, post_hist], [], false
[2026-04-12T19:17:11.062+0000] {subprocess.py:106} INFO -       +- SubqueryAlias u
[2026-04-12T19:17:11.062+0000] {subprocess.py:106} INFO -          +- SubqueryAlias nessie.silver.users_hist
[2026-04-12T19:17:11.062+0000] {subprocess.py:106} INFO -             +- RelationV2[Id#10L, Reputation#11L, creation_date#12, DisplayName#13, LastAccessDate#14, Views#15L, UpVotes#16L, DownVotes#17L, location#18, AccountId#19L, anio#20, fecha_cargue#21, fuente#22] nessie.silver.users_hist nessie.silver.users_hist
[2026-04-12T19:17:11.063+0000] {subprocess.py:106} INFO - 
[2026-04-12T19:17:11.063+0000] {subprocess.py:106} INFO - 2026-04-12 19:17:11,055 INFO Closing down clientserver connection
[2026-04-12T19:17:11.092+0000] {subprocess.py:106} INFO - 26/04/12 19:17:11 INFO SparkContext: Invoking stop() from shutdown hook
[2026-04-12T19:17:11.093+0000] {subprocess.py:106} INFO - 26/04/12 19:17:11 INFO SparkContext: SparkContext is stopping with exitCode 0.
[2026-04-12T19:17:11.101+0000] {subprocess.py:106} INFO - 26/04/12 19:17:11 INFO SparkUI: Stopped Spark web UI at http://b4737cc55adb:4040
[2026-04-12T19:17:11.105+0000] {subprocess.py:106} INFO - 26/04/12 19:17:11 INFO StandaloneSchedulerBackend: Shutting down all executors
[2026-04-12T19:17:11.105+0000] {subprocess.py:106} INFO - 26/04/12 19:17:11 INFO StandaloneSchedulerBackend$StandaloneDriverEndpoint: Asking each executor to shut down
[2026-04-12T19:17:11.137+0000] {subprocess.py:106} INFO - 26/04/12 19:17:11 INFO MapOutputTrackerMasterEndpoint: MapOutputTrackerMasterEndpoint stopped!
[2026-04-12T19:17:11.244+0000] {subprocess.py:106} INFO - 26/04/12 19:17:11 INFO MemoryStore: MemoryStore cleared
[2026-04-12T19:17:11.245+0000] {subprocess.py:106} INFO - 26/04/12 19:17:11 INFO BlockManager: BlockManager stopped
[2026-04-12T19:17:11.273+0000] {subprocess.py:106} INFO - 26/04/12 19:17:11 INFO BlockManagerMaster: BlockManagerMaster stopped
[2026-04-12T19:17:11.279+0000] {subprocess.py:106} INFO - 26/04/12 19:17:11 INFO OutputCommitCoordinator$OutputCommitCoordinatorEndpoint: OutputCommitCoordinator stopped!
[2026-04-12T19:17:11.335+0000] {subprocess.py:106} INFO - 26/04/12 19:17:11 INFO SparkContext: Successfully stopped SparkContext
[2026-04-12T19:17:11.336+0000] {subprocess.py:106} INFO - 26/04/12 19:17:11 INFO ShutdownHookManager: Shutdown hook called
[2026-04-12T19:17:11.337+0000] {subprocess.py:106} INFO - 26/04/12 19:17:11 INFO ShutdownHookManager: Deleting directory /tmp/spark-99ae12b3-24d7-4a72-85b2-ab43dad262a5/pyspark-600a1296-e254-41d3-b6e1-1b0d1e57821b
[2026-04-12T19:17:11.339+0000] {subprocess.py:106} INFO - 26/04/12 19:17:11 INFO ShutdownHookManager: Deleting directory /tmp/spark-4f6191aa-35db-4106-9c79-22bc6d3f48ec
[2026-04-12T19:17:11.344+0000] {subprocess.py:106} INFO - 26/04/12 19:17:11 INFO ShutdownHookManager: Deleting directory /tmp/spark-99ae12b3-24d7-4a72-85b2-ab43dad262a5
[2026-04-12T19:17:11.350+0000] {subprocess.py:106} INFO - 26/04/12 19:17:11 INFO MetricsSystemImpl: Stopping s3a-file-system metrics system...
[2026-04-12T19:17:11.351+0000] {subprocess.py:106} INFO - 26/04/12 19:17:11 INFO MetricsSystemImpl: s3a-file-system metrics system stopped.
[2026-04-12T19:17:11.352+0000] {subprocess.py:106} INFO - 26/04/12 19:17:11 INFO MetricsSystemImpl: s3a-file-system metrics system shutdown complete.
[2026-04-12T19:17:11.744+0000] {subprocess.py:110} INFO - Command exited with return code 1
[2026-04-12T19:17:11.756+0000] {taskinstance.py:3311} ERROR - Task failed with exception
Traceback (most recent call last):
  File "/home/airflow/.local/lib/python3.12/site-packages/airflow/models/taskinstance.py", line 762, in _execute_task
    result = _execute_callable(context=context, **execute_callable_kwargs)
             ^^^^^^^^^^^^^^^^^^^^^^^^^^^^^^^^^^^^^^^^^^^^^^^^^^^^^^^^^^^^^
  File "/home/airflow/.local/lib/python3.12/site-packages/airflow/models/taskinstance.py", line 733, in _execute_callable
    return ExecutionCallableRunner(
           ^^^^^^^^^^^^^^^^^^^^^^^^
  File "/home/airflow/.local/lib/python3.12/site-packages/airflow/utils/operator_helpers.py", line 252, in run
    return self.func(*args, **kwargs)
           ^^^^^^^^^^^^^^^^^^^^^^^^^^
  File "/home/airflow/.local/lib/python3.12/site-packages/airflow/models/baseoperator.py", line 417, in wrapper
    return func(self, *args, **kwargs)
           ^^^^^^^^^^^^^^^^^^^^^^^^^^^
  File "/home/airflow/.local/lib/python3.12/site-packages/airflow/operators/bash.py", line 276, in execute
    raise AirflowException(
airflow.exceptions.AirflowException: Bash command failed. The command returned a non-zero exit code 1.
[2026-04-12T19:17:11.767+0000] {taskinstance.py:1225} INFO - Marking task as UP_FOR_RETRY. dag_id=stackoverflow_pipeline, task_id=gold_agg, run_id=manual__2026-04-12T19:09:41+00:00, execution_date=20260412T190941, start_date=20260412T191646, end_date=20260412T191711
[2026-04-12T19:17:11.787+0000] {taskinstance.py:340} INFO - ::group::Post task execution logs
[2026-04-12T19:17:11.788+0000] {standard_task_runner.py:124} ERROR - Failed to execute job 21 for task gold_agg (Bash command failed. The command returned a non-zero exit code 1.; 3165)
Traceback (most recent call last):
  File "/home/airflow/.local/lib/python3.12/site-packages/airflow/task/task_runner/standard_task_runner.py", line 117, in _start_by_fork
    ret = args.func(args, dag=self.dag)
          ^^^^^^^^^^^^^^^^^^^^^^^^^^^^^
  File "/home/airflow/.local/lib/python3.12/site-packages/airflow/cli/cli_config.py", line 49, in command
    return func(*args, **kwargs)
           ^^^^^^^^^^^^^^^^^^^^^
  File "/home/airflow/.local/lib/python3.12/site-packages/airflow/utils/cli.py", line 116, in wrapper
    return f(*args, **kwargs)
           ^^^^^^^^^^^^^^^^^^
  File "/home/airflow/.local/lib/python3.12/site-packages/airflow/cli/commands/task_command.py", line 483, in task_run
    task_return_code = _run_task_by_selected_method(args, _dag, ti)
                       ^^^^^^^^^^^^^^^^^^^^^^^^^^^^^^^^^^^^^^^^^^^^
  File "/home/airflow/.local/lib/python3.12/site-packages/airflow/cli/commands/task_command.py", line 256, in _run_task_by_selected_method
    return _run_raw_task(args, ti)
           ^^^^^^^^^^^^^^^^^^^^^^^
  File "/home/airflow/.local/lib/python3.12/site-packages/airflow/cli/commands/task_command.py", line 341, in _run_raw_task
    return ti._run_raw_task(
           ^^^^^^^^^^^^^^^^^
  File "/home/airflow/.local/lib/python3.12/site-packages/airflow/utils/session.py", line 97, in wrapper
    return func(*args, session=session, **kwargs)
           ^^^^^^^^^^^^^^^^^^^^^^^^^^^^^^^^^^^^^^
  File "/home/airflow/.local/lib/python3.12/site-packages/airflow/models/taskinstance.py", line 3005, in _run_raw_task
    return _run_raw_task(
           ^^^^^^^^^^^^^^
  File "/home/airflow/.local/lib/python3.12/site-packages/airflow/models/taskinstance.py", line 273, in _run_raw_task
    TaskInstance._execute_task_with_callbacks(
  File "/home/airflow/.local/lib/python3.12/site-packages/airflow/models/taskinstance.py", line 3159, in _execute_task_with_callbacks
    result = self._execute_task(context, task_orig)
             ^^^^^^^^^^^^^^^^^^^^^^^^^^^^^^^^^^^^^^
  File "/home/airflow/.local/lib/python3.12/site-packages/airflow/models/taskinstance.py", line 3183, in _execute_task
    return _execute_task(self, context, task_orig)
           ^^^^^^^^^^^^^^^^^^^^^^^^^^^^^^^^^^^^^^^
  File "/home/airflow/.local/lib/python3.12/site-packages/airflow/models/taskinstance.py", line 762, in _execute_task
    result = _execute_callable(context=context, **execute_callable_kwargs)
             ^^^^^^^^^^^^^^^^^^^^^^^^^^^^^^^^^^^^^^^^^^^^^^^^^^^^^^^^^^^^^
  File "/home/airflow/.local/lib/python3.12/site-packages/airflow/models/taskinstance.py", line 733, in _execute_callable
    return ExecutionCallableRunner(
           ^^^^^^^^^^^^^^^^^^^^^^^^
  File "/home/airflow/.local/lib/python3.12/site-packages/airflow/utils/operator_helpers.py", line 252, in run
    return self.func(*args, **kwargs)
           ^^^^^^^^^^^^^^^^^^^^^^^^^^
  File "/home/airflow/.local/lib/python3.12/site-packages/airflow/models/baseoperator.py", line 417, in wrapper
    return func(self, *args, **kwargs)
           ^^^^^^^^^^^^^^^^^^^^^^^^^^^
  File "/home/airflow/.local/lib/python3.12/site-packages/airflow/operators/bash.py", line 276, in execute
    raise AirflowException(
airflow.exceptions.AirflowException: Bash command failed. The command returned a non-zero exit code 1.
[2026-04-12T19:17:11.819+0000] {local_task_job_runner.py:266} INFO - Task exited with return code 1
[2026-04-12T19:17:11.835+0000] {taskinstance.py:3895} INFO - 0 downstream tasks scheduled from follow-on schedule check
[2026-04-12T19:17:11.841+0000] {local_task_job_runner.py:245} INFO - ::endgroup::
