[2026-04-12T19:09:46.288+0000] {local_task_job_runner.py:123} INFO - ::group::Pre task execution logs
[2026-04-12T19:09:46.305+0000] {taskinstance.py:2613} INFO - Dependencies all met for dep_context=non-requeueable deps ti=<TaskInstance: stackoverflow_pipeline.silver_transform manual__2026-04-12T19:04:34+00:00 [queued]>
[2026-04-12T19:09:46.315+0000] {taskinstance.py:2613} INFO - Dependencies all met for dep_context=requeueable deps ti=<TaskInstance: stackoverflow_pipeline.silver_transform manual__2026-04-12T19:04:34+00:00 [queued]>
[2026-04-12T19:09:46.316+0000] {taskinstance.py:2866} INFO - Starting attempt 2 of 2
[2026-04-12T19:09:46.329+0000] {taskinstance.py:2889} INFO - Executing <Task(BashOperator): silver_transform> on 2026-04-12 19:04:34+00:00
[2026-04-12T19:09:46.335+0000] {warnings.py:112} WARNING - /home/***/.local/lib/python3.12/site-packages/***/task/task_runner/standard_task_runner.py:70: DeprecationWarning: This process (pid=374) is multi-threaded, use of fork() may lead to deadlocks in the child.
  pid = os.fork()

[2026-04-12T19:09:46.336+0000] {standard_task_runner.py:72} INFO - Started process 378 to run task
[2026-04-12T19:09:46.337+0000] {standard_task_runner.py:104} INFO - Running: ['***', 'tasks', 'run', 'stackoverflow_pipeline', 'silver_transform', 'manual__2026-04-12T19:04:34+00:00', '--job-id', '10', '--raw', '--subdir', 'DAGS_FOLDER/stackoverflow_pipeline.py', '--cfg-path', '/tmp/tmpzkxeul3x']
[2026-04-12T19:09:46.338+0000] {standard_task_runner.py:105} INFO - Job 10: Subtask silver_transform
[2026-04-12T19:09:46.404+0000] {task_command.py:467} INFO - Running <TaskInstance: stackoverflow_pipeline.silver_transform manual__2026-04-12T19:04:34+00:00 [running]> on host b4737cc55adb
[2026-04-12T19:09:46.501+0000] {taskinstance.py:3132} INFO - Exporting env vars: AIRFLOW_CTX_DAG_OWNER='fhbd-grupo' AIRFLOW_CTX_DAG_ID='stackoverflow_pipeline' AIRFLOW_CTX_TASK_ID='silver_transform' AIRFLOW_CTX_EXECUTION_DATE='2026-04-12T19:04:34+00:00' AIRFLOW_CTX_TRY_NUMBER='2' AIRFLOW_CTX_DAG_RUN_ID='manual__2026-04-12T19:04:34+00:00'
[2026-04-12T19:09:46.502+0000] {taskinstance.py:731} INFO - ::endgroup::
[2026-04-12T19:09:46.517+0000] {subprocess.py:78} INFO - Tmp dir root location: /tmp
[2026-04-12T19:09:46.519+0000] {subprocess.py:88} INFO - Running command: ['/usr/bin/bash', '-c', '/opt/spark/bin/spark-submit --master spark://spark-master:7077 --conf spark.submit.deployMode=client --conf spark.driver.bindAddress=0.0.0.0 --conf spark.executor.instances=1 --conf spark.executor.cores=2 --conf spark.executor.memory=2g --conf spark.driver.memory=1g --conf spark.sql.extensions=org.apache.iceberg.spark.extensions.IcebergSparkSessionExtensions,org.projectnessie.spark.extensions.NessieSparkSessionExtensions --conf spark.sql.catalog.nessie=org.apache.iceberg.spark.SparkCatalog --conf spark.sql.catalog.nessie.catalog-impl=org.apache.iceberg.nessie.NessieCatalog --conf spark.sql.catalog.nessie.uri=http://proyecto2-nessie:19120/api/v1 --conf spark.sql.catalog.nessie.ref=main --conf spark.sql.catalog.nessie.authentication.type=NONE --conf spark.sql.catalog.nessie.warehouse=s3a://iceberg/ --conf spark.hadoop.fs.s3a.endpoint=http://proyecto2-minio:9000 --conf spark.hadoop.fs.s3a.access.key=minioadmin --conf spark.hadoop.fs.s3a.secret.key=minioadmin123 --conf spark.hadoop.fs.s3a.path.style.access=true --conf spark.hadoop.fs.s3a.impl=org.apache.hadoop.fs.s3a.S3AFileSystem --conf spark.hadoop.fs.s3a.aws.credentials.provider=org.apache.hadoop.fs.s3a.SimpleAWSCredentialsProvider --conf spark.hadoop.fs.s3a.connection.ssl.enabled=false --packages org.apache.iceberg:iceberg-spark-runtime-3.5_2.12:1.6.1,org.projectnessie.nessie-integrations:nessie-spark-extensions-3.5_2.12:0.95.0,org.apache.hadoop:hadoop-aws:3.3.4,com.amazonaws:aws-java-sdk-bundle:1.12.262 --name silver_users_hist --verbose /opt/***/scripts/silver_transform.py']
[2026-04-12T19:09:46.529+0000] {subprocess.py:99} INFO - Output:
[2026-04-12T19:09:46.538+0000] {subprocess.py:106} INFO - /opt/spark/bin/load-spark-env.sh: line 68: ps: command not found
[2026-04-12T19:09:47.925+0000] {subprocess.py:106} INFO - Using properties file: null
[2026-04-12T19:09:48.013+0000] {subprocess.py:106} INFO - Parsed arguments:
[2026-04-12T19:09:48.014+0000] {subprocess.py:106} INFO -   master                  spark://spark-master:7077
[2026-04-12T19:09:48.015+0000] {subprocess.py:106} INFO -   remote                  null
[2026-04-12T19:09:48.015+0000] {subprocess.py:106} INFO -   deployMode              client
[2026-04-12T19:09:48.016+0000] {subprocess.py:106} INFO -   executorMemory          2g
[2026-04-12T19:09:48.016+0000] {subprocess.py:106} INFO -   executorCores           2
[2026-04-12T19:09:48.017+0000] {subprocess.py:106} INFO -   totalExecutorCores      null
[2026-04-12T19:09:48.018+0000] {subprocess.py:106} INFO -   propertiesFile          null
[2026-04-12T19:09:48.019+0000] {subprocess.py:106} INFO -   driverMemory            1g
[2026-04-12T19:09:48.020+0000] {subprocess.py:106} INFO -   driverCores             null
[2026-04-12T19:09:48.021+0000] {subprocess.py:106} INFO -   driverExtraClassPath    null
[2026-04-12T19:09:48.022+0000] {subprocess.py:106} INFO -   driverExtraLibraryPath  null
[2026-04-12T19:09:48.023+0000] {subprocess.py:106} INFO -   driverExtraJavaOptions  null
[2026-04-12T19:09:48.023+0000] {subprocess.py:106} INFO -   supervise               false
[2026-04-12T19:09:48.024+0000] {subprocess.py:106} INFO -   queue                   null
[2026-04-12T19:09:48.024+0000] {subprocess.py:106} INFO -   numExecutors            1
[2026-04-12T19:09:48.025+0000] {subprocess.py:106} INFO -   files                   null
[2026-04-12T19:09:48.026+0000] {subprocess.py:106} INFO -   pyFiles                 null
[2026-04-12T19:09:48.026+0000] {subprocess.py:106} INFO -   archives                null
[2026-04-12T19:09:48.027+0000] {subprocess.py:106} INFO -   mainClass               null
[2026-04-12T19:09:48.027+0000] {subprocess.py:106} INFO -   primaryResource         file:/opt/***/scripts/silver_transform.py
[2026-04-12T19:09:48.028+0000] {subprocess.py:106} INFO -   name                    silver_users_hist
[2026-04-12T19:09:48.028+0000] {subprocess.py:106} INFO -   childArgs               []
[2026-04-12T19:09:48.028+0000] {subprocess.py:106} INFO -   jars                    null
[2026-04-12T19:09:48.029+0000] {subprocess.py:106} INFO -   packages                org.apache.iceberg:iceberg-spark-runtime-3.5_2.12:1.6.1,org.projectnessie.nessie-integrations:nessie-spark-extensions-3.5_2.12:0.95.0,org.apache.hadoop:hadoop-aws:3.3.4,com.amazonaws:aws-java-sdk-bundle:1.12.262
[2026-04-12T19:09:48.030+0000] {subprocess.py:106} INFO -   packagesExclusions      null
[2026-04-12T19:09:48.030+0000] {subprocess.py:106} INFO -   repositories            null
[2026-04-12T19:09:48.030+0000] {subprocess.py:106} INFO -   verbose                 true
[2026-04-12T19:09:48.031+0000] {subprocess.py:106} INFO - 
[2026-04-12T19:09:48.031+0000] {subprocess.py:106} INFO - Spark properties used, including those specified through
[2026-04-12T19:09:48.032+0000] {subprocess.py:106} INFO -  --conf and those from the properties file null:
[2026-04-12T19:09:48.032+0000] {subprocess.py:106} INFO -   (spark.driver.bindAddress,0.0.0.0)
[2026-04-12T19:09:48.033+0000] {subprocess.py:106} INFO -   (spark.driver.memory,1g)
[2026-04-12T19:09:48.034+0000] {subprocess.py:106} INFO -   (spark.executor.cores,2)
[2026-04-12T19:09:48.035+0000] {subprocess.py:106} INFO -   (spark.executor.instances,1)
[2026-04-12T19:09:48.035+0000] {subprocess.py:106} INFO -   (spark.executor.memory,2g)
[2026-04-12T19:09:48.036+0000] {subprocess.py:106} INFO -   (spark.hadoop.fs.s3a.access.key,*********(redacted))
[2026-04-12T19:09:48.036+0000] {subprocess.py:106} INFO -   (spark.hadoop.fs.s3a.aws.credentials.provider,org.apache.hadoop.fs.s3a.SimpleAWSCredentialsProvider)
[2026-04-12T19:09:48.037+0000] {subprocess.py:106} INFO -   (spark.hadoop.fs.s3a.connection.ssl.enabled,false)
[2026-04-12T19:09:48.037+0000] {subprocess.py:106} INFO -   (spark.hadoop.fs.s3a.endpoint,http://proyecto2-minio:9000)
[2026-04-12T19:09:48.038+0000] {subprocess.py:106} INFO -   (spark.hadoop.fs.s3a.impl,org.apache.hadoop.fs.s3a.S3AFileSystem)
[2026-04-12T19:09:48.038+0000] {subprocess.py:106} INFO -   (spark.hadoop.fs.s3a.path.style.access,true)
[2026-04-12T19:09:48.039+0000] {subprocess.py:106} INFO -   (spark.hadoop.fs.s3a.secret.key,*********(redacted))
[2026-04-12T19:09:48.040+0000] {subprocess.py:106} INFO -   (spark.sql.catalog.nessie,org.apache.iceberg.spark.SparkCatalog)
[2026-04-12T19:09:48.040+0000] {subprocess.py:106} INFO -   (spark.sql.catalog.nessie.authentication.type,NONE)
[2026-04-12T19:09:48.041+0000] {subprocess.py:106} INFO -   (spark.sql.catalog.nessie.catalog-impl,org.apache.iceberg.nessie.NessieCatalog)
[2026-04-12T19:09:48.041+0000] {subprocess.py:106} INFO -   (spark.sql.catalog.nessie.ref,main)
[2026-04-12T19:09:48.042+0000] {subprocess.py:106} INFO -   (spark.sql.catalog.nessie.uri,http://proyecto2-nessie:19120/api/v1)
[2026-04-12T19:09:48.042+0000] {subprocess.py:106} INFO -   (spark.sql.catalog.nessie.warehouse,s3a://iceberg/)
[2026-04-12T19:09:48.043+0000] {subprocess.py:106} INFO -   (spark.sql.extensions,org.apache.iceberg.spark.extensions.IcebergSparkSessionExtensions,org.projectnessie.spark.extensions.NessieSparkSessionExtensions)
[2026-04-12T19:09:48.043+0000] {subprocess.py:106} INFO -   (spark.submit.deployMode,client)
[2026-04-12T19:09:48.043+0000] {subprocess.py:106} INFO - 
[2026-04-12T19:09:48.044+0000] {subprocess.py:106} INFO - 
[2026-04-12T19:09:48.155+0000] {subprocess.py:106} INFO - :: loading settings :: url = jar:file:/opt/spark/jars/ivy-2.5.1.jar!/org/apache/ivy/core/settings/ivysettings.xml
[2026-04-12T19:09:48.257+0000] {subprocess.py:106} INFO - Ivy Default Cache set to: /home/***/.ivy2/cache
[2026-04-12T19:09:48.258+0000] {subprocess.py:106} INFO - The jars for the packages stored in: /home/***/.ivy2/jars
[2026-04-12T19:09:48.265+0000] {subprocess.py:106} INFO - org.apache.iceberg#iceberg-spark-runtime-3.5_2.12 added as a dependency
[2026-04-12T19:09:48.266+0000] {subprocess.py:106} INFO - org.projectnessie.nessie-integrations#nessie-spark-extensions-3.5_2.12 added as a dependency
[2026-04-12T19:09:48.266+0000] {subprocess.py:106} INFO - org.apache.hadoop#hadoop-aws added as a dependency
[2026-04-12T19:09:48.267+0000] {subprocess.py:106} INFO - com.amazonaws#aws-java-sdk-bundle added as a dependency
[2026-04-12T19:09:48.267+0000] {subprocess.py:106} INFO - :: resolving dependencies :: org.apache.spark#spark-submit-parent-bb70f781-7d7b-4c76-a32c-b1bbd67aa449;1.0
[2026-04-12T19:09:48.268+0000] {subprocess.py:106} INFO - 	confs: [default]
[2026-04-12T19:09:49.010+0000] {subprocess.py:106} INFO - 	found org.apache.iceberg#iceberg-spark-runtime-3.5_2.12;1.6.1 in central
[2026-04-12T19:09:51.289+0000] {subprocess.py:106} INFO - 	found org.projectnessie.nessie-integrations#nessie-spark-extensions-3.5_2.12;0.95.0 in central
[2026-04-12T19:09:53.448+0000] {subprocess.py:106} INFO - 	found org.apache.hadoop#hadoop-aws;3.3.4 in central
[2026-04-12T19:09:54.922+0000] {subprocess.py:106} INFO - 	found com.amazonaws#aws-java-sdk-bundle;1.12.262 in central
[2026-04-12T19:09:56.579+0000] {subprocess.py:106} INFO - 	found org.wildfly.openssl#wildfly-openssl;1.0.7.Final in central
[2026-04-12T19:09:56.808+0000] {subprocess.py:106} INFO - downloading https://repo1.maven.org/maven2/org/apache/iceberg/iceberg-spark-runtime-3.5_2.12/1.6.1/iceberg-spark-runtime-3.5_2.12-1.6.1.jar ...
[2026-04-12T19:09:58.862+0000] {subprocess.py:106} INFO - downloading https://repo1.maven.org/maven2/com/amazonaws/aws-java-sdk-bundle/1.12.262/aws-java-sdk-bundle-1.12.262.jar ...
[2026-04-12T19:10:13.421+0000] {subprocess.py:106} INFO - :: resolution report :: resolve 8319ms :: artifacts dl 16836ms
[2026-04-12T19:10:13.424+0000] {subprocess.py:106} INFO - 	:: modules in use:
[2026-04-12T19:10:13.432+0000] {subprocess.py:106} INFO - 	com.amazonaws#aws-java-sdk-bundle;1.12.262 from central in [default]
[2026-04-12T19:10:13.434+0000] {subprocess.py:106} INFO - 	org.apache.hadoop#hadoop-aws;3.3.4 from central in [default]
[2026-04-12T19:10:13.435+0000] {subprocess.py:106} INFO - 	org.apache.iceberg#iceberg-spark-runtime-3.5_2.12;1.6.1 from central in [default]
[2026-04-12T19:10:13.436+0000] {subprocess.py:106} INFO - 	org.projectnessie.nessie-integrations#nessie-spark-extensions-3.5_2.12;0.95.0 from central in [default]
[2026-04-12T19:10:13.438+0000] {subprocess.py:106} INFO - 	org.wildfly.openssl#wildfly-openssl;1.0.7.Final from central in [default]
[2026-04-12T19:10:13.439+0000] {subprocess.py:106} INFO - 	---------------------------------------------------------------------
[2026-04-12T19:10:13.440+0000] {subprocess.py:106} INFO - 	|                  |            modules            ||   artifacts   |
[2026-04-12T19:10:13.441+0000] {subprocess.py:106} INFO - 	|       conf       | number| search|dwnlded|evicted|| number|dwnlded|
[2026-04-12T19:10:13.444+0000] {subprocess.py:106} INFO - 	---------------------------------------------------------------------
[2026-04-12T19:10:13.446+0000] {subprocess.py:106} INFO - 	|      default     |   5   |   5   |   5   |   0   ||   5   |   0   |
[2026-04-12T19:10:13.450+0000] {subprocess.py:106} INFO - 	---------------------------------------------------------------------
[2026-04-12T19:10:13.451+0000] {subprocess.py:106} INFO - 
[2026-04-12T19:10:13.455+0000] {subprocess.py:106} INFO - :: problems summary ::
[2026-04-12T19:10:13.456+0000] {subprocess.py:106} INFO - :::: WARNINGS
[2026-04-12T19:10:13.460+0000] {subprocess.py:106} INFO - 		[FAILED     ] org.apache.iceberg#iceberg-spark-runtime-3.5_2.12;1.6.1!iceberg-spark-runtime-3.5_2.12.jar: Downloaded file size (0) doesn't match expected Content Length (41824467) for https://repo1.maven.org/maven2/org/apache/iceberg/iceberg-spark-runtime-3.5_2.12/1.6.1/iceberg-spark-runtime-3.5_2.12-1.6.1.jar. Please retry. (1972ms)
[2026-04-12T19:10:13.464+0000] {subprocess.py:106} INFO - 
[2026-04-12T19:10:13.467+0000] {subprocess.py:106} INFO - 		[FAILED     ] org.apache.iceberg#iceberg-spark-runtime-3.5_2.12;1.6.1!iceberg-spark-runtime-3.5_2.12.jar: Downloaded file size (0) doesn't match expected Content Length (41824467) for https://repo1.maven.org/maven2/org/apache/iceberg/iceberg-spark-runtime-3.5_2.12/1.6.1/iceberg-spark-runtime-3.5_2.12-1.6.1.jar. Please retry. (1972ms)
[2026-04-12T19:10:13.470+0000] {subprocess.py:106} INFO - 
[2026-04-12T19:10:13.474+0000] {subprocess.py:106} INFO - 	==== central: tried
[2026-04-12T19:10:13.476+0000] {subprocess.py:106} INFO - 
[2026-04-12T19:10:13.477+0000] {subprocess.py:106} INFO - 	  https://repo1.maven.org/maven2/org/apache/iceberg/iceberg-spark-runtime-3.5_2.12/1.6.1/iceberg-spark-runtime-3.5_2.12-1.6.1.jar
[2026-04-12T19:10:13.484+0000] {subprocess.py:106} INFO - 
[2026-04-12T19:10:13.485+0000] {subprocess.py:106} INFO - 		[FAILED     ] com.amazonaws#aws-java-sdk-bundle;1.12.262!aws-java-sdk-bundle.jar: Downloaded file size (0) doesn't match expected Content Length (280645251) for https://repo1.maven.org/maven2/com/amazonaws/aws-java-sdk-bundle/1.12.262/aws-java-sdk-bundle-1.12.262.jar. Please retry. (14857ms)
[2026-04-12T19:10:13.486+0000] {subprocess.py:106} INFO - 
[2026-04-12T19:10:13.488+0000] {subprocess.py:106} INFO - 		[FAILED     ] com.amazonaws#aws-java-sdk-bundle;1.12.262!aws-java-sdk-bundle.jar: Downloaded file size (0) doesn't match expected Content Length (280645251) for https://repo1.maven.org/maven2/com/amazonaws/aws-java-sdk-bundle/1.12.262/aws-java-sdk-bundle-1.12.262.jar. Please retry. (14857ms)
[2026-04-12T19:10:13.489+0000] {subprocess.py:106} INFO - 
[2026-04-12T19:10:13.490+0000] {subprocess.py:106} INFO - 	==== central: tried
[2026-04-12T19:10:13.491+0000] {subprocess.py:106} INFO - 
[2026-04-12T19:10:13.492+0000] {subprocess.py:106} INFO - 	  https://repo1.maven.org/maven2/com/amazonaws/aws-java-sdk-bundle/1.12.262/aws-java-sdk-bundle-1.12.262.jar
[2026-04-12T19:10:13.496+0000] {subprocess.py:106} INFO - 
[2026-04-12T19:10:13.504+0000] {subprocess.py:106} INFO - 		::::::::::::::::::::::::::::::::::::::::::::::
[2026-04-12T19:10:13.506+0000] {subprocess.py:106} INFO - 
[2026-04-12T19:10:13.507+0000] {subprocess.py:106} INFO - 		::              FAILED DOWNLOADS            ::
[2026-04-12T19:10:13.509+0000] {subprocess.py:106} INFO - 
[2026-04-12T19:10:13.510+0000] {subprocess.py:106} INFO - 		:: ^ see resolution messages for details  ^ ::
[2026-04-12T19:10:13.511+0000] {subprocess.py:106} INFO - 
[2026-04-12T19:10:13.516+0000] {subprocess.py:106} INFO - 		::::::::::::::::::::::::::::::::::::::::::::::
[2026-04-12T19:10:13.523+0000] {subprocess.py:106} INFO - 
[2026-04-12T19:10:13.525+0000] {subprocess.py:106} INFO - 		:: org.apache.iceberg#iceberg-spark-runtime-3.5_2.12;1.6.1!iceberg-spark-runtime-3.5_2.12.jar
[2026-04-12T19:10:13.527+0000] {subprocess.py:106} INFO - 
[2026-04-12T19:10:13.528+0000] {subprocess.py:106} INFO - 		:: com.amazonaws#aws-java-sdk-bundle;1.12.262!aws-java-sdk-bundle.jar
[2026-04-12T19:10:13.531+0000] {subprocess.py:106} INFO - 
[2026-04-12T19:10:13.539+0000] {subprocess.py:106} INFO - 		::::::::::::::::::::::::::::::::::::::::::::::
[2026-04-12T19:10:13.545+0000] {subprocess.py:106} INFO - 
[2026-04-12T19:10:13.552+0000] {subprocess.py:106} INFO - 
[2026-04-12T19:10:13.554+0000] {subprocess.py:106} INFO - 
[2026-04-12T19:10:13.555+0000] {subprocess.py:106} INFO - :: USE VERBOSE OR DEBUG MESSAGE LEVEL FOR MORE DETAILS
[2026-04-12T19:10:13.557+0000] {subprocess.py:106} INFO - Exception in thread "main" java.lang.RuntimeException: [download failed: org.apache.iceberg#iceberg-spark-runtime-3.5_2.12;1.6.1!iceberg-spark-runtime-3.5_2.12.jar, download failed: com.amazonaws#aws-java-sdk-bundle;1.12.262!aws-java-sdk-bundle.jar]
[2026-04-12T19:10:13.559+0000] {subprocess.py:106} INFO - 	at org.apache.spark.deploy.SparkSubmitUtils$.resolveMavenCoordinates(SparkSubmit.scala:1613)
[2026-04-12T19:10:13.560+0000] {subprocess.py:106} INFO - 	at org.apache.spark.util.DependencyUtils$.resolveMavenDependencies(DependencyUtils.scala:185)
[2026-04-12T19:10:13.561+0000] {subprocess.py:106} INFO - 	at org.apache.spark.deploy.SparkSubmit.prepareSubmitEnvironment(SparkSubmit.scala:339)
[2026-04-12T19:10:13.562+0000] {subprocess.py:106} INFO - 	at org.apache.spark.deploy.SparkSubmit.org$apache$spark$deploy$SparkSubmit$$runMain(SparkSubmit.scala:969)
[2026-04-12T19:10:13.566+0000] {subprocess.py:106} INFO - 	at org.apache.spark.deploy.SparkSubmit.doRunMain$1(SparkSubmit.scala:199)
[2026-04-12T19:10:13.568+0000] {subprocess.py:106} INFO - 	at org.apache.spark.deploy.SparkSubmit.submit(SparkSubmit.scala:222)
[2026-04-12T19:10:13.569+0000] {subprocess.py:106} INFO - 	at org.apache.spark.deploy.SparkSubmit.doSubmit(SparkSubmit.scala:91)
[2026-04-12T19:10:13.570+0000] {subprocess.py:106} INFO - 	at org.apache.spark.deploy.SparkSubmit$$anon$2.doSubmit(SparkSubmit.scala:1125)
[2026-04-12T19:10:13.572+0000] {subprocess.py:106} INFO - 	at org.apache.spark.deploy.SparkSubmit$.main(SparkSubmit.scala:1134)
[2026-04-12T19:10:13.577+0000] {subprocess.py:106} INFO - 	at org.apache.spark.deploy.SparkSubmit.main(SparkSubmit.scala)
[2026-04-12T19:10:13.578+0000] {subprocess.py:110} INFO - Command exited with return code 1
[2026-04-12T19:10:13.604+0000] {taskinstance.py:3311} ERROR - Task failed with exception
Traceback (most recent call last):
  File "/home/airflow/.local/lib/python3.12/site-packages/airflow/models/taskinstance.py", line 762, in _execute_task
    result = _execute_callable(context=context, **execute_callable_kwargs)
             ^^^^^^^^^^^^^^^^^^^^^^^^^^^^^^^^^^^^^^^^^^^^^^^^^^^^^^^^^^^^^
  File "/home/airflow/.local/lib/python3.12/site-packages/airflow/models/taskinstance.py", line 733, in _execute_callable
    return ExecutionCallableRunner(
           ^^^^^^^^^^^^^^^^^^^^^^^^
  File "/home/airflow/.local/lib/python3.12/site-packages/airflow/utils/operator_helpers.py", line 252, in run
    return self.func(*args, **kwargs)
           ^^^^^^^^^^^^^^^^^^^^^^^^^^
  File "/home/airflow/.local/lib/python3.12/site-packages/airflow/models/baseoperator.py", line 417, in wrapper
    return func(self, *args, **kwargs)
           ^^^^^^^^^^^^^^^^^^^^^^^^^^^
  File "/home/airflow/.local/lib/python3.12/site-packages/airflow/operators/bash.py", line 276, in execute
    raise AirflowException(
airflow.exceptions.AirflowException: Bash command failed. The command returned a non-zero exit code 1.
[2026-04-12T19:10:13.620+0000] {taskinstance.py:1225} INFO - Marking task as FAILED. dag_id=stackoverflow_pipeline, task_id=silver_transform, run_id=manual__2026-04-12T19:04:34+00:00, execution_date=20260412T190434, start_date=20260412T190946, end_date=20260412T191013
[2026-04-12T19:10:13.656+0000] {taskinstance.py:340} INFO - ::group::Post task execution logs
[2026-04-12T19:10:13.658+0000] {standard_task_runner.py:124} ERROR - Failed to execute job 10 for task silver_transform (Bash command failed. The command returned a non-zero exit code 1.; 378)
Traceback (most recent call last):
  File "/home/airflow/.local/lib/python3.12/site-packages/airflow/task/task_runner/standard_task_runner.py", line 117, in _start_by_fork
    ret = args.func(args, dag=self.dag)
          ^^^^^^^^^^^^^^^^^^^^^^^^^^^^^
  File "/home/airflow/.local/lib/python3.12/site-packages/airflow/cli/cli_config.py", line 49, in command
    return func(*args, **kwargs)
           ^^^^^^^^^^^^^^^^^^^^^
  File "/home/airflow/.local/lib/python3.12/site-packages/airflow/utils/cli.py", line 116, in wrapper
    return f(*args, **kwargs)
           ^^^^^^^^^^^^^^^^^^
  File "/home/airflow/.local/lib/python3.12/site-packages/airflow/cli/commands/task_command.py", line 483, in task_run
    task_return_code = _run_task_by_selected_method(args, _dag, ti)
                       ^^^^^^^^^^^^^^^^^^^^^^^^^^^^^^^^^^^^^^^^^^^^
  File "/home/airflow/.local/lib/python3.12/site-packages/airflow/cli/commands/task_command.py", line 256, in _run_task_by_selected_method
    return _run_raw_task(args, ti)
           ^^^^^^^^^^^^^^^^^^^^^^^
  File "/home/airflow/.local/lib/python3.12/site-packages/airflow/cli/commands/task_command.py", line 341, in _run_raw_task
    return ti._run_raw_task(
           ^^^^^^^^^^^^^^^^^
  File "/home/airflow/.local/lib/python3.12/site-packages/airflow/utils/session.py", line 97, in wrapper
    return func(*args, session=session, **kwargs)
           ^^^^^^^^^^^^^^^^^^^^^^^^^^^^^^^^^^^^^^
  File "/home/airflow/.local/lib/python3.12/site-packages/airflow/models/taskinstance.py", line 3005, in _run_raw_task
    return _run_raw_task(
           ^^^^^^^^^^^^^^
  File "/home/airflow/.local/lib/python3.12/site-packages/airflow/models/taskinstance.py", line 273, in _run_raw_task
    TaskInstance._execute_task_with_callbacks(
  File "/home/airflow/.local/lib/python3.12/site-packages/airflow/models/taskinstance.py", line 3159, in _execute_task_with_callbacks
    result = self._execute_task(context, task_orig)
             ^^^^^^^^^^^^^^^^^^^^^^^^^^^^^^^^^^^^^^
  File "/home/airflow/.local/lib/python3.12/site-packages/airflow/models/taskinstance.py", line 3183, in _execute_task
    return _execute_task(self, context, task_orig)
           ^^^^^^^^^^^^^^^^^^^^^^^^^^^^^^^^^^^^^^^
  File "/home/airflow/.local/lib/python3.12/site-packages/airflow/models/taskinstance.py", line 762, in _execute_task
    result = _execute_callable(context=context, **execute_callable_kwargs)
             ^^^^^^^^^^^^^^^^^^^^^^^^^^^^^^^^^^^^^^^^^^^^^^^^^^^^^^^^^^^^^
  File "/home/airflow/.local/lib/python3.12/site-packages/airflow/models/taskinstance.py", line 733, in _execute_callable
    return ExecutionCallableRunner(
           ^^^^^^^^^^^^^^^^^^^^^^^^
  File "/home/airflow/.local/lib/python3.12/site-packages/airflow/utils/operator_helpers.py", line 252, in run
    return self.func(*args, **kwargs)
           ^^^^^^^^^^^^^^^^^^^^^^^^^^
  File "/home/airflow/.local/lib/python3.12/site-packages/airflow/models/baseoperator.py", line 417, in wrapper
    return func(self, *args, **kwargs)
           ^^^^^^^^^^^^^^^^^^^^^^^^^^^
  File "/home/airflow/.local/lib/python3.12/site-packages/airflow/operators/bash.py", line 276, in execute
    raise AirflowException(
airflow.exceptions.AirflowException: Bash command failed. The command returned a non-zero exit code 1.
[2026-04-12T19:10:13.706+0000] {local_task_job_runner.py:266} INFO - Task exited with return code 1
[2026-04-12T19:10:13.746+0000] {taskinstance.py:3895} INFO - 0 downstream tasks scheduled from follow-on schedule check
[2026-04-12T19:10:13.769+0000] {local_task_job_runner.py:245} INFO - ::endgroup::
