[2026-04-06T16:44:32.961+0000] {manager.py:483} INFO - Processing files using up to 2 processes at a time 
[2026-04-06T16:44:32.962+0000] {manager.py:484} INFO - Process each file at most once every 30 seconds
[2026-04-06T16:44:32.962+0000] {manager.py:485} INFO - Checking for new files in /opt/airflow/dags every 300 seconds
[2026-04-06T16:44:32.963+0000] {manager.py:821} INFO - Searching for files in /opt/airflow/dags
[2026-04-06T16:44:33.073+0000] {manager.py:824} INFO - There are 1 files in /opt/airflow/dags
[2026-04-06T16:44:33.196+0000] {manager.py:997} INFO - 
================================================================================
DAG File Processing Stats

File Path                                      PID  Runtime      # DAGs    # Errors  Last Runtime    Last Run      Last # of DB Queries
-------------------------------------------  -----  ---------  --------  ----------  --------------  ----------  ----------------------
/opt/airflow/dags/stackoverflow_pipeline.py     79  0.03s             0           0                                                   0
================================================================================
[2026-04-06T16:45:03.453+0000] {manager.py:997} INFO - 
================================================================================
DAG File Processing Stats

File Path                                    PID    Runtime      # DAGs    # Errors  Last Runtime    Last Run               Last # of DB Queries
-------------------------------------------  -----  ---------  --------  ----------  --------------  -------------------  ----------------------
/opt/airflow/dags/stackoverflow_pipeline.py                           1           0  0.55s           2026-04-06T16:44:33                      43
================================================================================
[2026-04-06T16:45:34.355+0000] {manager.py:997} INFO - 
================================================================================
DAG File Processing Stats

File Path                                      PID  Runtime      # DAGs    # Errors  Last Runtime    Last Run               Last # of DB Queries
-------------------------------------------  -----  ---------  --------  ----------  --------------  -------------------  ----------------------
/opt/airflow/dags/stackoverflow_pipeline.py     93  0.01s             1           0  0.16s           2026-04-06T16:45:04                      10
================================================================================
[2026-04-06T16:46:04.835+0000] {manager.py:997} INFO - 
================================================================================
DAG File Processing Stats

File Path                                      PID  Runtime      # DAGs    # Errors  Last Runtime    Last Run               Last # of DB Queries
-------------------------------------------  -----  ---------  --------  ----------  --------------  -------------------  ----------------------
/opt/airflow/dags/stackoverflow_pipeline.py    100  0.01s             1           0  0.27s           2026-04-06T16:45:34                      10
================================================================================
[2026-04-06T16:46:35.411+0000] {manager.py:997} INFO - 
================================================================================
DAG File Processing Stats

File Path                                      PID  Runtime      # DAGs    # Errors  Last Runtime    Last Run               Last # of DB Queries
-------------------------------------------  -----  ---------  --------  ----------  --------------  -------------------  ----------------------
/opt/airflow/dags/stackoverflow_pipeline.py    107  0.01s             1           0  0.24s           2026-04-06T16:46:05                      10
================================================================================
[2026-04-06T16:47:05.843+0000] {manager.py:997} INFO - 
================================================================================
DAG File Processing Stats

File Path                                      PID  Runtime      # DAGs    # Errors  Last Runtime    Last Run               Last # of DB Queries
-------------------------------------------  -----  ---------  --------  ----------  --------------  -------------------  ----------------------
/opt/airflow/dags/stackoverflow_pipeline.py    114  0.00s             1           0  0.33s           2026-04-06T16:46:35                      10
================================================================================
[2026-04-06T16:47:36.270+0000] {manager.py:997} INFO - 
================================================================================
DAG File Processing Stats

File Path                                      PID  Runtime      # DAGs    # Errors  Last Runtime    Last Run               Last # of DB Queries
-------------------------------------------  -----  ---------  --------  ----------  --------------  -------------------  ----------------------
/opt/airflow/dags/stackoverflow_pipeline.py    121  0.01s             1           0  0.16s           2026-04-06T16:47:05                      10
================================================================================
[2026-04-06T16:48:06.717+0000] {manager.py:997} INFO - 
================================================================================
DAG File Processing Stats

File Path                                      PID  Runtime      # DAGs    # Errors  Last Runtime    Last Run               Last # of DB Queries
-------------------------------------------  -----  ---------  --------  ----------  --------------  -------------------  ----------------------
/opt/airflow/dags/stackoverflow_pipeline.py    128  0.01s             1           0  0.23s           2026-04-06T16:47:36                      10
================================================================================
[2026-04-06T16:59:44.411+0000] {manager.py:821} INFO - Searching for files in /opt/airflow/dags
[2026-04-06T16:59:44.458+0000] {manager.py:824} INFO - There are 1 files in /opt/airflow/dags
[2026-04-06T16:59:46.964+0000] {manager.py:997} INFO - 
================================================================================
DAG File Processing Stats

File Path                                    PID    Runtime      # DAGs    # Errors  Last Runtime    Last Run               Last # of DB Queries
-------------------------------------------  -----  ---------  --------  ----------  --------------  -------------------  ----------------------
/opt/airflow/dags/stackoverflow_pipeline.py                           1           0  0.43s           2026-04-06T16:59:44                      10
================================================================================
[2026-04-06T17:00:17.336+0000] {manager.py:997} INFO - 
================================================================================
DAG File Processing Stats

File Path                                    PID    Runtime      # DAGs    # Errors  Last Runtime    Last Run               Last # of DB Queries
-------------------------------------------  -----  ---------  --------  ----------  --------------  -------------------  ----------------------
/opt/airflow/dags/stackoverflow_pipeline.py                           1           0  0.51s           2026-04-06T17:00:15                      10
================================================================================
[2026-04-06T17:00:47.404+0000] {manager.py:997} INFO - 
================================================================================
DAG File Processing Stats

File Path                                    PID    Runtime      # DAGs    # Errors  Last Runtime    Last Run               Last # of DB Queries
-------------------------------------------  -----  ---------  --------  ----------  --------------  -------------------  ----------------------
/opt/airflow/dags/stackoverflow_pipeline.py                           1           0  0.23s           2026-04-06T17:00:46                      10
================================================================================
[2026-04-06T17:01:18.014+0000] {manager.py:997} INFO - 
================================================================================
DAG File Processing Stats

File Path                                    PID    Runtime      # DAGs    # Errors  Last Runtime    Last Run               Last # of DB Queries
-------------------------------------------  -----  ---------  --------  ----------  --------------  -------------------  ----------------------
/opt/airflow/dags/stackoverflow_pipeline.py                           1           0  0.25s           2026-04-06T17:01:17                      10
================================================================================
[2026-04-06T17:01:48.473+0000] {manager.py:997} INFO - 
================================================================================
DAG File Processing Stats

File Path                                    PID    Runtime      # DAGs    # Errors  Last Runtime    Last Run               Last # of DB Queries
-------------------------------------------  -----  ---------  --------  ----------  --------------  -------------------  ----------------------
/opt/airflow/dags/stackoverflow_pipeline.py                           1           0  0.26s           2026-04-06T17:01:47                      10
================================================================================
[2026-04-06T17:02:19.048+0000] {manager.py:997} INFO - 
================================================================================
DAG File Processing Stats

File Path                                    PID    Runtime      # DAGs    # Errors  Last Runtime    Last Run               Last # of DB Queries
-------------------------------------------  -----  ---------  --------  ----------  --------------  -------------------  ----------------------
/opt/airflow/dags/stackoverflow_pipeline.py                           1           0  0.24s           2026-04-06T17:02:18                      10
================================================================================
[2026-04-06T17:02:49.454+0000] {manager.py:997} INFO - 
================================================================================
DAG File Processing Stats

File Path                                    PID    Runtime      # DAGs    # Errors  Last Runtime    Last Run               Last # of DB Queries
-------------------------------------------  -----  ---------  --------  ----------  --------------  -------------------  ----------------------
/opt/airflow/dags/stackoverflow_pipeline.py                           1           0  0.22s           2026-04-06T17:02:48                      10
================================================================================
[2026-04-06T17:03:19.794+0000] {manager.py:997} INFO - 
================================================================================
DAG File Processing Stats

File Path                                    PID    Runtime      # DAGs    # Errors  Last Runtime    Last Run               Last # of DB Queries
-------------------------------------------  -----  ---------  --------  ----------  --------------  -------------------  ----------------------
/opt/airflow/dags/stackoverflow_pipeline.py                           1           0  0.16s           2026-04-06T17:03:18                      10
================================================================================
[2026-04-06T17:03:50.273+0000] {manager.py:997} INFO - 
================================================================================
DAG File Processing Stats

File Path                                    PID    Runtime      # DAGs    # Errors  Last Runtime    Last Run               Last # of DB Queries
-------------------------------------------  -----  ---------  --------  ----------  --------------  -------------------  ----------------------
/opt/airflow/dags/stackoverflow_pipeline.py                           1           0  0.19s           2026-04-06T17:03:49                      10
================================================================================
[2026-04-06T17:04:20.655+0000] {manager.py:997} INFO - 
================================================================================
DAG File Processing Stats

File Path                                    PID    Runtime      # DAGs    # Errors  Last Runtime    Last Run               Last # of DB Queries
-------------------------------------------  -----  ---------  --------  ----------  --------------  -------------------  ----------------------
/opt/airflow/dags/stackoverflow_pipeline.py                           1           0  0.17s           2026-04-06T17:04:19                      10
================================================================================
[2026-04-06T17:04:44.898+0000] {manager.py:821} INFO - Searching for files in /opt/airflow/dags
[2026-04-06T17:04:44.977+0000] {manager.py:824} INFO - There are 1 files in /opt/airflow/dags
[2026-04-06T17:04:51.127+0000] {manager.py:997} INFO - 
================================================================================
DAG File Processing Stats

File Path                                    PID    Runtime      # DAGs    # Errors  Last Runtime    Last Run               Last # of DB Queries
-------------------------------------------  -----  ---------  --------  ----------  --------------  -------------------  ----------------------
/opt/airflow/dags/stackoverflow_pipeline.py                           1           0  0.19s           2026-04-06T17:04:50                      10
================================================================================
[2026-04-06T17:05:21.590+0000] {manager.py:997} INFO - 
================================================================================
DAG File Processing Stats

File Path                                    PID    Runtime      # DAGs    # Errors  Last Runtime    Last Run               Last # of DB Queries
-------------------------------------------  -----  ---------  --------  ----------  --------------  -------------------  ----------------------
/opt/airflow/dags/stackoverflow_pipeline.py                           1           0  0.22s           2026-04-06T17:05:20                      10
================================================================================
[2026-04-06T17:05:52.017+0000] {manager.py:997} INFO - 
================================================================================
DAG File Processing Stats

File Path                                    PID    Runtime      # DAGs    # Errors  Last Runtime    Last Run               Last # of DB Queries
-------------------------------------------  -----  ---------  --------  ----------  --------------  -------------------  ----------------------
/opt/airflow/dags/stackoverflow_pipeline.py                           1           0  0.18s           2026-04-06T17:05:51                      10
================================================================================
[2026-04-06T17:06:22.430+0000] {manager.py:997} INFO - 
================================================================================
DAG File Processing Stats

File Path                                    PID    Runtime      # DAGs    # Errors  Last Runtime    Last Run               Last # of DB Queries
-------------------------------------------  -----  ---------  --------  ----------  --------------  -------------------  ----------------------
/opt/airflow/dags/stackoverflow_pipeline.py                           1           0  0.20s           2026-04-06T17:06:21                      10
================================================================================
[2026-04-06T17:06:52.911+0000] {manager.py:997} INFO - 
================================================================================
DAG File Processing Stats

File Path                                    PID    Runtime      # DAGs    # Errors  Last Runtime    Last Run               Last # of DB Queries
-------------------------------------------  -----  ---------  --------  ----------  --------------  -------------------  ----------------------
/opt/airflow/dags/stackoverflow_pipeline.py                           1           0  0.21s           2026-04-06T17:06:52                      10
================================================================================
[2026-04-06T17:07:23.347+0000] {manager.py:997} INFO - 
================================================================================
DAG File Processing Stats

File Path                                    PID    Runtime      # DAGs    # Errors  Last Runtime    Last Run               Last # of DB Queries
-------------------------------------------  -----  ---------  --------  ----------  --------------  -------------------  ----------------------
/opt/airflow/dags/stackoverflow_pipeline.py                           1           0  0.21s           2026-04-06T17:07:22                      10
================================================================================
[2026-04-06T17:07:53.827+0000] {manager.py:997} INFO - 
================================================================================
DAG File Processing Stats

File Path                                    PID    Runtime      # DAGs    # Errors  Last Runtime    Last Run               Last # of DB Queries
-------------------------------------------  -----  ---------  --------  ----------  --------------  -------------------  ----------------------
/opt/airflow/dags/stackoverflow_pipeline.py                           1           0  0.21s           2026-04-06T17:07:52                      10
================================================================================
[2026-04-06T17:08:24.283+0000] {manager.py:997} INFO - 
================================================================================
DAG File Processing Stats

File Path                                    PID    Runtime      # DAGs    # Errors  Last Runtime    Last Run               Last # of DB Queries
-------------------------------------------  -----  ---------  --------  ----------  --------------  -------------------  ----------------------
/opt/airflow/dags/stackoverflow_pipeline.py                           1           0  0.23s           2026-04-06T17:08:23                      10
================================================================================
[2026-04-06T17:08:54.646+0000] {manager.py:997} INFO - 
================================================================================
DAG File Processing Stats

File Path                                    PID    Runtime      # DAGs    # Errors  Last Runtime    Last Run               Last # of DB Queries
-------------------------------------------  -----  ---------  --------  ----------  --------------  -------------------  ----------------------
/opt/airflow/dags/stackoverflow_pipeline.py                           1           0  0.18s           2026-04-06T17:08:53                      10
================================================================================
[2026-04-06T17:09:25.170+0000] {manager.py:997} INFO - 
================================================================================
DAG File Processing Stats

File Path                                    PID    Runtime      # DAGs    # Errors  Last Runtime    Last Run               Last # of DB Queries
-------------------------------------------  -----  ---------  --------  ----------  --------------  -------------------  ----------------------
/opt/airflow/dags/stackoverflow_pipeline.py                           1           0  0.32s           2026-04-06T17:09:24                      10
================================================================================
[2026-04-06T17:09:45.404+0000] {manager.py:821} INFO - Searching for files in /opt/airflow/dags
[2026-04-06T17:09:45.481+0000] {manager.py:824} INFO - There are 1 files in /opt/airflow/dags
[2026-04-06T17:09:55.705+0000] {manager.py:997} INFO - 
================================================================================
DAG File Processing Stats

File Path                                    PID    Runtime      # DAGs    # Errors  Last Runtime    Last Run               Last # of DB Queries
-------------------------------------------  -----  ---------  --------  ----------  --------------  -------------------  ----------------------
/opt/airflow/dags/stackoverflow_pipeline.py                           1           0  0.14s           2026-04-06T17:09:54                      10
================================================================================
[2026-04-06T17:10:26.178+0000] {manager.py:997} INFO - 
================================================================================
DAG File Processing Stats

File Path                                    PID    Runtime      # DAGs    # Errors  Last Runtime    Last Run               Last # of DB Queries
-------------------------------------------  -----  ---------  --------  ----------  --------------  -------------------  ----------------------
/opt/airflow/dags/stackoverflow_pipeline.py                           1           0  0.18s           2026-04-06T17:10:25                      10
================================================================================
[2026-04-06T17:10:56.654+0000] {manager.py:997} INFO - 
================================================================================
DAG File Processing Stats

File Path                                    PID    Runtime      # DAGs    # Errors  Last Runtime    Last Run               Last # of DB Queries
-------------------------------------------  -----  ---------  --------  ----------  --------------  -------------------  ----------------------
/opt/airflow/dags/stackoverflow_pipeline.py                           1           0  0.21s           2026-04-06T17:10:55                      10
================================================================================
[2026-04-06T17:11:27.101+0000] {manager.py:997} INFO - 
================================================================================
DAG File Processing Stats

File Path                                    PID    Runtime      # DAGs    # Errors  Last Runtime    Last Run               Last # of DB Queries
-------------------------------------------  -----  ---------  --------  ----------  --------------  -------------------  ----------------------
/opt/airflow/dags/stackoverflow_pipeline.py                           1           0  0.17s           2026-04-06T17:11:26                      10
================================================================================
[2026-04-06T17:11:57.589+0000] {manager.py:997} INFO - 
================================================================================
DAG File Processing Stats

File Path                                    PID    Runtime      # DAGs    # Errors  Last Runtime    Last Run               Last # of DB Queries
-------------------------------------------  -----  ---------  --------  ----------  --------------  -------------------  ----------------------
/opt/airflow/dags/stackoverflow_pipeline.py                           1           0  0.21s           2026-04-06T17:11:56                      10
================================================================================
[2026-04-06T17:12:28.071+0000] {manager.py:997} INFO - 
================================================================================
DAG File Processing Stats

File Path                                    PID    Runtime      # DAGs    # Errors  Last Runtime    Last Run               Last # of DB Queries
-------------------------------------------  -----  ---------  --------  ----------  --------------  -------------------  ----------------------
/opt/airflow/dags/stackoverflow_pipeline.py                           1           0  0.21s           2026-04-06T17:12:27                      10
================================================================================
[2026-04-06T17:12:58.531+0000] {manager.py:997} INFO - 
================================================================================
DAG File Processing Stats

File Path                                    PID    Runtime      # DAGs    # Errors  Last Runtime    Last Run               Last # of DB Queries
-------------------------------------------  -----  ---------  --------  ----------  --------------  -------------------  ----------------------
/opt/airflow/dags/stackoverflow_pipeline.py                           1           0  0.15s           2026-04-06T17:12:57                      10
================================================================================
[2026-04-06T17:13:28.945+0000] {manager.py:997} INFO - 
================================================================================
DAG File Processing Stats

File Path                                    PID    Runtime      # DAGs    # Errors  Last Runtime    Last Run               Last # of DB Queries
-------------------------------------------  -----  ---------  --------  ----------  --------------  -------------------  ----------------------
/opt/airflow/dags/stackoverflow_pipeline.py                           1           0  0.21s           2026-04-06T17:13:28                      10
================================================================================
[2026-04-06T17:13:59.467+0000] {manager.py:997} INFO - 
================================================================================
DAG File Processing Stats

File Path                                    PID    Runtime      # DAGs    # Errors  Last Runtime    Last Run               Last # of DB Queries
-------------------------------------------  -----  ---------  --------  ----------  --------------  -------------------  ----------------------
/opt/airflow/dags/stackoverflow_pipeline.py                           1           0  0.15s           2026-04-06T17:13:58                      10
================================================================================
[2026-04-06T17:14:29.853+0000] {manager.py:997} INFO - 
================================================================================
DAG File Processing Stats

File Path                                    PID    Runtime      # DAGs    # Errors  Last Runtime    Last Run               Last # of DB Queries
-------------------------------------------  -----  ---------  --------  ----------  --------------  -------------------  ----------------------
/opt/airflow/dags/stackoverflow_pipeline.py                           1           0  0.19s           2026-04-06T17:14:29                      10
================================================================================
[2026-04-06T17:14:46.039+0000] {manager.py:821} INFO - Searching for files in /opt/airflow/dags
[2026-04-06T17:14:46.117+0000] {manager.py:824} INFO - There are 1 files in /opt/airflow/dags
[2026-04-06T17:15:00.366+0000] {manager.py:997} INFO - 
================================================================================
DAG File Processing Stats

File Path                                    PID    Runtime      # DAGs    # Errors  Last Runtime    Last Run               Last # of DB Queries
-------------------------------------------  -----  ---------  --------  ----------  --------------  -------------------  ----------------------
/opt/airflow/dags/stackoverflow_pipeline.py                           1           0  0.20s           2026-04-06T17:14:59                      10
================================================================================
[2026-04-06T17:15:30.901+0000] {manager.py:997} INFO - 
================================================================================
DAG File Processing Stats

File Path                                    PID    Runtime      # DAGs    # Errors  Last Runtime    Last Run               Last # of DB Queries
-------------------------------------------  -----  ---------  --------  ----------  --------------  -------------------  ----------------------
/opt/airflow/dags/stackoverflow_pipeline.py                           1           0  0.20s           2026-04-06T17:15:29                      10
================================================================================
[2026-04-06T17:16:01.379+0000] {manager.py:997} INFO - 
================================================================================
DAG File Processing Stats

File Path                                    PID    Runtime      # DAGs    # Errors  Last Runtime    Last Run               Last # of DB Queries
-------------------------------------------  -----  ---------  --------  ----------  --------------  -------------------  ----------------------
/opt/airflow/dags/stackoverflow_pipeline.py                           1           0  0.25s           2026-04-06T17:16:00                      10
================================================================================
[2026-04-06T17:16:31.844+0000] {manager.py:997} INFO - 
================================================================================
DAG File Processing Stats

File Path                                    PID    Runtime      # DAGs    # Errors  Last Runtime    Last Run               Last # of DB Queries
-------------------------------------------  -----  ---------  --------  ----------  --------------  -------------------  ----------------------
/opt/airflow/dags/stackoverflow_pipeline.py                           1           0  0.15s           2026-04-06T17:16:30                      10
================================================================================
[2026-04-06T17:17:02.243+0000] {manager.py:997} INFO - 
================================================================================
DAG File Processing Stats

File Path                                    PID    Runtime      # DAGs    # Errors  Last Runtime    Last Run               Last # of DB Queries
-------------------------------------------  -----  ---------  --------  ----------  --------------  -------------------  ----------------------
/opt/airflow/dags/stackoverflow_pipeline.py                           1           0  0.16s           2026-04-06T17:17:01                      10
================================================================================
[2026-04-06T17:17:32.715+0000] {manager.py:997} INFO - 
================================================================================
DAG File Processing Stats

File Path                                    PID    Runtime      # DAGs    # Errors  Last Runtime    Last Run               Last # of DB Queries
-------------------------------------------  -----  ---------  --------  ----------  --------------  -------------------  ----------------------
/opt/airflow/dags/stackoverflow_pipeline.py                           1           0  0.16s           2026-04-06T17:17:31                      10
================================================================================
[2026-04-06T17:18:03.155+0000] {manager.py:997} INFO - 
================================================================================
DAG File Processing Stats

File Path                                    PID    Runtime      # DAGs    # Errors  Last Runtime    Last Run               Last # of DB Queries
-------------------------------------------  -----  ---------  --------  ----------  --------------  -------------------  ----------------------
/opt/airflow/dags/stackoverflow_pipeline.py                           1           0  0.22s           2026-04-06T17:18:02                      10
================================================================================
[2026-04-06T17:18:33.664+0000] {manager.py:997} INFO - 
================================================================================
DAG File Processing Stats

File Path                                    PID    Runtime      # DAGs    # Errors  Last Runtime    Last Run               Last # of DB Queries
-------------------------------------------  -----  ---------  --------  ----------  --------------  -------------------  ----------------------
/opt/airflow/dags/stackoverflow_pipeline.py                           1           0  0.16s           2026-04-06T17:18:32                      10
================================================================================
[2026-04-06T17:19:04.111+0000] {manager.py:997} INFO - 
================================================================================
DAG File Processing Stats

File Path                                    PID    Runtime      # DAGs    # Errors  Last Runtime    Last Run               Last # of DB Queries
-------------------------------------------  -----  ---------  --------  ----------  --------------  -------------------  ----------------------
/opt/airflow/dags/stackoverflow_pipeline.py                           1           0  0.24s           2026-04-06T17:19:03                      10
================================================================================
[2026-04-06T17:19:34.661+0000] {manager.py:997} INFO - 
================================================================================
DAG File Processing Stats

File Path                                    PID    Runtime      # DAGs    # Errors  Last Runtime    Last Run               Last # of DB Queries
-------------------------------------------  -----  ---------  --------  ----------  --------------  -------------------  ----------------------
/opt/airflow/dags/stackoverflow_pipeline.py                           1           0  0.21s           2026-04-06T17:19:33                      10
================================================================================
[2026-04-06T17:19:46.790+0000] {manager.py:821} INFO - Searching for files in /opt/airflow/dags
[2026-04-06T17:19:46.840+0000] {manager.py:824} INFO - There are 1 files in /opt/airflow/dags
[2026-04-06T17:20:05.129+0000] {manager.py:997} INFO - 
================================================================================
DAG File Processing Stats

File Path                                    PID    Runtime      # DAGs    # Errors  Last Runtime    Last Run               Last # of DB Queries
-------------------------------------------  -----  ---------  --------  ----------  --------------  -------------------  ----------------------
/opt/airflow/dags/stackoverflow_pipeline.py                           1           0  0.19s           2026-04-06T17:20:04                      10
================================================================================
[2026-04-06T17:20:35.663+0000] {manager.py:997} INFO - 
================================================================================
DAG File Processing Stats

File Path                                    PID    Runtime      # DAGs    # Errors  Last Runtime    Last Run               Last # of DB Queries
-------------------------------------------  -----  ---------  --------  ----------  --------------  -------------------  ----------------------
/opt/airflow/dags/stackoverflow_pipeline.py                           1           0  0.18s           2026-04-06T17:20:34                      10
================================================================================
[2026-04-06T17:21:06.043+0000] {manager.py:997} INFO - 
================================================================================
DAG File Processing Stats

File Path                                    PID    Runtime      # DAGs    # Errors  Last Runtime    Last Run               Last # of DB Queries
-------------------------------------------  -----  ---------  --------  ----------  --------------  -------------------  ----------------------
/opt/airflow/dags/stackoverflow_pipeline.py                           1           0  0.21s           2026-04-06T17:21:05                      10
================================================================================
[2026-04-06T17:21:36.432+0000] {manager.py:997} INFO - 
================================================================================
DAG File Processing Stats

File Path                                    PID    Runtime      # DAGs    # Errors  Last Runtime    Last Run               Last # of DB Queries
-------------------------------------------  -----  ---------  --------  ----------  --------------  -------------------  ----------------------
/opt/airflow/dags/stackoverflow_pipeline.py                           1           0  0.16s           2026-04-06T17:21:35                      10
================================================================================
[2026-04-06T17:22:06.898+0000] {manager.py:997} INFO - 
================================================================================
DAG File Processing Stats

File Path                                    PID    Runtime      # DAGs    # Errors  Last Runtime    Last Run               Last # of DB Queries
-------------------------------------------  -----  ---------  --------  ----------  --------------  -------------------  ----------------------
/opt/airflow/dags/stackoverflow_pipeline.py                           1           0  0.17s           2026-04-06T17:22:05                      10
================================================================================
[2026-04-06T17:22:37.301+0000] {manager.py:997} INFO - 
================================================================================
DAG File Processing Stats

File Path                                    PID    Runtime      # DAGs    # Errors  Last Runtime    Last Run               Last # of DB Queries
-------------------------------------------  -----  ---------  --------  ----------  --------------  -------------------  ----------------------
/opt/airflow/dags/stackoverflow_pipeline.py                           1           0  0.13s           2026-04-06T17:22:36                      10
================================================================================
[2026-04-06T17:23:07.740+0000] {manager.py:997} INFO - 
================================================================================
DAG File Processing Stats

File Path                                    PID    Runtime      # DAGs    # Errors  Last Runtime    Last Run               Last # of DB Queries
-------------------------------------------  -----  ---------  --------  ----------  --------------  -------------------  ----------------------
/opt/airflow/dags/stackoverflow_pipeline.py                           1           0  0.18s           2026-04-06T17:23:06                      10
================================================================================
[2026-04-06T17:23:38.221+0000] {manager.py:997} INFO - 
================================================================================
DAG File Processing Stats

File Path                                    PID    Runtime      # DAGs    # Errors  Last Runtime    Last Run               Last # of DB Queries
-------------------------------------------  -----  ---------  --------  ----------  --------------  -------------------  ----------------------
/opt/airflow/dags/stackoverflow_pipeline.py                           1           0  0.23s           2026-04-06T17:23:37                      10
================================================================================
[2026-04-06T17:24:08.738+0000] {manager.py:997} INFO - 
================================================================================
DAG File Processing Stats

File Path                                    PID    Runtime      # DAGs    # Errors  Last Runtime    Last Run               Last # of DB Queries
-------------------------------------------  -----  ---------  --------  ----------  --------------  -------------------  ----------------------
/opt/airflow/dags/stackoverflow_pipeline.py                           1           0  0.18s           2026-04-06T17:24:07                      10
================================================================================
[2026-04-06T17:24:39.151+0000] {manager.py:997} INFO - 
================================================================================
DAG File Processing Stats

File Path                                    PID    Runtime      # DAGs    # Errors  Last Runtime    Last Run               Last # of DB Queries
-------------------------------------------  -----  ---------  --------  ----------  --------------  -------------------  ----------------------
/opt/airflow/dags/stackoverflow_pipeline.py                           1           0  0.13s           2026-04-06T17:24:38                      10
================================================================================
[2026-04-06T17:24:47.232+0000] {manager.py:821} INFO - Searching for files in /opt/airflow/dags
[2026-04-06T17:24:47.267+0000] {manager.py:824} INFO - There are 1 files in /opt/airflow/dags
[2026-04-06T17:25:09.613+0000] {manager.py:997} INFO - 
================================================================================
DAG File Processing Stats

File Path                                    PID    Runtime      # DAGs    # Errors  Last Runtime    Last Run               Last # of DB Queries
-------------------------------------------  -----  ---------  --------  ----------  --------------  -------------------  ----------------------
/opt/airflow/dags/stackoverflow_pipeline.py                           1           0  0.21s           2026-04-06T17:25:08                      10
================================================================================
[2026-04-06T17:25:40.129+0000] {manager.py:997} INFO - 
================================================================================
DAG File Processing Stats

File Path                                    PID    Runtime      # DAGs    # Errors  Last Runtime    Last Run               Last # of DB Queries
-------------------------------------------  -----  ---------  --------  ----------  --------------  -------------------  ----------------------
/opt/airflow/dags/stackoverflow_pipeline.py                           1           0  0.14s           2026-04-06T17:25:39                      10
================================================================================
[2026-04-06T17:26:10.518+0000] {manager.py:997} INFO - 
================================================================================
DAG File Processing Stats

File Path                                    PID    Runtime      # DAGs    # Errors  Last Runtime    Last Run               Last # of DB Queries
-------------------------------------------  -----  ---------  --------  ----------  --------------  -------------------  ----------------------
/opt/airflow/dags/stackoverflow_pipeline.py                           1           0  0.23s           2026-04-06T17:26:09                      10
================================================================================
[2026-04-06T17:26:41.124+0000] {manager.py:997} INFO - 
================================================================================
DAG File Processing Stats

File Path                                    PID    Runtime      # DAGs    # Errors  Last Runtime    Last Run               Last # of DB Queries
-------------------------------------------  -----  ---------  --------  ----------  --------------  -------------------  ----------------------
/opt/airflow/dags/stackoverflow_pipeline.py                           1           0  0.28s           2026-04-06T17:26:40                      10
================================================================================
[2026-04-06T17:27:11.505+0000] {manager.py:997} INFO - 
================================================================================
DAG File Processing Stats

File Path                                    PID    Runtime      # DAGs    # Errors  Last Runtime    Last Run               Last # of DB Queries
-------------------------------------------  -----  ---------  --------  ----------  --------------  -------------------  ----------------------
/opt/airflow/dags/stackoverflow_pipeline.py                           1           0  0.19s           2026-04-06T17:27:10                      10
================================================================================
[2026-04-06T17:27:41.994+0000] {manager.py:997} INFO - 
================================================================================
DAG File Processing Stats

File Path                                    PID    Runtime      # DAGs    # Errors  Last Runtime    Last Run               Last # of DB Queries
-------------------------------------------  -----  ---------  --------  ----------  --------------  -------------------  ----------------------
/opt/airflow/dags/stackoverflow_pipeline.py                           1           0  0.16s           2026-04-06T17:27:41                      10
================================================================================
[2026-04-06T17:28:12.378+0000] {manager.py:997} INFO - 
================================================================================
DAG File Processing Stats

File Path                                    PID    Runtime      # DAGs    # Errors  Last Runtime    Last Run               Last # of DB Queries
-------------------------------------------  -----  ---------  --------  ----------  --------------  -------------------  ----------------------
/opt/airflow/dags/stackoverflow_pipeline.py                           1           0  0.18s           2026-04-06T17:28:11                      10
================================================================================
[2026-04-06T17:28:42.747+0000] {manager.py:997} INFO - 
================================================================================
DAG File Processing Stats

File Path                                    PID    Runtime      # DAGs    # Errors  Last Runtime    Last Run               Last # of DB Queries
-------------------------------------------  -----  ---------  --------  ----------  --------------  -------------------  ----------------------
/opt/airflow/dags/stackoverflow_pipeline.py                           1           0  0.12s           2026-04-06T17:28:41                      10
================================================================================
[2026-04-06T17:29:13.242+0000] {manager.py:997} INFO - 
================================================================================
DAG File Processing Stats

File Path                                    PID    Runtime      # DAGs    # Errors  Last Runtime    Last Run               Last # of DB Queries
-------------------------------------------  -----  ---------  --------  ----------  --------------  -------------------  ----------------------
/opt/airflow/dags/stackoverflow_pipeline.py                           1           0  0.18s           2026-04-06T17:29:12                      10
================================================================================
[2026-04-06T17:29:43.672+0000] {manager.py:997} INFO - 
================================================================================
DAG File Processing Stats

File Path                                    PID    Runtime      # DAGs    # Errors  Last Runtime    Last Run               Last # of DB Queries
-------------------------------------------  -----  ---------  --------  ----------  --------------  -------------------  ----------------------
/opt/airflow/dags/stackoverflow_pipeline.py                           1           0  0.35s           2026-04-06T17:29:42                      10
================================================================================
[2026-04-06T17:29:47.720+0000] {manager.py:821} INFO - Searching for files in /opt/airflow/dags
[2026-04-06T17:29:47.789+0000] {manager.py:824} INFO - There are 1 files in /opt/airflow/dags
[2026-04-06T17:30:14.118+0000] {manager.py:997} INFO - 
================================================================================
DAG File Processing Stats

File Path                                    PID    Runtime      # DAGs    # Errors  Last Runtime    Last Run               Last # of DB Queries
-------------------------------------------  -----  ---------  --------  ----------  --------------  -------------------  ----------------------
/opt/airflow/dags/stackoverflow_pipeline.py                           1           0  0.13s           2026-04-06T17:30:13                      10
================================================================================
[2026-04-06T17:30:44.549+0000] {manager.py:997} INFO - 
================================================================================
DAG File Processing Stats

File Path                                    PID    Runtime      # DAGs    # Errors  Last Runtime    Last Run               Last # of DB Queries
-------------------------------------------  -----  ---------  --------  ----------  --------------  -------------------  ----------------------
/opt/airflow/dags/stackoverflow_pipeline.py                           1           0  0.13s           2026-04-06T17:30:43                      10
================================================================================
[2026-04-06T17:31:14.929+0000] {manager.py:997} INFO - 
================================================================================
DAG File Processing Stats

File Path                                    PID    Runtime      # DAGs    # Errors  Last Runtime    Last Run               Last # of DB Queries
-------------------------------------------  -----  ---------  --------  ----------  --------------  -------------------  ----------------------
/opt/airflow/dags/stackoverflow_pipeline.py                           1           0  0.24s           2026-04-06T17:31:14                      10
================================================================================
[2026-04-06T17:31:45.440+0000] {manager.py:997} INFO - 
================================================================================
DAG File Processing Stats

File Path                                    PID    Runtime      # DAGs    # Errors  Last Runtime    Last Run               Last # of DB Queries
-------------------------------------------  -----  ---------  --------  ----------  --------------  -------------------  ----------------------
/opt/airflow/dags/stackoverflow_pipeline.py                           1           0  0.17s           2026-04-06T17:31:44                      10
================================================================================
[2026-04-06T17:32:15.820+0000] {manager.py:997} INFO - 
================================================================================
DAG File Processing Stats

File Path                                    PID    Runtime      # DAGs    # Errors  Last Runtime    Last Run               Last # of DB Queries
-------------------------------------------  -----  ---------  --------  ----------  --------------  -------------------  ----------------------
/opt/airflow/dags/stackoverflow_pipeline.py                           1           0  0.16s           2026-04-06T17:32:14                      10
================================================================================
[2026-04-06T17:32:46.278+0000] {manager.py:997} INFO - 
================================================================================
DAG File Processing Stats

File Path                                    PID    Runtime      # DAGs    # Errors  Last Runtime    Last Run               Last # of DB Queries
-------------------------------------------  -----  ---------  --------  ----------  --------------  -------------------  ----------------------
/opt/airflow/dags/stackoverflow_pipeline.py                           1           0  0.14s           2026-04-06T17:32:45                      10
================================================================================
[2026-04-06T17:33:16.689+0000] {manager.py:997} INFO - 
================================================================================
DAG File Processing Stats

File Path                                    PID    Runtime      # DAGs    # Errors  Last Runtime    Last Run               Last # of DB Queries
-------------------------------------------  -----  ---------  --------  ----------  --------------  -------------------  ----------------------
/opt/airflow/dags/stackoverflow_pipeline.py                           1           0  0.16s           2026-04-06T17:33:15                      10
================================================================================
[2026-04-06T17:33:47.172+0000] {manager.py:997} INFO - 
================================================================================
DAG File Processing Stats

File Path                                    PID    Runtime      # DAGs    # Errors  Last Runtime    Last Run               Last # of DB Queries
-------------------------------------------  -----  ---------  --------  ----------  --------------  -------------------  ----------------------
/opt/airflow/dags/stackoverflow_pipeline.py                           1           0  0.21s           2026-04-06T17:33:46                      10
================================================================================
[2026-04-06T17:34:17.607+0000] {manager.py:997} INFO - 
================================================================================
DAG File Processing Stats

File Path                                    PID    Runtime      # DAGs    # Errors  Last Runtime    Last Run               Last # of DB Queries
-------------------------------------------  -----  ---------  --------  ----------  --------------  -------------------  ----------------------
/opt/airflow/dags/stackoverflow_pipeline.py                           1           0  0.18s           2026-04-06T17:34:16                      10
================================================================================
[2026-04-06T17:34:47.982+0000] {manager.py:821} INFO - Searching for files in /opt/airflow/dags
[2026-04-06T17:34:48.017+0000] {manager.py:824} INFO - There are 1 files in /opt/airflow/dags
[2026-04-06T17:34:48.032+0000] {manager.py:997} INFO - 
================================================================================
DAG File Processing Stats

File Path                                    PID    Runtime      # DAGs    # Errors  Last Runtime    Last Run               Last # of DB Queries
-------------------------------------------  -----  ---------  --------  ----------  --------------  -------------------  ----------------------
/opt/airflow/dags/stackoverflow_pipeline.py                           1           0  0.13s           2026-04-06T17:34:47                      10
================================================================================
[2026-04-06T17:35:18.434+0000] {manager.py:997} INFO - 
================================================================================
DAG File Processing Stats

File Path                                    PID    Runtime      # DAGs    # Errors  Last Runtime    Last Run               Last # of DB Queries
-------------------------------------------  -----  ---------  --------  ----------  --------------  -------------------  ----------------------
/opt/airflow/dags/stackoverflow_pipeline.py                           1           0  0.18s           2026-04-06T17:35:17                      10
================================================================================
[2026-04-06T17:35:48.944+0000] {manager.py:997} INFO - 
================================================================================
DAG File Processing Stats

File Path                                    PID    Runtime      # DAGs    # Errors  Last Runtime    Last Run               Last # of DB Queries
-------------------------------------------  -----  ---------  --------  ----------  --------------  -------------------  ----------------------
/opt/airflow/dags/stackoverflow_pipeline.py                           1           0  0.23s           2026-04-06T17:35:48                      10
================================================================================
[2026-04-06T17:36:19.358+0000] {manager.py:997} INFO - 
================================================================================
DAG File Processing Stats

File Path                                    PID    Runtime      # DAGs    # Errors  Last Runtime    Last Run               Last # of DB Queries
-------------------------------------------  -----  ---------  --------  ----------  --------------  -------------------  ----------------------
/opt/airflow/dags/stackoverflow_pipeline.py                           1           0  0.22s           2026-04-06T17:36:18                      10
================================================================================
[2026-04-06T17:36:49.707+0000] {manager.py:997} INFO - 
================================================================================
DAG File Processing Stats

File Path                                    PID    Runtime      # DAGs    # Errors  Last Runtime    Last Run               Last # of DB Queries
-------------------------------------------  -----  ---------  --------  ----------  --------------  -------------------  ----------------------
/opt/airflow/dags/stackoverflow_pipeline.py                           1           0  0.14s           2026-04-06T17:36:48                      10
================================================================================
[2026-04-06T17:37:20.185+0000] {manager.py:997} INFO - 
================================================================================
DAG File Processing Stats

File Path                                    PID    Runtime      # DAGs    # Errors  Last Runtime    Last Run               Last # of DB Queries
-------------------------------------------  -----  ---------  --------  ----------  --------------  -------------------  ----------------------
/opt/airflow/dags/stackoverflow_pipeline.py                           1           0  0.16s           2026-04-06T17:37:19                      10
================================================================================
[2026-04-06T17:37:50.542+0000] {manager.py:997} INFO - 
================================================================================
DAG File Processing Stats

File Path                                    PID    Runtime      # DAGs    # Errors  Last Runtime    Last Run               Last # of DB Queries
-------------------------------------------  -----  ---------  --------  ----------  --------------  -------------------  ----------------------
/opt/airflow/dags/stackoverflow_pipeline.py                           1           0  0.13s           2026-04-06T17:37:49                      10
================================================================================
[2026-04-06T17:38:21.000+0000] {manager.py:997} INFO - 
================================================================================
DAG File Processing Stats

File Path                                    PID    Runtime      # DAGs    # Errors  Last Runtime    Last Run               Last # of DB Queries
-------------------------------------------  -----  ---------  --------  ----------  --------------  -------------------  ----------------------
/opt/airflow/dags/stackoverflow_pipeline.py                           1           0  0.13s           2026-04-06T17:38:20                      10
================================================================================
[2026-04-06T17:38:51.350+0000] {manager.py:997} INFO - 
================================================================================
DAG File Processing Stats

File Path                                    PID    Runtime      # DAGs    # Errors  Last Runtime    Last Run               Last # of DB Queries
-------------------------------------------  -----  ---------  --------  ----------  --------------  -------------------  ----------------------
/opt/airflow/dags/stackoverflow_pipeline.py                           1           0  0.13s           2026-04-06T17:38:50                      10
================================================================================
[2026-04-06T17:39:21.827+0000] {manager.py:997} INFO - 
================================================================================
DAG File Processing Stats

File Path                                    PID    Runtime      # DAGs    # Errors  Last Runtime    Last Run               Last # of DB Queries
-------------------------------------------  -----  ---------  --------  ----------  --------------  -------------------  ----------------------
/opt/airflow/dags/stackoverflow_pipeline.py                           1           0  0.15s           2026-04-06T17:39:20                      10
================================================================================
[2026-04-06T17:39:48.108+0000] {manager.py:821} INFO - Searching for files in /opt/airflow/dags
[2026-04-06T17:39:48.139+0000] {manager.py:824} INFO - There are 1 files in /opt/airflow/dags
[2026-04-06T17:39:52.212+0000] {manager.py:997} INFO - 
================================================================================
DAG File Processing Stats

File Path                                    PID    Runtime      # DAGs    # Errors  Last Runtime    Last Run               Last # of DB Queries
-------------------------------------------  -----  ---------  --------  ----------  --------------  -------------------  ----------------------
/opt/airflow/dags/stackoverflow_pipeline.py                           1           0  0.14s           2026-04-06T17:39:51                      10
================================================================================
[2026-04-06T17:40:22.660+0000] {manager.py:997} INFO - 
================================================================================
DAG File Processing Stats

File Path                                    PID    Runtime      # DAGs    # Errors  Last Runtime    Last Run               Last # of DB Queries
-------------------------------------------  -----  ---------  --------  ----------  --------------  -------------------  ----------------------
/opt/airflow/dags/stackoverflow_pipeline.py                           1           0  0.16s           2026-04-06T17:40:21                      10
================================================================================
[2026-04-06T17:40:53.094+0000] {manager.py:997} INFO - 
================================================================================
DAG File Processing Stats

File Path                                    PID    Runtime      # DAGs    # Errors  Last Runtime    Last Run               Last # of DB Queries
-------------------------------------------  -----  ---------  --------  ----------  --------------  -------------------  ----------------------
/opt/airflow/dags/stackoverflow_pipeline.py                           1           0  0.19s           2026-04-06T17:40:52                      10
================================================================================
[2026-04-06T17:41:23.504+0000] {manager.py:997} INFO - 
================================================================================
DAG File Processing Stats

File Path                                    PID    Runtime      # DAGs    # Errors  Last Runtime    Last Run               Last # of DB Queries
-------------------------------------------  -----  ---------  --------  ----------  --------------  -------------------  ----------------------
/opt/airflow/dags/stackoverflow_pipeline.py                           1           0  0.15s           2026-04-06T17:41:22                      10
================================================================================
[2026-04-06T17:41:53.870+0000] {manager.py:997} INFO - 
================================================================================
DAG File Processing Stats

File Path                                    PID    Runtime      # DAGs    # Errors  Last Runtime    Last Run               Last # of DB Queries
-------------------------------------------  -----  ---------  --------  ----------  --------------  -------------------  ----------------------
/opt/airflow/dags/stackoverflow_pipeline.py                           1           0  0.12s           2026-04-06T17:41:52                      10
================================================================================
[2026-04-06T17:42:24.314+0000] {manager.py:997} INFO - 
================================================================================
DAG File Processing Stats

File Path                                    PID    Runtime      # DAGs    # Errors  Last Runtime    Last Run               Last # of DB Queries
-------------------------------------------  -----  ---------  --------  ----------  --------------  -------------------  ----------------------
/opt/airflow/dags/stackoverflow_pipeline.py                           1           0  0.31s           2026-04-06T17:42:23                      10
================================================================================
[2026-04-06T17:42:54.635+0000] {manager.py:997} INFO - 
================================================================================
DAG File Processing Stats

File Path                                    PID    Runtime      # DAGs    # Errors  Last Runtime    Last Run               Last # of DB Queries
-------------------------------------------  -----  ---------  --------  ----------  --------------  -------------------  ----------------------
/opt/airflow/dags/stackoverflow_pipeline.py                           1           0  0.13s           2026-04-06T17:42:53                      10
================================================================================
[2026-04-06T17:43:25.082+0000] {manager.py:997} INFO - 
================================================================================
DAG File Processing Stats

File Path                                    PID    Runtime      # DAGs    # Errors  Last Runtime    Last Run               Last # of DB Queries
-------------------------------------------  -----  ---------  --------  ----------  --------------  -------------------  ----------------------
/opt/airflow/dags/stackoverflow_pipeline.py                           1           0  0.48s           2026-04-06T17:43:24                      10
================================================================================
[2026-04-06T17:43:55.848+0000] {manager.py:997} INFO - 
================================================================================
DAG File Processing Stats

File Path                                    PID    Runtime      # DAGs    # Errors  Last Runtime    Last Run               Last # of DB Queries
-------------------------------------------  -----  ---------  --------  ----------  --------------  -------------------  ----------------------
/opt/airflow/dags/stackoverflow_pipeline.py                           1           0  0.16s           2026-04-06T17:43:54                      10
================================================================================
[2026-04-06T17:44:26.294+0000] {manager.py:997} INFO - 
================================================================================
DAG File Processing Stats

File Path                                    PID    Runtime      # DAGs    # Errors  Last Runtime    Last Run               Last # of DB Queries
-------------------------------------------  -----  ---------  --------  ----------  --------------  -------------------  ----------------------
/opt/airflow/dags/stackoverflow_pipeline.py                           1           0  0.16s           2026-04-06T17:44:25                      10
================================================================================
[2026-04-06T17:44:48.548+0000] {manager.py:821} INFO - Searching for files in /opt/airflow/dags
[2026-04-06T17:44:48.610+0000] {manager.py:824} INFO - There are 1 files in /opt/airflow/dags
[2026-04-06T17:44:56.747+0000] {manager.py:997} INFO - 
================================================================================
DAG File Processing Stats

File Path                                    PID    Runtime      # DAGs    # Errors  Last Runtime    Last Run               Last # of DB Queries
-------------------------------------------  -----  ---------  --------  ----------  --------------  -------------------  ----------------------
/opt/airflow/dags/stackoverflow_pipeline.py                           1           0  0.13s           2026-04-06T17:44:55                      10
================================================================================
[2026-04-06T17:45:27.173+0000] {manager.py:997} INFO - 
================================================================================
DAG File Processing Stats

File Path                                    PID    Runtime      # DAGs    # Errors  Last Runtime    Last Run               Last # of DB Queries
-------------------------------------------  -----  ---------  --------  ----------  --------------  -------------------  ----------------------
/opt/airflow/dags/stackoverflow_pipeline.py                           1           0  0.12s           2026-04-06T17:45:26                      10
================================================================================
[2026-04-06T17:45:57.608+0000] {manager.py:997} INFO - 
================================================================================
DAG File Processing Stats

File Path                                    PID    Runtime      # DAGs    # Errors  Last Runtime    Last Run               Last # of DB Queries
-------------------------------------------  -----  ---------  --------  ----------  --------------  -------------------  ----------------------
/opt/airflow/dags/stackoverflow_pipeline.py                           1           0  0.17s           2026-04-06T17:45:56                      10
================================================================================
[2026-04-06T17:46:28.013+0000] {manager.py:997} INFO - 
================================================================================
DAG File Processing Stats

File Path                                    PID    Runtime      # DAGs    # Errors  Last Runtime    Last Run               Last # of DB Queries
-------------------------------------------  -----  ---------  --------  ----------  --------------  -------------------  ----------------------
/opt/airflow/dags/stackoverflow_pipeline.py                           1           0  0.16s           2026-04-06T17:46:27                      10
================================================================================
[2026-04-06T17:46:58.428+0000] {manager.py:997} INFO - 
================================================================================
DAG File Processing Stats

File Path                                    PID    Runtime      # DAGs    # Errors  Last Runtime    Last Run               Last # of DB Queries
-------------------------------------------  -----  ---------  --------  ----------  --------------  -------------------  ----------------------
/opt/airflow/dags/stackoverflow_pipeline.py                           1           0  0.13s           2026-04-06T17:46:57                      10
================================================================================
[2026-04-06T17:47:28.818+0000] {manager.py:997} INFO - 
================================================================================
DAG File Processing Stats

File Path                                    PID    Runtime      # DAGs    # Errors  Last Runtime    Last Run               Last # of DB Queries
-------------------------------------------  -----  ---------  --------  ----------  --------------  -------------------  ----------------------
/opt/airflow/dags/stackoverflow_pipeline.py                           1           0  0.14s           2026-04-06T17:47:27                      10
================================================================================
[2026-04-06T17:47:59.263+0000] {manager.py:997} INFO - 
================================================================================
DAG File Processing Stats

File Path                                    PID    Runtime      # DAGs    # Errors  Last Runtime    Last Run               Last # of DB Queries
-------------------------------------------  -----  ---------  --------  ----------  --------------  -------------------  ----------------------
/opt/airflow/dags/stackoverflow_pipeline.py                           1           0  0.17s           2026-04-06T17:47:58                      10
================================================================================
[2026-04-06T17:48:29.653+0000] {manager.py:997} INFO - 
================================================================================
DAG File Processing Stats

File Path                                    PID    Runtime      # DAGs    # Errors  Last Runtime    Last Run               Last # of DB Queries
-------------------------------------------  -----  ---------  --------  ----------  --------------  -------------------  ----------------------
/opt/airflow/dags/stackoverflow_pipeline.py                           1           0  0.16s           2026-04-06T17:48:28                      10
================================================================================
[2026-04-06T17:48:59.985+0000] {manager.py:997} INFO - 
================================================================================
DAG File Processing Stats

File Path                                    PID    Runtime      # DAGs    # Errors  Last Runtime    Last Run               Last # of DB Queries
-------------------------------------------  -----  ---------  --------  ----------  --------------  -------------------  ----------------------
/opt/airflow/dags/stackoverflow_pipeline.py                           1           0  0.13s           2026-04-06T17:48:59                      10
================================================================================
[2026-04-06T17:49:30.485+0000] {manager.py:997} INFO - 
================================================================================
DAG File Processing Stats

File Path                                    PID    Runtime      # DAGs    # Errors  Last Runtime    Last Run               Last # of DB Queries
-------------------------------------------  -----  ---------  --------  ----------  --------------  -------------------  ----------------------
/opt/airflow/dags/stackoverflow_pipeline.py                           1           0  0.19s           2026-04-06T17:49:29                      10
================================================================================
[2026-04-06T17:49:48.730+0000] {manager.py:821} INFO - Searching for files in /opt/airflow/dags
[2026-04-06T17:49:48.783+0000] {manager.py:824} INFO - There are 1 files in /opt/airflow/dags
[2026-04-06T17:50:00.985+0000] {manager.py:997} INFO - 
================================================================================
DAG File Processing Stats

File Path                                    PID    Runtime      # DAGs    # Errors  Last Runtime    Last Run               Last # of DB Queries
-------------------------------------------  -----  ---------  --------  ----------  --------------  -------------------  ----------------------
/opt/airflow/dags/stackoverflow_pipeline.py                           1           0  0.17s           2026-04-06T17:50:00                      10
================================================================================
[2026-04-06T17:50:31.491+0000] {manager.py:997} INFO - 
================================================================================
DAG File Processing Stats

File Path                                    PID    Runtime      # DAGs    # Errors  Last Runtime    Last Run               Last # of DB Queries
-------------------------------------------  -----  ---------  --------  ----------  --------------  -------------------  ----------------------
/opt/airflow/dags/stackoverflow_pipeline.py                           1           0  0.14s           2026-04-06T17:50:30                      10
================================================================================
[2026-04-06T17:51:01.873+0000] {manager.py:997} INFO - 
================================================================================
DAG File Processing Stats

File Path                                    PID    Runtime      # DAGs    # Errors  Last Runtime    Last Run               Last # of DB Queries
-------------------------------------------  -----  ---------  --------  ----------  --------------  -------------------  ----------------------
/opt/airflow/dags/stackoverflow_pipeline.py                           1           0  0.19s           2026-04-06T17:51:01                      10
================================================================================
[2026-04-06T17:51:32.205+0000] {manager.py:997} INFO - 
================================================================================
DAG File Processing Stats

File Path                                    PID    Runtime      # DAGs    # Errors  Last Runtime    Last Run               Last # of DB Queries
-------------------------------------------  -----  ---------  --------  ----------  --------------  -------------------  ----------------------
/opt/airflow/dags/stackoverflow_pipeline.py                           1           0  0.13s           2026-04-06T17:51:31                      10
================================================================================
[2026-04-06T17:52:02.662+0000] {manager.py:997} INFO - 
================================================================================
DAG File Processing Stats

File Path                                    PID    Runtime      # DAGs    # Errors  Last Runtime    Last Run               Last # of DB Queries
-------------------------------------------  -----  ---------  --------  ----------  --------------  -------------------  ----------------------
/opt/airflow/dags/stackoverflow_pipeline.py                           1           0  0.15s           2026-04-06T17:52:01                      10
================================================================================
[2026-04-06T17:52:24.755+0000] {manager.py:465} INFO - Exiting gracefully upon receiving signal 15
