[2026-04-12T19:43:53.986+0000] {local_task_job_runner.py:123} INFO - ::group::Pre task execution logs
[2026-04-12T19:43:54.034+0000] {taskinstance.py:2613} INFO - Dependencies all met for dep_context=non-requeueable deps ti=<TaskInstance: stackoverflow_pipeline.gold_agg manual__2026-04-12T19:42:56+00:00 [queued]>
[2026-04-12T19:43:54.049+0000] {taskinstance.py:2613} INFO - Dependencies all met for dep_context=requeueable deps ti=<TaskInstance: stackoverflow_pipeline.gold_agg manual__2026-04-12T19:42:56+00:00 [queued]>
[2026-04-12T19:43:54.050+0000] {taskinstance.py:2866} INFO - Starting attempt 1 of 2
[2026-04-12T19:43:54.067+0000] {taskinstance.py:2889} INFO - Executing <Task(BashOperator): gold_agg> on 2026-04-12 19:42:56+00:00
[2026-04-12T19:43:54.075+0000] {warnings.py:112} WARNING - /home/***/.local/lib/python3.12/site-packages/***/task/task_runner/standard_task_runner.py:70: DeprecationWarning: This process (pid=8219) is multi-threaded, use of fork() may lead to deadlocks in the child.
  pid = os.fork()

[2026-04-12T19:43:54.078+0000] {standard_task_runner.py:72} INFO - Started process 8220 to run task
[2026-04-12T19:43:54.079+0000] {standard_task_runner.py:104} INFO - Running: ['***', 'tasks', 'run', 'stackoverflow_pipeline', 'gold_agg', 'manual__2026-04-12T19:42:56+00:00', '--job-id', '37', '--raw', '--subdir', 'DAGS_FOLDER/stackoverflow_pipeline.py', '--cfg-path', '/tmp/tmpclm5zgvp']
[2026-04-12T19:43:54.080+0000] {standard_task_runner.py:105} INFO - Job 37: Subtask gold_agg
[2026-04-12T19:43:54.149+0000] {task_command.py:467} INFO - Running <TaskInstance: stackoverflow_pipeline.gold_agg manual__2026-04-12T19:42:56+00:00 [running]> on host b4737cc55adb
[2026-04-12T19:43:54.248+0000] {taskinstance.py:3132} INFO - Exporting env vars: AIRFLOW_CTX_DAG_OWNER='fhbd-grupo' AIRFLOW_CTX_DAG_ID='stackoverflow_pipeline' AIRFLOW_CTX_TASK_ID='gold_agg' AIRFLOW_CTX_EXECUTION_DATE='2026-04-12T19:42:56+00:00' AIRFLOW_CTX_TRY_NUMBER='1' AIRFLOW_CTX_DAG_RUN_ID='manual__2026-04-12T19:42:56+00:00'
[2026-04-12T19:43:54.249+0000] {taskinstance.py:731} INFO - ::endgroup::
[2026-04-12T19:43:54.267+0000] {subprocess.py:78} INFO - Tmp dir root location: /tmp
[2026-04-12T19:43:54.269+0000] {subprocess.py:88} INFO - Running command: ['/usr/bin/bash', '-c', '/opt/spark/bin/spark-submit --master spark://spark-master:7077 --conf spark.submit.deployMode=client --conf spark.driver.bindAddress=0.0.0.0 --conf spark.executor.instances=1 --conf spark.executor.cores=2 --conf spark.executor.memory=2g --conf spark.driver.memory=1g --conf spark.sql.extensions=org.apache.iceberg.spark.extensions.IcebergSparkSessionExtensions,org.projectnessie.spark.extensions.NessieSparkSessionExtensions --conf spark.sql.catalog.nessie=org.apache.iceberg.spark.SparkCatalog --conf spark.sql.catalog.nessie.catalog-impl=org.apache.iceberg.nessie.NessieCatalog --conf spark.sql.catalog.nessie.uri=http://proyecto2-nessie:19120/api/v1 --conf spark.sql.catalog.nessie.ref=main --conf spark.sql.catalog.nessie.authentication.type=NONE --conf spark.sql.catalog.nessie.warehouse=s3a://iceberg/ --conf spark.hadoop.fs.s3a.endpoint=http://proyecto2-minio:9000 --conf spark.hadoop.fs.s3a.access.key=minioadmin --conf spark.hadoop.fs.s3a.secret.key=minioadmin123 --conf spark.hadoop.fs.s3a.path.style.access=true --conf spark.hadoop.fs.s3a.impl=org.apache.hadoop.fs.s3a.S3AFileSystem --conf spark.hadoop.fs.s3a.aws.credentials.provider=org.apache.hadoop.fs.s3a.SimpleAWSCredentialsProvider --conf spark.hadoop.fs.s3a.connection.ssl.enabled=false --packages org.apache.iceberg:iceberg-spark-runtime-3.5_2.12:1.6.1,org.projectnessie.nessie-integrations:nessie-spark-extensions-3.5_2.12:0.95.0,org.apache.hadoop:hadoop-aws:3.3.4,com.amazonaws:aws-java-sdk-bundle:1.12.262 --name gold_cant_post_x_user_hist --verbose /opt/***/scripts/gold_agg.py']
[2026-04-12T19:43:54.280+0000] {subprocess.py:99} INFO - Output:
[2026-04-12T19:43:54.292+0000] {subprocess.py:106} INFO - /opt/spark/bin/load-spark-env.sh: line 68: ps: command not found
[2026-04-12T19:43:56.012+0000] {subprocess.py:106} INFO - Using properties file: null
[2026-04-12T19:43:56.139+0000] {subprocess.py:106} INFO - Parsed arguments:
[2026-04-12T19:43:56.140+0000] {subprocess.py:106} INFO -   master                  spark://spark-master:7077
[2026-04-12T19:43:56.140+0000] {subprocess.py:106} INFO -   remote                  null
[2026-04-12T19:43:56.141+0000] {subprocess.py:106} INFO -   deployMode              client
[2026-04-12T19:43:56.142+0000] {subprocess.py:106} INFO -   executorMemory          2g
[2026-04-12T19:43:56.143+0000] {subprocess.py:106} INFO -   executorCores           2
[2026-04-12T19:43:56.144+0000] {subprocess.py:106} INFO -   totalExecutorCores      null
[2026-04-12T19:43:56.145+0000] {subprocess.py:106} INFO -   propertiesFile          null
[2026-04-12T19:43:56.146+0000] {subprocess.py:106} INFO -   driverMemory            1g
[2026-04-12T19:43:56.147+0000] {subprocess.py:106} INFO -   driverCores             null
[2026-04-12T19:43:56.148+0000] {subprocess.py:106} INFO -   driverExtraClassPath    null
[2026-04-12T19:43:56.149+0000] {subprocess.py:106} INFO -   driverExtraLibraryPath  null
[2026-04-12T19:43:56.150+0000] {subprocess.py:106} INFO -   driverExtraJavaOptions  null
[2026-04-12T19:43:56.151+0000] {subprocess.py:106} INFO -   supervise               false
[2026-04-12T19:43:56.152+0000] {subprocess.py:106} INFO -   queue                   null
[2026-04-12T19:43:56.155+0000] {subprocess.py:106} INFO -   numExecutors            1
[2026-04-12T19:43:56.159+0000] {subprocess.py:106} INFO -   files                   null
[2026-04-12T19:43:56.161+0000] {subprocess.py:106} INFO -   pyFiles                 null
[2026-04-12T19:43:56.162+0000] {subprocess.py:106} INFO -   archives                null
[2026-04-12T19:43:56.163+0000] {subprocess.py:106} INFO -   mainClass               null
[2026-04-12T19:43:56.164+0000] {subprocess.py:106} INFO -   primaryResource         file:/opt/***/scripts/gold_agg.py
[2026-04-12T19:43:56.165+0000] {subprocess.py:106} INFO -   name                    gold_cant_post_x_user_hist
[2026-04-12T19:43:56.166+0000] {subprocess.py:106} INFO -   childArgs               []
[2026-04-12T19:43:56.167+0000] {subprocess.py:106} INFO -   jars                    null
[2026-04-12T19:43:56.168+0000] {subprocess.py:106} INFO -   packages                org.apache.iceberg:iceberg-spark-runtime-3.5_2.12:1.6.1,org.projectnessie.nessie-integrations:nessie-spark-extensions-3.5_2.12:0.95.0,org.apache.hadoop:hadoop-aws:3.3.4,com.amazonaws:aws-java-sdk-bundle:1.12.262
[2026-04-12T19:43:56.168+0000] {subprocess.py:106} INFO -   packagesExclusions      null
[2026-04-12T19:43:56.169+0000] {subprocess.py:106} INFO -   repositories            null
[2026-04-12T19:43:56.170+0000] {subprocess.py:106} INFO -   verbose                 true
[2026-04-12T19:43:56.179+0000] {subprocess.py:106} INFO - 
[2026-04-12T19:43:56.181+0000] {subprocess.py:106} INFO - Spark properties used, including those specified through
[2026-04-12T19:43:56.182+0000] {subprocess.py:106} INFO -  --conf and those from the properties file null:
[2026-04-12T19:43:56.183+0000] {subprocess.py:106} INFO -   (spark.driver.bindAddress,0.0.0.0)
[2026-04-12T19:43:56.184+0000] {subprocess.py:106} INFO -   (spark.driver.memory,1g)
[2026-04-12T19:43:56.185+0000] {subprocess.py:106} INFO -   (spark.executor.cores,2)
[2026-04-12T19:43:56.185+0000] {subprocess.py:106} INFO -   (spark.executor.instances,1)
[2026-04-12T19:43:56.186+0000] {subprocess.py:106} INFO -   (spark.executor.memory,2g)
[2026-04-12T19:43:56.187+0000] {subprocess.py:106} INFO -   (spark.hadoop.fs.s3a.access.key,*********(redacted))
[2026-04-12T19:43:56.189+0000] {subprocess.py:106} INFO -   (spark.hadoop.fs.s3a.aws.credentials.provider,org.apache.hadoop.fs.s3a.SimpleAWSCredentialsProvider)
[2026-04-12T19:43:56.190+0000] {subprocess.py:106} INFO -   (spark.hadoop.fs.s3a.connection.ssl.enabled,false)
[2026-04-12T19:43:56.191+0000] {subprocess.py:106} INFO -   (spark.hadoop.fs.s3a.endpoint,http://proyecto2-minio:9000)
[2026-04-12T19:43:56.192+0000] {subprocess.py:106} INFO -   (spark.hadoop.fs.s3a.impl,org.apache.hadoop.fs.s3a.S3AFileSystem)
[2026-04-12T19:43:56.193+0000] {subprocess.py:106} INFO -   (spark.hadoop.fs.s3a.path.style.access,true)
[2026-04-12T19:43:56.194+0000] {subprocess.py:106} INFO -   (spark.hadoop.fs.s3a.secret.key,*********(redacted))
[2026-04-12T19:43:56.195+0000] {subprocess.py:106} INFO -   (spark.sql.catalog.nessie,org.apache.iceberg.spark.SparkCatalog)
[2026-04-12T19:43:56.196+0000] {subprocess.py:106} INFO -   (spark.sql.catalog.nessie.authentication.type,NONE)
[2026-04-12T19:43:56.197+0000] {subprocess.py:106} INFO -   (spark.sql.catalog.nessie.catalog-impl,org.apache.iceberg.nessie.NessieCatalog)
[2026-04-12T19:43:56.198+0000] {subprocess.py:106} INFO -   (spark.sql.catalog.nessie.ref,main)
[2026-04-12T19:43:56.199+0000] {subprocess.py:106} INFO -   (spark.sql.catalog.nessie.uri,http://proyecto2-nessie:19120/api/v1)
[2026-04-12T19:43:56.200+0000] {subprocess.py:106} INFO -   (spark.sql.catalog.nessie.warehouse,s3a://iceberg/)
[2026-04-12T19:43:56.200+0000] {subprocess.py:106} INFO -   (spark.sql.extensions,org.apache.iceberg.spark.extensions.IcebergSparkSessionExtensions,org.projectnessie.spark.extensions.NessieSparkSessionExtensions)
[2026-04-12T19:43:56.201+0000] {subprocess.py:106} INFO -   (spark.submit.deployMode,client)
[2026-04-12T19:43:56.202+0000] {subprocess.py:106} INFO - 
[2026-04-12T19:43:56.203+0000] {subprocess.py:106} INFO - 
[2026-04-12T19:43:56.316+0000] {subprocess.py:106} INFO - :: loading settings :: url = jar:file:/opt/spark/jars/ivy-2.5.1.jar!/org/apache/ivy/core/settings/ivysettings.xml
[2026-04-12T19:43:56.389+0000] {subprocess.py:106} INFO - Ivy Default Cache set to: /home/***/.ivy2/cache
[2026-04-12T19:43:56.390+0000] {subprocess.py:106} INFO - The jars for the packages stored in: /home/***/.ivy2/jars
[2026-04-12T19:43:56.395+0000] {subprocess.py:106} INFO - org.apache.iceberg#iceberg-spark-runtime-3.5_2.12 added as a dependency
[2026-04-12T19:43:56.396+0000] {subprocess.py:106} INFO - org.projectnessie.nessie-integrations#nessie-spark-extensions-3.5_2.12 added as a dependency
[2026-04-12T19:43:56.397+0000] {subprocess.py:106} INFO - org.apache.hadoop#hadoop-aws added as a dependency
[2026-04-12T19:43:56.398+0000] {subprocess.py:106} INFO - com.amazonaws#aws-java-sdk-bundle added as a dependency
[2026-04-12T19:43:56.399+0000] {subprocess.py:106} INFO - :: resolving dependencies :: org.apache.spark#spark-submit-parent-9eb403d4-f22a-4a6b-bc27-c7419add7131;1.0
[2026-04-12T19:43:56.399+0000] {subprocess.py:106} INFO - 	confs: [default]
[2026-04-12T19:43:56.543+0000] {subprocess.py:106} INFO - 	found org.apache.iceberg#iceberg-spark-runtime-3.5_2.12;1.6.1 in central
[2026-04-12T19:43:56.568+0000] {subprocess.py:106} INFO - 	found org.projectnessie.nessie-integrations#nessie-spark-extensions-3.5_2.12;0.95.0 in central
[2026-04-12T19:43:56.655+0000] {subprocess.py:106} INFO - 	found org.apache.hadoop#hadoop-aws;3.3.4 in central
[2026-04-12T19:43:56.684+0000] {subprocess.py:106} INFO - 	found com.amazonaws#aws-java-sdk-bundle;1.12.262 in central
[2026-04-12T19:43:56.712+0000] {subprocess.py:106} INFO - 	found org.wildfly.openssl#wildfly-openssl;1.0.7.Final in central
[2026-04-12T19:43:56.745+0000] {subprocess.py:106} INFO - :: resolution report :: resolve 334ms :: artifacts dl 15ms
[2026-04-12T19:43:56.747+0000] {subprocess.py:106} INFO - 	:: modules in use:
[2026-04-12T19:43:56.748+0000] {subprocess.py:106} INFO - 	com.amazonaws#aws-java-sdk-bundle;1.12.262 from central in [default]
[2026-04-12T19:43:56.749+0000] {subprocess.py:106} INFO - 	org.apache.hadoop#hadoop-aws;3.3.4 from central in [default]
[2026-04-12T19:43:56.750+0000] {subprocess.py:106} INFO - 	org.apache.iceberg#iceberg-spark-runtime-3.5_2.12;1.6.1 from central in [default]
[2026-04-12T19:43:56.751+0000] {subprocess.py:106} INFO - 	org.projectnessie.nessie-integrations#nessie-spark-extensions-3.5_2.12;0.95.0 from central in [default]
[2026-04-12T19:43:56.752+0000] {subprocess.py:106} INFO - 	org.wildfly.openssl#wildfly-openssl;1.0.7.Final from central in [default]
[2026-04-12T19:43:56.754+0000] {subprocess.py:106} INFO - 	---------------------------------------------------------------------
[2026-04-12T19:43:56.755+0000] {subprocess.py:106} INFO - 	|                  |            modules            ||   artifacts   |
[2026-04-12T19:43:56.756+0000] {subprocess.py:106} INFO - 	|       conf       | number| search|dwnlded|evicted|| number|dwnlded|
[2026-04-12T19:43:56.757+0000] {subprocess.py:106} INFO - 	---------------------------------------------------------------------
[2026-04-12T19:43:56.758+0000] {subprocess.py:106} INFO - 	|      default     |   5   |   0   |   0   |   0   ||   5   |   0   |
[2026-04-12T19:43:56.760+0000] {subprocess.py:106} INFO - 	---------------------------------------------------------------------
[2026-04-12T19:43:56.761+0000] {subprocess.py:106} INFO - :: retrieving :: org.apache.spark#spark-submit-parent-9eb403d4-f22a-4a6b-bc27-c7419add7131
[2026-04-12T19:43:56.762+0000] {subprocess.py:106} INFO - 	confs: [default]
[2026-04-12T19:43:56.765+0000] {subprocess.py:106} INFO - 	0 artifacts copied, 5 already retrieved (0kB/11ms)
[2026-04-12T19:43:56.998+0000] {subprocess.py:106} INFO - 26/04/12 19:43:56 WARN NativeCodeLoader: Unable to load native-hadoop library for your platform... using builtin-java classes where applicable
[2026-04-12T19:43:57.203+0000] {subprocess.py:106} INFO - Main class:
[2026-04-12T19:43:57.205+0000] {subprocess.py:106} INFO - org.apache.spark.deploy.PythonRunner
[2026-04-12T19:43:57.206+0000] {subprocess.py:106} INFO - Arguments:
[2026-04-12T19:43:57.207+0000] {subprocess.py:106} INFO - file:/opt/***/scripts/gold_agg.py
[2026-04-12T19:43:57.208+0000] {subprocess.py:106} INFO - file:///home/***/.ivy2/jars/org.apache.iceberg_iceberg-spark-runtime-3.5_2.12-1.6.1.jar,file:///home/***/.ivy2/jars/org.projectnessie.nessie-integrations_nessie-spark-extensions-3.5_2.12-0.95.0.jar,file:///home/***/.ivy2/jars/org.apache.hadoop_hadoop-aws-3.3.4.jar,file:///home/***/.ivy2/jars/com.amazonaws_aws-java-sdk-bundle-1.12.262.jar,file:///home/***/.ivy2/jars/org.wildfly.openssl_wildfly-openssl-1.0.7.Final.jar
[2026-04-12T19:43:57.210+0000] {subprocess.py:106} INFO - Spark config:
[2026-04-12T19:43:57.211+0000] {subprocess.py:106} INFO - (spark.app.name,gold_cant_post_x_user_hist)
[2026-04-12T19:43:57.212+0000] {subprocess.py:106} INFO - (spark.app.submitTime,1776023037180)
[2026-04-12T19:43:57.213+0000] {subprocess.py:106} INFO - (spark.driver.bindAddress,0.0.0.0)
[2026-04-12T19:43:57.214+0000] {subprocess.py:106} INFO - (spark.driver.memory,1g)
[2026-04-12T19:43:57.215+0000] {subprocess.py:106} INFO - (spark.executor.cores,2)
[2026-04-12T19:43:57.216+0000] {subprocess.py:106} INFO - (spark.executor.instances,1)
[2026-04-12T19:43:57.217+0000] {subprocess.py:106} INFO - (spark.executor.memory,2g)
[2026-04-12T19:43:57.218+0000] {subprocess.py:106} INFO - (spark.files,file:///home/***/.ivy2/jars/org.apache.iceberg_iceberg-spark-runtime-3.5_2.12-1.6.1.jar,file:///home/***/.ivy2/jars/org.projectnessie.nessie-integrations_nessie-spark-extensions-3.5_2.12-0.95.0.jar,file:///home/***/.ivy2/jars/org.apache.hadoop_hadoop-aws-3.3.4.jar,file:///home/***/.ivy2/jars/com.amazonaws_aws-java-sdk-bundle-1.12.262.jar,file:///home/***/.ivy2/jars/org.wildfly.openssl_wildfly-openssl-1.0.7.Final.jar)
[2026-04-12T19:43:57.219+0000] {subprocess.py:106} INFO - (spark.hadoop.fs.s3a.access.key,*********(redacted))
[2026-04-12T19:43:57.221+0000] {subprocess.py:106} INFO - (spark.hadoop.fs.s3a.aws.credentials.provider,org.apache.hadoop.fs.s3a.SimpleAWSCredentialsProvider)
[2026-04-12T19:43:57.222+0000] {subprocess.py:106} INFO - (spark.hadoop.fs.s3a.connection.ssl.enabled,false)
[2026-04-12T19:43:57.223+0000] {subprocess.py:106} INFO - (spark.hadoop.fs.s3a.endpoint,http://proyecto2-minio:9000)
[2026-04-12T19:43:57.224+0000] {subprocess.py:106} INFO - (spark.hadoop.fs.s3a.impl,org.apache.hadoop.fs.s3a.S3AFileSystem)
[2026-04-12T19:43:57.225+0000] {subprocess.py:106} INFO - (spark.hadoop.fs.s3a.path.style.access,true)
[2026-04-12T19:43:57.225+0000] {subprocess.py:106} INFO - (spark.hadoop.fs.s3a.secret.key,*********(redacted))
[2026-04-12T19:43:57.226+0000] {subprocess.py:106} INFO - (spark.jars,file:///home/***/.ivy2/jars/org.apache.iceberg_iceberg-spark-runtime-3.5_2.12-1.6.1.jar,file:///home/***/.ivy2/jars/org.projectnessie.nessie-integrations_nessie-spark-extensions-3.5_2.12-0.95.0.jar,file:///home/***/.ivy2/jars/org.apache.hadoop_hadoop-aws-3.3.4.jar,file:///home/***/.ivy2/jars/com.amazonaws_aws-java-sdk-bundle-1.12.262.jar,file:///home/***/.ivy2/jars/org.wildfly.openssl_wildfly-openssl-1.0.7.Final.jar)
[2026-04-12T19:43:57.228+0000] {subprocess.py:106} INFO - (spark.master,spark://spark-master:7077)
[2026-04-12T19:43:57.229+0000] {subprocess.py:106} INFO - (spark.repl.local.jars,file:///home/***/.ivy2/jars/org.apache.iceberg_iceberg-spark-runtime-3.5_2.12-1.6.1.jar,file:///home/***/.ivy2/jars/org.projectnessie.nessie-integrations_nessie-spark-extensions-3.5_2.12-0.95.0.jar,file:///home/***/.ivy2/jars/org.apache.hadoop_hadoop-aws-3.3.4.jar,file:///home/***/.ivy2/jars/com.amazonaws_aws-java-sdk-bundle-1.12.262.jar,file:///home/***/.ivy2/jars/org.wildfly.openssl_wildfly-openssl-1.0.7.Final.jar)
[2026-04-12T19:43:57.230+0000] {subprocess.py:106} INFO - (spark.sql.catalog.nessie,org.apache.iceberg.spark.SparkCatalog)
[2026-04-12T19:43:57.231+0000] {subprocess.py:106} INFO - (spark.sql.catalog.nessie.authentication.type,NONE)
[2026-04-12T19:43:57.232+0000] {subprocess.py:106} INFO - (spark.sql.catalog.nessie.catalog-impl,org.apache.iceberg.nessie.NessieCatalog)
[2026-04-12T19:43:57.233+0000] {subprocess.py:106} INFO - (spark.sql.catalog.nessie.ref,main)
[2026-04-12T19:43:57.234+0000] {subprocess.py:106} INFO - (spark.sql.catalog.nessie.uri,http://proyecto2-nessie:19120/api/v1)
[2026-04-12T19:43:57.235+0000] {subprocess.py:106} INFO - (spark.sql.catalog.nessie.warehouse,s3a://iceberg/)
[2026-04-12T19:43:57.236+0000] {subprocess.py:106} INFO - (spark.sql.extensions,org.apache.iceberg.spark.extensions.IcebergSparkSessionExtensions,org.projectnessie.spark.extensions.NessieSparkSessionExtensions)
[2026-04-12T19:43:57.237+0000] {subprocess.py:106} INFO - (spark.submit.deployMode,client)
[2026-04-12T19:43:57.238+0000] {subprocess.py:106} INFO - (spark.submit.pyFiles,/home/***/.ivy2/jars/org.apache.iceberg_iceberg-spark-runtime-3.5_2.12-1.6.1.jar,/home/***/.ivy2/jars/org.projectnessie.nessie-integrations_nessie-spark-extensions-3.5_2.12-0.95.0.jar,/home/***/.ivy2/jars/org.apache.hadoop_hadoop-aws-3.3.4.jar,/home/***/.ivy2/jars/com.amazonaws_aws-java-sdk-bundle-1.12.262.jar,/home/***/.ivy2/jars/org.wildfly.openssl_wildfly-openssl-1.0.7.Final.jar)
[2026-04-12T19:43:57.239+0000] {subprocess.py:106} INFO - Classpath elements:
[2026-04-12T19:43:57.241+0000] {subprocess.py:106} INFO - file:///home/***/.ivy2/jars/org.apache.iceberg_iceberg-spark-runtime-3.5_2.12-1.6.1.jar
[2026-04-12T19:43:57.241+0000] {subprocess.py:106} INFO - file:///home/***/.ivy2/jars/org.projectnessie.nessie-integrations_nessie-spark-extensions-3.5_2.12-0.95.0.jar
[2026-04-12T19:43:57.242+0000] {subprocess.py:106} INFO - file:///home/***/.ivy2/jars/org.apache.hadoop_hadoop-aws-3.3.4.jar
[2026-04-12T19:43:57.243+0000] {subprocess.py:106} INFO - file:///home/***/.ivy2/jars/com.amazonaws_aws-java-sdk-bundle-1.12.262.jar
[2026-04-12T19:43:57.244+0000] {subprocess.py:106} INFO - file:///home/***/.ivy2/jars/org.wildfly.openssl_wildfly-openssl-1.0.7.Final.jar
[2026-04-12T19:43:57.246+0000] {subprocess.py:106} INFO - 
[2026-04-12T19:43:57.246+0000] {subprocess.py:106} INFO - 
[2026-04-12T19:43:57.902+0000] {subprocess.py:106} INFO - 2026-04-12 19:43:57,902 INFO ============================================================
[2026-04-12T19:43:57.903+0000] {subprocess.py:106} INFO - 2026-04-12 19:43:57,902 INFO GOLD AGG — cant_post_x_user_hist ★
[2026-04-12T19:43:57.904+0000] {subprocess.py:106} INFO - 2026-04-12 19:43:57,902 INFO Fuentes: nessie.silver.post_hist + nessie.silver.users_hist
[2026-04-12T19:43:57.904+0000] {subprocess.py:106} INFO - 2026-04-12 19:43:57,902 INFO ============================================================
[2026-04-12T19:43:58.068+0000] {subprocess.py:106} INFO - 26/04/12 19:43:58 INFO SparkContext: Running Spark version 3.5.5
[2026-04-12T19:43:58.069+0000] {subprocess.py:106} INFO - 26/04/12 19:43:58 INFO SparkContext: OS info Linux, 6.6.87.2-microsoft-standard-WSL2, amd64
[2026-04-12T19:43:58.070+0000] {subprocess.py:106} INFO - 26/04/12 19:43:58 INFO SparkContext: Java version 17.0.18
[2026-04-12T19:43:58.099+0000] {subprocess.py:106} INFO - 26/04/12 19:43:58 INFO ResourceUtils: ==============================================================
[2026-04-12T19:43:58.100+0000] {subprocess.py:106} INFO - 26/04/12 19:43:58 INFO ResourceUtils: No custom resources configured for spark.driver.
[2026-04-12T19:43:58.101+0000] {subprocess.py:106} INFO - 26/04/12 19:43:58 INFO ResourceUtils: ==============================================================
[2026-04-12T19:43:58.103+0000] {subprocess.py:106} INFO - 26/04/12 19:43:58 INFO SparkContext: Submitted application: gold_agg
[2026-04-12T19:43:58.128+0000] {subprocess.py:106} INFO - 26/04/12 19:43:58 INFO ResourceProfile: Default ResourceProfile created, executor resources: Map(cores -> name: cores, amount: 2, script: , vendor: , memory -> name: memory, amount: 2048, script: , vendor: , offHeap -> name: offHeap, amount: 0, script: , vendor: ), task resources: Map(cpus -> name: cpus, amount: 1.0)
[2026-04-12T19:43:58.143+0000] {subprocess.py:106} INFO - 26/04/12 19:43:58 INFO ResourceProfile: Limiting resource is cpus at 2 tasks per executor
[2026-04-12T19:43:58.147+0000] {subprocess.py:106} INFO - 26/04/12 19:43:58 INFO ResourceProfileManager: Added ResourceProfile id: 0
[2026-04-12T19:43:58.208+0000] {subprocess.py:106} INFO - 26/04/12 19:43:58 INFO SecurityManager: Changing view acls to: ***
[2026-04-12T19:43:58.210+0000] {subprocess.py:106} INFO - 26/04/12 19:43:58 INFO SecurityManager: Changing modify acls to: ***
[2026-04-12T19:43:58.211+0000] {subprocess.py:106} INFO - 26/04/12 19:43:58 INFO SecurityManager: Changing view acls groups to:
[2026-04-12T19:43:58.212+0000] {subprocess.py:106} INFO - 26/04/12 19:43:58 INFO SecurityManager: Changing modify acls groups to:
[2026-04-12T19:43:58.213+0000] {subprocess.py:106} INFO - 26/04/12 19:43:58 INFO SecurityManager: SecurityManager: authentication disabled; ui acls disabled; users with view permissions: ***; groups with view permissions: EMPTY; users with modify permissions: ***; groups with modify permissions: EMPTY
[2026-04-12T19:43:58.506+0000] {subprocess.py:106} INFO - 26/04/12 19:43:58 INFO Utils: Successfully started service 'sparkDriver' on port 38867.
[2026-04-12T19:43:58.544+0000] {subprocess.py:106} INFO - 26/04/12 19:43:58 INFO SparkEnv: Registering MapOutputTracker
[2026-04-12T19:43:58.585+0000] {subprocess.py:106} INFO - 26/04/12 19:43:58 INFO SparkEnv: Registering BlockManagerMaster
[2026-04-12T19:43:58.604+0000] {subprocess.py:106} INFO - 26/04/12 19:43:58 INFO BlockManagerMasterEndpoint: Using org.apache.spark.storage.DefaultTopologyMapper for getting topology information
[2026-04-12T19:43:58.605+0000] {subprocess.py:106} INFO - 26/04/12 19:43:58 INFO BlockManagerMasterEndpoint: BlockManagerMasterEndpoint up
[2026-04-12T19:43:58.610+0000] {subprocess.py:106} INFO - 26/04/12 19:43:58 INFO SparkEnv: Registering BlockManagerMasterHeartbeat
[2026-04-12T19:43:58.629+0000] {subprocess.py:106} INFO - 26/04/12 19:43:58 INFO DiskBlockManager: Created local directory at /tmp/blockmgr-fb92f561-d03b-42dd-abe2-52155ef92297
[2026-04-12T19:43:58.648+0000] {subprocess.py:106} INFO - 26/04/12 19:43:58 INFO MemoryStore: MemoryStore started with capacity 434.4 MiB
[2026-04-12T19:43:58.676+0000] {subprocess.py:106} INFO - 26/04/12 19:43:58 INFO SparkEnv: Registering OutputCommitCoordinator
[2026-04-12T19:43:58.796+0000] {subprocess.py:106} INFO - 26/04/12 19:43:58 INFO JettyUtils: Start Jetty 0.0.0.0:4040 for SparkUI
[2026-04-12T19:43:58.853+0000] {subprocess.py:106} INFO - 26/04/12 19:43:58 INFO Utils: Successfully started service 'SparkUI' on port 4040.
[2026-04-12T19:43:58.896+0000] {subprocess.py:106} INFO - 26/04/12 19:43:58 INFO SparkContext: Added JAR file:///home/***/.ivy2/jars/org.apache.iceberg_iceberg-spark-runtime-3.5_2.12-1.6.1.jar at spark://b4737cc55adb:38867/jars/org.apache.iceberg_iceberg-spark-runtime-3.5_2.12-1.6.1.jar with timestamp 1776023038060
[2026-04-12T19:43:58.897+0000] {subprocess.py:106} INFO - 26/04/12 19:43:58 INFO SparkContext: Added JAR file:///home/***/.ivy2/jars/org.projectnessie.nessie-integrations_nessie-spark-extensions-3.5_2.12-0.95.0.jar at spark://b4737cc55adb:38867/jars/org.projectnessie.nessie-integrations_nessie-spark-extensions-3.5_2.12-0.95.0.jar with timestamp 1776023038060
[2026-04-12T19:43:58.898+0000] {subprocess.py:106} INFO - 26/04/12 19:43:58 INFO SparkContext: Added JAR file:///home/***/.ivy2/jars/org.apache.hadoop_hadoop-aws-3.3.4.jar at spark://b4737cc55adb:38867/jars/org.apache.hadoop_hadoop-aws-3.3.4.jar with timestamp 1776023038060
[2026-04-12T19:43:58.899+0000] {subprocess.py:106} INFO - 26/04/12 19:43:58 INFO SparkContext: Added JAR file:///home/***/.ivy2/jars/com.amazonaws_aws-java-sdk-bundle-1.12.262.jar at spark://b4737cc55adb:38867/jars/com.amazonaws_aws-java-sdk-bundle-1.12.262.jar with timestamp 1776023038060
[2026-04-12T19:43:58.900+0000] {subprocess.py:106} INFO - 26/04/12 19:43:58 INFO SparkContext: Added JAR file:///home/***/.ivy2/jars/org.wildfly.openssl_wildfly-openssl-1.0.7.Final.jar at spark://b4737cc55adb:38867/jars/org.wildfly.openssl_wildfly-openssl-1.0.7.Final.jar with timestamp 1776023038060
[2026-04-12T19:43:58.901+0000] {subprocess.py:106} INFO - 26/04/12 19:43:58 INFO SparkContext: Added file file:///home/***/.ivy2/jars/org.apache.iceberg_iceberg-spark-runtime-3.5_2.12-1.6.1.jar at spark://b4737cc55adb:38867/files/org.apache.iceberg_iceberg-spark-runtime-3.5_2.12-1.6.1.jar with timestamp 1776023038060
[2026-04-12T19:43:58.903+0000] {subprocess.py:106} INFO - 26/04/12 19:43:58 INFO Utils: Copying /home/***/.ivy2/jars/org.apache.iceberg_iceberg-spark-runtime-3.5_2.12-1.6.1.jar to /tmp/spark-619fb9fd-b601-4563-b2fa-1f3e0307e436/userFiles-b42adc17-1323-410c-9fe3-4af845261749/org.apache.iceberg_iceberg-spark-runtime-3.5_2.12-1.6.1.jar
[2026-04-12T19:43:58.939+0000] {subprocess.py:106} INFO - 26/04/12 19:43:58 INFO SparkContext: Added file file:///home/***/.ivy2/jars/org.projectnessie.nessie-integrations_nessie-spark-extensions-3.5_2.12-0.95.0.jar at spark://b4737cc55adb:38867/files/org.projectnessie.nessie-integrations_nessie-spark-extensions-3.5_2.12-0.95.0.jar with timestamp 1776023038060
[2026-04-12T19:43:58.940+0000] {subprocess.py:106} INFO - 26/04/12 19:43:58 INFO Utils: Copying /home/***/.ivy2/jars/org.projectnessie.nessie-integrations_nessie-spark-extensions-3.5_2.12-0.95.0.jar to /tmp/spark-619fb9fd-b601-4563-b2fa-1f3e0307e436/userFiles-b42adc17-1323-410c-9fe3-4af845261749/org.projectnessie.nessie-integrations_nessie-spark-extensions-3.5_2.12-0.95.0.jar
[2026-04-12T19:43:58.945+0000] {subprocess.py:106} INFO - 26/04/12 19:43:58 INFO SparkContext: Added file file:///home/***/.ivy2/jars/org.apache.hadoop_hadoop-aws-3.3.4.jar at spark://b4737cc55adb:38867/files/org.apache.hadoop_hadoop-aws-3.3.4.jar with timestamp 1776023038060
[2026-04-12T19:43:58.946+0000] {subprocess.py:106} INFO - 26/04/12 19:43:58 INFO Utils: Copying /home/***/.ivy2/jars/org.apache.hadoop_hadoop-aws-3.3.4.jar to /tmp/spark-619fb9fd-b601-4563-b2fa-1f3e0307e436/userFiles-b42adc17-1323-410c-9fe3-4af845261749/org.apache.hadoop_hadoop-aws-3.3.4.jar
[2026-04-12T19:43:58.949+0000] {subprocess.py:106} INFO - 26/04/12 19:43:58 INFO SparkContext: Added file file:///home/***/.ivy2/jars/com.amazonaws_aws-java-sdk-bundle-1.12.262.jar at spark://b4737cc55adb:38867/files/com.amazonaws_aws-java-sdk-bundle-1.12.262.jar with timestamp 1776023038060
[2026-04-12T19:43:58.950+0000] {subprocess.py:106} INFO - 26/04/12 19:43:58 INFO Utils: Copying /home/***/.ivy2/jars/com.amazonaws_aws-java-sdk-bundle-1.12.262.jar to /tmp/spark-619fb9fd-b601-4563-b2fa-1f3e0307e436/userFiles-b42adc17-1323-410c-9fe3-4af845261749/com.amazonaws_aws-java-sdk-bundle-1.12.262.jar
[2026-04-12T19:43:59.147+0000] {subprocess.py:106} INFO - 26/04/12 19:43:59 INFO SparkContext: Added file file:///home/***/.ivy2/jars/org.wildfly.openssl_wildfly-openssl-1.0.7.Final.jar at spark://b4737cc55adb:38867/files/org.wildfly.openssl_wildfly-openssl-1.0.7.Final.jar with timestamp 1776023038060
[2026-04-12T19:43:59.148+0000] {subprocess.py:106} INFO - 26/04/12 19:43:59 INFO Utils: Copying /home/***/.ivy2/jars/org.wildfly.openssl_wildfly-openssl-1.0.7.Final.jar to /tmp/spark-619fb9fd-b601-4563-b2fa-1f3e0307e436/userFiles-b42adc17-1323-410c-9fe3-4af845261749/org.wildfly.openssl_wildfly-openssl-1.0.7.Final.jar
[2026-04-12T19:43:59.237+0000] {subprocess.py:106} INFO - 26/04/12 19:43:59 INFO StandaloneAppClient$ClientEndpoint: Connecting to master spark://spark-master:7077...
[2026-04-12T19:43:59.274+0000] {subprocess.py:106} INFO - 26/04/12 19:43:59 INFO TransportClientFactory: Successfully created connection to spark-master/172.18.0.7:7077 after 22 ms (0 ms spent in bootstraps)
[2026-04-12T19:43:59.349+0000] {subprocess.py:106} INFO - 26/04/12 19:43:59 INFO StandaloneSchedulerBackend: Connected to Spark cluster with app ID app-20260412194359-0025
[2026-04-12T19:43:59.354+0000] {subprocess.py:106} INFO - 26/04/12 19:43:59 INFO StandaloneAppClient$ClientEndpoint: Executor added: app-20260412194359-0025/0 on worker-20260412190304-172.18.0.8-33391 (172.18.0.8:33391) with 2 core(s)
[2026-04-12T19:43:59.356+0000] {subprocess.py:106} INFO - 26/04/12 19:43:59 INFO StandaloneSchedulerBackend: Granted executor ID app-20260412194359-0025/0 on hostPort 172.18.0.8:33391 with 2 core(s), 2.0 GiB RAM
[2026-04-12T19:43:59.358+0000] {subprocess.py:106} INFO - 26/04/12 19:43:59 INFO StandaloneAppClient$ClientEndpoint: Executor added: app-20260412194359-0025/1 on worker-20260412190304-172.18.0.8-33391 (172.18.0.8:33391) with 2 core(s)
[2026-04-12T19:43:59.359+0000] {subprocess.py:106} INFO - 26/04/12 19:43:59 INFO StandaloneSchedulerBackend: Granted executor ID app-20260412194359-0025/1 on hostPort 172.18.0.8:33391 with 2 core(s), 2.0 GiB RAM
[2026-04-12T19:43:59.361+0000] {subprocess.py:106} INFO - 26/04/12 19:43:59 INFO StandaloneAppClient$ClientEndpoint: Executor added: app-20260412194359-0025/2 on worker-20260412190304-172.18.0.8-33391 (172.18.0.8:33391) with 2 core(s)
[2026-04-12T19:43:59.363+0000] {subprocess.py:106} INFO - 26/04/12 19:43:59 INFO StandaloneSchedulerBackend: Granted executor ID app-20260412194359-0025/2 on hostPort 172.18.0.8:33391 with 2 core(s), 2.0 GiB RAM
[2026-04-12T19:43:59.364+0000] {subprocess.py:106} INFO - 26/04/12 19:43:59 INFO StandaloneAppClient$ClientEndpoint: Executor added: app-20260412194359-0025/3 on worker-20260412190304-172.18.0.8-33391 (172.18.0.8:33391) with 2 core(s)
[2026-04-12T19:43:59.365+0000] {subprocess.py:106} INFO - 26/04/12 19:43:59 INFO StandaloneSchedulerBackend: Granted executor ID app-20260412194359-0025/3 on hostPort 172.18.0.8:33391 with 2 core(s), 2.0 GiB RAM
[2026-04-12T19:43:59.366+0000] {subprocess.py:106} INFO - 26/04/12 19:43:59 INFO StandaloneAppClient$ClientEndpoint: Executor added: app-20260412194359-0025/4 on worker-20260412190304-172.18.0.8-33391 (172.18.0.8:33391) with 2 core(s)
[2026-04-12T19:43:59.367+0000] {subprocess.py:106} INFO - 26/04/12 19:43:59 INFO StandaloneSchedulerBackend: Granted executor ID app-20260412194359-0025/4 on hostPort 172.18.0.8:33391 with 2 core(s), 2.0 GiB RAM
[2026-04-12T19:43:59.368+0000] {subprocess.py:106} INFO - 26/04/12 19:43:59 INFO StandaloneAppClient$ClientEndpoint: Executor added: app-20260412194359-0025/5 on worker-20260412190304-172.18.0.8-33391 (172.18.0.8:33391) with 2 core(s)
[2026-04-12T19:43:59.376+0000] {subprocess.py:106} INFO - 26/04/12 19:43:59 INFO StandaloneSchedulerBackend: Granted executor ID app-20260412194359-0025/5 on hostPort 172.18.0.8:33391 with 2 core(s), 2.0 GiB RAM
[2026-04-12T19:43:59.380+0000] {subprocess.py:106} INFO - 26/04/12 19:43:59 INFO Utils: Successfully started service 'org.apache.spark.network.netty.NettyBlockTransferService' on port 35711.
[2026-04-12T19:43:59.382+0000] {subprocess.py:106} INFO - 26/04/12 19:43:59 INFO NettyBlockTransferService: Server created on b4737cc55adb 0.0.0.0:35711
[2026-04-12T19:43:59.383+0000] {subprocess.py:106} INFO - 26/04/12 19:43:59 INFO BlockManager: Using org.apache.spark.storage.RandomBlockReplicationPolicy for block replication policy
[2026-04-12T19:43:59.389+0000] {subprocess.py:106} INFO - 26/04/12 19:43:59 INFO BlockManagerMaster: Registering BlockManager BlockManagerId(driver, b4737cc55adb, 35711, None)
[2026-04-12T19:43:59.400+0000] {subprocess.py:106} INFO - 26/04/12 19:43:59 INFO BlockManagerMasterEndpoint: Registering block manager b4737cc55adb:35711 with 434.4 MiB RAM, BlockManagerId(driver, b4737cc55adb, 35711, None)
[2026-04-12T19:43:59.403+0000] {subprocess.py:106} INFO - 26/04/12 19:43:59 INFO BlockManagerMaster: Registered BlockManager BlockManagerId(driver, b4737cc55adb, 35711, None)
[2026-04-12T19:43:59.406+0000] {subprocess.py:106} INFO - 26/04/12 19:43:59 INFO BlockManager: Initialized BlockManager: BlockManagerId(driver, b4737cc55adb, 35711, None)
[2026-04-12T19:43:59.442+0000] {subprocess.py:106} INFO - 26/04/12 19:43:59 INFO StandaloneAppClient$ClientEndpoint: Executor updated: app-20260412194359-0025/1 is now RUNNING
[2026-04-12T19:43:59.491+0000] {subprocess.py:106} INFO - 26/04/12 19:43:59 INFO StandaloneAppClient$ClientEndpoint: Executor updated: app-20260412194359-0025/5 is now RUNNING
[2026-04-12T19:43:59.492+0000] {subprocess.py:106} INFO - 26/04/12 19:43:59 INFO StandaloneAppClient$ClientEndpoint: Executor updated: app-20260412194359-0025/3 is now RUNNING
[2026-04-12T19:43:59.493+0000] {subprocess.py:106} INFO - 26/04/12 19:43:59 INFO StandaloneAppClient$ClientEndpoint: Executor updated: app-20260412194359-0025/0 is now RUNNING
[2026-04-12T19:43:59.494+0000] {subprocess.py:106} INFO - 26/04/12 19:43:59 INFO StandaloneAppClient$ClientEndpoint: Executor updated: app-20260412194359-0025/2 is now RUNNING
[2026-04-12T19:43:59.504+0000] {subprocess.py:106} INFO - 26/04/12 19:43:59 INFO StandaloneAppClient$ClientEndpoint: Executor updated: app-20260412194359-0025/4 is now RUNNING
[2026-04-12T19:44:00.400+0000] {subprocess.py:106} INFO - 26/04/12 19:44:00 INFO StandaloneSchedulerBackend: SchedulerBackend is ready for scheduling beginning after reached minRegisteredResourcesRatio: 0.0
[2026-04-12T19:44:01.375+0000] {subprocess.py:106} INFO - 2026-04-12 19:44:01,371 INFO Spark version: 3.5.5
[2026-04-12T19:44:01.423+0000] {subprocess.py:106} INFO - 26/04/12 19:44:01 INFO SharedState: Setting hive.metastore.warehouse.dir ('null') to the value of spark.sql.warehouse.dir.
[2026-04-12T19:44:01.428+0000] {subprocess.py:106} INFO - 26/04/12 19:44:01 INFO SharedState: Warehouse path is 'file:/tmp/***tmpw1dnxxke/spark-warehouse'.
[2026-04-12T19:44:06.340+0000] {subprocess.py:106} INFO - 26/04/12 19:44:06 INFO CatalogUtil: Loading custom FileIO implementation: org.apache.iceberg.hadoop.HadoopFileIO
[2026-04-12T19:44:08.667+0000] {subprocess.py:106} INFO - 26/04/12 19:44:08 INFO StandaloneSchedulerBackend$StandaloneDriverEndpoint: Registered executor NettyRpcEndpointRef(spark-client://Executor) (172.18.0.8:33066) with ID 3,  ResourceProfileId 0
[2026-04-12T19:44:09.241+0000] {subprocess.py:106} INFO - 26/04/12 19:44:09 INFO BlockManagerMasterEndpoint: Registering block manager 172.18.0.8:43823 with 1048.8 MiB RAM, BlockManagerId(3, 172.18.0.8, 43823, None)
[2026-04-12T19:44:09.552+0000] {subprocess.py:106} INFO - 26/04/12 19:44:09 INFO StandaloneSchedulerBackend$StandaloneDriverEndpoint: Registered executor NettyRpcEndpointRef(spark-client://Executor) (172.18.0.8:33118) with ID 4,  ResourceProfileId 0
[2026-04-12T19:44:09.844+0000] {subprocess.py:106} INFO - 26/04/12 19:44:09 INFO StandaloneSchedulerBackend$StandaloneDriverEndpoint: Registered executor NettyRpcEndpointRef(spark-client://Executor) (172.18.0.8:33150) with ID 0,  ResourceProfileId 0
[2026-04-12T19:44:09.876+0000] {subprocess.py:106} INFO - 26/04/12 19:44:09 INFO BlockManagerMasterEndpoint: Registering block manager 172.18.0.8:35507 with 1048.8 MiB RAM, BlockManagerId(4, 172.18.0.8, 35507, None)
[2026-04-12T19:44:09.941+0000] {subprocess.py:106} INFO - 26/04/12 19:44:09 INFO StandaloneSchedulerBackend$StandaloneDriverEndpoint: Registered executor NettyRpcEndpointRef(spark-client://Executor) (172.18.0.8:33136) with ID 5,  ResourceProfileId 0
[2026-04-12T19:44:10.011+0000] {subprocess.py:106} INFO - 26/04/12 19:44:10 INFO StandaloneSchedulerBackend$StandaloneDriverEndpoint: Registered executor NettyRpcEndpointRef(spark-client://Executor) (172.18.0.8:33128) with ID 2,  ResourceProfileId 0
[2026-04-12T19:44:10.091+0000] {subprocess.py:106} INFO - 26/04/12 19:44:10 INFO BlockManagerMasterEndpoint: Registering block manager 172.18.0.8:41807 with 1048.8 MiB RAM, BlockManagerId(0, 172.18.0.8, 41807, None)
[2026-04-12T19:44:10.206+0000] {subprocess.py:106} INFO - 26/04/12 19:44:10 INFO BlockManagerMasterEndpoint: Registering block manager 172.18.0.8:46049 with 1048.8 MiB RAM, BlockManagerId(5, 172.18.0.8, 46049, None)
[2026-04-12T19:44:10.266+0000] {subprocess.py:106} INFO - 26/04/12 19:44:10 INFO BlockManagerMasterEndpoint: Registering block manager 172.18.0.8:37591 with 1048.8 MiB RAM, BlockManagerId(2, 172.18.0.8, 37591, None)
[2026-04-12T19:44:10.283+0000] {subprocess.py:106} INFO - 26/04/12 19:44:10 INFO StandaloneSchedulerBackend$StandaloneDriverEndpoint: Registered executor NettyRpcEndpointRef(spark-client://Executor) (172.18.0.8:33152) with ID 1,  ResourceProfileId 0
[2026-04-12T19:44:10.437+0000] {subprocess.py:106} INFO - 2026-04-12 19:44:10,433 INFO Namespace 'nessie.gold' listo.
[2026-04-12T19:44:10.440+0000] {subprocess.py:106} INFO - 2026-04-12 19:44:10,433 INFO
[2026-04-12T19:44:10.443+0000] {subprocess.py:106} INFO - [★] cant_post_x_user_hist
[2026-04-12T19:44:10.546+0000] {subprocess.py:106} INFO - 26/04/12 19:44:10 INFO BlockManagerMasterEndpoint: Registering block manager 172.18.0.8:41579 with 1048.8 MiB RAM, BlockManagerId(1, 172.18.0.8, 41579, None)
[2026-04-12T19:44:11.122+0000] {subprocess.py:106} INFO - 26/04/12 19:44:11 INFO BaseMetastoreTableOperations: Refreshing table metadata from new version: s3a://iceberg/silver/post_hist_2c97489a-1825-4e8f-a9c8-38c0a6be3632/metadata/00000-fdba6514-188d-42b5-b046-33cfc69138de.metadata.json
[2026-04-12T19:44:11.884+0000] {subprocess.py:106} INFO - 26/04/12 19:44:11 WARN MetricsConfig: Cannot locate configuration: tried hadoop-metrics2-s3a-file-system.properties,hadoop-metrics2.properties
[2026-04-12T19:44:11.922+0000] {subprocess.py:106} INFO - 26/04/12 19:44:11 INFO MetricsSystemImpl: Scheduled Metric snapshot period at 10 second(s).
[2026-04-12T19:44:11.924+0000] {subprocess.py:106} INFO - 26/04/12 19:44:11 INFO MetricsSystemImpl: s3a-file-system metrics system started
[2026-04-12T19:44:16.182+0000] {subprocess.py:106} INFO - 26/04/12 19:44:16 INFO NessieUtil: loadTableMetadata for 'silver.post_hist' from location 's3a://iceberg/silver/post_hist_2c97489a-1825-4e8f-a9c8-38c0a6be3632/metadata/00000-fdba6514-188d-42b5-b046-33cfc69138de.metadata.json' at 'Branch{name=main, metadata=null, hash=2cb0190b5862b9eaba9062a468b225bdeb2ad00681dec4afbe9cb375c28c80bf}'
[2026-04-12T19:44:16.250+0000] {subprocess.py:106} INFO - 26/04/12 19:44:16 INFO BaseMetastoreCatalog: Table loaded by catalog: nessie.silver.post_hist
[2026-04-12T19:44:16.593+0000] {subprocess.py:106} INFO - 26/04/12 19:44:16 INFO BaseMetastoreTableOperations: Refreshing table metadata from new version: s3a://iceberg/silver/users_hist_29ea4f81-25a2-4974-a1d5-7fcae2b69ddf/metadata/00007-9404043a-211d-4114-a04c-c56b287cdc61.gz.metadata.json
[2026-04-12T19:44:16.674+0000] {subprocess.py:106} INFO - 26/04/12 19:44:16 INFO NessieUtil: loadTableMetadata for 'silver.users_hist' from location 's3a://iceberg/silver/users_hist_29ea4f81-25a2-4974-a1d5-7fcae2b69ddf/metadata/00007-9404043a-211d-4114-a04c-c56b287cdc61.gz.metadata.json' at 'Branch{name=main, metadata=null, hash=2cb0190b5862b9eaba9062a468b225bdeb2ad00681dec4afbe9cb375c28c80bf}'
[2026-04-12T19:44:16.686+0000] {subprocess.py:106} INFO - 26/04/12 19:44:16 INFO BaseMetastoreCatalog: Table loaded by catalog: nessie.silver.users_hist
[2026-04-12T19:44:19.104+0000] {subprocess.py:106} INFO - Traceback (most recent call last):
[2026-04-12T19:44:19.107+0000] {subprocess.py:106} INFO -   File "/opt/***/scripts/gold_agg.py", line 306, in <module>
[2026-04-12T19:44:19.112+0000] {subprocess.py:106} INFO -     main()
[2026-04-12T19:44:19.114+0000] {subprocess.py:106} INFO -   File "/opt/***/scripts/gold_agg.py", line 293, in main
[2026-04-12T19:44:19.119+0000] {subprocess.py:106} INFO -     total = build_cant_post_x_user_hist(spark)
[2026-04-12T19:44:19.120+0000] {subprocess.py:106} INFO -             ^^^^^^^^^^^^^^^^^^^^^^^^^^^^^^^^^^
[2026-04-12T19:44:19.121+0000] {subprocess.py:106} INFO -   File "/opt/***/scripts/gold_agg.py", line 119, in build_cant_post_x_user_hist
[2026-04-12T19:44:19.125+0000] {subprocess.py:106} INFO -     df = spark.sql(f"""
[2026-04-12T19:44:19.126+0000] {subprocess.py:106} INFO -          ^^^^^^^^^^^^^^
[2026-04-12T19:44:19.127+0000] {subprocess.py:106} INFO -   File "/opt/spark/python/lib/pyspark.zip/pyspark/sql/session.py", line 1631, in sql
[2026-04-12T19:44:19.129+0000] {subprocess.py:106} INFO -   File "/opt/spark/python/lib/py4j-0.10.9.7-src.zip/py4j/java_gateway.py", line 1322, in __call__
[2026-04-12T19:44:19.130+0000] {subprocess.py:106} INFO -   File "/opt/spark/python/lib/pyspark.zip/pyspark/errors/exceptions/captured.py", line 185, in deco
[2026-04-12T19:44:19.150+0000] {subprocess.py:106} INFO - pyspark.errors.exceptions.captured.AnalysisException: [UNRESOLVED_COLUMN.WITH_SUGGESTION] A column or function parameter with name `p`.`post_type_id` cannot be resolved. Did you mean one of the following? [`p`.`post_id`, `p`.`title`, `p`.`year`, `p`.`load_date`, `p`.`owner_user_id`].; line 6 pos 12;
[2026-04-12T19:44:19.154+0000] {subprocess.py:106} INFO - 'Aggregate [owner_user_id#11L, DisplayName#25, year#19, 'p.post_type_id], [owner_user_id#11L AS user_id#0L, coalesce(DisplayName#25, Unknown) AS display_name#1, year#19 AS anio#2, 'p.post_type_id AS post_type_id#3, CASE WHEN ('p.post_type_id = 1) THEN Question WHEN ('p.post_type_id = 2) THEN Answer ELSE Other END AS post_type#4, count(post_id#10L) AS cant_posts#5L, coalesce(sum(score#15L), cast(0 as bigint)) AS total_score#6L, round(avg(score#15L), 2) AS avg_score#7, coalesce(sum(view_count#16L), cast(0 as bigint)) AS total_views#8L, cast(2026-04-12 19:43:57 as timestamp) AS fecha_cargue#9]
[2026-04-12T19:44:19.158+0000] {subprocess.py:106} INFO - +- Filter isnotnull(owner_user_id#11L)
[2026-04-12T19:44:19.160+0000] {subprocess.py:106} INFO -    +- Join LeftOuter, (owner_user_id#11L = Id#22L)
[2026-04-12T19:44:19.162+0000] {subprocess.py:106} INFO -       :- SubqueryAlias p
[2026-04-12T19:44:19.165+0000] {subprocess.py:106} INFO -       :  +- SubqueryAlias nessie.silver.post_hist
[2026-04-12T19:44:19.166+0000] {subprocess.py:106} INFO -       :     +- RelationV2[post_id#10L, owner_user_id#11L, title#12, body#13, creation_date#14, score#15L, view_count#16L, favorite_count#17L, last_activity_date#18, year#19, load_date#20, source_system#21] nessie.silver.post_hist nessie.silver.post_hist
[2026-04-12T19:44:19.168+0000] {subprocess.py:106} INFO -       +- SubqueryAlias u
[2026-04-12T19:44:19.170+0000] {subprocess.py:106} INFO -          +- SubqueryAlias nessie.silver.users_hist
[2026-04-12T19:44:19.173+0000] {subprocess.py:106} INFO -             +- RelationV2[Id#22L, Reputation#23L, creation_date#24, DisplayName#25, LastAccessDate#26, Views#27L, UpVotes#28L, DownVotes#29L, location#30, AccountId#31L, anio#32, fecha_cargue#33, fuente#34] nessie.silver.users_hist nessie.silver.users_hist
[2026-04-12T19:44:19.174+0000] {subprocess.py:106} INFO - 
[2026-04-12T19:44:19.176+0000] {subprocess.py:106} INFO - 2026-04-12 19:44:19,150 INFO Closing down clientserver connection
[2026-04-12T19:44:19.290+0000] {subprocess.py:106} INFO - 26/04/12 19:44:19 INFO SparkContext: Invoking stop() from shutdown hook
[2026-04-12T19:44:19.297+0000] {subprocess.py:106} INFO - 26/04/12 19:44:19 INFO SparkContext: SparkContext is stopping with exitCode 0.
[2026-04-12T19:44:19.329+0000] {subprocess.py:106} INFO - 26/04/12 19:44:19 INFO SparkUI: Stopped Spark web UI at http://b4737cc55adb:4040
[2026-04-12T19:44:19.349+0000] {subprocess.py:106} INFO - 26/04/12 19:44:19 INFO StandaloneSchedulerBackend: Shutting down all executors
[2026-04-12T19:44:19.351+0000] {subprocess.py:106} INFO - 26/04/12 19:44:19 INFO StandaloneSchedulerBackend$StandaloneDriverEndpoint: Asking each executor to shut down
[2026-04-12T19:44:19.411+0000] {subprocess.py:106} INFO - 26/04/12 19:44:19 INFO MapOutputTrackerMasterEndpoint: MapOutputTrackerMasterEndpoint stopped!
[2026-04-12T19:44:19.474+0000] {subprocess.py:106} INFO - 26/04/12 19:44:19 INFO MemoryStore: MemoryStore cleared
[2026-04-12T19:44:19.476+0000] {subprocess.py:106} INFO - 26/04/12 19:44:19 INFO BlockManager: BlockManager stopped
[2026-04-12T19:44:19.519+0000] {subprocess.py:106} INFO - 26/04/12 19:44:19 INFO BlockManagerMaster: BlockManagerMaster stopped
[2026-04-12T19:44:19.525+0000] {subprocess.py:106} INFO - 26/04/12 19:44:19 INFO OutputCommitCoordinator$OutputCommitCoordinatorEndpoint: OutputCommitCoordinator stopped!
[2026-04-12T19:44:19.564+0000] {subprocess.py:106} INFO - 26/04/12 19:44:19 ERROR TransportRequestHandler: Error sending result StreamResponse[streamId=/jars/com.amazonaws_aws-java-sdk-bundle-1.12.262.jar,byteCount=280645251,body=FileSegmentManagedBuffer[file=/home/***/.ivy2/jars/com.amazonaws_aws-java-sdk-bundle-1.12.262.jar,offset=0,length=280645251]] to /172.18.0.8:33182; closing connection
[2026-04-12T19:44:19.568+0000] {subprocess.py:106} INFO - io.netty.channel.StacklessClosedChannelException
[2026-04-12T19:44:19.570+0000] {subprocess.py:106} INFO - 	at io.netty.channel.AbstractChannel.close(ChannelPromise)(Unknown Source)
[2026-04-12T19:44:19.579+0000] {subprocess.py:106} INFO - 26/04/12 19:44:19 ERROR TransportRequestHandler: Error sending result StreamResponse[streamId=/jars/com.amazonaws_aws-java-sdk-bundle-1.12.262.jar,byteCount=280645251,body=FileSegmentManagedBuffer[file=/home/***/.ivy2/jars/com.amazonaws_aws-java-sdk-bundle-1.12.262.jar,offset=0,length=280645251]] to /172.18.0.8:33196; closing connection
[2026-04-12T19:44:19.582+0000] {subprocess.py:106} INFO - io.netty.channel.StacklessClosedChannelException
[2026-04-12T19:44:19.588+0000] {subprocess.py:106} INFO - 	at io.netty.channel.AbstractChannel.close(ChannelPromise)(Unknown Source)
[2026-04-12T19:44:19.674+0000] {subprocess.py:106} INFO - 26/04/12 19:44:19 INFO SparkContext: Successfully stopped SparkContext
[2026-04-12T19:44:19.677+0000] {subprocess.py:106} INFO - 26/04/12 19:44:19 INFO ShutdownHookManager: Shutdown hook called
[2026-04-12T19:44:19.680+0000] {subprocess.py:106} INFO - 26/04/12 19:44:19 INFO ShutdownHookManager: Deleting directory /tmp/spark-619fb9fd-b601-4563-b2fa-1f3e0307e436/pyspark-d5c91dd1-be83-43c6-a6a0-d3f2da9dfb35
[2026-04-12T19:44:19.695+0000] {subprocess.py:106} INFO - 26/04/12 19:44:19 INFO ShutdownHookManager: Deleting directory /tmp/spark-39929d93-32f5-4f96-84fb-ec67488f0a5e
[2026-04-12T19:44:19.730+0000] {subprocess.py:106} INFO - 26/04/12 19:44:19 INFO ShutdownHookManager: Deleting directory /tmp/spark-619fb9fd-b601-4563-b2fa-1f3e0307e436
[2026-04-12T19:44:19.766+0000] {subprocess.py:106} INFO - 26/04/12 19:44:19 INFO MetricsSystemImpl: Stopping s3a-file-system metrics system...
[2026-04-12T19:44:19.767+0000] {subprocess.py:106} INFO - 26/04/12 19:44:19 INFO MetricsSystemImpl: s3a-file-system metrics system stopped.
[2026-04-12T19:44:19.769+0000] {subprocess.py:106} INFO - 26/04/12 19:44:19 INFO MetricsSystemImpl: s3a-file-system metrics system shutdown complete.
[2026-04-12T19:44:20.156+0000] {subprocess.py:110} INFO - Command exited with return code 1
[2026-04-12T19:44:20.169+0000] {taskinstance.py:3311} ERROR - Task failed with exception
Traceback (most recent call last):
  File "/home/airflow/.local/lib/python3.12/site-packages/airflow/models/taskinstance.py", line 762, in _execute_task
    result = _execute_callable(context=context, **execute_callable_kwargs)
             ^^^^^^^^^^^^^^^^^^^^^^^^^^^^^^^^^^^^^^^^^^^^^^^^^^^^^^^^^^^^^
  File "/home/airflow/.local/lib/python3.12/site-packages/airflow/models/taskinstance.py", line 733, in _execute_callable
    return ExecutionCallableRunner(
           ^^^^^^^^^^^^^^^^^^^^^^^^
  File "/home/airflow/.local/lib/python3.12/site-packages/airflow/utils/operator_helpers.py", line 252, in run
    return self.func(*args, **kwargs)
           ^^^^^^^^^^^^^^^^^^^^^^^^^^
  File "/home/airflow/.local/lib/python3.12/site-packages/airflow/models/baseoperator.py", line 417, in wrapper
    return func(self, *args, **kwargs)
           ^^^^^^^^^^^^^^^^^^^^^^^^^^^
  File "/home/airflow/.local/lib/python3.12/site-packages/airflow/operators/bash.py", line 276, in execute
    raise AirflowException(
airflow.exceptions.AirflowException: Bash command failed. The command returned a non-zero exit code 1.
[2026-04-12T19:44:20.182+0000] {taskinstance.py:1225} INFO - Marking task as UP_FOR_RETRY. dag_id=stackoverflow_pipeline, task_id=gold_agg, run_id=manual__2026-04-12T19:42:56+00:00, execution_date=20260412T194256, start_date=20260412T194354, end_date=20260412T194420
[2026-04-12T19:44:20.202+0000] {taskinstance.py:340} INFO - ::group::Post task execution logs
[2026-04-12T19:44:20.203+0000] {standard_task_runner.py:124} ERROR - Failed to execute job 37 for task gold_agg (Bash command failed. The command returned a non-zero exit code 1.; 8220)
Traceback (most recent call last):
  File "/home/airflow/.local/lib/python3.12/site-packages/airflow/task/task_runner/standard_task_runner.py", line 117, in _start_by_fork
    ret = args.func(args, dag=self.dag)
          ^^^^^^^^^^^^^^^^^^^^^^^^^^^^^
  File "/home/airflow/.local/lib/python3.12/site-packages/airflow/cli/cli_config.py", line 49, in command
    return func(*args, **kwargs)
           ^^^^^^^^^^^^^^^^^^^^^
  File "/home/airflow/.local/lib/python3.12/site-packages/airflow/utils/cli.py", line 116, in wrapper
    return f(*args, **kwargs)
           ^^^^^^^^^^^^^^^^^^
  File "/home/airflow/.local/lib/python3.12/site-packages/airflow/cli/commands/task_command.py", line 483, in task_run
    task_return_code = _run_task_by_selected_method(args, _dag, ti)
                       ^^^^^^^^^^^^^^^^^^^^^^^^^^^^^^^^^^^^^^^^^^^^
  File "/home/airflow/.local/lib/python3.12/site-packages/airflow/cli/commands/task_command.py", line 256, in _run_task_by_selected_method
    return _run_raw_task(args, ti)
           ^^^^^^^^^^^^^^^^^^^^^^^
  File "/home/airflow/.local/lib/python3.12/site-packages/airflow/cli/commands/task_command.py", line 341, in _run_raw_task
    return ti._run_raw_task(
           ^^^^^^^^^^^^^^^^^
  File "/home/airflow/.local/lib/python3.12/site-packages/airflow/utils/session.py", line 97, in wrapper
    return func(*args, session=session, **kwargs)
           ^^^^^^^^^^^^^^^^^^^^^^^^^^^^^^^^^^^^^^
  File "/home/airflow/.local/lib/python3.12/site-packages/airflow/models/taskinstance.py", line 3005, in _run_raw_task
    return _run_raw_task(
           ^^^^^^^^^^^^^^
  File "/home/airflow/.local/lib/python3.12/site-packages/airflow/models/taskinstance.py", line 273, in _run_raw_task
    TaskInstance._execute_task_with_callbacks(
  File "/home/airflow/.local/lib/python3.12/site-packages/airflow/models/taskinstance.py", line 3159, in _execute_task_with_callbacks
    result = self._execute_task(context, task_orig)
             ^^^^^^^^^^^^^^^^^^^^^^^^^^^^^^^^^^^^^^
  File "/home/airflow/.local/lib/python3.12/site-packages/airflow/models/taskinstance.py", line 3183, in _execute_task
    return _execute_task(self, context, task_orig)
           ^^^^^^^^^^^^^^^^^^^^^^^^^^^^^^^^^^^^^^^
  File "/home/airflow/.local/lib/python3.12/site-packages/airflow/models/taskinstance.py", line 762, in _execute_task
    result = _execute_callable(context=context, **execute_callable_kwargs)
             ^^^^^^^^^^^^^^^^^^^^^^^^^^^^^^^^^^^^^^^^^^^^^^^^^^^^^^^^^^^^^
  File "/home/airflow/.local/lib/python3.12/site-packages/airflow/models/taskinstance.py", line 733, in _execute_callable
    return ExecutionCallableRunner(
           ^^^^^^^^^^^^^^^^^^^^^^^^
  File "/home/airflow/.local/lib/python3.12/site-packages/airflow/utils/operator_helpers.py", line 252, in run
    return self.func(*args, **kwargs)
           ^^^^^^^^^^^^^^^^^^^^^^^^^^
  File "/home/airflow/.local/lib/python3.12/site-packages/airflow/models/baseoperator.py", line 417, in wrapper
    return func(self, *args, **kwargs)
           ^^^^^^^^^^^^^^^^^^^^^^^^^^^
  File "/home/airflow/.local/lib/python3.12/site-packages/airflow/operators/bash.py", line 276, in execute
    raise AirflowException(
airflow.exceptions.AirflowException: Bash command failed. The command returned a non-zero exit code 1.
[2026-04-12T19:44:20.246+0000] {local_task_job_runner.py:266} INFO - Task exited with return code 1
[2026-04-12T19:44:20.264+0000] {taskinstance.py:3895} INFO - 0 downstream tasks scheduled from follow-on schedule check
[2026-04-12T19:44:20.268+0000] {local_task_job_runner.py:245} INFO - ::endgroup::
