[2026-04-12T19:24:04.258+0000] {local_task_job_runner.py:123} INFO - ::group::Pre task execution logs
[2026-04-12T19:24:04.275+0000] {taskinstance.py:2613} INFO - Dependencies all met for dep_context=non-requeueable deps ti=<TaskInstance: stackoverflow_pipeline.gold_agg manual__2026-04-12T19:12:10+00:00 [queued]>
[2026-04-12T19:24:04.285+0000] {taskinstance.py:2613} INFO - Dependencies all met for dep_context=requeueable deps ti=<TaskInstance: stackoverflow_pipeline.gold_agg manual__2026-04-12T19:12:10+00:00 [queued]>
[2026-04-12T19:24:04.285+0000] {taskinstance.py:2866} INFO - Starting attempt 2 of 2
[2026-04-12T19:24:04.299+0000] {taskinstance.py:2889} INFO - Executing <Task(BashOperator): gold_agg> on 2026-04-12 19:12:10+00:00
[2026-04-12T19:24:04.303+0000] {warnings.py:112} WARNING - /home/***/.local/lib/python3.12/site-packages/***/task/task_runner/standard_task_runner.py:70: DeprecationWarning: This process (pid=4674) is multi-threaded, use of fork() may lead to deadlocks in the child.
  pid = os.fork()

[2026-04-12T19:24:04.305+0000] {standard_task_runner.py:72} INFO - Started process 4675 to run task
[2026-04-12T19:24:04.305+0000] {standard_task_runner.py:104} INFO - Running: ['***', 'tasks', 'run', 'stackoverflow_pipeline', 'gold_agg', 'manual__2026-04-12T19:12:10+00:00', '--job-id', '27', '--raw', '--subdir', 'DAGS_FOLDER/stackoverflow_pipeline.py', '--cfg-path', '/tmp/tmp4s2e517w']
[2026-04-12T19:24:04.306+0000] {standard_task_runner.py:105} INFO - Job 27: Subtask gold_agg
[2026-04-12T19:24:04.350+0000] {task_command.py:467} INFO - Running <TaskInstance: stackoverflow_pipeline.gold_agg manual__2026-04-12T19:12:10+00:00 [running]> on host b4737cc55adb
[2026-04-12T19:24:04.437+0000] {taskinstance.py:3132} INFO - Exporting env vars: AIRFLOW_CTX_DAG_OWNER='fhbd-grupo' AIRFLOW_CTX_DAG_ID='stackoverflow_pipeline' AIRFLOW_CTX_TASK_ID='gold_agg' AIRFLOW_CTX_EXECUTION_DATE='2026-04-12T19:12:10+00:00' AIRFLOW_CTX_TRY_NUMBER='2' AIRFLOW_CTX_DAG_RUN_ID='manual__2026-04-12T19:12:10+00:00'
[2026-04-12T19:24:04.438+0000] {taskinstance.py:731} INFO - ::endgroup::
[2026-04-12T19:24:04.456+0000] {subprocess.py:78} INFO - Tmp dir root location: /tmp
[2026-04-12T19:24:04.457+0000] {subprocess.py:88} INFO - Running command: ['/usr/bin/bash', '-c', '/opt/spark/bin/spark-submit --master spark://spark-master:7077 --conf spark.submit.deployMode=client --conf spark.driver.bindAddress=0.0.0.0 --conf spark.executor.instances=1 --conf spark.executor.cores=2 --conf spark.executor.memory=2g --conf spark.driver.memory=1g --conf spark.sql.extensions=org.apache.iceberg.spark.extensions.IcebergSparkSessionExtensions,org.projectnessie.spark.extensions.NessieSparkSessionExtensions --conf spark.sql.catalog.nessie=org.apache.iceberg.spark.SparkCatalog --conf spark.sql.catalog.nessie.catalog-impl=org.apache.iceberg.nessie.NessieCatalog --conf spark.sql.catalog.nessie.uri=http://proyecto2-nessie:19120/api/v1 --conf spark.sql.catalog.nessie.ref=main --conf spark.sql.catalog.nessie.authentication.type=NONE --conf spark.sql.catalog.nessie.warehouse=s3a://iceberg/ --conf spark.hadoop.fs.s3a.endpoint=http://proyecto2-minio:9000 --conf spark.hadoop.fs.s3a.access.key=minioadmin --conf spark.hadoop.fs.s3a.secret.key=minioadmin123 --conf spark.hadoop.fs.s3a.path.style.access=true --conf spark.hadoop.fs.s3a.impl=org.apache.hadoop.fs.s3a.S3AFileSystem --conf spark.hadoop.fs.s3a.aws.credentials.provider=org.apache.hadoop.fs.s3a.SimpleAWSCredentialsProvider --conf spark.hadoop.fs.s3a.connection.ssl.enabled=false --packages org.apache.iceberg:iceberg-spark-runtime-3.5_2.12:1.6.1,org.projectnessie.nessie-integrations:nessie-spark-extensions-3.5_2.12:0.95.0,org.apache.hadoop:hadoop-aws:3.3.4,com.amazonaws:aws-java-sdk-bundle:1.12.262 --name gold_cant_post_x_user_hist --verbose /opt/***/scripts/gold_agg.py']
[2026-04-12T19:24:04.466+0000] {subprocess.py:99} INFO - Output:
[2026-04-12T19:24:04.474+0000] {subprocess.py:106} INFO - /opt/spark/bin/load-spark-env.sh: line 68: ps: command not found
[2026-04-12T19:24:05.547+0000] {subprocess.py:106} INFO - Using properties file: null
[2026-04-12T19:24:05.659+0000] {subprocess.py:106} INFO - Parsed arguments:
[2026-04-12T19:24:05.663+0000] {subprocess.py:106} INFO -   master                  spark://spark-master:7077
[2026-04-12T19:24:05.664+0000] {subprocess.py:106} INFO -   remote                  null
[2026-04-12T19:24:05.664+0000] {subprocess.py:106} INFO -   deployMode              client
[2026-04-12T19:24:05.665+0000] {subprocess.py:106} INFO -   executorMemory          2g
[2026-04-12T19:24:05.666+0000] {subprocess.py:106} INFO -   executorCores           2
[2026-04-12T19:24:05.667+0000] {subprocess.py:106} INFO -   totalExecutorCores      null
[2026-04-12T19:24:05.667+0000] {subprocess.py:106} INFO -   propertiesFile          null
[2026-04-12T19:24:05.668+0000] {subprocess.py:106} INFO -   driverMemory            1g
[2026-04-12T19:24:05.669+0000] {subprocess.py:106} INFO -   driverCores             null
[2026-04-12T19:24:05.670+0000] {subprocess.py:106} INFO -   driverExtraClassPath    null
[2026-04-12T19:24:05.671+0000] {subprocess.py:106} INFO -   driverExtraLibraryPath  null
[2026-04-12T19:24:05.672+0000] {subprocess.py:106} INFO -   driverExtraJavaOptions  null
[2026-04-12T19:24:05.673+0000] {subprocess.py:106} INFO -   supervise               false
[2026-04-12T19:24:05.673+0000] {subprocess.py:106} INFO -   queue                   null
[2026-04-12T19:24:05.674+0000] {subprocess.py:106} INFO -   numExecutors            1
[2026-04-12T19:24:05.675+0000] {subprocess.py:106} INFO -   files                   null
[2026-04-12T19:24:05.675+0000] {subprocess.py:106} INFO -   pyFiles                 null
[2026-04-12T19:24:05.676+0000] {subprocess.py:106} INFO -   archives                null
[2026-04-12T19:24:05.676+0000] {subprocess.py:106} INFO -   mainClass               null
[2026-04-12T19:24:05.677+0000] {subprocess.py:106} INFO -   primaryResource         file:/opt/***/scripts/gold_agg.py
[2026-04-12T19:24:05.677+0000] {subprocess.py:106} INFO -   name                    gold_cant_post_x_user_hist
[2026-04-12T19:24:05.678+0000] {subprocess.py:106} INFO -   childArgs               []
[2026-04-12T19:24:05.679+0000] {subprocess.py:106} INFO -   jars                    null
[2026-04-12T19:24:05.680+0000] {subprocess.py:106} INFO -   packages                org.apache.iceberg:iceberg-spark-runtime-3.5_2.12:1.6.1,org.projectnessie.nessie-integrations:nessie-spark-extensions-3.5_2.12:0.95.0,org.apache.hadoop:hadoop-aws:3.3.4,com.amazonaws:aws-java-sdk-bundle:1.12.262
[2026-04-12T19:24:05.680+0000] {subprocess.py:106} INFO -   packagesExclusions      null
[2026-04-12T19:24:05.681+0000] {subprocess.py:106} INFO -   repositories            null
[2026-04-12T19:24:05.682+0000] {subprocess.py:106} INFO -   verbose                 true
[2026-04-12T19:24:05.682+0000] {subprocess.py:106} INFO - 
[2026-04-12T19:24:05.683+0000] {subprocess.py:106} INFO - Spark properties used, including those specified through
[2026-04-12T19:24:05.683+0000] {subprocess.py:106} INFO -  --conf and those from the properties file null:
[2026-04-12T19:24:05.684+0000] {subprocess.py:106} INFO -   (spark.driver.bindAddress,0.0.0.0)
[2026-04-12T19:24:05.685+0000] {subprocess.py:106} INFO -   (spark.driver.memory,1g)
[2026-04-12T19:24:05.685+0000] {subprocess.py:106} INFO -   (spark.executor.cores,2)
[2026-04-12T19:24:05.686+0000] {subprocess.py:106} INFO -   (spark.executor.instances,1)
[2026-04-12T19:24:05.686+0000] {subprocess.py:106} INFO -   (spark.executor.memory,2g)
[2026-04-12T19:24:05.687+0000] {subprocess.py:106} INFO -   (spark.hadoop.fs.s3a.access.key,*********(redacted))
[2026-04-12T19:24:05.688+0000] {subprocess.py:106} INFO -   (spark.hadoop.fs.s3a.aws.credentials.provider,org.apache.hadoop.fs.s3a.SimpleAWSCredentialsProvider)
[2026-04-12T19:24:05.688+0000] {subprocess.py:106} INFO -   (spark.hadoop.fs.s3a.connection.ssl.enabled,false)
[2026-04-12T19:24:05.689+0000] {subprocess.py:106} INFO -   (spark.hadoop.fs.s3a.endpoint,http://proyecto2-minio:9000)
[2026-04-12T19:24:05.689+0000] {subprocess.py:106} INFO -   (spark.hadoop.fs.s3a.impl,org.apache.hadoop.fs.s3a.S3AFileSystem)
[2026-04-12T19:24:05.690+0000] {subprocess.py:106} INFO -   (spark.hadoop.fs.s3a.path.style.access,true)
[2026-04-12T19:24:05.691+0000] {subprocess.py:106} INFO -   (spark.hadoop.fs.s3a.secret.key,*********(redacted))
[2026-04-12T19:24:05.691+0000] {subprocess.py:106} INFO -   (spark.sql.catalog.nessie,org.apache.iceberg.spark.SparkCatalog)
[2026-04-12T19:24:05.692+0000] {subprocess.py:106} INFO -   (spark.sql.catalog.nessie.authentication.type,NONE)
[2026-04-12T19:24:05.692+0000] {subprocess.py:106} INFO -   (spark.sql.catalog.nessie.catalog-impl,org.apache.iceberg.nessie.NessieCatalog)
[2026-04-12T19:24:05.693+0000] {subprocess.py:106} INFO -   (spark.sql.catalog.nessie.ref,main)
[2026-04-12T19:24:05.694+0000] {subprocess.py:106} INFO -   (spark.sql.catalog.nessie.uri,http://proyecto2-nessie:19120/api/v1)
[2026-04-12T19:24:05.694+0000] {subprocess.py:106} INFO -   (spark.sql.catalog.nessie.warehouse,s3a://iceberg/)
[2026-04-12T19:24:05.694+0000] {subprocess.py:106} INFO -   (spark.sql.extensions,org.apache.iceberg.spark.extensions.IcebergSparkSessionExtensions,org.projectnessie.spark.extensions.NessieSparkSessionExtensions)
[2026-04-12T19:24:05.695+0000] {subprocess.py:106} INFO -   (spark.submit.deployMode,client)
[2026-04-12T19:24:05.695+0000] {subprocess.py:106} INFO - 
[2026-04-12T19:24:05.696+0000] {subprocess.py:106} INFO - 
[2026-04-12T19:24:05.764+0000] {subprocess.py:106} INFO - :: loading settings :: url = jar:file:/opt/spark/jars/ivy-2.5.1.jar!/org/apache/ivy/core/settings/ivysettings.xml
[2026-04-12T19:24:05.817+0000] {subprocess.py:106} INFO - Ivy Default Cache set to: /home/***/.ivy2/cache
[2026-04-12T19:24:05.818+0000] {subprocess.py:106} INFO - The jars for the packages stored in: /home/***/.ivy2/jars
[2026-04-12T19:24:05.822+0000] {subprocess.py:106} INFO - org.apache.iceberg#iceberg-spark-runtime-3.5_2.12 added as a dependency
[2026-04-12T19:24:05.823+0000] {subprocess.py:106} INFO - org.projectnessie.nessie-integrations#nessie-spark-extensions-3.5_2.12 added as a dependency
[2026-04-12T19:24:05.824+0000] {subprocess.py:106} INFO - org.apache.hadoop#hadoop-aws added as a dependency
[2026-04-12T19:24:05.824+0000] {subprocess.py:106} INFO - com.amazonaws#aws-java-sdk-bundle added as a dependency
[2026-04-12T19:24:05.825+0000] {subprocess.py:106} INFO - :: resolving dependencies :: org.apache.spark#spark-submit-parent-9f220e38-5ae7-41b8-89fe-5205559e1413;1.0
[2026-04-12T19:24:05.826+0000] {subprocess.py:106} INFO - 	confs: [default]
[2026-04-12T19:24:05.915+0000] {subprocess.py:106} INFO - 	found org.apache.iceberg#iceberg-spark-runtime-3.5_2.12;1.6.1 in central
[2026-04-12T19:24:05.942+0000] {subprocess.py:106} INFO - 	found org.projectnessie.nessie-integrations#nessie-spark-extensions-3.5_2.12;0.95.0 in central
[2026-04-12T19:24:05.987+0000] {subprocess.py:106} INFO - 	found org.apache.hadoop#hadoop-aws;3.3.4 in central
[2026-04-12T19:24:06.003+0000] {subprocess.py:106} INFO - 	found com.amazonaws#aws-java-sdk-bundle;1.12.262 in central
[2026-04-12T19:24:06.020+0000] {subprocess.py:106} INFO - 	found org.wildfly.openssl#wildfly-openssl;1.0.7.Final in central
[2026-04-12T19:24:06.039+0000] {subprocess.py:106} INFO - :: resolution report :: resolve 208ms :: artifacts dl 8ms
[2026-04-12T19:24:06.041+0000] {subprocess.py:106} INFO - 	:: modules in use:
[2026-04-12T19:24:06.043+0000] {subprocess.py:106} INFO - 	com.amazonaws#aws-java-sdk-bundle;1.12.262 from central in [default]
[2026-04-12T19:24:06.044+0000] {subprocess.py:106} INFO - 	org.apache.hadoop#hadoop-aws;3.3.4 from central in [default]
[2026-04-12T19:24:06.044+0000] {subprocess.py:106} INFO - 	org.apache.iceberg#iceberg-spark-runtime-3.5_2.12;1.6.1 from central in [default]
[2026-04-12T19:24:06.045+0000] {subprocess.py:106} INFO - 	org.projectnessie.nessie-integrations#nessie-spark-extensions-3.5_2.12;0.95.0 from central in [default]
[2026-04-12T19:24:06.046+0000] {subprocess.py:106} INFO - 	org.wildfly.openssl#wildfly-openssl;1.0.7.Final from central in [default]
[2026-04-12T19:24:06.048+0000] {subprocess.py:106} INFO - 	---------------------------------------------------------------------
[2026-04-12T19:24:06.049+0000] {subprocess.py:106} INFO - 	|                  |            modules            ||   artifacts   |
[2026-04-12T19:24:06.050+0000] {subprocess.py:106} INFO - 	|       conf       | number| search|dwnlded|evicted|| number|dwnlded|
[2026-04-12T19:24:06.051+0000] {subprocess.py:106} INFO - 	---------------------------------------------------------------------
[2026-04-12T19:24:06.052+0000] {subprocess.py:106} INFO - 	|      default     |   5   |   0   |   0   |   0   ||   5   |   0   |
[2026-04-12T19:24:06.053+0000] {subprocess.py:106} INFO - 	---------------------------------------------------------------------
[2026-04-12T19:24:06.054+0000] {subprocess.py:106} INFO - :: retrieving :: org.apache.spark#spark-submit-parent-9f220e38-5ae7-41b8-89fe-5205559e1413
[2026-04-12T19:24:06.055+0000] {subprocess.py:106} INFO - 	confs: [default]
[2026-04-12T19:24:06.056+0000] {subprocess.py:106} INFO - 	0 artifacts copied, 5 already retrieved (0kB/6ms)
[2026-04-12T19:24:06.181+0000] {subprocess.py:106} INFO - 26/04/12 19:24:06 WARN NativeCodeLoader: Unable to load native-hadoop library for your platform... using builtin-java classes where applicable
[2026-04-12T19:24:06.330+0000] {subprocess.py:106} INFO - Main class:
[2026-04-12T19:24:06.331+0000] {subprocess.py:106} INFO - org.apache.spark.deploy.PythonRunner
[2026-04-12T19:24:06.331+0000] {subprocess.py:106} INFO - Arguments:
[2026-04-12T19:24:06.332+0000] {subprocess.py:106} INFO - file:/opt/***/scripts/gold_agg.py
[2026-04-12T19:24:06.333+0000] {subprocess.py:106} INFO - file:///home/***/.ivy2/jars/org.apache.iceberg_iceberg-spark-runtime-3.5_2.12-1.6.1.jar,file:///home/***/.ivy2/jars/org.projectnessie.nessie-integrations_nessie-spark-extensions-3.5_2.12-0.95.0.jar,file:///home/***/.ivy2/jars/org.apache.hadoop_hadoop-aws-3.3.4.jar,file:///home/***/.ivy2/jars/com.amazonaws_aws-java-sdk-bundle-1.12.262.jar,file:///home/***/.ivy2/jars/org.wildfly.openssl_wildfly-openssl-1.0.7.Final.jar
[2026-04-12T19:24:06.334+0000] {subprocess.py:106} INFO - Spark config:
[2026-04-12T19:24:06.335+0000] {subprocess.py:106} INFO - (spark.app.name,gold_cant_post_x_user_hist)
[2026-04-12T19:24:06.336+0000] {subprocess.py:106} INFO - (spark.app.submitTime,1776021846312)
[2026-04-12T19:24:06.336+0000] {subprocess.py:106} INFO - (spark.driver.bindAddress,0.0.0.0)
[2026-04-12T19:24:06.337+0000] {subprocess.py:106} INFO - (spark.driver.memory,1g)
[2026-04-12T19:24:06.338+0000] {subprocess.py:106} INFO - (spark.executor.cores,2)
[2026-04-12T19:24:06.339+0000] {subprocess.py:106} INFO - (spark.executor.instances,1)
[2026-04-12T19:24:06.339+0000] {subprocess.py:106} INFO - (spark.executor.memory,2g)
[2026-04-12T19:24:06.340+0000] {subprocess.py:106} INFO - (spark.files,file:///home/***/.ivy2/jars/org.apache.iceberg_iceberg-spark-runtime-3.5_2.12-1.6.1.jar,file:///home/***/.ivy2/jars/org.projectnessie.nessie-integrations_nessie-spark-extensions-3.5_2.12-0.95.0.jar,file:///home/***/.ivy2/jars/org.apache.hadoop_hadoop-aws-3.3.4.jar,file:///home/***/.ivy2/jars/com.amazonaws_aws-java-sdk-bundle-1.12.262.jar,file:///home/***/.ivy2/jars/org.wildfly.openssl_wildfly-openssl-1.0.7.Final.jar)
[2026-04-12T19:24:06.341+0000] {subprocess.py:106} INFO - (spark.hadoop.fs.s3a.access.key,*********(redacted))
[2026-04-12T19:24:06.342+0000] {subprocess.py:106} INFO - (spark.hadoop.fs.s3a.aws.credentials.provider,org.apache.hadoop.fs.s3a.SimpleAWSCredentialsProvider)
[2026-04-12T19:24:06.342+0000] {subprocess.py:106} INFO - (spark.hadoop.fs.s3a.connection.ssl.enabled,false)
[2026-04-12T19:24:06.344+0000] {subprocess.py:106} INFO - (spark.hadoop.fs.s3a.endpoint,http://proyecto2-minio:9000)
[2026-04-12T19:24:06.344+0000] {subprocess.py:106} INFO - (spark.hadoop.fs.s3a.impl,org.apache.hadoop.fs.s3a.S3AFileSystem)
[2026-04-12T19:24:06.345+0000] {subprocess.py:106} INFO - (spark.hadoop.fs.s3a.path.style.access,true)
[2026-04-12T19:24:06.346+0000] {subprocess.py:106} INFO - (spark.hadoop.fs.s3a.secret.key,*********(redacted))
[2026-04-12T19:24:06.346+0000] {subprocess.py:106} INFO - (spark.jars,file:///home/***/.ivy2/jars/org.apache.iceberg_iceberg-spark-runtime-3.5_2.12-1.6.1.jar,file:///home/***/.ivy2/jars/org.projectnessie.nessie-integrations_nessie-spark-extensions-3.5_2.12-0.95.0.jar,file:///home/***/.ivy2/jars/org.apache.hadoop_hadoop-aws-3.3.4.jar,file:///home/***/.ivy2/jars/com.amazonaws_aws-java-sdk-bundle-1.12.262.jar,file:///home/***/.ivy2/jars/org.wildfly.openssl_wildfly-openssl-1.0.7.Final.jar)
[2026-04-12T19:24:06.347+0000] {subprocess.py:106} INFO - (spark.master,spark://spark-master:7077)
[2026-04-12T19:24:06.348+0000] {subprocess.py:106} INFO - (spark.repl.local.jars,file:///home/***/.ivy2/jars/org.apache.iceberg_iceberg-spark-runtime-3.5_2.12-1.6.1.jar,file:///home/***/.ivy2/jars/org.projectnessie.nessie-integrations_nessie-spark-extensions-3.5_2.12-0.95.0.jar,file:///home/***/.ivy2/jars/org.apache.hadoop_hadoop-aws-3.3.4.jar,file:///home/***/.ivy2/jars/com.amazonaws_aws-java-sdk-bundle-1.12.262.jar,file:///home/***/.ivy2/jars/org.wildfly.openssl_wildfly-openssl-1.0.7.Final.jar)
[2026-04-12T19:24:06.349+0000] {subprocess.py:106} INFO - (spark.sql.catalog.nessie,org.apache.iceberg.spark.SparkCatalog)
[2026-04-12T19:24:06.349+0000] {subprocess.py:106} INFO - (spark.sql.catalog.nessie.authentication.type,NONE)
[2026-04-12T19:24:06.350+0000] {subprocess.py:106} INFO - (spark.sql.catalog.nessie.catalog-impl,org.apache.iceberg.nessie.NessieCatalog)
[2026-04-12T19:24:06.350+0000] {subprocess.py:106} INFO - (spark.sql.catalog.nessie.ref,main)
[2026-04-12T19:24:06.351+0000] {subprocess.py:106} INFO - (spark.sql.catalog.nessie.uri,http://proyecto2-nessie:19120/api/v1)
[2026-04-12T19:24:06.351+0000] {subprocess.py:106} INFO - (spark.sql.catalog.nessie.warehouse,s3a://iceberg/)
[2026-04-12T19:24:06.352+0000] {subprocess.py:106} INFO - (spark.sql.extensions,org.apache.iceberg.spark.extensions.IcebergSparkSessionExtensions,org.projectnessie.spark.extensions.NessieSparkSessionExtensions)
[2026-04-12T19:24:06.352+0000] {subprocess.py:106} INFO - (spark.submit.deployMode,client)
[2026-04-12T19:24:06.352+0000] {subprocess.py:106} INFO - (spark.submit.pyFiles,/home/***/.ivy2/jars/org.apache.iceberg_iceberg-spark-runtime-3.5_2.12-1.6.1.jar,/home/***/.ivy2/jars/org.projectnessie.nessie-integrations_nessie-spark-extensions-3.5_2.12-0.95.0.jar,/home/***/.ivy2/jars/org.apache.hadoop_hadoop-aws-3.3.4.jar,/home/***/.ivy2/jars/com.amazonaws_aws-java-sdk-bundle-1.12.262.jar,/home/***/.ivy2/jars/org.wildfly.openssl_wildfly-openssl-1.0.7.Final.jar)
[2026-04-12T19:24:06.353+0000] {subprocess.py:106} INFO - Classpath elements:
[2026-04-12T19:24:06.353+0000] {subprocess.py:106} INFO - file:///home/***/.ivy2/jars/org.apache.iceberg_iceberg-spark-runtime-3.5_2.12-1.6.1.jar
[2026-04-12T19:24:06.353+0000] {subprocess.py:106} INFO - file:///home/***/.ivy2/jars/org.projectnessie.nessie-integrations_nessie-spark-extensions-3.5_2.12-0.95.0.jar
[2026-04-12T19:24:06.354+0000] {subprocess.py:106} INFO - file:///home/***/.ivy2/jars/org.apache.hadoop_hadoop-aws-3.3.4.jar
[2026-04-12T19:24:06.354+0000] {subprocess.py:106} INFO - file:///home/***/.ivy2/jars/com.amazonaws_aws-java-sdk-bundle-1.12.262.jar
[2026-04-12T19:24:06.355+0000] {subprocess.py:106} INFO - file:///home/***/.ivy2/jars/org.wildfly.openssl_wildfly-openssl-1.0.7.Final.jar
[2026-04-12T19:24:06.355+0000] {subprocess.py:106} INFO - 
[2026-04-12T19:24:06.356+0000] {subprocess.py:106} INFO - 
[2026-04-12T19:24:06.805+0000] {subprocess.py:106} INFO - 2026-04-12 19:24:06,804 INFO ============================================================
[2026-04-12T19:24:06.806+0000] {subprocess.py:106} INFO - 2026-04-12 19:24:06,804 INFO GOLD AGG — cant_post_x_user_hist ★
[2026-04-12T19:24:06.806+0000] {subprocess.py:106} INFO - 2026-04-12 19:24:06,804 INFO Fuentes: nessie.silver.post_hist + nessie.silver.users_hist
[2026-04-12T19:24:06.807+0000] {subprocess.py:106} INFO - 2026-04-12 19:24:06,804 INFO ============================================================
[2026-04-12T19:24:06.916+0000] {subprocess.py:106} INFO - 26/04/12 19:24:06 INFO SparkContext: Running Spark version 3.5.5
[2026-04-12T19:24:06.917+0000] {subprocess.py:106} INFO - 26/04/12 19:24:06 INFO SparkContext: OS info Linux, 6.6.87.2-microsoft-standard-WSL2, amd64
[2026-04-12T19:24:06.918+0000] {subprocess.py:106} INFO - 26/04/12 19:24:06 INFO SparkContext: Java version 17.0.18
[2026-04-12T19:24:06.934+0000] {subprocess.py:106} INFO - 26/04/12 19:24:06 INFO ResourceUtils: ==============================================================
[2026-04-12T19:24:06.935+0000] {subprocess.py:106} INFO - 26/04/12 19:24:06 INFO ResourceUtils: No custom resources configured for spark.driver.
[2026-04-12T19:24:06.936+0000] {subprocess.py:106} INFO - 26/04/12 19:24:06 INFO ResourceUtils: ==============================================================
[2026-04-12T19:24:06.937+0000] {subprocess.py:106} INFO - 26/04/12 19:24:06 INFO SparkContext: Submitted application: gold_agg
[2026-04-12T19:24:06.954+0000] {subprocess.py:106} INFO - 26/04/12 19:24:06 INFO ResourceProfile: Default ResourceProfile created, executor resources: Map(cores -> name: cores, amount: 2, script: , vendor: , memory -> name: memory, amount: 2048, script: , vendor: , offHeap -> name: offHeap, amount: 0, script: , vendor: ), task resources: Map(cpus -> name: cpus, amount: 1.0)
[2026-04-12T19:24:06.963+0000] {subprocess.py:106} INFO - 26/04/12 19:24:06 INFO ResourceProfile: Limiting resource is cpus at 2 tasks per executor
[2026-04-12T19:24:06.965+0000] {subprocess.py:106} INFO - 26/04/12 19:24:06 INFO ResourceProfileManager: Added ResourceProfile id: 0
[2026-04-12T19:24:07.006+0000] {subprocess.py:106} INFO - 26/04/12 19:24:07 INFO SecurityManager: Changing view acls to: ***
[2026-04-12T19:24:07.007+0000] {subprocess.py:106} INFO - 26/04/12 19:24:07 INFO SecurityManager: Changing modify acls to: ***
[2026-04-12T19:24:07.008+0000] {subprocess.py:106} INFO - 26/04/12 19:24:07 INFO SecurityManager: Changing view acls groups to:
[2026-04-12T19:24:07.008+0000] {subprocess.py:106} INFO - 26/04/12 19:24:07 INFO SecurityManager: Changing modify acls groups to:
[2026-04-12T19:24:07.009+0000] {subprocess.py:106} INFO - 26/04/12 19:24:07 INFO SecurityManager: SecurityManager: authentication disabled; ui acls disabled; users with view permissions: ***; groups with view permissions: EMPTY; users with modify permissions: ***; groups with modify permissions: EMPTY
[2026-04-12T19:24:07.194+0000] {subprocess.py:106} INFO - 26/04/12 19:24:07 INFO Utils: Successfully started service 'sparkDriver' on port 35467.
[2026-04-12T19:24:07.215+0000] {subprocess.py:106} INFO - 26/04/12 19:24:07 INFO SparkEnv: Registering MapOutputTracker
[2026-04-12T19:24:07.242+0000] {subprocess.py:106} INFO - 26/04/12 19:24:07 INFO SparkEnv: Registering BlockManagerMaster
[2026-04-12T19:24:07.254+0000] {subprocess.py:106} INFO - 26/04/12 19:24:07 INFO BlockManagerMasterEndpoint: Using org.apache.spark.storage.DefaultTopologyMapper for getting topology information
[2026-04-12T19:24:07.255+0000] {subprocess.py:106} INFO - 26/04/12 19:24:07 INFO BlockManagerMasterEndpoint: BlockManagerMasterEndpoint up
[2026-04-12T19:24:07.258+0000] {subprocess.py:106} INFO - 26/04/12 19:24:07 INFO SparkEnv: Registering BlockManagerMasterHeartbeat
[2026-04-12T19:24:07.271+0000] {subprocess.py:106} INFO - 26/04/12 19:24:07 INFO DiskBlockManager: Created local directory at /tmp/blockmgr-4845c8b1-41a5-4c5e-aad5-6baaf1263614
[2026-04-12T19:24:07.282+0000] {subprocess.py:106} INFO - 26/04/12 19:24:07 INFO MemoryStore: MemoryStore started with capacity 434.4 MiB
[2026-04-12T19:24:07.294+0000] {subprocess.py:106} INFO - 26/04/12 19:24:07 INFO SparkEnv: Registering OutputCommitCoordinator
[2026-04-12T19:24:07.396+0000] {subprocess.py:106} INFO - 26/04/12 19:24:07 INFO JettyUtils: Start Jetty 0.0.0.0:4040 for SparkUI
[2026-04-12T19:24:07.438+0000] {subprocess.py:106} INFO - 26/04/12 19:24:07 INFO Utils: Successfully started service 'SparkUI' on port 4040.
[2026-04-12T19:24:07.466+0000] {subprocess.py:106} INFO - 26/04/12 19:24:07 INFO SparkContext: Added JAR file:///home/***/.ivy2/jars/org.apache.iceberg_iceberg-spark-runtime-3.5_2.12-1.6.1.jar at spark://b4737cc55adb:35467/jars/org.apache.iceberg_iceberg-spark-runtime-3.5_2.12-1.6.1.jar with timestamp 1776021846910
[2026-04-12T19:24:07.467+0000] {subprocess.py:106} INFO - 26/04/12 19:24:07 INFO SparkContext: Added JAR file:///home/***/.ivy2/jars/org.projectnessie.nessie-integrations_nessie-spark-extensions-3.5_2.12-0.95.0.jar at spark://b4737cc55adb:35467/jars/org.projectnessie.nessie-integrations_nessie-spark-extensions-3.5_2.12-0.95.0.jar with timestamp 1776021846910
[2026-04-12T19:24:07.467+0000] {subprocess.py:106} INFO - 26/04/12 19:24:07 INFO SparkContext: Added JAR file:///home/***/.ivy2/jars/org.apache.hadoop_hadoop-aws-3.3.4.jar at spark://b4737cc55adb:35467/jars/org.apache.hadoop_hadoop-aws-3.3.4.jar with timestamp 1776021846910
[2026-04-12T19:24:07.468+0000] {subprocess.py:106} INFO - 26/04/12 19:24:07 INFO SparkContext: Added JAR file:///home/***/.ivy2/jars/com.amazonaws_aws-java-sdk-bundle-1.12.262.jar at spark://b4737cc55adb:35467/jars/com.amazonaws_aws-java-sdk-bundle-1.12.262.jar with timestamp 1776021846910
[2026-04-12T19:24:07.469+0000] {subprocess.py:106} INFO - 26/04/12 19:24:07 INFO SparkContext: Added JAR file:///home/***/.ivy2/jars/org.wildfly.openssl_wildfly-openssl-1.0.7.Final.jar at spark://b4737cc55adb:35467/jars/org.wildfly.openssl_wildfly-openssl-1.0.7.Final.jar with timestamp 1776021846910
[2026-04-12T19:24:07.469+0000] {subprocess.py:106} INFO - 26/04/12 19:24:07 INFO SparkContext: Added file file:///home/***/.ivy2/jars/org.apache.iceberg_iceberg-spark-runtime-3.5_2.12-1.6.1.jar at spark://b4737cc55adb:35467/files/org.apache.iceberg_iceberg-spark-runtime-3.5_2.12-1.6.1.jar with timestamp 1776021846910
[2026-04-12T19:24:07.470+0000] {subprocess.py:106} INFO - 26/04/12 19:24:07 INFO Utils: Copying /home/***/.ivy2/jars/org.apache.iceberg_iceberg-spark-runtime-3.5_2.12-1.6.1.jar to /tmp/spark-9cdf973a-94dd-4098-9630-6e6ca4fe926e/userFiles-dc1a529c-0703-4820-a073-afcb7f1aceee/org.apache.iceberg_iceberg-spark-runtime-3.5_2.12-1.6.1.jar
[2026-04-12T19:24:07.506+0000] {subprocess.py:106} INFO - 26/04/12 19:24:07 INFO SparkContext: Added file file:///home/***/.ivy2/jars/org.projectnessie.nessie-integrations_nessie-spark-extensions-3.5_2.12-0.95.0.jar at spark://b4737cc55adb:35467/files/org.projectnessie.nessie-integrations_nessie-spark-extensions-3.5_2.12-0.95.0.jar with timestamp 1776021846910
[2026-04-12T19:24:07.508+0000] {subprocess.py:106} INFO - 26/04/12 19:24:07 INFO Utils: Copying /home/***/.ivy2/jars/org.projectnessie.nessie-integrations_nessie-spark-extensions-3.5_2.12-0.95.0.jar to /tmp/spark-9cdf973a-94dd-4098-9630-6e6ca4fe926e/userFiles-dc1a529c-0703-4820-a073-afcb7f1aceee/org.projectnessie.nessie-integrations_nessie-spark-extensions-3.5_2.12-0.95.0.jar
[2026-04-12T19:24:07.512+0000] {subprocess.py:106} INFO - 26/04/12 19:24:07 INFO SparkContext: Added file file:///home/***/.ivy2/jars/org.apache.hadoop_hadoop-aws-3.3.4.jar at spark://b4737cc55adb:35467/files/org.apache.hadoop_hadoop-aws-3.3.4.jar with timestamp 1776021846910
[2026-04-12T19:24:07.513+0000] {subprocess.py:106} INFO - 26/04/12 19:24:07 INFO Utils: Copying /home/***/.ivy2/jars/org.apache.hadoop_hadoop-aws-3.3.4.jar to /tmp/spark-9cdf973a-94dd-4098-9630-6e6ca4fe926e/userFiles-dc1a529c-0703-4820-a073-afcb7f1aceee/org.apache.hadoop_hadoop-aws-3.3.4.jar
[2026-04-12T19:24:07.516+0000] {subprocess.py:106} INFO - 26/04/12 19:24:07 INFO SparkContext: Added file file:///home/***/.ivy2/jars/com.amazonaws_aws-java-sdk-bundle-1.12.262.jar at spark://b4737cc55adb:35467/files/com.amazonaws_aws-java-sdk-bundle-1.12.262.jar with timestamp 1776021846910
[2026-04-12T19:24:07.517+0000] {subprocess.py:106} INFO - 26/04/12 19:24:07 INFO Utils: Copying /home/***/.ivy2/jars/com.amazonaws_aws-java-sdk-bundle-1.12.262.jar to /tmp/spark-9cdf973a-94dd-4098-9630-6e6ca4fe926e/userFiles-dc1a529c-0703-4820-a073-afcb7f1aceee/com.amazonaws_aws-java-sdk-bundle-1.12.262.jar
[2026-04-12T19:24:07.718+0000] {subprocess.py:106} INFO - 26/04/12 19:24:07 INFO SparkContext: Added file file:///home/***/.ivy2/jars/org.wildfly.openssl_wildfly-openssl-1.0.7.Final.jar at spark://b4737cc55adb:35467/files/org.wildfly.openssl_wildfly-openssl-1.0.7.Final.jar with timestamp 1776021846910
[2026-04-12T19:24:07.719+0000] {subprocess.py:106} INFO - 26/04/12 19:24:07 INFO Utils: Copying /home/***/.ivy2/jars/org.wildfly.openssl_wildfly-openssl-1.0.7.Final.jar to /tmp/spark-9cdf973a-94dd-4098-9630-6e6ca4fe926e/userFiles-dc1a529c-0703-4820-a073-afcb7f1aceee/org.wildfly.openssl_wildfly-openssl-1.0.7.Final.jar
[2026-04-12T19:24:07.776+0000] {subprocess.py:106} INFO - 26/04/12 19:24:07 INFO StandaloneAppClient$ClientEndpoint: Connecting to master spark://spark-master:7077...
[2026-04-12T19:24:07.806+0000] {subprocess.py:106} INFO - 26/04/12 19:24:07 INFO TransportClientFactory: Successfully created connection to spark-master/172.18.0.7:7077 after 18 ms (0 ms spent in bootstraps)
[2026-04-12T19:24:07.870+0000] {subprocess.py:106} INFO - 26/04/12 19:24:07 INFO StandaloneSchedulerBackend: Connected to Spark cluster with app ID app-20260412192407-0014
[2026-04-12T19:24:07.872+0000] {subprocess.py:106} INFO - 26/04/12 19:24:07 INFO StandaloneAppClient$ClientEndpoint: Executor added: app-20260412192407-0014/0 on worker-20260412190304-172.18.0.8-33391 (172.18.0.8:33391) with 2 core(s)
[2026-04-12T19:24:07.874+0000] {subprocess.py:106} INFO - 26/04/12 19:24:07 INFO StandaloneSchedulerBackend: Granted executor ID app-20260412192407-0014/0 on hostPort 172.18.0.8:33391 with 2 core(s), 2.0 GiB RAM
[2026-04-12T19:24:07.876+0000] {subprocess.py:106} INFO - 26/04/12 19:24:07 INFO StandaloneAppClient$ClientEndpoint: Executor added: app-20260412192407-0014/1 on worker-20260412190304-172.18.0.8-33391 (172.18.0.8:33391) with 2 core(s)
[2026-04-12T19:24:07.877+0000] {subprocess.py:106} INFO - 26/04/12 19:24:07 INFO StandaloneSchedulerBackend: Granted executor ID app-20260412192407-0014/1 on hostPort 172.18.0.8:33391 with 2 core(s), 2.0 GiB RAM
[2026-04-12T19:24:07.878+0000] {subprocess.py:106} INFO - 26/04/12 19:24:07 INFO StandaloneAppClient$ClientEndpoint: Executor added: app-20260412192407-0014/2 on worker-20260412190304-172.18.0.8-33391 (172.18.0.8:33391) with 2 core(s)
[2026-04-12T19:24:07.880+0000] {subprocess.py:106} INFO - 26/04/12 19:24:07 INFO StandaloneSchedulerBackend: Granted executor ID app-20260412192407-0014/2 on hostPort 172.18.0.8:33391 with 2 core(s), 2.0 GiB RAM
[2026-04-12T19:24:07.882+0000] {subprocess.py:106} INFO - 26/04/12 19:24:07 INFO StandaloneAppClient$ClientEndpoint: Executor added: app-20260412192407-0014/3 on worker-20260412190304-172.18.0.8-33391 (172.18.0.8:33391) with 2 core(s)
[2026-04-12T19:24:07.884+0000] {subprocess.py:106} INFO - 26/04/12 19:24:07 INFO StandaloneSchedulerBackend: Granted executor ID app-20260412192407-0014/3 on hostPort 172.18.0.8:33391 with 2 core(s), 2.0 GiB RAM
[2026-04-12T19:24:07.885+0000] {subprocess.py:106} INFO - 26/04/12 19:24:07 INFO StandaloneAppClient$ClientEndpoint: Executor added: app-20260412192407-0014/4 on worker-20260412190304-172.18.0.8-33391 (172.18.0.8:33391) with 2 core(s)
[2026-04-12T19:24:07.887+0000] {subprocess.py:106} INFO - 26/04/12 19:24:07 INFO StandaloneSchedulerBackend: Granted executor ID app-20260412192407-0014/4 on hostPort 172.18.0.8:33391 with 2 core(s), 2.0 GiB RAM
[2026-04-12T19:24:07.889+0000] {subprocess.py:106} INFO - 26/04/12 19:24:07 INFO Utils: Successfully started service 'org.apache.spark.network.netty.NettyBlockTransferService' on port 46261.
[2026-04-12T19:24:07.890+0000] {subprocess.py:106} INFO - 26/04/12 19:24:07 INFO NettyBlockTransferService: Server created on b4737cc55adb 0.0.0.0:46261
[2026-04-12T19:24:07.891+0000] {subprocess.py:106} INFO - 26/04/12 19:24:07 INFO StandaloneAppClient$ClientEndpoint: Executor added: app-20260412192407-0014/5 on worker-20260412190304-172.18.0.8-33391 (172.18.0.8:33391) with 2 core(s)
[2026-04-12T19:24:07.893+0000] {subprocess.py:106} INFO - 26/04/12 19:24:07 INFO StandaloneSchedulerBackend: Granted executor ID app-20260412192407-0014/5 on hostPort 172.18.0.8:33391 with 2 core(s), 2.0 GiB RAM
[2026-04-12T19:24:07.894+0000] {subprocess.py:106} INFO - 26/04/12 19:24:07 INFO BlockManager: Using org.apache.spark.storage.RandomBlockReplicationPolicy for block replication policy
[2026-04-12T19:24:07.907+0000] {subprocess.py:106} INFO - 26/04/12 19:24:07 INFO BlockManagerMaster: Registering BlockManager BlockManagerId(driver, b4737cc55adb, 46261, None)
[2026-04-12T19:24:07.920+0000] {subprocess.py:106} INFO - 26/04/12 19:24:07 INFO BlockManagerMasterEndpoint: Registering block manager b4737cc55adb:46261 with 434.4 MiB RAM, BlockManagerId(driver, b4737cc55adb, 46261, None)
[2026-04-12T19:24:07.926+0000] {subprocess.py:106} INFO - 26/04/12 19:24:07 INFO BlockManagerMaster: Registered BlockManager BlockManagerId(driver, b4737cc55adb, 46261, None)
[2026-04-12T19:24:07.927+0000] {subprocess.py:106} INFO - 26/04/12 19:24:07 INFO BlockManager: Initialized BlockManager: BlockManagerId(driver, b4737cc55adb, 46261, None)
[2026-04-12T19:24:07.966+0000] {subprocess.py:106} INFO - 26/04/12 19:24:07 INFO StandaloneAppClient$ClientEndpoint: Executor updated: app-20260412192407-0014/2 is now RUNNING
[2026-04-12T19:24:07.972+0000] {subprocess.py:106} INFO - 26/04/12 19:24:07 INFO StandaloneAppClient$ClientEndpoint: Executor updated: app-20260412192407-0014/3 is now RUNNING
[2026-04-12T19:24:07.979+0000] {subprocess.py:106} INFO - 26/04/12 19:24:07 INFO StandaloneAppClient$ClientEndpoint: Executor updated: app-20260412192407-0014/1 is now RUNNING
[2026-04-12T19:24:07.985+0000] {subprocess.py:106} INFO - 26/04/12 19:24:07 INFO StandaloneAppClient$ClientEndpoint: Executor updated: app-20260412192407-0014/4 is now RUNNING
[2026-04-12T19:24:07.992+0000] {subprocess.py:106} INFO - 26/04/12 19:24:07 INFO StandaloneAppClient$ClientEndpoint: Executor updated: app-20260412192407-0014/5 is now RUNNING
[2026-04-12T19:24:08.002+0000] {subprocess.py:106} INFO - 26/04/12 19:24:08 INFO StandaloneAppClient$ClientEndpoint: Executor updated: app-20260412192407-0014/0 is now RUNNING
[2026-04-12T19:24:08.485+0000] {subprocess.py:106} INFO - 26/04/12 19:24:08 INFO StandaloneSchedulerBackend: SchedulerBackend is ready for scheduling beginning after reached minRegisteredResourcesRatio: 0.0
[2026-04-12T19:24:08.987+0000] {subprocess.py:106} INFO - 2026-04-12 19:24:08,987 INFO Spark version: 3.5.5
[2026-04-12T19:24:09.008+0000] {subprocess.py:106} INFO - 26/04/12 19:24:09 INFO SharedState: Setting hive.metastore.warehouse.dir ('null') to the value of spark.sql.warehouse.dir.
[2026-04-12T19:24:09.021+0000] {subprocess.py:106} INFO - 26/04/12 19:24:09 INFO SharedState: Warehouse path is 'file:/tmp/***tmph_s561et/spark-warehouse'.
[2026-04-12T19:24:13.211+0000] {subprocess.py:106} INFO - 26/04/12 19:24:13 INFO CatalogUtil: Loading custom FileIO implementation: org.apache.iceberg.hadoop.HadoopFileIO
[2026-04-12T19:24:14.711+0000] {subprocess.py:106} INFO - 26/04/12 19:24:14 INFO StandaloneSchedulerBackend$StandaloneDriverEndpoint: Registered executor NettyRpcEndpointRef(spark-client://Executor) (172.18.0.8:45158) with ID 0,  ResourceProfileId 0
[2026-04-12T19:24:14.747+0000] {subprocess.py:106} INFO - 26/04/12 19:24:14 INFO StandaloneSchedulerBackend$StandaloneDriverEndpoint: Registered executor NettyRpcEndpointRef(spark-client://Executor) (172.18.0.8:45156) with ID 1,  ResourceProfileId 0
[2026-04-12T19:24:14.848+0000] {subprocess.py:106} INFO - 26/04/12 19:24:14 INFO StandaloneSchedulerBackend$StandaloneDriverEndpoint: Registered executor NettyRpcEndpointRef(spark-client://Executor) (172.18.0.8:45168) with ID 2,  ResourceProfileId 0
[2026-04-12T19:24:14.890+0000] {subprocess.py:106} INFO - 26/04/12 19:24:14 INFO StandaloneSchedulerBackend$StandaloneDriverEndpoint: Registered executor NettyRpcEndpointRef(spark-client://Executor) (172.18.0.8:45186) with ID 4,  ResourceProfileId 0
[2026-04-12T19:24:14.943+0000] {subprocess.py:106} INFO - 26/04/12 19:24:14 INFO BlockManagerMasterEndpoint: Registering block manager 172.18.0.8:34735 with 1048.8 MiB RAM, BlockManagerId(0, 172.18.0.8, 34735, None)
[2026-04-12T19:24:14.995+0000] {subprocess.py:106} INFO - 26/04/12 19:24:14 INFO BlockManagerMasterEndpoint: Registering block manager 172.18.0.8:41091 with 1048.8 MiB RAM, BlockManagerId(1, 172.18.0.8, 41091, None)
[2026-04-12T19:24:15.027+0000] {subprocess.py:106} INFO - 26/04/12 19:24:15 INFO StandaloneSchedulerBackend$StandaloneDriverEndpoint: Registered executor NettyRpcEndpointRef(spark-client://Executor) (172.18.0.8:45194) with ID 5,  ResourceProfileId 0
[2026-04-12T19:24:15.075+0000] {subprocess.py:106} INFO - 26/04/12 19:24:15 INFO BlockManagerMasterEndpoint: Registering block manager 172.18.0.8:36371 with 1048.8 MiB RAM, BlockManagerId(2, 172.18.0.8, 36371, None)
[2026-04-12T19:24:15.113+0000] {subprocess.py:106} INFO - 26/04/12 19:24:15 INFO BlockManagerMasterEndpoint: Registering block manager 172.18.0.8:39201 with 1048.8 MiB RAM, BlockManagerId(4, 172.18.0.8, 39201, None)
[2026-04-12T19:24:15.213+0000] {subprocess.py:106} INFO - 26/04/12 19:24:15 INFO BlockManagerMasterEndpoint: Registering block manager 172.18.0.8:44309 with 1048.8 MiB RAM, BlockManagerId(5, 172.18.0.8, 44309, None)
[2026-04-12T19:24:15.494+0000] {subprocess.py:106} INFO - 26/04/12 19:24:15 INFO StandaloneSchedulerBackend$StandaloneDriverEndpoint: Registered executor NettyRpcEndpointRef(spark-client://Executor) (172.18.0.8:45198) with ID 3,  ResourceProfileId 0
[2026-04-12T19:24:15.788+0000] {subprocess.py:106} INFO - 26/04/12 19:24:15 INFO BlockManagerMasterEndpoint: Registering block manager 172.18.0.8:33671 with 1048.8 MiB RAM, BlockManagerId(3, 172.18.0.8, 33671, None)
[2026-04-12T19:24:16.132+0000] {subprocess.py:106} INFO - 2026-04-12 19:24:16,132 INFO Namespace 'nessie.gold' listo.
[2026-04-12T19:24:16.134+0000] {subprocess.py:106} INFO - 2026-04-12 19:24:16,132 INFO
[2026-04-12T19:24:16.135+0000] {subprocess.py:106} INFO - [★] cant_post_x_user_hist
[2026-04-12T19:24:17.951+0000] {subprocess.py:106} INFO - 26/04/12 19:24:17 INFO BaseMetastoreTableOperations: Refreshing table metadata from new version: s3a://iceberg/silver/users_hist_29ea4f81-25a2-4974-a1d5-7fcae2b69ddf/metadata/00004-7be93143-7a63-496e-b545-ad2e967da356.gz.metadata.json
[2026-04-12T19:24:18.527+0000] {subprocess.py:106} INFO - 26/04/12 19:24:18 WARN MetricsConfig: Cannot locate configuration: tried hadoop-metrics2-s3a-file-system.properties,hadoop-metrics2.properties
[2026-04-12T19:24:18.592+0000] {subprocess.py:106} INFO - 26/04/12 19:24:18 INFO MetricsSystemImpl: Scheduled Metric snapshot period at 10 second(s).
[2026-04-12T19:24:18.594+0000] {subprocess.py:106} INFO - 26/04/12 19:24:18 INFO MetricsSystemImpl: s3a-file-system metrics system started
[2026-04-12T19:24:22.575+0000] {subprocess.py:106} INFO - 26/04/12 19:24:22 INFO NessieUtil: loadTableMetadata for 'silver.users_hist' from location 's3a://iceberg/silver/users_hist_29ea4f81-25a2-4974-a1d5-7fcae2b69ddf/metadata/00004-7be93143-7a63-496e-b545-ad2e967da356.gz.metadata.json' at 'Branch{name=main, metadata=null, hash=30ea234215a480b4d20fd7771eaa862b060db5205cfc96284d315ec79cc31bf3}'
[2026-04-12T19:24:22.598+0000] {subprocess.py:106} INFO - 26/04/12 19:24:22 INFO BaseMetastoreCatalog: Table loaded by catalog: nessie.silver.users_hist
[2026-04-12T19:24:23.109+0000] {subprocess.py:106} INFO - Traceback (most recent call last):
[2026-04-12T19:24:23.111+0000] {subprocess.py:106} INFO -   File "/opt/***/scripts/gold_agg.py", line 306, in <module>
[2026-04-12T19:24:23.115+0000] {subprocess.py:106} INFO -     main()
[2026-04-12T19:24:23.116+0000] {subprocess.py:106} INFO -   File "/opt/***/scripts/gold_agg.py", line 293, in main
[2026-04-12T19:24:23.119+0000] {subprocess.py:106} INFO -     total = build_cant_post_x_user_hist(spark)
[2026-04-12T19:24:23.120+0000] {subprocess.py:106} INFO -             ^^^^^^^^^^^^^^^^^^^^^^^^^^^^^^^^^^
[2026-04-12T19:24:23.121+0000] {subprocess.py:106} INFO -   File "/opt/***/scripts/gold_agg.py", line 119, in build_cant_post_x_user_hist
[2026-04-12T19:24:23.123+0000] {subprocess.py:106} INFO -     df = spark.sql(f"""
[2026-04-12T19:24:23.124+0000] {subprocess.py:106} INFO -          ^^^^^^^^^^^^^^
[2026-04-12T19:24:23.128+0000] {subprocess.py:106} INFO -   File "/opt/spark/python/lib/pyspark.zip/pyspark/sql/session.py", line 1631, in sql
[2026-04-12T19:24:23.129+0000] {subprocess.py:106} INFO -   File "/opt/spark/python/lib/py4j-0.10.9.7-src.zip/py4j/java_gateway.py", line 1322, in __call__
[2026-04-12T19:24:23.134+0000] {subprocess.py:106} INFO -   File "/opt/spark/python/lib/pyspark.zip/pyspark/errors/exceptions/captured.py", line 185, in deco
[2026-04-12T19:24:23.137+0000] {subprocess.py:106} INFO - pyspark.errors.exceptions.captured.AnalysisException: [TABLE_OR_VIEW_NOT_FOUND] The table or view `nessie`.`silver`.`post_hist` cannot be found. Verify the spelling and correctness of the schema and catalog.
[2026-04-12T19:24:23.140+0000] {subprocess.py:106} INFO - If you did not qualify the name with a schema, verify the current_schema() output, or qualify the name with the correct schema and catalog.
[2026-04-12T19:24:23.141+0000] {subprocess.py:106} INFO - To tolerate the error on drop use DROP VIEW IF EXISTS or DROP TABLE IF EXISTS.; line 17 pos 13;
[2026-04-12T19:24:23.142+0000] {subprocess.py:106} INFO - 'Aggregate ['p.OwnerUserId, 'u.DisplayName, 'p.anio, 'p.PostTypeId], ['p.OwnerUserId AS user_id#0, 'COALESCE('u.DisplayName, Unknown) AS display_name#1, 'p.anio AS anio#2, 'p.PostTypeId AS post_type_id#3, CASE WHEN ('p.PostTypeId = 1) THEN Question WHEN ('p.PostTypeId = 2) THEN Answer ELSE Other END AS post_type#4, 'COUNT('p.Id) AS cant_posts#5, 'COALESCE('SUM('p.Score), 0) AS total_score#6, 'ROUND('AVG('p.Score), 2) AS avg_score#7, 'COALESCE('SUM('p.ViewCount), 0) AS total_views#8, cast(2026-04-12 19:24:06 as timestamp) AS fecha_cargue#9]
[2026-04-12T19:24:23.144+0000] {subprocess.py:106} INFO - +- 'Filter isnotnull('p.OwnerUserId)
[2026-04-12T19:24:23.145+0000] {subprocess.py:106} INFO -    +- 'Join LeftOuter, ('p.OwnerUserId = 'u.Id)
[2026-04-12T19:24:23.147+0000] {subprocess.py:106} INFO -       :- 'SubqueryAlias p
[2026-04-12T19:24:23.149+0000] {subprocess.py:106} INFO -       :  +- 'UnresolvedRelation [nessie, silver, post_hist], [], false
[2026-04-12T19:24:23.150+0000] {subprocess.py:106} INFO -       +- SubqueryAlias u
[2026-04-12T19:24:23.152+0000] {subprocess.py:106} INFO -          +- SubqueryAlias nessie.silver.users_hist
[2026-04-12T19:24:23.153+0000] {subprocess.py:106} INFO -             +- RelationV2[Id#10L, Reputation#11L, creation_date#12, DisplayName#13, LastAccessDate#14, Views#15L, UpVotes#16L, DownVotes#17L, location#18, AccountId#19L, anio#20, fecha_cargue#21, fuente#22] nessie.silver.users_hist nessie.silver.users_hist
[2026-04-12T19:24:23.154+0000] {subprocess.py:106} INFO - 
[2026-04-12T19:24:23.156+0000] {subprocess.py:106} INFO - 2026-04-12 19:24:23,137 INFO Closing down clientserver connection
[2026-04-12T19:24:23.217+0000] {subprocess.py:106} INFO - 26/04/12 19:24:23 INFO SparkContext: Invoking stop() from shutdown hook
[2026-04-12T19:24:23.218+0000] {subprocess.py:106} INFO - 26/04/12 19:24:23 INFO SparkContext: SparkContext is stopping with exitCode 0.
[2026-04-12T19:24:23.247+0000] {subprocess.py:106} INFO - 26/04/12 19:24:23 INFO SparkUI: Stopped Spark web UI at http://b4737cc55adb:4040
[2026-04-12T19:24:23.262+0000] {subprocess.py:106} INFO - 26/04/12 19:24:23 INFO StandaloneSchedulerBackend: Shutting down all executors
[2026-04-12T19:24:23.265+0000] {subprocess.py:106} INFO - 26/04/12 19:24:23 INFO StandaloneSchedulerBackend$StandaloneDriverEndpoint: Asking each executor to shut down
[2026-04-12T19:24:23.309+0000] {subprocess.py:106} INFO - 26/04/12 19:24:23 INFO MapOutputTrackerMasterEndpoint: MapOutputTrackerMasterEndpoint stopped!
[2026-04-12T19:24:23.387+0000] {subprocess.py:106} INFO - 26/04/12 19:24:23 INFO MemoryStore: MemoryStore cleared
[2026-04-12T19:24:23.403+0000] {subprocess.py:106} INFO - 26/04/12 19:24:23 INFO BlockManager: BlockManager stopped
[2026-04-12T19:24:23.424+0000] {subprocess.py:106} INFO - 26/04/12 19:24:23 INFO BlockManagerMaster: BlockManagerMaster stopped
[2026-04-12T19:24:23.446+0000] {subprocess.py:106} INFO - 26/04/12 19:24:23 INFO OutputCommitCoordinator$OutputCommitCoordinatorEndpoint: OutputCommitCoordinator stopped!
[2026-04-12T19:24:23.494+0000] {subprocess.py:106} INFO - 26/04/12 19:24:23 ERROR TransportRequestHandler: Error sending result StreamResponse[streamId=/jars/org.apache.iceberg_iceberg-spark-runtime-3.5_2.12-1.6.1.jar,byteCount=41824467,body=FileSegmentManagedBuffer[file=/home/***/.ivy2/jars/org.apache.iceberg_iceberg-spark-runtime-3.5_2.12-1.6.1.jar,offset=0,length=41824467]] to /172.18.0.8:45232; closing connection
[2026-04-12T19:24:23.506+0000] {subprocess.py:106} INFO - io.netty.channel.StacklessClosedChannelException
[2026-04-12T19:24:23.511+0000] {subprocess.py:106} INFO - 	at io.netty.channel.AbstractChannel.close(ChannelPromise)(Unknown Source)
[2026-04-12T19:24:23.521+0000] {subprocess.py:106} INFO - 26/04/12 19:24:23 ERROR TransportRequestHandler: Error sending result StreamResponse[streamId=/jars/org.apache.iceberg_iceberg-spark-runtime-3.5_2.12-1.6.1.jar,byteCount=41824467,body=FileSegmentManagedBuffer[file=/home/***/.ivy2/jars/org.apache.iceberg_iceberg-spark-runtime-3.5_2.12-1.6.1.jar,offset=0,length=41824467]] to /172.18.0.8:45244; closing connection
[2026-04-12T19:24:23.523+0000] {subprocess.py:106} INFO - io.netty.channel.StacklessClosedChannelException
[2026-04-12T19:24:23.530+0000] {subprocess.py:106} INFO - 	at io.netty.channel.AbstractChannel.close(ChannelPromise)(Unknown Source)
[2026-04-12T19:24:23.618+0000] {subprocess.py:106} INFO - 26/04/12 19:24:23 INFO SparkContext: Successfully stopped SparkContext
[2026-04-12T19:24:23.624+0000] {subprocess.py:106} INFO - 26/04/12 19:24:23 INFO ShutdownHookManager: Shutdown hook called
[2026-04-12T19:24:23.626+0000] {subprocess.py:106} INFO - 26/04/12 19:24:23 INFO ShutdownHookManager: Deleting directory /tmp/spark-818ee92b-51a6-4617-a791-81c1fb9e5131
[2026-04-12T19:24:23.627+0000] {subprocess.py:106} INFO - 26/04/12 19:24:23 INFO ShutdownHookManager: Deleting directory /tmp/spark-9cdf973a-94dd-4098-9630-6e6ca4fe926e
[2026-04-12T19:24:23.637+0000] {subprocess.py:106} INFO - 26/04/12 19:24:23 INFO ShutdownHookManager: Deleting directory /tmp/spark-9cdf973a-94dd-4098-9630-6e6ca4fe926e/pyspark-0bb01f8a-5199-49f1-8fe5-7627d0ebcf26
[2026-04-12T19:24:23.648+0000] {subprocess.py:106} INFO - 26/04/12 19:24:23 INFO MetricsSystemImpl: Stopping s3a-file-system metrics system...
[2026-04-12T19:24:23.652+0000] {subprocess.py:106} INFO - 26/04/12 19:24:23 INFO MetricsSystemImpl: s3a-file-system metrics system stopped.
[2026-04-12T19:24:23.655+0000] {subprocess.py:106} INFO - 26/04/12 19:24:23 INFO MetricsSystemImpl: s3a-file-system metrics system shutdown complete.
[2026-04-12T19:24:24.018+0000] {subprocess.py:110} INFO - Command exited with return code 1
[2026-04-12T19:24:24.031+0000] {taskinstance.py:3311} ERROR - Task failed with exception
Traceback (most recent call last):
  File "/home/airflow/.local/lib/python3.12/site-packages/airflow/models/taskinstance.py", line 762, in _execute_task
    result = _execute_callable(context=context, **execute_callable_kwargs)
             ^^^^^^^^^^^^^^^^^^^^^^^^^^^^^^^^^^^^^^^^^^^^^^^^^^^^^^^^^^^^^
  File "/home/airflow/.local/lib/python3.12/site-packages/airflow/models/taskinstance.py", line 733, in _execute_callable
    return ExecutionCallableRunner(
           ^^^^^^^^^^^^^^^^^^^^^^^^
  File "/home/airflow/.local/lib/python3.12/site-packages/airflow/utils/operator_helpers.py", line 252, in run
    return self.func(*args, **kwargs)
           ^^^^^^^^^^^^^^^^^^^^^^^^^^
  File "/home/airflow/.local/lib/python3.12/site-packages/airflow/models/baseoperator.py", line 417, in wrapper
    return func(self, *args, **kwargs)
           ^^^^^^^^^^^^^^^^^^^^^^^^^^^
  File "/home/airflow/.local/lib/python3.12/site-packages/airflow/operators/bash.py", line 276, in execute
    raise AirflowException(
airflow.exceptions.AirflowException: Bash command failed. The command returned a non-zero exit code 1.
[2026-04-12T19:24:24.039+0000] {taskinstance.py:1225} INFO - Marking task as FAILED. dag_id=stackoverflow_pipeline, task_id=gold_agg, run_id=manual__2026-04-12T19:12:10+00:00, execution_date=20260412T191210, start_date=20260412T192404, end_date=20260412T192424
[2026-04-12T19:24:24.057+0000] {taskinstance.py:340} INFO - ::group::Post task execution logs
[2026-04-12T19:24:24.059+0000] {standard_task_runner.py:124} ERROR - Failed to execute job 27 for task gold_agg (Bash command failed. The command returned a non-zero exit code 1.; 4675)
Traceback (most recent call last):
  File "/home/airflow/.local/lib/python3.12/site-packages/airflow/task/task_runner/standard_task_runner.py", line 117, in _start_by_fork
    ret = args.func(args, dag=self.dag)
          ^^^^^^^^^^^^^^^^^^^^^^^^^^^^^
  File "/home/airflow/.local/lib/python3.12/site-packages/airflow/cli/cli_config.py", line 49, in command
    return func(*args, **kwargs)
           ^^^^^^^^^^^^^^^^^^^^^
  File "/home/airflow/.local/lib/python3.12/site-packages/airflow/utils/cli.py", line 116, in wrapper
    return f(*args, **kwargs)
           ^^^^^^^^^^^^^^^^^^
  File "/home/airflow/.local/lib/python3.12/site-packages/airflow/cli/commands/task_command.py", line 483, in task_run
    task_return_code = _run_task_by_selected_method(args, _dag, ti)
                       ^^^^^^^^^^^^^^^^^^^^^^^^^^^^^^^^^^^^^^^^^^^^
  File "/home/airflow/.local/lib/python3.12/site-packages/airflow/cli/commands/task_command.py", line 256, in _run_task_by_selected_method
    return _run_raw_task(args, ti)
           ^^^^^^^^^^^^^^^^^^^^^^^
  File "/home/airflow/.local/lib/python3.12/site-packages/airflow/cli/commands/task_command.py", line 341, in _run_raw_task
    return ti._run_raw_task(
           ^^^^^^^^^^^^^^^^^
  File "/home/airflow/.local/lib/python3.12/site-packages/airflow/utils/session.py", line 97, in wrapper
    return func(*args, session=session, **kwargs)
           ^^^^^^^^^^^^^^^^^^^^^^^^^^^^^^^^^^^^^^
  File "/home/airflow/.local/lib/python3.12/site-packages/airflow/models/taskinstance.py", line 3005, in _run_raw_task
    return _run_raw_task(
           ^^^^^^^^^^^^^^
  File "/home/airflow/.local/lib/python3.12/site-packages/airflow/models/taskinstance.py", line 273, in _run_raw_task
    TaskInstance._execute_task_with_callbacks(
  File "/home/airflow/.local/lib/python3.12/site-packages/airflow/models/taskinstance.py", line 3159, in _execute_task_with_callbacks
    result = self._execute_task(context, task_orig)
             ^^^^^^^^^^^^^^^^^^^^^^^^^^^^^^^^^^^^^^
  File "/home/airflow/.local/lib/python3.12/site-packages/airflow/models/taskinstance.py", line 3183, in _execute_task
    return _execute_task(self, context, task_orig)
           ^^^^^^^^^^^^^^^^^^^^^^^^^^^^^^^^^^^^^^^
  File "/home/airflow/.local/lib/python3.12/site-packages/airflow/models/taskinstance.py", line 762, in _execute_task
    result = _execute_callable(context=context, **execute_callable_kwargs)
             ^^^^^^^^^^^^^^^^^^^^^^^^^^^^^^^^^^^^^^^^^^^^^^^^^^^^^^^^^^^^^
  File "/home/airflow/.local/lib/python3.12/site-packages/airflow/models/taskinstance.py", line 733, in _execute_callable
    return ExecutionCallableRunner(
           ^^^^^^^^^^^^^^^^^^^^^^^^
  File "/home/airflow/.local/lib/python3.12/site-packages/airflow/utils/operator_helpers.py", line 252, in run
    return self.func(*args, **kwargs)
           ^^^^^^^^^^^^^^^^^^^^^^^^^^
  File "/home/airflow/.local/lib/python3.12/site-packages/airflow/models/baseoperator.py", line 417, in wrapper
    return func(self, *args, **kwargs)
           ^^^^^^^^^^^^^^^^^^^^^^^^^^^
  File "/home/airflow/.local/lib/python3.12/site-packages/airflow/operators/bash.py", line 276, in execute
    raise AirflowException(
airflow.exceptions.AirflowException: Bash command failed. The command returned a non-zero exit code 1.
[2026-04-12T19:24:24.078+0000] {local_task_job_runner.py:266} INFO - Task exited with return code 1
[2026-04-12T19:24:24.095+0000] {taskinstance.py:3895} INFO - 0 downstream tasks scheduled from follow-on schedule check
[2026-04-12T19:24:24.098+0000] {local_task_job_runner.py:245} INFO - ::endgroup::
