[2026-04-12T19:18:38.655+0000] {local_task_job_runner.py:123} INFO - ::group::Pre task execution logs
[2026-04-12T19:18:38.679+0000] {taskinstance.py:2613} INFO - Dependencies all met for dep_context=non-requeueable deps ti=<TaskInstance: stackoverflow_pipeline.gold_agg manual__2026-04-12T19:12:10+00:00 [queued]>
[2026-04-12T19:18:38.690+0000] {taskinstance.py:2613} INFO - Dependencies all met for dep_context=requeueable deps ti=<TaskInstance: stackoverflow_pipeline.gold_agg manual__2026-04-12T19:12:10+00:00 [queued]>
[2026-04-12T19:18:38.691+0000] {taskinstance.py:2866} INFO - Starting attempt 1 of 2
[2026-04-12T19:18:38.706+0000] {taskinstance.py:2889} INFO - Executing <Task(BashOperator): gold_agg> on 2026-04-12 19:12:10+00:00
[2026-04-12T19:18:38.713+0000] {warnings.py:112} WARNING - /home/***/.local/lib/python3.12/site-packages/***/task/task_runner/standard_task_runner.py:70: DeprecationWarning: This process (pid=3785) is multi-threaded, use of fork() may lead to deadlocks in the child.
  pid = os.fork()

[2026-04-12T19:18:38.716+0000] {standard_task_runner.py:72} INFO - Started process 3786 to run task
[2026-04-12T19:18:38.716+0000] {standard_task_runner.py:104} INFO - Running: ['***', 'tasks', 'run', 'stackoverflow_pipeline', 'gold_agg', 'manual__2026-04-12T19:12:10+00:00', '--job-id', '23', '--raw', '--subdir', 'DAGS_FOLDER/stackoverflow_pipeline.py', '--cfg-path', '/tmp/tmpwoa5ay9f']
[2026-04-12T19:18:38.718+0000] {standard_task_runner.py:105} INFO - Job 23: Subtask gold_agg
[2026-04-12T19:18:38.781+0000] {task_command.py:467} INFO - Running <TaskInstance: stackoverflow_pipeline.gold_agg manual__2026-04-12T19:12:10+00:00 [running]> on host b4737cc55adb
[2026-04-12T19:18:38.895+0000] {taskinstance.py:3132} INFO - Exporting env vars: AIRFLOW_CTX_DAG_OWNER='fhbd-grupo' AIRFLOW_CTX_DAG_ID='stackoverflow_pipeline' AIRFLOW_CTX_TASK_ID='gold_agg' AIRFLOW_CTX_EXECUTION_DATE='2026-04-12T19:12:10+00:00' AIRFLOW_CTX_TRY_NUMBER='1' AIRFLOW_CTX_DAG_RUN_ID='manual__2026-04-12T19:12:10+00:00'
[2026-04-12T19:18:38.896+0000] {taskinstance.py:731} INFO - ::endgroup::
[2026-04-12T19:18:38.916+0000] {subprocess.py:78} INFO - Tmp dir root location: /tmp
[2026-04-12T19:18:38.918+0000] {subprocess.py:88} INFO - Running command: ['/usr/bin/bash', '-c', '/opt/spark/bin/spark-submit --master spark://spark-master:7077 --conf spark.submit.deployMode=client --conf spark.driver.bindAddress=0.0.0.0 --conf spark.executor.instances=1 --conf spark.executor.cores=2 --conf spark.executor.memory=2g --conf spark.driver.memory=1g --conf spark.sql.extensions=org.apache.iceberg.spark.extensions.IcebergSparkSessionExtensions,org.projectnessie.spark.extensions.NessieSparkSessionExtensions --conf spark.sql.catalog.nessie=org.apache.iceberg.spark.SparkCatalog --conf spark.sql.catalog.nessie.catalog-impl=org.apache.iceberg.nessie.NessieCatalog --conf spark.sql.catalog.nessie.uri=http://proyecto2-nessie:19120/api/v1 --conf spark.sql.catalog.nessie.ref=main --conf spark.sql.catalog.nessie.authentication.type=NONE --conf spark.sql.catalog.nessie.warehouse=s3a://iceberg/ --conf spark.hadoop.fs.s3a.endpoint=http://proyecto2-minio:9000 --conf spark.hadoop.fs.s3a.access.key=minioadmin --conf spark.hadoop.fs.s3a.secret.key=minioadmin123 --conf spark.hadoop.fs.s3a.path.style.access=true --conf spark.hadoop.fs.s3a.impl=org.apache.hadoop.fs.s3a.S3AFileSystem --conf spark.hadoop.fs.s3a.aws.credentials.provider=org.apache.hadoop.fs.s3a.SimpleAWSCredentialsProvider --conf spark.hadoop.fs.s3a.connection.ssl.enabled=false --packages org.apache.iceberg:iceberg-spark-runtime-3.5_2.12:1.6.1,org.projectnessie.nessie-integrations:nessie-spark-extensions-3.5_2.12:0.95.0,org.apache.hadoop:hadoop-aws:3.3.4,com.amazonaws:aws-java-sdk-bundle:1.12.262 --name gold_cant_post_x_user_hist --verbose /opt/***/scripts/gold_agg.py']
[2026-04-12T19:18:38.929+0000] {subprocess.py:99} INFO - Output:
[2026-04-12T19:18:38.939+0000] {subprocess.py:106} INFO - /opt/spark/bin/load-spark-env.sh: line 68: ps: command not found
[2026-04-12T19:18:40.431+0000] {subprocess.py:106} INFO - Using properties file: null
[2026-04-12T19:18:40.575+0000] {subprocess.py:106} INFO - Parsed arguments:
[2026-04-12T19:18:40.576+0000] {subprocess.py:106} INFO -   master                  spark://spark-master:7077
[2026-04-12T19:18:40.578+0000] {subprocess.py:106} INFO -   remote                  null
[2026-04-12T19:18:40.579+0000] {subprocess.py:106} INFO -   deployMode              client
[2026-04-12T19:18:40.580+0000] {subprocess.py:106} INFO -   executorMemory          2g
[2026-04-12T19:18:40.581+0000] {subprocess.py:106} INFO -   executorCores           2
[2026-04-12T19:18:40.582+0000] {subprocess.py:106} INFO -   totalExecutorCores      null
[2026-04-12T19:18:40.583+0000] {subprocess.py:106} INFO -   propertiesFile          null
[2026-04-12T19:18:40.584+0000] {subprocess.py:106} INFO -   driverMemory            1g
[2026-04-12T19:18:40.585+0000] {subprocess.py:106} INFO -   driverCores             null
[2026-04-12T19:18:40.586+0000] {subprocess.py:106} INFO -   driverExtraClassPath    null
[2026-04-12T19:18:40.587+0000] {subprocess.py:106} INFO -   driverExtraLibraryPath  null
[2026-04-12T19:18:40.588+0000] {subprocess.py:106} INFO -   driverExtraJavaOptions  null
[2026-04-12T19:18:40.589+0000] {subprocess.py:106} INFO -   supervise               false
[2026-04-12T19:18:40.590+0000] {subprocess.py:106} INFO -   queue                   null
[2026-04-12T19:18:40.591+0000] {subprocess.py:106} INFO -   numExecutors            1
[2026-04-12T19:18:40.592+0000] {subprocess.py:106} INFO -   files                   null
[2026-04-12T19:18:40.593+0000] {subprocess.py:106} INFO -   pyFiles                 null
[2026-04-12T19:18:40.594+0000] {subprocess.py:106} INFO -   archives                null
[2026-04-12T19:18:40.595+0000] {subprocess.py:106} INFO -   mainClass               null
[2026-04-12T19:18:40.596+0000] {subprocess.py:106} INFO -   primaryResource         file:/opt/***/scripts/gold_agg.py
[2026-04-12T19:18:40.597+0000] {subprocess.py:106} INFO -   name                    gold_cant_post_x_user_hist
[2026-04-12T19:18:40.598+0000] {subprocess.py:106} INFO -   childArgs               []
[2026-04-12T19:18:40.599+0000] {subprocess.py:106} INFO -   jars                    null
[2026-04-12T19:18:40.600+0000] {subprocess.py:106} INFO -   packages                org.apache.iceberg:iceberg-spark-runtime-3.5_2.12:1.6.1,org.projectnessie.nessie-integrations:nessie-spark-extensions-3.5_2.12:0.95.0,org.apache.hadoop:hadoop-aws:3.3.4,com.amazonaws:aws-java-sdk-bundle:1.12.262
[2026-04-12T19:18:40.601+0000] {subprocess.py:106} INFO -   packagesExclusions      null
[2026-04-12T19:18:40.602+0000] {subprocess.py:106} INFO -   repositories            null
[2026-04-12T19:18:40.602+0000] {subprocess.py:106} INFO -   verbose                 true
[2026-04-12T19:18:40.603+0000] {subprocess.py:106} INFO - 
[2026-04-12T19:18:40.604+0000] {subprocess.py:106} INFO - Spark properties used, including those specified through
[2026-04-12T19:18:40.604+0000] {subprocess.py:106} INFO -  --conf and those from the properties file null:
[2026-04-12T19:18:40.605+0000] {subprocess.py:106} INFO -   (spark.driver.bindAddress,0.0.0.0)
[2026-04-12T19:18:40.606+0000] {subprocess.py:106} INFO -   (spark.driver.memory,1g)
[2026-04-12T19:18:40.607+0000] {subprocess.py:106} INFO -   (spark.executor.cores,2)
[2026-04-12T19:18:40.607+0000] {subprocess.py:106} INFO -   (spark.executor.instances,1)
[2026-04-12T19:18:40.608+0000] {subprocess.py:106} INFO -   (spark.executor.memory,2g)
[2026-04-12T19:18:40.609+0000] {subprocess.py:106} INFO -   (spark.hadoop.fs.s3a.access.key,*********(redacted))
[2026-04-12T19:18:40.610+0000] {subprocess.py:106} INFO -   (spark.hadoop.fs.s3a.aws.credentials.provider,org.apache.hadoop.fs.s3a.SimpleAWSCredentialsProvider)
[2026-04-12T19:18:40.610+0000] {subprocess.py:106} INFO -   (spark.hadoop.fs.s3a.connection.ssl.enabled,false)
[2026-04-12T19:18:40.611+0000] {subprocess.py:106} INFO -   (spark.hadoop.fs.s3a.endpoint,http://proyecto2-minio:9000)
[2026-04-12T19:18:40.612+0000] {subprocess.py:106} INFO -   (spark.hadoop.fs.s3a.impl,org.apache.hadoop.fs.s3a.S3AFileSystem)
[2026-04-12T19:18:40.613+0000] {subprocess.py:106} INFO -   (spark.hadoop.fs.s3a.path.style.access,true)
[2026-04-12T19:18:40.613+0000] {subprocess.py:106} INFO -   (spark.hadoop.fs.s3a.secret.key,*********(redacted))
[2026-04-12T19:18:40.614+0000] {subprocess.py:106} INFO -   (spark.sql.catalog.nessie,org.apache.iceberg.spark.SparkCatalog)
[2026-04-12T19:18:40.614+0000] {subprocess.py:106} INFO -   (spark.sql.catalog.nessie.authentication.type,NONE)
[2026-04-12T19:18:40.615+0000] {subprocess.py:106} INFO -   (spark.sql.catalog.nessie.catalog-impl,org.apache.iceberg.nessie.NessieCatalog)
[2026-04-12T19:18:40.616+0000] {subprocess.py:106} INFO -   (spark.sql.catalog.nessie.ref,main)
[2026-04-12T19:18:40.616+0000] {subprocess.py:106} INFO -   (spark.sql.catalog.nessie.uri,http://proyecto2-nessie:19120/api/v1)
[2026-04-12T19:18:40.617+0000] {subprocess.py:106} INFO -   (spark.sql.catalog.nessie.warehouse,s3a://iceberg/)
[2026-04-12T19:18:40.618+0000] {subprocess.py:106} INFO -   (spark.sql.extensions,org.apache.iceberg.spark.extensions.IcebergSparkSessionExtensions,org.projectnessie.spark.extensions.NessieSparkSessionExtensions)
[2026-04-12T19:18:40.618+0000] {subprocess.py:106} INFO -   (spark.submit.deployMode,client)
[2026-04-12T19:18:40.619+0000] {subprocess.py:106} INFO - 
[2026-04-12T19:18:40.620+0000] {subprocess.py:106} INFO - 
[2026-04-12T19:18:40.769+0000] {subprocess.py:106} INFO - :: loading settings :: url = jar:file:/opt/spark/jars/ivy-2.5.1.jar!/org/apache/ivy/core/settings/ivysettings.xml
[2026-04-12T19:18:40.860+0000] {subprocess.py:106} INFO - Ivy Default Cache set to: /home/***/.ivy2/cache
[2026-04-12T19:18:40.861+0000] {subprocess.py:106} INFO - The jars for the packages stored in: /home/***/.ivy2/jars
[2026-04-12T19:18:40.869+0000] {subprocess.py:106} INFO - org.apache.iceberg#iceberg-spark-runtime-3.5_2.12 added as a dependency
[2026-04-12T19:18:40.870+0000] {subprocess.py:106} INFO - org.projectnessie.nessie-integrations#nessie-spark-extensions-3.5_2.12 added as a dependency
[2026-04-12T19:18:40.871+0000] {subprocess.py:106} INFO - org.apache.hadoop#hadoop-aws added as a dependency
[2026-04-12T19:18:40.872+0000] {subprocess.py:106} INFO - com.amazonaws#aws-java-sdk-bundle added as a dependency
[2026-04-12T19:18:40.873+0000] {subprocess.py:106} INFO - :: resolving dependencies :: org.apache.spark#spark-submit-parent-3f1b0831-f6d4-4212-86d7-fad4d432bd08;1.0
[2026-04-12T19:18:40.874+0000] {subprocess.py:106} INFO - 	confs: [default]
[2026-04-12T19:18:41.031+0000] {subprocess.py:106} INFO - 	found org.apache.iceberg#iceberg-spark-runtime-3.5_2.12;1.6.1 in central
[2026-04-12T19:18:41.061+0000] {subprocess.py:106} INFO - 	found org.projectnessie.nessie-integrations#nessie-spark-extensions-3.5_2.12;0.95.0 in central
[2026-04-12T19:18:41.157+0000] {subprocess.py:106} INFO - 	found org.apache.hadoop#hadoop-aws;3.3.4 in central
[2026-04-12T19:18:41.206+0000] {subprocess.py:106} INFO - 	found com.amazonaws#aws-java-sdk-bundle;1.12.262 in central
[2026-04-12T19:18:41.241+0000] {subprocess.py:106} INFO - 	found org.wildfly.openssl#wildfly-openssl;1.0.7.Final in central
[2026-04-12T19:18:41.265+0000] {subprocess.py:106} INFO - :: resolution report :: resolve 384ms :: artifacts dl 11ms
[2026-04-12T19:18:41.267+0000] {subprocess.py:106} INFO - 	:: modules in use:
[2026-04-12T19:18:41.268+0000] {subprocess.py:106} INFO - 	com.amazonaws#aws-java-sdk-bundle;1.12.262 from central in [default]
[2026-04-12T19:18:41.269+0000] {subprocess.py:106} INFO - 	org.apache.hadoop#hadoop-aws;3.3.4 from central in [default]
[2026-04-12T19:18:41.270+0000] {subprocess.py:106} INFO - 	org.apache.iceberg#iceberg-spark-runtime-3.5_2.12;1.6.1 from central in [default]
[2026-04-12T19:18:41.271+0000] {subprocess.py:106} INFO - 	org.projectnessie.nessie-integrations#nessie-spark-extensions-3.5_2.12;0.95.0 from central in [default]
[2026-04-12T19:18:41.272+0000] {subprocess.py:106} INFO - 	org.wildfly.openssl#wildfly-openssl;1.0.7.Final from central in [default]
[2026-04-12T19:18:41.273+0000] {subprocess.py:106} INFO - 	---------------------------------------------------------------------
[2026-04-12T19:18:41.275+0000] {subprocess.py:106} INFO - 	|                  |            modules            ||   artifacts   |
[2026-04-12T19:18:41.276+0000] {subprocess.py:106} INFO - 	|       conf       | number| search|dwnlded|evicted|| number|dwnlded|
[2026-04-12T19:18:41.277+0000] {subprocess.py:106} INFO - 	---------------------------------------------------------------------
[2026-04-12T19:18:41.278+0000] {subprocess.py:106} INFO - 	|      default     |   5   |   0   |   0   |   0   ||   5   |   0   |
[2026-04-12T19:18:41.280+0000] {subprocess.py:106} INFO - 	---------------------------------------------------------------------
[2026-04-12T19:18:41.281+0000] {subprocess.py:106} INFO - :: retrieving :: org.apache.spark#spark-submit-parent-3f1b0831-f6d4-4212-86d7-fad4d432bd08
[2026-04-12T19:18:41.282+0000] {subprocess.py:106} INFO - 	confs: [default]
[2026-04-12T19:18:41.287+0000] {subprocess.py:106} INFO - 	0 artifacts copied, 5 already retrieved (0kB/10ms)
[2026-04-12T19:18:41.578+0000] {subprocess.py:106} INFO - 26/04/12 19:18:41 WARN NativeCodeLoader: Unable to load native-hadoop library for your platform... using builtin-java classes where applicable
[2026-04-12T19:18:41.889+0000] {subprocess.py:106} INFO - Main class:
[2026-04-12T19:18:41.891+0000] {subprocess.py:106} INFO - org.apache.spark.deploy.PythonRunner
[2026-04-12T19:18:41.892+0000] {subprocess.py:106} INFO - Arguments:
[2026-04-12T19:18:41.893+0000] {subprocess.py:106} INFO - file:/opt/***/scripts/gold_agg.py
[2026-04-12T19:18:41.894+0000] {subprocess.py:106} INFO - file:///home/***/.ivy2/jars/org.apache.iceberg_iceberg-spark-runtime-3.5_2.12-1.6.1.jar,file:///home/***/.ivy2/jars/org.projectnessie.nessie-integrations_nessie-spark-extensions-3.5_2.12-0.95.0.jar,file:///home/***/.ivy2/jars/org.apache.hadoop_hadoop-aws-3.3.4.jar,file:///home/***/.ivy2/jars/com.amazonaws_aws-java-sdk-bundle-1.12.262.jar,file:///home/***/.ivy2/jars/org.wildfly.openssl_wildfly-openssl-1.0.7.Final.jar
[2026-04-12T19:18:41.897+0000] {subprocess.py:106} INFO - Spark config:
[2026-04-12T19:18:41.898+0000] {subprocess.py:106} INFO - (spark.app.name,gold_cant_post_x_user_hist)
[2026-04-12T19:18:41.900+0000] {subprocess.py:106} INFO - (spark.app.submitTime,1776021521833)
[2026-04-12T19:18:41.902+0000] {subprocess.py:106} INFO - (spark.driver.bindAddress,0.0.0.0)
[2026-04-12T19:18:41.903+0000] {subprocess.py:106} INFO - (spark.driver.memory,1g)
[2026-04-12T19:18:41.905+0000] {subprocess.py:106} INFO - (spark.executor.cores,2)
[2026-04-12T19:18:41.906+0000] {subprocess.py:106} INFO - (spark.executor.instances,1)
[2026-04-12T19:18:41.908+0000] {subprocess.py:106} INFO - (spark.executor.memory,2g)
[2026-04-12T19:18:41.909+0000] {subprocess.py:106} INFO - (spark.files,file:///home/***/.ivy2/jars/org.apache.iceberg_iceberg-spark-runtime-3.5_2.12-1.6.1.jar,file:///home/***/.ivy2/jars/org.projectnessie.nessie-integrations_nessie-spark-extensions-3.5_2.12-0.95.0.jar,file:///home/***/.ivy2/jars/org.apache.hadoop_hadoop-aws-3.3.4.jar,file:///home/***/.ivy2/jars/com.amazonaws_aws-java-sdk-bundle-1.12.262.jar,file:///home/***/.ivy2/jars/org.wildfly.openssl_wildfly-openssl-1.0.7.Final.jar)
[2026-04-12T19:18:41.911+0000] {subprocess.py:106} INFO - (spark.hadoop.fs.s3a.access.key,*********(redacted))
[2026-04-12T19:18:41.912+0000] {subprocess.py:106} INFO - (spark.hadoop.fs.s3a.aws.credentials.provider,org.apache.hadoop.fs.s3a.SimpleAWSCredentialsProvider)
[2026-04-12T19:18:41.913+0000] {subprocess.py:106} INFO - (spark.hadoop.fs.s3a.connection.ssl.enabled,false)
[2026-04-12T19:18:41.913+0000] {subprocess.py:106} INFO - (spark.hadoop.fs.s3a.endpoint,http://proyecto2-minio:9000)
[2026-04-12T19:18:41.914+0000] {subprocess.py:106} INFO - (spark.hadoop.fs.s3a.impl,org.apache.hadoop.fs.s3a.S3AFileSystem)
[2026-04-12T19:18:41.916+0000] {subprocess.py:106} INFO - (spark.hadoop.fs.s3a.path.style.access,true)
[2026-04-12T19:18:41.916+0000] {subprocess.py:106} INFO - (spark.hadoop.fs.s3a.secret.key,*********(redacted))
[2026-04-12T19:18:41.917+0000] {subprocess.py:106} INFO - (spark.jars,file:///home/***/.ivy2/jars/org.apache.iceberg_iceberg-spark-runtime-3.5_2.12-1.6.1.jar,file:///home/***/.ivy2/jars/org.projectnessie.nessie-integrations_nessie-spark-extensions-3.5_2.12-0.95.0.jar,file:///home/***/.ivy2/jars/org.apache.hadoop_hadoop-aws-3.3.4.jar,file:///home/***/.ivy2/jars/com.amazonaws_aws-java-sdk-bundle-1.12.262.jar,file:///home/***/.ivy2/jars/org.wildfly.openssl_wildfly-openssl-1.0.7.Final.jar)
[2026-04-12T19:18:41.918+0000] {subprocess.py:106} INFO - (spark.master,spark://spark-master:7077)
[2026-04-12T19:18:41.918+0000] {subprocess.py:106} INFO - (spark.repl.local.jars,file:///home/***/.ivy2/jars/org.apache.iceberg_iceberg-spark-runtime-3.5_2.12-1.6.1.jar,file:///home/***/.ivy2/jars/org.projectnessie.nessie-integrations_nessie-spark-extensions-3.5_2.12-0.95.0.jar,file:///home/***/.ivy2/jars/org.apache.hadoop_hadoop-aws-3.3.4.jar,file:///home/***/.ivy2/jars/com.amazonaws_aws-java-sdk-bundle-1.12.262.jar,file:///home/***/.ivy2/jars/org.wildfly.openssl_wildfly-openssl-1.0.7.Final.jar)
[2026-04-12T19:18:41.919+0000] {subprocess.py:106} INFO - (spark.sql.catalog.nessie,org.apache.iceberg.spark.SparkCatalog)
[2026-04-12T19:18:41.920+0000] {subprocess.py:106} INFO - (spark.sql.catalog.nessie.authentication.type,NONE)
[2026-04-12T19:18:41.921+0000] {subprocess.py:106} INFO - (spark.sql.catalog.nessie.catalog-impl,org.apache.iceberg.nessie.NessieCatalog)
[2026-04-12T19:18:41.922+0000] {subprocess.py:106} INFO - (spark.sql.catalog.nessie.ref,main)
[2026-04-12T19:18:41.923+0000] {subprocess.py:106} INFO - (spark.sql.catalog.nessie.uri,http://proyecto2-nessie:19120/api/v1)
[2026-04-12T19:18:41.924+0000] {subprocess.py:106} INFO - (spark.sql.catalog.nessie.warehouse,s3a://iceberg/)
[2026-04-12T19:18:41.925+0000] {subprocess.py:106} INFO - (spark.sql.extensions,org.apache.iceberg.spark.extensions.IcebergSparkSessionExtensions,org.projectnessie.spark.extensions.NessieSparkSessionExtensions)
[2026-04-12T19:18:41.926+0000] {subprocess.py:106} INFO - (spark.submit.deployMode,client)
[2026-04-12T19:18:41.926+0000] {subprocess.py:106} INFO - (spark.submit.pyFiles,/home/***/.ivy2/jars/org.apache.iceberg_iceberg-spark-runtime-3.5_2.12-1.6.1.jar,/home/***/.ivy2/jars/org.projectnessie.nessie-integrations_nessie-spark-extensions-3.5_2.12-0.95.0.jar,/home/***/.ivy2/jars/org.apache.hadoop_hadoop-aws-3.3.4.jar,/home/***/.ivy2/jars/com.amazonaws_aws-java-sdk-bundle-1.12.262.jar,/home/***/.ivy2/jars/org.wildfly.openssl_wildfly-openssl-1.0.7.Final.jar)
[2026-04-12T19:18:41.927+0000] {subprocess.py:106} INFO - Classpath elements:
[2026-04-12T19:18:41.927+0000] {subprocess.py:106} INFO - file:///home/***/.ivy2/jars/org.apache.iceberg_iceberg-spark-runtime-3.5_2.12-1.6.1.jar
[2026-04-12T19:18:41.928+0000] {subprocess.py:106} INFO - file:///home/***/.ivy2/jars/org.projectnessie.nessie-integrations_nessie-spark-extensions-3.5_2.12-0.95.0.jar
[2026-04-12T19:18:41.929+0000] {subprocess.py:106} INFO - file:///home/***/.ivy2/jars/org.apache.hadoop_hadoop-aws-3.3.4.jar
[2026-04-12T19:18:41.930+0000] {subprocess.py:106} INFO - file:///home/***/.ivy2/jars/com.amazonaws_aws-java-sdk-bundle-1.12.262.jar
[2026-04-12T19:18:41.930+0000] {subprocess.py:106} INFO - file:///home/***/.ivy2/jars/org.wildfly.openssl_wildfly-openssl-1.0.7.Final.jar
[2026-04-12T19:18:41.931+0000] {subprocess.py:106} INFO - 
[2026-04-12T19:18:41.931+0000] {subprocess.py:106} INFO - 
[2026-04-12T19:18:42.628+0000] {subprocess.py:106} INFO - 2026-04-12 19:18:42,627 INFO ============================================================
[2026-04-12T19:18:42.629+0000] {subprocess.py:106} INFO - 2026-04-12 19:18:42,628 INFO GOLD AGG — cant_post_x_user_hist ★
[2026-04-12T19:18:42.630+0000] {subprocess.py:106} INFO - 2026-04-12 19:18:42,628 INFO Fuentes: nessie.silver.post_hist + nessie.silver.users_hist
[2026-04-12T19:18:42.630+0000] {subprocess.py:106} INFO - 2026-04-12 19:18:42,628 INFO ============================================================
[2026-04-12T19:18:42.812+0000] {subprocess.py:106} INFO - 26/04/12 19:18:42 INFO SparkContext: Running Spark version 3.5.5
[2026-04-12T19:18:42.813+0000] {subprocess.py:106} INFO - 26/04/12 19:18:42 INFO SparkContext: OS info Linux, 6.6.87.2-microsoft-standard-WSL2, amd64
[2026-04-12T19:18:42.814+0000] {subprocess.py:106} INFO - 26/04/12 19:18:42 INFO SparkContext: Java version 17.0.18
[2026-04-12T19:18:42.845+0000] {subprocess.py:106} INFO - 26/04/12 19:18:42 INFO ResourceUtils: ==============================================================
[2026-04-12T19:18:42.846+0000] {subprocess.py:106} INFO - 26/04/12 19:18:42 INFO ResourceUtils: No custom resources configured for spark.driver.
[2026-04-12T19:18:42.847+0000] {subprocess.py:106} INFO - 26/04/12 19:18:42 INFO ResourceUtils: ==============================================================
[2026-04-12T19:18:42.848+0000] {subprocess.py:106} INFO - 26/04/12 19:18:42 INFO SparkContext: Submitted application: gold_agg
[2026-04-12T19:18:42.884+0000] {subprocess.py:106} INFO - 26/04/12 19:18:42 INFO ResourceProfile: Default ResourceProfile created, executor resources: Map(cores -> name: cores, amount: 2, script: , vendor: , memory -> name: memory, amount: 2048, script: , vendor: , offHeap -> name: offHeap, amount: 0, script: , vendor: ), task resources: Map(cpus -> name: cpus, amount: 1.0)
[2026-04-12T19:18:42.897+0000] {subprocess.py:106} INFO - 26/04/12 19:18:42 INFO ResourceProfile: Limiting resource is cpus at 2 tasks per executor
[2026-04-12T19:18:42.899+0000] {subprocess.py:106} INFO - 26/04/12 19:18:42 INFO ResourceProfileManager: Added ResourceProfile id: 0
[2026-04-12T19:18:42.973+0000] {subprocess.py:106} INFO - 26/04/12 19:18:42 INFO SecurityManager: Changing view acls to: ***
[2026-04-12T19:18:42.974+0000] {subprocess.py:106} INFO - 26/04/12 19:18:42 INFO SecurityManager: Changing modify acls to: ***
[2026-04-12T19:18:42.975+0000] {subprocess.py:106} INFO - 26/04/12 19:18:42 INFO SecurityManager: Changing view acls groups to:
[2026-04-12T19:18:42.976+0000] {subprocess.py:106} INFO - 26/04/12 19:18:42 INFO SecurityManager: Changing modify acls groups to:
[2026-04-12T19:18:42.977+0000] {subprocess.py:106} INFO - 26/04/12 19:18:42 INFO SecurityManager: SecurityManager: authentication disabled; ui acls disabled; users with view permissions: ***; groups with view permissions: EMPTY; users with modify permissions: ***; groups with modify permissions: EMPTY
[2026-04-12T19:18:43.182+0000] {subprocess.py:106} INFO - 26/04/12 19:18:43 INFO Utils: Successfully started service 'sparkDriver' on port 39795.
[2026-04-12T19:18:43.216+0000] {subprocess.py:106} INFO - 26/04/12 19:18:43 INFO SparkEnv: Registering MapOutputTracker
[2026-04-12T19:18:43.267+0000] {subprocess.py:106} INFO - 26/04/12 19:18:43 INFO SparkEnv: Registering BlockManagerMaster
[2026-04-12T19:18:43.284+0000] {subprocess.py:106} INFO - 26/04/12 19:18:43 INFO BlockManagerMasterEndpoint: Using org.apache.spark.storage.DefaultTopologyMapper for getting topology information
[2026-04-12T19:18:43.285+0000] {subprocess.py:106} INFO - 26/04/12 19:18:43 INFO BlockManagerMasterEndpoint: BlockManagerMasterEndpoint up
[2026-04-12T19:18:43.289+0000] {subprocess.py:106} INFO - 26/04/12 19:18:43 INFO SparkEnv: Registering BlockManagerMasterHeartbeat
[2026-04-12T19:18:43.309+0000] {subprocess.py:106} INFO - 26/04/12 19:18:43 INFO DiskBlockManager: Created local directory at /tmp/blockmgr-12b8818f-d021-4376-888e-10eef9392bc4
[2026-04-12T19:18:43.325+0000] {subprocess.py:106} INFO - 26/04/12 19:18:43 INFO MemoryStore: MemoryStore started with capacity 434.4 MiB
[2026-04-12T19:18:43.345+0000] {subprocess.py:106} INFO - 26/04/12 19:18:43 INFO SparkEnv: Registering OutputCommitCoordinator
[2026-04-12T19:18:43.486+0000] {subprocess.py:106} INFO - 26/04/12 19:18:43 INFO JettyUtils: Start Jetty 0.0.0.0:4040 for SparkUI
[2026-04-12T19:18:43.579+0000] {subprocess.py:106} INFO - 26/04/12 19:18:43 INFO Utils: Successfully started service 'SparkUI' on port 4040.
[2026-04-12T19:18:43.641+0000] {subprocess.py:106} INFO - 26/04/12 19:18:43 INFO SparkContext: Added JAR file:///home/***/.ivy2/jars/org.apache.iceberg_iceberg-spark-runtime-3.5_2.12-1.6.1.jar at spark://b4737cc55adb:39795/jars/org.apache.iceberg_iceberg-spark-runtime-3.5_2.12-1.6.1.jar with timestamp 1776021522801
[2026-04-12T19:18:43.642+0000] {subprocess.py:106} INFO - 26/04/12 19:18:43 INFO SparkContext: Added JAR file:///home/***/.ivy2/jars/org.projectnessie.nessie-integrations_nessie-spark-extensions-3.5_2.12-0.95.0.jar at spark://b4737cc55adb:39795/jars/org.projectnessie.nessie-integrations_nessie-spark-extensions-3.5_2.12-0.95.0.jar with timestamp 1776021522801
[2026-04-12T19:18:43.644+0000] {subprocess.py:106} INFO - 26/04/12 19:18:43 INFO SparkContext: Added JAR file:///home/***/.ivy2/jars/org.apache.hadoop_hadoop-aws-3.3.4.jar at spark://b4737cc55adb:39795/jars/org.apache.hadoop_hadoop-aws-3.3.4.jar with timestamp 1776021522801
[2026-04-12T19:18:43.645+0000] {subprocess.py:106} INFO - 26/04/12 19:18:43 INFO SparkContext: Added JAR file:///home/***/.ivy2/jars/com.amazonaws_aws-java-sdk-bundle-1.12.262.jar at spark://b4737cc55adb:39795/jars/com.amazonaws_aws-java-sdk-bundle-1.12.262.jar with timestamp 1776021522801
[2026-04-12T19:18:43.647+0000] {subprocess.py:106} INFO - 26/04/12 19:18:43 INFO SparkContext: Added JAR file:///home/***/.ivy2/jars/org.wildfly.openssl_wildfly-openssl-1.0.7.Final.jar at spark://b4737cc55adb:39795/jars/org.wildfly.openssl_wildfly-openssl-1.0.7.Final.jar with timestamp 1776021522801
[2026-04-12T19:18:43.652+0000] {subprocess.py:106} INFO - 26/04/12 19:18:43 INFO SparkContext: Added file file:///home/***/.ivy2/jars/org.apache.iceberg_iceberg-spark-runtime-3.5_2.12-1.6.1.jar at spark://b4737cc55adb:39795/files/org.apache.iceberg_iceberg-spark-runtime-3.5_2.12-1.6.1.jar with timestamp 1776021522801
[2026-04-12T19:18:43.656+0000] {subprocess.py:106} INFO - 26/04/12 19:18:43 INFO Utils: Copying /home/***/.ivy2/jars/org.apache.iceberg_iceberg-spark-runtime-3.5_2.12-1.6.1.jar to /tmp/spark-35af206e-dd5a-42c5-a375-e066dde407a4/userFiles-3fbfd9af-c53c-4522-9a5e-971b2cdacf1f/org.apache.iceberg_iceberg-spark-runtime-3.5_2.12-1.6.1.jar
[2026-04-12T19:18:43.698+0000] {subprocess.py:106} INFO - 26/04/12 19:18:43 INFO SparkContext: Added file file:///home/***/.ivy2/jars/org.projectnessie.nessie-integrations_nessie-spark-extensions-3.5_2.12-0.95.0.jar at spark://b4737cc55adb:39795/files/org.projectnessie.nessie-integrations_nessie-spark-extensions-3.5_2.12-0.95.0.jar with timestamp 1776021522801
[2026-04-12T19:18:43.699+0000] {subprocess.py:106} INFO - 26/04/12 19:18:43 INFO Utils: Copying /home/***/.ivy2/jars/org.projectnessie.nessie-integrations_nessie-spark-extensions-3.5_2.12-0.95.0.jar to /tmp/spark-35af206e-dd5a-42c5-a375-e066dde407a4/userFiles-3fbfd9af-c53c-4522-9a5e-971b2cdacf1f/org.projectnessie.nessie-integrations_nessie-spark-extensions-3.5_2.12-0.95.0.jar
[2026-04-12T19:18:43.706+0000] {subprocess.py:106} INFO - 26/04/12 19:18:43 INFO SparkContext: Added file file:///home/***/.ivy2/jars/org.apache.hadoop_hadoop-aws-3.3.4.jar at spark://b4737cc55adb:39795/files/org.apache.hadoop_hadoop-aws-3.3.4.jar with timestamp 1776021522801
[2026-04-12T19:18:43.707+0000] {subprocess.py:106} INFO - 26/04/12 19:18:43 INFO Utils: Copying /home/***/.ivy2/jars/org.apache.hadoop_hadoop-aws-3.3.4.jar to /tmp/spark-35af206e-dd5a-42c5-a375-e066dde407a4/userFiles-3fbfd9af-c53c-4522-9a5e-971b2cdacf1f/org.apache.hadoop_hadoop-aws-3.3.4.jar
[2026-04-12T19:18:43.712+0000] {subprocess.py:106} INFO - 26/04/12 19:18:43 INFO SparkContext: Added file file:///home/***/.ivy2/jars/com.amazonaws_aws-java-sdk-bundle-1.12.262.jar at spark://b4737cc55adb:39795/files/com.amazonaws_aws-java-sdk-bundle-1.12.262.jar with timestamp 1776021522801
[2026-04-12T19:18:43.714+0000] {subprocess.py:106} INFO - 26/04/12 19:18:43 INFO Utils: Copying /home/***/.ivy2/jars/com.amazonaws_aws-java-sdk-bundle-1.12.262.jar to /tmp/spark-35af206e-dd5a-42c5-a375-e066dde407a4/userFiles-3fbfd9af-c53c-4522-9a5e-971b2cdacf1f/com.amazonaws_aws-java-sdk-bundle-1.12.262.jar
[2026-04-12T19:18:43.894+0000] {subprocess.py:106} INFO - 26/04/12 19:18:43 INFO SparkContext: Added file file:///home/***/.ivy2/jars/org.wildfly.openssl_wildfly-openssl-1.0.7.Final.jar at spark://b4737cc55adb:39795/files/org.wildfly.openssl_wildfly-openssl-1.0.7.Final.jar with timestamp 1776021522801
[2026-04-12T19:18:43.895+0000] {subprocess.py:106} INFO - 26/04/12 19:18:43 INFO Utils: Copying /home/***/.ivy2/jars/org.wildfly.openssl_wildfly-openssl-1.0.7.Final.jar to /tmp/spark-35af206e-dd5a-42c5-a375-e066dde407a4/userFiles-3fbfd9af-c53c-4522-9a5e-971b2cdacf1f/org.wildfly.openssl_wildfly-openssl-1.0.7.Final.jar
[2026-04-12T19:18:43.988+0000] {subprocess.py:106} INFO - 26/04/12 19:18:43 INFO StandaloneAppClient$ClientEndpoint: Connecting to master spark://spark-master:7077...
[2026-04-12T19:18:44.041+0000] {subprocess.py:106} INFO - 26/04/12 19:18:44 INFO TransportClientFactory: Successfully created connection to spark-master/172.18.0.7:7077 after 31 ms (0 ms spent in bootstraps)
[2026-04-12T19:18:44.121+0000] {subprocess.py:106} INFO - 26/04/12 19:18:44 INFO StandaloneSchedulerBackend: Connected to Spark cluster with app ID app-20260412191844-0010
[2026-04-12T19:18:44.123+0000] {subprocess.py:106} INFO - 26/04/12 19:18:44 INFO StandaloneAppClient$ClientEndpoint: Executor added: app-20260412191844-0010/0 on worker-20260412190304-172.18.0.8-33391 (172.18.0.8:33391) with 2 core(s)
[2026-04-12T19:18:44.126+0000] {subprocess.py:106} INFO - 26/04/12 19:18:44 INFO StandaloneSchedulerBackend: Granted executor ID app-20260412191844-0010/0 on hostPort 172.18.0.8:33391 with 2 core(s), 2.0 GiB RAM
[2026-04-12T19:18:44.127+0000] {subprocess.py:106} INFO - 26/04/12 19:18:44 INFO StandaloneAppClient$ClientEndpoint: Executor added: app-20260412191844-0010/1 on worker-20260412190304-172.18.0.8-33391 (172.18.0.8:33391) with 2 core(s)
[2026-04-12T19:18:44.128+0000] {subprocess.py:106} INFO - 26/04/12 19:18:44 INFO StandaloneSchedulerBackend: Granted executor ID app-20260412191844-0010/1 on hostPort 172.18.0.8:33391 with 2 core(s), 2.0 GiB RAM
[2026-04-12T19:18:44.129+0000] {subprocess.py:106} INFO - 26/04/12 19:18:44 INFO StandaloneAppClient$ClientEndpoint: Executor added: app-20260412191844-0010/2 on worker-20260412190304-172.18.0.8-33391 (172.18.0.8:33391) with 2 core(s)
[2026-04-12T19:18:44.130+0000] {subprocess.py:106} INFO - 26/04/12 19:18:44 INFO StandaloneSchedulerBackend: Granted executor ID app-20260412191844-0010/2 on hostPort 172.18.0.8:33391 with 2 core(s), 2.0 GiB RAM
[2026-04-12T19:18:44.131+0000] {subprocess.py:106} INFO - 26/04/12 19:18:44 INFO StandaloneAppClient$ClientEndpoint: Executor added: app-20260412191844-0010/3 on worker-20260412190304-172.18.0.8-33391 (172.18.0.8:33391) with 2 core(s)
[2026-04-12T19:18:44.131+0000] {subprocess.py:106} INFO - 26/04/12 19:18:44 INFO StandaloneSchedulerBackend: Granted executor ID app-20260412191844-0010/3 on hostPort 172.18.0.8:33391 with 2 core(s), 2.0 GiB RAM
[2026-04-12T19:18:44.133+0000] {subprocess.py:106} INFO - 26/04/12 19:18:44 INFO StandaloneAppClient$ClientEndpoint: Executor added: app-20260412191844-0010/4 on worker-20260412190304-172.18.0.8-33391 (172.18.0.8:33391) with 2 core(s)
[2026-04-12T19:18:44.136+0000] {subprocess.py:106} INFO - 26/04/12 19:18:44 INFO StandaloneSchedulerBackend: Granted executor ID app-20260412191844-0010/4 on hostPort 172.18.0.8:33391 with 2 core(s), 2.0 GiB RAM
[2026-04-12T19:18:44.137+0000] {subprocess.py:106} INFO - 26/04/12 19:18:44 INFO StandaloneAppClient$ClientEndpoint: Executor added: app-20260412191844-0010/5 on worker-20260412190304-172.18.0.8-33391 (172.18.0.8:33391) with 2 core(s)
[2026-04-12T19:18:44.139+0000] {subprocess.py:106} INFO - 26/04/12 19:18:44 INFO StandaloneSchedulerBackend: Granted executor ID app-20260412191844-0010/5 on hostPort 172.18.0.8:33391 with 2 core(s), 2.0 GiB RAM
[2026-04-12T19:18:44.141+0000] {subprocess.py:106} INFO - 26/04/12 19:18:44 INFO Utils: Successfully started service 'org.apache.spark.network.netty.NettyBlockTransferService' on port 37689.
[2026-04-12T19:18:44.142+0000] {subprocess.py:106} INFO - 26/04/12 19:18:44 INFO NettyBlockTransferService: Server created on b4737cc55adb 0.0.0.0:37689
[2026-04-12T19:18:44.143+0000] {subprocess.py:106} INFO - 26/04/12 19:18:44 INFO BlockManager: Using org.apache.spark.storage.RandomBlockReplicationPolicy for block replication policy
[2026-04-12T19:18:44.153+0000] {subprocess.py:106} INFO - 26/04/12 19:18:44 INFO BlockManagerMaster: Registering BlockManager BlockManagerId(driver, b4737cc55adb, 37689, None)
[2026-04-12T19:18:44.162+0000] {subprocess.py:106} INFO - 26/04/12 19:18:44 INFO BlockManagerMasterEndpoint: Registering block manager b4737cc55adb:37689 with 434.4 MiB RAM, BlockManagerId(driver, b4737cc55adb, 37689, None)
[2026-04-12T19:18:44.168+0000] {subprocess.py:106} INFO - 26/04/12 19:18:44 INFO BlockManagerMaster: Registered BlockManager BlockManagerId(driver, b4737cc55adb, 37689, None)
[2026-04-12T19:18:44.172+0000] {subprocess.py:106} INFO - 26/04/12 19:18:44 INFO BlockManager: Initialized BlockManager: BlockManagerId(driver, b4737cc55adb, 37689, None)
[2026-04-12T19:18:44.354+0000] {subprocess.py:106} INFO - 26/04/12 19:18:44 INFO StandaloneAppClient$ClientEndpoint: Executor updated: app-20260412191844-0010/3 is now RUNNING
[2026-04-12T19:18:44.362+0000] {subprocess.py:106} INFO - 26/04/12 19:18:44 INFO StandaloneAppClient$ClientEndpoint: Executor updated: app-20260412191844-0010/0 is now RUNNING
[2026-04-12T19:18:44.389+0000] {subprocess.py:106} INFO - 26/04/12 19:18:44 INFO StandaloneAppClient$ClientEndpoint: Executor updated: app-20260412191844-0010/2 is now RUNNING
[2026-04-12T19:18:44.391+0000] {subprocess.py:106} INFO - 26/04/12 19:18:44 INFO StandaloneAppClient$ClientEndpoint: Executor updated: app-20260412191844-0010/5 is now RUNNING
[2026-04-12T19:18:44.392+0000] {subprocess.py:106} INFO - 26/04/12 19:18:44 INFO StandaloneAppClient$ClientEndpoint: Executor updated: app-20260412191844-0010/1 is now RUNNING
[2026-04-12T19:18:44.395+0000] {subprocess.py:106} INFO - 26/04/12 19:18:44 INFO StandaloneAppClient$ClientEndpoint: Executor updated: app-20260412191844-0010/4 is now RUNNING
[2026-04-12T19:18:44.712+0000] {subprocess.py:106} INFO - 26/04/12 19:18:44 INFO StandaloneSchedulerBackend: SchedulerBackend is ready for scheduling beginning after reached minRegisteredResourcesRatio: 0.0
[2026-04-12T19:18:45.473+0000] {subprocess.py:106} INFO - 2026-04-12 19:18:45,472 INFO Spark version: 3.5.5
[2026-04-12T19:18:45.501+0000] {subprocess.py:106} INFO - 26/04/12 19:18:45 INFO SharedState: Setting hive.metastore.warehouse.dir ('null') to the value of spark.sql.warehouse.dir.
[2026-04-12T19:18:45.517+0000] {subprocess.py:106} INFO - 26/04/12 19:18:45 INFO SharedState: Warehouse path is 'file:/tmp/***tmpilcvgju3/spark-warehouse'.
[2026-04-12T19:18:50.894+0000] {subprocess.py:106} INFO - 26/04/12 19:18:50 INFO CatalogUtil: Loading custom FileIO implementation: org.apache.iceberg.hadoop.HadoopFileIO
[2026-04-12T19:18:52.545+0000] {subprocess.py:106} INFO - 26/04/12 19:18:52 INFO StandaloneSchedulerBackend$StandaloneDriverEndpoint: Registered executor NettyRpcEndpointRef(spark-client://Executor) (172.18.0.8:45892) with ID 1,  ResourceProfileId 0
[2026-04-12T19:18:52.606+0000] {subprocess.py:106} INFO - 26/04/12 19:18:52 INFO StandaloneSchedulerBackend$StandaloneDriverEndpoint: Registered executor NettyRpcEndpointRef(spark-client://Executor) (172.18.0.8:45908) with ID 0,  ResourceProfileId 0
[2026-04-12T19:18:52.684+0000] {subprocess.py:106} INFO - 26/04/12 19:18:52 INFO StandaloneSchedulerBackend$StandaloneDriverEndpoint: Registered executor NettyRpcEndpointRef(spark-client://Executor) (172.18.0.8:45868) with ID 2,  ResourceProfileId 0
[2026-04-12T19:18:52.766+0000] {subprocess.py:106} INFO - 26/04/12 19:18:52 INFO BlockManagerMasterEndpoint: Registering block manager 172.18.0.8:36953 with 1048.8 MiB RAM, BlockManagerId(1, 172.18.0.8, 36953, None)
[2026-04-12T19:18:52.869+0000] {subprocess.py:106} INFO - 26/04/12 19:18:52 INFO BlockManagerMasterEndpoint: Registering block manager 172.18.0.8:36017 with 1048.8 MiB RAM, BlockManagerId(0, 172.18.0.8, 36017, None)
[2026-04-12T19:18:53.043+0000] {subprocess.py:106} INFO - 26/04/12 19:18:53 INFO BlockManagerMasterEndpoint: Registering block manager 172.18.0.8:42111 with 1048.8 MiB RAM, BlockManagerId(2, 172.18.0.8, 42111, None)
[2026-04-12T19:18:53.242+0000] {subprocess.py:106} INFO - 26/04/12 19:18:53 INFO StandaloneSchedulerBackend$StandaloneDriverEndpoint: Registered executor NettyRpcEndpointRef(spark-client://Executor) (172.18.0.8:45932) with ID 5,  ResourceProfileId 0
[2026-04-12T19:18:53.279+0000] {subprocess.py:106} INFO - 26/04/12 19:18:53 INFO StandaloneSchedulerBackend$StandaloneDriverEndpoint: Registered executor NettyRpcEndpointRef(spark-client://Executor) (172.18.0.8:45938) with ID 3,  ResourceProfileId 0
[2026-04-12T19:18:53.472+0000] {subprocess.py:106} INFO - 26/04/12 19:18:53 INFO BlockManagerMasterEndpoint: Registering block manager 172.18.0.8:34213 with 1048.8 MiB RAM, BlockManagerId(5, 172.18.0.8, 34213, None)
[2026-04-12T19:18:53.491+0000] {subprocess.py:106} INFO - 26/04/12 19:18:53 INFO BlockManagerMasterEndpoint: Registering block manager 172.18.0.8:45421 with 1048.8 MiB RAM, BlockManagerId(3, 172.18.0.8, 45421, None)
[2026-04-12T19:18:53.693+0000] {subprocess.py:106} INFO - 26/04/12 19:18:53 INFO StandaloneSchedulerBackend$StandaloneDriverEndpoint: Registered executor NettyRpcEndpointRef(spark-client://Executor) (172.18.0.8:45944) with ID 4,  ResourceProfileId 0
[2026-04-12T19:18:53.930+0000] {subprocess.py:106} INFO - 26/04/12 19:18:53 INFO BlockManagerMasterEndpoint: Registering block manager 172.18.0.8:35803 with 1048.8 MiB RAM, BlockManagerId(4, 172.18.0.8, 35803, None)
[2026-04-12T19:18:54.778+0000] {subprocess.py:106} INFO - 2026-04-12 19:18:54,777 INFO Namespace 'nessie.gold' listo.
[2026-04-12T19:18:54.780+0000] {subprocess.py:106} INFO - 2026-04-12 19:18:54,777 INFO
[2026-04-12T19:18:54.782+0000] {subprocess.py:106} INFO - [★] cant_post_x_user_hist
[2026-04-12T19:18:57.161+0000] {subprocess.py:106} INFO - 26/04/12 19:18:57 INFO BaseMetastoreTableOperations: Refreshing table metadata from new version: s3a://iceberg/silver/users_hist_29ea4f81-25a2-4974-a1d5-7fcae2b69ddf/metadata/00004-7be93143-7a63-496e-b545-ad2e967da356.gz.metadata.json
[2026-04-12T19:18:57.755+0000] {subprocess.py:106} INFO - 26/04/12 19:18:57 WARN MetricsConfig: Cannot locate configuration: tried hadoop-metrics2-s3a-file-system.properties,hadoop-metrics2.properties
[2026-04-12T19:18:57.791+0000] {subprocess.py:106} INFO - 26/04/12 19:18:57 INFO MetricsSystemImpl: Scheduled Metric snapshot period at 10 second(s).
[2026-04-12T19:18:57.794+0000] {subprocess.py:106} INFO - 26/04/12 19:18:57 INFO MetricsSystemImpl: s3a-file-system metrics system started
[2026-04-12T19:19:01.624+0000] {subprocess.py:106} INFO - 26/04/12 19:19:01 INFO NessieUtil: loadTableMetadata for 'silver.users_hist' from location 's3a://iceberg/silver/users_hist_29ea4f81-25a2-4974-a1d5-7fcae2b69ddf/metadata/00004-7be93143-7a63-496e-b545-ad2e967da356.gz.metadata.json' at 'Branch{name=main, metadata=null, hash=30ea234215a480b4d20fd7771eaa862b060db5205cfc96284d315ec79cc31bf3}'
[2026-04-12T19:19:01.639+0000] {subprocess.py:106} INFO - 26/04/12 19:19:01 INFO BaseMetastoreCatalog: Table loaded by catalog: nessie.silver.users_hist
[2026-04-12T19:19:02.149+0000] {subprocess.py:106} INFO - Traceback (most recent call last):
[2026-04-12T19:19:02.149+0000] {subprocess.py:106} INFO -   File "/opt/***/scripts/gold_agg.py", line 306, in <module>
[2026-04-12T19:19:02.152+0000] {subprocess.py:106} INFO -     main()
[2026-04-12T19:19:02.153+0000] {subprocess.py:106} INFO -   File "/opt/***/scripts/gold_agg.py", line 293, in main
[2026-04-12T19:19:02.155+0000] {subprocess.py:106} INFO -     total = build_cant_post_x_user_hist(spark)
[2026-04-12T19:19:02.156+0000] {subprocess.py:106} INFO -             ^^^^^^^^^^^^^^^^^^^^^^^^^^^^^^^^^^
[2026-04-12T19:19:02.156+0000] {subprocess.py:106} INFO -   File "/opt/***/scripts/gold_agg.py", line 119, in build_cant_post_x_user_hist
[2026-04-12T19:19:02.158+0000] {subprocess.py:106} INFO -     df = spark.sql(f"""
[2026-04-12T19:19:02.159+0000] {subprocess.py:106} INFO -          ^^^^^^^^^^^^^^
[2026-04-12T19:19:02.159+0000] {subprocess.py:106} INFO -   File "/opt/spark/python/lib/pyspark.zip/pyspark/sql/session.py", line 1631, in sql
[2026-04-12T19:19:02.160+0000] {subprocess.py:106} INFO -   File "/opt/spark/python/lib/py4j-0.10.9.7-src.zip/py4j/java_gateway.py", line 1322, in __call__
[2026-04-12T19:19:02.161+0000] {subprocess.py:106} INFO -   File "/opt/spark/python/lib/pyspark.zip/pyspark/errors/exceptions/captured.py", line 185, in deco
[2026-04-12T19:19:02.166+0000] {subprocess.py:106} INFO - pyspark.errors.exceptions.captured.AnalysisException: [TABLE_OR_VIEW_NOT_FOUND] The table or view `nessie`.`silver`.`post_hist` cannot be found. Verify the spelling and correctness of the schema and catalog.
[2026-04-12T19:19:02.167+0000] {subprocess.py:106} INFO - If you did not qualify the name with a schema, verify the current_schema() output, or qualify the name with the correct schema and catalog.
[2026-04-12T19:19:02.168+0000] {subprocess.py:106} INFO - To tolerate the error on drop use DROP VIEW IF EXISTS or DROP TABLE IF EXISTS.; line 17 pos 13;
[2026-04-12T19:19:02.169+0000] {subprocess.py:106} INFO - 'Aggregate ['p.OwnerUserId, 'u.DisplayName, 'p.anio, 'p.PostTypeId], ['p.OwnerUserId AS user_id#0, 'COALESCE('u.DisplayName, Unknown) AS display_name#1, 'p.anio AS anio#2, 'p.PostTypeId AS post_type_id#3, CASE WHEN ('p.PostTypeId = 1) THEN Question WHEN ('p.PostTypeId = 2) THEN Answer ELSE Other END AS post_type#4, 'COUNT('p.Id) AS cant_posts#5, 'COALESCE('SUM('p.Score), 0) AS total_score#6, 'ROUND('AVG('p.Score), 2) AS avg_score#7, 'COALESCE('SUM('p.ViewCount), 0) AS total_views#8, cast(2026-04-12 19:18:42 as timestamp) AS fecha_cargue#9]
[2026-04-12T19:19:02.169+0000] {subprocess.py:106} INFO - +- 'Filter isnotnull('p.OwnerUserId)
[2026-04-12T19:19:02.170+0000] {subprocess.py:106} INFO -    +- 'Join LeftOuter, ('p.OwnerUserId = 'u.Id)
[2026-04-12T19:19:02.171+0000] {subprocess.py:106} INFO -       :- 'SubqueryAlias p
[2026-04-12T19:19:02.171+0000] {subprocess.py:106} INFO -       :  +- 'UnresolvedRelation [nessie, silver, post_hist], [], false
[2026-04-12T19:19:02.172+0000] {subprocess.py:106} INFO -       +- SubqueryAlias u
[2026-04-12T19:19:02.172+0000] {subprocess.py:106} INFO -          +- SubqueryAlias nessie.silver.users_hist
[2026-04-12T19:19:02.173+0000] {subprocess.py:106} INFO -             +- RelationV2[Id#10L, Reputation#11L, creation_date#12, DisplayName#13, LastAccessDate#14, Views#15L, UpVotes#16L, DownVotes#17L, location#18, AccountId#19L, anio#20, fecha_cargue#21, fuente#22] nessie.silver.users_hist nessie.silver.users_hist
[2026-04-12T19:19:02.174+0000] {subprocess.py:106} INFO - 
[2026-04-12T19:19:02.174+0000] {subprocess.py:106} INFO - 2026-04-12 19:19:02,166 INFO Closing down clientserver connection
[2026-04-12T19:19:02.233+0000] {subprocess.py:106} INFO - 26/04/12 19:19:02 INFO SparkContext: Invoking stop() from shutdown hook
[2026-04-12T19:19:02.235+0000] {subprocess.py:106} INFO - 26/04/12 19:19:02 INFO SparkContext: SparkContext is stopping with exitCode 0.
[2026-04-12T19:19:02.250+0000] {subprocess.py:106} INFO - 26/04/12 19:19:02 INFO SparkUI: Stopped Spark web UI at http://b4737cc55adb:4040
[2026-04-12T19:19:02.257+0000] {subprocess.py:106} INFO - 26/04/12 19:19:02 INFO StandaloneSchedulerBackend: Shutting down all executors
[2026-04-12T19:19:02.265+0000] {subprocess.py:106} INFO - 26/04/12 19:19:02 INFO StandaloneSchedulerBackend$StandaloneDriverEndpoint: Asking each executor to shut down
[2026-04-12T19:19:02.334+0000] {subprocess.py:106} INFO - 26/04/12 19:19:02 INFO MapOutputTrackerMasterEndpoint: MapOutputTrackerMasterEndpoint stopped!
[2026-04-12T19:19:02.383+0000] {subprocess.py:106} INFO - 26/04/12 19:19:02 INFO MemoryStore: MemoryStore cleared
[2026-04-12T19:19:02.384+0000] {subprocess.py:106} INFO - 26/04/12 19:19:02 INFO BlockManager: BlockManager stopped
[2026-04-12T19:19:02.400+0000] {subprocess.py:106} INFO - 26/04/12 19:19:02 INFO BlockManagerMaster: BlockManagerMaster stopped
[2026-04-12T19:19:02.417+0000] {subprocess.py:106} INFO - 26/04/12 19:19:02 INFO OutputCommitCoordinator$OutputCommitCoordinatorEndpoint: OutputCommitCoordinator stopped!
[2026-04-12T19:19:02.487+0000] {subprocess.py:106} INFO - 26/04/12 19:19:02 INFO SparkContext: Successfully stopped SparkContext
[2026-04-12T19:19:02.489+0000] {subprocess.py:106} INFO - 26/04/12 19:19:02 INFO ShutdownHookManager: Shutdown hook called
[2026-04-12T19:19:02.490+0000] {subprocess.py:106} INFO - 26/04/12 19:19:02 INFO ShutdownHookManager: Deleting directory /tmp/spark-35af206e-dd5a-42c5-a375-e066dde407a4
[2026-04-12T19:19:02.494+0000] {subprocess.py:106} INFO - 26/04/12 19:19:02 INFO ShutdownHookManager: Deleting directory /tmp/spark-90ca0dd5-f700-40e3-90e0-05db4fdca7dd
[2026-04-12T19:19:02.499+0000] {subprocess.py:106} INFO - 26/04/12 19:19:02 INFO ShutdownHookManager: Deleting directory /tmp/spark-35af206e-dd5a-42c5-a375-e066dde407a4/pyspark-19f0792b-79d2-4b5b-8872-4eca61c76ba2
[2026-04-12T19:19:02.508+0000] {subprocess.py:106} INFO - 26/04/12 19:19:02 INFO MetricsSystemImpl: Stopping s3a-file-system metrics system...
[2026-04-12T19:19:02.509+0000] {subprocess.py:106} INFO - 26/04/12 19:19:02 INFO MetricsSystemImpl: s3a-file-system metrics system stopped.
[2026-04-12T19:19:02.510+0000] {subprocess.py:106} INFO - 26/04/12 19:19:02 INFO MetricsSystemImpl: s3a-file-system metrics system shutdown complete.
[2026-04-12T19:19:02.880+0000] {subprocess.py:110} INFO - Command exited with return code 1
[2026-04-12T19:19:02.893+0000] {taskinstance.py:3311} ERROR - Task failed with exception
Traceback (most recent call last):
  File "/home/airflow/.local/lib/python3.12/site-packages/airflow/models/taskinstance.py", line 762, in _execute_task
    result = _execute_callable(context=context, **execute_callable_kwargs)
             ^^^^^^^^^^^^^^^^^^^^^^^^^^^^^^^^^^^^^^^^^^^^^^^^^^^^^^^^^^^^^
  File "/home/airflow/.local/lib/python3.12/site-packages/airflow/models/taskinstance.py", line 733, in _execute_callable
    return ExecutionCallableRunner(
           ^^^^^^^^^^^^^^^^^^^^^^^^
  File "/home/airflow/.local/lib/python3.12/site-packages/airflow/utils/operator_helpers.py", line 252, in run
    return self.func(*args, **kwargs)
           ^^^^^^^^^^^^^^^^^^^^^^^^^^
  File "/home/airflow/.local/lib/python3.12/site-packages/airflow/models/baseoperator.py", line 417, in wrapper
    return func(self, *args, **kwargs)
           ^^^^^^^^^^^^^^^^^^^^^^^^^^^
  File "/home/airflow/.local/lib/python3.12/site-packages/airflow/operators/bash.py", line 276, in execute
    raise AirflowException(
airflow.exceptions.AirflowException: Bash command failed. The command returned a non-zero exit code 1.
[2026-04-12T19:19:02.903+0000] {taskinstance.py:1225} INFO - Marking task as UP_FOR_RETRY. dag_id=stackoverflow_pipeline, task_id=gold_agg, run_id=manual__2026-04-12T19:12:10+00:00, execution_date=20260412T191210, start_date=20260412T191838, end_date=20260412T191902
[2026-04-12T19:19:02.936+0000] {taskinstance.py:340} INFO - ::group::Post task execution logs
[2026-04-12T19:19:02.937+0000] {standard_task_runner.py:124} ERROR - Failed to execute job 23 for task gold_agg (Bash command failed. The command returned a non-zero exit code 1.; 3786)
Traceback (most recent call last):
  File "/home/airflow/.local/lib/python3.12/site-packages/airflow/task/task_runner/standard_task_runner.py", line 117, in _start_by_fork
    ret = args.func(args, dag=self.dag)
          ^^^^^^^^^^^^^^^^^^^^^^^^^^^^^
  File "/home/airflow/.local/lib/python3.12/site-packages/airflow/cli/cli_config.py", line 49, in command
    return func(*args, **kwargs)
           ^^^^^^^^^^^^^^^^^^^^^
  File "/home/airflow/.local/lib/python3.12/site-packages/airflow/utils/cli.py", line 116, in wrapper
    return f(*args, **kwargs)
           ^^^^^^^^^^^^^^^^^^
  File "/home/airflow/.local/lib/python3.12/site-packages/airflow/cli/commands/task_command.py", line 483, in task_run
    task_return_code = _run_task_by_selected_method(args, _dag, ti)
                       ^^^^^^^^^^^^^^^^^^^^^^^^^^^^^^^^^^^^^^^^^^^^
  File "/home/airflow/.local/lib/python3.12/site-packages/airflow/cli/commands/task_command.py", line 256, in _run_task_by_selected_method
    return _run_raw_task(args, ti)
           ^^^^^^^^^^^^^^^^^^^^^^^
  File "/home/airflow/.local/lib/python3.12/site-packages/airflow/cli/commands/task_command.py", line 341, in _run_raw_task
    return ti._run_raw_task(
           ^^^^^^^^^^^^^^^^^
  File "/home/airflow/.local/lib/python3.12/site-packages/airflow/utils/session.py", line 97, in wrapper
    return func(*args, session=session, **kwargs)
           ^^^^^^^^^^^^^^^^^^^^^^^^^^^^^^^^^^^^^^
  File "/home/airflow/.local/lib/python3.12/site-packages/airflow/models/taskinstance.py", line 3005, in _run_raw_task
    return _run_raw_task(
           ^^^^^^^^^^^^^^
  File "/home/airflow/.local/lib/python3.12/site-packages/airflow/models/taskinstance.py", line 273, in _run_raw_task
    TaskInstance._execute_task_with_callbacks(
  File "/home/airflow/.local/lib/python3.12/site-packages/airflow/models/taskinstance.py", line 3159, in _execute_task_with_callbacks
    result = self._execute_task(context, task_orig)
             ^^^^^^^^^^^^^^^^^^^^^^^^^^^^^^^^^^^^^^
  File "/home/airflow/.local/lib/python3.12/site-packages/airflow/models/taskinstance.py", line 3183, in _execute_task
    return _execute_task(self, context, task_orig)
           ^^^^^^^^^^^^^^^^^^^^^^^^^^^^^^^^^^^^^^^
  File "/home/airflow/.local/lib/python3.12/site-packages/airflow/models/taskinstance.py", line 762, in _execute_task
    result = _execute_callable(context=context, **execute_callable_kwargs)
             ^^^^^^^^^^^^^^^^^^^^^^^^^^^^^^^^^^^^^^^^^^^^^^^^^^^^^^^^^^^^^
  File "/home/airflow/.local/lib/python3.12/site-packages/airflow/models/taskinstance.py", line 733, in _execute_callable
    return ExecutionCallableRunner(
           ^^^^^^^^^^^^^^^^^^^^^^^^
  File "/home/airflow/.local/lib/python3.12/site-packages/airflow/utils/operator_helpers.py", line 252, in run
    return self.func(*args, **kwargs)
           ^^^^^^^^^^^^^^^^^^^^^^^^^^
  File "/home/airflow/.local/lib/python3.12/site-packages/airflow/models/baseoperator.py", line 417, in wrapper
    return func(self, *args, **kwargs)
           ^^^^^^^^^^^^^^^^^^^^^^^^^^^
  File "/home/airflow/.local/lib/python3.12/site-packages/airflow/operators/bash.py", line 276, in execute
    raise AirflowException(
airflow.exceptions.AirflowException: Bash command failed. The command returned a non-zero exit code 1.
[2026-04-12T19:19:02.976+0000] {local_task_job_runner.py:266} INFO - Task exited with return code 1
[2026-04-12T19:19:02.997+0000] {taskinstance.py:3895} INFO - 0 downstream tasks scheduled from follow-on schedule check
[2026-04-12T19:19:03.001+0000] {local_task_job_runner.py:245} INFO - ::endgroup::
