[2026-04-11T18:24:37.758+0000] {local_task_job_runner.py:123} INFO - ::group::Pre task execution logs
[2026-04-11T18:24:37.810+0000] {taskinstance.py:2613} INFO - Dependencies all met for dep_context=non-requeueable deps ti=<TaskInstance: stackoverflow_pipeline.bronze_ingest manual__2026-04-11T18:19:20.732295+00:00 [queued]>
[2026-04-11T18:24:37.837+0000] {taskinstance.py:2613} INFO - Dependencies all met for dep_context=requeueable deps ti=<TaskInstance: stackoverflow_pipeline.bronze_ingest manual__2026-04-11T18:19:20.732295+00:00 [queued]>
[2026-04-11T18:24:37.840+0000] {taskinstance.py:2866} INFO - Starting attempt 2 of 2
[2026-04-11T18:24:37.885+0000] {taskinstance.py:2889} INFO - Executing <Task(PythonOperator): bronze_ingest> on 2026-04-11 18:19:20.732295+00:00
[2026-04-11T18:24:37.899+0000] {warnings.py:112} WARNING - /home/***/.local/lib/python3.12/site-packages/***/task/task_runner/standard_task_runner.py:70: DeprecationWarning: This process (pid=274) is multi-threaded, use of fork() may lead to deadlocks in the child.
  pid = os.fork()

[2026-04-11T18:24:37.906+0000] {standard_task_runner.py:72} INFO - Started process 275 to run task
[2026-04-11T18:24:37.907+0000] {standard_task_runner.py:104} INFO - Running: ['***', 'tasks', 'run', 'stackoverflow_pipeline', 'bronze_ingest', 'manual__2026-04-11T18:19:20.732295+00:00', '--job-id', '6', '--raw', '--subdir', 'DAGS_FOLDER/stackoverflow_pipeline.py', '--cfg-path', '/tmp/tmp1t355wia']
[2026-04-11T18:24:37.912+0000] {standard_task_runner.py:105} INFO - Job 6: Subtask bronze_ingest
[2026-04-11T18:24:38.060+0000] {task_command.py:467} INFO - Running <TaskInstance: stackoverflow_pipeline.bronze_ingest manual__2026-04-11T18:19:20.732295+00:00 [running]> on host 993f27212eb9
[2026-04-11T18:24:38.269+0000] {taskinstance.py:3132} INFO - Exporting env vars: AIRFLOW_CTX_DAG_OWNER='fhbd-grupo' AIRFLOW_CTX_DAG_ID='stackoverflow_pipeline' AIRFLOW_CTX_TASK_ID='bronze_ingest' AIRFLOW_CTX_EXECUTION_DATE='2026-04-11T18:19:20.732295+00:00' AIRFLOW_CTX_TRY_NUMBER='2' AIRFLOW_CTX_DAG_RUN_ID='manual__2026-04-11T18:19:20.732295+00:00'
[2026-04-11T18:24:38.286+0000] {taskinstance.py:731} INFO - ::endgroup::
[2026-04-11T18:24:40.687+0000] {bronze_ingest.py:118} INFO - ============================================================
[2026-04-11T18:24:40.699+0000] {bronze_ingest.py:119} INFO - BRONZE INGEST (DLT) — users_2021
[2026-04-11T18:24:40.717+0000] {bronze_ingest.py:120} INFO - Fuente : ClickHouse público (stackoverflow.users)
[2026-04-11T18:24:40.730+0000] {bronze_ingest.py:121} INFO - Destino: s3://bronze/users/2021/
[2026-04-11T18:24:40.744+0000] {bronze_ingest.py:122} INFO - Modo   : OVERWRITE (replace)
[2026-04-11T18:24:40.753+0000] {bronze_ingest.py:123} INFO - ============================================================
[2026-04-11T18:24:40.810+0000] {config_providers_context.py:170} WARNING - Airflow variable 'dlt_secrets_toml' was not found. This Airflow variable is a recommended place to hold the content of secrets.toml.If you do not use Airflow variables to hold dlt configuration or use variables with other names you can ignore this warning.
[2026-04-11T18:24:42.599+0000] {bronze_ingest.py:128} INFO - Ejecutando pipeline dlt...
[2026-04-11T18:24:45.245+0000] {bronze_ingest.py:56} INFO - Conectando a ClickHouse: play.clickhouse.com:443
[2026-04-11T18:24:45.394+0000] {connectionpool.py:870} WARNING - Retrying (Retry(total=0, connect=None, read=None, redirect=0, status=None)) after connection broken by 'NameResolutionError("<urllib3.connection.HTTPSConnection object at 0x7991eb7e39b0>: Failed to resolve 'play.clickhouse.com' ([Errno -2] Name or service not known)")': /?wait_end_of_query=1
[2026-04-11T18:24:45.408+0000] {httpclient.py:439} WARNING - Unexpected Http Driver Exception
[2026-04-11T18:24:45.544+0000] {taskinstance.py:3311} ERROR - Task failed with exception
Traceback (most recent call last):
  File "/home/airflow/.local/lib/python3.12/site-packages/urllib3/connection.py", line 199, in _new_conn
    sock = connection.create_connection(
           ^^^^^^^^^^^^^^^^^^^^^^^^^^^^^
  File "/home/airflow/.local/lib/python3.12/site-packages/urllib3/util/connection.py", line 60, in create_connection
    for res in socket.getaddrinfo(host, port, family, socket.SOCK_STREAM):
               ^^^^^^^^^^^^^^^^^^^^^^^^^^^^^^^^^^^^^^^^^^^^^^^^^^^^^^^^^^
  File "/usr/local/lib/python3.12/socket.py", line 976, in getaddrinfo
    for res in _socket.getaddrinfo(host, port, family, type, proto, flags):
               ^^^^^^^^^^^^^^^^^^^^^^^^^^^^^^^^^^^^^^^^^^^^^^^^^^^^^^^^^^^
socket.gaierror: [Errno -2] Name or service not known

The above exception was the direct cause of the following exception:

Traceback (most recent call last):
  File "/home/airflow/.local/lib/python3.12/site-packages/urllib3/connectionpool.py", line 789, in urlopen
    response = self._make_request(
               ^^^^^^^^^^^^^^^^^^^
  File "/home/airflow/.local/lib/python3.12/site-packages/urllib3/connectionpool.py", line 490, in _make_request
    raise new_e
  File "/home/airflow/.local/lib/python3.12/site-packages/urllib3/connectionpool.py", line 466, in _make_request
    self._validate_conn(conn)
  File "/home/airflow/.local/lib/python3.12/site-packages/urllib3/connectionpool.py", line 1095, in _validate_conn
    conn.connect()
  File "/home/airflow/.local/lib/python3.12/site-packages/urllib3/connection.py", line 693, in connect
    self.sock = sock = self._new_conn()
                       ^^^^^^^^^^^^^^^^
  File "/home/airflow/.local/lib/python3.12/site-packages/urllib3/connection.py", line 206, in _new_conn
    raise NameResolutionError(self.host, self, e) from e
urllib3.exceptions.NameResolutionError: <urllib3.connection.HTTPSConnection object at 0x7991eb7e2630>: Failed to resolve 'play.clickhouse.com' ([Errno -2] Name or service not known)

The above exception was the direct cause of the following exception:

Traceback (most recent call last):
  File "/home/airflow/.local/lib/python3.12/site-packages/clickhouse_connect/driver/httpclient.py", line 429, in _raw_request
    response = self.http.request(method, url, **kwargs)
               ^^^^^^^^^^^^^^^^^^^^^^^^^^^^^^^^^^^^^^^^
  File "/home/airflow/.local/lib/python3.12/site-packages/urllib3/_request_methods.py", line 143, in request
    return self.request_encode_body(
           ^^^^^^^^^^^^^^^^^^^^^^^^^
  File "/home/airflow/.local/lib/python3.12/site-packages/urllib3/_request_methods.py", line 278, in request_encode_body
    return self.urlopen(method, url, **extra_kw)
           ^^^^^^^^^^^^^^^^^^^^^^^^^^^^^^^^^^^^^
  File "/home/airflow/.local/lib/python3.12/site-packages/urllib3/poolmanager.py", line 443, in urlopen
    response = conn.urlopen(method, u.request_uri, **kw)
               ^^^^^^^^^^^^^^^^^^^^^^^^^^^^^^^^^^^^^^^^^
  File "/home/airflow/.local/lib/python3.12/site-packages/urllib3/connectionpool.py", line 873, in urlopen
    return self.urlopen(
           ^^^^^^^^^^^^^
  File "/home/airflow/.local/lib/python3.12/site-packages/urllib3/connectionpool.py", line 843, in urlopen
    retries = retries.increment(
              ^^^^^^^^^^^^^^^^^^
  File "/home/airflow/.local/lib/python3.12/site-packages/urllib3/util/retry.py", line 519, in increment
    raise MaxRetryError(_pool, url, reason) from reason  # type: ignore[arg-type]
    ^^^^^^^^^^^^^^^^^^^^^^^^^^^^^^^^^^^^^^^^^^^^^^^^^^^
urllib3.exceptions.MaxRetryError: HTTPSConnectionPool(host='play.clickhouse.com', port=443): Max retries exceeded with url: /?wait_end_of_query=1 (Caused by NameResolutionError("<urllib3.connection.HTTPSConnection object at 0x7991eb7e2630>: Failed to resolve 'play.clickhouse.com' ([Errno -2] Name or service not known)"))

The above exception was the direct cause of the following exception:

Traceback (most recent call last):
  File "/home/airflow/.local/lib/python3.12/site-packages/dlt/extract/pipe_iterator.py", line 274, in _get_source_item
    pipe_item = next(gen)
                ^^^^^^^^^
  File "/opt/airflow/scripts/bronze_ingest.py", line 58, in users_2021_source
    client = clickhouse_connect.get_client(
             ^^^^^^^^^^^^^^^^^^^^^^^^^^^^^^
  File "/home/airflow/.local/lib/python3.12/site-packages/clickhouse_connect/driver/__init__.py", line 115, in create_client
    return HttpClient(interface, host, port, username, password, database, settings=settings, **kwargs)
           ^^^^^^^^^^^^^^^^^^^^^^^^^^^^^^^^^^^^^^^^^^^^^^^^^^^^^^^^^^^^^^^^^^^^^^^^^^^^^^^^^^^^^^^^^^^^
  File "/home/airflow/.local/lib/python3.12/site-packages/clickhouse_connect/driver/httpclient.py", line 153, in __init__
    super().__init__(database=database,
  File "/home/airflow/.local/lib/python3.12/site-packages/clickhouse_connect/driver/client.py", line 67, in __init__
    tuple(self.command('SELECT version(), timezone()', use_database=False))
          ^^^^^^^^^^^^^^^^^^^^^^^^^^^^^^^^^^^^^^^^^^^^^^^^^^^^^^^^^^^^^^^^
  File "/home/airflow/.local/lib/python3.12/site-packages/clickhouse_connect/driver/httpclient.py", line 347, in command
    response = self._raw_request(payload, params, headers, method, fields=fields)
               ^^^^^^^^^^^^^^^^^^^^^^^^^^^^^^^^^^^^^^^^^^^^^^^^^^^^^^^^^^^^^^^^^^
  File "/home/airflow/.local/lib/python3.12/site-packages/clickhouse_connect/driver/httpclient.py", line 441, in _raw_request
    raise OperationalError(f'Error {ex} executing HTTP request attempt {attempts}{err_url}') from ex
clickhouse_connect.driver.exceptions.OperationalError: Error HTTPSConnectionPool(host='play.clickhouse.com', port=443): Max retries exceeded with url: /?wait_end_of_query=1 (Caused by NameResolutionError("<urllib3.connection.HTTPSConnection object at 0x7991eb7e2630>: Failed to resolve 'play.clickhouse.com' ([Errno -2] Name or service not known)")) executing HTTP request attempt 1 (https://play.clickhouse.com:443)

The above exception was the direct cause of the following exception:

Traceback (most recent call last):
  File "/home/airflow/.local/lib/python3.12/site-packages/dlt/pipeline/pipeline.py", line 433, in extract
    self._extract_source(
  File "/home/airflow/.local/lib/python3.12/site-packages/dlt/pipeline/pipeline.py", line 1175, in _extract_source
    load_id = extract.extract(
              ^^^^^^^^^^^^^^^^
  File "/home/airflow/.local/lib/python3.12/site-packages/dlt/extract/extract.py", line 404, in extract
    self._extract_single_source(
  File "/home/airflow/.local/lib/python3.12/site-packages/dlt/extract/extract.py", line 327, in _extract_single_source
    for pipe_item in pipes:
                     ^^^^^
  File "/home/airflow/.local/lib/python3.12/site-packages/dlt/extract/pipe_iterator.py", line 158, in __next__
    pipe_item = self._get_source_item()
                ^^^^^^^^^^^^^^^^^^^^^^^
  File "/home/airflow/.local/lib/python3.12/site-packages/dlt/extract/pipe_iterator.py", line 305, in _get_source_item
    raise ResourceExtractionError(pipe.name, gen, str(ex), "generator") from ex
dlt.extract.exceptions.ResourceExtractionError: In processing pipe users_2021: extraction of resource users_2021 in generator users_2021_source caused an exception: Error HTTPSConnectionPool(host='play.clickhouse.com', port=443): Max retries exceeded with url: /?wait_end_of_query=1 (Caused by NameResolutionError("<urllib3.connection.HTTPSConnection object at 0x7991eb7e2630>: Failed to resolve 'play.clickhouse.com' ([Errno -2] Name or service not known)")) executing HTTP request attempt 1 (https://play.clickhouse.com:443)

The above exception was the direct cause of the following exception:

Traceback (most recent call last):
  File "/home/airflow/.local/lib/python3.12/site-packages/airflow/models/taskinstance.py", line 767, in _execute_task
    result = _execute_callable(context=context, **execute_callable_kwargs)
             ^^^^^^^^^^^^^^^^^^^^^^^^^^^^^^^^^^^^^^^^^^^^^^^^^^^^^^^^^^^^^
  File "/home/airflow/.local/lib/python3.12/site-packages/airflow/models/taskinstance.py", line 733, in _execute_callable
    return ExecutionCallableRunner(
           ^^^^^^^^^^^^^^^^^^^^^^^^
  File "/home/airflow/.local/lib/python3.12/site-packages/airflow/utils/operator_helpers.py", line 252, in run
    return self.func(*args, **kwargs)
           ^^^^^^^^^^^^^^^^^^^^^^^^^^
  File "/home/airflow/.local/lib/python3.12/site-packages/airflow/models/baseoperator.py", line 417, in wrapper
    return func(self, *args, **kwargs)
           ^^^^^^^^^^^^^^^^^^^^^^^^^^^
  File "/home/airflow/.local/lib/python3.12/site-packages/airflow/operators/python.py", line 238, in execute
    return_value = self.execute_callable()
                   ^^^^^^^^^^^^^^^^^^^^^^^
  File "/home/airflow/.local/lib/python3.12/site-packages/airflow/operators/python.py", line 256, in execute_callable
    return runner.run(*self.op_args, **self.op_kwargs)
           ^^^^^^^^^^^^^^^^^^^^^^^^^^^^^^^^^^^^^^^^^^^
  File "/home/airflow/.local/lib/python3.12/site-packages/airflow/utils/operator_helpers.py", line 252, in run
    return self.func(*args, **kwargs)
           ^^^^^^^^^^^^^^^^^^^^^^^^^^
  File "/opt/airflow/dags/stackoverflow_pipeline.py", line 113, in bronze_ingest_callable
    bronze_ingest.main()
  File "/opt/airflow/scripts/bronze_ingest.py", line 129, in main
    load_info = pipeline.run(users_2021_source())
                ^^^^^^^^^^^^^^^^^^^^^^^^^^^^^^^^^
  File "/home/airflow/.local/lib/python3.12/site-packages/dlt/pipeline/pipeline.py", line 222, in _wrap
    step_info = f(self, *args, **kwargs)
                ^^^^^^^^^^^^^^^^^^^^^^^^
  File "/home/airflow/.local/lib/python3.12/site-packages/dlt/pipeline/pipeline.py", line 267, in _wrap
    return f(self, *args, **kwargs)
           ^^^^^^^^^^^^^^^^^^^^^^^^
  File "/home/airflow/.local/lib/python3.12/site-packages/dlt/pipeline/pipeline.py", line 710, in run
    self.extract(
  File "/home/airflow/.local/lib/python3.12/site-packages/dlt/pipeline/pipeline.py", line 222, in _wrap
    step_info = f(self, *args, **kwargs)
                ^^^^^^^^^^^^^^^^^^^^^^^^
  File "/home/airflow/.local/lib/python3.12/site-packages/dlt/pipeline/pipeline.py", line 176, in _wrap
    rv = f(self, *args, **kwargs)
         ^^^^^^^^^^^^^^^^^^^^^^^^
  File "/home/airflow/.local/lib/python3.12/site-packages/dlt/pipeline/pipeline.py", line 162, in _wrap
    return f(self, *args, **kwargs)
           ^^^^^^^^^^^^^^^^^^^^^^^^
  File "/home/airflow/.local/lib/python3.12/site-packages/dlt/pipeline/pipeline.py", line 267, in _wrap
    return f(self, *args, **kwargs)
           ^^^^^^^^^^^^^^^^^^^^^^^^
  File "/home/airflow/.local/lib/python3.12/site-packages/dlt/pipeline/pipeline.py", line 453, in extract
    raise PipelineStepFailed(
dlt.pipeline.exceptions.PipelineStepFailed: Pipeline execution failed at stage extract when processing package 1775931884.6920202 with exception:

<class 'dlt.extract.exceptions.ResourceExtractionError'>
In processing pipe users_2021: extraction of resource users_2021 in generator users_2021_source caused an exception: Error HTTPSConnectionPool(host='play.clickhouse.com', port=443): Max retries exceeded with url: /?wait_end_of_query=1 (Caused by NameResolutionError("<urllib3.connection.HTTPSConnection object at 0x7991eb7e2630>: Failed to resolve 'play.clickhouse.com' ([Errno -2] Name or service not known)")) executing HTTP request attempt 1 (https://play.clickhouse.com:443)
[2026-04-11T18:24:45.705+0000] {taskinstance.py:1225} INFO - Marking task as FAILED. dag_id=stackoverflow_pipeline, task_id=bronze_ingest, run_id=manual__2026-04-11T18:19:20.732295+00:00, execution_date=20260411T181920, start_date=20260411T182437, end_date=20260411T182445
[2026-04-11T18:24:45.739+0000] {taskinstance.py:340} INFO - ::group::Post task execution logs
[2026-04-11T18:24:45.742+0000] {standard_task_runner.py:124} ERROR - Failed to execute job 6 for task bronze_ingest (Pipeline execution failed at stage extract when processing package 1775931884.6920202 with exception:

<class 'dlt.extract.exceptions.ResourceExtractionError'>
In processing pipe users_2021: extraction of resource users_2021 in generator users_2021_source caused an exception: Error HTTPSConnectionPool(host='play.clickhouse.com', port=443): Max retries exceeded with url: /?wait_end_of_query=1 (Caused by NameResolutionError("<urllib3.connection.HTTPSConnection object at 0x7991eb7e2630>: Failed to resolve 'play.clickhouse.com' ([Errno -2] Name or service not known)")) executing HTTP request attempt 1 (https://play.clickhouse.com:443); 275)
Traceback (most recent call last):
  File "/home/airflow/.local/lib/python3.12/site-packages/urllib3/connection.py", line 199, in _new_conn
    sock = connection.create_connection(
           ^^^^^^^^^^^^^^^^^^^^^^^^^^^^^
  File "/home/airflow/.local/lib/python3.12/site-packages/urllib3/util/connection.py", line 60, in create_connection
    for res in socket.getaddrinfo(host, port, family, socket.SOCK_STREAM):
               ^^^^^^^^^^^^^^^^^^^^^^^^^^^^^^^^^^^^^^^^^^^^^^^^^^^^^^^^^^
  File "/usr/local/lib/python3.12/socket.py", line 976, in getaddrinfo
    for res in _socket.getaddrinfo(host, port, family, type, proto, flags):
               ^^^^^^^^^^^^^^^^^^^^^^^^^^^^^^^^^^^^^^^^^^^^^^^^^^^^^^^^^^^
socket.gaierror: [Errno -2] Name or service not known

The above exception was the direct cause of the following exception:

Traceback (most recent call last):
  File "/home/airflow/.local/lib/python3.12/site-packages/urllib3/connectionpool.py", line 789, in urlopen
    response = self._make_request(
               ^^^^^^^^^^^^^^^^^^^
  File "/home/airflow/.local/lib/python3.12/site-packages/urllib3/connectionpool.py", line 490, in _make_request
    raise new_e
  File "/home/airflow/.local/lib/python3.12/site-packages/urllib3/connectionpool.py", line 466, in _make_request
    self._validate_conn(conn)
  File "/home/airflow/.local/lib/python3.12/site-packages/urllib3/connectionpool.py", line 1095, in _validate_conn
    conn.connect()
  File "/home/airflow/.local/lib/python3.12/site-packages/urllib3/connection.py", line 693, in connect
    self.sock = sock = self._new_conn()
                       ^^^^^^^^^^^^^^^^
  File "/home/airflow/.local/lib/python3.12/site-packages/urllib3/connection.py", line 206, in _new_conn
    raise NameResolutionError(self.host, self, e) from e
urllib3.exceptions.NameResolutionError: <urllib3.connection.HTTPSConnection object at 0x7991eb7e2630>: Failed to resolve 'play.clickhouse.com' ([Errno -2] Name or service not known)

The above exception was the direct cause of the following exception:

Traceback (most recent call last):
  File "/home/airflow/.local/lib/python3.12/site-packages/clickhouse_connect/driver/httpclient.py", line 429, in _raw_request
    response = self.http.request(method, url, **kwargs)
               ^^^^^^^^^^^^^^^^^^^^^^^^^^^^^^^^^^^^^^^^
  File "/home/airflow/.local/lib/python3.12/site-packages/urllib3/_request_methods.py", line 143, in request
    return self.request_encode_body(
           ^^^^^^^^^^^^^^^^^^^^^^^^^
  File "/home/airflow/.local/lib/python3.12/site-packages/urllib3/_request_methods.py", line 278, in request_encode_body
    return self.urlopen(method, url, **extra_kw)
           ^^^^^^^^^^^^^^^^^^^^^^^^^^^^^^^^^^^^^
  File "/home/airflow/.local/lib/python3.12/site-packages/urllib3/poolmanager.py", line 443, in urlopen
    response = conn.urlopen(method, u.request_uri, **kw)
               ^^^^^^^^^^^^^^^^^^^^^^^^^^^^^^^^^^^^^^^^^
  File "/home/airflow/.local/lib/python3.12/site-packages/urllib3/connectionpool.py", line 873, in urlopen
    return self.urlopen(
           ^^^^^^^^^^^^^
  File "/home/airflow/.local/lib/python3.12/site-packages/urllib3/connectionpool.py", line 843, in urlopen
    retries = retries.increment(
              ^^^^^^^^^^^^^^^^^^
  File "/home/airflow/.local/lib/python3.12/site-packages/urllib3/util/retry.py", line 519, in increment
    raise MaxRetryError(_pool, url, reason) from reason  # type: ignore[arg-type]
    ^^^^^^^^^^^^^^^^^^^^^^^^^^^^^^^^^^^^^^^^^^^^^^^^^^^
urllib3.exceptions.MaxRetryError: HTTPSConnectionPool(host='play.clickhouse.com', port=443): Max retries exceeded with url: /?wait_end_of_query=1 (Caused by NameResolutionError("<urllib3.connection.HTTPSConnection object at 0x7991eb7e2630>: Failed to resolve 'play.clickhouse.com' ([Errno -2] Name or service not known)"))

The above exception was the direct cause of the following exception:

Traceback (most recent call last):
  File "/home/airflow/.local/lib/python3.12/site-packages/dlt/extract/pipe_iterator.py", line 274, in _get_source_item
    pipe_item = next(gen)
                ^^^^^^^^^
  File "/opt/airflow/scripts/bronze_ingest.py", line 58, in users_2021_source
    client = clickhouse_connect.get_client(
             ^^^^^^^^^^^^^^^^^^^^^^^^^^^^^^
  File "/home/airflow/.local/lib/python3.12/site-packages/clickhouse_connect/driver/__init__.py", line 115, in create_client
    return HttpClient(interface, host, port, username, password, database, settings=settings, **kwargs)
           ^^^^^^^^^^^^^^^^^^^^^^^^^^^^^^^^^^^^^^^^^^^^^^^^^^^^^^^^^^^^^^^^^^^^^^^^^^^^^^^^^^^^^^^^^^^^
  File "/home/airflow/.local/lib/python3.12/site-packages/clickhouse_connect/driver/httpclient.py", line 153, in __init__
    super().__init__(database=database,
  File "/home/airflow/.local/lib/python3.12/site-packages/clickhouse_connect/driver/client.py", line 67, in __init__
    tuple(self.command('SELECT version(), timezone()', use_database=False))
          ^^^^^^^^^^^^^^^^^^^^^^^^^^^^^^^^^^^^^^^^^^^^^^^^^^^^^^^^^^^^^^^^
  File "/home/airflow/.local/lib/python3.12/site-packages/clickhouse_connect/driver/httpclient.py", line 347, in command
    response = self._raw_request(payload, params, headers, method, fields=fields)
               ^^^^^^^^^^^^^^^^^^^^^^^^^^^^^^^^^^^^^^^^^^^^^^^^^^^^^^^^^^^^^^^^^^
  File "/home/airflow/.local/lib/python3.12/site-packages/clickhouse_connect/driver/httpclient.py", line 441, in _raw_request
    raise OperationalError(f'Error {ex} executing HTTP request attempt {attempts}{err_url}') from ex
clickhouse_connect.driver.exceptions.OperationalError: Error HTTPSConnectionPool(host='play.clickhouse.com', port=443): Max retries exceeded with url: /?wait_end_of_query=1 (Caused by NameResolutionError("<urllib3.connection.HTTPSConnection object at 0x7991eb7e2630>: Failed to resolve 'play.clickhouse.com' ([Errno -2] Name or service not known)")) executing HTTP request attempt 1 (https://play.clickhouse.com:443)

The above exception was the direct cause of the following exception:

Traceback (most recent call last):
  File "/home/airflow/.local/lib/python3.12/site-packages/dlt/pipeline/pipeline.py", line 433, in extract
    self._extract_source(
  File "/home/airflow/.local/lib/python3.12/site-packages/dlt/pipeline/pipeline.py", line 1175, in _extract_source
    load_id = extract.extract(
              ^^^^^^^^^^^^^^^^
  File "/home/airflow/.local/lib/python3.12/site-packages/dlt/extract/extract.py", line 404, in extract
    self._extract_single_source(
  File "/home/airflow/.local/lib/python3.12/site-packages/dlt/extract/extract.py", line 327, in _extract_single_source
    for pipe_item in pipes:
                     ^^^^^
  File "/home/airflow/.local/lib/python3.12/site-packages/dlt/extract/pipe_iterator.py", line 158, in __next__
    pipe_item = self._get_source_item()
                ^^^^^^^^^^^^^^^^^^^^^^^
  File "/home/airflow/.local/lib/python3.12/site-packages/dlt/extract/pipe_iterator.py", line 305, in _get_source_item
    raise ResourceExtractionError(pipe.name, gen, str(ex), "generator") from ex
dlt.extract.exceptions.ResourceExtractionError: In processing pipe users_2021: extraction of resource users_2021 in generator users_2021_source caused an exception: Error HTTPSConnectionPool(host='play.clickhouse.com', port=443): Max retries exceeded with url: /?wait_end_of_query=1 (Caused by NameResolutionError("<urllib3.connection.HTTPSConnection object at 0x7991eb7e2630>: Failed to resolve 'play.clickhouse.com' ([Errno -2] Name or service not known)")) executing HTTP request attempt 1 (https://play.clickhouse.com:443)

The above exception was the direct cause of the following exception:

Traceback (most recent call last):
  File "/home/airflow/.local/lib/python3.12/site-packages/airflow/task/task_runner/standard_task_runner.py", line 117, in _start_by_fork
    ret = args.func(args, dag=self.dag)
          ^^^^^^^^^^^^^^^^^^^^^^^^^^^^^
  File "/home/airflow/.local/lib/python3.12/site-packages/airflow/cli/cli_config.py", line 49, in command
    return func(*args, **kwargs)
           ^^^^^^^^^^^^^^^^^^^^^
  File "/home/airflow/.local/lib/python3.12/site-packages/airflow/utils/cli.py", line 116, in wrapper
    return f(*args, **kwargs)
           ^^^^^^^^^^^^^^^^^^
  File "/home/airflow/.local/lib/python3.12/site-packages/airflow/cli/commands/task_command.py", line 483, in task_run
    task_return_code = _run_task_by_selected_method(args, _dag, ti)
                       ^^^^^^^^^^^^^^^^^^^^^^^^^^^^^^^^^^^^^^^^^^^^
  File "/home/airflow/.local/lib/python3.12/site-packages/airflow/cli/commands/task_command.py", line 256, in _run_task_by_selected_method
    return _run_raw_task(args, ti)
           ^^^^^^^^^^^^^^^^^^^^^^^
  File "/home/airflow/.local/lib/python3.12/site-packages/airflow/cli/commands/task_command.py", line 341, in _run_raw_task
    return ti._run_raw_task(
           ^^^^^^^^^^^^^^^^^
  File "/home/airflow/.local/lib/python3.12/site-packages/airflow/utils/session.py", line 97, in wrapper
    return func(*args, session=session, **kwargs)
           ^^^^^^^^^^^^^^^^^^^^^^^^^^^^^^^^^^^^^^
  File "/home/airflow/.local/lib/python3.12/site-packages/airflow/models/taskinstance.py", line 3005, in _run_raw_task
    return _run_raw_task(
           ^^^^^^^^^^^^^^
  File "/home/airflow/.local/lib/python3.12/site-packages/airflow/models/taskinstance.py", line 273, in _run_raw_task
    TaskInstance._execute_task_with_callbacks(
  File "/home/airflow/.local/lib/python3.12/site-packages/airflow/models/taskinstance.py", line 3159, in _execute_task_with_callbacks
    result = self._execute_task(context, task_orig)
             ^^^^^^^^^^^^^^^^^^^^^^^^^^^^^^^^^^^^^^
  File "/home/airflow/.local/lib/python3.12/site-packages/airflow/models/taskinstance.py", line 3183, in _execute_task
    return _execute_task(self, context, task_orig)
           ^^^^^^^^^^^^^^^^^^^^^^^^^^^^^^^^^^^^^^^
  File "/home/airflow/.local/lib/python3.12/site-packages/airflow/models/taskinstance.py", line 767, in _execute_task
    result = _execute_callable(context=context, **execute_callable_kwargs)
             ^^^^^^^^^^^^^^^^^^^^^^^^^^^^^^^^^^^^^^^^^^^^^^^^^^^^^^^^^^^^^
  File "/home/airflow/.local/lib/python3.12/site-packages/airflow/models/taskinstance.py", line 733, in _execute_callable
    return ExecutionCallableRunner(
           ^^^^^^^^^^^^^^^^^^^^^^^^
  File "/home/airflow/.local/lib/python3.12/site-packages/airflow/utils/operator_helpers.py", line 252, in run
    return self.func(*args, **kwargs)
           ^^^^^^^^^^^^^^^^^^^^^^^^^^
  File "/home/airflow/.local/lib/python3.12/site-packages/airflow/models/baseoperator.py", line 417, in wrapper
    return func(self, *args, **kwargs)
           ^^^^^^^^^^^^^^^^^^^^^^^^^^^
  File "/home/airflow/.local/lib/python3.12/site-packages/airflow/operators/python.py", line 238, in execute
    return_value = self.execute_callable()
                   ^^^^^^^^^^^^^^^^^^^^^^^
  File "/home/airflow/.local/lib/python3.12/site-packages/airflow/operators/python.py", line 256, in execute_callable
    return runner.run(*self.op_args, **self.op_kwargs)
           ^^^^^^^^^^^^^^^^^^^^^^^^^^^^^^^^^^^^^^^^^^^
  File "/home/airflow/.local/lib/python3.12/site-packages/airflow/utils/operator_helpers.py", line 252, in run
    return self.func(*args, **kwargs)
           ^^^^^^^^^^^^^^^^^^^^^^^^^^
  File "/opt/airflow/dags/stackoverflow_pipeline.py", line 113, in bronze_ingest_callable
    bronze_ingest.main()
  File "/opt/airflow/scripts/bronze_ingest.py", line 129, in main
    load_info = pipeline.run(users_2021_source())
                ^^^^^^^^^^^^^^^^^^^^^^^^^^^^^^^^^
  File "/home/airflow/.local/lib/python3.12/site-packages/dlt/pipeline/pipeline.py", line 222, in _wrap
    step_info = f(self, *args, **kwargs)
                ^^^^^^^^^^^^^^^^^^^^^^^^
  File "/home/airflow/.local/lib/python3.12/site-packages/dlt/pipeline/pipeline.py", line 267, in _wrap
    return f(self, *args, **kwargs)
           ^^^^^^^^^^^^^^^^^^^^^^^^
  File "/home/airflow/.local/lib/python3.12/site-packages/dlt/pipeline/pipeline.py", line 710, in run
    self.extract(
  File "/home/airflow/.local/lib/python3.12/site-packages/dlt/pipeline/pipeline.py", line 222, in _wrap
    step_info = f(self, *args, **kwargs)
                ^^^^^^^^^^^^^^^^^^^^^^^^
  File "/home/airflow/.local/lib/python3.12/site-packages/dlt/pipeline/pipeline.py", line 176, in _wrap
    rv = f(self, *args, **kwargs)
         ^^^^^^^^^^^^^^^^^^^^^^^^
  File "/home/airflow/.local/lib/python3.12/site-packages/dlt/pipeline/pipeline.py", line 162, in _wrap
    return f(self, *args, **kwargs)
           ^^^^^^^^^^^^^^^^^^^^^^^^
  File "/home/airflow/.local/lib/python3.12/site-packages/dlt/pipeline/pipeline.py", line 267, in _wrap
    return f(self, *args, **kwargs)
           ^^^^^^^^^^^^^^^^^^^^^^^^
  File "/home/airflow/.local/lib/python3.12/site-packages/dlt/pipeline/pipeline.py", line 453, in extract
    raise PipelineStepFailed(
dlt.pipeline.exceptions.PipelineStepFailed: Pipeline execution failed at stage extract when processing package 1775931884.6920202 with exception:

<class 'dlt.extract.exceptions.ResourceExtractionError'>
In processing pipe users_2021: extraction of resource users_2021 in generator users_2021_source caused an exception: Error HTTPSConnectionPool(host='play.clickhouse.com', port=443): Max retries exceeded with url: /?wait_end_of_query=1 (Caused by NameResolutionError("<urllib3.connection.HTTPSConnection object at 0x7991eb7e2630>: Failed to resolve 'play.clickhouse.com' ([Errno -2] Name or service not known)")) executing HTTP request attempt 1 (https://play.clickhouse.com:443)
[2026-04-11T18:24:45.805+0000] {local_task_job_runner.py:266} INFO - Task exited with return code 1
[2026-04-11T18:24:45.852+0000] {taskinstance.py:3895} INFO - 0 downstream tasks scheduled from follow-on schedule check
[2026-04-11T18:24:45.872+0000] {local_task_job_runner.py:245} INFO - ::endgroup::
