[2026-04-12T19:33:48.770+0000] {local_task_job_runner.py:123} INFO - ::group::Pre task execution logs
[2026-04-12T19:33:48.789+0000] {taskinstance.py:2613} INFO - Dependencies all met for dep_context=non-requeueable deps ti=<TaskInstance: stackoverflow_pipeline.gold_agg manual__2026-04-12T19:32:53+00:00 [queued]>
[2026-04-12T19:33:48.800+0000] {taskinstance.py:2613} INFO - Dependencies all met for dep_context=requeueable deps ti=<TaskInstance: stackoverflow_pipeline.gold_agg manual__2026-04-12T19:32:53+00:00 [queued]>
[2026-04-12T19:33:48.802+0000] {taskinstance.py:2866} INFO - Starting attempt 1 of 2
[2026-04-12T19:33:48.819+0000] {taskinstance.py:2889} INFO - Executing <Task(BashOperator): gold_agg> on 2026-04-12 19:32:53+00:00
[2026-04-12T19:33:48.825+0000] {warnings.py:112} WARNING - /home/***/.local/lib/python3.12/site-packages/***/task/task_runner/standard_task_runner.py:70: DeprecationWarning: This process (pid=5607) is multi-threaded, use of fork() may lead to deadlocks in the child.
  pid = os.fork()

[2026-04-12T19:33:48.827+0000] {standard_task_runner.py:72} INFO - Started process 5608 to run task
[2026-04-12T19:33:48.827+0000] {standard_task_runner.py:104} INFO - Running: ['***', 'tasks', 'run', 'stackoverflow_pipeline', 'gold_agg', 'manual__2026-04-12T19:32:53+00:00', '--job-id', '30', '--raw', '--subdir', 'DAGS_FOLDER/stackoverflow_pipeline.py', '--cfg-path', '/tmp/tmphcgmyeoe']
[2026-04-12T19:33:48.828+0000] {standard_task_runner.py:105} INFO - Job 30: Subtask gold_agg
[2026-04-12T19:33:48.898+0000] {task_command.py:467} INFO - Running <TaskInstance: stackoverflow_pipeline.gold_agg manual__2026-04-12T19:32:53+00:00 [running]> on host b4737cc55adb
[2026-04-12T19:33:49.000+0000] {taskinstance.py:3132} INFO - Exporting env vars: AIRFLOW_CTX_DAG_OWNER='fhbd-grupo' AIRFLOW_CTX_DAG_ID='stackoverflow_pipeline' AIRFLOW_CTX_TASK_ID='gold_agg' AIRFLOW_CTX_EXECUTION_DATE='2026-04-12T19:32:53+00:00' AIRFLOW_CTX_TRY_NUMBER='1' AIRFLOW_CTX_DAG_RUN_ID='manual__2026-04-12T19:32:53+00:00'
[2026-04-12T19:33:49.002+0000] {taskinstance.py:731} INFO - ::endgroup::
[2026-04-12T19:33:49.021+0000] {subprocess.py:78} INFO - Tmp dir root location: /tmp
[2026-04-12T19:33:49.023+0000] {subprocess.py:88} INFO - Running command: ['/usr/bin/bash', '-c', '/opt/spark/bin/spark-submit --master spark://spark-master:7077 --conf spark.submit.deployMode=client --conf spark.driver.bindAddress=0.0.0.0 --conf spark.executor.instances=1 --conf spark.executor.cores=2 --conf spark.executor.memory=2g --conf spark.driver.memory=1g --conf spark.sql.extensions=org.apache.iceberg.spark.extensions.IcebergSparkSessionExtensions,org.projectnessie.spark.extensions.NessieSparkSessionExtensions --conf spark.sql.catalog.nessie=org.apache.iceberg.spark.SparkCatalog --conf spark.sql.catalog.nessie.catalog-impl=org.apache.iceberg.nessie.NessieCatalog --conf spark.sql.catalog.nessie.uri=http://proyecto2-nessie:19120/api/v1 --conf spark.sql.catalog.nessie.ref=main --conf spark.sql.catalog.nessie.authentication.type=NONE --conf spark.sql.catalog.nessie.warehouse=s3a://iceberg/ --conf spark.hadoop.fs.s3a.endpoint=http://proyecto2-minio:9000 --conf spark.hadoop.fs.s3a.access.key=minioadmin --conf spark.hadoop.fs.s3a.secret.key=minioadmin123 --conf spark.hadoop.fs.s3a.path.style.access=true --conf spark.hadoop.fs.s3a.impl=org.apache.hadoop.fs.s3a.S3AFileSystem --conf spark.hadoop.fs.s3a.aws.credentials.provider=org.apache.hadoop.fs.s3a.SimpleAWSCredentialsProvider --conf spark.hadoop.fs.s3a.connection.ssl.enabled=false --packages org.apache.iceberg:iceberg-spark-runtime-3.5_2.12:1.6.1,org.projectnessie.nessie-integrations:nessie-spark-extensions-3.5_2.12:0.95.0,org.apache.hadoop:hadoop-aws:3.3.4,com.amazonaws:aws-java-sdk-bundle:1.12.262 --name gold_cant_post_x_user_hist --verbose /opt/***/scripts/gold_agg.py']
[2026-04-12T19:33:49.033+0000] {subprocess.py:99} INFO - Output:
[2026-04-12T19:33:49.044+0000] {subprocess.py:106} INFO - /opt/spark/bin/load-spark-env.sh: line 68: ps: command not found
[2026-04-12T19:33:50.440+0000] {subprocess.py:106} INFO - Using properties file: null
[2026-04-12T19:33:50.563+0000] {subprocess.py:106} INFO - Parsed arguments:
[2026-04-12T19:33:50.564+0000] {subprocess.py:106} INFO -   master                  spark://spark-master:7077
[2026-04-12T19:33:50.565+0000] {subprocess.py:106} INFO -   remote                  null
[2026-04-12T19:33:50.566+0000] {subprocess.py:106} INFO -   deployMode              client
[2026-04-12T19:33:50.567+0000] {subprocess.py:106} INFO -   executorMemory          2g
[2026-04-12T19:33:50.568+0000] {subprocess.py:106} INFO -   executorCores           2
[2026-04-12T19:33:50.569+0000] {subprocess.py:106} INFO -   totalExecutorCores      null
[2026-04-12T19:33:50.570+0000] {subprocess.py:106} INFO -   propertiesFile          null
[2026-04-12T19:33:50.571+0000] {subprocess.py:106} INFO -   driverMemory            1g
[2026-04-12T19:33:50.572+0000] {subprocess.py:106} INFO -   driverCores             null
[2026-04-12T19:33:50.574+0000] {subprocess.py:106} INFO -   driverExtraClassPath    null
[2026-04-12T19:33:50.576+0000] {subprocess.py:106} INFO -   driverExtraLibraryPath  null
[2026-04-12T19:33:50.577+0000] {subprocess.py:106} INFO -   driverExtraJavaOptions  null
[2026-04-12T19:33:50.584+0000] {subprocess.py:106} INFO -   supervise               false
[2026-04-12T19:33:50.585+0000] {subprocess.py:106} INFO -   queue                   null
[2026-04-12T19:33:50.586+0000] {subprocess.py:106} INFO -   numExecutors            1
[2026-04-12T19:33:50.587+0000] {subprocess.py:106} INFO -   files                   null
[2026-04-12T19:33:50.588+0000] {subprocess.py:106} INFO -   pyFiles                 null
[2026-04-12T19:33:50.589+0000] {subprocess.py:106} INFO -   archives                null
[2026-04-12T19:33:50.590+0000] {subprocess.py:106} INFO -   mainClass               null
[2026-04-12T19:33:50.592+0000] {subprocess.py:106} INFO -   primaryResource         file:/opt/***/scripts/gold_agg.py
[2026-04-12T19:33:50.593+0000] {subprocess.py:106} INFO -   name                    gold_cant_post_x_user_hist
[2026-04-12T19:33:50.596+0000] {subprocess.py:106} INFO -   childArgs               []
[2026-04-12T19:33:50.597+0000] {subprocess.py:106} INFO -   jars                    null
[2026-04-12T19:33:50.598+0000] {subprocess.py:106} INFO -   packages                org.apache.iceberg:iceberg-spark-runtime-3.5_2.12:1.6.1,org.projectnessie.nessie-integrations:nessie-spark-extensions-3.5_2.12:0.95.0,org.apache.hadoop:hadoop-aws:3.3.4,com.amazonaws:aws-java-sdk-bundle:1.12.262
[2026-04-12T19:33:50.599+0000] {subprocess.py:106} INFO -   packagesExclusions      null
[2026-04-12T19:33:50.600+0000] {subprocess.py:106} INFO -   repositories            null
[2026-04-12T19:33:50.601+0000] {subprocess.py:106} INFO -   verbose                 true
[2026-04-12T19:33:50.602+0000] {subprocess.py:106} INFO - 
[2026-04-12T19:33:50.603+0000] {subprocess.py:106} INFO - Spark properties used, including those specified through
[2026-04-12T19:33:50.604+0000] {subprocess.py:106} INFO -  --conf and those from the properties file null:
[2026-04-12T19:33:50.605+0000] {subprocess.py:106} INFO -   (spark.driver.bindAddress,0.0.0.0)
[2026-04-12T19:33:50.606+0000] {subprocess.py:106} INFO -   (spark.driver.memory,1g)
[2026-04-12T19:33:50.608+0000] {subprocess.py:106} INFO -   (spark.executor.cores,2)
[2026-04-12T19:33:50.609+0000] {subprocess.py:106} INFO -   (spark.executor.instances,1)
[2026-04-12T19:33:50.610+0000] {subprocess.py:106} INFO -   (spark.executor.memory,2g)
[2026-04-12T19:33:50.611+0000] {subprocess.py:106} INFO -   (spark.hadoop.fs.s3a.access.key,*********(redacted))
[2026-04-12T19:33:50.612+0000] {subprocess.py:106} INFO -   (spark.hadoop.fs.s3a.aws.credentials.provider,org.apache.hadoop.fs.s3a.SimpleAWSCredentialsProvider)
[2026-04-12T19:33:50.613+0000] {subprocess.py:106} INFO -   (spark.hadoop.fs.s3a.connection.ssl.enabled,false)
[2026-04-12T19:33:50.613+0000] {subprocess.py:106} INFO -   (spark.hadoop.fs.s3a.endpoint,http://proyecto2-minio:9000)
[2026-04-12T19:33:50.614+0000] {subprocess.py:106} INFO -   (spark.hadoop.fs.s3a.impl,org.apache.hadoop.fs.s3a.S3AFileSystem)
[2026-04-12T19:33:50.615+0000] {subprocess.py:106} INFO -   (spark.hadoop.fs.s3a.path.style.access,true)
[2026-04-12T19:33:50.616+0000] {subprocess.py:106} INFO -   (spark.hadoop.fs.s3a.secret.key,*********(redacted))
[2026-04-12T19:33:50.616+0000] {subprocess.py:106} INFO -   (spark.sql.catalog.nessie,org.apache.iceberg.spark.SparkCatalog)
[2026-04-12T19:33:50.617+0000] {subprocess.py:106} INFO -   (spark.sql.catalog.nessie.authentication.type,NONE)
[2026-04-12T19:33:50.618+0000] {subprocess.py:106} INFO -   (spark.sql.catalog.nessie.catalog-impl,org.apache.iceberg.nessie.NessieCatalog)
[2026-04-12T19:33:50.618+0000] {subprocess.py:106} INFO -   (spark.sql.catalog.nessie.ref,main)
[2026-04-12T19:33:50.619+0000] {subprocess.py:106} INFO -   (spark.sql.catalog.nessie.uri,http://proyecto2-nessie:19120/api/v1)
[2026-04-12T19:33:50.620+0000] {subprocess.py:106} INFO -   (spark.sql.catalog.nessie.warehouse,s3a://iceberg/)
[2026-04-12T19:33:50.621+0000] {subprocess.py:106} INFO -   (spark.sql.extensions,org.apache.iceberg.spark.extensions.IcebergSparkSessionExtensions,org.projectnessie.spark.extensions.NessieSparkSessionExtensions)
[2026-04-12T19:33:50.622+0000] {subprocess.py:106} INFO -   (spark.submit.deployMode,client)
[2026-04-12T19:33:50.622+0000] {subprocess.py:106} INFO - 
[2026-04-12T19:33:50.623+0000] {subprocess.py:106} INFO - 
[2026-04-12T19:33:50.708+0000] {subprocess.py:106} INFO - :: loading settings :: url = jar:file:/opt/spark/jars/ivy-2.5.1.jar!/org/apache/ivy/core/settings/ivysettings.xml
[2026-04-12T19:33:50.780+0000] {subprocess.py:106} INFO - Ivy Default Cache set to: /home/***/.ivy2/cache
[2026-04-12T19:33:50.781+0000] {subprocess.py:106} INFO - The jars for the packages stored in: /home/***/.ivy2/jars
[2026-04-12T19:33:50.787+0000] {subprocess.py:106} INFO - org.apache.iceberg#iceberg-spark-runtime-3.5_2.12 added as a dependency
[2026-04-12T19:33:50.788+0000] {subprocess.py:106} INFO - org.projectnessie.nessie-integrations#nessie-spark-extensions-3.5_2.12 added as a dependency
[2026-04-12T19:33:50.789+0000] {subprocess.py:106} INFO - org.apache.hadoop#hadoop-aws added as a dependency
[2026-04-12T19:33:50.790+0000] {subprocess.py:106} INFO - com.amazonaws#aws-java-sdk-bundle added as a dependency
[2026-04-12T19:33:50.791+0000] {subprocess.py:106} INFO - :: resolving dependencies :: org.apache.spark#spark-submit-parent-01f588eb-7960-4dce-9819-49b03bf845f1;1.0
[2026-04-12T19:33:50.791+0000] {subprocess.py:106} INFO - 	confs: [default]
[2026-04-12T19:33:50.940+0000] {subprocess.py:106} INFO - 	found org.apache.iceberg#iceberg-spark-runtime-3.5_2.12;1.6.1 in central
[2026-04-12T19:33:50.971+0000] {subprocess.py:106} INFO - 	found org.projectnessie.nessie-integrations#nessie-spark-extensions-3.5_2.12;0.95.0 in central
[2026-04-12T19:33:51.041+0000] {subprocess.py:106} INFO - 	found org.apache.hadoop#hadoop-aws;3.3.4 in central
[2026-04-12T19:33:51.067+0000] {subprocess.py:106} INFO - 	found com.amazonaws#aws-java-sdk-bundle;1.12.262 in central
[2026-04-12T19:33:51.095+0000] {subprocess.py:106} INFO - 	found org.wildfly.openssl#wildfly-openssl;1.0.7.Final in central
[2026-04-12T19:33:51.126+0000] {subprocess.py:106} INFO - :: resolution report :: resolve 323ms :: artifacts dl 15ms
[2026-04-12T19:33:51.129+0000] {subprocess.py:106} INFO - 	:: modules in use:
[2026-04-12T19:33:51.130+0000] {subprocess.py:106} INFO - 	com.amazonaws#aws-java-sdk-bundle;1.12.262 from central in [default]
[2026-04-12T19:33:51.131+0000] {subprocess.py:106} INFO - 	org.apache.hadoop#hadoop-aws;3.3.4 from central in [default]
[2026-04-12T19:33:51.131+0000] {subprocess.py:106} INFO - 	org.apache.iceberg#iceberg-spark-runtime-3.5_2.12;1.6.1 from central in [default]
[2026-04-12T19:33:51.133+0000] {subprocess.py:106} INFO - 	org.projectnessie.nessie-integrations#nessie-spark-extensions-3.5_2.12;0.95.0 from central in [default]
[2026-04-12T19:33:51.133+0000] {subprocess.py:106} INFO - 	org.wildfly.openssl#wildfly-openssl;1.0.7.Final from central in [default]
[2026-04-12T19:33:51.134+0000] {subprocess.py:106} INFO - 	---------------------------------------------------------------------
[2026-04-12T19:33:51.135+0000] {subprocess.py:106} INFO - 	|                  |            modules            ||   artifacts   |
[2026-04-12T19:33:51.136+0000] {subprocess.py:106} INFO - 	|       conf       | number| search|dwnlded|evicted|| number|dwnlded|
[2026-04-12T19:33:51.136+0000] {subprocess.py:106} INFO - 	---------------------------------------------------------------------
[2026-04-12T19:33:51.138+0000] {subprocess.py:106} INFO - 	|      default     |   5   |   0   |   0   |   0   ||   5   |   0   |
[2026-04-12T19:33:51.138+0000] {subprocess.py:106} INFO - 	---------------------------------------------------------------------
[2026-04-12T19:33:51.139+0000] {subprocess.py:106} INFO - :: retrieving :: org.apache.spark#spark-submit-parent-01f588eb-7960-4dce-9819-49b03bf845f1
[2026-04-12T19:33:51.140+0000] {subprocess.py:106} INFO - 	confs: [default]
[2026-04-12T19:33:51.142+0000] {subprocess.py:106} INFO - 	0 artifacts copied, 5 already retrieved (0kB/9ms)
[2026-04-12T19:33:51.358+0000] {subprocess.py:106} INFO - 26/04/12 19:33:51 WARN NativeCodeLoader: Unable to load native-hadoop library for your platform... using builtin-java classes where applicable
[2026-04-12T19:33:51.511+0000] {subprocess.py:106} INFO - Main class:
[2026-04-12T19:33:51.512+0000] {subprocess.py:106} INFO - org.apache.spark.deploy.PythonRunner
[2026-04-12T19:33:51.513+0000] {subprocess.py:106} INFO - Arguments:
[2026-04-12T19:33:51.514+0000] {subprocess.py:106} INFO - file:/opt/***/scripts/gold_agg.py
[2026-04-12T19:33:51.515+0000] {subprocess.py:106} INFO - file:///home/***/.ivy2/jars/org.apache.iceberg_iceberg-spark-runtime-3.5_2.12-1.6.1.jar,file:///home/***/.ivy2/jars/org.projectnessie.nessie-integrations_nessie-spark-extensions-3.5_2.12-0.95.0.jar,file:///home/***/.ivy2/jars/org.apache.hadoop_hadoop-aws-3.3.4.jar,file:///home/***/.ivy2/jars/com.amazonaws_aws-java-sdk-bundle-1.12.262.jar,file:///home/***/.ivy2/jars/org.wildfly.openssl_wildfly-openssl-1.0.7.Final.jar
[2026-04-12T19:33:51.516+0000] {subprocess.py:106} INFO - Spark config:
[2026-04-12T19:33:51.517+0000] {subprocess.py:106} INFO - (spark.app.name,gold_cant_post_x_user_hist)
[2026-04-12T19:33:51.518+0000] {subprocess.py:106} INFO - (spark.app.submitTime,1776022431494)
[2026-04-12T19:33:51.519+0000] {subprocess.py:106} INFO - (spark.driver.bindAddress,0.0.0.0)
[2026-04-12T19:33:51.520+0000] {subprocess.py:106} INFO - (spark.driver.memory,1g)
[2026-04-12T19:33:51.520+0000] {subprocess.py:106} INFO - (spark.executor.cores,2)
[2026-04-12T19:33:51.521+0000] {subprocess.py:106} INFO - (spark.executor.instances,1)
[2026-04-12T19:33:51.521+0000] {subprocess.py:106} INFO - (spark.executor.memory,2g)
[2026-04-12T19:33:51.522+0000] {subprocess.py:106} INFO - (spark.files,file:///home/***/.ivy2/jars/org.apache.iceberg_iceberg-spark-runtime-3.5_2.12-1.6.1.jar,file:///home/***/.ivy2/jars/org.projectnessie.nessie-integrations_nessie-spark-extensions-3.5_2.12-0.95.0.jar,file:///home/***/.ivy2/jars/org.apache.hadoop_hadoop-aws-3.3.4.jar,file:///home/***/.ivy2/jars/com.amazonaws_aws-java-sdk-bundle-1.12.262.jar,file:///home/***/.ivy2/jars/org.wildfly.openssl_wildfly-openssl-1.0.7.Final.jar)
[2026-04-12T19:33:51.523+0000] {subprocess.py:106} INFO - (spark.hadoop.fs.s3a.access.key,*********(redacted))
[2026-04-12T19:33:51.524+0000] {subprocess.py:106} INFO - (spark.hadoop.fs.s3a.aws.credentials.provider,org.apache.hadoop.fs.s3a.SimpleAWSCredentialsProvider)
[2026-04-12T19:33:51.524+0000] {subprocess.py:106} INFO - (spark.hadoop.fs.s3a.connection.ssl.enabled,false)
[2026-04-12T19:33:51.525+0000] {subprocess.py:106} INFO - (spark.hadoop.fs.s3a.endpoint,http://proyecto2-minio:9000)
[2026-04-12T19:33:51.526+0000] {subprocess.py:106} INFO - (spark.hadoop.fs.s3a.impl,org.apache.hadoop.fs.s3a.S3AFileSystem)
[2026-04-12T19:33:51.527+0000] {subprocess.py:106} INFO - (spark.hadoop.fs.s3a.path.style.access,true)
[2026-04-12T19:33:51.527+0000] {subprocess.py:106} INFO - (spark.hadoop.fs.s3a.secret.key,*********(redacted))
[2026-04-12T19:33:51.528+0000] {subprocess.py:106} INFO - (spark.jars,file:///home/***/.ivy2/jars/org.apache.iceberg_iceberg-spark-runtime-3.5_2.12-1.6.1.jar,file:///home/***/.ivy2/jars/org.projectnessie.nessie-integrations_nessie-spark-extensions-3.5_2.12-0.95.0.jar,file:///home/***/.ivy2/jars/org.apache.hadoop_hadoop-aws-3.3.4.jar,file:///home/***/.ivy2/jars/com.amazonaws_aws-java-sdk-bundle-1.12.262.jar,file:///home/***/.ivy2/jars/org.wildfly.openssl_wildfly-openssl-1.0.7.Final.jar)
[2026-04-12T19:33:51.528+0000] {subprocess.py:106} INFO - (spark.master,spark://spark-master:7077)
[2026-04-12T19:33:51.529+0000] {subprocess.py:106} INFO - (spark.repl.local.jars,file:///home/***/.ivy2/jars/org.apache.iceberg_iceberg-spark-runtime-3.5_2.12-1.6.1.jar,file:///home/***/.ivy2/jars/org.projectnessie.nessie-integrations_nessie-spark-extensions-3.5_2.12-0.95.0.jar,file:///home/***/.ivy2/jars/org.apache.hadoop_hadoop-aws-3.3.4.jar,file:///home/***/.ivy2/jars/com.amazonaws_aws-java-sdk-bundle-1.12.262.jar,file:///home/***/.ivy2/jars/org.wildfly.openssl_wildfly-openssl-1.0.7.Final.jar)
[2026-04-12T19:33:51.530+0000] {subprocess.py:106} INFO - (spark.sql.catalog.nessie,org.apache.iceberg.spark.SparkCatalog)
[2026-04-12T19:33:51.530+0000] {subprocess.py:106} INFO - (spark.sql.catalog.nessie.authentication.type,NONE)
[2026-04-12T19:33:51.531+0000] {subprocess.py:106} INFO - (spark.sql.catalog.nessie.catalog-impl,org.apache.iceberg.nessie.NessieCatalog)
[2026-04-12T19:33:51.532+0000] {subprocess.py:106} INFO - (spark.sql.catalog.nessie.ref,main)
[2026-04-12T19:33:51.533+0000] {subprocess.py:106} INFO - (spark.sql.catalog.nessie.uri,http://proyecto2-nessie:19120/api/v1)
[2026-04-12T19:33:51.534+0000] {subprocess.py:106} INFO - (spark.sql.catalog.nessie.warehouse,s3a://iceberg/)
[2026-04-12T19:33:51.535+0000] {subprocess.py:106} INFO - (spark.sql.extensions,org.apache.iceberg.spark.extensions.IcebergSparkSessionExtensions,org.projectnessie.spark.extensions.NessieSparkSessionExtensions)
[2026-04-12T19:33:51.535+0000] {subprocess.py:106} INFO - (spark.submit.deployMode,client)
[2026-04-12T19:33:51.536+0000] {subprocess.py:106} INFO - (spark.submit.pyFiles,/home/***/.ivy2/jars/org.apache.iceberg_iceberg-spark-runtime-3.5_2.12-1.6.1.jar,/home/***/.ivy2/jars/org.projectnessie.nessie-integrations_nessie-spark-extensions-3.5_2.12-0.95.0.jar,/home/***/.ivy2/jars/org.apache.hadoop_hadoop-aws-3.3.4.jar,/home/***/.ivy2/jars/com.amazonaws_aws-java-sdk-bundle-1.12.262.jar,/home/***/.ivy2/jars/org.wildfly.openssl_wildfly-openssl-1.0.7.Final.jar)
[2026-04-12T19:33:51.537+0000] {subprocess.py:106} INFO - Classpath elements:
[2026-04-12T19:33:51.537+0000] {subprocess.py:106} INFO - file:///home/***/.ivy2/jars/org.apache.iceberg_iceberg-spark-runtime-3.5_2.12-1.6.1.jar
[2026-04-12T19:33:51.538+0000] {subprocess.py:106} INFO - file:///home/***/.ivy2/jars/org.projectnessie.nessie-integrations_nessie-spark-extensions-3.5_2.12-0.95.0.jar
[2026-04-12T19:33:51.538+0000] {subprocess.py:106} INFO - file:///home/***/.ivy2/jars/org.apache.hadoop_hadoop-aws-3.3.4.jar
[2026-04-12T19:33:51.539+0000] {subprocess.py:106} INFO - file:///home/***/.ivy2/jars/com.amazonaws_aws-java-sdk-bundle-1.12.262.jar
[2026-04-12T19:33:51.539+0000] {subprocess.py:106} INFO - file:///home/***/.ivy2/jars/org.wildfly.openssl_wildfly-openssl-1.0.7.Final.jar
[2026-04-12T19:33:51.540+0000] {subprocess.py:106} INFO - 
[2026-04-12T19:33:51.541+0000] {subprocess.py:106} INFO - 
[2026-04-12T19:33:52.047+0000] {subprocess.py:106} INFO - 2026-04-12 19:33:52,047 INFO ============================================================
[2026-04-12T19:33:52.048+0000] {subprocess.py:106} INFO - 2026-04-12 19:33:52,047 INFO GOLD AGG — cant_post_x_user_hist ★
[2026-04-12T19:33:52.049+0000] {subprocess.py:106} INFO - 2026-04-12 19:33:52,047 INFO Fuentes: nessie.silver.post_hist + nessie.silver.users_hist
[2026-04-12T19:33:52.050+0000] {subprocess.py:106} INFO - 2026-04-12 19:33:52,047 INFO ============================================================
[2026-04-12T19:33:52.185+0000] {subprocess.py:106} INFO - 26/04/12 19:33:52 INFO SparkContext: Running Spark version 3.5.5
[2026-04-12T19:33:52.185+0000] {subprocess.py:106} INFO - 26/04/12 19:33:52 INFO SparkContext: OS info Linux, 6.6.87.2-microsoft-standard-WSL2, amd64
[2026-04-12T19:33:52.189+0000] {subprocess.py:106} INFO - 26/04/12 19:33:52 INFO SparkContext: Java version 17.0.18
[2026-04-12T19:33:52.206+0000] {subprocess.py:106} INFO - 26/04/12 19:33:52 INFO ResourceUtils: ==============================================================
[2026-04-12T19:33:52.207+0000] {subprocess.py:106} INFO - 26/04/12 19:33:52 INFO ResourceUtils: No custom resources configured for spark.driver.
[2026-04-12T19:33:52.207+0000] {subprocess.py:106} INFO - 26/04/12 19:33:52 INFO ResourceUtils: ==============================================================
[2026-04-12T19:33:52.208+0000] {subprocess.py:106} INFO - 26/04/12 19:33:52 INFO SparkContext: Submitted application: gold_agg
[2026-04-12T19:33:52.229+0000] {subprocess.py:106} INFO - 26/04/12 19:33:52 INFO ResourceProfile: Default ResourceProfile created, executor resources: Map(cores -> name: cores, amount: 2, script: , vendor: , memory -> name: memory, amount: 2048, script: , vendor: , offHeap -> name: offHeap, amount: 0, script: , vendor: ), task resources: Map(cpus -> name: cpus, amount: 1.0)
[2026-04-12T19:33:52.240+0000] {subprocess.py:106} INFO - 26/04/12 19:33:52 INFO ResourceProfile: Limiting resource is cpus at 2 tasks per executor
[2026-04-12T19:33:52.244+0000] {subprocess.py:106} INFO - 26/04/12 19:33:52 INFO ResourceProfileManager: Added ResourceProfile id: 0
[2026-04-12T19:33:52.311+0000] {subprocess.py:106} INFO - 26/04/12 19:33:52 INFO SecurityManager: Changing view acls to: ***
[2026-04-12T19:33:52.312+0000] {subprocess.py:106} INFO - 26/04/12 19:33:52 INFO SecurityManager: Changing modify acls to: ***
[2026-04-12T19:33:52.313+0000] {subprocess.py:106} INFO - 26/04/12 19:33:52 INFO SecurityManager: Changing view acls groups to:
[2026-04-12T19:33:52.313+0000] {subprocess.py:106} INFO - 26/04/12 19:33:52 INFO SecurityManager: Changing modify acls groups to:
[2026-04-12T19:33:52.314+0000] {subprocess.py:106} INFO - 26/04/12 19:33:52 INFO SecurityManager: SecurityManager: authentication disabled; ui acls disabled; users with view permissions: ***; groups with view permissions: EMPTY; users with modify permissions: ***; groups with modify permissions: EMPTY
[2026-04-12T19:33:52.525+0000] {subprocess.py:106} INFO - 26/04/12 19:33:52 INFO Utils: Successfully started service 'sparkDriver' on port 46073.
[2026-04-12T19:33:52.546+0000] {subprocess.py:106} INFO - 26/04/12 19:33:52 INFO SparkEnv: Registering MapOutputTracker
[2026-04-12T19:33:52.588+0000] {subprocess.py:106} INFO - 26/04/12 19:33:52 INFO SparkEnv: Registering BlockManagerMaster
[2026-04-12T19:33:52.619+0000] {subprocess.py:106} INFO - 26/04/12 19:33:52 INFO BlockManagerMasterEndpoint: Using org.apache.spark.storage.DefaultTopologyMapper for getting topology information
[2026-04-12T19:33:52.620+0000] {subprocess.py:106} INFO - 26/04/12 19:33:52 INFO BlockManagerMasterEndpoint: BlockManagerMasterEndpoint up
[2026-04-12T19:33:52.630+0000] {subprocess.py:106} INFO - 26/04/12 19:33:52 INFO SparkEnv: Registering BlockManagerMasterHeartbeat
[2026-04-12T19:33:52.647+0000] {subprocess.py:106} INFO - 26/04/12 19:33:52 INFO DiskBlockManager: Created local directory at /tmp/blockmgr-8fc0ff11-509f-428c-b85e-f015cf1db33a
[2026-04-12T19:33:52.664+0000] {subprocess.py:106} INFO - 26/04/12 19:33:52 INFO MemoryStore: MemoryStore started with capacity 434.4 MiB
[2026-04-12T19:33:52.681+0000] {subprocess.py:106} INFO - 26/04/12 19:33:52 INFO SparkEnv: Registering OutputCommitCoordinator
[2026-04-12T19:33:52.807+0000] {subprocess.py:106} INFO - 26/04/12 19:33:52 INFO JettyUtils: Start Jetty 0.0.0.0:4040 for SparkUI
[2026-04-12T19:33:52.856+0000] {subprocess.py:106} INFO - 26/04/12 19:33:52 INFO Utils: Successfully started service 'SparkUI' on port 4040.
[2026-04-12T19:33:52.891+0000] {subprocess.py:106} INFO - 26/04/12 19:33:52 INFO SparkContext: Added JAR file:///home/***/.ivy2/jars/org.apache.iceberg_iceberg-spark-runtime-3.5_2.12-1.6.1.jar at spark://b4737cc55adb:46073/jars/org.apache.iceberg_iceberg-spark-runtime-3.5_2.12-1.6.1.jar with timestamp 1776022432178
[2026-04-12T19:33:52.892+0000] {subprocess.py:106} INFO - 26/04/12 19:33:52 INFO SparkContext: Added JAR file:///home/***/.ivy2/jars/org.projectnessie.nessie-integrations_nessie-spark-extensions-3.5_2.12-0.95.0.jar at spark://b4737cc55adb:46073/jars/org.projectnessie.nessie-integrations_nessie-spark-extensions-3.5_2.12-0.95.0.jar with timestamp 1776022432178
[2026-04-12T19:33:52.892+0000] {subprocess.py:106} INFO - 26/04/12 19:33:52 INFO SparkContext: Added JAR file:///home/***/.ivy2/jars/org.apache.hadoop_hadoop-aws-3.3.4.jar at spark://b4737cc55adb:46073/jars/org.apache.hadoop_hadoop-aws-3.3.4.jar with timestamp 1776022432178
[2026-04-12T19:33:52.893+0000] {subprocess.py:106} INFO - 26/04/12 19:33:52 INFO SparkContext: Added JAR file:///home/***/.ivy2/jars/com.amazonaws_aws-java-sdk-bundle-1.12.262.jar at spark://b4737cc55adb:46073/jars/com.amazonaws_aws-java-sdk-bundle-1.12.262.jar with timestamp 1776022432178
[2026-04-12T19:33:52.894+0000] {subprocess.py:106} INFO - 26/04/12 19:33:52 INFO SparkContext: Added JAR file:///home/***/.ivy2/jars/org.wildfly.openssl_wildfly-openssl-1.0.7.Final.jar at spark://b4737cc55adb:46073/jars/org.wildfly.openssl_wildfly-openssl-1.0.7.Final.jar with timestamp 1776022432178
[2026-04-12T19:33:52.895+0000] {subprocess.py:106} INFO - 26/04/12 19:33:52 INFO SparkContext: Added file file:///home/***/.ivy2/jars/org.apache.iceberg_iceberg-spark-runtime-3.5_2.12-1.6.1.jar at spark://b4737cc55adb:46073/files/org.apache.iceberg_iceberg-spark-runtime-3.5_2.12-1.6.1.jar with timestamp 1776022432178
[2026-04-12T19:33:52.898+0000] {subprocess.py:106} INFO - 26/04/12 19:33:52 INFO Utils: Copying /home/***/.ivy2/jars/org.apache.iceberg_iceberg-spark-runtime-3.5_2.12-1.6.1.jar to /tmp/spark-01af7fae-2b7b-44d6-826e-73e6dcee1b99/userFiles-d54579b2-e59f-48d0-9ee9-b51b53e46bbf/org.apache.iceberg_iceberg-spark-runtime-3.5_2.12-1.6.1.jar
[2026-04-12T19:33:52.958+0000] {subprocess.py:106} INFO - 26/04/12 19:33:52 INFO SparkContext: Added file file:///home/***/.ivy2/jars/org.projectnessie.nessie-integrations_nessie-spark-extensions-3.5_2.12-0.95.0.jar at spark://b4737cc55adb:46073/files/org.projectnessie.nessie-integrations_nessie-spark-extensions-3.5_2.12-0.95.0.jar with timestamp 1776022432178
[2026-04-12T19:33:52.959+0000] {subprocess.py:106} INFO - 26/04/12 19:33:52 INFO Utils: Copying /home/***/.ivy2/jars/org.projectnessie.nessie-integrations_nessie-spark-extensions-3.5_2.12-0.95.0.jar to /tmp/spark-01af7fae-2b7b-44d6-826e-73e6dcee1b99/userFiles-d54579b2-e59f-48d0-9ee9-b51b53e46bbf/org.projectnessie.nessie-integrations_nessie-spark-extensions-3.5_2.12-0.95.0.jar
[2026-04-12T19:33:52.964+0000] {subprocess.py:106} INFO - 26/04/12 19:33:52 INFO SparkContext: Added file file:///home/***/.ivy2/jars/org.apache.hadoop_hadoop-aws-3.3.4.jar at spark://b4737cc55adb:46073/files/org.apache.hadoop_hadoop-aws-3.3.4.jar with timestamp 1776022432178
[2026-04-12T19:33:52.965+0000] {subprocess.py:106} INFO - 26/04/12 19:33:52 INFO Utils: Copying /home/***/.ivy2/jars/org.apache.hadoop_hadoop-aws-3.3.4.jar to /tmp/spark-01af7fae-2b7b-44d6-826e-73e6dcee1b99/userFiles-d54579b2-e59f-48d0-9ee9-b51b53e46bbf/org.apache.hadoop_hadoop-aws-3.3.4.jar
[2026-04-12T19:33:52.969+0000] {subprocess.py:106} INFO - 26/04/12 19:33:52 INFO SparkContext: Added file file:///home/***/.ivy2/jars/com.amazonaws_aws-java-sdk-bundle-1.12.262.jar at spark://b4737cc55adb:46073/files/com.amazonaws_aws-java-sdk-bundle-1.12.262.jar with timestamp 1776022432178
[2026-04-12T19:33:52.970+0000] {subprocess.py:106} INFO - 26/04/12 19:33:52 INFO Utils: Copying /home/***/.ivy2/jars/com.amazonaws_aws-java-sdk-bundle-1.12.262.jar to /tmp/spark-01af7fae-2b7b-44d6-826e-73e6dcee1b99/userFiles-d54579b2-e59f-48d0-9ee9-b51b53e46bbf/com.amazonaws_aws-java-sdk-bundle-1.12.262.jar
[2026-04-12T19:33:53.159+0000] {subprocess.py:106} INFO - 26/04/12 19:33:53 INFO SparkContext: Added file file:///home/***/.ivy2/jars/org.wildfly.openssl_wildfly-openssl-1.0.7.Final.jar at spark://b4737cc55adb:46073/files/org.wildfly.openssl_wildfly-openssl-1.0.7.Final.jar with timestamp 1776022432178
[2026-04-12T19:33:53.161+0000] {subprocess.py:106} INFO - 26/04/12 19:33:53 INFO Utils: Copying /home/***/.ivy2/jars/org.wildfly.openssl_wildfly-openssl-1.0.7.Final.jar to /tmp/spark-01af7fae-2b7b-44d6-826e-73e6dcee1b99/userFiles-d54579b2-e59f-48d0-9ee9-b51b53e46bbf/org.wildfly.openssl_wildfly-openssl-1.0.7.Final.jar
[2026-04-12T19:33:53.260+0000] {subprocess.py:106} INFO - 26/04/12 19:33:53 INFO StandaloneAppClient$ClientEndpoint: Connecting to master spark://spark-master:7077...
[2026-04-12T19:33:53.308+0000] {subprocess.py:106} INFO - 26/04/12 19:33:53 INFO TransportClientFactory: Successfully created connection to spark-master/172.18.0.7:7077 after 24 ms (0 ms spent in bootstraps)
[2026-04-12T19:33:53.397+0000] {subprocess.py:106} INFO - 26/04/12 19:33:53 INFO StandaloneSchedulerBackend: Connected to Spark cluster with app ID app-20260412193353-0017
[2026-04-12T19:33:53.400+0000] {subprocess.py:106} INFO - 26/04/12 19:33:53 INFO StandaloneAppClient$ClientEndpoint: Executor added: app-20260412193353-0017/0 on worker-20260412190304-172.18.0.8-33391 (172.18.0.8:33391) with 2 core(s)
[2026-04-12T19:33:53.401+0000] {subprocess.py:106} INFO - 26/04/12 19:33:53 INFO StandaloneSchedulerBackend: Granted executor ID app-20260412193353-0017/0 on hostPort 172.18.0.8:33391 with 2 core(s), 2.0 GiB RAM
[2026-04-12T19:33:53.405+0000] {subprocess.py:106} INFO - 26/04/12 19:33:53 INFO StandaloneAppClient$ClientEndpoint: Executor added: app-20260412193353-0017/1 on worker-20260412190304-172.18.0.8-33391 (172.18.0.8:33391) with 2 core(s)
[2026-04-12T19:33:53.406+0000] {subprocess.py:106} INFO - 26/04/12 19:33:53 INFO StandaloneSchedulerBackend: Granted executor ID app-20260412193353-0017/1 on hostPort 172.18.0.8:33391 with 2 core(s), 2.0 GiB RAM
[2026-04-12T19:33:53.407+0000] {subprocess.py:106} INFO - 26/04/12 19:33:53 INFO StandaloneAppClient$ClientEndpoint: Executor added: app-20260412193353-0017/2 on worker-20260412190304-172.18.0.8-33391 (172.18.0.8:33391) with 2 core(s)
[2026-04-12T19:33:53.409+0000] {subprocess.py:106} INFO - 26/04/12 19:33:53 INFO StandaloneSchedulerBackend: Granted executor ID app-20260412193353-0017/2 on hostPort 172.18.0.8:33391 with 2 core(s), 2.0 GiB RAM
[2026-04-12T19:33:53.410+0000] {subprocess.py:106} INFO - 26/04/12 19:33:53 INFO StandaloneAppClient$ClientEndpoint: Executor added: app-20260412193353-0017/3 on worker-20260412190304-172.18.0.8-33391 (172.18.0.8:33391) with 2 core(s)
[2026-04-12T19:33:53.411+0000] {subprocess.py:106} INFO - 26/04/12 19:33:53 INFO StandaloneSchedulerBackend: Granted executor ID app-20260412193353-0017/3 on hostPort 172.18.0.8:33391 with 2 core(s), 2.0 GiB RAM
[2026-04-12T19:33:53.412+0000] {subprocess.py:106} INFO - 26/04/12 19:33:53 INFO StandaloneAppClient$ClientEndpoint: Executor added: app-20260412193353-0017/4 on worker-20260412190304-172.18.0.8-33391 (172.18.0.8:33391) with 2 core(s)
[2026-04-12T19:33:53.414+0000] {subprocess.py:106} INFO - 26/04/12 19:33:53 INFO StandaloneSchedulerBackend: Granted executor ID app-20260412193353-0017/4 on hostPort 172.18.0.8:33391 with 2 core(s), 2.0 GiB RAM
[2026-04-12T19:33:53.416+0000] {subprocess.py:106} INFO - 26/04/12 19:33:53 INFO StandaloneAppClient$ClientEndpoint: Executor added: app-20260412193353-0017/5 on worker-20260412190304-172.18.0.8-33391 (172.18.0.8:33391) with 2 core(s)
[2026-04-12T19:33:53.418+0000] {subprocess.py:106} INFO - 26/04/12 19:33:53 INFO StandaloneSchedulerBackend: Granted executor ID app-20260412193353-0017/5 on hostPort 172.18.0.8:33391 with 2 core(s), 2.0 GiB RAM
[2026-04-12T19:33:53.419+0000] {subprocess.py:106} INFO - 26/04/12 19:33:53 INFO Utils: Successfully started service 'org.apache.spark.network.netty.NettyBlockTransferService' on port 36227.
[2026-04-12T19:33:53.420+0000] {subprocess.py:106} INFO - 26/04/12 19:33:53 INFO NettyBlockTransferService: Server created on b4737cc55adb 0.0.0.0:36227
[2026-04-12T19:33:53.421+0000] {subprocess.py:106} INFO - 26/04/12 19:33:53 INFO BlockManager: Using org.apache.spark.storage.RandomBlockReplicationPolicy for block replication policy
[2026-04-12T19:33:53.432+0000] {subprocess.py:106} INFO - 26/04/12 19:33:53 INFO BlockManagerMaster: Registering BlockManager BlockManagerId(driver, b4737cc55adb, 36227, None)
[2026-04-12T19:33:53.439+0000] {subprocess.py:106} INFO - 26/04/12 19:33:53 INFO BlockManagerMasterEndpoint: Registering block manager b4737cc55adb:36227 with 434.4 MiB RAM, BlockManagerId(driver, b4737cc55adb, 36227, None)
[2026-04-12T19:33:53.443+0000] {subprocess.py:106} INFO - 26/04/12 19:33:53 INFO BlockManagerMaster: Registered BlockManager BlockManagerId(driver, b4737cc55adb, 36227, None)
[2026-04-12T19:33:53.449+0000] {subprocess.py:106} INFO - 26/04/12 19:33:53 INFO BlockManager: Initialized BlockManager: BlockManagerId(driver, b4737cc55adb, 36227, None)
[2026-04-12T19:33:53.477+0000] {subprocess.py:106} INFO - 26/04/12 19:33:53 INFO StandaloneAppClient$ClientEndpoint: Executor updated: app-20260412193353-0017/0 is now RUNNING
[2026-04-12T19:33:53.480+0000] {subprocess.py:106} INFO - 26/04/12 19:33:53 INFO StandaloneAppClient$ClientEndpoint: Executor updated: app-20260412193353-0017/5 is now RUNNING
[2026-04-12T19:33:53.492+0000] {subprocess.py:106} INFO - 26/04/12 19:33:53 INFO StandaloneAppClient$ClientEndpoint: Executor updated: app-20260412193353-0017/3 is now RUNNING
[2026-04-12T19:33:53.499+0000] {subprocess.py:106} INFO - 26/04/12 19:33:53 INFO StandaloneAppClient$ClientEndpoint: Executor updated: app-20260412193353-0017/1 is now RUNNING
[2026-04-12T19:33:53.500+0000] {subprocess.py:106} INFO - 26/04/12 19:33:53 INFO StandaloneAppClient$ClientEndpoint: Executor updated: app-20260412193353-0017/2 is now RUNNING
[2026-04-12T19:33:53.582+0000] {subprocess.py:106} INFO - 26/04/12 19:33:53 INFO StandaloneAppClient$ClientEndpoint: Executor updated: app-20260412193353-0017/4 is now RUNNING
[2026-04-12T19:33:54.141+0000] {subprocess.py:106} INFO - 26/04/12 19:33:54 INFO StandaloneSchedulerBackend: SchedulerBackend is ready for scheduling beginning after reached minRegisteredResourcesRatio: 0.0
[2026-04-12T19:33:54.712+0000] {subprocess.py:106} INFO - 2026-04-12 19:33:54,710 INFO Spark version: 3.5.5
[2026-04-12T19:33:54.733+0000] {subprocess.py:106} INFO - 26/04/12 19:33:54 INFO SharedState: Setting hive.metastore.warehouse.dir ('null') to the value of spark.sql.warehouse.dir.
[2026-04-12T19:33:54.740+0000] {subprocess.py:106} INFO - 26/04/12 19:33:54 INFO SharedState: Warehouse path is 'file:/tmp/***tmpas1zgdww/spark-warehouse'.
[2026-04-12T19:33:59.480+0000] {subprocess.py:106} INFO - 26/04/12 19:33:59 INFO CatalogUtil: Loading custom FileIO implementation: org.apache.iceberg.hadoop.HadoopFileIO
[2026-04-12T19:34:01.447+0000] {subprocess.py:106} INFO - 26/04/12 19:34:01 INFO StandaloneSchedulerBackend$StandaloneDriverEndpoint: Registered executor NettyRpcEndpointRef(spark-client://Executor) (172.18.0.8:46370) with ID 5,  ResourceProfileId 0
[2026-04-12T19:34:01.523+0000] {subprocess.py:106} INFO - 26/04/12 19:34:01 INFO StandaloneSchedulerBackend$StandaloneDriverEndpoint: Registered executor NettyRpcEndpointRef(spark-client://Executor) (172.18.0.8:46398) with ID 1,  ResourceProfileId 0
[2026-04-12T19:34:01.568+0000] {subprocess.py:106} INFO - 26/04/12 19:34:01 INFO StandaloneSchedulerBackend$StandaloneDriverEndpoint: Registered executor NettyRpcEndpointRef(spark-client://Executor) (172.18.0.8:46408) with ID 3,  ResourceProfileId 0
[2026-04-12T19:34:01.731+0000] {subprocess.py:106} INFO - 26/04/12 19:34:01 INFO StandaloneSchedulerBackend$StandaloneDriverEndpoint: Registered executor NettyRpcEndpointRef(spark-client://Executor) (172.18.0.8:46372) with ID 0,  ResourceProfileId 0
[2026-04-12T19:34:01.819+0000] {subprocess.py:106} INFO - 26/04/12 19:34:01 INFO BlockManagerMasterEndpoint: Registering block manager 172.18.0.8:39417 with 1048.8 MiB RAM, BlockManagerId(5, 172.18.0.8, 39417, None)
[2026-04-12T19:34:01.841+0000] {subprocess.py:106} INFO - 26/04/12 19:34:01 INFO BlockManagerMasterEndpoint: Registering block manager 172.18.0.8:36811 with 1048.8 MiB RAM, BlockManagerId(1, 172.18.0.8, 36811, None)
[2026-04-12T19:34:01.978+0000] {subprocess.py:106} INFO - 26/04/12 19:34:01 INFO BlockManagerMasterEndpoint: Registering block manager 172.18.0.8:36489 with 1048.8 MiB RAM, BlockManagerId(3, 172.18.0.8, 36489, None)
[2026-04-12T19:34:02.090+0000] {subprocess.py:106} INFO - 26/04/12 19:34:02 INFO BlockManagerMasterEndpoint: Registering block manager 172.18.0.8:39141 with 1048.8 MiB RAM, BlockManagerId(0, 172.18.0.8, 39141, None)
[2026-04-12T19:34:02.102+0000] {subprocess.py:106} INFO - 26/04/12 19:34:02 INFO StandaloneSchedulerBackend$StandaloneDriverEndpoint: Registered executor NettyRpcEndpointRef(spark-client://Executor) (172.18.0.8:46422) with ID 2,  ResourceProfileId 0
[2026-04-12T19:34:02.208+0000] {subprocess.py:106} INFO - 26/04/12 19:34:02 INFO StandaloneSchedulerBackend$StandaloneDriverEndpoint: Registered executor NettyRpcEndpointRef(spark-client://Executor) (172.18.0.8:46416) with ID 4,  ResourceProfileId 0
[2026-04-12T19:34:02.379+0000] {subprocess.py:106} INFO - 26/04/12 19:34:02 INFO BlockManagerMasterEndpoint: Registering block manager 172.18.0.8:38085 with 1048.8 MiB RAM, BlockManagerId(2, 172.18.0.8, 38085, None)
[2026-04-12T19:34:02.450+0000] {subprocess.py:106} INFO - 26/04/12 19:34:02 INFO BlockManagerMasterEndpoint: Registering block manager 172.18.0.8:35831 with 1048.8 MiB RAM, BlockManagerId(4, 172.18.0.8, 35831, None)
[2026-04-12T19:34:02.930+0000] {subprocess.py:106} INFO - 2026-04-12 19:34:02,929 INFO Namespace 'nessie.gold' listo.
[2026-04-12T19:34:02.931+0000] {subprocess.py:106} INFO - 2026-04-12 19:34:02,930 INFO
[2026-04-12T19:34:02.933+0000] {subprocess.py:106} INFO - [★] cant_post_x_user_hist
[2026-04-12T19:34:04.848+0000] {subprocess.py:106} INFO - 26/04/12 19:34:04 INFO BaseMetastoreTableOperations: Refreshing table metadata from new version: s3a://iceberg/silver/users_hist_29ea4f81-25a2-4974-a1d5-7fcae2b69ddf/metadata/00005-5e17b31e-0081-4cb0-97ca-dfc1a6ad59e2.gz.metadata.json
[2026-04-12T19:34:05.539+0000] {subprocess.py:106} INFO - 26/04/12 19:34:05 WARN MetricsConfig: Cannot locate configuration: tried hadoop-metrics2-s3a-file-system.properties,hadoop-metrics2.properties
[2026-04-12T19:34:05.600+0000] {subprocess.py:106} INFO - 26/04/12 19:34:05 INFO MetricsSystemImpl: Scheduled Metric snapshot period at 10 second(s).
[2026-04-12T19:34:05.608+0000] {subprocess.py:106} INFO - 26/04/12 19:34:05 INFO MetricsSystemImpl: s3a-file-system metrics system started
[2026-04-12T19:34:09.765+0000] {subprocess.py:106} INFO - 26/04/12 19:34:09 INFO NessieUtil: loadTableMetadata for 'silver.users_hist' from location 's3a://iceberg/silver/users_hist_29ea4f81-25a2-4974-a1d5-7fcae2b69ddf/metadata/00005-5e17b31e-0081-4cb0-97ca-dfc1a6ad59e2.gz.metadata.json' at 'Branch{name=main, metadata=null, hash=0f61ca953a38b852ad3c562a3f8b260587d6ac5664eb6c50410089819bab13cf}'
[2026-04-12T19:34:09.830+0000] {subprocess.py:106} INFO - 26/04/12 19:34:09 INFO BaseMetastoreCatalog: Table loaded by catalog: nessie.silver.users_hist
[2026-04-12T19:34:10.431+0000] {subprocess.py:106} INFO - Traceback (most recent call last):
[2026-04-12T19:34:10.433+0000] {subprocess.py:106} INFO -   File "/opt/***/scripts/gold_agg.py", line 306, in <module>
[2026-04-12T19:34:10.447+0000] {subprocess.py:106} INFO -     main()
[2026-04-12T19:34:10.452+0000] {subprocess.py:106} INFO -   File "/opt/***/scripts/gold_agg.py", line 293, in main
[2026-04-12T19:34:10.455+0000] {subprocess.py:106} INFO -     total = build_cant_post_x_user_hist(spark)
[2026-04-12T19:34:10.457+0000] {subprocess.py:106} INFO -             ^^^^^^^^^^^^^^^^^^^^^^^^^^^^^^^^^^
[2026-04-12T19:34:10.461+0000] {subprocess.py:106} INFO -   File "/opt/***/scripts/gold_agg.py", line 119, in build_cant_post_x_user_hist
[2026-04-12T19:34:10.488+0000] {subprocess.py:106} INFO -     df = spark.sql(f"""
[2026-04-12T19:34:10.496+0000] {subprocess.py:106} INFO -          ^^^^^^^^^^^^^^
[2026-04-12T19:34:10.499+0000] {subprocess.py:106} INFO -   File "/opt/spark/python/lib/pyspark.zip/pyspark/sql/session.py", line 1631, in sql
[2026-04-12T19:34:10.500+0000] {subprocess.py:106} INFO -   File "/opt/spark/python/lib/py4j-0.10.9.7-src.zip/py4j/java_gateway.py", line 1322, in __call__
[2026-04-12T19:34:10.502+0000] {subprocess.py:106} INFO -   File "/opt/spark/python/lib/pyspark.zip/pyspark/errors/exceptions/captured.py", line 185, in deco
[2026-04-12T19:34:10.524+0000] {subprocess.py:106} INFO - pyspark.errors.exceptions.captured.AnalysisException: [TABLE_OR_VIEW_NOT_FOUND] The table or view `nessie`.`silver`.`post_hist` cannot be found. Verify the spelling and correctness of the schema and catalog.
[2026-04-12T19:34:10.529+0000] {subprocess.py:106} INFO - If you did not qualify the name with a schema, verify the current_schema() output, or qualify the name with the correct schema and catalog.
[2026-04-12T19:34:10.532+0000] {subprocess.py:106} INFO - To tolerate the error on drop use DROP VIEW IF EXISTS or DROP TABLE IF EXISTS.; line 17 pos 13;
[2026-04-12T19:34:10.535+0000] {subprocess.py:106} INFO - 'Aggregate ['p.OwnerUserId, 'u.DisplayName, 'p.anio, 'p.PostTypeId], ['p.OwnerUserId AS user_id#0, 'COALESCE('u.DisplayName, Unknown) AS display_name#1, 'p.anio AS anio#2, 'p.PostTypeId AS post_type_id#3, CASE WHEN ('p.PostTypeId = 1) THEN Question WHEN ('p.PostTypeId = 2) THEN Answer ELSE Other END AS post_type#4, 'COUNT('p.Id) AS cant_posts#5, 'COALESCE('SUM('p.Score), 0) AS total_score#6, 'ROUND('AVG('p.Score), 2) AS avg_score#7, 'COALESCE('SUM('p.ViewCount), 0) AS total_views#8, cast(2026-04-12 19:33:52 as timestamp) AS fecha_cargue#9]
[2026-04-12T19:34:10.539+0000] {subprocess.py:106} INFO - +- 'Filter isnotnull('p.OwnerUserId)
[2026-04-12T19:34:10.541+0000] {subprocess.py:106} INFO -    +- 'Join LeftOuter, ('p.OwnerUserId = 'u.Id)
[2026-04-12T19:34:10.547+0000] {subprocess.py:106} INFO -       :- 'SubqueryAlias p
[2026-04-12T19:34:10.549+0000] {subprocess.py:106} INFO -       :  +- 'UnresolvedRelation [nessie, silver, post_hist], [], false
[2026-04-12T19:34:10.554+0000] {subprocess.py:106} INFO -       +- SubqueryAlias u
[2026-04-12T19:34:10.556+0000] {subprocess.py:106} INFO -          +- SubqueryAlias nessie.silver.users_hist
[2026-04-12T19:34:10.557+0000] {subprocess.py:106} INFO -             +- RelationV2[Id#10L, Reputation#11L, creation_date#12, DisplayName#13, LastAccessDate#14, Views#15L, UpVotes#16L, DownVotes#17L, location#18, AccountId#19L, anio#20, fecha_cargue#21, fuente#22] nessie.silver.users_hist nessie.silver.users_hist
[2026-04-12T19:34:10.559+0000] {subprocess.py:106} INFO - 
[2026-04-12T19:34:10.561+0000] {subprocess.py:106} INFO - 2026-04-12 19:34:10,515 INFO Closing down clientserver connection
[2026-04-12T19:34:10.662+0000] {subprocess.py:106} INFO - 26/04/12 19:34:10 INFO SparkContext: Invoking stop() from shutdown hook
[2026-04-12T19:34:10.669+0000] {subprocess.py:106} INFO - 26/04/12 19:34:10 INFO SparkContext: SparkContext is stopping with exitCode 0.
[2026-04-12T19:34:10.721+0000] {subprocess.py:106} INFO - 26/04/12 19:34:10 INFO SparkUI: Stopped Spark web UI at http://b4737cc55adb:4040
[2026-04-12T19:34:10.730+0000] {subprocess.py:106} INFO - 26/04/12 19:34:10 INFO StandaloneSchedulerBackend: Shutting down all executors
[2026-04-12T19:34:10.733+0000] {subprocess.py:106} INFO - 26/04/12 19:34:10 INFO StandaloneSchedulerBackend$StandaloneDriverEndpoint: Asking each executor to shut down
[2026-04-12T19:34:10.795+0000] {subprocess.py:106} INFO - 26/04/12 19:34:10 INFO MapOutputTrackerMasterEndpoint: MapOutputTrackerMasterEndpoint stopped!
[2026-04-12T19:34:10.897+0000] {subprocess.py:106} INFO - 26/04/12 19:34:10 INFO MemoryStore: MemoryStore cleared
[2026-04-12T19:34:10.901+0000] {subprocess.py:106} INFO - 26/04/12 19:34:10 INFO BlockManager: BlockManager stopped
[2026-04-12T19:34:10.919+0000] {subprocess.py:106} INFO - 26/04/12 19:34:10 INFO BlockManagerMaster: BlockManagerMaster stopped
[2026-04-12T19:34:10.928+0000] {subprocess.py:106} INFO - 26/04/12 19:34:10 INFO OutputCommitCoordinator$OutputCommitCoordinatorEndpoint: OutputCommitCoordinator stopped!
[2026-04-12T19:34:10.958+0000] {subprocess.py:106} INFO - 26/04/12 19:34:10 ERROR TransportRequestHandler: Error sending result StreamResponse[streamId=/jars/com.amazonaws_aws-java-sdk-bundle-1.12.262.jar,byteCount=280645251,body=FileSegmentManagedBuffer[file=/home/***/.ivy2/jars/com.amazonaws_aws-java-sdk-bundle-1.12.262.jar,offset=0,length=280645251]] to /172.18.0.8:46468; closing connection
[2026-04-12T19:34:10.959+0000] {subprocess.py:106} INFO - io.netty.channel.StacklessClosedChannelException
[2026-04-12T19:34:10.961+0000] {subprocess.py:106} INFO - 	at io.netty.channel.AbstractChannel.close(ChannelPromise)(Unknown Source)
[2026-04-12T19:34:11.038+0000] {subprocess.py:106} INFO - 26/04/12 19:34:11 INFO SparkContext: Successfully stopped SparkContext
[2026-04-12T19:34:11.039+0000] {subprocess.py:106} INFO - 26/04/12 19:34:11 INFO ShutdownHookManager: Shutdown hook called
[2026-04-12T19:34:11.044+0000] {subprocess.py:106} INFO - 26/04/12 19:34:11 INFO ShutdownHookManager: Deleting directory /tmp/spark-01af7fae-2b7b-44d6-826e-73e6dcee1b99
[2026-04-12T19:34:11.051+0000] {subprocess.py:106} INFO - 26/04/12 19:34:11 INFO ShutdownHookManager: Deleting directory /tmp/spark-01af7fae-2b7b-44d6-826e-73e6dcee1b99/pyspark-b1bacaa6-cd1a-4e3f-a161-4f898eafa45f
[2026-04-12T19:34:11.057+0000] {subprocess.py:106} INFO - 26/04/12 19:34:11 INFO ShutdownHookManager: Deleting directory /tmp/spark-5e037f9a-b8bb-4f95-a81f-d3bab2dacd68
[2026-04-12T19:34:11.079+0000] {subprocess.py:106} INFO - 26/04/12 19:34:11 INFO MetricsSystemImpl: Stopping s3a-file-system metrics system...
[2026-04-12T19:34:11.084+0000] {subprocess.py:106} INFO - 26/04/12 19:34:11 INFO MetricsSystemImpl: s3a-file-system metrics system stopped.
[2026-04-12T19:34:11.090+0000] {subprocess.py:106} INFO - 26/04/12 19:34:11 INFO MetricsSystemImpl: s3a-file-system metrics system shutdown complete.
[2026-04-12T19:34:11.485+0000] {subprocess.py:110} INFO - Command exited with return code 1
[2026-04-12T19:34:11.506+0000] {taskinstance.py:3311} ERROR - Task failed with exception
Traceback (most recent call last):
  File "/home/airflow/.local/lib/python3.12/site-packages/airflow/models/taskinstance.py", line 762, in _execute_task
    result = _execute_callable(context=context, **execute_callable_kwargs)
             ^^^^^^^^^^^^^^^^^^^^^^^^^^^^^^^^^^^^^^^^^^^^^^^^^^^^^^^^^^^^^
  File "/home/airflow/.local/lib/python3.12/site-packages/airflow/models/taskinstance.py", line 733, in _execute_callable
    return ExecutionCallableRunner(
           ^^^^^^^^^^^^^^^^^^^^^^^^
  File "/home/airflow/.local/lib/python3.12/site-packages/airflow/utils/operator_helpers.py", line 252, in run
    return self.func(*args, **kwargs)
           ^^^^^^^^^^^^^^^^^^^^^^^^^^
  File "/home/airflow/.local/lib/python3.12/site-packages/airflow/models/baseoperator.py", line 417, in wrapper
    return func(self, *args, **kwargs)
           ^^^^^^^^^^^^^^^^^^^^^^^^^^^
  File "/home/airflow/.local/lib/python3.12/site-packages/airflow/operators/bash.py", line 276, in execute
    raise AirflowException(
airflow.exceptions.AirflowException: Bash command failed. The command returned a non-zero exit code 1.
[2026-04-12T19:34:11.517+0000] {taskinstance.py:1225} INFO - Marking task as UP_FOR_RETRY. dag_id=stackoverflow_pipeline, task_id=gold_agg, run_id=manual__2026-04-12T19:32:53+00:00, execution_date=20260412T193253, start_date=20260412T193348, end_date=20260412T193411
[2026-04-12T19:34:11.540+0000] {taskinstance.py:340} INFO - ::group::Post task execution logs
[2026-04-12T19:34:11.541+0000] {standard_task_runner.py:124} ERROR - Failed to execute job 30 for task gold_agg (Bash command failed. The command returned a non-zero exit code 1.; 5608)
Traceback (most recent call last):
  File "/home/airflow/.local/lib/python3.12/site-packages/airflow/task/task_runner/standard_task_runner.py", line 117, in _start_by_fork
    ret = args.func(args, dag=self.dag)
          ^^^^^^^^^^^^^^^^^^^^^^^^^^^^^
  File "/home/airflow/.local/lib/python3.12/site-packages/airflow/cli/cli_config.py", line 49, in command
    return func(*args, **kwargs)
           ^^^^^^^^^^^^^^^^^^^^^
  File "/home/airflow/.local/lib/python3.12/site-packages/airflow/utils/cli.py", line 116, in wrapper
    return f(*args, **kwargs)
           ^^^^^^^^^^^^^^^^^^
  File "/home/airflow/.local/lib/python3.12/site-packages/airflow/cli/commands/task_command.py", line 483, in task_run
    task_return_code = _run_task_by_selected_method(args, _dag, ti)
                       ^^^^^^^^^^^^^^^^^^^^^^^^^^^^^^^^^^^^^^^^^^^^
  File "/home/airflow/.local/lib/python3.12/site-packages/airflow/cli/commands/task_command.py", line 256, in _run_task_by_selected_method
    return _run_raw_task(args, ti)
           ^^^^^^^^^^^^^^^^^^^^^^^
  File "/home/airflow/.local/lib/python3.12/site-packages/airflow/cli/commands/task_command.py", line 341, in _run_raw_task
    return ti._run_raw_task(
           ^^^^^^^^^^^^^^^^^
  File "/home/airflow/.local/lib/python3.12/site-packages/airflow/utils/session.py", line 97, in wrapper
    return func(*args, session=session, **kwargs)
           ^^^^^^^^^^^^^^^^^^^^^^^^^^^^^^^^^^^^^^
  File "/home/airflow/.local/lib/python3.12/site-packages/airflow/models/taskinstance.py", line 3005, in _run_raw_task
    return _run_raw_task(
           ^^^^^^^^^^^^^^
  File "/home/airflow/.local/lib/python3.12/site-packages/airflow/models/taskinstance.py", line 273, in _run_raw_task
    TaskInstance._execute_task_with_callbacks(
  File "/home/airflow/.local/lib/python3.12/site-packages/airflow/models/taskinstance.py", line 3159, in _execute_task_with_callbacks
    result = self._execute_task(context, task_orig)
             ^^^^^^^^^^^^^^^^^^^^^^^^^^^^^^^^^^^^^^
  File "/home/airflow/.local/lib/python3.12/site-packages/airflow/models/taskinstance.py", line 3183, in _execute_task
    return _execute_task(self, context, task_orig)
           ^^^^^^^^^^^^^^^^^^^^^^^^^^^^^^^^^^^^^^^
  File "/home/airflow/.local/lib/python3.12/site-packages/airflow/models/taskinstance.py", line 762, in _execute_task
    result = _execute_callable(context=context, **execute_callable_kwargs)
             ^^^^^^^^^^^^^^^^^^^^^^^^^^^^^^^^^^^^^^^^^^^^^^^^^^^^^^^^^^^^^
  File "/home/airflow/.local/lib/python3.12/site-packages/airflow/models/taskinstance.py", line 733, in _execute_callable
    return ExecutionCallableRunner(
           ^^^^^^^^^^^^^^^^^^^^^^^^
  File "/home/airflow/.local/lib/python3.12/site-packages/airflow/utils/operator_helpers.py", line 252, in run
    return self.func(*args, **kwargs)
           ^^^^^^^^^^^^^^^^^^^^^^^^^^
  File "/home/airflow/.local/lib/python3.12/site-packages/airflow/models/baseoperator.py", line 417, in wrapper
    return func(self, *args, **kwargs)
           ^^^^^^^^^^^^^^^^^^^^^^^^^^^
  File "/home/airflow/.local/lib/python3.12/site-packages/airflow/operators/bash.py", line 276, in execute
    raise AirflowException(
airflow.exceptions.AirflowException: Bash command failed. The command returned a non-zero exit code 1.
[2026-04-12T19:34:11.568+0000] {local_task_job_runner.py:266} INFO - Task exited with return code 1
[2026-04-12T19:34:11.596+0000] {taskinstance.py:3895} INFO - 0 downstream tasks scheduled from follow-on schedule check
[2026-04-12T19:34:11.603+0000] {local_task_job_runner.py:245} INFO - ::endgroup::
