[2026-04-12T19:39:12.329+0000] {local_task_job_runner.py:123} INFO - ::group::Pre task execution logs
[2026-04-12T19:39:12.358+0000] {taskinstance.py:2613} INFO - Dependencies all met for dep_context=non-requeueable deps ti=<TaskInstance: stackoverflow_pipeline.gold_agg manual__2026-04-12T19:32:53+00:00 [queued]>
[2026-04-12T19:39:12.373+0000] {taskinstance.py:2613} INFO - Dependencies all met for dep_context=requeueable deps ti=<TaskInstance: stackoverflow_pipeline.gold_agg manual__2026-04-12T19:32:53+00:00 [queued]>
[2026-04-12T19:39:12.375+0000] {taskinstance.py:2866} INFO - Starting attempt 2 of 2
[2026-04-12T19:39:12.397+0000] {taskinstance.py:2889} INFO - Executing <Task(BashOperator): gold_agg> on 2026-04-12 19:32:53+00:00
[2026-04-12T19:39:12.406+0000] {warnings.py:112} WARNING - /home/***/.local/lib/python3.12/site-packages/***/task/task_runner/standard_task_runner.py:70: DeprecationWarning: This process (pid=7142) is multi-threaded, use of fork() may lead to deadlocks in the child.
  pid = os.fork()

[2026-04-12T19:39:12.409+0000] {standard_task_runner.py:72} INFO - Started process 7143 to run task
[2026-04-12T19:39:12.409+0000] {standard_task_runner.py:104} INFO - Running: ['***', 'tasks', 'run', 'stackoverflow_pipeline', 'gold_agg', 'manual__2026-04-12T19:32:53+00:00', '--job-id', '33', '--raw', '--subdir', 'DAGS_FOLDER/stackoverflow_pipeline.py', '--cfg-path', '/tmp/tmpagp3mf6b']
[2026-04-12T19:39:12.411+0000] {standard_task_runner.py:105} INFO - Job 33: Subtask gold_agg
[2026-04-12T19:39:12.482+0000] {task_command.py:467} INFO - Running <TaskInstance: stackoverflow_pipeline.gold_agg manual__2026-04-12T19:32:53+00:00 [running]> on host b4737cc55adb
[2026-04-12T19:39:12.595+0000] {taskinstance.py:3132} INFO - Exporting env vars: AIRFLOW_CTX_DAG_OWNER='fhbd-grupo' AIRFLOW_CTX_DAG_ID='stackoverflow_pipeline' AIRFLOW_CTX_TASK_ID='gold_agg' AIRFLOW_CTX_EXECUTION_DATE='2026-04-12T19:32:53+00:00' AIRFLOW_CTX_TRY_NUMBER='2' AIRFLOW_CTX_DAG_RUN_ID='manual__2026-04-12T19:32:53+00:00'
[2026-04-12T19:39:12.598+0000] {taskinstance.py:731} INFO - ::endgroup::
[2026-04-12T19:39:12.628+0000] {subprocess.py:78} INFO - Tmp dir root location: /tmp
[2026-04-12T19:39:12.630+0000] {subprocess.py:88} INFO - Running command: ['/usr/bin/bash', '-c', '/opt/spark/bin/spark-submit --master spark://spark-master:7077 --conf spark.submit.deployMode=client --conf spark.driver.bindAddress=0.0.0.0 --conf spark.executor.instances=1 --conf spark.executor.cores=2 --conf spark.executor.memory=2g --conf spark.driver.memory=1g --conf spark.sql.extensions=org.apache.iceberg.spark.extensions.IcebergSparkSessionExtensions,org.projectnessie.spark.extensions.NessieSparkSessionExtensions --conf spark.sql.catalog.nessie=org.apache.iceberg.spark.SparkCatalog --conf spark.sql.catalog.nessie.catalog-impl=org.apache.iceberg.nessie.NessieCatalog --conf spark.sql.catalog.nessie.uri=http://proyecto2-nessie:19120/api/v1 --conf spark.sql.catalog.nessie.ref=main --conf spark.sql.catalog.nessie.authentication.type=NONE --conf spark.sql.catalog.nessie.warehouse=s3a://iceberg/ --conf spark.hadoop.fs.s3a.endpoint=http://proyecto2-minio:9000 --conf spark.hadoop.fs.s3a.access.key=minioadmin --conf spark.hadoop.fs.s3a.secret.key=minioadmin123 --conf spark.hadoop.fs.s3a.path.style.access=true --conf spark.hadoop.fs.s3a.impl=org.apache.hadoop.fs.s3a.S3AFileSystem --conf spark.hadoop.fs.s3a.aws.credentials.provider=org.apache.hadoop.fs.s3a.SimpleAWSCredentialsProvider --conf spark.hadoop.fs.s3a.connection.ssl.enabled=false --packages org.apache.iceberg:iceberg-spark-runtime-3.5_2.12:1.6.1,org.projectnessie.nessie-integrations:nessie-spark-extensions-3.5_2.12:0.95.0,org.apache.hadoop:hadoop-aws:3.3.4,com.amazonaws:aws-java-sdk-bundle:1.12.262 --name gold_cant_post_x_user_hist --verbose /opt/***/scripts/gold_agg.py']
[2026-04-12T19:39:12.656+0000] {subprocess.py:99} INFO - Output:
[2026-04-12T19:39:12.676+0000] {subprocess.py:106} INFO - /opt/spark/bin/load-spark-env.sh: line 68: ps: command not found
[2026-04-12T19:39:14.512+0000] {subprocess.py:106} INFO - Using properties file: null
[2026-04-12T19:39:14.643+0000] {subprocess.py:106} INFO - Parsed arguments:
[2026-04-12T19:39:14.656+0000] {subprocess.py:106} INFO -   master                  spark://spark-master:7077
[2026-04-12T19:39:14.657+0000] {subprocess.py:106} INFO -   remote                  null
[2026-04-12T19:39:14.659+0000] {subprocess.py:106} INFO -   deployMode              client
[2026-04-12T19:39:14.660+0000] {subprocess.py:106} INFO -   executorMemory          2g
[2026-04-12T19:39:14.661+0000] {subprocess.py:106} INFO -   executorCores           2
[2026-04-12T19:39:14.662+0000] {subprocess.py:106} INFO -   totalExecutorCores      null
[2026-04-12T19:39:14.663+0000] {subprocess.py:106} INFO -   propertiesFile          null
[2026-04-12T19:39:14.664+0000] {subprocess.py:106} INFO -   driverMemory            1g
[2026-04-12T19:39:14.665+0000] {subprocess.py:106} INFO -   driverCores             null
[2026-04-12T19:39:14.666+0000] {subprocess.py:106} INFO -   driverExtraClassPath    null
[2026-04-12T19:39:14.666+0000] {subprocess.py:106} INFO -   driverExtraLibraryPath  null
[2026-04-12T19:39:14.667+0000] {subprocess.py:106} INFO -   driverExtraJavaOptions  null
[2026-04-12T19:39:14.669+0000] {subprocess.py:106} INFO -   supervise               false
[2026-04-12T19:39:14.676+0000] {subprocess.py:106} INFO -   queue                   null
[2026-04-12T19:39:14.678+0000] {subprocess.py:106} INFO -   numExecutors            1
[2026-04-12T19:39:14.679+0000] {subprocess.py:106} INFO -   files                   null
[2026-04-12T19:39:14.680+0000] {subprocess.py:106} INFO -   pyFiles                 null
[2026-04-12T19:39:14.681+0000] {subprocess.py:106} INFO -   archives                null
[2026-04-12T19:39:14.682+0000] {subprocess.py:106} INFO -   mainClass               null
[2026-04-12T19:39:14.683+0000] {subprocess.py:106} INFO -   primaryResource         file:/opt/***/scripts/gold_agg.py
[2026-04-12T19:39:14.684+0000] {subprocess.py:106} INFO -   name                    gold_cant_post_x_user_hist
[2026-04-12T19:39:14.685+0000] {subprocess.py:106} INFO -   childArgs               []
[2026-04-12T19:39:14.686+0000] {subprocess.py:106} INFO -   jars                    null
[2026-04-12T19:39:14.689+0000] {subprocess.py:106} INFO -   packages                org.apache.iceberg:iceberg-spark-runtime-3.5_2.12:1.6.1,org.projectnessie.nessie-integrations:nessie-spark-extensions-3.5_2.12:0.95.0,org.apache.hadoop:hadoop-aws:3.3.4,com.amazonaws:aws-java-sdk-bundle:1.12.262
[2026-04-12T19:39:14.691+0000] {subprocess.py:106} INFO -   packagesExclusions      null
[2026-04-12T19:39:14.692+0000] {subprocess.py:106} INFO -   repositories            null
[2026-04-12T19:39:14.693+0000] {subprocess.py:106} INFO -   verbose                 true
[2026-04-12T19:39:14.694+0000] {subprocess.py:106} INFO - 
[2026-04-12T19:39:14.695+0000] {subprocess.py:106} INFO - Spark properties used, including those specified through
[2026-04-12T19:39:14.696+0000] {subprocess.py:106} INFO -  --conf and those from the properties file null:
[2026-04-12T19:39:14.697+0000] {subprocess.py:106} INFO -   (spark.driver.bindAddress,0.0.0.0)
[2026-04-12T19:39:14.698+0000] {subprocess.py:106} INFO -   (spark.driver.memory,1g)
[2026-04-12T19:39:14.699+0000] {subprocess.py:106} INFO -   (spark.executor.cores,2)
[2026-04-12T19:39:14.700+0000] {subprocess.py:106} INFO -   (spark.executor.instances,1)
[2026-04-12T19:39:14.701+0000] {subprocess.py:106} INFO -   (spark.executor.memory,2g)
[2026-04-12T19:39:14.702+0000] {subprocess.py:106} INFO -   (spark.hadoop.fs.s3a.access.key,*********(redacted))
[2026-04-12T19:39:14.704+0000] {subprocess.py:106} INFO -   (spark.hadoop.fs.s3a.aws.credentials.provider,org.apache.hadoop.fs.s3a.SimpleAWSCredentialsProvider)
[2026-04-12T19:39:14.705+0000] {subprocess.py:106} INFO -   (spark.hadoop.fs.s3a.connection.ssl.enabled,false)
[2026-04-12T19:39:14.706+0000] {subprocess.py:106} INFO -   (spark.hadoop.fs.s3a.endpoint,http://proyecto2-minio:9000)
[2026-04-12T19:39:14.707+0000] {subprocess.py:106} INFO -   (spark.hadoop.fs.s3a.impl,org.apache.hadoop.fs.s3a.S3AFileSystem)
[2026-04-12T19:39:14.708+0000] {subprocess.py:106} INFO -   (spark.hadoop.fs.s3a.path.style.access,true)
[2026-04-12T19:39:14.710+0000] {subprocess.py:106} INFO -   (spark.hadoop.fs.s3a.secret.key,*********(redacted))
[2026-04-12T19:39:14.710+0000] {subprocess.py:106} INFO -   (spark.sql.catalog.nessie,org.apache.iceberg.spark.SparkCatalog)
[2026-04-12T19:39:14.712+0000] {subprocess.py:106} INFO -   (spark.sql.catalog.nessie.authentication.type,NONE)
[2026-04-12T19:39:14.713+0000] {subprocess.py:106} INFO -   (spark.sql.catalog.nessie.catalog-impl,org.apache.iceberg.nessie.NessieCatalog)
[2026-04-12T19:39:14.713+0000] {subprocess.py:106} INFO -   (spark.sql.catalog.nessie.ref,main)
[2026-04-12T19:39:14.714+0000] {subprocess.py:106} INFO -   (spark.sql.catalog.nessie.uri,http://proyecto2-nessie:19120/api/v1)
[2026-04-12T19:39:14.715+0000] {subprocess.py:106} INFO -   (spark.sql.catalog.nessie.warehouse,s3a://iceberg/)
[2026-04-12T19:39:14.716+0000] {subprocess.py:106} INFO -   (spark.sql.extensions,org.apache.iceberg.spark.extensions.IcebergSparkSessionExtensions,org.projectnessie.spark.extensions.NessieSparkSessionExtensions)
[2026-04-12T19:39:14.717+0000] {subprocess.py:106} INFO -   (spark.submit.deployMode,client)
[2026-04-12T19:39:14.718+0000] {subprocess.py:106} INFO - 
[2026-04-12T19:39:14.720+0000] {subprocess.py:106} INFO - 
[2026-04-12T19:39:14.838+0000] {subprocess.py:106} INFO - :: loading settings :: url = jar:file:/opt/spark/jars/ivy-2.5.1.jar!/org/apache/ivy/core/settings/ivysettings.xml
[2026-04-12T19:39:14.924+0000] {subprocess.py:106} INFO - Ivy Default Cache set to: /home/***/.ivy2/cache
[2026-04-12T19:39:14.925+0000] {subprocess.py:106} INFO - The jars for the packages stored in: /home/***/.ivy2/jars
[2026-04-12T19:39:14.932+0000] {subprocess.py:106} INFO - org.apache.iceberg#iceberg-spark-runtime-3.5_2.12 added as a dependency
[2026-04-12T19:39:14.933+0000] {subprocess.py:106} INFO - org.projectnessie.nessie-integrations#nessie-spark-extensions-3.5_2.12 added as a dependency
[2026-04-12T19:39:14.934+0000] {subprocess.py:106} INFO - org.apache.hadoop#hadoop-aws added as a dependency
[2026-04-12T19:39:14.935+0000] {subprocess.py:106} INFO - com.amazonaws#aws-java-sdk-bundle added as a dependency
[2026-04-12T19:39:14.936+0000] {subprocess.py:106} INFO - :: resolving dependencies :: org.apache.spark#spark-submit-parent-acd3b078-a62f-4806-933f-ebdc2edd4408;1.0
[2026-04-12T19:39:14.938+0000] {subprocess.py:106} INFO - 	confs: [default]
[2026-04-12T19:39:15.087+0000] {subprocess.py:106} INFO - 	found org.apache.iceberg#iceberg-spark-runtime-3.5_2.12;1.6.1 in central
[2026-04-12T19:39:15.112+0000] {subprocess.py:106} INFO - 	found org.projectnessie.nessie-integrations#nessie-spark-extensions-3.5_2.12;0.95.0 in central
[2026-04-12T19:39:15.182+0000] {subprocess.py:106} INFO - 	found org.apache.hadoop#hadoop-aws;3.3.4 in central
[2026-04-12T19:39:15.206+0000] {subprocess.py:106} INFO - 	found com.amazonaws#aws-java-sdk-bundle;1.12.262 in central
[2026-04-12T19:39:15.237+0000] {subprocess.py:106} INFO - 	found org.wildfly.openssl#wildfly-openssl;1.0.7.Final in central
[2026-04-12T19:39:15.274+0000] {subprocess.py:106} INFO - :: resolution report :: resolve 323ms :: artifacts dl 17ms
[2026-04-12T19:39:15.276+0000] {subprocess.py:106} INFO - 	:: modules in use:
[2026-04-12T19:39:15.278+0000] {subprocess.py:106} INFO - 	com.amazonaws#aws-java-sdk-bundle;1.12.262 from central in [default]
[2026-04-12T19:39:15.279+0000] {subprocess.py:106} INFO - 	org.apache.hadoop#hadoop-aws;3.3.4 from central in [default]
[2026-04-12T19:39:15.280+0000] {subprocess.py:106} INFO - 	org.apache.iceberg#iceberg-spark-runtime-3.5_2.12;1.6.1 from central in [default]
[2026-04-12T19:39:15.282+0000] {subprocess.py:106} INFO - 	org.projectnessie.nessie-integrations#nessie-spark-extensions-3.5_2.12;0.95.0 from central in [default]
[2026-04-12T19:39:15.282+0000] {subprocess.py:106} INFO - 	org.wildfly.openssl#wildfly-openssl;1.0.7.Final from central in [default]
[2026-04-12T19:39:15.284+0000] {subprocess.py:106} INFO - 	---------------------------------------------------------------------
[2026-04-12T19:39:15.285+0000] {subprocess.py:106} INFO - 	|                  |            modules            ||   artifacts   |
[2026-04-12T19:39:15.287+0000] {subprocess.py:106} INFO - 	|       conf       | number| search|dwnlded|evicted|| number|dwnlded|
[2026-04-12T19:39:15.288+0000] {subprocess.py:106} INFO - 	---------------------------------------------------------------------
[2026-04-12T19:39:15.289+0000] {subprocess.py:106} INFO - 	|      default     |   5   |   0   |   0   |   0   ||   5   |   0   |
[2026-04-12T19:39:15.290+0000] {subprocess.py:106} INFO - 	---------------------------------------------------------------------
[2026-04-12T19:39:15.292+0000] {subprocess.py:106} INFO - :: retrieving :: org.apache.spark#spark-submit-parent-acd3b078-a62f-4806-933f-ebdc2edd4408
[2026-04-12T19:39:15.293+0000] {subprocess.py:106} INFO - 	confs: [default]
[2026-04-12T19:39:15.294+0000] {subprocess.py:106} INFO - 	0 artifacts copied, 5 already retrieved (0kB/10ms)
[2026-04-12T19:39:15.569+0000] {subprocess.py:106} INFO - 26/04/12 19:39:15 WARN NativeCodeLoader: Unable to load native-hadoop library for your platform... using builtin-java classes where applicable
[2026-04-12T19:39:15.790+0000] {subprocess.py:106} INFO - Main class:
[2026-04-12T19:39:15.791+0000] {subprocess.py:106} INFO - org.apache.spark.deploy.PythonRunner
[2026-04-12T19:39:15.792+0000] {subprocess.py:106} INFO - Arguments:
[2026-04-12T19:39:15.793+0000] {subprocess.py:106} INFO - file:/opt/***/scripts/gold_agg.py
[2026-04-12T19:39:15.794+0000] {subprocess.py:106} INFO - file:///home/***/.ivy2/jars/org.apache.iceberg_iceberg-spark-runtime-3.5_2.12-1.6.1.jar,file:///home/***/.ivy2/jars/org.projectnessie.nessie-integrations_nessie-spark-extensions-3.5_2.12-0.95.0.jar,file:///home/***/.ivy2/jars/org.apache.hadoop_hadoop-aws-3.3.4.jar,file:///home/***/.ivy2/jars/com.amazonaws_aws-java-sdk-bundle-1.12.262.jar,file:///home/***/.ivy2/jars/org.wildfly.openssl_wildfly-openssl-1.0.7.Final.jar
[2026-04-12T19:39:15.796+0000] {subprocess.py:106} INFO - Spark config:
[2026-04-12T19:39:15.797+0000] {subprocess.py:106} INFO - (spark.app.name,gold_cant_post_x_user_hist)
[2026-04-12T19:39:15.797+0000] {subprocess.py:106} INFO - (spark.app.submitTime,1776022755771)
[2026-04-12T19:39:15.798+0000] {subprocess.py:106} INFO - (spark.driver.bindAddress,0.0.0.0)
[2026-04-12T19:39:15.799+0000] {subprocess.py:106} INFO - (spark.driver.memory,1g)
[2026-04-12T19:39:15.799+0000] {subprocess.py:106} INFO - (spark.executor.cores,2)
[2026-04-12T19:39:15.800+0000] {subprocess.py:106} INFO - (spark.executor.instances,1)
[2026-04-12T19:39:15.801+0000] {subprocess.py:106} INFO - (spark.executor.memory,2g)
[2026-04-12T19:39:15.802+0000] {subprocess.py:106} INFO - (spark.files,file:///home/***/.ivy2/jars/org.apache.iceberg_iceberg-spark-runtime-3.5_2.12-1.6.1.jar,file:///home/***/.ivy2/jars/org.projectnessie.nessie-integrations_nessie-spark-extensions-3.5_2.12-0.95.0.jar,file:///home/***/.ivy2/jars/org.apache.hadoop_hadoop-aws-3.3.4.jar,file:///home/***/.ivy2/jars/com.amazonaws_aws-java-sdk-bundle-1.12.262.jar,file:///home/***/.ivy2/jars/org.wildfly.openssl_wildfly-openssl-1.0.7.Final.jar)
[2026-04-12T19:39:15.803+0000] {subprocess.py:106} INFO - (spark.hadoop.fs.s3a.access.key,*********(redacted))
[2026-04-12T19:39:15.804+0000] {subprocess.py:106} INFO - (spark.hadoop.fs.s3a.aws.credentials.provider,org.apache.hadoop.fs.s3a.SimpleAWSCredentialsProvider)
[2026-04-12T19:39:15.805+0000] {subprocess.py:106} INFO - (spark.hadoop.fs.s3a.connection.ssl.enabled,false)
[2026-04-12T19:39:15.806+0000] {subprocess.py:106} INFO - (spark.hadoop.fs.s3a.endpoint,http://proyecto2-minio:9000)
[2026-04-12T19:39:15.807+0000] {subprocess.py:106} INFO - (spark.hadoop.fs.s3a.impl,org.apache.hadoop.fs.s3a.S3AFileSystem)
[2026-04-12T19:39:15.808+0000] {subprocess.py:106} INFO - (spark.hadoop.fs.s3a.path.style.access,true)
[2026-04-12T19:39:15.809+0000] {subprocess.py:106} INFO - (spark.hadoop.fs.s3a.secret.key,*********(redacted))
[2026-04-12T19:39:15.810+0000] {subprocess.py:106} INFO - (spark.jars,file:///home/***/.ivy2/jars/org.apache.iceberg_iceberg-spark-runtime-3.5_2.12-1.6.1.jar,file:///home/***/.ivy2/jars/org.projectnessie.nessie-integrations_nessie-spark-extensions-3.5_2.12-0.95.0.jar,file:///home/***/.ivy2/jars/org.apache.hadoop_hadoop-aws-3.3.4.jar,file:///home/***/.ivy2/jars/com.amazonaws_aws-java-sdk-bundle-1.12.262.jar,file:///home/***/.ivy2/jars/org.wildfly.openssl_wildfly-openssl-1.0.7.Final.jar)
[2026-04-12T19:39:15.811+0000] {subprocess.py:106} INFO - (spark.master,spark://spark-master:7077)
[2026-04-12T19:39:15.812+0000] {subprocess.py:106} INFO - (spark.repl.local.jars,file:///home/***/.ivy2/jars/org.apache.iceberg_iceberg-spark-runtime-3.5_2.12-1.6.1.jar,file:///home/***/.ivy2/jars/org.projectnessie.nessie-integrations_nessie-spark-extensions-3.5_2.12-0.95.0.jar,file:///home/***/.ivy2/jars/org.apache.hadoop_hadoop-aws-3.3.4.jar,file:///home/***/.ivy2/jars/com.amazonaws_aws-java-sdk-bundle-1.12.262.jar,file:///home/***/.ivy2/jars/org.wildfly.openssl_wildfly-openssl-1.0.7.Final.jar)
[2026-04-12T19:39:15.813+0000] {subprocess.py:106} INFO - (spark.sql.catalog.nessie,org.apache.iceberg.spark.SparkCatalog)
[2026-04-12T19:39:15.814+0000] {subprocess.py:106} INFO - (spark.sql.catalog.nessie.authentication.type,NONE)
[2026-04-12T19:39:15.815+0000] {subprocess.py:106} INFO - (spark.sql.catalog.nessie.catalog-impl,org.apache.iceberg.nessie.NessieCatalog)
[2026-04-12T19:39:15.817+0000] {subprocess.py:106} INFO - (spark.sql.catalog.nessie.ref,main)
[2026-04-12T19:39:15.817+0000] {subprocess.py:106} INFO - (spark.sql.catalog.nessie.uri,http://proyecto2-nessie:19120/api/v1)
[2026-04-12T19:39:15.818+0000] {subprocess.py:106} INFO - (spark.sql.catalog.nessie.warehouse,s3a://iceberg/)
[2026-04-12T19:39:15.819+0000] {subprocess.py:106} INFO - (spark.sql.extensions,org.apache.iceberg.spark.extensions.IcebergSparkSessionExtensions,org.projectnessie.spark.extensions.NessieSparkSessionExtensions)
[2026-04-12T19:39:15.820+0000] {subprocess.py:106} INFO - (spark.submit.deployMode,client)
[2026-04-12T19:39:15.821+0000] {subprocess.py:106} INFO - (spark.submit.pyFiles,/home/***/.ivy2/jars/org.apache.iceberg_iceberg-spark-runtime-3.5_2.12-1.6.1.jar,/home/***/.ivy2/jars/org.projectnessie.nessie-integrations_nessie-spark-extensions-3.5_2.12-0.95.0.jar,/home/***/.ivy2/jars/org.apache.hadoop_hadoop-aws-3.3.4.jar,/home/***/.ivy2/jars/com.amazonaws_aws-java-sdk-bundle-1.12.262.jar,/home/***/.ivy2/jars/org.wildfly.openssl_wildfly-openssl-1.0.7.Final.jar)
[2026-04-12T19:39:15.822+0000] {subprocess.py:106} INFO - Classpath elements:
[2026-04-12T19:39:15.824+0000] {subprocess.py:106} INFO - file:///home/***/.ivy2/jars/org.apache.iceberg_iceberg-spark-runtime-3.5_2.12-1.6.1.jar
[2026-04-12T19:39:15.825+0000] {subprocess.py:106} INFO - file:///home/***/.ivy2/jars/org.projectnessie.nessie-integrations_nessie-spark-extensions-3.5_2.12-0.95.0.jar
[2026-04-12T19:39:15.826+0000] {subprocess.py:106} INFO - file:///home/***/.ivy2/jars/org.apache.hadoop_hadoop-aws-3.3.4.jar
[2026-04-12T19:39:15.827+0000] {subprocess.py:106} INFO - file:///home/***/.ivy2/jars/com.amazonaws_aws-java-sdk-bundle-1.12.262.jar
[2026-04-12T19:39:15.828+0000] {subprocess.py:106} INFO - file:///home/***/.ivy2/jars/org.wildfly.openssl_wildfly-openssl-1.0.7.Final.jar
[2026-04-12T19:39:15.829+0000] {subprocess.py:106} INFO - 
[2026-04-12T19:39:15.830+0000] {subprocess.py:106} INFO - 
[2026-04-12T19:39:16.574+0000] {subprocess.py:106} INFO - 2026-04-12 19:39:16,574 INFO ============================================================
[2026-04-12T19:39:16.575+0000] {subprocess.py:106} INFO - 2026-04-12 19:39:16,574 INFO GOLD AGG — cant_post_x_user_hist ★
[2026-04-12T19:39:16.576+0000] {subprocess.py:106} INFO - 2026-04-12 19:39:16,574 INFO Fuentes: nessie.silver.post_hist + nessie.silver.users_hist
[2026-04-12T19:39:16.578+0000] {subprocess.py:106} INFO - 2026-04-12 19:39:16,574 INFO ============================================================
[2026-04-12T19:39:16.803+0000] {subprocess.py:106} INFO - 26/04/12 19:39:16 INFO SparkContext: Running Spark version 3.5.5
[2026-04-12T19:39:16.804+0000] {subprocess.py:106} INFO - 26/04/12 19:39:16 INFO SparkContext: OS info Linux, 6.6.87.2-microsoft-standard-WSL2, amd64
[2026-04-12T19:39:16.809+0000] {subprocess.py:106} INFO - 26/04/12 19:39:16 INFO SparkContext: Java version 17.0.18
[2026-04-12T19:39:16.842+0000] {subprocess.py:106} INFO - 26/04/12 19:39:16 INFO ResourceUtils: ==============================================================
[2026-04-12T19:39:16.843+0000] {subprocess.py:106} INFO - 26/04/12 19:39:16 INFO ResourceUtils: No custom resources configured for spark.driver.
[2026-04-12T19:39:16.844+0000] {subprocess.py:106} INFO - 26/04/12 19:39:16 INFO ResourceUtils: ==============================================================
[2026-04-12T19:39:16.845+0000] {subprocess.py:106} INFO - 26/04/12 19:39:16 INFO SparkContext: Submitted application: gold_agg
[2026-04-12T19:39:16.876+0000] {subprocess.py:106} INFO - 26/04/12 19:39:16 INFO ResourceProfile: Default ResourceProfile created, executor resources: Map(cores -> name: cores, amount: 2, script: , vendor: , memory -> name: memory, amount: 2048, script: , vendor: , offHeap -> name: offHeap, amount: 0, script: , vendor: ), task resources: Map(cpus -> name: cpus, amount: 1.0)
[2026-04-12T19:39:16.888+0000] {subprocess.py:106} INFO - 26/04/12 19:39:16 INFO ResourceProfile: Limiting resource is cpus at 2 tasks per executor
[2026-04-12T19:39:16.891+0000] {subprocess.py:106} INFO - 26/04/12 19:39:16 INFO ResourceProfileManager: Added ResourceProfile id: 0
[2026-04-12T19:39:16.968+0000] {subprocess.py:106} INFO - 26/04/12 19:39:16 INFO SecurityManager: Changing view acls to: ***
[2026-04-12T19:39:16.970+0000] {subprocess.py:106} INFO - 26/04/12 19:39:16 INFO SecurityManager: Changing modify acls to: ***
[2026-04-12T19:39:16.971+0000] {subprocess.py:106} INFO - 26/04/12 19:39:16 INFO SecurityManager: Changing view acls groups to:
[2026-04-12T19:39:16.972+0000] {subprocess.py:106} INFO - 26/04/12 19:39:16 INFO SecurityManager: Changing modify acls groups to:
[2026-04-12T19:39:16.973+0000] {subprocess.py:106} INFO - 26/04/12 19:39:16 INFO SecurityManager: SecurityManager: authentication disabled; ui acls disabled; users with view permissions: ***; groups with view permissions: EMPTY; users with modify permissions: ***; groups with modify permissions: EMPTY
[2026-04-12T19:39:17.277+0000] {subprocess.py:106} INFO - 26/04/12 19:39:17 INFO Utils: Successfully started service 'sparkDriver' on port 33639.
[2026-04-12T19:39:17.320+0000] {subprocess.py:106} INFO - 26/04/12 19:39:17 INFO SparkEnv: Registering MapOutputTracker
[2026-04-12T19:39:17.364+0000] {subprocess.py:106} INFO - 26/04/12 19:39:17 INFO SparkEnv: Registering BlockManagerMaster
[2026-04-12T19:39:17.385+0000] {subprocess.py:106} INFO - 26/04/12 19:39:17 INFO BlockManagerMasterEndpoint: Using org.apache.spark.storage.DefaultTopologyMapper for getting topology information
[2026-04-12T19:39:17.386+0000] {subprocess.py:106} INFO - 26/04/12 19:39:17 INFO BlockManagerMasterEndpoint: BlockManagerMasterEndpoint up
[2026-04-12T19:39:17.392+0000] {subprocess.py:106} INFO - 26/04/12 19:39:17 INFO SparkEnv: Registering BlockManagerMasterHeartbeat
[2026-04-12T19:39:17.417+0000] {subprocess.py:106} INFO - 26/04/12 19:39:17 INFO DiskBlockManager: Created local directory at /tmp/blockmgr-d559558d-2d9b-4c00-b574-99b221527f8d
[2026-04-12T19:39:17.439+0000] {subprocess.py:106} INFO - 26/04/12 19:39:17 INFO MemoryStore: MemoryStore started with capacity 434.4 MiB
[2026-04-12T19:39:17.466+0000] {subprocess.py:106} INFO - 26/04/12 19:39:17 INFO SparkEnv: Registering OutputCommitCoordinator
[2026-04-12T19:39:17.670+0000] {subprocess.py:106} INFO - 26/04/12 19:39:17 INFO JettyUtils: Start Jetty 0.0.0.0:4040 for SparkUI
[2026-04-12T19:39:17.747+0000] {subprocess.py:106} INFO - 26/04/12 19:39:17 WARN Utils: Service 'SparkUI' could not bind on port 4040. Attempting port 4041.
[2026-04-12T19:39:17.763+0000] {subprocess.py:106} INFO - 26/04/12 19:39:17 INFO Utils: Successfully started service 'SparkUI' on port 4041.
[2026-04-12T19:39:17.827+0000] {subprocess.py:106} INFO - 26/04/12 19:39:17 INFO SparkContext: Added JAR file:///home/***/.ivy2/jars/org.apache.iceberg_iceberg-spark-runtime-3.5_2.12-1.6.1.jar at spark://b4737cc55adb:33639/jars/org.apache.iceberg_iceberg-spark-runtime-3.5_2.12-1.6.1.jar with timestamp 1776022756790
[2026-04-12T19:39:17.829+0000] {subprocess.py:106} INFO - 26/04/12 19:39:17 INFO SparkContext: Added JAR file:///home/***/.ivy2/jars/org.projectnessie.nessie-integrations_nessie-spark-extensions-3.5_2.12-0.95.0.jar at spark://b4737cc55adb:33639/jars/org.projectnessie.nessie-integrations_nessie-spark-extensions-3.5_2.12-0.95.0.jar with timestamp 1776022756790
[2026-04-12T19:39:17.834+0000] {subprocess.py:106} INFO - 26/04/12 19:39:17 INFO SparkContext: Added JAR file:///home/***/.ivy2/jars/org.apache.hadoop_hadoop-aws-3.3.4.jar at spark://b4737cc55adb:33639/jars/org.apache.hadoop_hadoop-aws-3.3.4.jar with timestamp 1776022756790
[2026-04-12T19:39:17.841+0000] {subprocess.py:106} INFO - 26/04/12 19:39:17 INFO SparkContext: Added JAR file:///home/***/.ivy2/jars/com.amazonaws_aws-java-sdk-bundle-1.12.262.jar at spark://b4737cc55adb:33639/jars/com.amazonaws_aws-java-sdk-bundle-1.12.262.jar with timestamp 1776022756790
[2026-04-12T19:39:17.842+0000] {subprocess.py:106} INFO - 26/04/12 19:39:17 INFO SparkContext: Added JAR file:///home/***/.ivy2/jars/org.wildfly.openssl_wildfly-openssl-1.0.7.Final.jar at spark://b4737cc55adb:33639/jars/org.wildfly.openssl_wildfly-openssl-1.0.7.Final.jar with timestamp 1776022756790
[2026-04-12T19:39:17.844+0000] {subprocess.py:106} INFO - 26/04/12 19:39:17 INFO SparkContext: Added file file:///home/***/.ivy2/jars/org.apache.iceberg_iceberg-spark-runtime-3.5_2.12-1.6.1.jar at spark://b4737cc55adb:33639/files/org.apache.iceberg_iceberg-spark-runtime-3.5_2.12-1.6.1.jar with timestamp 1776022756790
[2026-04-12T19:39:17.845+0000] {subprocess.py:106} INFO - 26/04/12 19:39:17 INFO Utils: Copying /home/***/.ivy2/jars/org.apache.iceberg_iceberg-spark-runtime-3.5_2.12-1.6.1.jar to /tmp/spark-86e3bea7-a3ab-4127-9264-a7d1ad86fb68/userFiles-33060bee-7f93-4cb3-b894-ce5052fad937/org.apache.iceberg_iceberg-spark-runtime-3.5_2.12-1.6.1.jar
[2026-04-12T19:39:17.906+0000] {subprocess.py:106} INFO - 26/04/12 19:39:17 INFO SparkContext: Added file file:///home/***/.ivy2/jars/org.projectnessie.nessie-integrations_nessie-spark-extensions-3.5_2.12-0.95.0.jar at spark://b4737cc55adb:33639/files/org.projectnessie.nessie-integrations_nessie-spark-extensions-3.5_2.12-0.95.0.jar with timestamp 1776022756790
[2026-04-12T19:39:17.907+0000] {subprocess.py:106} INFO - 26/04/12 19:39:17 INFO Utils: Copying /home/***/.ivy2/jars/org.projectnessie.nessie-integrations_nessie-spark-extensions-3.5_2.12-0.95.0.jar to /tmp/spark-86e3bea7-a3ab-4127-9264-a7d1ad86fb68/userFiles-33060bee-7f93-4cb3-b894-ce5052fad937/org.projectnessie.nessie-integrations_nessie-spark-extensions-3.5_2.12-0.95.0.jar
[2026-04-12T19:39:17.915+0000] {subprocess.py:106} INFO - 26/04/12 19:39:17 INFO SparkContext: Added file file:///home/***/.ivy2/jars/org.apache.hadoop_hadoop-aws-3.3.4.jar at spark://b4737cc55adb:33639/files/org.apache.hadoop_hadoop-aws-3.3.4.jar with timestamp 1776022756790
[2026-04-12T19:39:17.919+0000] {subprocess.py:106} INFO - 26/04/12 19:39:17 INFO Utils: Copying /home/***/.ivy2/jars/org.apache.hadoop_hadoop-aws-3.3.4.jar to /tmp/spark-86e3bea7-a3ab-4127-9264-a7d1ad86fb68/userFiles-33060bee-7f93-4cb3-b894-ce5052fad937/org.apache.hadoop_hadoop-aws-3.3.4.jar
[2026-04-12T19:39:17.922+0000] {subprocess.py:106} INFO - 26/04/12 19:39:17 INFO SparkContext: Added file file:///home/***/.ivy2/jars/com.amazonaws_aws-java-sdk-bundle-1.12.262.jar at spark://b4737cc55adb:33639/files/com.amazonaws_aws-java-sdk-bundle-1.12.262.jar with timestamp 1776022756790
[2026-04-12T19:39:17.923+0000] {subprocess.py:106} INFO - 26/04/12 19:39:17 INFO Utils: Copying /home/***/.ivy2/jars/com.amazonaws_aws-java-sdk-bundle-1.12.262.jar to /tmp/spark-86e3bea7-a3ab-4127-9264-a7d1ad86fb68/userFiles-33060bee-7f93-4cb3-b894-ce5052fad937/com.amazonaws_aws-java-sdk-bundle-1.12.262.jar
[2026-04-12T19:39:18.127+0000] {subprocess.py:106} INFO - 26/04/12 19:39:18 INFO SparkContext: Added file file:///home/***/.ivy2/jars/org.wildfly.openssl_wildfly-openssl-1.0.7.Final.jar at spark://b4737cc55adb:33639/files/org.wildfly.openssl_wildfly-openssl-1.0.7.Final.jar with timestamp 1776022756790
[2026-04-12T19:39:18.128+0000] {subprocess.py:106} INFO - 26/04/12 19:39:18 INFO Utils: Copying /home/***/.ivy2/jars/org.wildfly.openssl_wildfly-openssl-1.0.7.Final.jar to /tmp/spark-86e3bea7-a3ab-4127-9264-a7d1ad86fb68/userFiles-33060bee-7f93-4cb3-b894-ce5052fad937/org.wildfly.openssl_wildfly-openssl-1.0.7.Final.jar
[2026-04-12T19:39:18.220+0000] {subprocess.py:106} INFO - 26/04/12 19:39:18 INFO StandaloneAppClient$ClientEndpoint: Connecting to master spark://spark-master:7077...
[2026-04-12T19:39:18.291+0000] {subprocess.py:106} INFO - 26/04/12 19:39:18 INFO TransportClientFactory: Successfully created connection to spark-master/172.18.0.7:7077 after 50 ms (0 ms spent in bootstraps)
[2026-04-12T19:39:18.424+0000] {subprocess.py:106} INFO - 26/04/12 19:39:18 INFO StandaloneSchedulerBackend: Connected to Spark cluster with app ID app-20260412193918-0022
[2026-04-12T19:39:18.433+0000] {subprocess.py:106} INFO - 26/04/12 19:39:18 INFO Utils: Successfully started service 'org.apache.spark.network.netty.NettyBlockTransferService' on port 35601.
[2026-04-12T19:39:18.435+0000] {subprocess.py:106} INFO - 26/04/12 19:39:18 INFO NettyBlockTransferService: Server created on b4737cc55adb 0.0.0.0:35601
[2026-04-12T19:39:18.436+0000] {subprocess.py:106} INFO - 26/04/12 19:39:18 INFO BlockManager: Using org.apache.spark.storage.RandomBlockReplicationPolicy for block replication policy
[2026-04-12T19:39:18.444+0000] {subprocess.py:106} INFO - 26/04/12 19:39:18 INFO BlockManagerMaster: Registering BlockManager BlockManagerId(driver, b4737cc55adb, 35601, None)
[2026-04-12T19:39:18.449+0000] {subprocess.py:106} INFO - 26/04/12 19:39:18 INFO BlockManagerMasterEndpoint: Registering block manager b4737cc55adb:35601 with 434.4 MiB RAM, BlockManagerId(driver, b4737cc55adb, 35601, None)
[2026-04-12T19:39:18.452+0000] {subprocess.py:106} INFO - 26/04/12 19:39:18 INFO BlockManagerMaster: Registered BlockManager BlockManagerId(driver, b4737cc55adb, 35601, None)
[2026-04-12T19:39:18.453+0000] {subprocess.py:106} INFO - 26/04/12 19:39:18 INFO BlockManager: Initialized BlockManager: BlockManagerId(driver, b4737cc55adb, 35601, None)
[2026-04-12T19:39:18.804+0000] {subprocess.py:106} INFO - 26/04/12 19:39:18 INFO StandaloneSchedulerBackend: SchedulerBackend is ready for scheduling beginning after reached minRegisteredResourcesRatio: 0.0
[2026-04-12T19:39:19.171+0000] {subprocess.py:106} INFO - 2026-04-12 19:39:19,170 INFO Spark version: 3.5.5
[2026-04-12T19:39:19.185+0000] {subprocess.py:106} INFO - 26/04/12 19:39:19 INFO SharedState: Setting hive.metastore.warehouse.dir ('null') to the value of spark.sql.warehouse.dir.
[2026-04-12T19:39:19.190+0000] {subprocess.py:106} INFO - 26/04/12 19:39:19 INFO SharedState: Warehouse path is 'file:/tmp/***tmptoo2fq0z/spark-warehouse'.
[2026-04-12T19:39:21.008+0000] {subprocess.py:106} INFO - 26/04/12 19:39:21 INFO CatalogUtil: Loading custom FileIO implementation: org.apache.iceberg.hadoop.HadoopFileIO
[2026-04-12T19:39:22.223+0000] {subprocess.py:106} INFO - 2026-04-12 19:39:22,222 INFO Namespace 'nessie.gold' listo.
[2026-04-12T19:39:22.224+0000] {subprocess.py:106} INFO - 2026-04-12 19:39:22,222 INFO
[2026-04-12T19:39:22.225+0000] {subprocess.py:106} INFO - [★] cant_post_x_user_hist
[2026-04-12T19:39:22.416+0000] {subprocess.py:106} INFO - 26/04/12 19:39:22 INFO BaseMetastoreTableOperations: Refreshing table metadata from new version: s3a://iceberg/silver/post_hist_2c97489a-1825-4e8f-a9c8-38c0a6be3632/metadata/00000-fdba6514-188d-42b5-b046-33cfc69138de.metadata.json
[2026-04-12T19:39:22.573+0000] {subprocess.py:106} INFO - 26/04/12 19:39:22 WARN MetricsConfig: Cannot locate configuration: tried hadoop-metrics2-s3a-file-system.properties,hadoop-metrics2.properties
[2026-04-12T19:39:22.593+0000] {subprocess.py:106} INFO - 26/04/12 19:39:22 INFO MetricsSystemImpl: Scheduled Metric snapshot period at 10 second(s).
[2026-04-12T19:39:22.594+0000] {subprocess.py:106} INFO - 26/04/12 19:39:22 INFO MetricsSystemImpl: s3a-file-system metrics system started
[2026-04-12T19:39:23.862+0000] {subprocess.py:106} INFO - 26/04/12 19:39:23 INFO NessieUtil: loadTableMetadata for 'silver.post_hist' from location 's3a://iceberg/silver/post_hist_2c97489a-1825-4e8f-a9c8-38c0a6be3632/metadata/00000-fdba6514-188d-42b5-b046-33cfc69138de.metadata.json' at 'Branch{name=main, metadata=null, hash=1ecce304c63e1e485ddce66e98855d582f50c1e8a3eed0fafb58207ad7d71570}'
[2026-04-12T19:39:23.873+0000] {subprocess.py:106} INFO - 26/04/12 19:39:23 INFO BaseMetastoreCatalog: Table loaded by catalog: nessie.silver.post_hist
[2026-04-12T19:39:23.927+0000] {subprocess.py:106} INFO - 26/04/12 19:39:23 INFO BaseMetastoreTableOperations: Refreshing table metadata from new version: s3a://iceberg/silver/users_hist_29ea4f81-25a2-4974-a1d5-7fcae2b69ddf/metadata/00005-5e17b31e-0081-4cb0-97ca-dfc1a6ad59e2.gz.metadata.json
[2026-04-12T19:39:23.950+0000] {subprocess.py:106} INFO - 26/04/12 19:39:23 INFO NessieUtil: loadTableMetadata for 'silver.users_hist' from location 's3a://iceberg/silver/users_hist_29ea4f81-25a2-4974-a1d5-7fcae2b69ddf/metadata/00005-5e17b31e-0081-4cb0-97ca-dfc1a6ad59e2.gz.metadata.json' at 'Branch{name=main, metadata=null, hash=1ecce304c63e1e485ddce66e98855d582f50c1e8a3eed0fafb58207ad7d71570}'
[2026-04-12T19:39:23.952+0000] {subprocess.py:106} INFO - 26/04/12 19:39:23 INFO BaseMetastoreCatalog: Table loaded by catalog: nessie.silver.users_hist
[2026-04-12T19:39:24.487+0000] {subprocess.py:106} INFO - Traceback (most recent call last):
[2026-04-12T19:39:24.488+0000] {subprocess.py:106} INFO -   File "/opt/***/scripts/gold_agg.py", line 306, in <module>
[2026-04-12T19:39:24.491+0000] {subprocess.py:106} INFO -     main()
[2026-04-12T19:39:24.491+0000] {subprocess.py:106} INFO -   File "/opt/***/scripts/gold_agg.py", line 293, in main
[2026-04-12T19:39:24.494+0000] {subprocess.py:106} INFO -     total = build_cant_post_x_user_hist(spark)
[2026-04-12T19:39:24.495+0000] {subprocess.py:106} INFO -             ^^^^^^^^^^^^^^^^^^^^^^^^^^^^^^^^^^
[2026-04-12T19:39:24.495+0000] {subprocess.py:106} INFO -   File "/opt/***/scripts/gold_agg.py", line 119, in build_cant_post_x_user_hist
[2026-04-12T19:39:24.497+0000] {subprocess.py:106} INFO -     df = spark.sql(f"""
[2026-04-12T19:39:24.497+0000] {subprocess.py:106} INFO -          ^^^^^^^^^^^^^^
[2026-04-12T19:39:24.498+0000] {subprocess.py:106} INFO -   File "/opt/spark/python/lib/pyspark.zip/pyspark/sql/session.py", line 1631, in sql
[2026-04-12T19:39:24.499+0000] {subprocess.py:106} INFO -   File "/opt/spark/python/lib/py4j-0.10.9.7-src.zip/py4j/java_gateway.py", line 1322, in __call__
[2026-04-12T19:39:24.500+0000] {subprocess.py:106} INFO -   File "/opt/spark/python/lib/pyspark.zip/pyspark/errors/exceptions/captured.py", line 185, in deco
[2026-04-12T19:39:24.506+0000] {subprocess.py:106} INFO - pyspark.errors.exceptions.captured.AnalysisException: [UNRESOLVED_COLUMN.WITH_SUGGESTION] A column or function parameter with name `p`.`OwnerUserId` cannot be resolved. Did you mean one of the following? [`p`.`owner_user_id`, `p`.`score`, `p`.`year`, `u`.`Id`, `u`.`Views`].; line 19 pos 15;
[2026-04-12T19:39:24.507+0000] {subprocess.py:106} INFO - 'Aggregate ['p.OwnerUserId, 'u.DisplayName, 'p.anio, 'p.PostTypeId], ['p.OwnerUserId AS user_id#0, 'COALESCE('u.DisplayName, Unknown) AS display_name#1, 'p.anio AS anio#2, 'p.PostTypeId AS post_type_id#3, CASE WHEN ('p.PostTypeId = 1) THEN Question WHEN ('p.PostTypeId = 2) THEN Answer ELSE Other END AS post_type#4, 'COUNT('p.Id) AS cant_posts#5, 'COALESCE('SUM('p.Score), 0) AS total_score#6, 'ROUND('AVG('p.Score), 2) AS avg_score#7, 'COALESCE('SUM('p.ViewCount), 0) AS total_views#8, cast(2026-04-12 19:39:16 as timestamp) AS fecha_cargue#9]
[2026-04-12T19:39:24.511+0000] {subprocess.py:106} INFO - +- 'Filter isnotnull('p.OwnerUserId)
[2026-04-12T19:39:24.512+0000] {subprocess.py:106} INFO -    +- 'Join LeftOuter, ('p.OwnerUserId = Id#22L)
[2026-04-12T19:39:24.512+0000] {subprocess.py:106} INFO -       :- SubqueryAlias p
[2026-04-12T19:39:24.513+0000] {subprocess.py:106} INFO -       :  +- SubqueryAlias nessie.silver.post_hist
[2026-04-12T19:39:24.514+0000] {subprocess.py:106} INFO -       :     +- RelationV2[post_id#10L, owner_user_id#11L, title#12, body#13, creation_date#14, score#15L, view_count#16L, favorite_count#17L, last_activity_date#18, year#19, load_date#20, source_system#21] nessie.silver.post_hist nessie.silver.post_hist
[2026-04-12T19:39:24.515+0000] {subprocess.py:106} INFO -       +- SubqueryAlias u
[2026-04-12T19:39:24.516+0000] {subprocess.py:106} INFO -          +- SubqueryAlias nessie.silver.users_hist
[2026-04-12T19:39:24.517+0000] {subprocess.py:106} INFO -             +- RelationV2[Id#22L, Reputation#23L, creation_date#24, DisplayName#25, LastAccessDate#26, Views#27L, UpVotes#28L, DownVotes#29L, location#30, AccountId#31L, anio#32, fecha_cargue#33, fuente#34] nessie.silver.users_hist nessie.silver.users_hist
[2026-04-12T19:39:24.518+0000] {subprocess.py:106} INFO - 
[2026-04-12T19:39:24.519+0000] {subprocess.py:106} INFO - 2026-04-12 19:39:24,506 INFO Closing down clientserver connection
[2026-04-12T19:39:24.570+0000] {subprocess.py:106} INFO - 26/04/12 19:39:24 INFO SparkContext: Invoking stop() from shutdown hook
[2026-04-12T19:39:24.572+0000] {subprocess.py:106} INFO - 26/04/12 19:39:24 INFO SparkContext: SparkContext is stopping with exitCode 0.
[2026-04-12T19:39:24.580+0000] {subprocess.py:106} INFO - 26/04/12 19:39:24 INFO SparkUI: Stopped Spark web UI at http://b4737cc55adb:4041
[2026-04-12T19:39:24.585+0000] {subprocess.py:106} INFO - 26/04/12 19:39:24 INFO StandaloneSchedulerBackend: Shutting down all executors
[2026-04-12T19:39:24.589+0000] {subprocess.py:106} INFO - 26/04/12 19:39:24 INFO StandaloneSchedulerBackend$StandaloneDriverEndpoint: Asking each executor to shut down
[2026-04-12T19:39:24.605+0000] {subprocess.py:106} INFO - 26/04/12 19:39:24 INFO MapOutputTrackerMasterEndpoint: MapOutputTrackerMasterEndpoint stopped!
[2026-04-12T19:39:24.617+0000] {subprocess.py:106} INFO - 26/04/12 19:39:24 INFO MemoryStore: MemoryStore cleared
[2026-04-12T19:39:24.619+0000] {subprocess.py:106} INFO - 26/04/12 19:39:24 INFO BlockManager: BlockManager stopped
[2026-04-12T19:39:24.623+0000] {subprocess.py:106} INFO - 26/04/12 19:39:24 INFO BlockManagerMaster: BlockManagerMaster stopped
[2026-04-12T19:39:24.626+0000] {subprocess.py:106} INFO - 26/04/12 19:39:24 INFO OutputCommitCoordinator$OutputCommitCoordinatorEndpoint: OutputCommitCoordinator stopped!
[2026-04-12T19:39:24.677+0000] {subprocess.py:106} INFO - 26/04/12 19:39:24 INFO SparkContext: Successfully stopped SparkContext
[2026-04-12T19:39:24.678+0000] {subprocess.py:106} INFO - 26/04/12 19:39:24 INFO ShutdownHookManager: Shutdown hook called
[2026-04-12T19:39:24.679+0000] {subprocess.py:106} INFO - 26/04/12 19:39:24 INFO ShutdownHookManager: Deleting directory /tmp/spark-2e9f549f-0df4-4ba5-9f4d-8ff96934597f
[2026-04-12T19:39:24.681+0000] {subprocess.py:106} INFO - 26/04/12 19:39:24 INFO ShutdownHookManager: Deleting directory /tmp/spark-86e3bea7-a3ab-4127-9264-a7d1ad86fb68/pyspark-506cba90-070b-40d5-8d93-893e8b7e4db6
[2026-04-12T19:39:24.684+0000] {subprocess.py:106} INFO - 26/04/12 19:39:24 INFO ShutdownHookManager: Deleting directory /tmp/spark-86e3bea7-a3ab-4127-9264-a7d1ad86fb68
[2026-04-12T19:39:24.689+0000] {subprocess.py:106} INFO - 26/04/12 19:39:24 INFO MetricsSystemImpl: Stopping s3a-file-system metrics system...
[2026-04-12T19:39:24.690+0000] {subprocess.py:106} INFO - 26/04/12 19:39:24 INFO MetricsSystemImpl: s3a-file-system metrics system stopped.
[2026-04-12T19:39:24.690+0000] {subprocess.py:106} INFO - 26/04/12 19:39:24 INFO MetricsSystemImpl: s3a-file-system metrics system shutdown complete.
[2026-04-12T19:39:25.039+0000] {subprocess.py:110} INFO - Command exited with return code 1
[2026-04-12T19:39:25.054+0000] {taskinstance.py:3311} ERROR - Task failed with exception
Traceback (most recent call last):
  File "/home/airflow/.local/lib/python3.12/site-packages/airflow/models/taskinstance.py", line 762, in _execute_task
    result = _execute_callable(context=context, **execute_callable_kwargs)
             ^^^^^^^^^^^^^^^^^^^^^^^^^^^^^^^^^^^^^^^^^^^^^^^^^^^^^^^^^^^^^
  File "/home/airflow/.local/lib/python3.12/site-packages/airflow/models/taskinstance.py", line 733, in _execute_callable
    return ExecutionCallableRunner(
           ^^^^^^^^^^^^^^^^^^^^^^^^
  File "/home/airflow/.local/lib/python3.12/site-packages/airflow/utils/operator_helpers.py", line 252, in run
    return self.func(*args, **kwargs)
           ^^^^^^^^^^^^^^^^^^^^^^^^^^
  File "/home/airflow/.local/lib/python3.12/site-packages/airflow/models/baseoperator.py", line 417, in wrapper
    return func(self, *args, **kwargs)
           ^^^^^^^^^^^^^^^^^^^^^^^^^^^
  File "/home/airflow/.local/lib/python3.12/site-packages/airflow/operators/bash.py", line 276, in execute
    raise AirflowException(
airflow.exceptions.AirflowException: Bash command failed. The command returned a non-zero exit code 1.
[2026-04-12T19:39:25.060+0000] {taskinstance.py:1225} INFO - Marking task as FAILED. dag_id=stackoverflow_pipeline, task_id=gold_agg, run_id=manual__2026-04-12T19:32:53+00:00, execution_date=20260412T193253, start_date=20260412T193912, end_date=20260412T193925
[2026-04-12T19:39:25.081+0000] {taskinstance.py:340} INFO - ::group::Post task execution logs
[2026-04-12T19:39:25.083+0000] {standard_task_runner.py:124} ERROR - Failed to execute job 33 for task gold_agg (Bash command failed. The command returned a non-zero exit code 1.; 7143)
Traceback (most recent call last):
  File "/home/airflow/.local/lib/python3.12/site-packages/airflow/task/task_runner/standard_task_runner.py", line 117, in _start_by_fork
    ret = args.func(args, dag=self.dag)
          ^^^^^^^^^^^^^^^^^^^^^^^^^^^^^
  File "/home/airflow/.local/lib/python3.12/site-packages/airflow/cli/cli_config.py", line 49, in command
    return func(*args, **kwargs)
           ^^^^^^^^^^^^^^^^^^^^^
  File "/home/airflow/.local/lib/python3.12/site-packages/airflow/utils/cli.py", line 116, in wrapper
    return f(*args, **kwargs)
           ^^^^^^^^^^^^^^^^^^
  File "/home/airflow/.local/lib/python3.12/site-packages/airflow/cli/commands/task_command.py", line 483, in task_run
    task_return_code = _run_task_by_selected_method(args, _dag, ti)
                       ^^^^^^^^^^^^^^^^^^^^^^^^^^^^^^^^^^^^^^^^^^^^
  File "/home/airflow/.local/lib/python3.12/site-packages/airflow/cli/commands/task_command.py", line 256, in _run_task_by_selected_method
    return _run_raw_task(args, ti)
           ^^^^^^^^^^^^^^^^^^^^^^^
  File "/home/airflow/.local/lib/python3.12/site-packages/airflow/cli/commands/task_command.py", line 341, in _run_raw_task
    return ti._run_raw_task(
           ^^^^^^^^^^^^^^^^^
  File "/home/airflow/.local/lib/python3.12/site-packages/airflow/utils/session.py", line 97, in wrapper
    return func(*args, session=session, **kwargs)
           ^^^^^^^^^^^^^^^^^^^^^^^^^^^^^^^^^^^^^^
  File "/home/airflow/.local/lib/python3.12/site-packages/airflow/models/taskinstance.py", line 3005, in _run_raw_task
    return _run_raw_task(
           ^^^^^^^^^^^^^^
  File "/home/airflow/.local/lib/python3.12/site-packages/airflow/models/taskinstance.py", line 273, in _run_raw_task
    TaskInstance._execute_task_with_callbacks(
  File "/home/airflow/.local/lib/python3.12/site-packages/airflow/models/taskinstance.py", line 3159, in _execute_task_with_callbacks
    result = self._execute_task(context, task_orig)
             ^^^^^^^^^^^^^^^^^^^^^^^^^^^^^^^^^^^^^^
  File "/home/airflow/.local/lib/python3.12/site-packages/airflow/models/taskinstance.py", line 3183, in _execute_task
    return _execute_task(self, context, task_orig)
           ^^^^^^^^^^^^^^^^^^^^^^^^^^^^^^^^^^^^^^^
  File "/home/airflow/.local/lib/python3.12/site-packages/airflow/models/taskinstance.py", line 762, in _execute_task
    result = _execute_callable(context=context, **execute_callable_kwargs)
             ^^^^^^^^^^^^^^^^^^^^^^^^^^^^^^^^^^^^^^^^^^^^^^^^^^^^^^^^^^^^^
  File "/home/airflow/.local/lib/python3.12/site-packages/airflow/models/taskinstance.py", line 733, in _execute_callable
    return ExecutionCallableRunner(
           ^^^^^^^^^^^^^^^^^^^^^^^^
  File "/home/airflow/.local/lib/python3.12/site-packages/airflow/utils/operator_helpers.py", line 252, in run
    return self.func(*args, **kwargs)
           ^^^^^^^^^^^^^^^^^^^^^^^^^^
  File "/home/airflow/.local/lib/python3.12/site-packages/airflow/models/baseoperator.py", line 417, in wrapper
    return func(self, *args, **kwargs)
           ^^^^^^^^^^^^^^^^^^^^^^^^^^^
  File "/home/airflow/.local/lib/python3.12/site-packages/airflow/operators/bash.py", line 276, in execute
    raise AirflowException(
airflow.exceptions.AirflowException: Bash command failed. The command returned a non-zero exit code 1.
[2026-04-12T19:39:25.114+0000] {local_task_job_runner.py:266} INFO - Task exited with return code 1
[2026-04-12T19:39:25.133+0000] {taskinstance.py:3895} INFO - 0 downstream tasks scheduled from follow-on schedule check
[2026-04-12T19:39:25.137+0000] {local_task_job_runner.py:245} INFO - ::endgroup::
