[2026-04-12T19:09:50.007+0000] {local_task_job_runner.py:123} INFO - ::group::Pre task execution logs
[2026-04-12T19:09:50.022+0000] {taskinstance.py:2613} INFO - Dependencies all met for dep_context=non-requeueable deps ti=<TaskInstance: stackoverflow_pipeline.silver_transform manual__2026-04-12T19:09:41+00:00 [queued]>
[2026-04-12T19:09:50.031+0000] {taskinstance.py:2613} INFO - Dependencies all met for dep_context=requeueable deps ti=<TaskInstance: stackoverflow_pipeline.silver_transform manual__2026-04-12T19:09:41+00:00 [queued]>
[2026-04-12T19:09:50.032+0000] {taskinstance.py:2866} INFO - Starting attempt 1 of 2
[2026-04-12T19:09:50.044+0000] {taskinstance.py:2889} INFO - Executing <Task(BashOperator): silver_transform> on 2026-04-12 19:09:41+00:00
[2026-04-12T19:09:50.050+0000] {warnings.py:112} WARNING - /home/***/.local/lib/python3.12/site-packages/***/task/task_runner/standard_task_runner.py:70: DeprecationWarning: This process (pid=445) is multi-threaded, use of fork() may lead to deadlocks in the child.
  pid = os.fork()

[2026-04-12T19:09:50.052+0000] {standard_task_runner.py:72} INFO - Started process 446 to run task
[2026-04-12T19:09:50.052+0000] {standard_task_runner.py:104} INFO - Running: ['***', 'tasks', 'run', 'stackoverflow_pipeline', 'silver_transform', 'manual__2026-04-12T19:09:41+00:00', '--job-id', '11', '--raw', '--subdir', 'DAGS_FOLDER/stackoverflow_pipeline.py', '--cfg-path', '/tmp/tmpg1crdh3p']
[2026-04-12T19:09:50.053+0000] {standard_task_runner.py:105} INFO - Job 11: Subtask silver_transform
[2026-04-12T19:09:50.098+0000] {task_command.py:467} INFO - Running <TaskInstance: stackoverflow_pipeline.silver_transform manual__2026-04-12T19:09:41+00:00 [running]> on host b4737cc55adb
[2026-04-12T19:09:50.166+0000] {taskinstance.py:3132} INFO - Exporting env vars: AIRFLOW_CTX_DAG_OWNER='fhbd-grupo' AIRFLOW_CTX_DAG_ID='stackoverflow_pipeline' AIRFLOW_CTX_TASK_ID='silver_transform' AIRFLOW_CTX_EXECUTION_DATE='2026-04-12T19:09:41+00:00' AIRFLOW_CTX_TRY_NUMBER='1' AIRFLOW_CTX_DAG_RUN_ID='manual__2026-04-12T19:09:41+00:00'
[2026-04-12T19:09:50.167+0000] {taskinstance.py:731} INFO - ::endgroup::
[2026-04-12T19:09:50.181+0000] {subprocess.py:78} INFO - Tmp dir root location: /tmp
[2026-04-12T19:09:50.182+0000] {subprocess.py:88} INFO - Running command: ['/usr/bin/bash', '-c', '/opt/spark/bin/spark-submit --master spark://spark-master:7077 --conf spark.submit.deployMode=client --conf spark.driver.bindAddress=0.0.0.0 --conf spark.executor.instances=1 --conf spark.executor.cores=2 --conf spark.executor.memory=2g --conf spark.driver.memory=1g --conf spark.sql.extensions=org.apache.iceberg.spark.extensions.IcebergSparkSessionExtensions,org.projectnessie.spark.extensions.NessieSparkSessionExtensions --conf spark.sql.catalog.nessie=org.apache.iceberg.spark.SparkCatalog --conf spark.sql.catalog.nessie.catalog-impl=org.apache.iceberg.nessie.NessieCatalog --conf spark.sql.catalog.nessie.uri=http://proyecto2-nessie:19120/api/v1 --conf spark.sql.catalog.nessie.ref=main --conf spark.sql.catalog.nessie.authentication.type=NONE --conf spark.sql.catalog.nessie.warehouse=s3a://iceberg/ --conf spark.hadoop.fs.s3a.endpoint=http://proyecto2-minio:9000 --conf spark.hadoop.fs.s3a.access.key=minioadmin --conf spark.hadoop.fs.s3a.secret.key=minioadmin123 --conf spark.hadoop.fs.s3a.path.style.access=true --conf spark.hadoop.fs.s3a.impl=org.apache.hadoop.fs.s3a.S3AFileSystem --conf spark.hadoop.fs.s3a.aws.credentials.provider=org.apache.hadoop.fs.s3a.SimpleAWSCredentialsProvider --conf spark.hadoop.fs.s3a.connection.ssl.enabled=false --packages org.apache.iceberg:iceberg-spark-runtime-3.5_2.12:1.6.1,org.projectnessie.nessie-integrations:nessie-spark-extensions-3.5_2.12:0.95.0,org.apache.hadoop:hadoop-aws:3.3.4,com.amazonaws:aws-java-sdk-bundle:1.12.262 --name silver_users_hist --verbose /opt/***/scripts/silver_transform.py']
[2026-04-12T19:09:50.193+0000] {subprocess.py:99} INFO - Output:
[2026-04-12T19:09:50.200+0000] {subprocess.py:106} INFO - /opt/spark/bin/load-spark-env.sh: line 68: ps: command not found
[2026-04-12T19:09:51.244+0000] {subprocess.py:106} INFO - Using properties file: null
[2026-04-12T19:09:51.337+0000] {subprocess.py:106} INFO - Parsed arguments:
[2026-04-12T19:09:51.341+0000] {subprocess.py:106} INFO -   master                  spark://spark-master:7077
[2026-04-12T19:09:51.342+0000] {subprocess.py:106} INFO -   remote                  null
[2026-04-12T19:09:51.343+0000] {subprocess.py:106} INFO -   deployMode              client
[2026-04-12T19:09:51.344+0000] {subprocess.py:106} INFO -   executorMemory          2g
[2026-04-12T19:09:51.345+0000] {subprocess.py:106} INFO -   executorCores           2
[2026-04-12T19:09:51.345+0000] {subprocess.py:106} INFO -   totalExecutorCores      null
[2026-04-12T19:09:51.346+0000] {subprocess.py:106} INFO -   propertiesFile          null
[2026-04-12T19:09:51.346+0000] {subprocess.py:106} INFO -   driverMemory            1g
[2026-04-12T19:09:51.347+0000] {subprocess.py:106} INFO -   driverCores             null
[2026-04-12T19:09:51.347+0000] {subprocess.py:106} INFO -   driverExtraClassPath    null
[2026-04-12T19:09:51.347+0000] {subprocess.py:106} INFO -   driverExtraLibraryPath  null
[2026-04-12T19:09:51.348+0000] {subprocess.py:106} INFO -   driverExtraJavaOptions  null
[2026-04-12T19:09:51.348+0000] {subprocess.py:106} INFO -   supervise               false
[2026-04-12T19:09:51.348+0000] {subprocess.py:106} INFO -   queue                   null
[2026-04-12T19:09:51.349+0000] {subprocess.py:106} INFO -   numExecutors            1
[2026-04-12T19:09:51.349+0000] {subprocess.py:106} INFO -   files                   null
[2026-04-12T19:09:51.349+0000] {subprocess.py:106} INFO -   pyFiles                 null
[2026-04-12T19:09:51.350+0000] {subprocess.py:106} INFO -   archives                null
[2026-04-12T19:09:51.350+0000] {subprocess.py:106} INFO -   mainClass               null
[2026-04-12T19:09:51.351+0000] {subprocess.py:106} INFO -   primaryResource         file:/opt/***/scripts/silver_transform.py
[2026-04-12T19:09:51.352+0000] {subprocess.py:106} INFO -   name                    silver_users_hist
[2026-04-12T19:09:51.352+0000] {subprocess.py:106} INFO -   childArgs               []
[2026-04-12T19:09:51.353+0000] {subprocess.py:106} INFO -   jars                    null
[2026-04-12T19:09:51.354+0000] {subprocess.py:106} INFO -   packages                org.apache.iceberg:iceberg-spark-runtime-3.5_2.12:1.6.1,org.projectnessie.nessie-integrations:nessie-spark-extensions-3.5_2.12:0.95.0,org.apache.hadoop:hadoop-aws:3.3.4,com.amazonaws:aws-java-sdk-bundle:1.12.262
[2026-04-12T19:09:51.355+0000] {subprocess.py:106} INFO -   packagesExclusions      null
[2026-04-12T19:09:51.355+0000] {subprocess.py:106} INFO -   repositories            null
[2026-04-12T19:09:51.355+0000] {subprocess.py:106} INFO -   verbose                 true
[2026-04-12T19:09:51.356+0000] {subprocess.py:106} INFO - 
[2026-04-12T19:09:51.356+0000] {subprocess.py:106} INFO - Spark properties used, including those specified through
[2026-04-12T19:09:51.357+0000] {subprocess.py:106} INFO -  --conf and those from the properties file null:
[2026-04-12T19:09:51.358+0000] {subprocess.py:106} INFO -   (spark.driver.bindAddress,0.0.0.0)
[2026-04-12T19:09:51.358+0000] {subprocess.py:106} INFO -   (spark.driver.memory,1g)
[2026-04-12T19:09:51.359+0000] {subprocess.py:106} INFO -   (spark.executor.cores,2)
[2026-04-12T19:09:51.359+0000] {subprocess.py:106} INFO -   (spark.executor.instances,1)
[2026-04-12T19:09:51.360+0000] {subprocess.py:106} INFO -   (spark.executor.memory,2g)
[2026-04-12T19:09:51.360+0000] {subprocess.py:106} INFO -   (spark.hadoop.fs.s3a.access.key,*********(redacted))
[2026-04-12T19:09:51.361+0000] {subprocess.py:106} INFO -   (spark.hadoop.fs.s3a.aws.credentials.provider,org.apache.hadoop.fs.s3a.SimpleAWSCredentialsProvider)
[2026-04-12T19:09:51.361+0000] {subprocess.py:106} INFO -   (spark.hadoop.fs.s3a.connection.ssl.enabled,false)
[2026-04-12T19:09:51.362+0000] {subprocess.py:106} INFO -   (spark.hadoop.fs.s3a.endpoint,http://proyecto2-minio:9000)
[2026-04-12T19:09:51.363+0000] {subprocess.py:106} INFO -   (spark.hadoop.fs.s3a.impl,org.apache.hadoop.fs.s3a.S3AFileSystem)
[2026-04-12T19:09:51.364+0000] {subprocess.py:106} INFO -   (spark.hadoop.fs.s3a.path.style.access,true)
[2026-04-12T19:09:51.365+0000] {subprocess.py:106} INFO -   (spark.hadoop.fs.s3a.secret.key,*********(redacted))
[2026-04-12T19:09:51.365+0000] {subprocess.py:106} INFO -   (spark.sql.catalog.nessie,org.apache.iceberg.spark.SparkCatalog)
[2026-04-12T19:09:51.366+0000] {subprocess.py:106} INFO -   (spark.sql.catalog.nessie.authentication.type,NONE)
[2026-04-12T19:09:51.367+0000] {subprocess.py:106} INFO -   (spark.sql.catalog.nessie.catalog-impl,org.apache.iceberg.nessie.NessieCatalog)
[2026-04-12T19:09:51.367+0000] {subprocess.py:106} INFO -   (spark.sql.catalog.nessie.ref,main)
[2026-04-12T19:09:51.368+0000] {subprocess.py:106} INFO -   (spark.sql.catalog.nessie.uri,http://proyecto2-nessie:19120/api/v1)
[2026-04-12T19:09:51.369+0000] {subprocess.py:106} INFO -   (spark.sql.catalog.nessie.warehouse,s3a://iceberg/)
[2026-04-12T19:09:51.369+0000] {subprocess.py:106} INFO -   (spark.sql.extensions,org.apache.iceberg.spark.extensions.IcebergSparkSessionExtensions,org.projectnessie.spark.extensions.NessieSparkSessionExtensions)
[2026-04-12T19:09:51.370+0000] {subprocess.py:106} INFO -   (spark.submit.deployMode,client)
[2026-04-12T19:09:51.371+0000] {subprocess.py:106} INFO - 
[2026-04-12T19:09:51.372+0000] {subprocess.py:106} INFO - 
[2026-04-12T19:09:51.459+0000] {subprocess.py:106} INFO - :: loading settings :: url = jar:file:/opt/spark/jars/ivy-2.5.1.jar!/org/apache/ivy/core/settings/ivysettings.xml
[2026-04-12T19:09:51.548+0000] {subprocess.py:106} INFO - Ivy Default Cache set to: /home/***/.ivy2/cache
[2026-04-12T19:09:51.549+0000] {subprocess.py:106} INFO - The jars for the packages stored in: /home/***/.ivy2/jars
[2026-04-12T19:09:51.553+0000] {subprocess.py:106} INFO - org.apache.iceberg#iceberg-spark-runtime-3.5_2.12 added as a dependency
[2026-04-12T19:09:51.554+0000] {subprocess.py:106} INFO - org.projectnessie.nessie-integrations#nessie-spark-extensions-3.5_2.12 added as a dependency
[2026-04-12T19:09:51.555+0000] {subprocess.py:106} INFO - org.apache.hadoop#hadoop-aws added as a dependency
[2026-04-12T19:09:51.556+0000] {subprocess.py:106} INFO - com.amazonaws#aws-java-sdk-bundle added as a dependency
[2026-04-12T19:09:51.557+0000] {subprocess.py:106} INFO - :: resolving dependencies :: org.apache.spark#spark-submit-parent-5116badb-003e-445c-b98c-420a889481f1;1.0
[2026-04-12T19:09:51.558+0000] {subprocess.py:106} INFO - 	confs: [default]
[2026-04-12T19:09:51.681+0000] {subprocess.py:106} INFO - 	found org.apache.iceberg#iceberg-spark-runtime-3.5_2.12;1.6.1 in central
[2026-04-12T19:09:51.700+0000] {subprocess.py:106} INFO - 	found org.projectnessie.nessie-integrations#nessie-spark-extensions-3.5_2.12;0.95.0 in central
[2026-04-12T19:09:54.963+0000] {subprocess.py:106} INFO - 	found org.apache.hadoop#hadoop-aws;3.3.4 in central
[2026-04-12T19:09:54.982+0000] {subprocess.py:106} INFO - 	found com.amazonaws#aws-java-sdk-bundle;1.12.262 in central
[2026-04-12T19:09:56.579+0000] {subprocess.py:106} INFO - 	found org.wildfly.openssl#wildfly-openssl;1.0.7.Final in central
[2026-04-12T19:09:56.631+0000] {subprocess.py:106} INFO - downloading https://repo1.maven.org/maven2/org/apache/iceberg/iceberg-spark-runtime-3.5_2.12/1.6.1/iceberg-spark-runtime-3.5_2.12-1.6.1.jar ...
[2026-04-12T19:09:58.207+0000] {subprocess.py:106} INFO - 	[SUCCESSFUL ] org.apache.iceberg#iceberg-spark-runtime-3.5_2.12;1.6.1!iceberg-spark-runtime-3.5_2.12.jar (1616ms)
[2026-04-12T19:09:58.257+0000] {subprocess.py:106} INFO - downloading https://repo1.maven.org/maven2/org/projectnessie/nessie-integrations/nessie-spark-extensions-3.5_2.12/0.95.0/nessie-spark-extensions-3.5_2.12-0.95.0.jar ...
[2026-04-12T19:09:58.379+0000] {subprocess.py:106} INFO - 	[SUCCESSFUL ] org.projectnessie.nessie-integrations#nessie-spark-extensions-3.5_2.12;0.95.0!nessie-spark-extensions-3.5_2.12.jar (170ms)
[2026-04-12T19:09:58.418+0000] {subprocess.py:106} INFO - downloading https://repo1.maven.org/maven2/org/apache/hadoop/hadoop-aws/3.3.4/hadoop-aws-3.3.4.jar ...
[2026-04-12T19:09:58.494+0000] {subprocess.py:106} INFO - 	[SUCCESSFUL ] org.apache.hadoop#hadoop-aws;3.3.4!hadoop-aws.jar (114ms)
[2026-04-12T19:09:58.534+0000] {subprocess.py:106} INFO - downloading https://repo1.maven.org/maven2/com/amazonaws/aws-java-sdk-bundle/1.12.262/aws-java-sdk-bundle-1.12.262.jar ...
[2026-04-12T19:10:07.030+0000] {subprocess.py:106} INFO - 	[SUCCESSFUL ] com.amazonaws#aws-java-sdk-bundle;1.12.262!aws-java-sdk-bundle.jar (8534ms)
[2026-04-12T19:10:07.243+0000] {subprocess.py:106} INFO - downloading https://repo1.maven.org/maven2/org/wildfly/openssl/wildfly-openssl/1.0.7.Final/wildfly-openssl-1.0.7.Final.jar ...
[2026-04-12T19:10:07.299+0000] {subprocess.py:106} INFO - 	[SUCCESSFUL ] org.wildfly.openssl#wildfly-openssl;1.0.7.Final!wildfly-openssl.jar (261ms)
[2026-04-12T19:10:07.301+0000] {subprocess.py:106} INFO - :: resolution report :: resolve 5034ms :: artifacts dl 10710ms
[2026-04-12T19:10:07.302+0000] {subprocess.py:106} INFO - 	:: modules in use:
[2026-04-12T19:10:07.303+0000] {subprocess.py:106} INFO - 	com.amazonaws#aws-java-sdk-bundle;1.12.262 from central in [default]
[2026-04-12T19:10:07.304+0000] {subprocess.py:106} INFO - 	org.apache.hadoop#hadoop-aws;3.3.4 from central in [default]
[2026-04-12T19:10:07.305+0000] {subprocess.py:106} INFO - 	org.apache.iceberg#iceberg-spark-runtime-3.5_2.12;1.6.1 from central in [default]
[2026-04-12T19:10:07.306+0000] {subprocess.py:106} INFO - 	org.projectnessie.nessie-integrations#nessie-spark-extensions-3.5_2.12;0.95.0 from central in [default]
[2026-04-12T19:10:07.307+0000] {subprocess.py:106} INFO - 	org.wildfly.openssl#wildfly-openssl;1.0.7.Final from central in [default]
[2026-04-12T19:10:07.307+0000] {subprocess.py:106} INFO - 	---------------------------------------------------------------------
[2026-04-12T19:10:07.308+0000] {subprocess.py:106} INFO - 	|                  |            modules            ||   artifacts   |
[2026-04-12T19:10:07.308+0000] {subprocess.py:106} INFO - 	|       conf       | number| search|dwnlded|evicted|| number|dwnlded|
[2026-04-12T19:10:07.309+0000] {subprocess.py:106} INFO - 	---------------------------------------------------------------------
[2026-04-12T19:10:07.309+0000] {subprocess.py:106} INFO - 	|      default     |   5   |   2   |   2   |   0   ||   5   |   5   |
[2026-04-12T19:10:07.310+0000] {subprocess.py:106} INFO - 	---------------------------------------------------------------------
[2026-04-12T19:10:07.310+0000] {subprocess.py:106} INFO - :: retrieving :: org.apache.spark#spark-submit-parent-5116badb-003e-445c-b98c-420a889481f1
[2026-04-12T19:10:07.311+0000] {subprocess.py:106} INFO - 	confs: [default]
[2026-04-12T19:10:07.603+0000] {subprocess.py:106} INFO - 	5 artifacts copied, 0 already retrieved (318749kB/296ms)
[2026-04-12T19:10:07.957+0000] {subprocess.py:106} INFO - 26/04/12 19:10:07 WARN NativeCodeLoader: Unable to load native-hadoop library for your platform... using builtin-java classes where applicable
[2026-04-12T19:10:08.307+0000] {subprocess.py:106} INFO - Main class:
[2026-04-12T19:10:08.309+0000] {subprocess.py:106} INFO - org.apache.spark.deploy.PythonRunner
[2026-04-12T19:10:08.310+0000] {subprocess.py:106} INFO - Arguments:
[2026-04-12T19:10:08.310+0000] {subprocess.py:106} INFO - file:/opt/***/scripts/silver_transform.py
[2026-04-12T19:10:08.311+0000] {subprocess.py:106} INFO - file:///home/***/.ivy2/jars/org.apache.iceberg_iceberg-spark-runtime-3.5_2.12-1.6.1.jar,file:///home/***/.ivy2/jars/org.projectnessie.nessie-integrations_nessie-spark-extensions-3.5_2.12-0.95.0.jar,file:///home/***/.ivy2/jars/org.apache.hadoop_hadoop-aws-3.3.4.jar,file:///home/***/.ivy2/jars/com.amazonaws_aws-java-sdk-bundle-1.12.262.jar,file:///home/***/.ivy2/jars/org.wildfly.openssl_wildfly-openssl-1.0.7.Final.jar
[2026-04-12T19:10:08.312+0000] {subprocess.py:106} INFO - Spark config:
[2026-04-12T19:10:08.313+0000] {subprocess.py:106} INFO - (spark.app.name,silver_users_hist)
[2026-04-12T19:10:08.313+0000] {subprocess.py:106} INFO - (spark.app.submitTime,1776021008292)
[2026-04-12T19:10:08.314+0000] {subprocess.py:106} INFO - (spark.driver.bindAddress,0.0.0.0)
[2026-04-12T19:10:08.315+0000] {subprocess.py:106} INFO - (spark.driver.memory,1g)
[2026-04-12T19:10:08.315+0000] {subprocess.py:106} INFO - (spark.executor.cores,2)
[2026-04-12T19:10:08.316+0000] {subprocess.py:106} INFO - (spark.executor.instances,1)
[2026-04-12T19:10:08.317+0000] {subprocess.py:106} INFO - (spark.executor.memory,2g)
[2026-04-12T19:10:08.318+0000] {subprocess.py:106} INFO - (spark.files,file:///home/***/.ivy2/jars/org.apache.iceberg_iceberg-spark-runtime-3.5_2.12-1.6.1.jar,file:///home/***/.ivy2/jars/org.projectnessie.nessie-integrations_nessie-spark-extensions-3.5_2.12-0.95.0.jar,file:///home/***/.ivy2/jars/org.apache.hadoop_hadoop-aws-3.3.4.jar,file:///home/***/.ivy2/jars/com.amazonaws_aws-java-sdk-bundle-1.12.262.jar,file:///home/***/.ivy2/jars/org.wildfly.openssl_wildfly-openssl-1.0.7.Final.jar)
[2026-04-12T19:10:08.319+0000] {subprocess.py:106} INFO - (spark.hadoop.fs.s3a.access.key,*********(redacted))
[2026-04-12T19:10:08.319+0000] {subprocess.py:106} INFO - (spark.hadoop.fs.s3a.aws.credentials.provider,org.apache.hadoop.fs.s3a.SimpleAWSCredentialsProvider)
[2026-04-12T19:10:08.320+0000] {subprocess.py:106} INFO - (spark.hadoop.fs.s3a.connection.ssl.enabled,false)
[2026-04-12T19:10:08.321+0000] {subprocess.py:106} INFO - (spark.hadoop.fs.s3a.endpoint,http://proyecto2-minio:9000)
[2026-04-12T19:10:08.322+0000] {subprocess.py:106} INFO - (spark.hadoop.fs.s3a.impl,org.apache.hadoop.fs.s3a.S3AFileSystem)
[2026-04-12T19:10:08.323+0000] {subprocess.py:106} INFO - (spark.hadoop.fs.s3a.path.style.access,true)
[2026-04-12T19:10:08.325+0000] {subprocess.py:106} INFO - (spark.hadoop.fs.s3a.secret.key,*********(redacted))
[2026-04-12T19:10:08.325+0000] {subprocess.py:106} INFO - (spark.jars,file:///home/***/.ivy2/jars/org.apache.iceberg_iceberg-spark-runtime-3.5_2.12-1.6.1.jar,file:///home/***/.ivy2/jars/org.projectnessie.nessie-integrations_nessie-spark-extensions-3.5_2.12-0.95.0.jar,file:///home/***/.ivy2/jars/org.apache.hadoop_hadoop-aws-3.3.4.jar,file:///home/***/.ivy2/jars/com.amazonaws_aws-java-sdk-bundle-1.12.262.jar,file:///home/***/.ivy2/jars/org.wildfly.openssl_wildfly-openssl-1.0.7.Final.jar)
[2026-04-12T19:10:08.327+0000] {subprocess.py:106} INFO - (spark.master,spark://spark-master:7077)
[2026-04-12T19:10:08.327+0000] {subprocess.py:106} INFO - (spark.repl.local.jars,file:///home/***/.ivy2/jars/org.apache.iceberg_iceberg-spark-runtime-3.5_2.12-1.6.1.jar,file:///home/***/.ivy2/jars/org.projectnessie.nessie-integrations_nessie-spark-extensions-3.5_2.12-0.95.0.jar,file:///home/***/.ivy2/jars/org.apache.hadoop_hadoop-aws-3.3.4.jar,file:///home/***/.ivy2/jars/com.amazonaws_aws-java-sdk-bundle-1.12.262.jar,file:///home/***/.ivy2/jars/org.wildfly.openssl_wildfly-openssl-1.0.7.Final.jar)
[2026-04-12T19:10:08.328+0000] {subprocess.py:106} INFO - (spark.sql.catalog.nessie,org.apache.iceberg.spark.SparkCatalog)
[2026-04-12T19:10:08.329+0000] {subprocess.py:106} INFO - (spark.sql.catalog.nessie.authentication.type,NONE)
[2026-04-12T19:10:08.330+0000] {subprocess.py:106} INFO - (spark.sql.catalog.nessie.catalog-impl,org.apache.iceberg.nessie.NessieCatalog)
[2026-04-12T19:10:08.330+0000] {subprocess.py:106} INFO - (spark.sql.catalog.nessie.ref,main)
[2026-04-12T19:10:08.331+0000] {subprocess.py:106} INFO - (spark.sql.catalog.nessie.uri,http://proyecto2-nessie:19120/api/v1)
[2026-04-12T19:10:08.332+0000] {subprocess.py:106} INFO - (spark.sql.catalog.nessie.warehouse,s3a://iceberg/)
[2026-04-12T19:10:08.332+0000] {subprocess.py:106} INFO - (spark.sql.extensions,org.apache.iceberg.spark.extensions.IcebergSparkSessionExtensions,org.projectnessie.spark.extensions.NessieSparkSessionExtensions)
[2026-04-12T19:10:08.333+0000] {subprocess.py:106} INFO - (spark.submit.deployMode,client)
[2026-04-12T19:10:08.334+0000] {subprocess.py:106} INFO - (spark.submit.pyFiles,/home/***/.ivy2/jars/org.apache.iceberg_iceberg-spark-runtime-3.5_2.12-1.6.1.jar,/home/***/.ivy2/jars/org.projectnessie.nessie-integrations_nessie-spark-extensions-3.5_2.12-0.95.0.jar,/home/***/.ivy2/jars/org.apache.hadoop_hadoop-aws-3.3.4.jar,/home/***/.ivy2/jars/com.amazonaws_aws-java-sdk-bundle-1.12.262.jar,/home/***/.ivy2/jars/org.wildfly.openssl_wildfly-openssl-1.0.7.Final.jar)
[2026-04-12T19:10:08.335+0000] {subprocess.py:106} INFO - Classpath elements:
[2026-04-12T19:10:08.335+0000] {subprocess.py:106} INFO - file:///home/***/.ivy2/jars/org.apache.iceberg_iceberg-spark-runtime-3.5_2.12-1.6.1.jar
[2026-04-12T19:10:08.336+0000] {subprocess.py:106} INFO - file:///home/***/.ivy2/jars/org.projectnessie.nessie-integrations_nessie-spark-extensions-3.5_2.12-0.95.0.jar
[2026-04-12T19:10:08.337+0000] {subprocess.py:106} INFO - file:///home/***/.ivy2/jars/org.apache.hadoop_hadoop-aws-3.3.4.jar
[2026-04-12T19:10:08.338+0000] {subprocess.py:106} INFO - file:///home/***/.ivy2/jars/com.amazonaws_aws-java-sdk-bundle-1.12.262.jar
[2026-04-12T19:10:08.339+0000] {subprocess.py:106} INFO - file:///home/***/.ivy2/jars/org.wildfly.openssl_wildfly-openssl-1.0.7.Final.jar
[2026-04-12T19:10:08.339+0000] {subprocess.py:106} INFO - 
[2026-04-12T19:10:08.340+0000] {subprocess.py:106} INFO - 
[2026-04-12T19:10:09.013+0000] {subprocess.py:106} INFO - 2026-04-12 19:10:09,012 INFO ============================================================
[2026-04-12T19:10:09.014+0000] {subprocess.py:106} INFO - 2026-04-12 19:10:09,013 INFO SILVER TRANSFORM — users_hist
[2026-04-12T19:10:09.014+0000] {subprocess.py:106} INFO - 2026-04-12 19:10:09,013 INFO ============================================================
[2026-04-12T19:10:09.205+0000] {subprocess.py:106} INFO - 26/04/12 19:10:09 INFO SparkContext: Running Spark version 3.5.5
[2026-04-12T19:10:09.208+0000] {subprocess.py:106} INFO - 26/04/12 19:10:09 INFO SparkContext: OS info Linux, 6.6.87.2-microsoft-standard-WSL2, amd64
[2026-04-12T19:10:09.209+0000] {subprocess.py:106} INFO - 26/04/12 19:10:09 INFO SparkContext: Java version 17.0.18
[2026-04-12T19:10:09.244+0000] {subprocess.py:106} INFO - 26/04/12 19:10:09 INFO ResourceUtils: ==============================================================
[2026-04-12T19:10:09.245+0000] {subprocess.py:106} INFO - 26/04/12 19:10:09 INFO ResourceUtils: No custom resources configured for spark.driver.
[2026-04-12T19:10:09.245+0000] {subprocess.py:106} INFO - 26/04/12 19:10:09 INFO ResourceUtils: ==============================================================
[2026-04-12T19:10:09.246+0000] {subprocess.py:106} INFO - 26/04/12 19:10:09 INFO SparkContext: Submitted application: silver_users_hist
[2026-04-12T19:10:09.280+0000] {subprocess.py:106} INFO - 26/04/12 19:10:09 INFO ResourceProfile: Default ResourceProfile created, executor resources: Map(cores -> name: cores, amount: 2, script: , vendor: , memory -> name: memory, amount: 2048, script: , vendor: , offHeap -> name: offHeap, amount: 0, script: , vendor: ), task resources: Map(cpus -> name: cpus, amount: 1.0)
[2026-04-12T19:10:09.291+0000] {subprocess.py:106} INFO - 26/04/12 19:10:09 INFO ResourceProfile: Limiting resource is cpus at 2 tasks per executor
[2026-04-12T19:10:09.295+0000] {subprocess.py:106} INFO - 26/04/12 19:10:09 INFO ResourceProfileManager: Added ResourceProfile id: 0
[2026-04-12T19:10:09.411+0000] {subprocess.py:106} INFO - 26/04/12 19:10:09 INFO SecurityManager: Changing view acls to: ***
[2026-04-12T19:10:09.418+0000] {subprocess.py:106} INFO - 26/04/12 19:10:09 INFO SecurityManager: Changing modify acls to: ***
[2026-04-12T19:10:09.420+0000] {subprocess.py:106} INFO - 26/04/12 19:10:09 INFO SecurityManager: Changing view acls groups to:
[2026-04-12T19:10:09.421+0000] {subprocess.py:106} INFO - 26/04/12 19:10:09 INFO SecurityManager: Changing modify acls groups to:
[2026-04-12T19:10:09.422+0000] {subprocess.py:106} INFO - 26/04/12 19:10:09 INFO SecurityManager: SecurityManager: authentication disabled; ui acls disabled; users with view permissions: ***; groups with view permissions: EMPTY; users with modify permissions: ***; groups with modify permissions: EMPTY
[2026-04-12T19:10:09.815+0000] {subprocess.py:106} INFO - 26/04/12 19:10:09 INFO Utils: Successfully started service 'sparkDriver' on port 45341.
[2026-04-12T19:10:09.877+0000] {subprocess.py:106} INFO - 26/04/12 19:10:09 INFO SparkEnv: Registering MapOutputTracker
[2026-04-12T19:10:09.957+0000] {subprocess.py:106} INFO - 26/04/12 19:10:09 INFO SparkEnv: Registering BlockManagerMaster
[2026-04-12T19:10:10.011+0000] {subprocess.py:106} INFO - 26/04/12 19:10:10 INFO BlockManagerMasterEndpoint: Using org.apache.spark.storage.DefaultTopologyMapper for getting topology information
[2026-04-12T19:10:10.013+0000] {subprocess.py:106} INFO - 26/04/12 19:10:10 INFO BlockManagerMasterEndpoint: BlockManagerMasterEndpoint up
[2026-04-12T19:10:10.022+0000] {subprocess.py:106} INFO - 26/04/12 19:10:10 INFO SparkEnv: Registering BlockManagerMasterHeartbeat
[2026-04-12T19:10:10.079+0000] {subprocess.py:106} INFO - 26/04/12 19:10:10 INFO DiskBlockManager: Created local directory at /tmp/blockmgr-ef396986-f194-4218-89ae-3b015f3e2aef
[2026-04-12T19:10:10.111+0000] {subprocess.py:106} INFO - 26/04/12 19:10:10 INFO MemoryStore: MemoryStore started with capacity 434.4 MiB
[2026-04-12T19:10:10.139+0000] {subprocess.py:106} INFO - 26/04/12 19:10:10 INFO SparkEnv: Registering OutputCommitCoordinator
[2026-04-12T19:10:10.421+0000] {subprocess.py:106} INFO - 26/04/12 19:10:10 INFO JettyUtils: Start Jetty 0.0.0.0:4040 for SparkUI
[2026-04-12T19:10:10.562+0000] {subprocess.py:106} INFO - 26/04/12 19:10:10 INFO Utils: Successfully started service 'SparkUI' on port 4040.
[2026-04-12T19:10:10.639+0000] {subprocess.py:106} INFO - 26/04/12 19:10:10 INFO SparkContext: Added JAR file:///home/***/.ivy2/jars/org.apache.iceberg_iceberg-spark-runtime-3.5_2.12-1.6.1.jar at spark://b4737cc55adb:45341/jars/org.apache.iceberg_iceberg-spark-runtime-3.5_2.12-1.6.1.jar with timestamp 1776021009192
[2026-04-12T19:10:10.640+0000] {subprocess.py:106} INFO - 26/04/12 19:10:10 INFO SparkContext: Added JAR file:///home/***/.ivy2/jars/org.projectnessie.nessie-integrations_nessie-spark-extensions-3.5_2.12-0.95.0.jar at spark://b4737cc55adb:45341/jars/org.projectnessie.nessie-integrations_nessie-spark-extensions-3.5_2.12-0.95.0.jar with timestamp 1776021009192
[2026-04-12T19:10:10.641+0000] {subprocess.py:106} INFO - 26/04/12 19:10:10 INFO SparkContext: Added JAR file:///home/***/.ivy2/jars/org.apache.hadoop_hadoop-aws-3.3.4.jar at spark://b4737cc55adb:45341/jars/org.apache.hadoop_hadoop-aws-3.3.4.jar with timestamp 1776021009192
[2026-04-12T19:10:10.642+0000] {subprocess.py:106} INFO - 26/04/12 19:10:10 INFO SparkContext: Added JAR file:///home/***/.ivy2/jars/com.amazonaws_aws-java-sdk-bundle-1.12.262.jar at spark://b4737cc55adb:45341/jars/com.amazonaws_aws-java-sdk-bundle-1.12.262.jar with timestamp 1776021009192
[2026-04-12T19:10:10.643+0000] {subprocess.py:106} INFO - 26/04/12 19:10:10 INFO SparkContext: Added JAR file:///home/***/.ivy2/jars/org.wildfly.openssl_wildfly-openssl-1.0.7.Final.jar at spark://b4737cc55adb:45341/jars/org.wildfly.openssl_wildfly-openssl-1.0.7.Final.jar with timestamp 1776021009192
[2026-04-12T19:10:10.647+0000] {subprocess.py:106} INFO - 26/04/12 19:10:10 INFO SparkContext: Added file file:///home/***/.ivy2/jars/org.apache.iceberg_iceberg-spark-runtime-3.5_2.12-1.6.1.jar at spark://b4737cc55adb:45341/files/org.apache.iceberg_iceberg-spark-runtime-3.5_2.12-1.6.1.jar with timestamp 1776021009192
[2026-04-12T19:10:10.649+0000] {subprocess.py:106} INFO - 26/04/12 19:10:10 INFO Utils: Copying /home/***/.ivy2/jars/org.apache.iceberg_iceberg-spark-runtime-3.5_2.12-1.6.1.jar to /tmp/spark-1d945e26-6722-4932-96a4-5845f3433a55/userFiles-69f92d39-8c93-4b10-930a-be6ba2b36091/org.apache.iceberg_iceberg-spark-runtime-3.5_2.12-1.6.1.jar
[2026-04-12T19:10:10.699+0000] {subprocess.py:106} INFO - 26/04/12 19:10:10 INFO SparkContext: Added file file:///home/***/.ivy2/jars/org.projectnessie.nessie-integrations_nessie-spark-extensions-3.5_2.12-0.95.0.jar at spark://b4737cc55adb:45341/files/org.projectnessie.nessie-integrations_nessie-spark-extensions-3.5_2.12-0.95.0.jar with timestamp 1776021009192
[2026-04-12T19:10:10.700+0000] {subprocess.py:106} INFO - 26/04/12 19:10:10 INFO Utils: Copying /home/***/.ivy2/jars/org.projectnessie.nessie-integrations_nessie-spark-extensions-3.5_2.12-0.95.0.jar to /tmp/spark-1d945e26-6722-4932-96a4-5845f3433a55/userFiles-69f92d39-8c93-4b10-930a-be6ba2b36091/org.projectnessie.nessie-integrations_nessie-spark-extensions-3.5_2.12-0.95.0.jar
[2026-04-12T19:10:10.705+0000] {subprocess.py:106} INFO - 26/04/12 19:10:10 INFO SparkContext: Added file file:///home/***/.ivy2/jars/org.apache.hadoop_hadoop-aws-3.3.4.jar at spark://b4737cc55adb:45341/files/org.apache.hadoop_hadoop-aws-3.3.4.jar with timestamp 1776021009192
[2026-04-12T19:10:10.707+0000] {subprocess.py:106} INFO - 26/04/12 19:10:10 INFO Utils: Copying /home/***/.ivy2/jars/org.apache.hadoop_hadoop-aws-3.3.4.jar to /tmp/spark-1d945e26-6722-4932-96a4-5845f3433a55/userFiles-69f92d39-8c93-4b10-930a-be6ba2b36091/org.apache.hadoop_hadoop-aws-3.3.4.jar
[2026-04-12T19:10:10.710+0000] {subprocess.py:106} INFO - 26/04/12 19:10:10 INFO SparkContext: Added file file:///home/***/.ivy2/jars/com.amazonaws_aws-java-sdk-bundle-1.12.262.jar at spark://b4737cc55adb:45341/files/com.amazonaws_aws-java-sdk-bundle-1.12.262.jar with timestamp 1776021009192
[2026-04-12T19:10:10.711+0000] {subprocess.py:106} INFO - 26/04/12 19:10:10 INFO Utils: Copying /home/***/.ivy2/jars/com.amazonaws_aws-java-sdk-bundle-1.12.262.jar to /tmp/spark-1d945e26-6722-4932-96a4-5845f3433a55/userFiles-69f92d39-8c93-4b10-930a-be6ba2b36091/com.amazonaws_aws-java-sdk-bundle-1.12.262.jar
[2026-04-12T19:10:10.920+0000] {subprocess.py:106} INFO - 26/04/12 19:10:10 INFO SparkContext: Added file file:///home/***/.ivy2/jars/org.wildfly.openssl_wildfly-openssl-1.0.7.Final.jar at spark://b4737cc55adb:45341/files/org.wildfly.openssl_wildfly-openssl-1.0.7.Final.jar with timestamp 1776021009192
[2026-04-12T19:10:10.921+0000] {subprocess.py:106} INFO - 26/04/12 19:10:10 INFO Utils: Copying /home/***/.ivy2/jars/org.wildfly.openssl_wildfly-openssl-1.0.7.Final.jar to /tmp/spark-1d945e26-6722-4932-96a4-5845f3433a55/userFiles-69f92d39-8c93-4b10-930a-be6ba2b36091/org.wildfly.openssl_wildfly-openssl-1.0.7.Final.jar
[2026-04-12T19:10:11.015+0000] {subprocess.py:106} INFO - 26/04/12 19:10:11 INFO StandaloneAppClient$ClientEndpoint: Connecting to master spark://spark-master:7077...
[2026-04-12T19:10:11.065+0000] {subprocess.py:106} INFO - 26/04/12 19:10:11 INFO TransportClientFactory: Successfully created connection to spark-master/172.18.0.7:7077 after 31 ms (0 ms spent in bootstraps)
[2026-04-12T19:10:11.255+0000] {subprocess.py:106} INFO - 26/04/12 19:10:11 INFO StandaloneSchedulerBackend: Connected to Spark cluster with app ID app-20260412191011-0000
[2026-04-12T19:10:11.266+0000] {subprocess.py:106} INFO - 26/04/12 19:10:11 INFO Utils: Successfully started service 'org.apache.spark.network.netty.NettyBlockTransferService' on port 33373.
[2026-04-12T19:10:11.267+0000] {subprocess.py:106} INFO - 26/04/12 19:10:11 INFO NettyBlockTransferService: Server created on b4737cc55adb 0.0.0.0:33373
[2026-04-12T19:10:11.269+0000] {subprocess.py:106} INFO - 26/04/12 19:10:11 INFO BlockManager: Using org.apache.spark.storage.RandomBlockReplicationPolicy for block replication policy
[2026-04-12T19:10:11.282+0000] {subprocess.py:106} INFO - 26/04/12 19:10:11 INFO StandaloneAppClient$ClientEndpoint: Executor added: app-20260412191011-0000/0 on worker-20260412190304-172.18.0.8-33391 (172.18.0.8:33391) with 2 core(s)
[2026-04-12T19:10:11.284+0000] {subprocess.py:106} INFO - 26/04/12 19:10:11 INFO BlockManagerMaster: Registering BlockManager BlockManagerId(driver, b4737cc55adb, 33373, None)
[2026-04-12T19:10:11.286+0000] {subprocess.py:106} INFO - 26/04/12 19:10:11 INFO StandaloneSchedulerBackend: Granted executor ID app-20260412191011-0000/0 on hostPort 172.18.0.8:33391 with 2 core(s), 2.0 GiB RAM
[2026-04-12T19:10:11.287+0000] {subprocess.py:106} INFO - 26/04/12 19:10:11 INFO StandaloneAppClient$ClientEndpoint: Executor added: app-20260412191011-0000/1 on worker-20260412190304-172.18.0.8-33391 (172.18.0.8:33391) with 2 core(s)
[2026-04-12T19:10:11.289+0000] {subprocess.py:106} INFO - 26/04/12 19:10:11 INFO StandaloneSchedulerBackend: Granted executor ID app-20260412191011-0000/1 on hostPort 172.18.0.8:33391 with 2 core(s), 2.0 GiB RAM
[2026-04-12T19:10:11.290+0000] {subprocess.py:106} INFO - 26/04/12 19:10:11 INFO StandaloneAppClient$ClientEndpoint: Executor added: app-20260412191011-0000/2 on worker-20260412190304-172.18.0.8-33391 (172.18.0.8:33391) with 2 core(s)
[2026-04-12T19:10:11.291+0000] {subprocess.py:106} INFO - 26/04/12 19:10:11 INFO StandaloneSchedulerBackend: Granted executor ID app-20260412191011-0000/2 on hostPort 172.18.0.8:33391 with 2 core(s), 2.0 GiB RAM
[2026-04-12T19:10:11.292+0000] {subprocess.py:106} INFO - 26/04/12 19:10:11 INFO StandaloneAppClient$ClientEndpoint: Executor added: app-20260412191011-0000/3 on worker-20260412190304-172.18.0.8-33391 (172.18.0.8:33391) with 2 core(s)
[2026-04-12T19:10:11.293+0000] {subprocess.py:106} INFO - 26/04/12 19:10:11 INFO StandaloneSchedulerBackend: Granted executor ID app-20260412191011-0000/3 on hostPort 172.18.0.8:33391 with 2 core(s), 2.0 GiB RAM
[2026-04-12T19:10:11.294+0000] {subprocess.py:106} INFO - 26/04/12 19:10:11 INFO BlockManagerMasterEndpoint: Registering block manager b4737cc55adb:33373 with 434.4 MiB RAM, BlockManagerId(driver, b4737cc55adb, 33373, None)
[2026-04-12T19:10:11.296+0000] {subprocess.py:106} INFO - 26/04/12 19:10:11 INFO StandaloneAppClient$ClientEndpoint: Executor added: app-20260412191011-0000/4 on worker-20260412190304-172.18.0.8-33391 (172.18.0.8:33391) with 2 core(s)
[2026-04-12T19:10:11.297+0000] {subprocess.py:106} INFO - 26/04/12 19:10:11 INFO StandaloneSchedulerBackend: Granted executor ID app-20260412191011-0000/4 on hostPort 172.18.0.8:33391 with 2 core(s), 2.0 GiB RAM
[2026-04-12T19:10:11.297+0000] {subprocess.py:106} INFO - 26/04/12 19:10:11 INFO BlockManagerMaster: Registered BlockManager BlockManagerId(driver, b4737cc55adb, 33373, None)
[2026-04-12T19:10:11.299+0000] {subprocess.py:106} INFO - 26/04/12 19:10:11 INFO StandaloneAppClient$ClientEndpoint: Executor added: app-20260412191011-0000/5 on worker-20260412190304-172.18.0.8-33391 (172.18.0.8:33391) with 2 core(s)
[2026-04-12T19:10:11.300+0000] {subprocess.py:106} INFO - 26/04/12 19:10:11 INFO StandaloneSchedulerBackend: Granted executor ID app-20260412191011-0000/5 on hostPort 172.18.0.8:33391 with 2 core(s), 2.0 GiB RAM
[2026-04-12T19:10:11.301+0000] {subprocess.py:106} INFO - 26/04/12 19:10:11 INFO BlockManager: Initialized BlockManager: BlockManagerId(driver, b4737cc55adb, 33373, None)
[2026-04-12T19:10:11.627+0000] {subprocess.py:106} INFO - 26/04/12 19:10:11 INFO StandaloneAppClient$ClientEndpoint: Executor updated: app-20260412191011-0000/4 is now RUNNING
[2026-04-12T19:10:11.630+0000] {subprocess.py:106} INFO - 26/04/12 19:10:11 INFO StandaloneAppClient$ClientEndpoint: Executor updated: app-20260412191011-0000/0 is now RUNNING
[2026-04-12T19:10:11.654+0000] {subprocess.py:106} INFO - 26/04/12 19:10:11 INFO StandaloneAppClient$ClientEndpoint: Executor updated: app-20260412191011-0000/2 is now RUNNING
[2026-04-12T19:10:11.656+0000] {subprocess.py:106} INFO - 26/04/12 19:10:11 INFO StandaloneAppClient$ClientEndpoint: Executor updated: app-20260412191011-0000/3 is now RUNNING
[2026-04-12T19:10:11.665+0000] {subprocess.py:106} INFO - 26/04/12 19:10:11 INFO StandaloneAppClient$ClientEndpoint: Executor updated: app-20260412191011-0000/5 is now RUNNING
[2026-04-12T19:10:11.669+0000] {subprocess.py:106} INFO - 26/04/12 19:10:11 INFO StandaloneAppClient$ClientEndpoint: Executor updated: app-20260412191011-0000/1 is now RUNNING
[2026-04-12T19:10:12.164+0000] {subprocess.py:106} INFO - 26/04/12 19:10:12 INFO StandaloneSchedulerBackend: SchedulerBackend is ready for scheduling beginning after reached minRegisteredResourcesRatio: 0.0
[2026-04-12T19:10:13.078+0000] {subprocess.py:106} INFO - 2026-04-12 19:10:13,077 INFO Spark version: 3.5.5
[2026-04-12T19:10:13.081+0000] {subprocess.py:106} INFO - 2026-04-12 19:10:13,077 INFO Leyendo Bronze: s3a://bronze/users/2019/users_2019.parquet
[2026-04-12T19:10:13.099+0000] {subprocess.py:106} INFO - 26/04/12 19:10:13 INFO SharedState: Setting hive.metastore.warehouse.dir ('null') to the value of spark.sql.warehouse.dir.
[2026-04-12T19:10:13.114+0000] {subprocess.py:106} INFO - 26/04/12 19:10:13 INFO SharedState: Warehouse path is 'file:/tmp/***tmpxl3xkp9b/spark-warehouse'.
[2026-04-12T19:10:16.745+0000] {subprocess.py:106} INFO - 26/04/12 19:10:16 WARN MetricsConfig: Cannot locate configuration: tried hadoop-metrics2-s3a-file-system.properties,hadoop-metrics2.properties
[2026-04-12T19:10:16.785+0000] {subprocess.py:106} INFO - 26/04/12 19:10:16 INFO MetricsSystemImpl: Scheduled Metric snapshot period at 10 second(s).
[2026-04-12T19:10:16.786+0000] {subprocess.py:106} INFO - 26/04/12 19:10:16 INFO MetricsSystemImpl: s3a-file-system metrics system started
[2026-04-12T19:10:19.398+0000] {subprocess.py:106} INFO - 26/04/12 19:10:19 INFO StandaloneSchedulerBackend$StandaloneDriverEndpoint: Registered executor NettyRpcEndpointRef(spark-client://Executor) (172.18.0.8:53024) with ID 5,  ResourceProfileId 0
[2026-04-12T19:10:19.421+0000] {subprocess.py:106} INFO - 26/04/12 19:10:19 INFO StandaloneSchedulerBackend$StandaloneDriverEndpoint: Registered executor NettyRpcEndpointRef(spark-client://Executor) (172.18.0.8:53058) with ID 2,  ResourceProfileId 0
[2026-04-12T19:10:19.423+0000] {subprocess.py:106} INFO - 26/04/12 19:10:19 INFO StandaloneSchedulerBackend$StandaloneDriverEndpoint: Registered executor NettyRpcEndpointRef(spark-client://Executor) (172.18.0.8:53046) with ID 1,  ResourceProfileId 0
[2026-04-12T19:10:19.571+0000] {subprocess.py:106} INFO - 26/04/12 19:10:19 INFO StandaloneSchedulerBackend$StandaloneDriverEndpoint: Registered executor NettyRpcEndpointRef(spark-client://Executor) (172.18.0.8:53032) with ID 4,  ResourceProfileId 0
[2026-04-12T19:10:19.642+0000] {subprocess.py:106} INFO - 26/04/12 19:10:19 INFO StandaloneSchedulerBackend$StandaloneDriverEndpoint: Registered executor NettyRpcEndpointRef(spark-client://Executor) (172.18.0.8:53042) with ID 3,  ResourceProfileId 0
[2026-04-12T19:10:19.656+0000] {subprocess.py:106} INFO - 26/04/12 19:10:19 INFO BlockManagerMasterEndpoint: Registering block manager 172.18.0.8:45111 with 1048.8 MiB RAM, BlockManagerId(2, 172.18.0.8, 45111, None)
[2026-04-12T19:10:19.729+0000] {subprocess.py:106} INFO - 26/04/12 19:10:19 INFO StandaloneSchedulerBackend$StandaloneDriverEndpoint: Registered executor NettyRpcEndpointRef(spark-client://Executor) (172.18.0.8:53066) with ID 0,  ResourceProfileId 0
[2026-04-12T19:10:19.741+0000] {subprocess.py:106} INFO - 26/04/12 19:10:19 INFO BlockManagerMasterEndpoint: Registering block manager 172.18.0.8:40283 with 1048.8 MiB RAM, BlockManagerId(5, 172.18.0.8, 40283, None)
[2026-04-12T19:10:19.761+0000] {subprocess.py:106} INFO - 26/04/12 19:10:19 INFO BlockManagerMasterEndpoint: Registering block manager 172.18.0.8:37899 with 1048.8 MiB RAM, BlockManagerId(1, 172.18.0.8, 37899, None)
[2026-04-12T19:10:19.810+0000] {subprocess.py:106} INFO - 26/04/12 19:10:19 INFO BlockManagerMasterEndpoint: Registering block manager 172.18.0.8:33925 with 1048.8 MiB RAM, BlockManagerId(4, 172.18.0.8, 33925, None)
[2026-04-12T19:10:19.883+0000] {subprocess.py:106} INFO - 26/04/12 19:10:19 INFO BlockManagerMasterEndpoint: Registering block manager 172.18.0.8:41137 with 1048.8 MiB RAM, BlockManagerId(3, 172.18.0.8, 41137, None)
[2026-04-12T19:10:19.938+0000] {subprocess.py:106} INFO - 26/04/12 19:10:19 INFO BlockManagerMasterEndpoint: Registering block manager 172.18.0.8:38463 with 1048.8 MiB RAM, BlockManagerId(0, 172.18.0.8, 38463, None)
[2026-04-12T19:10:20.728+0000] {subprocess.py:106} INFO - 2026-04-12 19:10:20,727 WARNING   ⚠️  No se pudo leer s3a://bronze/users/2019/users_2019.parquet: [PATH_NOT_FOUND] Path does not exist: s3a://bronze/users/2019/users_2019.parquet.
[2026-04-12T19:10:20.733+0000] {subprocess.py:106} INFO - 2026-04-12 19:10:20,728 INFO Leyendo Bronze: s3a://bronze/users/2020/users_2020.parquet
[2026-04-12T19:10:20.832+0000] {subprocess.py:106} INFO - 2026-04-12 19:10:20,831 WARNING   ⚠️  No se pudo leer s3a://bronze/users/2020/users_2020.parquet: [PATH_NOT_FOUND] Path does not exist: s3a://bronze/users/2020/users_2020.parquet.
[2026-04-12T19:10:20.835+0000] {subprocess.py:106} INFO - 2026-04-12 19:10:20,831 INFO Leyendo Bronze: s3a://bronze/users/2021/users_2021.parquet
[2026-04-12T19:10:21.294+0000] {subprocess.py:106} INFO - 26/04/12 19:10:21 INFO InMemoryFileIndex: It took 233 ms to list leaf files for 1 paths.
[2026-04-12T19:10:21.918+0000] {subprocess.py:106} INFO - 26/04/12 19:10:21 INFO SparkContext: Starting job: parquet at NativeMethodAccessorImpl.java:0
[2026-04-12T19:10:21.971+0000] {subprocess.py:106} INFO - 26/04/12 19:10:21 INFO DAGScheduler: Got job 0 (parquet at NativeMethodAccessorImpl.java:0) with 1 output partitions
[2026-04-12T19:10:21.975+0000] {subprocess.py:106} INFO - 26/04/12 19:10:21 INFO DAGScheduler: Final stage: ResultStage 0 (parquet at NativeMethodAccessorImpl.java:0)
[2026-04-12T19:10:21.979+0000] {subprocess.py:106} INFO - 26/04/12 19:10:21 INFO DAGScheduler: Parents of final stage: List()
[2026-04-12T19:10:21.988+0000] {subprocess.py:106} INFO - 26/04/12 19:10:21 INFO DAGScheduler: Missing parents: List()
[2026-04-12T19:10:22.001+0000] {subprocess.py:106} INFO - 26/04/12 19:10:22 INFO DAGScheduler: Submitting ResultStage 0 (MapPartitionsRDD[1] at parquet at NativeMethodAccessorImpl.java:0), which has no missing parents
[2026-04-12T19:10:22.219+0000] {subprocess.py:106} INFO - 26/04/12 19:10:22 INFO MemoryStore: Block broadcast_0 stored as values in memory (estimated size 108.1 KiB, free 434.3 MiB)
[2026-04-12T19:10:22.327+0000] {subprocess.py:106} INFO - 26/04/12 19:10:22 INFO MemoryStore: Block broadcast_0_piece0 stored as bytes in memory (estimated size 39.3 KiB, free 434.3 MiB)
[2026-04-12T19:10:22.345+0000] {subprocess.py:106} INFO - 26/04/12 19:10:22 INFO BlockManagerInfo: Added broadcast_0_piece0 in memory on b4737cc55adb:33373 (size: 39.3 KiB, free: 434.4 MiB)
[2026-04-12T19:10:22.359+0000] {subprocess.py:106} INFO - 26/04/12 19:10:22 INFO SparkContext: Created broadcast 0 from broadcast at DAGScheduler.scala:1585
[2026-04-12T19:10:22.457+0000] {subprocess.py:106} INFO - 26/04/12 19:10:22 INFO DAGScheduler: Submitting 1 missing tasks from ResultStage 0 (MapPartitionsRDD[1] at parquet at NativeMethodAccessorImpl.java:0) (first 15 tasks are for partitions Vector(0))
[2026-04-12T19:10:22.460+0000] {subprocess.py:106} INFO - 26/04/12 19:10:22 INFO TaskSchedulerImpl: Adding task set 0.0 with 1 tasks resource profile 0
[2026-04-12T19:10:29.539+0000] {subprocess.py:106} INFO - 26/04/12 19:10:29 INFO TaskSetManager: Starting task 0.0 in stage 0.0 (TID 0) (172.18.0.8, executor 4, partition 0, PROCESS_LOCAL, 10265 bytes)
[2026-04-12T19:10:30.234+0000] {subprocess.py:106} INFO - 26/04/12 19:10:30 INFO BlockManagerInfo: Added broadcast_0_piece0 in memory on 172.18.0.8:33925 (size: 39.3 KiB, free: 1048.8 MiB)
[2026-04-12T19:10:33.055+0000] {subprocess.py:106} INFO - 26/04/12 19:10:33 INFO TaskSetManager: Finished task 0.0 in stage 0.0 (TID 0) in 3572 ms on 172.18.0.8 (executor 4) (1/1)
[2026-04-12T19:10:33.058+0000] {subprocess.py:106} INFO - 26/04/12 19:10:33 INFO TaskSchedulerImpl: Removed TaskSet 0.0, whose tasks have all completed, from pool
[2026-04-12T19:10:33.067+0000] {subprocess.py:106} INFO - 26/04/12 19:10:33 INFO DAGScheduler: ResultStage 0 (parquet at NativeMethodAccessorImpl.java:0) finished in 11.016 s
[2026-04-12T19:10:33.072+0000] {subprocess.py:106} INFO - 26/04/12 19:10:33 INFO DAGScheduler: Job 0 is finished. Cancelling potential speculative or zombie tasks for this job
[2026-04-12T19:10:33.073+0000] {subprocess.py:106} INFO - 26/04/12 19:10:33 INFO TaskSchedulerImpl: Killing all running tasks in stage 0: Stage finished
[2026-04-12T19:10:33.076+0000] {subprocess.py:106} INFO - 26/04/12 19:10:33 INFO DAGScheduler: Job 0 finished: parquet at NativeMethodAccessorImpl.java:0, took 11.158801 s
[2026-04-12T19:10:33.507+0000] {subprocess.py:106} INFO - 26/04/12 19:10:33 INFO BlockManagerInfo: Removed broadcast_0_piece0 on b4737cc55adb:33373 in memory (size: 39.3 KiB, free: 434.4 MiB)
[2026-04-12T19:10:33.511+0000] {subprocess.py:106} INFO - 26/04/12 19:10:33 INFO BlockManagerInfo: Removed broadcast_0_piece0 on 172.18.0.8:33925 in memory (size: 39.3 KiB, free: 1048.8 MiB)
[2026-04-12T19:10:34.564+0000] {subprocess.py:106} INFO - 26/04/12 19:10:34 INFO FileSourceStrategy: Pushed Filters:
[2026-04-12T19:10:34.566+0000] {subprocess.py:106} INFO - 26/04/12 19:10:34 INFO FileSourceStrategy: Post-Scan Filters:
[2026-04-12T19:10:34.959+0000] {subprocess.py:106} INFO - 26/04/12 19:10:34 INFO CodeGenerator: Code generated in 176.517602 ms
[2026-04-12T19:10:34.992+0000] {subprocess.py:106} INFO - 26/04/12 19:10:34 INFO MemoryStore: Block broadcast_1 stored as values in memory (estimated size 208.4 KiB, free 434.2 MiB)
[2026-04-12T19:10:34.999+0000] {subprocess.py:106} INFO - 26/04/12 19:10:34 INFO MemoryStore: Block broadcast_1_piece0 stored as bytes in memory (estimated size 36.7 KiB, free 434.2 MiB)
[2026-04-12T19:10:35.001+0000] {subprocess.py:106} INFO - 26/04/12 19:10:35 INFO BlockManagerInfo: Added broadcast_1_piece0 in memory on b4737cc55adb:33373 (size: 36.7 KiB, free: 434.4 MiB)
[2026-04-12T19:10:35.002+0000] {subprocess.py:106} INFO - 26/04/12 19:10:35 INFO SparkContext: Created broadcast 1 from count at NativeMethodAccessorImpl.java:0
[2026-04-12T19:10:35.015+0000] {subprocess.py:106} INFO - 26/04/12 19:10:35 INFO FileSourceScanExec: Planning scan with bin packing, max size: 4194304 bytes, open cost is considered as scanning 4194304 bytes.
[2026-04-12T19:10:35.088+0000] {subprocess.py:106} INFO - 26/04/12 19:10:35 INFO DAGScheduler: Registering RDD 5 (count at NativeMethodAccessorImpl.java:0) as input to shuffle 0
[2026-04-12T19:10:35.091+0000] {subprocess.py:106} INFO - 26/04/12 19:10:35 INFO DAGScheduler: Got map stage job 1 (count at NativeMethodAccessorImpl.java:0) with 1 output partitions
[2026-04-12T19:10:35.094+0000] {subprocess.py:106} INFO - 26/04/12 19:10:35 INFO DAGScheduler: Final stage: ShuffleMapStage 1 (count at NativeMethodAccessorImpl.java:0)
[2026-04-12T19:10:35.095+0000] {subprocess.py:106} INFO - 26/04/12 19:10:35 INFO DAGScheduler: Parents of final stage: List()
[2026-04-12T19:10:35.095+0000] {subprocess.py:106} INFO - 26/04/12 19:10:35 INFO DAGScheduler: Missing parents: List()
[2026-04-12T19:10:35.096+0000] {subprocess.py:106} INFO - 26/04/12 19:10:35 INFO DAGScheduler: Submitting ShuffleMapStage 1 (MapPartitionsRDD[5] at count at NativeMethodAccessorImpl.java:0), which has no missing parents
[2026-04-12T19:10:35.119+0000] {subprocess.py:106} INFO - 26/04/12 19:10:35 INFO MemoryStore: Block broadcast_2 stored as values in memory (estimated size 17.0 KiB, free 434.1 MiB)
[2026-04-12T19:10:35.124+0000] {subprocess.py:106} INFO - 26/04/12 19:10:35 INFO MemoryStore: Block broadcast_2_piece0 stored as bytes in memory (estimated size 7.8 KiB, free 434.1 MiB)
[2026-04-12T19:10:35.125+0000] {subprocess.py:106} INFO - 26/04/12 19:10:35 INFO BlockManagerInfo: Added broadcast_2_piece0 in memory on b4737cc55adb:33373 (size: 7.8 KiB, free: 434.4 MiB)
[2026-04-12T19:10:35.127+0000] {subprocess.py:106} INFO - 26/04/12 19:10:35 INFO SparkContext: Created broadcast 2 from broadcast at DAGScheduler.scala:1585
[2026-04-12T19:10:35.128+0000] {subprocess.py:106} INFO - 26/04/12 19:10:35 INFO DAGScheduler: Submitting 1 missing tasks from ShuffleMapStage 1 (MapPartitionsRDD[5] at count at NativeMethodAccessorImpl.java:0) (first 15 tasks are for partitions Vector(0))
[2026-04-12T19:10:35.129+0000] {subprocess.py:106} INFO - 26/04/12 19:10:35 INFO TaskSchedulerImpl: Adding task set 1.0 with 1 tasks resource profile 0
[2026-04-12T19:10:35.132+0000] {subprocess.py:106} INFO - 26/04/12 19:10:35 INFO TaskSetManager: Starting task 0.0 in stage 1.0 (TID 1) (172.18.0.8, executor 5, partition 0, PROCESS_LOCAL, 10759 bytes)
[2026-04-12T19:10:35.296+0000] {subprocess.py:106} INFO - 26/04/12 19:10:35 INFO BlockManagerInfo: Added broadcast_2_piece0 in memory on 172.18.0.8:40283 (size: 7.8 KiB, free: 1048.8 MiB)
[2026-04-12T19:10:36.047+0000] {subprocess.py:106} INFO - 26/04/12 19:10:36 INFO BlockManagerInfo: Added broadcast_1_piece0 in memory on 172.18.0.8:40283 (size: 36.7 KiB, free: 1048.8 MiB)
[2026-04-12T19:10:37.897+0000] {subprocess.py:106} INFO - 26/04/12 19:10:37 INFO TaskSetManager: Finished task 0.0 in stage 1.0 (TID 1) in 2766 ms on 172.18.0.8 (executor 5) (1/1)
[2026-04-12T19:10:37.900+0000] {subprocess.py:106} INFO - 26/04/12 19:10:37 INFO TaskSchedulerImpl: Removed TaskSet 1.0, whose tasks have all completed, from pool
[2026-04-12T19:10:37.901+0000] {subprocess.py:106} INFO - 26/04/12 19:10:37 INFO DAGScheduler: ShuffleMapStage 1 (count at NativeMethodAccessorImpl.java:0) finished in 2.804 s
[2026-04-12T19:10:37.902+0000] {subprocess.py:106} INFO - 26/04/12 19:10:37 INFO DAGScheduler: looking for newly runnable stages
[2026-04-12T19:10:37.902+0000] {subprocess.py:106} INFO - 26/04/12 19:10:37 INFO DAGScheduler: running: Set()
[2026-04-12T19:10:37.903+0000] {subprocess.py:106} INFO - 26/04/12 19:10:37 INFO DAGScheduler: waiting: Set()
[2026-04-12T19:10:37.904+0000] {subprocess.py:106} INFO - 26/04/12 19:10:37 INFO DAGScheduler: failed: Set()
[2026-04-12T19:10:37.959+0000] {subprocess.py:106} INFO - 26/04/12 19:10:37 INFO CodeGenerator: Code generated in 13.132535 ms
[2026-04-12T19:10:37.985+0000] {subprocess.py:106} INFO - 26/04/12 19:10:37 INFO SparkContext: Starting job: count at NativeMethodAccessorImpl.java:0
[2026-04-12T19:10:37.988+0000] {subprocess.py:106} INFO - 26/04/12 19:10:37 INFO DAGScheduler: Got job 2 (count at NativeMethodAccessorImpl.java:0) with 1 output partitions
[2026-04-12T19:10:37.993+0000] {subprocess.py:106} INFO - 26/04/12 19:10:37 INFO DAGScheduler: Final stage: ResultStage 3 (count at NativeMethodAccessorImpl.java:0)
[2026-04-12T19:10:37.994+0000] {subprocess.py:106} INFO - 26/04/12 19:10:37 INFO DAGScheduler: Parents of final stage: List(ShuffleMapStage 2)
[2026-04-12T19:10:37.997+0000] {subprocess.py:106} INFO - 26/04/12 19:10:37 INFO DAGScheduler: Missing parents: List()
[2026-04-12T19:10:37.998+0000] {subprocess.py:106} INFO - 26/04/12 19:10:37 INFO DAGScheduler: Submitting ResultStage 3 (MapPartitionsRDD[8] at count at NativeMethodAccessorImpl.java:0), which has no missing parents
[2026-04-12T19:10:37.999+0000] {subprocess.py:106} INFO - 26/04/12 19:10:37 INFO MemoryStore: Block broadcast_3 stored as values in memory (estimated size 12.5 KiB, free 434.1 MiB)
[2026-04-12T19:10:38.006+0000] {subprocess.py:106} INFO - 26/04/12 19:10:38 INFO MemoryStore: Block broadcast_3_piece0 stored as bytes in memory (estimated size 5.9 KiB, free 434.1 MiB)
[2026-04-12T19:10:38.008+0000] {subprocess.py:106} INFO - 26/04/12 19:10:38 INFO BlockManagerInfo: Removed broadcast_2_piece0 on b4737cc55adb:33373 in memory (size: 7.8 KiB, free: 434.4 MiB)
[2026-04-12T19:10:38.011+0000] {subprocess.py:106} INFO - 26/04/12 19:10:38 INFO BlockManagerInfo: Added broadcast_3_piece0 in memory on b4737cc55adb:33373 (size: 5.9 KiB, free: 434.4 MiB)
[2026-04-12T19:10:38.012+0000] {subprocess.py:106} INFO - 26/04/12 19:10:38 INFO SparkContext: Created broadcast 3 from broadcast at DAGScheduler.scala:1585
[2026-04-12T19:10:38.013+0000] {subprocess.py:106} INFO - 26/04/12 19:10:38 INFO DAGScheduler: Submitting 1 missing tasks from ResultStage 3 (MapPartitionsRDD[8] at count at NativeMethodAccessorImpl.java:0) (first 15 tasks are for partitions Vector(0))
[2026-04-12T19:10:38.014+0000] {subprocess.py:106} INFO - 26/04/12 19:10:38 INFO TaskSchedulerImpl: Adding task set 3.0 with 1 tasks resource profile 0
[2026-04-12T19:10:38.020+0000] {subprocess.py:106} INFO - 26/04/12 19:10:38 INFO TaskSetManager: Starting task 0.0 in stage 3.0 (TID 2) (172.18.0.8, executor 0, partition 0, NODE_LOCAL, 10165 bytes)
[2026-04-12T19:10:38.022+0000] {subprocess.py:106} INFO - 26/04/12 19:10:38 INFO BlockManagerInfo: Removed broadcast_2_piece0 on 172.18.0.8:40283 in memory (size: 7.8 KiB, free: 1048.8 MiB)
[2026-04-12T19:10:38.192+0000] {subprocess.py:106} INFO - 26/04/12 19:10:38 INFO BlockManagerInfo: Added broadcast_3_piece0 in memory on 172.18.0.8:38463 (size: 5.9 KiB, free: 1048.8 MiB)
[2026-04-12T19:10:38.378+0000] {subprocess.py:106} INFO - 26/04/12 19:10:38 INFO MapOutputTrackerMasterEndpoint: Asked to send map output locations for shuffle 0 to 172.18.0.8:53066
[2026-04-12T19:10:38.825+0000] {subprocess.py:106} INFO - 26/04/12 19:10:38 INFO TaskSetManager: Finished task 0.0 in stage 3.0 (TID 2) in 807 ms on 172.18.0.8 (executor 0) (1/1)
[2026-04-12T19:10:38.827+0000] {subprocess.py:106} INFO - 26/04/12 19:10:38 INFO TaskSchedulerImpl: Removed TaskSet 3.0, whose tasks have all completed, from pool
[2026-04-12T19:10:38.827+0000] {subprocess.py:106} INFO - 26/04/12 19:10:38 INFO DAGScheduler: ResultStage 3 (count at NativeMethodAccessorImpl.java:0) finished in 0.830 s
[2026-04-12T19:10:38.828+0000] {subprocess.py:106} INFO - 26/04/12 19:10:38 INFO DAGScheduler: Job 2 is finished. Cancelling potential speculative or zombie tasks for this job
[2026-04-12T19:10:38.829+0000] {subprocess.py:106} INFO - 26/04/12 19:10:38 INFO TaskSchedulerImpl: Killing all running tasks in stage 3: Stage finished
[2026-04-12T19:10:38.830+0000] {subprocess.py:106} INFO - 26/04/12 19:10:38 INFO DAGScheduler: Job 2 finished: count at NativeMethodAccessorImpl.java:0, took 0.842587 s
[2026-04-12T19:10:38.836+0000] {subprocess.py:106} INFO - 2026-04-12 19:10:38,836 INFO   → 5,000 filas del año 2021
[2026-04-12T19:10:38.857+0000] {subprocess.py:106} INFO - 26/04/12 19:10:38 INFO FileSourceStrategy: Pushed Filters:
[2026-04-12T19:10:38.858+0000] {subprocess.py:106} INFO - 26/04/12 19:10:38 INFO FileSourceStrategy: Post-Scan Filters:
[2026-04-12T19:10:38.872+0000] {subprocess.py:106} INFO - 26/04/12 19:10:38 INFO MemoryStore: Block broadcast_4 stored as values in memory (estimated size 208.4 KiB, free 433.9 MiB)
[2026-04-12T19:10:38.883+0000] {subprocess.py:106} INFO - 26/04/12 19:10:38 INFO BlockManagerInfo: Removed broadcast_3_piece0 on b4737cc55adb:33373 in memory (size: 5.9 KiB, free: 434.4 MiB)
[2026-04-12T19:10:38.889+0000] {subprocess.py:106} INFO - 26/04/12 19:10:38 INFO MemoryStore: Block broadcast_4_piece0 stored as bytes in memory (estimated size 36.7 KiB, free 433.9 MiB)
[2026-04-12T19:10:38.890+0000] {subprocess.py:106} INFO - 26/04/12 19:10:38 INFO BlockManagerInfo: Added broadcast_4_piece0 in memory on b4737cc55adb:33373 (size: 36.7 KiB, free: 434.3 MiB)
[2026-04-12T19:10:38.891+0000] {subprocess.py:106} INFO - 26/04/12 19:10:38 INFO SparkContext: Created broadcast 4 from count at NativeMethodAccessorImpl.java:0
[2026-04-12T19:10:38.893+0000] {subprocess.py:106} INFO - 26/04/12 19:10:38 INFO FileSourceScanExec: Planning scan with bin packing, max size: 4194304 bytes, open cost is considered as scanning 4194304 bytes.
[2026-04-12T19:10:38.897+0000] {subprocess.py:106} INFO - 26/04/12 19:10:38 INFO BlockManagerInfo: Removed broadcast_3_piece0 on 172.18.0.8:38463 in memory (size: 5.9 KiB, free: 1048.8 MiB)
[2026-04-12T19:10:38.898+0000] {subprocess.py:106} INFO - 26/04/12 19:10:38 INFO DAGScheduler: Registering RDD 12 (count at NativeMethodAccessorImpl.java:0) as input to shuffle 1
[2026-04-12T19:10:38.899+0000] {subprocess.py:106} INFO - 26/04/12 19:10:38 INFO DAGScheduler: Got map stage job 3 (count at NativeMethodAccessorImpl.java:0) with 1 output partitions
[2026-04-12T19:10:38.900+0000] {subprocess.py:106} INFO - 26/04/12 19:10:38 INFO DAGScheduler: Final stage: ShuffleMapStage 4 (count at NativeMethodAccessorImpl.java:0)
[2026-04-12T19:10:38.901+0000] {subprocess.py:106} INFO - 26/04/12 19:10:38 INFO DAGScheduler: Parents of final stage: List()
[2026-04-12T19:10:38.902+0000] {subprocess.py:106} INFO - 26/04/12 19:10:38 INFO DAGScheduler: Missing parents: List()
[2026-04-12T19:10:38.903+0000] {subprocess.py:106} INFO - 26/04/12 19:10:38 INFO DAGScheduler: Submitting ShuffleMapStage 4 (MapPartitionsRDD[12] at count at NativeMethodAccessorImpl.java:0), which has no missing parents
[2026-04-12T19:10:38.903+0000] {subprocess.py:106} INFO - 26/04/12 19:10:38 INFO MemoryStore: Block broadcast_5 stored as values in memory (estimated size 17.0 KiB, free 433.9 MiB)
[2026-04-12T19:10:38.907+0000] {subprocess.py:106} INFO - 26/04/12 19:10:38 INFO MemoryStore: Block broadcast_5_piece0 stored as bytes in memory (estimated size 7.8 KiB, free 433.9 MiB)
[2026-04-12T19:10:38.908+0000] {subprocess.py:106} INFO - 26/04/12 19:10:38 INFO BlockManagerInfo: Added broadcast_5_piece0 in memory on b4737cc55adb:33373 (size: 7.8 KiB, free: 434.3 MiB)
[2026-04-12T19:10:38.909+0000] {subprocess.py:106} INFO - 26/04/12 19:10:38 INFO SparkContext: Created broadcast 5 from broadcast at DAGScheduler.scala:1585
[2026-04-12T19:10:38.909+0000] {subprocess.py:106} INFO - 26/04/12 19:10:38 INFO DAGScheduler: Submitting 1 missing tasks from ShuffleMapStage 4 (MapPartitionsRDD[12] at count at NativeMethodAccessorImpl.java:0) (first 15 tasks are for partitions Vector(0))
[2026-04-12T19:10:38.910+0000] {subprocess.py:106} INFO - 26/04/12 19:10:38 INFO TaskSchedulerImpl: Adding task set 4.0 with 1 tasks resource profile 0
[2026-04-12T19:10:38.911+0000] {subprocess.py:106} INFO - 26/04/12 19:10:38 INFO TaskSetManager: Starting task 0.0 in stage 4.0 (TID 3) (172.18.0.8, executor 3, partition 0, PROCESS_LOCAL, 10759 bytes)
[2026-04-12T19:10:39.107+0000] {subprocess.py:106} INFO - 26/04/12 19:10:39 INFO BlockManagerInfo: Added broadcast_5_piece0 in memory on 172.18.0.8:41137 (size: 7.8 KiB, free: 1048.8 MiB)
[2026-04-12T19:10:39.680+0000] {subprocess.py:106} INFO - 26/04/12 19:10:39 INFO BlockManagerInfo: Added broadcast_4_piece0 in memory on 172.18.0.8:41137 (size: 36.7 KiB, free: 1048.8 MiB)
[2026-04-12T19:10:40.885+0000] {subprocess.py:106} INFO - 26/04/12 19:10:40 INFO TaskSetManager: Finished task 0.0 in stage 4.0 (TID 3) in 1975 ms on 172.18.0.8 (executor 3) (1/1)
[2026-04-12T19:10:40.886+0000] {subprocess.py:106} INFO - 26/04/12 19:10:40 INFO TaskSchedulerImpl: Removed TaskSet 4.0, whose tasks have all completed, from pool
[2026-04-12T19:10:40.887+0000] {subprocess.py:106} INFO - 26/04/12 19:10:40 INFO DAGScheduler: ShuffleMapStage 4 (count at NativeMethodAccessorImpl.java:0) finished in 1.986 s
[2026-04-12T19:10:40.893+0000] {subprocess.py:106} INFO - 26/04/12 19:10:40 INFO DAGScheduler: looking for newly runnable stages
[2026-04-12T19:10:40.895+0000] {subprocess.py:106} INFO - 26/04/12 19:10:40 INFO DAGScheduler: running: Set()
[2026-04-12T19:10:40.895+0000] {subprocess.py:106} INFO - 26/04/12 19:10:40 INFO DAGScheduler: waiting: Set()
[2026-04-12T19:10:40.896+0000] {subprocess.py:106} INFO - 26/04/12 19:10:40 INFO DAGScheduler: failed: Set()
[2026-04-12T19:10:40.907+0000] {subprocess.py:106} INFO - 26/04/12 19:10:40 INFO SparkContext: Starting job: count at NativeMethodAccessorImpl.java:0
[2026-04-12T19:10:40.909+0000] {subprocess.py:106} INFO - 26/04/12 19:10:40 INFO DAGScheduler: Got job 4 (count at NativeMethodAccessorImpl.java:0) with 1 output partitions
[2026-04-12T19:10:40.909+0000] {subprocess.py:106} INFO - 26/04/12 19:10:40 INFO DAGScheduler: Final stage: ResultStage 6 (count at NativeMethodAccessorImpl.java:0)
[2026-04-12T19:10:40.910+0000] {subprocess.py:106} INFO - 26/04/12 19:10:40 INFO DAGScheduler: Parents of final stage: List(ShuffleMapStage 5)
[2026-04-12T19:10:40.911+0000] {subprocess.py:106} INFO - 26/04/12 19:10:40 INFO DAGScheduler: Missing parents: List()
[2026-04-12T19:10:40.912+0000] {subprocess.py:106} INFO - 26/04/12 19:10:40 INFO DAGScheduler: Submitting ResultStage 6 (MapPartitionsRDD[15] at count at NativeMethodAccessorImpl.java:0), which has no missing parents
[2026-04-12T19:10:40.913+0000] {subprocess.py:106} INFO - 26/04/12 19:10:40 INFO MemoryStore: Block broadcast_6 stored as values in memory (estimated size 12.5 KiB, free 433.9 MiB)
[2026-04-12T19:10:40.920+0000] {subprocess.py:106} INFO - 26/04/12 19:10:40 INFO MemoryStore: Block broadcast_6_piece0 stored as bytes in memory (estimated size 5.9 KiB, free 433.9 MiB)
[2026-04-12T19:10:40.925+0000] {subprocess.py:106} INFO - 26/04/12 19:10:40 INFO BlockManagerInfo: Added broadcast_6_piece0 in memory on b4737cc55adb:33373 (size: 5.9 KiB, free: 434.3 MiB)
[2026-04-12T19:10:40.930+0000] {subprocess.py:106} INFO - 26/04/12 19:10:40 INFO SparkContext: Created broadcast 6 from broadcast at DAGScheduler.scala:1585
[2026-04-12T19:10:40.931+0000] {subprocess.py:106} INFO - 26/04/12 19:10:40 INFO DAGScheduler: Submitting 1 missing tasks from ResultStage 6 (MapPartitionsRDD[15] at count at NativeMethodAccessorImpl.java:0) (first 15 tasks are for partitions Vector(0))
[2026-04-12T19:10:40.932+0000] {subprocess.py:106} INFO - 26/04/12 19:10:40 INFO BlockManagerInfo: Removed broadcast_5_piece0 on b4737cc55adb:33373 in memory (size: 7.8 KiB, free: 434.3 MiB)
[2026-04-12T19:10:40.933+0000] {subprocess.py:106} INFO - 26/04/12 19:10:40 INFO TaskSchedulerImpl: Adding task set 6.0 with 1 tasks resource profile 0
[2026-04-12T19:10:40.934+0000] {subprocess.py:106} INFO - 26/04/12 19:10:40 INFO TaskSetManager: Starting task 0.0 in stage 6.0 (TID 4) (172.18.0.8, executor 5, partition 0, NODE_LOCAL, 10165 bytes)
[2026-04-12T19:10:40.937+0000] {subprocess.py:106} INFO - 26/04/12 19:10:40 INFO BlockManagerInfo: Removed broadcast_5_piece0 on 172.18.0.8:41137 in memory (size: 7.8 KiB, free: 1048.8 MiB)
[2026-04-12T19:10:40.993+0000] {subprocess.py:106} INFO - 26/04/12 19:10:40 INFO BlockManagerInfo: Added broadcast_6_piece0 in memory on 172.18.0.8:40283 (size: 5.9 KiB, free: 1048.8 MiB)
[2026-04-12T19:10:41.058+0000] {subprocess.py:106} INFO - 26/04/12 19:10:41 INFO MapOutputTrackerMasterEndpoint: Asked to send map output locations for shuffle 1 to 172.18.0.8:53024
[2026-04-12T19:10:41.151+0000] {subprocess.py:106} INFO - 26/04/12 19:10:41 INFO TaskSetManager: Finished task 0.0 in stage 6.0 (TID 4) in 220 ms on 172.18.0.8 (executor 5) (1/1)
[2026-04-12T19:10:41.152+0000] {subprocess.py:106} INFO - 26/04/12 19:10:41 INFO TaskSchedulerImpl: Removed TaskSet 6.0, whose tasks have all completed, from pool
[2026-04-12T19:10:41.153+0000] {subprocess.py:106} INFO - 26/04/12 19:10:41 INFO DAGScheduler: ResultStage 6 (count at NativeMethodAccessorImpl.java:0) finished in 0.241 s
[2026-04-12T19:10:41.155+0000] {subprocess.py:106} INFO - 26/04/12 19:10:41 INFO DAGScheduler: Job 4 is finished. Cancelling potential speculative or zombie tasks for this job
[2026-04-12T19:10:41.156+0000] {subprocess.py:106} INFO - 26/04/12 19:10:41 INFO TaskSchedulerImpl: Killing all running tasks in stage 6: Stage finished
[2026-04-12T19:10:41.157+0000] {subprocess.py:106} INFO - 26/04/12 19:10:41 INFO DAGScheduler: Job 4 finished: count at NativeMethodAccessorImpl.java:0, took 0.246087 s
[2026-04-12T19:10:41.158+0000] {subprocess.py:106} INFO - 2026-04-12 19:10:41,155 INFO Total filas Bronze (3 años): 5,000
[2026-04-12T19:10:41.314+0000] {subprocess.py:106} INFO - Traceback (most recent call last):
[2026-04-12T19:10:41.315+0000] {subprocess.py:106} INFO -   File "/opt/***/scripts/silver_transform.py", line 210, in <module>
[2026-04-12T19:10:41.317+0000] {subprocess.py:106} INFO -     main()
[2026-04-12T19:10:41.317+0000] {subprocess.py:106} INFO -   File "/opt/***/scripts/silver_transform.py", line 187, in main
[2026-04-12T19:10:41.319+0000] {subprocess.py:106} INFO -     df_silver = add_metadata(df_bronze)
[2026-04-12T19:10:41.320+0000] {subprocess.py:106} INFO -                 ^^^^^^^^^^^^^^^^^^^^^^^
[2026-04-12T19:10:41.320+0000] {subprocess.py:106} INFO -   File "/opt/***/scripts/silver_transform.py", line 101, in add_metadata
[2026-04-12T19:10:41.321+0000] {subprocess.py:106} INFO -     .withColumn("UpVotes",    F.col("UpVotes").cast("long"))
[2026-04-12T19:10:41.322+0000] {subprocess.py:106} INFO -      ^^^^^^^^^^^^^^^^^^^^^^^^^^^^^^^^^^^^^^^^^^^^^^^^^^^^^^^
[2026-04-12T19:10:41.323+0000] {subprocess.py:106} INFO -   File "/opt/spark/python/lib/pyspark.zip/pyspark/sql/dataframe.py", line 5176, in withColumn
[2026-04-12T19:10:41.323+0000] {subprocess.py:106} INFO -   File "/opt/spark/python/lib/py4j-0.10.9.7-src.zip/py4j/java_gateway.py", line 1322, in __call__
[2026-04-12T19:10:41.323+0000] {subprocess.py:106} INFO -   File "/opt/spark/python/lib/pyspark.zip/pyspark/errors/exceptions/captured.py", line 185, in deco
[2026-04-12T19:10:41.326+0000] {subprocess.py:106} INFO - pyspark.errors.exceptions.captured.AnalysisException: [UNRESOLVED_COLUMN.WITH_SUGGESTION] A column or function parameter with name `UpVotes` cannot be resolved. Did you mean one of the following? [`up_votes`, `Views`, `fuente`, `Id`, `anio`].;
[2026-04-12T19:10:41.330+0000] {subprocess.py:106} INFO - 'Project [Id#92L, Reputation#106L, creation_date#2, display_name#3, last_access_date#4, Views#120L, up_votes#6L, down_votes#7L, location#8, account_id#9L, anio#20, fecha_cargue#65, fuente#78, cast('UpVotes as bigint) AS UpVotes#134]
[2026-04-12T19:10:41.330+0000] {subprocess.py:106} INFO - +- Project [Id#92L, Reputation#106L, creation_date#2, display_name#3, last_access_date#4, cast(Views#5L as bigint) AS Views#120L, up_votes#6L, down_votes#7L, location#8, account_id#9L, anio#20, fecha_cargue#65, fuente#78]
[2026-04-12T19:10:41.331+0000] {subprocess.py:106} INFO -    +- Project [Id#92L, cast(Reputation#1L as bigint) AS Reputation#106L, creation_date#2, display_name#3, last_access_date#4, views#5L, up_votes#6L, down_votes#7L, location#8, account_id#9L, anio#20, fecha_cargue#65, fuente#78]
[2026-04-12T19:10:41.331+0000] {subprocess.py:106} INFO -       +- Project [cast(Id#0L as bigint) AS Id#92L, reputation#1L, creation_date#2, display_name#3, last_access_date#4, views#5L, up_votes#6L, down_votes#7L, location#8, account_id#9L, anio#20, fecha_cargue#65, fuente#78]
[2026-04-12T19:10:41.332+0000] {subprocess.py:106} INFO -          +- Project [id#0L, reputation#1L, creation_date#2, display_name#3, last_access_date#4, views#5L, up_votes#6L, down_votes#7L, location#8, account_id#9L, anio#20, fecha_cargue#65, clickhouse_stackoverflow AS fuente#78]
[2026-04-12T19:10:41.332+0000] {subprocess.py:106} INFO -             +- Project [id#0L, reputation#1L, creation_date#2, display_name#3, last_access_date#4, views#5L, up_votes#6L, down_votes#7L, location#8, account_id#9L, anio#20, cast(2026-04-12 19:10:41 as timestamp) AS fecha_cargue#65]
[2026-04-12T19:10:41.333+0000] {subprocess.py:106} INFO -                +- Project [id#0L, reputation#1L, creation_date#2, display_name#3, last_access_date#4, views#5L, up_votes#6L, down_votes#7L, location#8, account_id#9L, 2021 AS anio#20]
[2026-04-12T19:10:41.333+0000] {subprocess.py:106} INFO -                   +- Relation [id#0L,reputation#1L,creation_date#2,display_name#3,last_access_date#4,views#5L,up_votes#6L,down_votes#7L,location#8,account_id#9L] parquet
[2026-04-12T19:10:41.333+0000] {subprocess.py:106} INFO - 
[2026-04-12T19:10:41.334+0000] {subprocess.py:106} INFO - 2026-04-12 19:10:41,326 INFO Closing down clientserver connection
[2026-04-12T19:10:41.395+0000] {subprocess.py:106} INFO - 26/04/12 19:10:41 INFO SparkContext: Invoking stop() from shutdown hook
[2026-04-12T19:10:41.396+0000] {subprocess.py:106} INFO - 26/04/12 19:10:41 INFO SparkContext: SparkContext is stopping with exitCode 0.
[2026-04-12T19:10:41.412+0000] {subprocess.py:106} INFO - 26/04/12 19:10:41 INFO SparkUI: Stopped Spark web UI at http://b4737cc55adb:4040
[2026-04-12T19:10:41.416+0000] {subprocess.py:106} INFO - 26/04/12 19:10:41 INFO StandaloneSchedulerBackend: Shutting down all executors
[2026-04-12T19:10:41.417+0000] {subprocess.py:106} INFO - 26/04/12 19:10:41 INFO StandaloneSchedulerBackend$StandaloneDriverEndpoint: Asking each executor to shut down
[2026-04-12T19:10:41.451+0000] {subprocess.py:106} INFO - 26/04/12 19:10:41 INFO MapOutputTrackerMasterEndpoint: MapOutputTrackerMasterEndpoint stopped!
[2026-04-12T19:10:41.495+0000] {subprocess.py:106} INFO - 26/04/12 19:10:41 INFO MemoryStore: MemoryStore cleared
[2026-04-12T19:10:41.496+0000] {subprocess.py:106} INFO - 26/04/12 19:10:41 INFO BlockManager: BlockManager stopped
[2026-04-12T19:10:41.506+0000] {subprocess.py:106} INFO - 26/04/12 19:10:41 INFO BlockManagerMaster: BlockManagerMaster stopped
[2026-04-12T19:10:41.512+0000] {subprocess.py:106} INFO - 26/04/12 19:10:41 INFO OutputCommitCoordinator$OutputCommitCoordinatorEndpoint: OutputCommitCoordinator stopped!
[2026-04-12T19:10:41.551+0000] {subprocess.py:106} INFO - 26/04/12 19:10:41 INFO SparkContext: Successfully stopped SparkContext
[2026-04-12T19:10:41.552+0000] {subprocess.py:106} INFO - 26/04/12 19:10:41 INFO ShutdownHookManager: Shutdown hook called
[2026-04-12T19:10:41.553+0000] {subprocess.py:106} INFO - 26/04/12 19:10:41 INFO ShutdownHookManager: Deleting directory /tmp/spark-d7a376c2-c94f-4315-80dc-f715f99841b6
[2026-04-12T19:10:41.558+0000] {subprocess.py:106} INFO - 26/04/12 19:10:41 INFO ShutdownHookManager: Deleting directory /tmp/spark-1d945e26-6722-4932-96a4-5845f3433a55
[2026-04-12T19:10:41.563+0000] {subprocess.py:106} INFO - 26/04/12 19:10:41 INFO ShutdownHookManager: Deleting directory /tmp/spark-1d945e26-6722-4932-96a4-5845f3433a55/pyspark-d85c8a89-1a32-4b53-a3dd-8932bd22d8dd
[2026-04-12T19:10:41.573+0000] {subprocess.py:106} INFO - 26/04/12 19:10:41 INFO MetricsSystemImpl: Stopping s3a-file-system metrics system...
[2026-04-12T19:10:41.575+0000] {subprocess.py:106} INFO - 26/04/12 19:10:41 INFO MetricsSystemImpl: s3a-file-system metrics system stopped.
[2026-04-12T19:10:41.575+0000] {subprocess.py:106} INFO - 26/04/12 19:10:41 INFO MetricsSystemImpl: s3a-file-system metrics system shutdown complete.
[2026-04-12T19:10:41.650+0000] {subprocess.py:110} INFO - Command exited with return code 1
[2026-04-12T19:10:41.689+0000] {taskinstance.py:3311} ERROR - Task failed with exception
Traceback (most recent call last):
  File "/home/airflow/.local/lib/python3.12/site-packages/airflow/models/taskinstance.py", line 762, in _execute_task
    result = _execute_callable(context=context, **execute_callable_kwargs)
             ^^^^^^^^^^^^^^^^^^^^^^^^^^^^^^^^^^^^^^^^^^^^^^^^^^^^^^^^^^^^^
  File "/home/airflow/.local/lib/python3.12/site-packages/airflow/models/taskinstance.py", line 733, in _execute_callable
    return ExecutionCallableRunner(
           ^^^^^^^^^^^^^^^^^^^^^^^^
  File "/home/airflow/.local/lib/python3.12/site-packages/airflow/utils/operator_helpers.py", line 252, in run
    return self.func(*args, **kwargs)
           ^^^^^^^^^^^^^^^^^^^^^^^^^^
  File "/home/airflow/.local/lib/python3.12/site-packages/airflow/models/baseoperator.py", line 417, in wrapper
    return func(self, *args, **kwargs)
           ^^^^^^^^^^^^^^^^^^^^^^^^^^^
  File "/home/airflow/.local/lib/python3.12/site-packages/airflow/operators/bash.py", line 276, in execute
    raise AirflowException(
airflow.exceptions.AirflowException: Bash command failed. The command returned a non-zero exit code 1.
[2026-04-12T19:10:41.709+0000] {taskinstance.py:1225} INFO - Marking task as UP_FOR_RETRY. dag_id=stackoverflow_pipeline, task_id=silver_transform, run_id=manual__2026-04-12T19:09:41+00:00, execution_date=20260412T190941, start_date=20260412T190950, end_date=20260412T191041
[2026-04-12T19:10:41.737+0000] {taskinstance.py:340} INFO - ::group::Post task execution logs
[2026-04-12T19:10:41.738+0000] {standard_task_runner.py:124} ERROR - Failed to execute job 11 for task silver_transform (Bash command failed. The command returned a non-zero exit code 1.; 446)
Traceback (most recent call last):
  File "/home/airflow/.local/lib/python3.12/site-packages/airflow/task/task_runner/standard_task_runner.py", line 117, in _start_by_fork
    ret = args.func(args, dag=self.dag)
          ^^^^^^^^^^^^^^^^^^^^^^^^^^^^^
  File "/home/airflow/.local/lib/python3.12/site-packages/airflow/cli/cli_config.py", line 49, in command
    return func(*args, **kwargs)
           ^^^^^^^^^^^^^^^^^^^^^
  File "/home/airflow/.local/lib/python3.12/site-packages/airflow/utils/cli.py", line 116, in wrapper
    return f(*args, **kwargs)
           ^^^^^^^^^^^^^^^^^^
  File "/home/airflow/.local/lib/python3.12/site-packages/airflow/cli/commands/task_command.py", line 483, in task_run
    task_return_code = _run_task_by_selected_method(args, _dag, ti)
                       ^^^^^^^^^^^^^^^^^^^^^^^^^^^^^^^^^^^^^^^^^^^^
  File "/home/airflow/.local/lib/python3.12/site-packages/airflow/cli/commands/task_command.py", line 256, in _run_task_by_selected_method
    return _run_raw_task(args, ti)
           ^^^^^^^^^^^^^^^^^^^^^^^
  File "/home/airflow/.local/lib/python3.12/site-packages/airflow/cli/commands/task_command.py", line 341, in _run_raw_task
    return ti._run_raw_task(
           ^^^^^^^^^^^^^^^^^
  File "/home/airflow/.local/lib/python3.12/site-packages/airflow/utils/session.py", line 97, in wrapper
    return func(*args, session=session, **kwargs)
           ^^^^^^^^^^^^^^^^^^^^^^^^^^^^^^^^^^^^^^
  File "/home/airflow/.local/lib/python3.12/site-packages/airflow/models/taskinstance.py", line 3005, in _run_raw_task
    return _run_raw_task(
           ^^^^^^^^^^^^^^
  File "/home/airflow/.local/lib/python3.12/site-packages/airflow/models/taskinstance.py", line 273, in _run_raw_task
    TaskInstance._execute_task_with_callbacks(
  File "/home/airflow/.local/lib/python3.12/site-packages/airflow/models/taskinstance.py", line 3159, in _execute_task_with_callbacks
    result = self._execute_task(context, task_orig)
             ^^^^^^^^^^^^^^^^^^^^^^^^^^^^^^^^^^^^^^
  File "/home/airflow/.local/lib/python3.12/site-packages/airflow/models/taskinstance.py", line 3183, in _execute_task
    return _execute_task(self, context, task_orig)
           ^^^^^^^^^^^^^^^^^^^^^^^^^^^^^^^^^^^^^^^
  File "/home/airflow/.local/lib/python3.12/site-packages/airflow/models/taskinstance.py", line 762, in _execute_task
    result = _execute_callable(context=context, **execute_callable_kwargs)
             ^^^^^^^^^^^^^^^^^^^^^^^^^^^^^^^^^^^^^^^^^^^^^^^^^^^^^^^^^^^^^
  File "/home/airflow/.local/lib/python3.12/site-packages/airflow/models/taskinstance.py", line 733, in _execute_callable
    return ExecutionCallableRunner(
           ^^^^^^^^^^^^^^^^^^^^^^^^
  File "/home/airflow/.local/lib/python3.12/site-packages/airflow/utils/operator_helpers.py", line 252, in run
    return self.func(*args, **kwargs)
           ^^^^^^^^^^^^^^^^^^^^^^^^^^
  File "/home/airflow/.local/lib/python3.12/site-packages/airflow/models/baseoperator.py", line 417, in wrapper
    return func(self, *args, **kwargs)
           ^^^^^^^^^^^^^^^^^^^^^^^^^^^
  File "/home/airflow/.local/lib/python3.12/site-packages/airflow/operators/bash.py", line 276, in execute
    raise AirflowException(
airflow.exceptions.AirflowException: Bash command failed. The command returned a non-zero exit code 1.
[2026-04-12T19:10:41.779+0000] {local_task_job_runner.py:266} INFO - Task exited with return code 1
[2026-04-12T19:10:41.799+0000] {taskinstance.py:3895} INFO - 0 downstream tasks scheduled from follow-on schedule check
[2026-04-12T19:10:41.802+0000] {local_task_job_runner.py:245} INFO - ::endgroup::
