[2026-04-15T00:31:56.519+0000] {local_task_job_runner.py:123} INFO - ::group::Pre task execution logs
[2026-04-15T00:31:56.546+0000] {taskinstance.py:2613} INFO - Dependencies all met for dep_context=non-requeueable deps ti=<TaskInstance: stackoverflow_pipeline.gold_agg manual__2026-04-14T23:12:12.535566+00:00 [queued]>
[2026-04-15T00:31:56.556+0000] {taskinstance.py:2613} INFO - Dependencies all met for dep_context=requeueable deps ti=<TaskInstance: stackoverflow_pipeline.gold_agg manual__2026-04-14T23:12:12.535566+00:00 [queued]>
[2026-04-15T00:31:56.557+0000] {taskinstance.py:2866} INFO - Starting attempt 8 of 9
[2026-04-15T00:31:56.581+0000] {taskinstance.py:2889} INFO - Executing <Task(PythonOperator): gold_agg> on 2026-04-14 23:12:12.535566+00:00
[2026-04-15T00:31:56.590+0000] {logging_mixin.py:190} WARNING - /home/***/.local/lib/python3.12/site-packages/***/task/task_runner/standard_task_runner.py:70 DeprecationWarning: This process (pid=7663) is multi-threaded, use of fork() may lead to deadlocks in the child.
[2026-04-15T00:31:56.592+0000] {standard_task_runner.py:72} INFO - Started process 7664 to run task
[2026-04-15T00:31:56.592+0000] {standard_task_runner.py:104} INFO - Running: ['***', 'tasks', 'run', 'stackoverflow_pipeline', 'gold_agg', 'manual__2026-04-14T23:12:12.535566+00:00', '--job-id', '14', '--raw', '--subdir', 'DAGS_FOLDER/stackoverflow_pipeline.py', '--cfg-path', '/tmp/tmp0w609cfp']
[2026-04-15T00:31:56.594+0000] {standard_task_runner.py:105} INFO - Job 14: Subtask gold_agg
[2026-04-15T00:31:56.652+0000] {task_command.py:467} INFO - Running <TaskInstance: stackoverflow_pipeline.gold_agg manual__2026-04-14T23:12:12.535566+00:00 [running]> on host 853e52885e5c
[2026-04-15T00:31:56.747+0000] {taskinstance.py:3132} INFO - Exporting env vars: AIRFLOW_CTX_DAG_OWNER='fhbd-grupo' AIRFLOW_CTX_DAG_ID='stackoverflow_pipeline' AIRFLOW_CTX_TASK_ID='gold_agg' AIRFLOW_CTX_EXECUTION_DATE='2026-04-14T23:12:12.535566+00:00' AIRFLOW_CTX_TRY_NUMBER='8' AIRFLOW_CTX_DAG_RUN_ID='manual__2026-04-14T23:12:12.535566+00:00'
[2026-04-15T00:31:56.748+0000] {taskinstance.py:731} INFO - ::endgroup::
[2026-04-15T00:31:56.765+0000] {stackoverflow_pipeline.py:262} INFO - Running command: /opt/spark/bin/spark-submit --master local[1] --conf spark.submit.deployMode=client --conf spark.driver.bindAddress=0.0.0.0 --conf spark.driver.memory=1500m --conf spark.sql.shuffle.partitions=2 --conf spark.sql.extensions=org.apache.iceberg.spark.extensions.IcebergSparkSessionExtensions,org.projectnessie.spark.extensions.NessieSparkSessionExtensions --conf spark.sql.catalog.nessie=org.apache.iceberg.spark.SparkCatalog --conf spark.sql.catalog.nessie.catalog-impl=org.apache.iceberg.nessie.NessieCatalog --conf spark.sql.catalog.nessie.uri=http://proyecto2-nessie:19120/api/v1 --conf spark.sql.catalog.nessie.ref=main --conf spark.sql.catalog.nessie.authentication.type=NONE --conf spark.sql.catalog.nessie.warehouse=s3a://iceberg/ --conf spark.hadoop.fs.s3a.endpoint=http://proyecto2-minio:9000 --conf spark.hadoop.fs.s3a.access.key=minioadmin --conf spark.hadoop.fs.s3a.secret.key=minioadmin123 --conf spark.hadoop.fs.s3a.path.style.access=true --conf spark.hadoop.fs.s3a.impl=org.apache.hadoop.fs.s3a.S3AFileSystem --conf spark.hadoop.fs.s3a.aws.credentials.provider=org.apache.hadoop.fs.s3a.SimpleAWSCredentialsProvider --conf spark.hadoop.fs.s3a.connection.ssl.enabled=false --conf spark.driver.maxResultSize=512m --conf spark.memory.fraction=0.5 --packages org.apache.iceberg:iceberg-spark-runtime-3.5_2.12:1.6.1,org.projectnessie.nessie-integrations:nessie-spark-extensions-3.5_2.12:0.95.0,org.apache.hadoop:hadoop-aws:3.3.4,com.amazonaws:aws-java-sdk-bundle:1.12.262 --name gold_cant_post_x_user_hist --verbose /opt/***/scripts/gold_agg.py
[2026-04-15T00:31:56.765+0000] {stackoverflow_pipeline.py:263} INFO - Environment vars: CH_DB=stackoverflow, CH_HOST=play.clickhouse.com, CH_PASSWORD=, CH_PORT=443, CH_USER=play, GOLD_NAMESPACE=gold, MAX_ROWS=100000, MINIO_ACCESS_KEY=minioadmin, MINIO_BUCKET_BRONZE=bronze, MINIO_BUCKET_ICEBERG=iceberg, MINIO_ENDPOINT=http://proyecto2-minio:9000, MINIO_SECRET_KEY=minioadmin123, NESSIE_BRANCH=main, NESSIE_URL=http://proyecto2-nessie:19120/api/v1, SILVER_NAMESPACE=silver
[2026-04-15T00:32:29.700+0000] {stackoverflow_pipeline.py:268} INFO - Spark stdout:
:: loading settings :: url = jar:file:/opt/spark/jars/ivy-2.5.1.jar!/org/apache/ivy/core/settings/ivysettings.xml
/opt/***/scripts/gold_agg.py:37: DeprecationWarning: datetime.datetime.utcnow() is deprecated and scheduled for removal in a future version. Use timezone-aware objects to represent datetimes in UTC: datetime.datetime.now(datetime.UTC).
  FECHA_CARGUE   = datetime.utcnow().strftime("%Y-%m-%d %H:%M:%S")
2026-04-15 00:32:01,548 INFO ============================================================
2026-04-15 00:32:01,548 INFO GOLD AGG — cant_post_x_user_hist ★
2026-04-15 00:32:01,548 INFO Fuentes: nessie.silver.post_hist + nessie.silver.users_hist
2026-04-15 00:32:01,548 INFO ============================================================
2026-04-15 00:32:13,206 INFO Spark version: 3.5.5
2026-04-15 00:32:16,861 INFO Namespace 'nessie.gold' listo.
2026-04-15 00:32:16,861 INFO 
[★] cant_post_x_user_hist
2026-04-15 00:32:21,195 INFO   Tabla 'nessie.gold.cant_post_x_user_hist' existe → MERGE
#
# A fatal error has been detected by the Java Runtime Environment:
#
#  SIGSEGV (0xb) at pc=0x00007f7d5c9a43b4, pid=7666, tid=7926
#
# JRE version: OpenJDK Runtime Environment (17.0.18+8) (build 17.0.18+8-Debian-1deb12u1)
# Java VM: OpenJDK 64-Bit Server VM (17.0.18+8-Debian-1deb12u1, mixed mode, sharing, tiered, compressed oops, compressed class ptrs, g1 gc, linux-amd64)
# Problematic frame:
# j  org.apache.iceberg.shaded.io.netty.util.internal.InternalThreadLocalMap.slowGet()Lorg/apache/iceberg/shaded/io/netty/util/internal/InternalThreadLocalMap;+0
#
# No core dump will be written. Core dumps have been disabled. To enable core dumping, try "ulimit -c unlimited" before starting Java again
#
# An error report file with more information is saved as:
# /opt/***/hs_err_pid7666.log
#
# If you would like to submit a bug report, please visit:
#   https://bugs.debian.org/openjdk-17
#

[2026-04-15T00:32:29.701+0000] {stackoverflow_pipeline.py:270} ERROR - Spark stderr:
/opt/spark/bin/load-spark-env.sh: line 68: ps: command not found
Using properties file: null
Parsed arguments:
  master                  local[1]
  remote                  null
  deployMode              client
  executorMemory          null
  executorCores           null
  totalExecutorCores      null
  propertiesFile          null
  driverMemory            1500m
  driverCores             null
  driverExtraClassPath    null
  driverExtraLibraryPath  null
  driverExtraJavaOptions  null
  supervise               false
  queue                   null
  numExecutors            null
  files                   null
  pyFiles                 null
  archives                null
  mainClass               null
  primaryResource         file:/opt/***/scripts/gold_agg.py
  name                    gold_cant_post_x_user_hist
  childArgs               []
  jars                    null
  packages                org.apache.iceberg:iceberg-spark-runtime-3.5_2.12:1.6.1,org.projectnessie.nessie-integrations:nessie-spark-extensions-3.5_2.12:0.95.0,org.apache.hadoop:hadoop-aws:3.3.4,com.amazonaws:aws-java-sdk-bundle:1.12.262
  packagesExclusions      null
  repositories            null
  verbose                 true

Spark properties used, including those specified through
 --conf and those from the properties file null:
  (spark.driver.bindAddress,0.0.0.0)
  (spark.driver.maxResultSize,512m)
  (spark.driver.memory,1500m)
  (spark.hadoop.fs.s3a.access.key,*********(redacted))
  (spark.hadoop.fs.s3a.aws.credentials.provider,org.apache.hadoop.fs.s3a.SimpleAWSCredentialsProvider)
  (spark.hadoop.fs.s3a.connection.ssl.enabled,false)
  (spark.hadoop.fs.s3a.endpoint,http://proyecto2-minio:9000)
  (spark.hadoop.fs.s3a.impl,org.apache.hadoop.fs.s3a.S3AFileSystem)
  (spark.hadoop.fs.s3a.path.style.access,true)
  (spark.hadoop.fs.s3a.secret.key,*********(redacted))
  (spark.memory.fraction,0.5)
  (spark.sql.catalog.nessie,org.apache.iceberg.spark.SparkCatalog)
  (spark.sql.catalog.nessie.authentication.type,NONE)
  (spark.sql.catalog.nessie.catalog-impl,org.apache.iceberg.nessie.NessieCatalog)
  (spark.sql.catalog.nessie.ref,main)
  (spark.sql.catalog.nessie.uri,http://proyecto2-nessie:19120/api/v1)
  (spark.sql.catalog.nessie.warehouse,s3a://iceberg/)
  (spark.sql.extensions,org.apache.iceberg.spark.extensions.IcebergSparkSessionExtensions,org.projectnessie.spark.extensions.NessieSparkSessionExtensions)
  (spark.sql.shuffle.partitions,2)
  (spark.submit.deployMode,client)

    
Ivy Default Cache set to: /home/***/.ivy2/cache
The jars for the packages stored in: /home/***/.ivy2/jars
org.apache.iceberg#iceberg-spark-runtime-3.5_2.12 added as a dependency
org.projectnessie.nessie-integrations#nessie-spark-extensions-3.5_2.12 added as a dependency
org.apache.hadoop#hadoop-aws added as a dependency
com.amazonaws#aws-java-sdk-bundle added as a dependency
:: resolving dependencies :: org.apache.spark#spark-submit-parent-23b70537-707a-461d-bcad-426f095504e5;1.0
	confs: [default]
	found org.apache.iceberg#iceberg-spark-runtime-3.5_2.12;1.6.1 in central
	found org.projectnessie.nessie-integrations#nessie-spark-extensions-3.5_2.12;0.95.0 in central
	found org.apache.hadoop#hadoop-aws;3.3.4 in central
	found com.amazonaws#aws-java-sdk-bundle;1.12.262 in central
	found org.wildfly.openssl#wildfly-openssl;1.0.7.Final in central
:: resolution report :: resolve 365ms :: artifacts dl 20ms
	:: modules in use:
	com.amazonaws#aws-java-sdk-bundle;1.12.262 from central in [default]
	org.apache.hadoop#hadoop-aws;3.3.4 from central in [default]
	org.apache.iceberg#iceberg-spark-runtime-3.5_2.12;1.6.1 from central in [default]
	org.projectnessie.nessie-integrations#nessie-spark-extensions-3.5_2.12;0.95.0 from central in [default]
	org.wildfly.openssl#wildfly-openssl;1.0.7.Final from central in [default]
	---------------------------------------------------------------------
	|                  |            modules            ||   artifacts   |
	|       conf       | number| search|dwnlded|evicted|| number|dwnlded|
	---------------------------------------------------------------------
	|      default     |   5   |   0   |   0   |   0   ||   5   |   0   |
	---------------------------------------------------------------------
:: retrieving :: org.apache.spark#spark-submit-parent-23b70537-707a-461d-bcad-426f095504e5
	confs: [default]
	0 artifacts copied, 5 already retrieved (0kB/15ms)
26/04/15 00:31:59 WARN NativeCodeLoader: Unable to load native-hadoop library for your platform... using builtin-java classes where applicable
Main class:
org.apache.spark.deploy.PythonRunner
Arguments:
file:/opt/***/scripts/gold_agg.py
file:///home/***/.ivy2/jars/org.apache.iceberg_iceberg-spark-runtime-3.5_2.12-1.6.1.jar,file:///home/***/.ivy2/jars/org.projectnessie.nessie-integrations_nessie-spark-extensions-3.5_2.12-0.95.0.jar,file:///home/***/.ivy2/jars/org.apache.hadoop_hadoop-aws-3.3.4.jar,file:///home/***/.ivy2/jars/com.amazonaws_aws-java-sdk-bundle-1.12.262.jar,file:///home/***/.ivy2/jars/org.wildfly.openssl_wildfly-openssl-1.0.7.Final.jar
Spark config:
(spark.app.name,gold_cant_post_x_user_hist)
(spark.app.submitTime,1776213120015)
(spark.driver.bindAddress,0.0.0.0)
(spark.driver.maxResultSize,512m)
(spark.driver.memory,1500m)
(spark.files,file:///home/***/.ivy2/jars/org.apache.iceberg_iceberg-spark-runtime-3.5_2.12-1.6.1.jar,file:///home/***/.ivy2/jars/org.projectnessie.nessie-integrations_nessie-spark-extensions-3.5_2.12-0.95.0.jar,file:///home/***/.ivy2/jars/org.apache.hadoop_hadoop-aws-3.3.4.jar,file:///home/***/.ivy2/jars/com.amazonaws_aws-java-sdk-bundle-1.12.262.jar,file:///home/***/.ivy2/jars/org.wildfly.openssl_wildfly-openssl-1.0.7.Final.jar)
(spark.hadoop.fs.s3a.access.key,*********(redacted))
(spark.hadoop.fs.s3a.aws.credentials.provider,org.apache.hadoop.fs.s3a.SimpleAWSCredentialsProvider)
(spark.hadoop.fs.s3a.connection.ssl.enabled,false)
(spark.hadoop.fs.s3a.endpoint,http://proyecto2-minio:9000)
(spark.hadoop.fs.s3a.impl,org.apache.hadoop.fs.s3a.S3AFileSystem)
(spark.hadoop.fs.s3a.path.style.access,true)
(spark.hadoop.fs.s3a.secret.key,*********(redacted))
(spark.jars,file:///home/***/.ivy2/jars/org.apache.iceberg_iceberg-spark-runtime-3.5_2.12-1.6.1.jar,file:///home/***/.ivy2/jars/org.projectnessie.nessie-integrations_nessie-spark-extensions-3.5_2.12-0.95.0.jar,file:///home/***/.ivy2/jars/org.apache.hadoop_hadoop-aws-3.3.4.jar,file:///home/***/.ivy2/jars/com.amazonaws_aws-java-sdk-bundle-1.12.262.jar,file:///home/***/.ivy2/jars/org.wildfly.openssl_wildfly-openssl-1.0.7.Final.jar)
(spark.master,local[1])
(spark.memory.fraction,0.5)
(spark.repl.local.jars,file:///home/***/.ivy2/jars/org.apache.iceberg_iceberg-spark-runtime-3.5_2.12-1.6.1.jar,file:///home/***/.ivy2/jars/org.projectnessie.nessie-integrations_nessie-spark-extensions-3.5_2.12-0.95.0.jar,file:///home/***/.ivy2/jars/org.apache.hadoop_hadoop-aws-3.3.4.jar,file:///home/***/.ivy2/jars/com.amazonaws_aws-java-sdk-bundle-1.12.262.jar,file:///home/***/.ivy2/jars/org.wildfly.openssl_wildfly-openssl-1.0.7.Final.jar)
(spark.sql.catalog.nessie,org.apache.iceberg.spark.SparkCatalog)
(spark.sql.catalog.nessie.authentication.type,NONE)
(spark.sql.catalog.nessie.catalog-impl,org.apache.iceberg.nessie.NessieCatalog)
(spark.sql.catalog.nessie.ref,main)
(spark.sql.catalog.nessie.uri,http://proyecto2-nessie:19120/api/v1)
(spark.sql.catalog.nessie.warehouse,s3a://iceberg/)
(spark.sql.extensions,org.apache.iceberg.spark.extensions.IcebergSparkSessionExtensions,org.projectnessie.spark.extensions.NessieSparkSessionExtensions)
(spark.sql.shuffle.partitions,2)
(spark.submit.deployMode,client)
(spark.submit.pyFiles,/home/***/.ivy2/jars/org.apache.iceberg_iceberg-spark-runtime-3.5_2.12-1.6.1.jar,/home/***/.ivy2/jars/org.projectnessie.nessie-integrations_nessie-spark-extensions-3.5_2.12-0.95.0.jar,/home/***/.ivy2/jars/org.apache.hadoop_hadoop-aws-3.3.4.jar,/home/***/.ivy2/jars/com.amazonaws_aws-java-sdk-bundle-1.12.262.jar,/home/***/.ivy2/jars/org.wildfly.openssl_wildfly-openssl-1.0.7.Final.jar)
Classpath elements:
file:///home/***/.ivy2/jars/org.apache.iceberg_iceberg-spark-runtime-3.5_2.12-1.6.1.jar
file:///home/***/.ivy2/jars/org.projectnessie.nessie-integrations_nessie-spark-extensions-3.5_2.12-0.95.0.jar
file:///home/***/.ivy2/jars/org.apache.hadoop_hadoop-aws-3.3.4.jar
file:///home/***/.ivy2/jars/com.amazonaws_aws-java-sdk-bundle-1.12.262.jar
file:///home/***/.ivy2/jars/org.wildfly.openssl_wildfly-openssl-1.0.7.Final.jar


26/04/15 00:32:01 INFO SparkContext: Running Spark version 3.5.5
26/04/15 00:32:01 INFO SparkContext: OS info Linux, 5.15.153.1-microsoft-standard-WSL2, amd64
26/04/15 00:32:01 INFO SparkContext: Java version 17.0.18
26/04/15 00:32:01 INFO ResourceUtils: ==============================================================
26/04/15 00:32:01 INFO ResourceUtils: No custom resources configured for spark.driver.
26/04/15 00:32:01 INFO ResourceUtils: ==============================================================
26/04/15 00:32:01 INFO SparkContext: Submitted application: gold_agg
26/04/15 00:32:01 INFO ResourceProfile: Default ResourceProfile created, executor resources: Map(cores -> name: cores, amount: 1, script: , vendor: , memory -> name: memory, amount: 1024, script: , vendor: , offHeap -> name: offHeap, amount: 0, script: , vendor: ), task resources: Map(cpus -> name: cpus, amount: 1.0)
26/04/15 00:32:01 INFO ResourceProfile: Limiting resource is cpu
26/04/15 00:32:01 INFO ResourceProfileManager: Added ResourceProfile id: 0
26/04/15 00:32:01 INFO SecurityManager: Changing view acls to: ***
26/04/15 00:32:01 INFO SecurityManager: Changing modify acls to: ***
26/04/15 00:32:01 INFO SecurityManager: Changing view acls groups to: 
26/04/15 00:32:01 INFO SecurityManager: Changing modify acls groups to: 
26/04/15 00:32:01 INFO SecurityManager: SecurityManager: authentication disabled; ui acls disabled; users with view permissions: ***; groups with view permissions: EMPTY; users with modify permissions: ***; groups with modify permissions: EMPTY
26/04/15 00:32:02 INFO Utils: Successfully started service 'sparkDriver' on port 42601.
26/04/15 00:32:02 INFO SparkEnv: Registering MapOutputTracker
26/04/15 00:32:02 INFO SparkEnv: Registering BlockManagerMaster
26/04/15 00:32:02 INFO BlockManagerMasterEndpoint: Using org.apache.spark.storage.DefaultTopologyMapper for getting topology information
26/04/15 00:32:02 INFO BlockManagerMasterEndpoint: BlockManagerMasterEndpoint up
26/04/15 00:32:02 INFO SparkEnv: Registering BlockManagerMasterHeartbeat
26/04/15 00:32:02 INFO DiskBlockManager: Created local directory at /tmp/blockmgr-9fd0dfb7-0df1-4463-b4c8-0fc17cc9c206
26/04/15 00:32:02 INFO MemoryStore: MemoryStore started with capacity 600.0 MiB
26/04/15 00:32:02 INFO SparkEnv: Registering OutputCommitCoordinator
26/04/15 00:32:02 INFO JettyUtils: Start Jetty 0.0.0.0:4040 for SparkUI
26/04/15 00:32:02 INFO Utils: Successfully started service 'SparkUI' on port 4040.
26/04/15 00:32:02 INFO SparkContext: Added JAR file:///home/***/.ivy2/jars/org.apache.iceberg_iceberg-spark-runtime-3.5_2.12-1.6.1.jar at spark://853e52885e5c:42601/jars/org.apache.iceberg_iceberg-spark-runtime-3.5_2.12-1.6.1.jar with timestamp 1776213121747
26/04/15 00:32:02 INFO SparkContext: Added JAR file:///home/***/.ivy2/jars/org.projectnessie.nessie-integrations_nessie-spark-extensions-3.5_2.12-0.95.0.jar at spark://853e52885e5c:42601/jars/org.projectnessie.nessie-integrations_nessie-spark-extensions-3.5_2.12-0.95.0.jar with timestamp 1776213121747
26/04/15 00:32:02 INFO SparkContext: Added JAR file:///home/***/.ivy2/jars/org.apache.hadoop_hadoop-aws-3.3.4.jar at spark://853e52885e5c:42601/jars/org.apache.hadoop_hadoop-aws-3.3.4.jar with timestamp 1776213121747
26/04/15 00:32:02 INFO SparkContext: Added JAR file:///home/***/.ivy2/jars/com.amazonaws_aws-java-sdk-bundle-1.12.262.jar at spark://853e52885e5c:42601/jars/com.amazonaws_aws-java-sdk-bundle-1.12.262.jar with timestamp 1776213121747
26/04/15 00:32:02 INFO SparkContext: Added JAR file:///home/***/.ivy2/jars/org.wildfly.openssl_wildfly-openssl-1.0.7.Final.jar at spark://853e52885e5c:42601/jars/org.wildfly.openssl_wildfly-openssl-1.0.7.Final.jar with timestamp 1776213121747
26/04/15 00:32:02 INFO SparkContext: Added file file:///home/***/.ivy2/jars/org.apache.iceberg_iceberg-spark-runtime-3.5_2.12-1.6.1.jar at file:///home/***/.ivy2/jars/org.apache.iceberg_iceberg-spark-runtime-3.5_2.12-1.6.1.jar with timestamp 1776213121747
26/04/15 00:32:02 INFO Utils: Copying /home/***/.ivy2/jars/org.apache.iceberg_iceberg-spark-runtime-3.5_2.12-1.6.1.jar to /tmp/spark-315bade0-a1e0-4bb4-bccb-350ae5d10f01/userFiles-4e46e003-d2e4-481d-aa6b-26a84b5b8ada/org.apache.iceberg_iceberg-spark-runtime-3.5_2.12-1.6.1.jar
26/04/15 00:32:02 INFO SparkContext: Added file file:///home/***/.ivy2/jars/org.projectnessie.nessie-integrations_nessie-spark-extensions-3.5_2.12-0.95.0.jar at file:///home/***/.ivy2/jars/org.projectnessie.nessie-integrations_nessie-spark-extensions-3.5_2.12-0.95.0.jar with timestamp 1776213121747
26/04/15 00:32:02 INFO Utils: Copying /home/***/.ivy2/jars/org.projectnessie.nessie-integrations_nessie-spark-extensions-3.5_2.12-0.95.0.jar to /tmp/spark-315bade0-a1e0-4bb4-bccb-350ae5d10f01/userFiles-4e46e003-d2e4-481d-aa6b-26a84b5b8ada/org.projectnessie.nessie-integrations_nessie-spark-extensions-3.5_2.12-0.95.0.jar
26/04/15 00:32:02 INFO SparkContext: Added file file:///home/***/.ivy2/jars/org.apache.hadoop_hadoop-aws-3.3.4.jar at file:///home/***/.ivy2/jars/org.apache.hadoop_hadoop-aws-3.3.4.jar with timestamp 1776213121747
26/04/15 00:32:02 INFO Utils: Copying /home/***/.ivy2/jars/org.apache.hadoop_hadoop-aws-3.3.4.jar to /tmp/spark-315bade0-a1e0-4bb4-bccb-350ae5d10f01/userFiles-4e46e003-d2e4-481d-aa6b-26a84b5b8ada/org.apache.hadoop_hadoop-aws-3.3.4.jar
26/04/15 00:32:02 INFO SparkContext: Added file file:///home/***/.ivy2/jars/com.amazonaws_aws-java-sdk-bundle-1.12.262.jar at file:///home/***/.ivy2/jars/com.amazonaws_aws-java-sdk-bundle-1.12.262.jar with timestamp 1776213121747
26/04/15 00:32:02 INFO Utils: Copying /home/***/.ivy2/jars/com.amazonaws_aws-java-sdk-bundle-1.12.262.jar to /tmp/spark-315bade0-a1e0-4bb4-bccb-350ae5d10f01/userFiles-4e46e003-d2e4-481d-aa6b-26a84b5b8ada/com.amazonaws_aws-java-sdk-bundle-1.12.262.jar
26/04/15 00:32:02 INFO SparkContext: Added file file:///home/***/.ivy2/jars/org.wildfly.openssl_wildfly-openssl-1.0.7.Final.jar at file:///home/***/.ivy2/jars/org.wildfly.openssl_wildfly-openssl-1.0.7.Final.jar with timestamp 1776213121747
26/04/15 00:32:02 INFO Utils: Copying /home/***/.ivy2/jars/org.wildfly.openssl_wildfly-openssl-1.0.7.Final.jar to /tmp/spark-315bade0-a1e0-4bb4-bccb-350ae5d10f01/userFiles-4e46e003-d2e4-481d-aa6b-26a84b5b8ada/org.wildfly.openssl_wildfly-openssl-1.0.7.Final.jar
26/04/15 00:32:03 INFO Executor: Starting executor ID driver on host 853e52885e5c
26/04/15 00:32:03 INFO Executor: OS info Linux, 5.15.153.1-microsoft-standard-WSL2, amd64
26/04/15 00:32:03 INFO Executor: Java version 17.0.18
26/04/15 00:32:03 INFO Executor: Starting executor with user classpath (userClassPathFirst = false): ''
26/04/15 00:32:03 INFO Executor: Created or updated repl class loader org.apache.spark.util.MutableURLClassLoader@5afec81 for default.
26/04/15 00:32:03 INFO Executor: Fetching file:///home/***/.ivy2/jars/org.projectnessie.nessie-integrations_nessie-spark-extensions-3.5_2.12-0.95.0.jar with timestamp 1776213121747
26/04/15 00:32:03 INFO Utils: /home/***/.ivy2/jars/org.projectnessie.nessie-integrations_nessie-spark-extensions-3.5_2.12-0.95.0.jar has been previously copied to /tmp/spark-315bade0-a1e0-4bb4-bccb-350ae5d10f01/userFiles-4e46e003-d2e4-481d-aa6b-26a84b5b8ada/org.projectnessie.nessie-integrations_nessie-spark-extensions-3.5_2.12-0.95.0.jar
26/04/15 00:32:03 INFO Executor: Fetching file:///home/***/.ivy2/jars/org.apache.hadoop_hadoop-aws-3.3.4.jar with timestamp 1776213121747
26/04/15 00:32:03 INFO Utils: /home/***/.ivy2/jars/org.apache.hadoop_hadoop-aws-3.3.4.jar has been previously copied to /tmp/spark-315bade0-a1e0-4bb4-bccb-350ae5d10f01/userFiles-4e46e003-d2e4-481d-aa6b-26a84b5b8ada/org.apache.hadoop_hadoop-aws-3.3.4.jar
26/04/15 00:32:03 INFO Executor: Fetching file:///home/***/.ivy2/jars/org.apache.iceberg_iceberg-spark-runtime-3.5_2.12-1.6.1.jar with timestamp 1776213121747
26/04/15 00:32:03 INFO Utils: /home/***/.ivy2/jars/org.apache.iceberg_iceberg-spark-runtime-3.5_2.12-1.6.1.jar has been previously copied to /tmp/spark-315bade0-a1e0-4bb4-bccb-350ae5d10f01/userFiles-4e46e003-d2e4-481d-aa6b-26a84b5b8ada/org.apache.iceberg_iceberg-spark-runtime-3.5_2.12-1.6.1.jar
26/04/15 00:32:03 INFO Executor: Fetching file:///home/***/.ivy2/jars/org.wildfly.openssl_wildfly-openssl-1.0.7.Final.jar with timestamp 1776213121747
26/04/15 00:32:03 INFO Utils: /home/***/.ivy2/jars/org.wildfly.openssl_wildfly-openssl-1.0.7.Final.jar has been previously copied to /tmp/spark-315bade0-a1e0-4bb4-bccb-350ae5d10f01/userFiles-4e46e003-d2e4-481d-aa6b-26a84b5b8ada/org.wildfly.openssl_wildfly-openssl-1.0.7.Final.jar
26/04/15 00:32:03 INFO Executor: Fetching file:///home/***/.ivy2/jars/com.amazonaws_aws-java-sdk-bundle-1.12.262.jar with timestamp 1776213121747
26/04/15 00:32:03 INFO Utils: /home/***/.ivy2/jars/com.amazonaws_aws-java-sdk-bundle-1.12.262.jar has been previously copied to /tmp/spark-315bade0-a1e0-4bb4-bccb-350ae5d10f01/userFiles-4e46e003-d2e4-481d-aa6b-26a84b5b8ada/com.amazonaws_aws-java-sdk-bundle-1.12.262.jar
26/04/15 00:32:03 INFO Executor: Fetching spark://853e52885e5c:42601/jars/org.apache.iceberg_iceberg-spark-runtime-3.5_2.12-1.6.1.jar with timestamp 1776213121747
26/04/15 00:32:03 INFO TransportClientFactory: Successfully created connection to 853e52885e5c/172.19.0.5:42601 after 39 ms (0 ms spent in bootstraps)
26/04/15 00:32:03 INFO Utils: Fetching spark://853e52885e5c:42601/jars/org.apache.iceberg_iceberg-spark-runtime-3.5_2.12-1.6.1.jar to /tmp/spark-315bade0-a1e0-4bb4-bccb-350ae5d10f01/userFiles-4e46e003-d2e4-481d-aa6b-26a84b5b8ada/fetchFileTemp16926419425369368975.tmp
26/04/15 00:32:04 INFO Utils: /tmp/spark-315bade0-a1e0-4bb4-bccb-350ae5d10f01/userFiles-4e46e003-d2e4-481d-aa6b-26a84b5b8ada/fetchFileTemp16926419425369368975.tmp has been previously copied to /tmp/spark-315bade0-a1e0-4bb4-bccb-350ae5d10f01/userFiles-4e46e003-d2e4-481d-aa6b-26a84b5b8ada/org.apache.iceberg_iceberg-spark-runtime-3.5_2.12-1.6.1.jar
26/04/15 00:32:04 INFO Executor: Adding file:/tmp/spark-315bade0-a1e0-4bb4-bccb-350ae5d10f01/userFiles-4e46e003-d2e4-481d-aa6b-26a84b5b8ada/org.apache.iceberg_iceberg-spark-runtime-3.5_2.12-1.6.1.jar to class loader default
26/04/15 00:32:04 INFO Executor: Fetching spark://853e52885e5c:42601/jars/org.apache.hadoop_hadoop-aws-3.3.4.jar with timestamp 1776213121747
26/04/15 00:32:04 INFO Utils: Fetching spark://853e52885e5c:42601/jars/org.apache.hadoop_hadoop-aws-3.3.4.jar to /tmp/spark-315bade0-a1e0-4bb4-bccb-350ae5d10f01/userFiles-4e46e003-d2e4-481d-aa6b-26a84b5b8ada/fetchFileTemp17850723864572859614.tmp
26/04/15 00:32:04 INFO Utils: /tmp/spark-315bade0-a1e0-4bb4-bccb-350ae5d10f01/userFiles-4e46e003-d2e4-481d-aa6b-26a84b5b8ada/fetchFileTemp17850723864572859614.tmp has been previously copied to /tmp/spark-315bade0-a1e0-4bb4-bccb-350ae5d10f01/userFiles-4e46e003-d2e4-481d-aa6b-26a84b5b8ada/org.apache.hadoop_hadoop-aws-3.3.4.jar
26/04/15 00:32:04 INFO Executor: Adding file:/tmp/spark-315bade0-a1e0-4bb4-bccb-350ae5d10f01/userFiles-4e46e003-d2e4-481d-aa6b-26a84b5b8ada/org.apache.hadoop_hadoop-aws-3.3.4.jar to class loader default
26/04/15 00:32:04 INFO Executor: Fetching spark://853e52885e5c:42601/jars/org.wildfly.openssl_wildfly-openssl-1.0.7.Final.jar with timestamp 1776213121747
26/04/15 00:32:04 INFO Utils: Fetching spark://853e52885e5c:42601/jars/org.wildfly.openssl_wildfly-openssl-1.0.7.Final.jar to /tmp/spark-315bade0-a1e0-4bb4-bccb-350ae5d10f01/userFiles-4e46e003-d2e4-481d-aa6b-26a84b5b8ada/fetchFileTemp2130945695790597513.tmp
26/04/15 00:32:04 INFO Utils: /tmp/spark-315bade0-a1e0-4bb4-bccb-350ae5d10f01/userFiles-4e46e003-d2e4-481d-aa6b-26a84b5b8ada/fetchFileTemp2130945695790597513.tmp has been previously copied to /tmp/spark-315bade0-a1e0-4bb4-bccb-350ae5d10f01/userFiles-4e46e003-d2e4-481d-aa6b-26a84b5b8ada/org.wildfly.openssl_wildfly-openssl-1.0.7.Final.jar
26/04/15 00:32:04 INFO Executor: Adding file:/tmp/spark-315bade0-a1e0-4bb4-bccb-350ae5d10f01/userFiles-4e46e003-d2e4-481d-aa6b-26a84b5b8ada/org.wildfly.openssl_wildfly-openssl-1.0.7.Final.jar to class loader default
26/04/15 00:32:04 INFO Executor: Fetching spark://853e52885e5c:42601/jars/com.amazonaws_aws-java-sdk-bundle-1.12.262.jar with timestamp 1776213121747
26/04/15 00:32:04 INFO Utils: Fetching spark://853e52885e5c:42601/jars/com.amazonaws_aws-java-sdk-bundle-1.12.262.jar to /tmp/spark-315bade0-a1e0-4bb4-bccb-350ae5d10f01/userFiles-4e46e003-d2e4-481d-aa6b-26a84b5b8ada/fetchFileTemp683992514144333099.tmp
26/04/15 00:32:09 INFO Utils: /tmp/spark-315bade0-a1e0-4bb4-bccb-350ae5d10f01/userFiles-4e46e003-d2e4-481d-aa6b-26a84b5b8ada/fetchFileTemp683992514144333099.tmp has been previously copied to /tmp/spark-315bade0-a1e0-4bb4-bccb-350ae5d10f01/userFiles-4e46e003-d2e4-481d-aa6b-26a84b5b8ada/com.amazonaws_aws-java-sdk-bundle-1.12.262.jar
26/04/15 00:32:12 INFO Executor: Adding file:/tmp/spark-315bade0-a1e0-4bb4-bccb-350ae5d10f01/userFiles-4e46e003-d2e4-481d-aa6b-26a84b5b8ada/com.amazonaws_aws-java-sdk-bundle-1.12.262.jar to class loader default
26/04/15 00:32:12 INFO Executor: Fetching spark://853e52885e5c:42601/jars/org.projectnessie.nessie-integrations_nessie-spark-extensions-3.5_2.12-0.95.0.jar with timestamp 1776213121747
26/04/15 00:32:12 INFO Utils: Fetching spark://853e52885e5c:42601/jars/org.projectnessie.nessie-integrations_nessie-spark-extensions-3.5_2.12-0.95.0.jar to /tmp/spark-315bade0-a1e0-4bb4-bccb-350ae5d10f01/userFiles-4e46e003-d2e4-481d-aa6b-26a84b5b8ada/fetchFileTemp7047502789362898084.tmp
26/04/15 00:32:12 INFO Utils: /tmp/spark-315bade0-a1e0-4bb4-bccb-350ae5d10f01/userFiles-4e46e003-d2e4-481d-aa6b-26a84b5b8ada/fetchFileTemp7047502789362898084.tmp has been previously copied to /tmp/spark-315bade0-a1e0-4bb4-bccb-350ae5d10f01/userFiles-4e46e003-d2e4-481d-aa6b-26a84b5b8ada/org.projectnessie.nessie-integrations_nessie-spark-extensions-3.5_2.12-0.95.0.jar
26/04/15 00:32:12 INFO Executor: Adding file:/tmp/spark-315bade0-a1e0-4bb4-bccb-350ae5d10f01/userFiles-4e46e003-d2e4-481d-aa6b-26a84b5b8ada/org.projectnessie.nessie-integrations_nessie-spark-extensions-3.5_2.12-0.95.0.jar to class loader default
26/04/15 00:32:12 INFO Utils: Successfully started service 'org.apache.spark.network.netty.NettyBlockTransferService' on port 35259.
26/04/15 00:32:12 INFO NettyBlockTransferService: Server created on 853e52885e5c 0.0.0.0:35259
26/04/15 00:32:12 INFO BlockManager: Using org.apache.spark.storage.RandomBlockReplicationPolicy for block replication policy
26/04/15 00:32:12 INFO BlockManagerMaster: Registering BlockManager BlockManagerId(driver, 853e52885e5c, 35259, None)
26/04/15 00:32:12 INFO BlockManagerMasterEndpoint: Registering block manager 853e52885e5c:35259 with 600.0 MiB RAM, BlockManagerId(driver, 853e52885e5c, 35259, None)
26/04/15 00:32:12 INFO BlockManagerMaster: Registered BlockManager BlockManagerId(driver, 853e52885e5c, 35259, None)
26/04/15 00:32:12 INFO BlockManager: Initialized BlockManager: BlockManagerId(driver, 853e52885e5c, 35259, None)
26/04/15 00:32:13 INFO SharedState: Setting hive.metastore.warehouse.dir ('null') to the value of spark.sql.warehouse.dir.
26/04/15 00:32:13 INFO SharedState: Warehouse path is 'file:/opt/***/spark-warehouse'.
26/04/15 00:32:15 INFO CatalogUtil: Loading custom FileIO implementation: org.apache.iceberg.hadoop.HadoopFileIO
26/04/15 00:32:17 INFO BaseMetastoreTableOperations: Refreshing table metadata from new version: s3a://iceberg/silver/post_hist_086d9dd5-09ef-4831-b8b6-aab1d6fda2d1/metadata/00001-bc4e4017-f071-49e1-ba78-265145f2f6a2.metadata.json
26/04/15 00:32:17 WARN MetricsConfig: Cannot locate configuration: tried hadoop-metrics2-s3a-file-system.properties,hadoop-metrics2.properties
26/04/15 00:32:17 INFO MetricsSystemImpl: Scheduled Metric snapshot period at 10 second(s).
26/04/15 00:32:17 INFO MetricsSystemImpl: s3a-file-system metrics system started
26/04/15 00:32:18 INFO NessieUtil: loadTableMetadata for 'silver.post_hist' from location 's3a://iceberg/silver/post_hist_086d9dd5-09ef-4831-b8b6-aab1d6fda2d1/metadata/00001-bc4e4017-f071-49e1-ba78-265145f2f6a2.metadata.json' at 'Branch{name=main, metadata=null, hash=c0a74090283b8dabc058cad5c56132de3fa44baf6190277b82bcee04938c5a4c}'
26/04/15 00:32:18 INFO BaseMetastoreCatalog: Table loaded by catalog: nessie.silver.post_hist
26/04/15 00:32:18 INFO BaseMetastoreTableOperations: Refreshing table metadata from new version: s3a://iceberg/silver/users_hist_1f961856-8934-4255-b9ad-a275c5f9b99a/metadata/00001-d8e88899-045c-4a6b-b646-87705706fc1c.gz.metadata.json
26/04/15 00:32:18 INFO NessieUtil: loadTableMetadata for 'silver.users_hist' from location 's3a://iceberg/silver/users_hist_1f961856-8934-4255-b9ad-a275c5f9b99a/metadata/00001-d8e88899-045c-4a6b-b646-87705706fc1c.gz.metadata.json' at 'Branch{name=main, metadata=null, hash=c0a74090283b8dabc058cad5c56132de3fa44baf6190277b82bcee04938c5a4c}'
26/04/15 00:32:18 INFO BaseMetastoreCatalog: Table loaded by catalog: nessie.silver.users_hist
26/04/15 00:32:19 INFO BaseMetastoreTableOperations: Refreshing table metadata from new version: s3a://iceberg/gold/cant_post_x_user_hist_429196b2-8a09-4433-aec3-acb5f118ff28/metadata/00000-2f3e1a30-2f2a-491e-bb86-080c9a781827.gz.metadata.json
26/04/15 00:32:19 INFO NessieUtil: loadTableMetadata for 'gold.cant_post_x_user_hist' from location 's3a://iceberg/gold/cant_post_x_user_hist_429196b2-8a09-4433-aec3-acb5f118ff28/metadata/00000-2f3e1a30-2f2a-491e-bb86-080c9a781827.gz.metadata.json' at 'Branch{name=main, metadata=null, hash=c0a74090283b8dabc058cad5c56132de3fa44baf6190277b82bcee04938c5a4c}'
26/04/15 00:32:19 INFO BaseMetastoreCatalog: Table loaded by catalog: nessie.gold.cant_post_x_user_hist
26/04/15 00:32:21 INFO CodeGenerator: Code generated in 380.819761 ms
26/04/15 00:32:22 INFO V2ScanRelationPushDown: 
Pushing operators to nessie.silver.post_hist
Pushed Filters: OwnerUserId IS NOT NULL
Post-Scan Filters: isnotnull(OwnerUserId#15L)
         
26/04/15 00:32:22 INFO V2ScanRelationPushDown: 
Pushing operators to nessie.silver.users_hist
Pushed Filters: Id IS NOT NULL
Post-Scan Filters: isnotnull(Id#33L)
         
26/04/15 00:32:22 INFO V2ScanRelationPushDown: 
Output: Id#8L, Score#12L, ViewCount#13L, OwnerUserId#15L, anio#30
         
26/04/15 00:32:22 INFO V2ScanRelationPushDown: 
Output: Id#33L, DisplayName#36
         
26/04/15 00:32:22 INFO SnapshotScan: Scanning table nessie.silver.post_hist snapshot 7706785561127122128 created at 2026-04-15T00:03:43.719+00:00 with filter OwnerUserId IS NOT NULL
26/04/15 00:32:22 INFO BaseDistributedDataScan: Planning file tasks locally for table nessie.silver.post_hist
26/04/15 00:32:22 INFO SparkPartitioningAwareScan: Reporting UnknownPartitioning with 2 partition(s) for table nessie.silver.post_hist
26/04/15 00:32:22 INFO SnapshotScan: Scanning table nessie.silver.users_hist snapshot 356736919587650702 created at 2026-04-14T23:39:11.491+00:00 with filter Id IS NOT NULL
26/04/15 00:32:23 INFO BaseDistributedDataScan: Planning file tasks locally for table nessie.silver.users_hist
26/04/15 00:32:23 INFO SparkPartitioningAwareScan: Reporting UnknownPartitioning with 1 partition(s) for table nessie.silver.users_hist
26/04/15 00:32:23 INFO GroupBasedRowLevelOperationScanPlanning: 
Pushing operators to nessie.gold.cant_post_x_user_hist
Pushed filters: 
Filters evaluated on data source side: 
Filters evaluated on Spark side: 
Output: user_id#103L, display_name#104, anio#105, cant_posts#106L, total_score#107L, avg_score#108, total_views#109L, fecha_cargue#110, merge_key#111, _file#114
         
26/04/15 00:32:23 INFO V2ScanRelationPushDown: 
Pushing operators to nessie.silver.post_hist
Pushed Filters: OwnerUserId IS NOT NULL
Post-Scan Filters: isnotnull(OwnerUserId#15L)
         
26/04/15 00:32:23 INFO V2ScanRelationPushDown: 
Pushing operators to nessie.silver.users_hist
Pushed Filters: Id IS NOT NULL
Post-Scan Filters: isnotnull(Id#33L)
         
26/04/15 00:32:23 INFO V2ScanRelationPushDown: 
Output: Id#8L, Score#12L, ViewCount#13L, OwnerUserId#15L, anio#30
         
26/04/15 00:32:23 INFO V2ScanRelationPushDown: 
Output: Id#33L, DisplayName#36
         
26/04/15 00:32:23 INFO SnapshotScan: Scanning table nessie.gold.cant_post_x_user_hist snapshot 8390557212787572580 created at 2026-04-15T00:09:53.559+00:00 with filter true
26/04/15 00:32:23 INFO SparkPartitioningAwareScan: Reporting UnknownPartitioning with 0 partition(s) for table nessie.gold.cant_post_x_user_hist
26/04/15 00:32:23 INFO SnapshotScan: Scanning table nessie.silver.post_hist snapshot 7706785561127122128 created at 2026-04-15T00:03:43.719+00:00 with filter OwnerUserId IS NOT NULL
26/04/15 00:32:23 INFO BaseDistributedDataScan: Planning file tasks locally for table nessie.silver.post_hist
26/04/15 00:32:23 INFO SparkPartitioningAwareScan: Reporting UnknownPartitioning with 2 partition(s) for table nessie.silver.post_hist
26/04/15 00:32:23 INFO SnapshotScan: Scanning table nessie.silver.users_hist snapshot 356736919587650702 created at 2026-04-14T23:39:11.491+00:00 with filter Id IS NOT NULL
26/04/15 00:32:23 INFO BaseDistributedDataScan: Planning file tasks locally for table nessie.silver.users_hist
26/04/15 00:32:23 INFO SparkPartitioningAwareScan: Reporting UnknownPartitioning with 1 partition(s) for table nessie.silver.users_hist
26/04/15 00:32:23 INFO SparkWrite: Requesting 0 bytes advisory partition size for table nessie.gold.cant_post_x_user_hist
26/04/15 00:32:23 INFO SparkWrite: Requesting UnspecifiedDistribution as write distribution for table nessie.gold.cant_post_x_user_hist
26/04/15 00:32:23 INFO SparkWrite: Requesting [] as write ordering for table nessie.gold.cant_post_x_user_hist
26/04/15 00:32:23 INFO V2ScanRelationPushDown: 
Pushing operators to nessie.gold.cant_post_x_user_hist
Pushed Filters: merge_key IS NOT NULL
Post-Scan Filters: isnotnull(merge_key#173)
         
26/04/15 00:32:23 INFO V2ScanRelationPushDown: 
Output: merge_key#173, _file#174
         
26/04/15 00:32:23 INFO SnapshotScan: Scanning table nessie.gold.cant_post_x_user_hist snapshot 8390557212787572580 created at 2026-04-15T00:09:53.559+00:00 with filter merge_key IS NOT NULL
26/04/15 00:32:23 INFO BaseDistributedDataScan: Planning file tasks locally for table nessie.gold.cant_post_x_user_hist
26/04/15 00:32:23 INFO SparkPartitioningAwareScan: Reporting UnknownPartitioning with 0 partition(s) for table nessie.gold.cant_post_x_user_hist
26/04/15 00:32:23 INFO SparkPartitioningAwareScan: Reporting UnknownPartitioning with 2 partition(s) for table nessie.silver.post_hist
26/04/15 00:32:23 INFO SparkPartitioningAwareScan: Reporting UnknownPartitioning with 1 partition(s) for table nessie.silver.users_hist
26/04/15 00:32:23 INFO MemoryStore: Block broadcast_0 stored as values in memory (estimated size 32.0 KiB, free 600.0 MiB)
26/04/15 00:32:23 INFO MemoryStore: Block broadcast_0_piece0 stored as bytes in memory (estimated size 30.7 KiB, free 599.9 MiB)
26/04/15 00:32:23 INFO BlockManagerInfo: Added broadcast_0_piece0 in memory on 853e52885e5c:35259 (size: 30.7 KiB, free: 600.0 MiB)
26/04/15 00:32:23 INFO SparkContext: Created broadcast 0 from broadcast at SparkBatch.java:79
26/04/15 00:32:24 INFO MemoryStore: Block broadcast_1 stored as values in memory (estimated size 32.0 KiB, free 599.9 MiB)
26/04/15 00:32:24 INFO MemoryStore: Block broadcast_1_piece0 stored as bytes in memory (estimated size 31.0 KiB, free 599.9 MiB)
26/04/15 00:32:24 INFO BlockManagerInfo: Added broadcast_1_piece0 in memory on 853e52885e5c:35259 (size: 31.0 KiB, free: 599.9 MiB)
26/04/15 00:32:24 INFO SparkContext: Created broadcast 1 from broadcast at SparkBatch.java:79
26/04/15 00:32:24 INFO MemoryStore: Block broadcast_2 stored as values in memory (estimated size 32.0 KiB, free 599.8 MiB)
26/04/15 00:32:24 INFO MemoryStore: Block broadcast_2_piece0 stored as bytes in memory (estimated size 30.8 KiB, free 599.8 MiB)
26/04/15 00:32:24 INFO BlockManagerInfo: Added broadcast_2_piece0 in memory on 853e52885e5c:35259 (size: 30.8 KiB, free: 599.9 MiB)
26/04/15 00:32:24 INFO SparkContext: Created broadcast 2 from broadcast at SparkBatch.java:79
26/04/15 00:32:24 INFO BlockManagerInfo: Removed broadcast_0_piece0 on 853e52885e5c:35259 in memory (size: 30.7 KiB, free: 599.9 MiB)
26/04/15 00:32:24 INFO MemoryStore: Block broadcast_3 stored as values in memory (estimated size 32.0 KiB, free 599.8 MiB)
26/04/15 00:32:24 INFO MemoryStore: Block broadcast_3_piece0 stored as bytes in memory (estimated size 30.6 KiB, free 599.8 MiB)
26/04/15 00:32:24 INFO BlockManagerInfo: Added broadcast_3_piece0 in memory on 853e52885e5c:35259 (size: 30.6 KiB, free: 599.9 MiB)
26/04/15 00:32:24 INFO SparkContext: Created broadcast 3 from broadcast at SparkBatch.java:79
26/04/15 00:32:24 INFO MemoryStore: Block broadcast_4 stored as values in memory (estimated size 32.0 KiB, free 599.8 MiB)
26/04/15 00:32:24 INFO MemoryStore: Block broadcast_4_piece0 stored as bytes in memory (estimated size 31.1 KiB, free 599.8 MiB)
26/04/15 00:32:25 INFO BlockManagerInfo: Added broadcast_4_piece0 in memory on 853e52885e5c:35259 (size: 31.1 KiB, free: 599.9 MiB)
26/04/15 00:32:25 INFO SparkContext: Created broadcast 4 from broadcast at SparkBatch.java:79
26/04/15 00:32:25 INFO MemoryStore: Block broadcast_5 stored as values in memory (estimated size 32.0 KiB, free 599.7 MiB)
26/04/15 00:32:25 INFO MemoryStore: Block broadcast_5_piece0 stored as bytes in memory (estimated size 30.7 KiB, free 599.7 MiB)
26/04/15 00:32:25 INFO BlockManagerInfo: Added broadcast_5_piece0 in memory on 853e52885e5c:35259 (size: 30.7 KiB, free: 599.8 MiB)
26/04/15 00:32:25 INFO SparkContext: Created broadcast 5 from broadcast at SparkBatch.java:79
26/04/15 00:32:25 INFO MemoryStore: Block broadcast_6 stored as values in memory (estimated size 32.0 KiB, free 599.7 MiB)
26/04/15 00:32:25 INFO MemoryStore: Block broadcast_6_piece0 stored as bytes in memory (estimated size 30.7 KiB, free 599.6 MiB)
26/04/15 00:32:25 INFO BlockManagerInfo: Added broadcast_6_piece0 in memory on 853e52885e5c:35259 (size: 30.7 KiB, free: 599.8 MiB)
26/04/15 00:32:25 INFO SparkContext: Created broadcast 6 from broadcast at SparkBatch.java:79
26/04/15 00:32:25 INFO MemoryStore: Block broadcast_7 stored as values in memory (estimated size 32.0 KiB, free 599.6 MiB)
26/04/15 00:32:25 INFO MemoryStore: Block broadcast_7_piece0 stored as bytes in memory (estimated size 31.0 KiB, free 599.6 MiB)
26/04/15 00:32:25 INFO BlockManagerInfo: Added broadcast_7_piece0 in memory on 853e52885e5c:35259 (size: 31.0 KiB, free: 599.8 MiB)
26/04/15 00:32:25 INFO SparkContext: Created broadcast 7 from broadcast at SparkBatch.java:79
26/04/15 00:32:25 INFO MemoryStore: Block broadcast_8 stored as values in memory (estimated size 32.0 KiB, free 599.5 MiB)
26/04/15 00:32:25 INFO MemoryStore: Block broadcast_8_piece0 stored as bytes in memory (estimated size 30.8 KiB, free 599.5 MiB)
26/04/15 00:32:25 INFO BlockManagerInfo: Added broadcast_8_piece0 in memory on 853e52885e5c:35259 (size: 30.8 KiB, free: 599.8 MiB)
26/04/15 00:32:25 INFO SparkContext: Created broadcast 8 from broadcast at SparkBatch.java:79
26/04/15 00:32:25 INFO CodeGenerator: Code generated in 22.892263 ms
26/04/15 00:32:26 INFO CodeGenerator: Code generated in 46.555867 ms
26/04/15 00:32:26 INFO CodeGenerator: Code generated in 43.840293 ms
26/04/15 00:32:26 INFO MemoryStore: Block broadcast_9 stored as values in memory (estimated size 40.0 B, free 599.5 MiB)
26/04/15 00:32:26 INFO MemoryStore: Block broadcast_9_piece0 stored as bytes in memory (estimated size 86.0 B, free 599.5 MiB)
26/04/15 00:32:26 INFO BlockManagerInfo: Added broadcast_9_piece0 in memory on 853e52885e5c:35259 (size: 86.0 B, free: 599.8 MiB)
26/04/15 00:32:26 INFO SparkContext: Created broadcast 9 from sql at NativeMethodAccessorImpl.java:0
26/04/15 00:32:26 INFO SparkCopyOnWriteScan: 0 of 0 task(s) for table nessie.gold.cant_post_x_user_hist matched runtime file filter with 0 location(s)
26/04/15 00:32:26 INFO SparkContext: Starting job: $anonfun$withThreadLocalCaptured$1 at FutureTask.java:264
26/04/15 00:32:26 INFO MemoryStore: Block broadcast_10 stored as values in memory (estimated size 32.0 KiB, free 599.5 MiB)
26/04/15 00:32:26 INFO MemoryStore: Block broadcast_10_piece0 stored as bytes in memory (estimated size 30.6 KiB, free 599.4 MiB)
26/04/15 00:32:26 INFO DAGScheduler: Got job 0 ($anonfun$withThreadLocalCaptured$1 at FutureTask.java:264) with 1 output partitions
26/04/15 00:32:26 INFO DAGScheduler: Final stage: ResultStage 0 ($anonfun$withThreadLocalCaptured$1 at FutureTask.java:264)
26/04/15 00:32:26 INFO DAGScheduler: Parents of final stage: List()
26/04/15 00:32:26 INFO DAGScheduler: Missing parents: List()
26/04/15 00:32:26 INFO DAGScheduler: Submitting ResultStage 0 (MapPartitionsRDD[6] at $anonfun$withThreadLocalCaptured$1 at FutureTask.java:264), which has no missing parents
26/04/15 00:32:26 INFO MemoryStore: Block broadcast_11 stored as values in memory (estimated size 14.5 KiB, free 599.4 MiB)
26/04/15 00:32:26 INFO BlockManagerInfo: Added broadcast_10_piece0 in memory on 853e52885e5c:35259 (size: 30.6 KiB, free: 599.7 MiB)
26/04/15 00:32:26 INFO SparkContext: Created broadcast 10 from broadcast at SparkBatch.java:79
26/04/15 00:32:26 INFO MemoryStore: Block broadcast_11_piece0 stored as bytes in memory (estimated size 5.7 KiB, free 599.4 MiB)
26/04/15 00:32:26 INFO BlockManagerInfo: Added broadcast_11_piece0 in memory on 853e52885e5c:35259 (size: 5.7 KiB, free: 599.7 MiB)
26/04/15 00:32:26 INFO SparkContext: Created broadcast 11 from broadcast at DAGScheduler.scala:1585
26/04/15 00:32:26 INFO MemoryStore: Block broadcast_12 stored as values in memory (estimated size 32.0 KiB, free 599.4 MiB)
26/04/15 00:32:26 INFO MemoryStore: Block broadcast_12_piece0 stored as bytes in memory (estimated size 31.1 KiB, free 599.4 MiB)
26/04/15 00:32:26 INFO BlockManagerInfo: Removed broadcast_6_piece0 on 853e52885e5c:35259 in memory (size: 30.7 KiB, free: 599.8 MiB)
26/04/15 00:32:26 INFO BlockManagerInfo: Added broadcast_12_piece0 in memory on 853e52885e5c:35259 (size: 31.1 KiB, free: 599.7 MiB)
26/04/15 00:32:26 INFO SparkContext: Created broadcast 12 from broadcast at SparkBatch.java:79
26/04/15 00:32:26 INFO BlockManagerInfo: Removed broadcast_10_piece0 on 853e52885e5c:35259 in memory (size: 30.6 KiB, free: 599.8 MiB)
26/04/15 00:32:26 INFO BlockManagerInfo: Removed broadcast_3_piece0 on 853e52885e5c:35259 in memory (size: 30.6 KiB, free: 599.8 MiB)
26/04/15 00:32:26 INFO DAGScheduler: Submitting 1 missing tasks from ResultStage 0 (MapPartitionsRDD[6] at $anonfun$withThreadLocalCaptured$1 at FutureTask.java:264) (first 15 tasks are for partitions Vector(0))
26/04/15 00:32:26 INFO TaskSchedulerImpl: Adding task set 0.0 with 1 tasks resource profile 0
26/04/15 00:32:26 INFO TaskSetManager: Starting task 0.0 in stage 0.0 (TID 0) (853e52885e5c, executor driver, partition 0, PROCESS_LOCAL, 15234 bytes) 
26/04/15 00:32:26 INFO Executor: Running task 0.0 in stage 0.0 (TID 0)
26/04/15 00:32:26 INFO CodeGenerator: Code generated in 78.610159 ms
26/04/15 00:32:27 INFO S3AInputStream: Switching to Random IO seek policy
26/04/15 00:32:27 INFO VectorizedSparkParquetReaders: Enabling arrow.enable_unsafe_memory_access
26/04/15 00:32:27 INFO VectorizedSparkParquetReaders: Disabling arrow.enable_null_check_for_get
26/04/15 00:32:27 INFO BaseAllocator: Debug mode disabled. Enable with the VM option -Darrow.memory.debug.allocator=true.
26/04/15 00:32:27 INFO DefaultAllocationManagerOption: allocation manager type not specified, using netty as the default type
26/04/15 00:32:27 INFO CheckAllocator: Using DefaultAllocationManager at memory/DefaultAllocationManagerFactory.class
26/04/15 00:32:27 INFO CodecPool: Got brand-new decompressor [.zstd]
26/04/15 00:32:28 INFO Executor: Finished task 0.0 in stage 0.0 (TID 0). 63126 bytes result sent to driver
26/04/15 00:32:28 INFO TaskSetManager: Finished task 0.0 in stage 0.0 (TID 0) in 1937 ms on 853e52885e5c (executor driver) (1/1)
26/04/15 00:32:28 INFO TaskSchedulerImpl: Removed TaskSet 0.0, whose tasks have all completed, from pool 
26/04/15 00:32:28 INFO DAGScheduler: ResultStage 0 ($anonfun$withThreadLocalCaptured$1 at FutureTask.java:264) finished in 2.115 s
26/04/15 00:32:28 INFO DAGScheduler: Job 0 is finished. Cancelling potential speculative or zombie tasks for this job
26/04/15 00:32:28 INFO TaskSchedulerImpl: Killing all running tasks in stage 0: Stage finished
26/04/15 00:32:28 INFO DAGScheduler: Job 0 finished: $anonfun$withThreadLocalCaptured$1 at FutureTask.java:264, took 2.203697 s
26/04/15 00:32:28 INFO CodeGenerator: Code generated in 29.179934 ms
26/04/15 00:32:28 INFO MemoryStore: Block broadcast_13 stored as values in memory (estimated size 1063.1 KiB, free 598.5 MiB)
26/04/15 00:32:28 INFO MemoryStore: Block broadcast_13_piece0 stored as bytes in memory (estimated size 75.4 KiB, free 598.4 MiB)
26/04/15 00:32:28 INFO BlockManagerInfo: Added broadcast_13_piece0 in memory on 853e52885e5c:35259 (size: 75.4 KiB, free: 599.7 MiB)
26/04/15 00:32:28 INFO SparkContext: Created broadcast 13 from $anonfun$withThreadLocalCaptured$1 at FutureTask.java:264
26/04/15 00:32:28 INFO MemoryStore: Block broadcast_14 stored as values in memory (estimated size 32.0 KiB, free 598.4 MiB)
26/04/15 00:32:28 INFO MemoryStore: Block broadcast_14_piece0 stored as bytes in memory (estimated size 31.0 KiB, free 598.4 MiB)
26/04/15 00:32:28 INFO BlockManagerInfo: Added broadcast_14_piece0 in memory on 853e52885e5c:35259 (size: 31.0 KiB, free: 599.7 MiB)
26/04/15 00:32:28 INFO SparkContext: Created broadcast 14 from broadcast at SparkBatch.java:79
26/04/15 00:32:28 INFO CodeGenerator: Code generated in 124.536907 ms
26/04/15 00:32:29 INFO DAGScheduler: Registering RDD 13 (sql at NativeMethodAccessorImpl.java:0) as input to shuffle 0
26/04/15 00:32:29 INFO DAGScheduler: Got map stage job 1 (sql at NativeMethodAccessorImpl.java:0) with 2 output partitions
26/04/15 00:32:29 INFO DAGScheduler: Final stage: ShuffleMapStage 1 (sql at NativeMethodAccessorImpl.java:0)
26/04/15 00:32:29 INFO DAGScheduler: Parents of final stage: List()
26/04/15 00:32:29 INFO DAGScheduler: Missing parents: List()
26/04/15 00:32:29 INFO DAGScheduler: Submitting ShuffleMapStage 1 (MapPartitionsRDD[13] at sql at NativeMethodAccessorImpl.java:0), which has no missing parents
26/04/15 00:32:29 INFO MemoryStore: Block broadcast_15 stored as values in memory (estimated size 64.1 KiB, free 598.3 MiB)
26/04/15 00:32:29 INFO MemoryStore: Block broadcast_15_piece0 stored as bytes in memory (estimated size 25.5 KiB, free 598.3 MiB)
26/04/15 00:32:29 INFO BlockManagerInfo: Added broadcast_15_piece0 in memory on 853e52885e5c:35259 (size: 25.5 KiB, free: 599.7 MiB)
26/04/15 00:32:29 INFO SparkContext: Created broadcast 15 from broadcast at DAGScheduler.scala:1585
26/04/15 00:32:29 INFO BlockManagerInfo: Removed broadcast_14_piece0 on 853e52885e5c:35259 in memory (size: 31.0 KiB, free: 599.7 MiB)
26/04/15 00:32:29 INFO DAGScheduler: Submitting 2 missing tasks from ShuffleMapStage 1 (MapPartitionsRDD[13] at sql at NativeMethodAccessorImpl.java:0) (first 15 tasks are for partitions Vector(0, 1))
26/04/15 00:32:29 INFO TaskSchedulerImpl: Adding task set 1.0 with 2 tasks resource profile 0
26/04/15 00:32:29 INFO BlockManagerInfo: Removed broadcast_11_piece0 on 853e52885e5c:35259 in memory (size: 5.7 KiB, free: 599.7 MiB)
26/04/15 00:32:29 INFO TaskSetManager: Starting task 0.0 in stage 1.0 (TID 1) (853e52885e5c, executor driver, partition 0, PROCESS_LOCAL, 16206 bytes) 
26/04/15 00:32:29 INFO Executor: Running task 0.0 in stage 1.0 (TID 1)
26/04/15 00:32:29 INFO CodeGenerator: Code generated in 74.218618 ms
26/04/15 00:32:29 INFO CodeGenerator: Code generated in 15.839902 ms
26/04/15 00:32:29 INFO CodeGenerator: Code generated in 7.924016 ms
26/04/15 00:32:29 INFO CodeGenerator: Code generated in 17.745716 ms
26/04/15 00:32:29 INFO CodeGenerator: Code generated in 38.222133 ms
26/04/15 00:32:29 INFO S3AInputStream: Switching to Random IO seek policy
26/04/15 00:32:29 INFO CodecPool: Got brand-new decompressor [.zstd]

[2026-04-15T00:32:29.703+0000] {taskinstance.py:3311} ERROR - Task failed with exception
Traceback (most recent call last):
  File "/home/airflow/.local/lib/python3.12/site-packages/airflow/models/taskinstance.py", line 762, in _execute_task
    result = _execute_callable(context=context, **execute_callable_kwargs)
             ^^^^^^^^^^^^^^^^^^^^^^^^^^^^^^^^^^^^^^^^^^^^^^^^^^^^^^^^^^^^^
  File "/home/airflow/.local/lib/python3.12/site-packages/airflow/models/taskinstance.py", line 733, in _execute_callable
    return ExecutionCallableRunner(
           ^^^^^^^^^^^^^^^^^^^^^^^^
  File "/home/airflow/.local/lib/python3.12/site-packages/airflow/utils/operator_helpers.py", line 252, in run
    return self.func(*args, **kwargs)
           ^^^^^^^^^^^^^^^^^^^^^^^^^^
  File "/home/airflow/.local/lib/python3.12/site-packages/airflow/models/baseoperator.py", line 417, in wrapper
    return func(self, *args, **kwargs)
           ^^^^^^^^^^^^^^^^^^^^^^^^^^^
  File "/home/airflow/.local/lib/python3.12/site-packages/airflow/operators/python.py", line 238, in execute
    return_value = self.execute_callable()
                   ^^^^^^^^^^^^^^^^^^^^^^^
  File "/home/airflow/.local/lib/python3.12/site-packages/airflow/operators/python.py", line 256, in execute_callable
    return runner.run(*self.op_args, **self.op_kwargs)
           ^^^^^^^^^^^^^^^^^^^^^^^^^^^^^^^^^^^^^^^^^^^
  File "/home/airflow/.local/lib/python3.12/site-packages/airflow/utils/operator_helpers.py", line 252, in run
    return self.func(*args, **kwargs)
           ^^^^^^^^^^^^^^^^^^^^^^^^^^
  File "/opt/airflow/dags/stackoverflow_pipeline.py", line 273, in gold_agg_callable
    raise RuntimeError(f"Spark job failed with return code {result.returncode}")
RuntimeError: Spark job failed with return code -6
[2026-04-15T00:32:29.725+0000] {taskinstance.py:1225} INFO - Marking task as UP_FOR_RETRY. dag_id=stackoverflow_pipeline, task_id=gold_agg, run_id=manual__2026-04-14T23:12:12.535566+00:00, execution_date=20260414T231212, start_date=20260415T003156, end_date=20260415T003229
[2026-04-15T00:32:29.754+0000] {taskinstance.py:340} INFO - ::group::Post task execution logs
[2026-04-15T00:32:29.755+0000] {standard_task_runner.py:124} ERROR - Failed to execute job 14 for task gold_agg (Spark job failed with return code -6; 7664)
Traceback (most recent call last):
  File "/home/airflow/.local/lib/python3.12/site-packages/airflow/task/task_runner/standard_task_runner.py", line 117, in _start_by_fork
    ret = args.func(args, dag=self.dag)
          ^^^^^^^^^^^^^^^^^^^^^^^^^^^^^
  File "/home/airflow/.local/lib/python3.12/site-packages/airflow/cli/cli_config.py", line 49, in command
    return func(*args, **kwargs)
           ^^^^^^^^^^^^^^^^^^^^^
  File "/home/airflow/.local/lib/python3.12/site-packages/airflow/utils/cli.py", line 116, in wrapper
    return f(*args, **kwargs)
           ^^^^^^^^^^^^^^^^^^
  File "/home/airflow/.local/lib/python3.12/site-packages/airflow/cli/commands/task_command.py", line 483, in task_run
    task_return_code = _run_task_by_selected_method(args, _dag, ti)
                       ^^^^^^^^^^^^^^^^^^^^^^^^^^^^^^^^^^^^^^^^^^^^
  File "/home/airflow/.local/lib/python3.12/site-packages/airflow/cli/commands/task_command.py", line 256, in _run_task_by_selected_method
    return _run_raw_task(args, ti)
           ^^^^^^^^^^^^^^^^^^^^^^^
  File "/home/airflow/.local/lib/python3.12/site-packages/airflow/cli/commands/task_command.py", line 341, in _run_raw_task
    return ti._run_raw_task(
           ^^^^^^^^^^^^^^^^^
  File "/home/airflow/.local/lib/python3.12/site-packages/airflow/utils/session.py", line 97, in wrapper
    return func(*args, session=session, **kwargs)
           ^^^^^^^^^^^^^^^^^^^^^^^^^^^^^^^^^^^^^^
  File "/home/airflow/.local/lib/python3.12/site-packages/airflow/models/taskinstance.py", line 3005, in _run_raw_task
    return _run_raw_task(
           ^^^^^^^^^^^^^^
  File "/home/airflow/.local/lib/python3.12/site-packages/airflow/models/taskinstance.py", line 273, in _run_raw_task
    TaskInstance._execute_task_with_callbacks(
  File "/home/airflow/.local/lib/python3.12/site-packages/airflow/models/taskinstance.py", line 3159, in _execute_task_with_callbacks
    result = self._execute_task(context, task_orig)
             ^^^^^^^^^^^^^^^^^^^^^^^^^^^^^^^^^^^^^^
  File "/home/airflow/.local/lib/python3.12/site-packages/airflow/models/taskinstance.py", line 3183, in _execute_task
    return _execute_task(self, context, task_orig)
           ^^^^^^^^^^^^^^^^^^^^^^^^^^^^^^^^^^^^^^^
  File "/home/airflow/.local/lib/python3.12/site-packages/airflow/models/taskinstance.py", line 762, in _execute_task
    result = _execute_callable(context=context, **execute_callable_kwargs)
             ^^^^^^^^^^^^^^^^^^^^^^^^^^^^^^^^^^^^^^^^^^^^^^^^^^^^^^^^^^^^^
  File "/home/airflow/.local/lib/python3.12/site-packages/airflow/models/taskinstance.py", line 733, in _execute_callable
    return ExecutionCallableRunner(
           ^^^^^^^^^^^^^^^^^^^^^^^^
  File "/home/airflow/.local/lib/python3.12/site-packages/airflow/utils/operator_helpers.py", line 252, in run
    return self.func(*args, **kwargs)
           ^^^^^^^^^^^^^^^^^^^^^^^^^^
  File "/home/airflow/.local/lib/python3.12/site-packages/airflow/models/baseoperator.py", line 417, in wrapper
    return func(self, *args, **kwargs)
           ^^^^^^^^^^^^^^^^^^^^^^^^^^^
  File "/home/airflow/.local/lib/python3.12/site-packages/airflow/operators/python.py", line 238, in execute
    return_value = self.execute_callable()
                   ^^^^^^^^^^^^^^^^^^^^^^^
  File "/home/airflow/.local/lib/python3.12/site-packages/airflow/operators/python.py", line 256, in execute_callable
    return runner.run(*self.op_args, **self.op_kwargs)
           ^^^^^^^^^^^^^^^^^^^^^^^^^^^^^^^^^^^^^^^^^^^
  File "/home/airflow/.local/lib/python3.12/site-packages/airflow/utils/operator_helpers.py", line 252, in run
    return self.func(*args, **kwargs)
           ^^^^^^^^^^^^^^^^^^^^^^^^^^
  File "/opt/airflow/dags/stackoverflow_pipeline.py", line 273, in gold_agg_callable
    raise RuntimeError(f"Spark job failed with return code {result.returncode}")
RuntimeError: Spark job failed with return code -6
[2026-04-15T00:32:29.791+0000] {local_task_job_runner.py:266} INFO - Task exited with return code 1
[2026-04-15T00:32:29.814+0000] {taskinstance.py:3895} INFO - 0 downstream tasks scheduled from follow-on schedule check
[2026-04-15T00:32:29.819+0000] {local_task_job_runner.py:245} INFO - ::endgroup::
